[2024-08-04T23:50:03.757+0000] {local_task_job_runner.py:120} INFO - ::group::Pre task execution logs
[2024-08-04T23:50:03.782+0000] {taskinstance.py:2076} INFO - Dependencies all met for dep_context=non-requeueable deps ti=<TaskInstance: ingest_api_data.ingest_data scheduled__2024-08-04T23:40:00+00:00 [queued]>
[2024-08-04T23:50:03.789+0000] {taskinstance.py:2076} INFO - Dependencies all met for dep_context=requeueable deps ti=<TaskInstance: ingest_api_data.ingest_data scheduled__2024-08-04T23:40:00+00:00 [queued]>
[2024-08-04T23:50:03.790+0000] {taskinstance.py:2306} INFO - Starting attempt 1 of 6
[2024-08-04T23:50:03.800+0000] {taskinstance.py:2330} INFO - Executing <Task(PythonOperator): ingest_data> on 2024-08-04 23:40:00+00:00
[2024-08-04T23:50:03.809+0000] {standard_task_runner.py:90} INFO - Running: ['***', 'tasks', 'run', 'ingest_api_data', 'ingest_data', 'scheduled__2024-08-04T23:40:00+00:00', '--job-id', '122', '--raw', '--subdir', 'DAGS_FOLDER/ingest_api_data.py', '--cfg-path', '/tmp/tmpj_pkv4pb']
[2024-08-04T23:50:03.811+0000] {standard_task_runner.py:91} INFO - Job 122: Subtask ingest_data
[2024-08-04T23:50:03.812+0000] {logging_mixin.py:188} WARNING - /home/***/.local/lib/python3.12/site-packages/***/task/task_runner/standard_task_runner.py:62 DeprecationWarning: This process (pid=10264) is multi-threaded, use of fork() may lead to deadlocks in the child.
[2024-08-04T23:50:03.813+0000] {standard_task_runner.py:64} INFO - Started process 10266 to run task
[2024-08-04T23:50:03.849+0000] {task_command.py:426} INFO - Running <TaskInstance: ingest_api_data.ingest_data scheduled__2024-08-04T23:40:00+00:00 [running]> on host 52830206e1a2
[2024-08-04T23:50:03.923+0000] {taskinstance.py:2648} INFO - Exporting env vars: AIRFLOW_CTX_DAG_EMAIL='MS_sIX2Rm@somosyoung.com.br' AIRFLOW_CTX_DAG_OWNER='***' AIRFLOW_CTX_DAG_ID='ingest_api_data' AIRFLOW_CTX_TASK_ID='ingest_data' AIRFLOW_CTX_EXECUTION_DATE='2024-08-04T23:40:00+00:00' AIRFLOW_CTX_TRY_NUMBER='1' AIRFLOW_CTX_DAG_RUN_ID='scheduled__2024-08-04T23:40:00+00:00'
[2024-08-04T23:50:03.925+0000] {taskinstance.py:430} INFO - ::endgroup::
[2024-08-04T23:50:03.936+0000] {base.py:84} INFO - Using connection ID 'postgres' for task execution.
[2024-08-04T23:50:03.941+0000] {ingest_api_data.py:95} INFO - Fazendo requisição para a API com idahoy = 1811657
[2024-08-04T23:50:04.458+0000] {ingest_api_data.py:114} INFO - Requisição bem-sucedida
[2024-08-04T23:50:04.463+0000] {ingest_api_data.py:122} INFO - Número de registros recebidos: 1000
[2024-08-04T23:50:04.644+0000] {ingest_api_data.py:131} INFO - Atualizando last_idahoy para: 1812657
[2024-08-04T23:50:04.644+0000] {ingest_api_data.py:95} INFO - Fazendo requisição para a API com idahoy = 1812657
[2024-08-04T23:50:05.100+0000] {ingest_api_data.py:114} INFO - Requisição bem-sucedida
[2024-08-04T23:50:05.106+0000] {ingest_api_data.py:122} INFO - Número de registros recebidos: 1000
[2024-08-04T23:50:05.279+0000] {ingest_api_data.py:131} INFO - Atualizando last_idahoy para: 1813657
[2024-08-04T23:50:05.279+0000] {ingest_api_data.py:95} INFO - Fazendo requisição para a API com idahoy = 1813657
[2024-08-04T23:50:05.777+0000] {ingest_api_data.py:114} INFO - Requisição bem-sucedida
[2024-08-04T23:50:05.782+0000] {ingest_api_data.py:122} INFO - Número de registros recebidos: 1000
[2024-08-04T23:50:05.962+0000] {ingest_api_data.py:131} INFO - Atualizando last_idahoy para: 1814657
[2024-08-04T23:50:05.963+0000] {ingest_api_data.py:95} INFO - Fazendo requisição para a API com idahoy = 1814657
[2024-08-04T23:50:06.484+0000] {ingest_api_data.py:114} INFO - Requisição bem-sucedida
[2024-08-04T23:50:06.490+0000] {ingest_api_data.py:122} INFO - Número de registros recebidos: 1000
[2024-08-04T23:50:06.668+0000] {ingest_api_data.py:131} INFO - Atualizando last_idahoy para: 1815657
[2024-08-04T23:50:06.669+0000] {ingest_api_data.py:95} INFO - Fazendo requisição para a API com idahoy = 1815657
[2024-08-04T23:50:07.161+0000] {ingest_api_data.py:114} INFO - Requisição bem-sucedida
[2024-08-04T23:50:07.165+0000] {ingest_api_data.py:122} INFO - Número de registros recebidos: 1000
[2024-08-04T23:50:07.341+0000] {ingest_api_data.py:131} INFO - Atualizando last_idahoy para: 1816657
[2024-08-04T23:50:07.342+0000] {ingest_api_data.py:95} INFO - Fazendo requisição para a API com idahoy = 1816657
[2024-08-04T23:50:07.781+0000] {ingest_api_data.py:114} INFO - Requisição bem-sucedida
[2024-08-04T23:50:07.785+0000] {ingest_api_data.py:122} INFO - Número de registros recebidos: 1000
[2024-08-04T23:50:07.959+0000] {ingest_api_data.py:131} INFO - Atualizando last_idahoy para: 1817657
[2024-08-04T23:50:07.960+0000] {ingest_api_data.py:95} INFO - Fazendo requisição para a API com idahoy = 1817657
[2024-08-04T23:50:08.361+0000] {ingest_api_data.py:114} INFO - Requisição bem-sucedida
[2024-08-04T23:50:08.366+0000] {ingest_api_data.py:122} INFO - Número de registros recebidos: 1000
[2024-08-04T23:50:08.540+0000] {ingest_api_data.py:131} INFO - Atualizando last_idahoy para: 1818657
[2024-08-04T23:50:08.541+0000] {ingest_api_data.py:95} INFO - Fazendo requisição para a API com idahoy = 1818657
[2024-08-04T23:50:09.022+0000] {ingest_api_data.py:114} INFO - Requisição bem-sucedida
[2024-08-04T23:50:09.026+0000] {ingest_api_data.py:122} INFO - Número de registros recebidos: 1000
[2024-08-04T23:50:09.199+0000] {ingest_api_data.py:131} INFO - Atualizando last_idahoy para: 1819657
[2024-08-04T23:50:09.200+0000] {ingest_api_data.py:95} INFO - Fazendo requisição para a API com idahoy = 1819657
[2024-08-04T23:50:09.746+0000] {ingest_api_data.py:114} INFO - Requisição bem-sucedida
[2024-08-04T23:50:09.751+0000] {ingest_api_data.py:122} INFO - Número de registros recebidos: 1000
[2024-08-04T23:50:09.929+0000] {ingest_api_data.py:131} INFO - Atualizando last_idahoy para: 1820657
[2024-08-04T23:50:09.930+0000] {ingest_api_data.py:95} INFO - Fazendo requisição para a API com idahoy = 1820657
[2024-08-04T23:50:10.482+0000] {ingest_api_data.py:114} INFO - Requisição bem-sucedida
[2024-08-04T23:50:10.488+0000] {ingest_api_data.py:122} INFO - Número de registros recebidos: 1000
[2024-08-04T23:50:10.670+0000] {ingest_api_data.py:131} INFO - Atualizando last_idahoy para: 1821657
[2024-08-04T23:50:10.671+0000] {ingest_api_data.py:95} INFO - Fazendo requisição para a API com idahoy = 1821657
[2024-08-04T23:50:11.125+0000] {ingest_api_data.py:114} INFO - Requisição bem-sucedida
[2024-08-04T23:50:11.130+0000] {ingest_api_data.py:122} INFO - Número de registros recebidos: 1000
[2024-08-04T23:50:11.303+0000] {ingest_api_data.py:131} INFO - Atualizando last_idahoy para: 1822657
[2024-08-04T23:50:11.303+0000] {ingest_api_data.py:95} INFO - Fazendo requisição para a API com idahoy = 1822657
[2024-08-04T23:50:11.757+0000] {ingest_api_data.py:114} INFO - Requisição bem-sucedida
[2024-08-04T23:50:11.762+0000] {ingest_api_data.py:122} INFO - Número de registros recebidos: 1000
[2024-08-04T23:50:11.942+0000] {ingest_api_data.py:131} INFO - Atualizando last_idahoy para: 1823657
[2024-08-04T23:50:11.943+0000] {ingest_api_data.py:95} INFO - Fazendo requisição para a API com idahoy = 1823657
[2024-08-04T23:50:12.385+0000] {ingest_api_data.py:114} INFO - Requisição bem-sucedida
[2024-08-04T23:50:12.391+0000] {ingest_api_data.py:122} INFO - Número de registros recebidos: 1000
[2024-08-04T23:50:12.597+0000] {ingest_api_data.py:131} INFO - Atualizando last_idahoy para: 1824657
[2024-08-04T23:50:12.597+0000] {ingest_api_data.py:95} INFO - Fazendo requisição para a API com idahoy = 1824657
[2024-08-04T23:50:13.068+0000] {ingest_api_data.py:114} INFO - Requisição bem-sucedida
[2024-08-04T23:50:13.073+0000] {ingest_api_data.py:122} INFO - Número de registros recebidos: 1000
[2024-08-04T23:50:13.250+0000] {ingest_api_data.py:131} INFO - Atualizando last_idahoy para: 1825657
[2024-08-04T23:50:13.250+0000] {ingest_api_data.py:95} INFO - Fazendo requisição para a API com idahoy = 1825657
[2024-08-04T23:50:13.743+0000] {ingest_api_data.py:114} INFO - Requisição bem-sucedida
[2024-08-04T23:50:13.748+0000] {ingest_api_data.py:122} INFO - Número de registros recebidos: 1000
[2024-08-04T23:50:13.934+0000] {ingest_api_data.py:131} INFO - Atualizando last_idahoy para: 1826657
[2024-08-04T23:50:13.934+0000] {ingest_api_data.py:95} INFO - Fazendo requisição para a API com idahoy = 1826657
[2024-08-04T23:50:14.436+0000] {ingest_api_data.py:114} INFO - Requisição bem-sucedida
[2024-08-04T23:50:14.440+0000] {ingest_api_data.py:122} INFO - Número de registros recebidos: 1000
[2024-08-04T23:50:14.617+0000] {ingest_api_data.py:131} INFO - Atualizando last_idahoy para: 1827657
[2024-08-04T23:50:14.617+0000] {ingest_api_data.py:95} INFO - Fazendo requisição para a API com idahoy = 1827657
[2024-08-04T23:50:15.211+0000] {ingest_api_data.py:114} INFO - Requisição bem-sucedida
[2024-08-04T23:50:15.215+0000] {ingest_api_data.py:122} INFO - Número de registros recebidos: 1000
[2024-08-04T23:50:15.393+0000] {ingest_api_data.py:131} INFO - Atualizando last_idahoy para: 1828657
[2024-08-04T23:50:15.393+0000] {ingest_api_data.py:95} INFO - Fazendo requisição para a API com idahoy = 1828657
[2024-08-04T23:50:15.562+0000] {ingest_api_data.py:114} INFO - Requisição bem-sucedida
[2024-08-04T23:50:15.563+0000] {ingest_api_data.py:122} INFO - Número de registros recebidos: 99
[2024-08-04T23:50:15.581+0000] {ingest_api_data.py:131} INFO - Atualizando last_idahoy para: 1828756
[2024-08-04T23:50:15.581+0000] {ingest_api_data.py:95} INFO - Fazendo requisição para a API com idahoy = 1828756
[2024-08-04T23:50:15.673+0000] {ingest_api_data.py:108} ERROR - HTTP error occurred: 401 Client Error: Unauthorized for url: https://app.alunos.me/api/ahoy_viewer_ti
[2024-08-04T23:50:15.675+0000] {ingest_api_data.py:136} INFO - Dados inseridos com sucesso e conexão com o banco de dados fechada.
[2024-08-04T23:50:15.676+0000] {python.py:237} INFO - Done. Returned value was: None
[2024-08-04T23:50:15.676+0000] {taskinstance.py:441} INFO - ::group::Post task execution logs
[2024-08-04T23:50:15.684+0000] {taskinstance.py:1206} INFO - Marking task as SUCCESS. dag_id=ingest_api_data, task_id=ingest_data, run_id=scheduled__2024-08-04T23:40:00+00:00, execution_date=20240804T234000, start_date=20240804T235003, end_date=20240804T235015
[2024-08-04T23:50:15.728+0000] {local_task_job_runner.py:243} INFO - Task exited with return code 0
[2024-08-04T23:50:15.745+0000] {taskinstance.py:3503} INFO - 1 downstream tasks scheduled from follow-on schedule check
[2024-08-04T23:50:15.747+0000] {local_task_job_runner.py:222} INFO - ::endgroup::
