[2024-08-04T23:50:16.813+0000] {local_task_job_runner.py:120} INFO - ::group::Pre task execution logs
[2024-08-04T23:50:16.841+0000] {taskinstance.py:2076} INFO - Dependencies all met for dep_context=non-requeueable deps ti=<TaskInstance: ingest_api_data.transfer_to_dw scheduled__2024-08-04T23:40:00+00:00 [queued]>
[2024-08-04T23:50:16.848+0000] {taskinstance.py:2076} INFO - Dependencies all met for dep_context=requeueable deps ti=<TaskInstance: ingest_api_data.transfer_to_dw scheduled__2024-08-04T23:40:00+00:00 [queued]>
[2024-08-04T23:50:16.848+0000] {taskinstance.py:2306} INFO - Starting attempt 1 of 6
[2024-08-04T23:50:16.860+0000] {taskinstance.py:2330} INFO - Executing <Task(PythonOperator): transfer_to_dw> on 2024-08-04 23:40:00+00:00
[2024-08-04T23:50:16.868+0000] {standard_task_runner.py:90} INFO - Running: ['***', 'tasks', 'run', 'ingest_api_data', 'transfer_to_dw', 'scheduled__2024-08-04T23:40:00+00:00', '--job-id', '123', '--raw', '--subdir', 'DAGS_FOLDER/ingest_api_data.py', '--cfg-path', '/tmp/tmpmvfyxetk']
[2024-08-04T23:50:16.870+0000] {standard_task_runner.py:91} INFO - Job 123: Subtask transfer_to_dw
[2024-08-04T23:50:16.872+0000] {logging_mixin.py:188} WARNING - /home/***/.local/lib/python3.12/site-packages/***/task/task_runner/standard_task_runner.py:62 DeprecationWarning: This process (pid=10286) is multi-threaded, use of fork() may lead to deadlocks in the child.
[2024-08-04T23:50:16.872+0000] {standard_task_runner.py:64} INFO - Started process 10290 to run task
[2024-08-04T23:50:16.913+0000] {task_command.py:426} INFO - Running <TaskInstance: ingest_api_data.transfer_to_dw scheduled__2024-08-04T23:40:00+00:00 [running]> on host 52830206e1a2
[2024-08-04T23:50:16.991+0000] {taskinstance.py:2648} INFO - Exporting env vars: AIRFLOW_CTX_DAG_EMAIL='MS_sIX2Rm@somosyoung.com.br' AIRFLOW_CTX_DAG_OWNER='***' AIRFLOW_CTX_DAG_ID='ingest_api_data' AIRFLOW_CTX_TASK_ID='transfer_to_dw' AIRFLOW_CTX_EXECUTION_DATE='2024-08-04T23:40:00+00:00' AIRFLOW_CTX_TRY_NUMBER='1' AIRFLOW_CTX_DAG_RUN_ID='scheduled__2024-08-04T23:40:00+00:00'
[2024-08-04T23:50:16.994+0000] {taskinstance.py:430} INFO - ::endgroup::
[2024-08-04T23:50:17.006+0000] {base.py:84} INFO - Using connection ID 'postgres' for task execution.
[2024-08-04T23:50:17.019+0000] {base.py:84} INFO - Using connection ID 'postgres_dw' for task execution.
[2024-08-04T23:51:46.516+0000] {python.py:237} INFO - Done. Returned value was: None
[2024-08-04T23:51:46.517+0000] {taskinstance.py:441} INFO - ::group::Post task execution logs
[2024-08-04T23:51:46.526+0000] {taskinstance.py:1206} INFO - Marking task as SUCCESS. dag_id=ingest_api_data, task_id=transfer_to_dw, run_id=scheduled__2024-08-04T23:40:00+00:00, execution_date=20240804T234000, start_date=20240804T235016, end_date=20240804T235146
[2024-08-04T23:51:46.595+0000] {local_task_job_runner.py:243} INFO - Task exited with return code 0
[2024-08-04T23:51:46.609+0000] {taskinstance.py:3503} INFO - 0 downstream tasks scheduled from follow-on schedule check
[2024-08-04T23:51:46.610+0000] {local_task_job_runner.py:222} INFO - ::endgroup::
