[2024-08-04T23:31:34.964+0000] {local_task_job_runner.py:120} INFO - ::group::Pre task execution logs
[2024-08-04T23:31:34.999+0000] {taskinstance.py:2076} INFO - Dependencies all met for dep_context=non-requeueable deps ti=<TaskInstance: ingest_api_data.ingest_data scheduled__2024-08-04T23:10:00+00:00 [queued]>
[2024-08-04T23:31:35.008+0000] {taskinstance.py:2076} INFO - Dependencies all met for dep_context=requeueable deps ti=<TaskInstance: ingest_api_data.ingest_data scheduled__2024-08-04T23:10:00+00:00 [queued]>
[2024-08-04T23:31:35.010+0000] {taskinstance.py:2306} INFO - Starting attempt 1 of 6
[2024-08-04T23:31:35.027+0000] {taskinstance.py:2330} INFO - Executing <Task(PythonOperator): ingest_data> on 2024-08-04 23:10:00+00:00
[2024-08-04T23:31:35.038+0000] {standard_task_runner.py:90} INFO - Running: ['***', 'tasks', 'run', 'ingest_api_data', 'ingest_data', 'scheduled__2024-08-04T23:10:00+00:00', '--job-id', '114', '--raw', '--subdir', 'DAGS_FOLDER/ingest_api_data.py', '--cfg-path', '/tmp/tmp9nn153i1']
[2024-08-04T23:31:35.041+0000] {standard_task_runner.py:91} INFO - Job 114: Subtask ingest_data
[2024-08-04T23:31:35.041+0000] {logging_mixin.py:188} WARNING - /home/***/.local/lib/python3.12/site-packages/***/task/task_runner/standard_task_runner.py:62 DeprecationWarning: This process (pid=277) is multi-threaded, use of fork() may lead to deadlocks in the child.
[2024-08-04T23:31:35.042+0000] {standard_task_runner.py:64} INFO - Started process 331 to run task
[2024-08-04T23:31:35.094+0000] {task_command.py:426} INFO - Running <TaskInstance: ingest_api_data.ingest_data scheduled__2024-08-04T23:10:00+00:00 [running]> on host 52830206e1a2
[2024-08-04T23:31:35.197+0000] {taskinstance.py:2648} INFO - Exporting env vars: AIRFLOW_CTX_DAG_EMAIL='MS_sIX2Rm@somosyoung.com.br' AIRFLOW_CTX_DAG_OWNER='***' AIRFLOW_CTX_DAG_ID='ingest_api_data' AIRFLOW_CTX_TASK_ID='ingest_data' AIRFLOW_CTX_EXECUTION_DATE='2024-08-04T23:10:00+00:00' AIRFLOW_CTX_TRY_NUMBER='1' AIRFLOW_CTX_DAG_RUN_ID='scheduled__2024-08-04T23:10:00+00:00'
[2024-08-04T23:31:35.200+0000] {taskinstance.py:430} INFO - ::endgroup::
[2024-08-04T23:31:35.215+0000] {base.py:84} INFO - Using connection ID 'postgres' for task execution.
[2024-08-04T23:31:35.222+0000] {ingest_api_data.py:95} INFO - Fazendo requisição para a API com idahoy = 1811657
[2024-08-04T23:31:35.920+0000] {ingest_api_data.py:114} INFO - Requisição bem-sucedida
[2024-08-04T23:31:35.930+0000] {ingest_api_data.py:122} INFO - Número de registros recebidos: 1000
[2024-08-04T23:31:36.155+0000] {ingest_api_data.py:131} INFO - Atualizando last_idahoy para: 1812657
[2024-08-04T23:31:36.156+0000] {ingest_api_data.py:95} INFO - Fazendo requisição para a API com idahoy = 1812657
[2024-08-04T23:31:36.743+0000] {ingest_api_data.py:114} INFO - Requisição bem-sucedida
[2024-08-04T23:31:36.750+0000] {ingest_api_data.py:122} INFO - Número de registros recebidos: 1000
[2024-08-04T23:31:36.997+0000] {ingest_api_data.py:131} INFO - Atualizando last_idahoy para: 1813657
[2024-08-04T23:31:36.998+0000] {ingest_api_data.py:95} INFO - Fazendo requisição para a API com idahoy = 1813657
[2024-08-04T23:31:37.604+0000] {ingest_api_data.py:114} INFO - Requisição bem-sucedida
[2024-08-04T23:31:37.611+0000] {ingest_api_data.py:122} INFO - Número de registros recebidos: 1000
[2024-08-04T23:31:37.866+0000] {ingest_api_data.py:131} INFO - Atualizando last_idahoy para: 1814657
[2024-08-04T23:31:37.867+0000] {ingest_api_data.py:95} INFO - Fazendo requisição para a API com idahoy = 1814657
[2024-08-04T23:31:38.456+0000] {ingest_api_data.py:114} INFO - Requisição bem-sucedida
[2024-08-04T23:31:38.462+0000] {ingest_api_data.py:122} INFO - Número de registros recebidos: 1000
[2024-08-04T23:31:38.676+0000] {ingest_api_data.py:131} INFO - Atualizando last_idahoy para: 1815657
[2024-08-04T23:31:38.677+0000] {ingest_api_data.py:95} INFO - Fazendo requisição para a API com idahoy = 1815657
[2024-08-04T23:31:39.179+0000] {ingest_api_data.py:114} INFO - Requisição bem-sucedida
[2024-08-04T23:31:39.184+0000] {ingest_api_data.py:122} INFO - Número de registros recebidos: 1000
[2024-08-04T23:31:39.382+0000] {ingest_api_data.py:131} INFO - Atualizando last_idahoy para: 1816657
[2024-08-04T23:31:39.382+0000] {ingest_api_data.py:95} INFO - Fazendo requisição para a API com idahoy = 1816657
[2024-08-04T23:31:39.884+0000] {ingest_api_data.py:114} INFO - Requisição bem-sucedida
[2024-08-04T23:31:39.889+0000] {ingest_api_data.py:122} INFO - Número de registros recebidos: 1000
[2024-08-04T23:31:40.088+0000] {ingest_api_data.py:131} INFO - Atualizando last_idahoy para: 1817657
[2024-08-04T23:31:40.089+0000] {ingest_api_data.py:95} INFO - Fazendo requisição para a API com idahoy = 1817657
[2024-08-04T23:31:40.534+0000] {ingest_api_data.py:114} INFO - Requisição bem-sucedida
[2024-08-04T23:31:40.538+0000] {ingest_api_data.py:122} INFO - Número de registros recebidos: 1000
[2024-08-04T23:31:40.743+0000] {ingest_api_data.py:131} INFO - Atualizando last_idahoy para: 1818657
[2024-08-04T23:31:40.744+0000] {ingest_api_data.py:95} INFO - Fazendo requisição para a API com idahoy = 1818657
[2024-08-04T23:31:41.190+0000] {ingest_api_data.py:114} INFO - Requisição bem-sucedida
[2024-08-04T23:31:41.196+0000] {ingest_api_data.py:122} INFO - Número de registros recebidos: 1000
[2024-08-04T23:31:41.402+0000] {ingest_api_data.py:131} INFO - Atualizando last_idahoy para: 1819657
[2024-08-04T23:31:41.403+0000] {ingest_api_data.py:95} INFO - Fazendo requisição para a API com idahoy = 1819657
[2024-08-04T23:31:41.856+0000] {ingest_api_data.py:114} INFO - Requisição bem-sucedida
[2024-08-04T23:31:41.861+0000] {ingest_api_data.py:122} INFO - Número de registros recebidos: 1000
[2024-08-04T23:31:42.065+0000] {ingest_api_data.py:131} INFO - Atualizando last_idahoy para: 1820657
[2024-08-04T23:31:42.065+0000] {ingest_api_data.py:95} INFO - Fazendo requisição para a API com idahoy = 1820657
[2024-08-04T23:31:42.474+0000] {ingest_api_data.py:114} INFO - Requisição bem-sucedida
[2024-08-04T23:31:42.478+0000] {ingest_api_data.py:122} INFO - Número de registros recebidos: 1000
[2024-08-04T23:31:42.686+0000] {ingest_api_data.py:131} INFO - Atualizando last_idahoy para: 1821657
[2024-08-04T23:31:42.687+0000] {ingest_api_data.py:95} INFO - Fazendo requisição para a API com idahoy = 1821657
[2024-08-04T23:31:43.143+0000] {ingest_api_data.py:114} INFO - Requisição bem-sucedida
[2024-08-04T23:31:43.148+0000] {ingest_api_data.py:122} INFO - Número de registros recebidos: 1000
[2024-08-04T23:31:43.348+0000] {ingest_api_data.py:131} INFO - Atualizando last_idahoy para: 1822657
[2024-08-04T23:31:43.349+0000] {ingest_api_data.py:95} INFO - Fazendo requisição para a API com idahoy = 1822657
[2024-08-04T23:31:43.750+0000] {ingest_api_data.py:114} INFO - Requisição bem-sucedida
[2024-08-04T23:31:43.754+0000] {ingest_api_data.py:122} INFO - Número de registros recebidos: 1000
[2024-08-04T23:31:43.951+0000] {ingest_api_data.py:131} INFO - Atualizando last_idahoy para: 1823657
[2024-08-04T23:31:43.951+0000] {ingest_api_data.py:95} INFO - Fazendo requisição para a API com idahoy = 1823657
[2024-08-04T23:31:44.423+0000] {ingest_api_data.py:114} INFO - Requisição bem-sucedida
[2024-08-04T23:31:44.427+0000] {ingest_api_data.py:122} INFO - Número de registros recebidos: 1000
[2024-08-04T23:31:44.631+0000] {ingest_api_data.py:131} INFO - Atualizando last_idahoy para: 1824657
[2024-08-04T23:31:44.632+0000] {ingest_api_data.py:95} INFO - Fazendo requisição para a API com idahoy = 1824657
[2024-08-04T23:31:45.070+0000] {ingest_api_data.py:114} INFO - Requisição bem-sucedida
[2024-08-04T23:31:45.075+0000] {ingest_api_data.py:122} INFO - Número de registros recebidos: 1000
[2024-08-04T23:31:45.307+0000] {ingest_api_data.py:131} INFO - Atualizando last_idahoy para: 1825657
[2024-08-04T23:31:45.308+0000] {ingest_api_data.py:95} INFO - Fazendo requisição para a API com idahoy = 1825657
[2024-08-04T23:31:45.746+0000] {ingest_api_data.py:114} INFO - Requisição bem-sucedida
[2024-08-04T23:31:45.751+0000] {ingest_api_data.py:122} INFO - Número de registros recebidos: 1000
[2024-08-04T23:31:45.948+0000] {ingest_api_data.py:131} INFO - Atualizando last_idahoy para: 1826657
[2024-08-04T23:31:45.948+0000] {ingest_api_data.py:95} INFO - Fazendo requisição para a API com idahoy = 1826657
[2024-08-04T23:31:46.367+0000] {ingest_api_data.py:114} INFO - Requisição bem-sucedida
[2024-08-04T23:31:46.372+0000] {ingest_api_data.py:122} INFO - Número de registros recebidos: 1000
[2024-08-04T23:31:46.574+0000] {ingest_api_data.py:131} INFO - Atualizando last_idahoy para: 1827657
[2024-08-04T23:31:46.575+0000] {ingest_api_data.py:95} INFO - Fazendo requisição para a API com idahoy = 1827657
[2024-08-04T23:31:47.092+0000] {ingest_api_data.py:114} INFO - Requisição bem-sucedida
[2024-08-04T23:31:47.096+0000] {ingest_api_data.py:122} INFO - Número de registros recebidos: 1000
[2024-08-04T23:31:47.302+0000] {ingest_api_data.py:131} INFO - Atualizando last_idahoy para: 1828657
[2024-08-04T23:31:47.302+0000] {ingest_api_data.py:95} INFO - Fazendo requisição para a API com idahoy = 1828657
[2024-08-04T23:31:47.464+0000] {ingest_api_data.py:114} INFO - Requisição bem-sucedida
[2024-08-04T23:31:47.466+0000] {ingest_api_data.py:122} INFO - Número de registros recebidos: 88
[2024-08-04T23:31:47.485+0000] {ingest_api_data.py:131} INFO - Atualizando last_idahoy para: 1828745
[2024-08-04T23:31:47.486+0000] {ingest_api_data.py:95} INFO - Fazendo requisição para a API com idahoy = 1828745
[2024-08-04T23:31:47.588+0000] {ingest_api_data.py:108} ERROR - HTTP error occurred: 401 Client Error: Unauthorized for url: https://app.alunos.me/api/ahoy_viewer_ti
[2024-08-04T23:31:47.591+0000] {ingest_api_data.py:136} INFO - Dados inseridos com sucesso e conexão com o banco de dados fechada.
[2024-08-04T23:31:47.592+0000] {python.py:237} INFO - Done. Returned value was: None
[2024-08-04T23:31:47.592+0000] {taskinstance.py:441} INFO - ::group::Post task execution logs
[2024-08-04T23:31:47.601+0000] {taskinstance.py:1206} INFO - Marking task as SUCCESS. dag_id=ingest_api_data, task_id=ingest_data, run_id=scheduled__2024-08-04T23:10:00+00:00, execution_date=20240804T231000, start_date=20240804T233134, end_date=20240804T233147
[2024-08-04T23:31:47.652+0000] {local_task_job_runner.py:243} INFO - Task exited with return code 0
[2024-08-04T23:31:47.670+0000] {taskinstance.py:3503} INFO - 1 downstream tasks scheduled from follow-on schedule check
[2024-08-04T23:31:47.672+0000] {local_task_job_runner.py:222} INFO - ::endgroup::
