[2024-08-05T00:00:03.514+0000] {local_task_job_runner.py:120} INFO - ::group::Pre task execution logs
[2024-08-05T00:00:03.539+0000] {taskinstance.py:2076} INFO - Dependencies all met for dep_context=non-requeueable deps ti=<TaskInstance: ingest_api_data.ingest_data scheduled__2024-08-04T23:50:00+00:00 [queued]>
[2024-08-05T00:00:03.545+0000] {taskinstance.py:2076} INFO - Dependencies all met for dep_context=requeueable deps ti=<TaskInstance: ingest_api_data.ingest_data scheduled__2024-08-04T23:50:00+00:00 [queued]>
[2024-08-05T00:00:03.545+0000] {taskinstance.py:2306} INFO - Starting attempt 1 of 6
[2024-08-05T00:00:03.554+0000] {taskinstance.py:2330} INFO - Executing <Task(PythonOperator): ingest_data> on 2024-08-04 23:50:00+00:00
[2024-08-05T00:00:03.562+0000] {standard_task_runner.py:90} INFO - Running: ['***', 'tasks', 'run', 'ingest_api_data', 'ingest_data', 'scheduled__2024-08-04T23:50:00+00:00', '--job-id', '125', '--raw', '--subdir', 'DAGS_FOLDER/ingest_api_data.py', '--cfg-path', '/tmp/tmp7glxwvit']
[2024-08-05T00:00:03.564+0000] {standard_task_runner.py:91} INFO - Job 125: Subtask ingest_data
[2024-08-05T00:00:03.565+0000] {logging_mixin.py:188} WARNING - /home/***/.local/lib/python3.12/site-packages/***/task/task_runner/standard_task_runner.py:62 DeprecationWarning: This process (pid=15655) is multi-threaded, use of fork() may lead to deadlocks in the child.
[2024-08-05T00:00:03.565+0000] {standard_task_runner.py:64} INFO - Started process 15692 to run task
[2024-08-05T00:00:03.601+0000] {task_command.py:426} INFO - Running <TaskInstance: ingest_api_data.ingest_data scheduled__2024-08-04T23:50:00+00:00 [running]> on host 52830206e1a2
[2024-08-05T00:00:03.668+0000] {taskinstance.py:2648} INFO - Exporting env vars: AIRFLOW_CTX_DAG_EMAIL='MS_sIX2Rm@somosyoung.com.br' AIRFLOW_CTX_DAG_OWNER='***' AIRFLOW_CTX_DAG_ID='ingest_api_data' AIRFLOW_CTX_TASK_ID='ingest_data' AIRFLOW_CTX_EXECUTION_DATE='2024-08-04T23:50:00+00:00' AIRFLOW_CTX_TRY_NUMBER='1' AIRFLOW_CTX_DAG_RUN_ID='scheduled__2024-08-04T23:50:00+00:00'
[2024-08-05T00:00:03.669+0000] {taskinstance.py:430} INFO - ::endgroup::
[2024-08-05T00:00:03.681+0000] {base.py:84} INFO - Using connection ID 'postgres' for task execution.
[2024-08-05T00:00:03.685+0000] {ingest_api_data.py:95} INFO - Fazendo requisição para a API com idahoy = 1811657
[2024-08-05T00:00:04.357+0000] {ingest_api_data.py:114} INFO - Requisição bem-sucedida
[2024-08-05T00:00:04.362+0000] {ingest_api_data.py:122} INFO - Número de registros recebidos: 1000
[2024-08-05T00:00:04.534+0000] {ingest_api_data.py:131} INFO - Atualizando last_idahoy para: 1812657
[2024-08-05T00:00:04.535+0000] {ingest_api_data.py:95} INFO - Fazendo requisição para a API com idahoy = 1812657
[2024-08-05T00:00:05.021+0000] {ingest_api_data.py:114} INFO - Requisição bem-sucedida
[2024-08-05T00:00:05.026+0000] {ingest_api_data.py:122} INFO - Número de registros recebidos: 1000
[2024-08-05T00:00:05.194+0000] {ingest_api_data.py:131} INFO - Atualizando last_idahoy para: 1813657
[2024-08-05T00:00:05.194+0000] {ingest_api_data.py:95} INFO - Fazendo requisição para a API com idahoy = 1813657
[2024-08-05T00:00:05.648+0000] {ingest_api_data.py:114} INFO - Requisição bem-sucedida
[2024-08-05T00:00:05.652+0000] {ingest_api_data.py:122} INFO - Número de registros recebidos: 1000
[2024-08-05T00:00:05.818+0000] {ingest_api_data.py:131} INFO - Atualizando last_idahoy para: 1814657
[2024-08-05T00:00:05.819+0000] {ingest_api_data.py:95} INFO - Fazendo requisição para a API com idahoy = 1814657
[2024-08-05T00:00:06.366+0000] {ingest_api_data.py:114} INFO - Requisição bem-sucedida
[2024-08-05T00:00:06.370+0000] {ingest_api_data.py:122} INFO - Número de registros recebidos: 1000
[2024-08-05T00:00:06.537+0000] {ingest_api_data.py:131} INFO - Atualizando last_idahoy para: 1815657
[2024-08-05T00:00:06.537+0000] {ingest_api_data.py:95} INFO - Fazendo requisição para a API com idahoy = 1815657
[2024-08-05T00:00:07.005+0000] {ingest_api_data.py:114} INFO - Requisição bem-sucedida
[2024-08-05T00:00:07.010+0000] {ingest_api_data.py:122} INFO - Número de registros recebidos: 1000
[2024-08-05T00:00:07.172+0000] {ingest_api_data.py:131} INFO - Atualizando last_idahoy para: 1816657
[2024-08-05T00:00:07.173+0000] {ingest_api_data.py:95} INFO - Fazendo requisição para a API com idahoy = 1816657
[2024-08-05T00:00:07.610+0000] {ingest_api_data.py:114} INFO - Requisição bem-sucedida
[2024-08-05T00:00:07.615+0000] {ingest_api_data.py:122} INFO - Número de registros recebidos: 1000
[2024-08-05T00:00:07.782+0000] {ingest_api_data.py:131} INFO - Atualizando last_idahoy para: 1817657
[2024-08-05T00:00:07.783+0000] {ingest_api_data.py:95} INFO - Fazendo requisição para a API com idahoy = 1817657
[2024-08-05T00:00:08.322+0000] {ingest_api_data.py:114} INFO - Requisição bem-sucedida
[2024-08-05T00:00:08.326+0000] {ingest_api_data.py:122} INFO - Número de registros recebidos: 1000
[2024-08-05T00:00:08.499+0000] {ingest_api_data.py:131} INFO - Atualizando last_idahoy para: 1818657
[2024-08-05T00:00:08.500+0000] {ingest_api_data.py:95} INFO - Fazendo requisição para a API com idahoy = 1818657
[2024-08-05T00:00:09.005+0000] {ingest_api_data.py:114} INFO - Requisição bem-sucedida
[2024-08-05T00:00:09.009+0000] {ingest_api_data.py:122} INFO - Número de registros recebidos: 1000
[2024-08-05T00:00:09.170+0000] {ingest_api_data.py:131} INFO - Atualizando last_idahoy para: 1819657
[2024-08-05T00:00:09.171+0000] {ingest_api_data.py:95} INFO - Fazendo requisição para a API com idahoy = 1819657
[2024-08-05T00:00:09.708+0000] {ingest_api_data.py:114} INFO - Requisição bem-sucedida
[2024-08-05T00:00:09.712+0000] {ingest_api_data.py:122} INFO - Número de registros recebidos: 1000
[2024-08-05T00:00:09.879+0000] {ingest_api_data.py:131} INFO - Atualizando last_idahoy para: 1820657
[2024-08-05T00:00:09.880+0000] {ingest_api_data.py:95} INFO - Fazendo requisição para a API com idahoy = 1820657
[2024-08-05T00:00:10.404+0000] {ingest_api_data.py:114} INFO - Requisição bem-sucedida
[2024-08-05T00:00:10.408+0000] {ingest_api_data.py:122} INFO - Número de registros recebidos: 1000
[2024-08-05T00:00:10.573+0000] {ingest_api_data.py:131} INFO - Atualizando last_idahoy para: 1821657
[2024-08-05T00:00:10.574+0000] {ingest_api_data.py:95} INFO - Fazendo requisição para a API com idahoy = 1821657
[2024-08-05T00:00:11.073+0000] {ingest_api_data.py:114} INFO - Requisição bem-sucedida
[2024-08-05T00:00:11.077+0000] {ingest_api_data.py:122} INFO - Número de registros recebidos: 1000
[2024-08-05T00:00:11.243+0000] {ingest_api_data.py:131} INFO - Atualizando last_idahoy para: 1822657
[2024-08-05T00:00:11.244+0000] {ingest_api_data.py:95} INFO - Fazendo requisição para a API com idahoy = 1822657
[2024-08-05T00:00:11.782+0000] {ingest_api_data.py:114} INFO - Requisição bem-sucedida
[2024-08-05T00:00:11.786+0000] {ingest_api_data.py:122} INFO - Número de registros recebidos: 1000
[2024-08-05T00:00:11.950+0000] {ingest_api_data.py:131} INFO - Atualizando last_idahoy para: 1823657
[2024-08-05T00:00:11.950+0000] {ingest_api_data.py:95} INFO - Fazendo requisição para a API com idahoy = 1823657
[2024-08-05T00:00:12.483+0000] {ingest_api_data.py:114} INFO - Requisição bem-sucedida
[2024-08-05T00:00:12.488+0000] {ingest_api_data.py:122} INFO - Número de registros recebidos: 1000
[2024-08-05T00:00:12.649+0000] {ingest_api_data.py:131} INFO - Atualizando last_idahoy para: 1824657
[2024-08-05T00:00:12.650+0000] {ingest_api_data.py:95} INFO - Fazendo requisição para a API com idahoy = 1824657
[2024-08-05T00:00:13.124+0000] {ingest_api_data.py:114} INFO - Requisição bem-sucedida
[2024-08-05T00:00:13.128+0000] {ingest_api_data.py:122} INFO - Número de registros recebidos: 1000
[2024-08-05T00:00:13.293+0000] {ingest_api_data.py:131} INFO - Atualizando last_idahoy para: 1825657
[2024-08-05T00:00:13.294+0000] {ingest_api_data.py:95} INFO - Fazendo requisição para a API com idahoy = 1825657
[2024-08-05T00:00:13.888+0000] {ingest_api_data.py:114} INFO - Requisição bem-sucedida
[2024-08-05T00:00:13.892+0000] {ingest_api_data.py:122} INFO - Número de registros recebidos: 1000
[2024-08-05T00:00:14.057+0000] {ingest_api_data.py:131} INFO - Atualizando last_idahoy para: 1826657
[2024-08-05T00:00:14.057+0000] {ingest_api_data.py:95} INFO - Fazendo requisição para a API com idahoy = 1826657
[2024-08-05T00:00:14.502+0000] {ingest_api_data.py:114} INFO - Requisição bem-sucedida
[2024-08-05T00:00:14.506+0000] {ingest_api_data.py:122} INFO - Número de registros recebidos: 1000
[2024-08-05T00:00:14.670+0000] {ingest_api_data.py:131} INFO - Atualizando last_idahoy para: 1827657
[2024-08-05T00:00:14.670+0000] {ingest_api_data.py:95} INFO - Fazendo requisição para a API com idahoy = 1827657
[2024-08-05T00:00:15.207+0000] {ingest_api_data.py:114} INFO - Requisição bem-sucedida
[2024-08-05T00:00:15.210+0000] {ingest_api_data.py:122} INFO - Número de registros recebidos: 1000
[2024-08-05T00:00:15.373+0000] {ingest_api_data.py:131} INFO - Atualizando last_idahoy para: 1828657
[2024-08-05T00:00:15.374+0000] {ingest_api_data.py:95} INFO - Fazendo requisição para a API com idahoy = 1828657
[2024-08-05T00:00:15.560+0000] {ingest_api_data.py:114} INFO - Requisição bem-sucedida
[2024-08-05T00:00:15.561+0000] {ingest_api_data.py:122} INFO - Número de registros recebidos: 99
[2024-08-05T00:00:15.578+0000] {ingest_api_data.py:131} INFO - Atualizando last_idahoy para: 1828756
[2024-08-05T00:00:15.578+0000] {ingest_api_data.py:95} INFO - Fazendo requisição para a API com idahoy = 1828756
[2024-08-05T00:00:15.677+0000] {ingest_api_data.py:108} ERROR - HTTP error occurred: 401 Client Error: Unauthorized for url: https://app.alunos.me/api/ahoy_viewer_ti
[2024-08-05T00:00:15.678+0000] {ingest_api_data.py:136} INFO - Dados inseridos com sucesso e conexão com o banco de dados fechada.
[2024-08-05T00:00:15.679+0000] {python.py:237} INFO - Done. Returned value was: None
[2024-08-05T00:00:15.679+0000] {taskinstance.py:441} INFO - ::group::Post task execution logs
[2024-08-05T00:00:15.690+0000] {taskinstance.py:1206} INFO - Marking task as SUCCESS. dag_id=ingest_api_data, task_id=ingest_data, run_id=scheduled__2024-08-04T23:50:00+00:00, execution_date=20240804T235000, start_date=20240805T000003, end_date=20240805T000015
[2024-08-05T00:00:15.720+0000] {local_task_job_runner.py:243} INFO - Task exited with return code 0
[2024-08-05T00:00:15.739+0000] {taskinstance.py:3503} INFO - 1 downstream tasks scheduled from follow-on schedule check
[2024-08-05T00:00:15.741+0000] {local_task_job_runner.py:222} INFO - ::endgroup::
