[2024-08-05T00:20:03.661+0000] {local_task_job_runner.py:120} INFO - ::group::Pre task execution logs
[2024-08-05T00:20:03.690+0000] {taskinstance.py:2076} INFO - Dependencies all met for dep_context=non-requeueable deps ti=<TaskInstance: ingest_api_data.ingest_data scheduled__2024-08-05T00:10:00+00:00 [queued]>
[2024-08-05T00:20:03.696+0000] {taskinstance.py:2076} INFO - Dependencies all met for dep_context=requeueable deps ti=<TaskInstance: ingest_api_data.ingest_data scheduled__2024-08-05T00:10:00+00:00 [queued]>
[2024-08-05T00:20:03.698+0000] {taskinstance.py:2306} INFO - Starting attempt 1 of 6
[2024-08-05T00:20:03.708+0000] {taskinstance.py:2330} INFO - Executing <Task(PythonOperator): ingest_data> on 2024-08-05 00:10:00+00:00
[2024-08-05T00:20:03.716+0000] {standard_task_runner.py:90} INFO - Running: ['***', 'tasks', 'run', 'ingest_api_data', 'ingest_data', 'scheduled__2024-08-05T00:10:00+00:00', '--job-id', '131', '--raw', '--subdir', 'DAGS_FOLDER/ingest_api_data.py', '--cfg-path', '/tmp/tmp8ubth678']
[2024-08-05T00:20:03.719+0000] {standard_task_runner.py:91} INFO - Job 131: Subtask ingest_data
[2024-08-05T00:20:03.721+0000] {logging_mixin.py:188} WARNING - /home/***/.local/lib/python3.12/site-packages/***/task/task_runner/standard_task_runner.py:62 DeprecationWarning: This process (pid=26347) is multi-threaded, use of fork() may lead to deadlocks in the child.
[2024-08-05T00:20:03.722+0000] {standard_task_runner.py:64} INFO - Started process 26349 to run task
[2024-08-05T00:20:03.763+0000] {task_command.py:426} INFO - Running <TaskInstance: ingest_api_data.ingest_data scheduled__2024-08-05T00:10:00+00:00 [running]> on host 52830206e1a2
[2024-08-05T00:20:03.831+0000] {taskinstance.py:2648} INFO - Exporting env vars: AIRFLOW_CTX_DAG_EMAIL='MS_sIX2Rm@somosyoung.com.br' AIRFLOW_CTX_DAG_OWNER='***' AIRFLOW_CTX_DAG_ID='ingest_api_data' AIRFLOW_CTX_TASK_ID='ingest_data' AIRFLOW_CTX_EXECUTION_DATE='2024-08-05T00:10:00+00:00' AIRFLOW_CTX_TRY_NUMBER='1' AIRFLOW_CTX_DAG_RUN_ID='scheduled__2024-08-05T00:10:00+00:00'
[2024-08-05T00:20:03.833+0000] {taskinstance.py:430} INFO - ::endgroup::
[2024-08-05T00:20:03.845+0000] {base.py:84} INFO - Using connection ID 'postgres' for task execution.
[2024-08-05T00:20:03.849+0000] {ingest_api_data.py:95} INFO - Fazendo requisição para a API com idahoy = 1811657
[2024-08-05T00:20:04.391+0000] {ingest_api_data.py:114} INFO - Requisição bem-sucedida
[2024-08-05T00:20:04.397+0000] {ingest_api_data.py:122} INFO - Número de registros recebidos: 1000
[2024-08-05T00:20:04.567+0000] {ingest_api_data.py:131} INFO - Atualizando last_idahoy para: 1812657
[2024-08-05T00:20:04.568+0000] {ingest_api_data.py:95} INFO - Fazendo requisição para a API com idahoy = 1812657
[2024-08-05T00:20:05.082+0000] {ingest_api_data.py:114} INFO - Requisição bem-sucedida
[2024-08-05T00:20:05.087+0000] {ingest_api_data.py:122} INFO - Número de registros recebidos: 1000
[2024-08-05T00:20:05.262+0000] {ingest_api_data.py:131} INFO - Atualizando last_idahoy para: 1813657
[2024-08-05T00:20:05.263+0000] {ingest_api_data.py:95} INFO - Fazendo requisição para a API com idahoy = 1813657
[2024-08-05T00:20:05.720+0000] {ingest_api_data.py:114} INFO - Requisição bem-sucedida
[2024-08-05T00:20:05.725+0000] {ingest_api_data.py:122} INFO - Número de registros recebidos: 1000
[2024-08-05T00:20:05.905+0000] {ingest_api_data.py:131} INFO - Atualizando last_idahoy para: 1814657
[2024-08-05T00:20:05.906+0000] {ingest_api_data.py:95} INFO - Fazendo requisição para a API com idahoy = 1814657
[2024-08-05T00:20:06.336+0000] {ingest_api_data.py:114} INFO - Requisição bem-sucedida
[2024-08-05T00:20:06.342+0000] {ingest_api_data.py:122} INFO - Número de registros recebidos: 1000
[2024-08-05T00:20:06.511+0000] {ingest_api_data.py:131} INFO - Atualizando last_idahoy para: 1815657
[2024-08-05T00:20:06.511+0000] {ingest_api_data.py:95} INFO - Fazendo requisição para a API com idahoy = 1815657
[2024-08-05T00:20:06.957+0000] {ingest_api_data.py:114} INFO - Requisição bem-sucedida
[2024-08-05T00:20:06.961+0000] {ingest_api_data.py:122} INFO - Número de registros recebidos: 1000
[2024-08-05T00:20:07.132+0000] {ingest_api_data.py:131} INFO - Atualizando last_idahoy para: 1816657
[2024-08-05T00:20:07.133+0000] {ingest_api_data.py:95} INFO - Fazendo requisição para a API com idahoy = 1816657
[2024-08-05T00:20:07.585+0000] {ingest_api_data.py:114} INFO - Requisição bem-sucedida
[2024-08-05T00:20:07.590+0000] {ingest_api_data.py:122} INFO - Número de registros recebidos: 1000
[2024-08-05T00:20:07.760+0000] {ingest_api_data.py:131} INFO - Atualizando last_idahoy para: 1817657
[2024-08-05T00:20:07.761+0000] {ingest_api_data.py:95} INFO - Fazendo requisição para a API com idahoy = 1817657
[2024-08-05T00:20:08.233+0000] {ingest_api_data.py:114} INFO - Requisição bem-sucedida
[2024-08-05T00:20:08.238+0000] {ingest_api_data.py:122} INFO - Número de registros recebidos: 1000
[2024-08-05T00:20:08.410+0000] {ingest_api_data.py:131} INFO - Atualizando last_idahoy para: 1818657
[2024-08-05T00:20:08.410+0000] {ingest_api_data.py:95} INFO - Fazendo requisição para a API com idahoy = 1818657
[2024-08-05T00:20:08.831+0000] {ingest_api_data.py:114} INFO - Requisição bem-sucedida
[2024-08-05T00:20:08.834+0000] {ingest_api_data.py:122} INFO - Número de registros recebidos: 1000
[2024-08-05T00:20:09.005+0000] {ingest_api_data.py:131} INFO - Atualizando last_idahoy para: 1819657
[2024-08-05T00:20:09.006+0000] {ingest_api_data.py:95} INFO - Fazendo requisição para a API com idahoy = 1819657
[2024-08-05T00:20:09.473+0000] {ingest_api_data.py:114} INFO - Requisição bem-sucedida
[2024-08-05T00:20:09.477+0000] {ingest_api_data.py:122} INFO - Número de registros recebidos: 1000
[2024-08-05T00:20:09.648+0000] {ingest_api_data.py:131} INFO - Atualizando last_idahoy para: 1820657
[2024-08-05T00:20:09.648+0000] {ingest_api_data.py:95} INFO - Fazendo requisição para a API com idahoy = 1820657
[2024-08-05T00:20:10.098+0000] {ingest_api_data.py:114} INFO - Requisição bem-sucedida
[2024-08-05T00:20:10.103+0000] {ingest_api_data.py:122} INFO - Número de registros recebidos: 1000
[2024-08-05T00:20:10.277+0000] {ingest_api_data.py:131} INFO - Atualizando last_idahoy para: 1821657
[2024-08-05T00:20:10.278+0000] {ingest_api_data.py:95} INFO - Fazendo requisição para a API com idahoy = 1821657
[2024-08-05T00:20:10.843+0000] {ingest_api_data.py:114} INFO - Requisição bem-sucedida
[2024-08-05T00:20:10.848+0000] {ingest_api_data.py:122} INFO - Número de registros recebidos: 1000
[2024-08-05T00:20:11.018+0000] {ingest_api_data.py:131} INFO - Atualizando last_idahoy para: 1822657
[2024-08-05T00:20:11.019+0000] {ingest_api_data.py:95} INFO - Fazendo requisição para a API com idahoy = 1822657
[2024-08-05T00:20:11.644+0000] {ingest_api_data.py:114} INFO - Requisição bem-sucedida
[2024-08-05T00:20:11.649+0000] {ingest_api_data.py:122} INFO - Número de registros recebidos: 1000
[2024-08-05T00:20:11.819+0000] {ingest_api_data.py:131} INFO - Atualizando last_idahoy para: 1823657
[2024-08-05T00:20:11.820+0000] {ingest_api_data.py:95} INFO - Fazendo requisição para a API com idahoy = 1823657
[2024-08-05T00:20:12.265+0000] {ingest_api_data.py:114} INFO - Requisição bem-sucedida
[2024-08-05T00:20:12.269+0000] {ingest_api_data.py:122} INFO - Número de registros recebidos: 1000
[2024-08-05T00:20:12.444+0000] {ingest_api_data.py:131} INFO - Atualizando last_idahoy para: 1824657
[2024-08-05T00:20:12.444+0000] {ingest_api_data.py:95} INFO - Fazendo requisição para a API com idahoy = 1824657
[2024-08-05T00:20:12.964+0000] {ingest_api_data.py:114} INFO - Requisição bem-sucedida
[2024-08-05T00:20:12.968+0000] {ingest_api_data.py:122} INFO - Número de registros recebidos: 1000
[2024-08-05T00:20:13.143+0000] {ingest_api_data.py:131} INFO - Atualizando last_idahoy para: 1825657
[2024-08-05T00:20:13.143+0000] {ingest_api_data.py:95} INFO - Fazendo requisição para a API com idahoy = 1825657
[2024-08-05T00:20:13.678+0000] {ingest_api_data.py:114} INFO - Requisição bem-sucedida
[2024-08-05T00:20:13.683+0000] {ingest_api_data.py:122} INFO - Número de registros recebidos: 1000
[2024-08-05T00:20:13.861+0000] {ingest_api_data.py:131} INFO - Atualizando last_idahoy para: 1826657
[2024-08-05T00:20:13.861+0000] {ingest_api_data.py:95} INFO - Fazendo requisição para a API com idahoy = 1826657
[2024-08-05T00:20:14.394+0000] {ingest_api_data.py:114} INFO - Requisição bem-sucedida
[2024-08-05T00:20:14.398+0000] {ingest_api_data.py:122} INFO - Número de registros recebidos: 1000
[2024-08-05T00:20:14.587+0000] {ingest_api_data.py:131} INFO - Atualizando last_idahoy para: 1827657
[2024-08-05T00:20:14.587+0000] {ingest_api_data.py:95} INFO - Fazendo requisição para a API com idahoy = 1827657
[2024-08-05T00:20:15.123+0000] {ingest_api_data.py:114} INFO - Requisição bem-sucedida
[2024-08-05T00:20:15.128+0000] {ingest_api_data.py:122} INFO - Número de registros recebidos: 1000
[2024-08-05T00:20:15.298+0000] {ingest_api_data.py:131} INFO - Atualizando last_idahoy para: 1828657
[2024-08-05T00:20:15.298+0000] {ingest_api_data.py:95} INFO - Fazendo requisição para a API com idahoy = 1828657
[2024-08-05T00:20:15.467+0000] {ingest_api_data.py:114} INFO - Requisição bem-sucedida
[2024-08-05T00:20:15.468+0000] {ingest_api_data.py:122} INFO - Número de registros recebidos: 99
[2024-08-05T00:20:15.486+0000] {ingest_api_data.py:131} INFO - Atualizando last_idahoy para: 1828756
[2024-08-05T00:20:15.487+0000] {ingest_api_data.py:95} INFO - Fazendo requisição para a API com idahoy = 1828756
[2024-08-05T00:20:15.590+0000] {ingest_api_data.py:108} ERROR - HTTP error occurred: 401 Client Error: Unauthorized for url: https://app.alunos.me/api/ahoy_viewer_ti
[2024-08-05T00:20:15.592+0000] {ingest_api_data.py:136} INFO - Dados inseridos com sucesso e conexão com o banco de dados fechada.
[2024-08-05T00:20:15.592+0000] {python.py:237} INFO - Done. Returned value was: None
[2024-08-05T00:20:15.593+0000] {taskinstance.py:441} INFO - ::group::Post task execution logs
[2024-08-05T00:20:15.602+0000] {taskinstance.py:1206} INFO - Marking task as SUCCESS. dag_id=ingest_api_data, task_id=ingest_data, run_id=scheduled__2024-08-05T00:10:00+00:00, execution_date=20240805T001000, start_date=20240805T002003, end_date=20240805T002015
[2024-08-05T00:20:15.640+0000] {local_task_job_runner.py:243} INFO - Task exited with return code 0
[2024-08-05T00:20:15.657+0000] {taskinstance.py:3503} INFO - 1 downstream tasks scheduled from follow-on schedule check
[2024-08-05T00:20:15.659+0000] {local_task_job_runner.py:222} INFO - ::endgroup::
