[2024-08-05T00:00:28.391+0000] {processor.py:161} INFO - Started process (PID=15781) to work on /home/airflow/.local/lib/python3.12/site-packages/airflow/example_dags/example_xcomargs.py
[2024-08-05T00:00:28.392+0000] {processor.py:830} INFO - Processing file /home/airflow/.local/lib/python3.12/site-packages/airflow/example_dags/example_xcomargs.py for tasks to queue
[2024-08-05T00:00:28.394+0000] {logging_mixin.py:188} INFO - [2024-08-05T00:00:28.393+0000] {dagbag.py:545} INFO - Filling up the DagBag from /home/airflow/.local/lib/python3.12/site-packages/airflow/example_dags/example_xcomargs.py
[2024-08-05T00:00:28.400+0000] {processor.py:840} INFO - DAG(s) 'example_xcom_args_with_operators', 'example_xcom_args' retrieved from /home/airflow/.local/lib/python3.12/site-packages/airflow/example_dags/example_xcomargs.py
[2024-08-05T00:00:28.422+0000] {logging_mixin.py:188} INFO - [2024-08-05T00:00:28.421+0000] {dag.py:3089} INFO - Sync 2 DAGs
[2024-08-05T00:00:28.434+0000] {logging_mixin.py:188} INFO - [2024-08-05T00:00:28.433+0000] {dag.py:3947} INFO - Setting next_dagrun for example_xcom_args to None, run_after=None
[2024-08-05T00:00:28.438+0000] {logging_mixin.py:188} INFO - [2024-08-05T00:00:28.437+0000] {dag.py:3947} INFO - Setting next_dagrun for example_xcom_args_with_operators to None, run_after=None
[2024-08-05T00:00:28.453+0000] {processor.py:183} INFO - Processing /home/airflow/.local/lib/python3.12/site-packages/airflow/example_dags/example_xcomargs.py took 0.067 seconds
[2024-08-05T00:00:59.112+0000] {processor.py:161} INFO - Started process (PID=16053) to work on /home/airflow/.local/lib/python3.12/site-packages/airflow/example_dags/example_xcomargs.py
[2024-08-05T00:00:59.113+0000] {processor.py:830} INFO - Processing file /home/airflow/.local/lib/python3.12/site-packages/airflow/example_dags/example_xcomargs.py for tasks to queue
[2024-08-05T00:00:59.115+0000] {logging_mixin.py:188} INFO - [2024-08-05T00:00:59.114+0000] {dagbag.py:545} INFO - Filling up the DagBag from /home/airflow/.local/lib/python3.12/site-packages/airflow/example_dags/example_xcomargs.py
[2024-08-05T00:00:59.123+0000] {processor.py:840} INFO - DAG(s) 'example_xcom_args_with_operators', 'example_xcom_args' retrieved from /home/airflow/.local/lib/python3.12/site-packages/airflow/example_dags/example_xcomargs.py
[2024-08-05T00:00:59.145+0000] {logging_mixin.py:188} INFO - [2024-08-05T00:00:59.145+0000] {dag.py:3089} INFO - Sync 2 DAGs
[2024-08-05T00:00:59.157+0000] {logging_mixin.py:188} INFO - [2024-08-05T00:00:59.157+0000] {dag.py:3947} INFO - Setting next_dagrun for example_xcom_args to None, run_after=None
[2024-08-05T00:00:59.161+0000] {logging_mixin.py:188} INFO - [2024-08-05T00:00:59.161+0000] {dag.py:3947} INFO - Setting next_dagrun for example_xcom_args_with_operators to None, run_after=None
[2024-08-05T00:00:59.176+0000] {processor.py:183} INFO - Processing /home/airflow/.local/lib/python3.12/site-packages/airflow/example_dags/example_xcomargs.py took 0.068 seconds
[2024-08-05T00:01:29.363+0000] {processor.py:161} INFO - Started process (PID=16325) to work on /home/airflow/.local/lib/python3.12/site-packages/airflow/example_dags/example_xcomargs.py
[2024-08-05T00:01:29.363+0000] {processor.py:830} INFO - Processing file /home/airflow/.local/lib/python3.12/site-packages/airflow/example_dags/example_xcomargs.py for tasks to queue
[2024-08-05T00:01:29.365+0000] {logging_mixin.py:188} INFO - [2024-08-05T00:01:29.364+0000] {dagbag.py:545} INFO - Filling up the DagBag from /home/airflow/.local/lib/python3.12/site-packages/airflow/example_dags/example_xcomargs.py
[2024-08-05T00:01:29.371+0000] {processor.py:840} INFO - DAG(s) 'example_xcom_args_with_operators', 'example_xcom_args' retrieved from /home/airflow/.local/lib/python3.12/site-packages/airflow/example_dags/example_xcomargs.py
[2024-08-05T00:01:29.394+0000] {logging_mixin.py:188} INFO - [2024-08-05T00:01:29.394+0000] {dag.py:3089} INFO - Sync 2 DAGs
[2024-08-05T00:01:29.406+0000] {logging_mixin.py:188} INFO - [2024-08-05T00:01:29.406+0000] {dag.py:3947} INFO - Setting next_dagrun for example_xcom_args to None, run_after=None
[2024-08-05T00:01:29.410+0000] {logging_mixin.py:188} INFO - [2024-08-05T00:01:29.410+0000] {dag.py:3947} INFO - Setting next_dagrun for example_xcom_args_with_operators to None, run_after=None
[2024-08-05T00:01:29.424+0000] {processor.py:183} INFO - Processing /home/airflow/.local/lib/python3.12/site-packages/airflow/example_dags/example_xcomargs.py took 0.066 seconds
[2024-08-05T00:01:59.531+0000] {processor.py:161} INFO - Started process (PID=16597) to work on /home/airflow/.local/lib/python3.12/site-packages/airflow/example_dags/example_xcomargs.py
[2024-08-05T00:01:59.532+0000] {processor.py:830} INFO - Processing file /home/airflow/.local/lib/python3.12/site-packages/airflow/example_dags/example_xcomargs.py for tasks to queue
[2024-08-05T00:01:59.533+0000] {logging_mixin.py:188} INFO - [2024-08-05T00:01:59.533+0000] {dagbag.py:545} INFO - Filling up the DagBag from /home/airflow/.local/lib/python3.12/site-packages/airflow/example_dags/example_xcomargs.py
[2024-08-05T00:01:59.540+0000] {processor.py:840} INFO - DAG(s) 'example_xcom_args', 'example_xcom_args_with_operators' retrieved from /home/airflow/.local/lib/python3.12/site-packages/airflow/example_dags/example_xcomargs.py
[2024-08-05T00:01:59.563+0000] {logging_mixin.py:188} INFO - [2024-08-05T00:01:59.563+0000] {dag.py:3089} INFO - Sync 2 DAGs
[2024-08-05T00:01:59.575+0000] {logging_mixin.py:188} INFO - [2024-08-05T00:01:59.575+0000] {dag.py:3947} INFO - Setting next_dagrun for example_xcom_args to None, run_after=None
[2024-08-05T00:01:59.578+0000] {logging_mixin.py:188} INFO - [2024-08-05T00:01:59.578+0000] {dag.py:3947} INFO - Setting next_dagrun for example_xcom_args_with_operators to None, run_after=None
[2024-08-05T00:01:59.592+0000] {processor.py:183} INFO - Processing /home/airflow/.local/lib/python3.12/site-packages/airflow/example_dags/example_xcomargs.py took 0.065 seconds
[2024-08-05T00:02:29.668+0000] {processor.py:161} INFO - Started process (PID=16869) to work on /home/airflow/.local/lib/python3.12/site-packages/airflow/example_dags/example_xcomargs.py
[2024-08-05T00:02:29.669+0000] {processor.py:830} INFO - Processing file /home/airflow/.local/lib/python3.12/site-packages/airflow/example_dags/example_xcomargs.py for tasks to queue
[2024-08-05T00:02:29.671+0000] {logging_mixin.py:188} INFO - [2024-08-05T00:02:29.670+0000] {dagbag.py:545} INFO - Filling up the DagBag from /home/airflow/.local/lib/python3.12/site-packages/airflow/example_dags/example_xcomargs.py
[2024-08-05T00:02:29.677+0000] {processor.py:840} INFO - DAG(s) 'example_xcom_args', 'example_xcom_args_with_operators' retrieved from /home/airflow/.local/lib/python3.12/site-packages/airflow/example_dags/example_xcomargs.py
[2024-08-05T00:02:29.698+0000] {logging_mixin.py:188} INFO - [2024-08-05T00:02:29.698+0000] {dag.py:3089} INFO - Sync 2 DAGs
[2024-08-05T00:02:29.710+0000] {logging_mixin.py:188} INFO - [2024-08-05T00:02:29.710+0000] {dag.py:3947} INFO - Setting next_dagrun for example_xcom_args to None, run_after=None
[2024-08-05T00:02:29.713+0000] {logging_mixin.py:188} INFO - [2024-08-05T00:02:29.713+0000] {dag.py:3947} INFO - Setting next_dagrun for example_xcom_args_with_operators to None, run_after=None
[2024-08-05T00:02:29.729+0000] {processor.py:183} INFO - Processing /home/airflow/.local/lib/python3.12/site-packages/airflow/example_dags/example_xcomargs.py took 0.066 seconds
[2024-08-05T00:02:59.951+0000] {processor.py:161} INFO - Started process (PID=17141) to work on /home/airflow/.local/lib/python3.12/site-packages/airflow/example_dags/example_xcomargs.py
[2024-08-05T00:02:59.952+0000] {processor.py:830} INFO - Processing file /home/airflow/.local/lib/python3.12/site-packages/airflow/example_dags/example_xcomargs.py for tasks to queue
[2024-08-05T00:02:59.954+0000] {logging_mixin.py:188} INFO - [2024-08-05T00:02:59.954+0000] {dagbag.py:545} INFO - Filling up the DagBag from /home/airflow/.local/lib/python3.12/site-packages/airflow/example_dags/example_xcomargs.py
[2024-08-05T00:02:59.960+0000] {processor.py:840} INFO - DAG(s) 'example_xcom_args', 'example_xcom_args_with_operators' retrieved from /home/airflow/.local/lib/python3.12/site-packages/airflow/example_dags/example_xcomargs.py
[2024-08-05T00:02:59.982+0000] {logging_mixin.py:188} INFO - [2024-08-05T00:02:59.982+0000] {dag.py:3089} INFO - Sync 2 DAGs
[2024-08-05T00:02:59.995+0000] {logging_mixin.py:188} INFO - [2024-08-05T00:02:59.994+0000] {dag.py:3947} INFO - Setting next_dagrun for example_xcom_args to None, run_after=None
[2024-08-05T00:02:59.998+0000] {logging_mixin.py:188} INFO - [2024-08-05T00:02:59.998+0000] {dag.py:3947} INFO - Setting next_dagrun for example_xcom_args_with_operators to None, run_after=None
[2024-08-05T00:03:00.012+0000] {processor.py:183} INFO - Processing /home/airflow/.local/lib/python3.12/site-packages/airflow/example_dags/example_xcomargs.py took 0.066 seconds
[2024-08-05T00:03:30.353+0000] {processor.py:161} INFO - Started process (PID=17413) to work on /home/airflow/.local/lib/python3.12/site-packages/airflow/example_dags/example_xcomargs.py
[2024-08-05T00:03:30.354+0000] {processor.py:830} INFO - Processing file /home/airflow/.local/lib/python3.12/site-packages/airflow/example_dags/example_xcomargs.py for tasks to queue
[2024-08-05T00:03:30.356+0000] {logging_mixin.py:188} INFO - [2024-08-05T00:03:30.355+0000] {dagbag.py:545} INFO - Filling up the DagBag from /home/airflow/.local/lib/python3.12/site-packages/airflow/example_dags/example_xcomargs.py
[2024-08-05T00:03:30.362+0000] {processor.py:840} INFO - DAG(s) 'example_xcom_args_with_operators', 'example_xcom_args' retrieved from /home/airflow/.local/lib/python3.12/site-packages/airflow/example_dags/example_xcomargs.py
[2024-08-05T00:03:30.385+0000] {logging_mixin.py:188} INFO - [2024-08-05T00:03:30.385+0000] {dag.py:3089} INFO - Sync 2 DAGs
[2024-08-05T00:03:30.397+0000] {logging_mixin.py:188} INFO - [2024-08-05T00:03:30.396+0000] {dag.py:3947} INFO - Setting next_dagrun for example_xcom_args to None, run_after=None
[2024-08-05T00:03:30.401+0000] {logging_mixin.py:188} INFO - [2024-08-05T00:03:30.401+0000] {dag.py:3947} INFO - Setting next_dagrun for example_xcom_args_with_operators to None, run_after=None
[2024-08-05T00:03:30.415+0000] {processor.py:183} INFO - Processing /home/airflow/.local/lib/python3.12/site-packages/airflow/example_dags/example_xcomargs.py took 0.069 seconds
[2024-08-05T00:04:00.538+0000] {processor.py:161} INFO - Started process (PID=17685) to work on /home/airflow/.local/lib/python3.12/site-packages/airflow/example_dags/example_xcomargs.py
[2024-08-05T00:04:00.539+0000] {processor.py:830} INFO - Processing file /home/airflow/.local/lib/python3.12/site-packages/airflow/example_dags/example_xcomargs.py for tasks to queue
[2024-08-05T00:04:00.540+0000] {logging_mixin.py:188} INFO - [2024-08-05T00:04:00.540+0000] {dagbag.py:545} INFO - Filling up the DagBag from /home/airflow/.local/lib/python3.12/site-packages/airflow/example_dags/example_xcomargs.py
[2024-08-05T00:04:00.547+0000] {processor.py:840} INFO - DAG(s) 'example_xcom_args_with_operators', 'example_xcom_args' retrieved from /home/airflow/.local/lib/python3.12/site-packages/airflow/example_dags/example_xcomargs.py
[2024-08-05T00:04:00.571+0000] {logging_mixin.py:188} INFO - [2024-08-05T00:04:00.571+0000] {dag.py:3089} INFO - Sync 2 DAGs
[2024-08-05T00:04:00.583+0000] {logging_mixin.py:188} INFO - [2024-08-05T00:04:00.583+0000] {dag.py:3947} INFO - Setting next_dagrun for example_xcom_args to None, run_after=None
[2024-08-05T00:04:00.588+0000] {logging_mixin.py:188} INFO - [2024-08-05T00:04:00.588+0000] {dag.py:3947} INFO - Setting next_dagrun for example_xcom_args_with_operators to None, run_after=None
[2024-08-05T00:04:00.604+0000] {processor.py:183} INFO - Processing /home/airflow/.local/lib/python3.12/site-packages/airflow/example_dags/example_xcomargs.py took 0.071 seconds
[2024-08-05T00:04:31.441+0000] {processor.py:161} INFO - Started process (PID=17951) to work on /home/airflow/.local/lib/python3.12/site-packages/airflow/example_dags/example_xcomargs.py
[2024-08-05T00:04:31.442+0000] {processor.py:830} INFO - Processing file /home/airflow/.local/lib/python3.12/site-packages/airflow/example_dags/example_xcomargs.py for tasks to queue
[2024-08-05T00:04:31.443+0000] {logging_mixin.py:188} INFO - [2024-08-05T00:04:31.443+0000] {dagbag.py:545} INFO - Filling up the DagBag from /home/airflow/.local/lib/python3.12/site-packages/airflow/example_dags/example_xcomargs.py
[2024-08-05T00:04:31.451+0000] {processor.py:840} INFO - DAG(s) 'example_xcom_args_with_operators', 'example_xcom_args' retrieved from /home/airflow/.local/lib/python3.12/site-packages/airflow/example_dags/example_xcomargs.py
[2024-08-05T00:04:31.475+0000] {logging_mixin.py:188} INFO - [2024-08-05T00:04:31.475+0000] {dag.py:3089} INFO - Sync 2 DAGs
[2024-08-05T00:04:31.489+0000] {logging_mixin.py:188} INFO - [2024-08-05T00:04:31.488+0000] {dag.py:3947} INFO - Setting next_dagrun for example_xcom_args to None, run_after=None
[2024-08-05T00:04:31.492+0000] {logging_mixin.py:188} INFO - [2024-08-05T00:04:31.492+0000] {dag.py:3947} INFO - Setting next_dagrun for example_xcom_args_with_operators to None, run_after=None
[2024-08-05T00:04:31.510+0000] {processor.py:183} INFO - Processing /home/airflow/.local/lib/python3.12/site-packages/airflow/example_dags/example_xcomargs.py took 0.074 seconds
[2024-08-05T00:05:01.727+0000] {processor.py:161} INFO - Started process (PID=18223) to work on /home/airflow/.local/lib/python3.12/site-packages/airflow/example_dags/example_xcomargs.py
[2024-08-05T00:05:01.728+0000] {processor.py:830} INFO - Processing file /home/airflow/.local/lib/python3.12/site-packages/airflow/example_dags/example_xcomargs.py for tasks to queue
[2024-08-05T00:05:01.730+0000] {logging_mixin.py:188} INFO - [2024-08-05T00:05:01.730+0000] {dagbag.py:545} INFO - Filling up the DagBag from /home/airflow/.local/lib/python3.12/site-packages/airflow/example_dags/example_xcomargs.py
[2024-08-05T00:05:01.737+0000] {processor.py:840} INFO - DAG(s) 'example_xcom_args_with_operators', 'example_xcom_args' retrieved from /home/airflow/.local/lib/python3.12/site-packages/airflow/example_dags/example_xcomargs.py
[2024-08-05T00:05:01.760+0000] {logging_mixin.py:188} INFO - [2024-08-05T00:05:01.760+0000] {dag.py:3089} INFO - Sync 2 DAGs
[2024-08-05T00:05:01.774+0000] {logging_mixin.py:188} INFO - [2024-08-05T00:05:01.773+0000] {dag.py:3947} INFO - Setting next_dagrun for example_xcom_args to None, run_after=None
[2024-08-05T00:05:01.777+0000] {logging_mixin.py:188} INFO - [2024-08-05T00:05:01.777+0000] {dag.py:3947} INFO - Setting next_dagrun for example_xcom_args_with_operators to None, run_after=None
[2024-08-05T00:05:01.793+0000] {processor.py:183} INFO - Processing /home/airflow/.local/lib/python3.12/site-packages/airflow/example_dags/example_xcomargs.py took 0.070 seconds
[2024-08-05T00:05:31.950+0000] {processor.py:161} INFO - Started process (PID=18495) to work on /home/airflow/.local/lib/python3.12/site-packages/airflow/example_dags/example_xcomargs.py
[2024-08-05T00:05:31.951+0000] {processor.py:830} INFO - Processing file /home/airflow/.local/lib/python3.12/site-packages/airflow/example_dags/example_xcomargs.py for tasks to queue
[2024-08-05T00:05:31.953+0000] {logging_mixin.py:188} INFO - [2024-08-05T00:05:31.953+0000] {dagbag.py:545} INFO - Filling up the DagBag from /home/airflow/.local/lib/python3.12/site-packages/airflow/example_dags/example_xcomargs.py
[2024-08-05T00:05:31.959+0000] {processor.py:840} INFO - DAG(s) 'example_xcom_args_with_operators', 'example_xcom_args' retrieved from /home/airflow/.local/lib/python3.12/site-packages/airflow/example_dags/example_xcomargs.py
[2024-08-05T00:05:31.983+0000] {logging_mixin.py:188} INFO - [2024-08-05T00:05:31.982+0000] {dag.py:3089} INFO - Sync 2 DAGs
[2024-08-05T00:05:31.994+0000] {logging_mixin.py:188} INFO - [2024-08-05T00:05:31.994+0000] {dag.py:3947} INFO - Setting next_dagrun for example_xcom_args to None, run_after=None
[2024-08-05T00:05:31.999+0000] {logging_mixin.py:188} INFO - [2024-08-05T00:05:31.999+0000] {dag.py:3947} INFO - Setting next_dagrun for example_xcom_args_with_operators to None, run_after=None
[2024-08-05T00:05:32.017+0000] {processor.py:183} INFO - Processing /home/airflow/.local/lib/python3.12/site-packages/airflow/example_dags/example_xcomargs.py took 0.073 seconds
[2024-08-05T00:06:02.266+0000] {processor.py:161} INFO - Started process (PID=18767) to work on /home/airflow/.local/lib/python3.12/site-packages/airflow/example_dags/example_xcomargs.py
[2024-08-05T00:06:02.267+0000] {processor.py:830} INFO - Processing file /home/airflow/.local/lib/python3.12/site-packages/airflow/example_dags/example_xcomargs.py for tasks to queue
[2024-08-05T00:06:02.268+0000] {logging_mixin.py:188} INFO - [2024-08-05T00:06:02.268+0000] {dagbag.py:545} INFO - Filling up the DagBag from /home/airflow/.local/lib/python3.12/site-packages/airflow/example_dags/example_xcomargs.py
[2024-08-05T00:06:02.274+0000] {processor.py:840} INFO - DAG(s) 'example_xcom_args', 'example_xcom_args_with_operators' retrieved from /home/airflow/.local/lib/python3.12/site-packages/airflow/example_dags/example_xcomargs.py
[2024-08-05T00:06:02.297+0000] {logging_mixin.py:188} INFO - [2024-08-05T00:06:02.297+0000] {dag.py:3089} INFO - Sync 2 DAGs
[2024-08-05T00:06:02.309+0000] {logging_mixin.py:188} INFO - [2024-08-05T00:06:02.309+0000] {dag.py:3947} INFO - Setting next_dagrun for example_xcom_args to None, run_after=None
[2024-08-05T00:06:02.314+0000] {logging_mixin.py:188} INFO - [2024-08-05T00:06:02.314+0000] {dag.py:3947} INFO - Setting next_dagrun for example_xcom_args_with_operators to None, run_after=None
[2024-08-05T00:06:02.330+0000] {processor.py:183} INFO - Processing /home/airflow/.local/lib/python3.12/site-packages/airflow/example_dags/example_xcomargs.py took 0.070 seconds
[2024-08-05T00:06:32.462+0000] {processor.py:161} INFO - Started process (PID=19039) to work on /home/airflow/.local/lib/python3.12/site-packages/airflow/example_dags/example_xcomargs.py
[2024-08-05T00:06:32.463+0000] {processor.py:830} INFO - Processing file /home/airflow/.local/lib/python3.12/site-packages/airflow/example_dags/example_xcomargs.py for tasks to queue
[2024-08-05T00:06:32.465+0000] {logging_mixin.py:188} INFO - [2024-08-05T00:06:32.464+0000] {dagbag.py:545} INFO - Filling up the DagBag from /home/airflow/.local/lib/python3.12/site-packages/airflow/example_dags/example_xcomargs.py
[2024-08-05T00:06:32.472+0000] {processor.py:840} INFO - DAG(s) 'example_xcom_args_with_operators', 'example_xcom_args' retrieved from /home/airflow/.local/lib/python3.12/site-packages/airflow/example_dags/example_xcomargs.py
[2024-08-05T00:06:32.494+0000] {logging_mixin.py:188} INFO - [2024-08-05T00:06:32.494+0000] {dag.py:3089} INFO - Sync 2 DAGs
[2024-08-05T00:06:32.508+0000] {logging_mixin.py:188} INFO - [2024-08-05T00:06:32.507+0000] {dag.py:3947} INFO - Setting next_dagrun for example_xcom_args to None, run_after=None
[2024-08-05T00:06:32.512+0000] {logging_mixin.py:188} INFO - [2024-08-05T00:06:32.512+0000] {dag.py:3947} INFO - Setting next_dagrun for example_xcom_args_with_operators to None, run_after=None
[2024-08-05T00:06:32.528+0000] {processor.py:183} INFO - Processing /home/airflow/.local/lib/python3.12/site-packages/airflow/example_dags/example_xcomargs.py took 0.071 seconds
[2024-08-05T00:07:03.487+0000] {processor.py:161} INFO - Started process (PID=19311) to work on /home/airflow/.local/lib/python3.12/site-packages/airflow/example_dags/example_xcomargs.py
[2024-08-05T00:07:03.488+0000] {processor.py:830} INFO - Processing file /home/airflow/.local/lib/python3.12/site-packages/airflow/example_dags/example_xcomargs.py for tasks to queue
[2024-08-05T00:07:03.489+0000] {logging_mixin.py:188} INFO - [2024-08-05T00:07:03.489+0000] {dagbag.py:545} INFO - Filling up the DagBag from /home/airflow/.local/lib/python3.12/site-packages/airflow/example_dags/example_xcomargs.py
[2024-08-05T00:07:03.497+0000] {processor.py:840} INFO - DAG(s) 'example_xcom_args', 'example_xcom_args_with_operators' retrieved from /home/airflow/.local/lib/python3.12/site-packages/airflow/example_dags/example_xcomargs.py
[2024-08-05T00:07:03.521+0000] {logging_mixin.py:188} INFO - [2024-08-05T00:07:03.520+0000] {dag.py:3089} INFO - Sync 2 DAGs
[2024-08-05T00:07:03.535+0000] {logging_mixin.py:188} INFO - [2024-08-05T00:07:03.535+0000] {dag.py:3947} INFO - Setting next_dagrun for example_xcom_args to None, run_after=None
[2024-08-05T00:07:03.539+0000] {logging_mixin.py:188} INFO - [2024-08-05T00:07:03.539+0000] {dag.py:3947} INFO - Setting next_dagrun for example_xcom_args_with_operators to None, run_after=None
[2024-08-05T00:07:03.555+0000] {processor.py:183} INFO - Processing /home/airflow/.local/lib/python3.12/site-packages/airflow/example_dags/example_xcomargs.py took 0.072 seconds
[2024-08-05T00:07:33.830+0000] {processor.py:161} INFO - Started process (PID=19583) to work on /home/airflow/.local/lib/python3.12/site-packages/airflow/example_dags/example_xcomargs.py
[2024-08-05T00:07:33.831+0000] {processor.py:830} INFO - Processing file /home/airflow/.local/lib/python3.12/site-packages/airflow/example_dags/example_xcomargs.py for tasks to queue
[2024-08-05T00:07:33.833+0000] {logging_mixin.py:188} INFO - [2024-08-05T00:07:33.832+0000] {dagbag.py:545} INFO - Filling up the DagBag from /home/airflow/.local/lib/python3.12/site-packages/airflow/example_dags/example_xcomargs.py
[2024-08-05T00:07:33.840+0000] {processor.py:840} INFO - DAG(s) 'example_xcom_args_with_operators', 'example_xcom_args' retrieved from /home/airflow/.local/lib/python3.12/site-packages/airflow/example_dags/example_xcomargs.py
[2024-08-05T00:07:33.864+0000] {logging_mixin.py:188} INFO - [2024-08-05T00:07:33.864+0000] {dag.py:3089} INFO - Sync 2 DAGs
[2024-08-05T00:07:33.876+0000] {logging_mixin.py:188} INFO - [2024-08-05T00:07:33.876+0000] {dag.py:3947} INFO - Setting next_dagrun for example_xcom_args to None, run_after=None
[2024-08-05T00:07:33.881+0000] {logging_mixin.py:188} INFO - [2024-08-05T00:07:33.881+0000] {dag.py:3947} INFO - Setting next_dagrun for example_xcom_args_with_operators to None, run_after=None
[2024-08-05T00:07:33.897+0000] {processor.py:183} INFO - Processing /home/airflow/.local/lib/python3.12/site-packages/airflow/example_dags/example_xcomargs.py took 0.072 seconds
[2024-08-05T00:08:04.041+0000] {processor.py:161} INFO - Started process (PID=19855) to work on /home/airflow/.local/lib/python3.12/site-packages/airflow/example_dags/example_xcomargs.py
[2024-08-05T00:08:04.042+0000] {processor.py:830} INFO - Processing file /home/airflow/.local/lib/python3.12/site-packages/airflow/example_dags/example_xcomargs.py for tasks to queue
[2024-08-05T00:08:04.043+0000] {logging_mixin.py:188} INFO - [2024-08-05T00:08:04.043+0000] {dagbag.py:545} INFO - Filling up the DagBag from /home/airflow/.local/lib/python3.12/site-packages/airflow/example_dags/example_xcomargs.py
[2024-08-05T00:08:04.050+0000] {processor.py:840} INFO - DAG(s) 'example_xcom_args', 'example_xcom_args_with_operators' retrieved from /home/airflow/.local/lib/python3.12/site-packages/airflow/example_dags/example_xcomargs.py
[2024-08-05T00:08:04.072+0000] {logging_mixin.py:188} INFO - [2024-08-05T00:08:04.072+0000] {dag.py:3089} INFO - Sync 2 DAGs
[2024-08-05T00:08:04.086+0000] {logging_mixin.py:188} INFO - [2024-08-05T00:08:04.086+0000] {dag.py:3947} INFO - Setting next_dagrun for example_xcom_args to None, run_after=None
[2024-08-05T00:08:04.090+0000] {logging_mixin.py:188} INFO - [2024-08-05T00:08:04.089+0000] {dag.py:3947} INFO - Setting next_dagrun for example_xcom_args_with_operators to None, run_after=None
[2024-08-05T00:08:04.108+0000] {processor.py:183} INFO - Processing /home/airflow/.local/lib/python3.12/site-packages/airflow/example_dags/example_xcomargs.py took 0.072 seconds
[2024-08-05T00:08:34.457+0000] {processor.py:161} INFO - Started process (PID=20129) to work on /home/airflow/.local/lib/python3.12/site-packages/airflow/example_dags/example_xcomargs.py
[2024-08-05T00:08:34.459+0000] {processor.py:830} INFO - Processing file /home/airflow/.local/lib/python3.12/site-packages/airflow/example_dags/example_xcomargs.py for tasks to queue
[2024-08-05T00:08:34.460+0000] {logging_mixin.py:188} INFO - [2024-08-05T00:08:34.460+0000] {dagbag.py:545} INFO - Filling up the DagBag from /home/airflow/.local/lib/python3.12/site-packages/airflow/example_dags/example_xcomargs.py
[2024-08-05T00:08:34.468+0000] {processor.py:840} INFO - DAG(s) 'example_xcom_args_with_operators', 'example_xcom_args' retrieved from /home/airflow/.local/lib/python3.12/site-packages/airflow/example_dags/example_xcomargs.py
[2024-08-05T00:08:34.491+0000] {logging_mixin.py:188} INFO - [2024-08-05T00:08:34.490+0000] {dag.py:3089} INFO - Sync 2 DAGs
[2024-08-05T00:08:34.504+0000] {logging_mixin.py:188} INFO - [2024-08-05T00:08:34.504+0000] {dag.py:3947} INFO - Setting next_dagrun for example_xcom_args to None, run_after=None
[2024-08-05T00:08:34.508+0000] {logging_mixin.py:188} INFO - [2024-08-05T00:08:34.508+0000] {dag.py:3947} INFO - Setting next_dagrun for example_xcom_args_with_operators to None, run_after=None
[2024-08-05T00:08:34.522+0000] {processor.py:183} INFO - Processing /home/airflow/.local/lib/python3.12/site-packages/airflow/example_dags/example_xcomargs.py took 0.070 seconds
[2024-08-05T00:09:04.673+0000] {processor.py:161} INFO - Started process (PID=20399) to work on /home/airflow/.local/lib/python3.12/site-packages/airflow/example_dags/example_xcomargs.py
[2024-08-05T00:09:04.674+0000] {processor.py:830} INFO - Processing file /home/airflow/.local/lib/python3.12/site-packages/airflow/example_dags/example_xcomargs.py for tasks to queue
[2024-08-05T00:09:04.676+0000] {logging_mixin.py:188} INFO - [2024-08-05T00:09:04.675+0000] {dagbag.py:545} INFO - Filling up the DagBag from /home/airflow/.local/lib/python3.12/site-packages/airflow/example_dags/example_xcomargs.py
[2024-08-05T00:09:04.682+0000] {processor.py:840} INFO - DAG(s) 'example_xcom_args_with_operators', 'example_xcom_args' retrieved from /home/airflow/.local/lib/python3.12/site-packages/airflow/example_dags/example_xcomargs.py
[2024-08-05T00:09:04.702+0000] {logging_mixin.py:188} INFO - [2024-08-05T00:09:04.702+0000] {dag.py:3089} INFO - Sync 2 DAGs
[2024-08-05T00:09:04.714+0000] {logging_mixin.py:188} INFO - [2024-08-05T00:09:04.714+0000] {dag.py:3947} INFO - Setting next_dagrun for example_xcom_args to None, run_after=None
[2024-08-05T00:09:04.717+0000] {logging_mixin.py:188} INFO - [2024-08-05T00:09:04.717+0000] {dag.py:3947} INFO - Setting next_dagrun for example_xcom_args_with_operators to None, run_after=None
[2024-08-05T00:09:04.731+0000] {processor.py:183} INFO - Processing /home/airflow/.local/lib/python3.12/site-packages/airflow/example_dags/example_xcomargs.py took 0.062 seconds
[2024-08-05T00:09:35.411+0000] {processor.py:161} INFO - Started process (PID=20671) to work on /home/airflow/.local/lib/python3.12/site-packages/airflow/example_dags/example_xcomargs.py
[2024-08-05T00:09:35.411+0000] {processor.py:830} INFO - Processing file /home/airflow/.local/lib/python3.12/site-packages/airflow/example_dags/example_xcomargs.py for tasks to queue
[2024-08-05T00:09:35.413+0000] {logging_mixin.py:188} INFO - [2024-08-05T00:09:35.412+0000] {dagbag.py:545} INFO - Filling up the DagBag from /home/airflow/.local/lib/python3.12/site-packages/airflow/example_dags/example_xcomargs.py
[2024-08-05T00:09:35.419+0000] {processor.py:840} INFO - DAG(s) 'example_xcom_args_with_operators', 'example_xcom_args' retrieved from /home/airflow/.local/lib/python3.12/site-packages/airflow/example_dags/example_xcomargs.py
[2024-08-05T00:09:35.439+0000] {logging_mixin.py:188} INFO - [2024-08-05T00:09:35.439+0000] {dag.py:3089} INFO - Sync 2 DAGs
[2024-08-05T00:09:35.451+0000] {logging_mixin.py:188} INFO - [2024-08-05T00:09:35.451+0000] {dag.py:3947} INFO - Setting next_dagrun for example_xcom_args to None, run_after=None
[2024-08-05T00:09:35.455+0000] {logging_mixin.py:188} INFO - [2024-08-05T00:09:35.455+0000] {dag.py:3947} INFO - Setting next_dagrun for example_xcom_args_with_operators to None, run_after=None
[2024-08-05T00:09:35.468+0000] {processor.py:183} INFO - Processing /home/airflow/.local/lib/python3.12/site-packages/airflow/example_dags/example_xcomargs.py took 0.062 seconds
[2024-08-05T00:10:06.050+0000] {processor.py:161} INFO - Started process (PID=20949) to work on /home/airflow/.local/lib/python3.12/site-packages/airflow/example_dags/example_xcomargs.py
[2024-08-05T00:10:06.050+0000] {processor.py:830} INFO - Processing file /home/airflow/.local/lib/python3.12/site-packages/airflow/example_dags/example_xcomargs.py for tasks to queue
[2024-08-05T00:10:06.052+0000] {logging_mixin.py:188} INFO - [2024-08-05T00:10:06.052+0000] {dagbag.py:545} INFO - Filling up the DagBag from /home/airflow/.local/lib/python3.12/site-packages/airflow/example_dags/example_xcomargs.py
[2024-08-05T00:10:06.061+0000] {processor.py:840} INFO - DAG(s) 'example_xcom_args_with_operators', 'example_xcom_args' retrieved from /home/airflow/.local/lib/python3.12/site-packages/airflow/example_dags/example_xcomargs.py
[2024-08-05T00:10:06.084+0000] {logging_mixin.py:188} INFO - [2024-08-05T00:10:06.083+0000] {dag.py:3089} INFO - Sync 2 DAGs
[2024-08-05T00:10:06.095+0000] {logging_mixin.py:188} INFO - [2024-08-05T00:10:06.095+0000] {dag.py:3947} INFO - Setting next_dagrun for example_xcom_args to None, run_after=None
[2024-08-05T00:10:06.099+0000] {logging_mixin.py:188} INFO - [2024-08-05T00:10:06.099+0000] {dag.py:3947} INFO - Setting next_dagrun for example_xcom_args_with_operators to None, run_after=None
[2024-08-05T00:10:06.113+0000] {processor.py:183} INFO - Processing /home/airflow/.local/lib/python3.12/site-packages/airflow/example_dags/example_xcomargs.py took 0.068 seconds
[2024-08-05T00:10:36.759+0000] {processor.py:161} INFO - Started process (PID=21224) to work on /home/airflow/.local/lib/python3.12/site-packages/airflow/example_dags/example_xcomargs.py
[2024-08-05T00:10:36.760+0000] {processor.py:830} INFO - Processing file /home/airflow/.local/lib/python3.12/site-packages/airflow/example_dags/example_xcomargs.py for tasks to queue
[2024-08-05T00:10:36.761+0000] {logging_mixin.py:188} INFO - [2024-08-05T00:10:36.761+0000] {dagbag.py:545} INFO - Filling up the DagBag from /home/airflow/.local/lib/python3.12/site-packages/airflow/example_dags/example_xcomargs.py
[2024-08-05T00:10:36.767+0000] {processor.py:840} INFO - DAG(s) 'example_xcom_args_with_operators', 'example_xcom_args' retrieved from /home/airflow/.local/lib/python3.12/site-packages/airflow/example_dags/example_xcomargs.py
[2024-08-05T00:10:36.794+0000] {logging_mixin.py:188} INFO - [2024-08-05T00:10:36.794+0000] {dag.py:3089} INFO - Sync 2 DAGs
[2024-08-05T00:10:36.810+0000] {logging_mixin.py:188} INFO - [2024-08-05T00:10:36.809+0000] {dag.py:3947} INFO - Setting next_dagrun for example_xcom_args to None, run_after=None
[2024-08-05T00:10:36.813+0000] {logging_mixin.py:188} INFO - [2024-08-05T00:10:36.813+0000] {dag.py:3947} INFO - Setting next_dagrun for example_xcom_args_with_operators to None, run_after=None
[2024-08-05T00:10:36.830+0000] {processor.py:183} INFO - Processing /home/airflow/.local/lib/python3.12/site-packages/airflow/example_dags/example_xcomargs.py took 0.078 seconds
[2024-08-05T00:11:07.513+0000] {processor.py:161} INFO - Started process (PID=21496) to work on /home/airflow/.local/lib/python3.12/site-packages/airflow/example_dags/example_xcomargs.py
[2024-08-05T00:11:07.514+0000] {processor.py:830} INFO - Processing file /home/airflow/.local/lib/python3.12/site-packages/airflow/example_dags/example_xcomargs.py for tasks to queue
[2024-08-05T00:11:07.515+0000] {logging_mixin.py:188} INFO - [2024-08-05T00:11:07.515+0000] {dagbag.py:545} INFO - Filling up the DagBag from /home/airflow/.local/lib/python3.12/site-packages/airflow/example_dags/example_xcomargs.py
[2024-08-05T00:11:07.523+0000] {processor.py:840} INFO - DAG(s) 'example_xcom_args', 'example_xcom_args_with_operators' retrieved from /home/airflow/.local/lib/python3.12/site-packages/airflow/example_dags/example_xcomargs.py
[2024-08-05T00:11:07.545+0000] {logging_mixin.py:188} INFO - [2024-08-05T00:11:07.545+0000] {dag.py:3089} INFO - Sync 2 DAGs
[2024-08-05T00:11:07.557+0000] {logging_mixin.py:188} INFO - [2024-08-05T00:11:07.557+0000] {dag.py:3947} INFO - Setting next_dagrun for example_xcom_args to None, run_after=None
[2024-08-05T00:11:07.561+0000] {logging_mixin.py:188} INFO - [2024-08-05T00:11:07.561+0000] {dag.py:3947} INFO - Setting next_dagrun for example_xcom_args_with_operators to None, run_after=None
[2024-08-05T00:11:07.575+0000] {processor.py:183} INFO - Processing /home/airflow/.local/lib/python3.12/site-packages/airflow/example_dags/example_xcomargs.py took 0.066 seconds
[2024-08-05T00:11:38.386+0000] {processor.py:161} INFO - Started process (PID=21768) to work on /home/airflow/.local/lib/python3.12/site-packages/airflow/example_dags/example_xcomargs.py
[2024-08-05T00:11:38.387+0000] {processor.py:830} INFO - Processing file /home/airflow/.local/lib/python3.12/site-packages/airflow/example_dags/example_xcomargs.py for tasks to queue
[2024-08-05T00:11:38.389+0000] {logging_mixin.py:188} INFO - [2024-08-05T00:11:38.389+0000] {dagbag.py:545} INFO - Filling up the DagBag from /home/airflow/.local/lib/python3.12/site-packages/airflow/example_dags/example_xcomargs.py
[2024-08-05T00:11:38.396+0000] {processor.py:840} INFO - DAG(s) 'example_xcom_args', 'example_xcom_args_with_operators' retrieved from /home/airflow/.local/lib/python3.12/site-packages/airflow/example_dags/example_xcomargs.py
[2024-08-05T00:11:38.419+0000] {logging_mixin.py:188} INFO - [2024-08-05T00:11:38.419+0000] {dag.py:3089} INFO - Sync 2 DAGs
[2024-08-05T00:11:38.432+0000] {logging_mixin.py:188} INFO - [2024-08-05T00:11:38.431+0000] {dag.py:3947} INFO - Setting next_dagrun for example_xcom_args to None, run_after=None
[2024-08-05T00:11:38.436+0000] {logging_mixin.py:188} INFO - [2024-08-05T00:11:38.436+0000] {dag.py:3947} INFO - Setting next_dagrun for example_xcom_args_with_operators to None, run_after=None
[2024-08-05T00:11:38.452+0000] {processor.py:183} INFO - Processing /home/airflow/.local/lib/python3.12/site-packages/airflow/example_dags/example_xcomargs.py took 0.071 seconds
[2024-08-05T00:12:08.628+0000] {processor.py:161} INFO - Started process (PID=22040) to work on /home/airflow/.local/lib/python3.12/site-packages/airflow/example_dags/example_xcomargs.py
[2024-08-05T00:12:08.629+0000] {processor.py:830} INFO - Processing file /home/airflow/.local/lib/python3.12/site-packages/airflow/example_dags/example_xcomargs.py for tasks to queue
[2024-08-05T00:12:08.630+0000] {logging_mixin.py:188} INFO - [2024-08-05T00:12:08.630+0000] {dagbag.py:545} INFO - Filling up the DagBag from /home/airflow/.local/lib/python3.12/site-packages/airflow/example_dags/example_xcomargs.py
[2024-08-05T00:12:08.638+0000] {processor.py:840} INFO - DAG(s) 'example_xcom_args', 'example_xcom_args_with_operators' retrieved from /home/airflow/.local/lib/python3.12/site-packages/airflow/example_dags/example_xcomargs.py
[2024-08-05T00:12:08.663+0000] {logging_mixin.py:188} INFO - [2024-08-05T00:12:08.663+0000] {dag.py:3089} INFO - Sync 2 DAGs
[2024-08-05T00:12:08.680+0000] {logging_mixin.py:188} INFO - [2024-08-05T00:12:08.680+0000] {dag.py:3947} INFO - Setting next_dagrun for example_xcom_args to None, run_after=None
[2024-08-05T00:12:08.684+0000] {logging_mixin.py:188} INFO - [2024-08-05T00:12:08.684+0000] {dag.py:3947} INFO - Setting next_dagrun for example_xcom_args_with_operators to None, run_after=None
[2024-08-05T00:12:08.700+0000] {processor.py:183} INFO - Processing /home/airflow/.local/lib/python3.12/site-packages/airflow/example_dags/example_xcomargs.py took 0.077 seconds
[2024-08-05T00:12:38.901+0000] {processor.py:161} INFO - Started process (PID=22312) to work on /home/airflow/.local/lib/python3.12/site-packages/airflow/example_dags/example_xcomargs.py
[2024-08-05T00:12:38.902+0000] {processor.py:830} INFO - Processing file /home/airflow/.local/lib/python3.12/site-packages/airflow/example_dags/example_xcomargs.py for tasks to queue
[2024-08-05T00:12:38.903+0000] {logging_mixin.py:188} INFO - [2024-08-05T00:12:38.903+0000] {dagbag.py:545} INFO - Filling up the DagBag from /home/airflow/.local/lib/python3.12/site-packages/airflow/example_dags/example_xcomargs.py
[2024-08-05T00:12:38.910+0000] {processor.py:840} INFO - DAG(s) 'example_xcom_args_with_operators', 'example_xcom_args' retrieved from /home/airflow/.local/lib/python3.12/site-packages/airflow/example_dags/example_xcomargs.py
[2024-08-05T00:12:38.932+0000] {logging_mixin.py:188} INFO - [2024-08-05T00:12:38.932+0000] {dag.py:3089} INFO - Sync 2 DAGs
[2024-08-05T00:12:38.946+0000] {logging_mixin.py:188} INFO - [2024-08-05T00:12:38.946+0000] {dag.py:3947} INFO - Setting next_dagrun for example_xcom_args to None, run_after=None
[2024-08-05T00:12:38.950+0000] {logging_mixin.py:188} INFO - [2024-08-05T00:12:38.950+0000] {dag.py:3947} INFO - Setting next_dagrun for example_xcom_args_with_operators to None, run_after=None
[2024-08-05T00:12:38.965+0000] {processor.py:183} INFO - Processing /home/airflow/.local/lib/python3.12/site-packages/airflow/example_dags/example_xcomargs.py took 0.069 seconds
[2024-08-05T00:13:09.115+0000] {processor.py:161} INFO - Started process (PID=22584) to work on /home/airflow/.local/lib/python3.12/site-packages/airflow/example_dags/example_xcomargs.py
[2024-08-05T00:13:09.116+0000] {processor.py:830} INFO - Processing file /home/airflow/.local/lib/python3.12/site-packages/airflow/example_dags/example_xcomargs.py for tasks to queue
[2024-08-05T00:13:09.118+0000] {logging_mixin.py:188} INFO - [2024-08-05T00:13:09.117+0000] {dagbag.py:545} INFO - Filling up the DagBag from /home/airflow/.local/lib/python3.12/site-packages/airflow/example_dags/example_xcomargs.py
[2024-08-05T00:13:09.125+0000] {processor.py:840} INFO - DAG(s) 'example_xcom_args_with_operators', 'example_xcom_args' retrieved from /home/airflow/.local/lib/python3.12/site-packages/airflow/example_dags/example_xcomargs.py
[2024-08-05T00:13:09.149+0000] {logging_mixin.py:188} INFO - [2024-08-05T00:13:09.149+0000] {dag.py:3089} INFO - Sync 2 DAGs
[2024-08-05T00:13:09.163+0000] {logging_mixin.py:188} INFO - [2024-08-05T00:13:09.162+0000] {dag.py:3947} INFO - Setting next_dagrun for example_xcom_args to None, run_after=None
[2024-08-05T00:13:09.167+0000] {logging_mixin.py:188} INFO - [2024-08-05T00:13:09.166+0000] {dag.py:3947} INFO - Setting next_dagrun for example_xcom_args_with_operators to None, run_after=None
[2024-08-05T00:13:09.182+0000] {processor.py:183} INFO - Processing /home/airflow/.local/lib/python3.12/site-packages/airflow/example_dags/example_xcomargs.py took 0.071 seconds
[2024-08-05T00:13:40.366+0000] {processor.py:161} INFO - Started process (PID=22856) to work on /home/airflow/.local/lib/python3.12/site-packages/airflow/example_dags/example_xcomargs.py
[2024-08-05T00:13:40.368+0000] {processor.py:830} INFO - Processing file /home/airflow/.local/lib/python3.12/site-packages/airflow/example_dags/example_xcomargs.py for tasks to queue
[2024-08-05T00:13:40.371+0000] {logging_mixin.py:188} INFO - [2024-08-05T00:13:40.371+0000] {dagbag.py:545} INFO - Filling up the DagBag from /home/airflow/.local/lib/python3.12/site-packages/airflow/example_dags/example_xcomargs.py
[2024-08-05T00:13:40.401+0000] {processor.py:840} INFO - DAG(s) 'example_xcom_args_with_operators', 'example_xcom_args' retrieved from /home/airflow/.local/lib/python3.12/site-packages/airflow/example_dags/example_xcomargs.py
[2024-08-05T00:13:40.491+0000] {logging_mixin.py:188} INFO - [2024-08-05T00:13:40.482+0000] {dag.py:3089} INFO - Sync 2 DAGs
[2024-08-05T00:13:40.524+0000] {logging_mixin.py:188} INFO - [2024-08-05T00:13:40.524+0000] {dag.py:3947} INFO - Setting next_dagrun for example_xcom_args to None, run_after=None
[2024-08-05T00:13:40.536+0000] {logging_mixin.py:188} INFO - [2024-08-05T00:13:40.536+0000] {dag.py:3947} INFO - Setting next_dagrun for example_xcom_args_with_operators to None, run_after=None
[2024-08-05T00:13:40.601+0000] {processor.py:183} INFO - Processing /home/airflow/.local/lib/python3.12/site-packages/airflow/example_dags/example_xcomargs.py took 0.250 seconds
[2024-08-05T00:14:10.947+0000] {processor.py:161} INFO - Started process (PID=23128) to work on /home/airflow/.local/lib/python3.12/site-packages/airflow/example_dags/example_xcomargs.py
[2024-08-05T00:14:10.949+0000] {processor.py:830} INFO - Processing file /home/airflow/.local/lib/python3.12/site-packages/airflow/example_dags/example_xcomargs.py for tasks to queue
[2024-08-05T00:14:10.950+0000] {logging_mixin.py:188} INFO - [2024-08-05T00:14:10.950+0000] {dagbag.py:545} INFO - Filling up the DagBag from /home/airflow/.local/lib/python3.12/site-packages/airflow/example_dags/example_xcomargs.py
[2024-08-05T00:14:10.958+0000] {processor.py:840} INFO - DAG(s) 'example_xcom_args', 'example_xcom_args_with_operators' retrieved from /home/airflow/.local/lib/python3.12/site-packages/airflow/example_dags/example_xcomargs.py
[2024-08-05T00:14:10.983+0000] {logging_mixin.py:188} INFO - [2024-08-05T00:14:10.982+0000] {dag.py:3089} INFO - Sync 2 DAGs
[2024-08-05T00:14:10.996+0000] {logging_mixin.py:188} INFO - [2024-08-05T00:14:10.996+0000] {dag.py:3947} INFO - Setting next_dagrun for example_xcom_args to None, run_after=None
[2024-08-05T00:14:11.000+0000] {logging_mixin.py:188} INFO - [2024-08-05T00:14:11.000+0000] {dag.py:3947} INFO - Setting next_dagrun for example_xcom_args_with_operators to None, run_after=None
[2024-08-05T00:14:11.015+0000] {processor.py:183} INFO - Processing /home/airflow/.local/lib/python3.12/site-packages/airflow/example_dags/example_xcomargs.py took 0.073 seconds
[2024-08-05T00:14:41.073+0000] {processor.py:161} INFO - Started process (PID=23400) to work on /home/airflow/.local/lib/python3.12/site-packages/airflow/example_dags/example_xcomargs.py
[2024-08-05T00:14:41.074+0000] {processor.py:830} INFO - Processing file /home/airflow/.local/lib/python3.12/site-packages/airflow/example_dags/example_xcomargs.py for tasks to queue
[2024-08-05T00:14:41.075+0000] {logging_mixin.py:188} INFO - [2024-08-05T00:14:41.075+0000] {dagbag.py:545} INFO - Filling up the DagBag from /home/airflow/.local/lib/python3.12/site-packages/airflow/example_dags/example_xcomargs.py
[2024-08-05T00:14:41.081+0000] {processor.py:840} INFO - DAG(s) 'example_xcom_args_with_operators', 'example_xcom_args' retrieved from /home/airflow/.local/lib/python3.12/site-packages/airflow/example_dags/example_xcomargs.py
[2024-08-05T00:14:41.102+0000] {logging_mixin.py:188} INFO - [2024-08-05T00:14:41.102+0000] {dag.py:3089} INFO - Sync 2 DAGs
[2024-08-05T00:14:41.115+0000] {logging_mixin.py:188} INFO - [2024-08-05T00:14:41.114+0000] {dag.py:3947} INFO - Setting next_dagrun for example_xcom_args to None, run_after=None
[2024-08-05T00:14:41.119+0000] {logging_mixin.py:188} INFO - [2024-08-05T00:14:41.119+0000] {dag.py:3947} INFO - Setting next_dagrun for example_xcom_args_with_operators to None, run_after=None
[2024-08-05T00:14:41.133+0000] {processor.py:183} INFO - Processing /home/airflow/.local/lib/python3.12/site-packages/airflow/example_dags/example_xcomargs.py took 0.065 seconds
[2024-08-05T00:15:11.365+0000] {processor.py:161} INFO - Started process (PID=23674) to work on /home/airflow/.local/lib/python3.12/site-packages/airflow/example_dags/example_xcomargs.py
[2024-08-05T00:15:11.366+0000] {processor.py:830} INFO - Processing file /home/airflow/.local/lib/python3.12/site-packages/airflow/example_dags/example_xcomargs.py for tasks to queue
[2024-08-05T00:15:11.368+0000] {logging_mixin.py:188} INFO - [2024-08-05T00:15:11.367+0000] {dagbag.py:545} INFO - Filling up the DagBag from /home/airflow/.local/lib/python3.12/site-packages/airflow/example_dags/example_xcomargs.py
[2024-08-05T00:15:11.374+0000] {processor.py:840} INFO - DAG(s) 'example_xcom_args', 'example_xcom_args_with_operators' retrieved from /home/airflow/.local/lib/python3.12/site-packages/airflow/example_dags/example_xcomargs.py
[2024-08-05T00:15:11.398+0000] {logging_mixin.py:188} INFO - [2024-08-05T00:15:11.398+0000] {dag.py:3089} INFO - Sync 2 DAGs
[2024-08-05T00:15:11.411+0000] {logging_mixin.py:188} INFO - [2024-08-05T00:15:11.410+0000] {dag.py:3947} INFO - Setting next_dagrun for example_xcom_args to None, run_after=None
[2024-08-05T00:15:11.415+0000] {logging_mixin.py:188} INFO - [2024-08-05T00:15:11.414+0000] {dag.py:3947} INFO - Setting next_dagrun for example_xcom_args_with_operators to None, run_after=None
[2024-08-05T00:15:11.429+0000] {processor.py:183} INFO - Processing /home/airflow/.local/lib/python3.12/site-packages/airflow/example_dags/example_xcomargs.py took 0.070 seconds
[2024-08-05T00:15:41.741+0000] {processor.py:161} INFO - Started process (PID=23946) to work on /home/airflow/.local/lib/python3.12/site-packages/airflow/example_dags/example_xcomargs.py
[2024-08-05T00:15:41.742+0000] {processor.py:830} INFO - Processing file /home/airflow/.local/lib/python3.12/site-packages/airflow/example_dags/example_xcomargs.py for tasks to queue
[2024-08-05T00:15:41.743+0000] {logging_mixin.py:188} INFO - [2024-08-05T00:15:41.743+0000] {dagbag.py:545} INFO - Filling up the DagBag from /home/airflow/.local/lib/python3.12/site-packages/airflow/example_dags/example_xcomargs.py
[2024-08-05T00:15:41.752+0000] {processor.py:840} INFO - DAG(s) 'example_xcom_args', 'example_xcom_args_with_operators' retrieved from /home/airflow/.local/lib/python3.12/site-packages/airflow/example_dags/example_xcomargs.py
[2024-08-05T00:15:41.779+0000] {logging_mixin.py:188} INFO - [2024-08-05T00:15:41.779+0000] {dag.py:3089} INFO - Sync 2 DAGs
[2024-08-05T00:15:41.791+0000] {logging_mixin.py:188} INFO - [2024-08-05T00:15:41.791+0000] {dag.py:3947} INFO - Setting next_dagrun for example_xcom_args to None, run_after=None
[2024-08-05T00:15:41.797+0000] {logging_mixin.py:188} INFO - [2024-08-05T00:15:41.796+0000] {dag.py:3947} INFO - Setting next_dagrun for example_xcom_args_with_operators to None, run_after=None
[2024-08-05T00:15:41.814+0000] {processor.py:183} INFO - Processing /home/airflow/.local/lib/python3.12/site-packages/airflow/example_dags/example_xcomargs.py took 0.077 seconds
[2024-08-05T00:16:12.264+0000] {processor.py:161} INFO - Started process (PID=24218) to work on /home/airflow/.local/lib/python3.12/site-packages/airflow/example_dags/example_xcomargs.py
[2024-08-05T00:16:12.265+0000] {processor.py:830} INFO - Processing file /home/airflow/.local/lib/python3.12/site-packages/airflow/example_dags/example_xcomargs.py for tasks to queue
[2024-08-05T00:16:12.267+0000] {logging_mixin.py:188} INFO - [2024-08-05T00:16:12.267+0000] {dagbag.py:545} INFO - Filling up the DagBag from /home/airflow/.local/lib/python3.12/site-packages/airflow/example_dags/example_xcomargs.py
[2024-08-05T00:16:12.274+0000] {processor.py:840} INFO - DAG(s) 'example_xcom_args_with_operators', 'example_xcom_args' retrieved from /home/airflow/.local/lib/python3.12/site-packages/airflow/example_dags/example_xcomargs.py
[2024-08-05T00:16:12.302+0000] {logging_mixin.py:188} INFO - [2024-08-05T00:16:12.302+0000] {dag.py:3089} INFO - Sync 2 DAGs
[2024-08-05T00:16:12.314+0000] {logging_mixin.py:188} INFO - [2024-08-05T00:16:12.314+0000] {dag.py:3947} INFO - Setting next_dagrun for example_xcom_args to None, run_after=None
[2024-08-05T00:16:12.318+0000] {logging_mixin.py:188} INFO - [2024-08-05T00:16:12.318+0000] {dag.py:3947} INFO - Setting next_dagrun for example_xcom_args_with_operators to None, run_after=None
[2024-08-05T00:16:12.333+0000] {processor.py:183} INFO - Processing /home/airflow/.local/lib/python3.12/site-packages/airflow/example_dags/example_xcomargs.py took 0.075 seconds
[2024-08-05T00:16:42.557+0000] {processor.py:161} INFO - Started process (PID=24488) to work on /home/airflow/.local/lib/python3.12/site-packages/airflow/example_dags/example_xcomargs.py
[2024-08-05T00:16:42.557+0000] {processor.py:830} INFO - Processing file /home/airflow/.local/lib/python3.12/site-packages/airflow/example_dags/example_xcomargs.py for tasks to queue
[2024-08-05T00:16:42.559+0000] {logging_mixin.py:188} INFO - [2024-08-05T00:16:42.558+0000] {dagbag.py:545} INFO - Filling up the DagBag from /home/airflow/.local/lib/python3.12/site-packages/airflow/example_dags/example_xcomargs.py
[2024-08-05T00:16:42.568+0000] {processor.py:840} INFO - DAG(s) 'example_xcom_args_with_operators', 'example_xcom_args' retrieved from /home/airflow/.local/lib/python3.12/site-packages/airflow/example_dags/example_xcomargs.py
[2024-08-05T00:16:42.591+0000] {logging_mixin.py:188} INFO - [2024-08-05T00:16:42.591+0000] {dag.py:3089} INFO - Sync 2 DAGs
[2024-08-05T00:16:42.603+0000] {logging_mixin.py:188} INFO - [2024-08-05T00:16:42.603+0000] {dag.py:3947} INFO - Setting next_dagrun for example_xcom_args to None, run_after=None
[2024-08-05T00:16:42.607+0000] {logging_mixin.py:188} INFO - [2024-08-05T00:16:42.607+0000] {dag.py:3947} INFO - Setting next_dagrun for example_xcom_args_with_operators to None, run_after=None
[2024-08-05T00:16:42.621+0000] {processor.py:183} INFO - Processing /home/airflow/.local/lib/python3.12/site-packages/airflow/example_dags/example_xcomargs.py took 0.068 seconds
[2024-08-05T00:17:12.925+0000] {processor.py:161} INFO - Started process (PID=24760) to work on /home/airflow/.local/lib/python3.12/site-packages/airflow/example_dags/example_xcomargs.py
[2024-08-05T00:17:12.926+0000] {processor.py:830} INFO - Processing file /home/airflow/.local/lib/python3.12/site-packages/airflow/example_dags/example_xcomargs.py for tasks to queue
[2024-08-05T00:17:12.928+0000] {logging_mixin.py:188} INFO - [2024-08-05T00:17:12.927+0000] {dagbag.py:545} INFO - Filling up the DagBag from /home/airflow/.local/lib/python3.12/site-packages/airflow/example_dags/example_xcomargs.py
[2024-08-05T00:17:12.935+0000] {processor.py:840} INFO - DAG(s) 'example_xcom_args', 'example_xcom_args_with_operators' retrieved from /home/airflow/.local/lib/python3.12/site-packages/airflow/example_dags/example_xcomargs.py
[2024-08-05T00:17:12.961+0000] {logging_mixin.py:188} INFO - [2024-08-05T00:17:12.961+0000] {dag.py:3089} INFO - Sync 2 DAGs
[2024-08-05T00:17:12.975+0000] {logging_mixin.py:188} INFO - [2024-08-05T00:17:12.974+0000] {dag.py:3947} INFO - Setting next_dagrun for example_xcom_args to None, run_after=None
[2024-08-05T00:17:12.979+0000] {logging_mixin.py:188} INFO - [2024-08-05T00:17:12.979+0000] {dag.py:3947} INFO - Setting next_dagrun for example_xcom_args_with_operators to None, run_after=None
[2024-08-05T00:17:12.994+0000] {processor.py:183} INFO - Processing /home/airflow/.local/lib/python3.12/site-packages/airflow/example_dags/example_xcomargs.py took 0.074 seconds
[2024-08-05T00:17:43.246+0000] {processor.py:161} INFO - Started process (PID=25034) to work on /home/airflow/.local/lib/python3.12/site-packages/airflow/example_dags/example_xcomargs.py
[2024-08-05T00:17:43.247+0000] {processor.py:830} INFO - Processing file /home/airflow/.local/lib/python3.12/site-packages/airflow/example_dags/example_xcomargs.py for tasks to queue
[2024-08-05T00:17:43.249+0000] {logging_mixin.py:188} INFO - [2024-08-05T00:17:43.249+0000] {dagbag.py:545} INFO - Filling up the DagBag from /home/airflow/.local/lib/python3.12/site-packages/airflow/example_dags/example_xcomargs.py
[2024-08-05T00:17:43.256+0000] {processor.py:840} INFO - DAG(s) 'example_xcom_args', 'example_xcom_args_with_operators' retrieved from /home/airflow/.local/lib/python3.12/site-packages/airflow/example_dags/example_xcomargs.py
[2024-08-05T00:17:43.282+0000] {logging_mixin.py:188} INFO - [2024-08-05T00:17:43.282+0000] {dag.py:3089} INFO - Sync 2 DAGs
[2024-08-05T00:17:43.294+0000] {logging_mixin.py:188} INFO - [2024-08-05T00:17:43.294+0000] {dag.py:3947} INFO - Setting next_dagrun for example_xcom_args to None, run_after=None
[2024-08-05T00:17:43.298+0000] {logging_mixin.py:188} INFO - [2024-08-05T00:17:43.298+0000] {dag.py:3947} INFO - Setting next_dagrun for example_xcom_args_with_operators to None, run_after=None
[2024-08-05T00:17:43.313+0000] {processor.py:183} INFO - Processing /home/airflow/.local/lib/python3.12/site-packages/airflow/example_dags/example_xcomargs.py took 0.072 seconds
[2024-08-05T00:18:13.462+0000] {processor.py:161} INFO - Started process (PID=25304) to work on /home/airflow/.local/lib/python3.12/site-packages/airflow/example_dags/example_xcomargs.py
[2024-08-05T00:18:13.463+0000] {processor.py:830} INFO - Processing file /home/airflow/.local/lib/python3.12/site-packages/airflow/example_dags/example_xcomargs.py for tasks to queue
[2024-08-05T00:18:13.466+0000] {logging_mixin.py:188} INFO - [2024-08-05T00:18:13.465+0000] {dagbag.py:545} INFO - Filling up the DagBag from /home/airflow/.local/lib/python3.12/site-packages/airflow/example_dags/example_xcomargs.py
[2024-08-05T00:18:13.473+0000] {processor.py:840} INFO - DAG(s) 'example_xcom_args_with_operators', 'example_xcom_args' retrieved from /home/airflow/.local/lib/python3.12/site-packages/airflow/example_dags/example_xcomargs.py
[2024-08-05T00:18:13.500+0000] {logging_mixin.py:188} INFO - [2024-08-05T00:18:13.500+0000] {dag.py:3089} INFO - Sync 2 DAGs
[2024-08-05T00:18:13.512+0000] {logging_mixin.py:188} INFO - [2024-08-05T00:18:13.512+0000] {dag.py:3947} INFO - Setting next_dagrun for example_xcom_args to None, run_after=None
[2024-08-05T00:18:13.516+0000] {logging_mixin.py:188} INFO - [2024-08-05T00:18:13.516+0000] {dag.py:3947} INFO - Setting next_dagrun for example_xcom_args_with_operators to None, run_after=None
[2024-08-05T00:18:13.531+0000] {processor.py:183} INFO - Processing /home/airflow/.local/lib/python3.12/site-packages/airflow/example_dags/example_xcomargs.py took 0.073 seconds
[2024-08-05T00:18:43.702+0000] {processor.py:161} INFO - Started process (PID=25576) to work on /home/airflow/.local/lib/python3.12/site-packages/airflow/example_dags/example_xcomargs.py
[2024-08-05T00:18:43.703+0000] {processor.py:830} INFO - Processing file /home/airflow/.local/lib/python3.12/site-packages/airflow/example_dags/example_xcomargs.py for tasks to queue
[2024-08-05T00:18:43.704+0000] {logging_mixin.py:188} INFO - [2024-08-05T00:18:43.704+0000] {dagbag.py:545} INFO - Filling up the DagBag from /home/airflow/.local/lib/python3.12/site-packages/airflow/example_dags/example_xcomargs.py
[2024-08-05T00:18:43.710+0000] {processor.py:840} INFO - DAG(s) 'example_xcom_args_with_operators', 'example_xcom_args' retrieved from /home/airflow/.local/lib/python3.12/site-packages/airflow/example_dags/example_xcomargs.py
[2024-08-05T00:18:43.735+0000] {logging_mixin.py:188} INFO - [2024-08-05T00:18:43.735+0000] {dag.py:3089} INFO - Sync 2 DAGs
[2024-08-05T00:18:43.748+0000] {logging_mixin.py:188} INFO - [2024-08-05T00:18:43.748+0000] {dag.py:3947} INFO - Setting next_dagrun for example_xcom_args to None, run_after=None
[2024-08-05T00:18:43.753+0000] {logging_mixin.py:188} INFO - [2024-08-05T00:18:43.753+0000] {dag.py:3947} INFO - Setting next_dagrun for example_xcom_args_with_operators to None, run_after=None
[2024-08-05T00:18:43.769+0000] {processor.py:183} INFO - Processing /home/airflow/.local/lib/python3.12/site-packages/airflow/example_dags/example_xcomargs.py took 0.071 seconds
[2024-08-05T00:19:13.956+0000] {processor.py:161} INFO - Started process (PID=25850) to work on /home/airflow/.local/lib/python3.12/site-packages/airflow/example_dags/example_xcomargs.py
[2024-08-05T00:19:13.957+0000] {processor.py:830} INFO - Processing file /home/airflow/.local/lib/python3.12/site-packages/airflow/example_dags/example_xcomargs.py for tasks to queue
[2024-08-05T00:19:13.959+0000] {logging_mixin.py:188} INFO - [2024-08-05T00:19:13.959+0000] {dagbag.py:545} INFO - Filling up the DagBag from /home/airflow/.local/lib/python3.12/site-packages/airflow/example_dags/example_xcomargs.py
[2024-08-05T00:19:13.966+0000] {processor.py:840} INFO - DAG(s) 'example_xcom_args_with_operators', 'example_xcom_args' retrieved from /home/airflow/.local/lib/python3.12/site-packages/airflow/example_dags/example_xcomargs.py
[2024-08-05T00:19:13.988+0000] {logging_mixin.py:188} INFO - [2024-08-05T00:19:13.988+0000] {dag.py:3089} INFO - Sync 2 DAGs
[2024-08-05T00:19:14.000+0000] {logging_mixin.py:188} INFO - [2024-08-05T00:19:14.000+0000] {dag.py:3947} INFO - Setting next_dagrun for example_xcom_args to None, run_after=None
[2024-08-05T00:19:14.004+0000] {logging_mixin.py:188} INFO - [2024-08-05T00:19:14.004+0000] {dag.py:3947} INFO - Setting next_dagrun for example_xcom_args_with_operators to None, run_after=None
[2024-08-05T00:19:14.018+0000] {processor.py:183} INFO - Processing /home/airflow/.local/lib/python3.12/site-packages/airflow/example_dags/example_xcomargs.py took 0.067 seconds
[2024-08-05T00:19:44.225+0000] {processor.py:161} INFO - Started process (PID=26120) to work on /home/airflow/.local/lib/python3.12/site-packages/airflow/example_dags/example_xcomargs.py
[2024-08-05T00:19:44.225+0000] {processor.py:830} INFO - Processing file /home/airflow/.local/lib/python3.12/site-packages/airflow/example_dags/example_xcomargs.py for tasks to queue
[2024-08-05T00:19:44.227+0000] {logging_mixin.py:188} INFO - [2024-08-05T00:19:44.226+0000] {dagbag.py:545} INFO - Filling up the DagBag from /home/airflow/.local/lib/python3.12/site-packages/airflow/example_dags/example_xcomargs.py
[2024-08-05T00:19:44.233+0000] {processor.py:840} INFO - DAG(s) 'example_xcom_args_with_operators', 'example_xcom_args' retrieved from /home/airflow/.local/lib/python3.12/site-packages/airflow/example_dags/example_xcomargs.py
[2024-08-05T00:19:44.257+0000] {logging_mixin.py:188} INFO - [2024-08-05T00:19:44.257+0000] {dag.py:3089} INFO - Sync 2 DAGs
[2024-08-05T00:19:44.268+0000] {logging_mixin.py:188} INFO - [2024-08-05T00:19:44.268+0000] {dag.py:3947} INFO - Setting next_dagrun for example_xcom_args to None, run_after=None
[2024-08-05T00:19:44.272+0000] {logging_mixin.py:188} INFO - [2024-08-05T00:19:44.272+0000] {dag.py:3947} INFO - Setting next_dagrun for example_xcom_args_with_operators to None, run_after=None
[2024-08-05T00:19:44.286+0000] {processor.py:183} INFO - Processing /home/airflow/.local/lib/python3.12/site-packages/airflow/example_dags/example_xcomargs.py took 0.067 seconds
[2024-08-05T00:20:14.358+0000] {processor.py:161} INFO - Started process (PID=26398) to work on /home/airflow/.local/lib/python3.12/site-packages/airflow/example_dags/example_xcomargs.py
[2024-08-05T00:20:14.359+0000] {processor.py:830} INFO - Processing file /home/airflow/.local/lib/python3.12/site-packages/airflow/example_dags/example_xcomargs.py for tasks to queue
[2024-08-05T00:20:14.360+0000] {logging_mixin.py:188} INFO - [2024-08-05T00:20:14.360+0000] {dagbag.py:545} INFO - Filling up the DagBag from /home/airflow/.local/lib/python3.12/site-packages/airflow/example_dags/example_xcomargs.py
[2024-08-05T00:20:14.366+0000] {processor.py:840} INFO - DAG(s) 'example_xcom_args', 'example_xcom_args_with_operators' retrieved from /home/airflow/.local/lib/python3.12/site-packages/airflow/example_dags/example_xcomargs.py
[2024-08-05T00:20:14.392+0000] {logging_mixin.py:188} INFO - [2024-08-05T00:20:14.391+0000] {dag.py:3089} INFO - Sync 2 DAGs
[2024-08-05T00:20:14.407+0000] {logging_mixin.py:188} INFO - [2024-08-05T00:20:14.406+0000] {dag.py:3947} INFO - Setting next_dagrun for example_xcom_args to None, run_after=None
[2024-08-05T00:20:14.410+0000] {logging_mixin.py:188} INFO - [2024-08-05T00:20:14.410+0000] {dag.py:3947} INFO - Setting next_dagrun for example_xcom_args_with_operators to None, run_after=None
[2024-08-05T00:20:14.425+0000] {processor.py:183} INFO - Processing /home/airflow/.local/lib/python3.12/site-packages/airflow/example_dags/example_xcomargs.py took 0.073 seconds
[2024-08-05T00:20:44.990+0000] {processor.py:161} INFO - Started process (PID=26673) to work on /home/airflow/.local/lib/python3.12/site-packages/airflow/example_dags/example_xcomargs.py
[2024-08-05T00:20:44.991+0000] {processor.py:830} INFO - Processing file /home/airflow/.local/lib/python3.12/site-packages/airflow/example_dags/example_xcomargs.py for tasks to queue
[2024-08-05T00:20:44.993+0000] {logging_mixin.py:188} INFO - [2024-08-05T00:20:44.992+0000] {dagbag.py:545} INFO - Filling up the DagBag from /home/airflow/.local/lib/python3.12/site-packages/airflow/example_dags/example_xcomargs.py
[2024-08-05T00:20:44.999+0000] {processor.py:840} INFO - DAG(s) 'example_xcom_args', 'example_xcom_args_with_operators' retrieved from /home/airflow/.local/lib/python3.12/site-packages/airflow/example_dags/example_xcomargs.py
[2024-08-05T00:20:45.021+0000] {logging_mixin.py:188} INFO - [2024-08-05T00:20:45.021+0000] {dag.py:3089} INFO - Sync 2 DAGs
[2024-08-05T00:20:45.033+0000] {logging_mixin.py:188} INFO - [2024-08-05T00:20:45.033+0000] {dag.py:3947} INFO - Setting next_dagrun for example_xcom_args to None, run_after=None
[2024-08-05T00:20:45.036+0000] {logging_mixin.py:188} INFO - [2024-08-05T00:20:45.036+0000] {dag.py:3947} INFO - Setting next_dagrun for example_xcom_args_with_operators to None, run_after=None
[2024-08-05T00:20:45.050+0000] {processor.py:183} INFO - Processing /home/airflow/.local/lib/python3.12/site-packages/airflow/example_dags/example_xcomargs.py took 0.066 seconds
[2024-08-05T00:21:15.434+0000] {processor.py:161} INFO - Started process (PID=26945) to work on /home/airflow/.local/lib/python3.12/site-packages/airflow/example_dags/example_xcomargs.py
[2024-08-05T00:21:15.434+0000] {processor.py:830} INFO - Processing file /home/airflow/.local/lib/python3.12/site-packages/airflow/example_dags/example_xcomargs.py for tasks to queue
[2024-08-05T00:21:15.436+0000] {logging_mixin.py:188} INFO - [2024-08-05T00:21:15.436+0000] {dagbag.py:545} INFO - Filling up the DagBag from /home/airflow/.local/lib/python3.12/site-packages/airflow/example_dags/example_xcomargs.py
[2024-08-05T00:21:15.444+0000] {processor.py:840} INFO - DAG(s) 'example_xcom_args_with_operators', 'example_xcom_args' retrieved from /home/airflow/.local/lib/python3.12/site-packages/airflow/example_dags/example_xcomargs.py
[2024-08-05T00:21:15.468+0000] {logging_mixin.py:188} INFO - [2024-08-05T00:21:15.468+0000] {dag.py:3089} INFO - Sync 2 DAGs
[2024-08-05T00:21:15.481+0000] {logging_mixin.py:188} INFO - [2024-08-05T00:21:15.481+0000] {dag.py:3947} INFO - Setting next_dagrun for example_xcom_args to None, run_after=None
[2024-08-05T00:21:15.484+0000] {logging_mixin.py:188} INFO - [2024-08-05T00:21:15.484+0000] {dag.py:3947} INFO - Setting next_dagrun for example_xcom_args_with_operators to None, run_after=None
[2024-08-05T00:21:15.499+0000] {processor.py:183} INFO - Processing /home/airflow/.local/lib/python3.12/site-packages/airflow/example_dags/example_xcomargs.py took 0.071 seconds
[2024-08-05T00:21:45.672+0000] {processor.py:161} INFO - Started process (PID=27217) to work on /home/airflow/.local/lib/python3.12/site-packages/airflow/example_dags/example_xcomargs.py
[2024-08-05T00:21:45.673+0000] {processor.py:830} INFO - Processing file /home/airflow/.local/lib/python3.12/site-packages/airflow/example_dags/example_xcomargs.py for tasks to queue
[2024-08-05T00:21:45.675+0000] {logging_mixin.py:188} INFO - [2024-08-05T00:21:45.674+0000] {dagbag.py:545} INFO - Filling up the DagBag from /home/airflow/.local/lib/python3.12/site-packages/airflow/example_dags/example_xcomargs.py
[2024-08-05T00:21:45.681+0000] {processor.py:840} INFO - DAG(s) 'example_xcom_args', 'example_xcom_args_with_operators' retrieved from /home/airflow/.local/lib/python3.12/site-packages/airflow/example_dags/example_xcomargs.py
[2024-08-05T00:21:45.705+0000] {logging_mixin.py:188} INFO - [2024-08-05T00:21:45.705+0000] {dag.py:3089} INFO - Sync 2 DAGs
[2024-08-05T00:21:45.717+0000] {logging_mixin.py:188} INFO - [2024-08-05T00:21:45.717+0000] {dag.py:3947} INFO - Setting next_dagrun for example_xcom_args to None, run_after=None
[2024-08-05T00:21:45.721+0000] {logging_mixin.py:188} INFO - [2024-08-05T00:21:45.721+0000] {dag.py:3947} INFO - Setting next_dagrun for example_xcom_args_with_operators to None, run_after=None
[2024-08-05T00:21:45.735+0000] {processor.py:183} INFO - Processing /home/airflow/.local/lib/python3.12/site-packages/airflow/example_dags/example_xcomargs.py took 0.068 seconds
[2024-08-05T00:22:16.075+0000] {processor.py:161} INFO - Started process (PID=27489) to work on /home/airflow/.local/lib/python3.12/site-packages/airflow/example_dags/example_xcomargs.py
[2024-08-05T00:22:16.075+0000] {processor.py:830} INFO - Processing file /home/airflow/.local/lib/python3.12/site-packages/airflow/example_dags/example_xcomargs.py for tasks to queue
[2024-08-05T00:22:16.077+0000] {logging_mixin.py:188} INFO - [2024-08-05T00:22:16.076+0000] {dagbag.py:545} INFO - Filling up the DagBag from /home/airflow/.local/lib/python3.12/site-packages/airflow/example_dags/example_xcomargs.py
[2024-08-05T00:22:16.083+0000] {processor.py:840} INFO - DAG(s) 'example_xcom_args_with_operators', 'example_xcom_args' retrieved from /home/airflow/.local/lib/python3.12/site-packages/airflow/example_dags/example_xcomargs.py
[2024-08-05T00:22:16.106+0000] {logging_mixin.py:188} INFO - [2024-08-05T00:22:16.106+0000] {dag.py:3089} INFO - Sync 2 DAGs
[2024-08-05T00:22:16.117+0000] {logging_mixin.py:188} INFO - [2024-08-05T00:22:16.116+0000] {dag.py:3947} INFO - Setting next_dagrun for example_xcom_args to None, run_after=None
[2024-08-05T00:22:16.121+0000] {logging_mixin.py:188} INFO - [2024-08-05T00:22:16.121+0000] {dag.py:3947} INFO - Setting next_dagrun for example_xcom_args_with_operators to None, run_after=None
[2024-08-05T00:22:16.134+0000] {processor.py:183} INFO - Processing /home/airflow/.local/lib/python3.12/site-packages/airflow/example_dags/example_xcomargs.py took 0.064 seconds
[2024-08-05T00:22:46.560+0000] {processor.py:161} INFO - Started process (PID=27761) to work on /home/airflow/.local/lib/python3.12/site-packages/airflow/example_dags/example_xcomargs.py
[2024-08-05T00:22:46.560+0000] {processor.py:830} INFO - Processing file /home/airflow/.local/lib/python3.12/site-packages/airflow/example_dags/example_xcomargs.py for tasks to queue
[2024-08-05T00:22:46.562+0000] {logging_mixin.py:188} INFO - [2024-08-05T00:22:46.562+0000] {dagbag.py:545} INFO - Filling up the DagBag from /home/airflow/.local/lib/python3.12/site-packages/airflow/example_dags/example_xcomargs.py
[2024-08-05T00:22:46.568+0000] {processor.py:840} INFO - DAG(s) 'example_xcom_args_with_operators', 'example_xcom_args' retrieved from /home/airflow/.local/lib/python3.12/site-packages/airflow/example_dags/example_xcomargs.py
[2024-08-05T00:22:46.593+0000] {logging_mixin.py:188} INFO - [2024-08-05T00:22:46.592+0000] {dag.py:3089} INFO - Sync 2 DAGs
[2024-08-05T00:22:46.604+0000] {logging_mixin.py:188} INFO - [2024-08-05T00:22:46.604+0000] {dag.py:3947} INFO - Setting next_dagrun for example_xcom_args to None, run_after=None
[2024-08-05T00:22:46.608+0000] {logging_mixin.py:188} INFO - [2024-08-05T00:22:46.608+0000] {dag.py:3947} INFO - Setting next_dagrun for example_xcom_args_with_operators to None, run_after=None
[2024-08-05T00:22:46.623+0000] {processor.py:183} INFO - Processing /home/airflow/.local/lib/python3.12/site-packages/airflow/example_dags/example_xcomargs.py took 0.067 seconds
[2024-08-05T00:23:17.146+0000] {processor.py:161} INFO - Started process (PID=28035) to work on /home/airflow/.local/lib/python3.12/site-packages/airflow/example_dags/example_xcomargs.py
[2024-08-05T00:23:17.147+0000] {processor.py:830} INFO - Processing file /home/airflow/.local/lib/python3.12/site-packages/airflow/example_dags/example_xcomargs.py for tasks to queue
[2024-08-05T00:23:17.148+0000] {logging_mixin.py:188} INFO - [2024-08-05T00:23:17.148+0000] {dagbag.py:545} INFO - Filling up the DagBag from /home/airflow/.local/lib/python3.12/site-packages/airflow/example_dags/example_xcomargs.py
[2024-08-05T00:23:17.157+0000] {processor.py:840} INFO - DAG(s) 'example_xcom_args', 'example_xcom_args_with_operators' retrieved from /home/airflow/.local/lib/python3.12/site-packages/airflow/example_dags/example_xcomargs.py
[2024-08-05T00:23:17.182+0000] {logging_mixin.py:188} INFO - [2024-08-05T00:23:17.181+0000] {dag.py:3089} INFO - Sync 2 DAGs
[2024-08-05T00:23:17.195+0000] {logging_mixin.py:188} INFO - [2024-08-05T00:23:17.195+0000] {dag.py:3947} INFO - Setting next_dagrun for example_xcom_args to None, run_after=None
[2024-08-05T00:23:17.198+0000] {logging_mixin.py:188} INFO - [2024-08-05T00:23:17.198+0000] {dag.py:3947} INFO - Setting next_dagrun for example_xcom_args_with_operators to None, run_after=None
[2024-08-05T00:23:17.214+0000] {processor.py:183} INFO - Processing /home/airflow/.local/lib/python3.12/site-packages/airflow/example_dags/example_xcomargs.py took 0.073 seconds
[2024-08-05T00:23:47.744+0000] {processor.py:161} INFO - Started process (PID=28305) to work on /home/airflow/.local/lib/python3.12/site-packages/airflow/example_dags/example_xcomargs.py
[2024-08-05T00:23:47.744+0000] {processor.py:830} INFO - Processing file /home/airflow/.local/lib/python3.12/site-packages/airflow/example_dags/example_xcomargs.py for tasks to queue
[2024-08-05T00:23:47.746+0000] {logging_mixin.py:188} INFO - [2024-08-05T00:23:47.746+0000] {dagbag.py:545} INFO - Filling up the DagBag from /home/airflow/.local/lib/python3.12/site-packages/airflow/example_dags/example_xcomargs.py
[2024-08-05T00:23:47.753+0000] {processor.py:840} INFO - DAG(s) 'example_xcom_args', 'example_xcom_args_with_operators' retrieved from /home/airflow/.local/lib/python3.12/site-packages/airflow/example_dags/example_xcomargs.py
[2024-08-05T00:23:47.775+0000] {logging_mixin.py:188} INFO - [2024-08-05T00:23:47.775+0000] {dag.py:3089} INFO - Sync 2 DAGs
[2024-08-05T00:23:47.788+0000] {logging_mixin.py:188} INFO - [2024-08-05T00:23:47.788+0000] {dag.py:3947} INFO - Setting next_dagrun for example_xcom_args to None, run_after=None
[2024-08-05T00:23:47.792+0000] {logging_mixin.py:188} INFO - [2024-08-05T00:23:47.792+0000] {dag.py:3947} INFO - Setting next_dagrun for example_xcom_args_with_operators to None, run_after=None
[2024-08-05T00:23:47.805+0000] {processor.py:183} INFO - Processing /home/airflow/.local/lib/python3.12/site-packages/airflow/example_dags/example_xcomargs.py took 0.066 seconds
[2024-08-05T00:24:18.504+0000] {processor.py:161} INFO - Started process (PID=28577) to work on /home/airflow/.local/lib/python3.12/site-packages/airflow/example_dags/example_xcomargs.py
[2024-08-05T00:24:18.504+0000] {processor.py:830} INFO - Processing file /home/airflow/.local/lib/python3.12/site-packages/airflow/example_dags/example_xcomargs.py for tasks to queue
[2024-08-05T00:24:18.506+0000] {logging_mixin.py:188} INFO - [2024-08-05T00:24:18.505+0000] {dagbag.py:545} INFO - Filling up the DagBag from /home/airflow/.local/lib/python3.12/site-packages/airflow/example_dags/example_xcomargs.py
[2024-08-05T00:24:18.625+0000] {processor.py:840} INFO - DAG(s) 'example_xcom_args', 'example_xcom_args_with_operators' retrieved from /home/airflow/.local/lib/python3.12/site-packages/airflow/example_dags/example_xcomargs.py
[2024-08-05T00:24:18.642+0000] {logging_mixin.py:188} INFO - [2024-08-05T00:24:18.642+0000] {dag.py:3089} INFO - Sync 2 DAGs
[2024-08-05T00:24:18.651+0000] {logging_mixin.py:188} INFO - [2024-08-05T00:24:18.651+0000] {dag.py:3947} INFO - Setting next_dagrun for example_xcom_args to None, run_after=None
[2024-08-05T00:24:18.654+0000] {logging_mixin.py:188} INFO - [2024-08-05T00:24:18.654+0000] {dag.py:3947} INFO - Setting next_dagrun for example_xcom_args_with_operators to None, run_after=None
[2024-08-05T00:24:18.665+0000] {processor.py:183} INFO - Processing /home/airflow/.local/lib/python3.12/site-packages/airflow/example_dags/example_xcomargs.py took 0.166 seconds
[2024-08-05T00:24:48.937+0000] {processor.py:161} INFO - Started process (PID=28849) to work on /home/airflow/.local/lib/python3.12/site-packages/airflow/example_dags/example_xcomargs.py
[2024-08-05T00:24:48.938+0000] {processor.py:830} INFO - Processing file /home/airflow/.local/lib/python3.12/site-packages/airflow/example_dags/example_xcomargs.py for tasks to queue
[2024-08-05T00:24:48.939+0000] {logging_mixin.py:188} INFO - [2024-08-05T00:24:48.939+0000] {dagbag.py:545} INFO - Filling up the DagBag from /home/airflow/.local/lib/python3.12/site-packages/airflow/example_dags/example_xcomargs.py
[2024-08-05T00:24:48.945+0000] {processor.py:840} INFO - DAG(s) 'example_xcom_args', 'example_xcom_args_with_operators' retrieved from /home/airflow/.local/lib/python3.12/site-packages/airflow/example_dags/example_xcomargs.py
[2024-08-05T00:24:48.966+0000] {logging_mixin.py:188} INFO - [2024-08-05T00:24:48.966+0000] {dag.py:3089} INFO - Sync 2 DAGs
[2024-08-05T00:24:48.976+0000] {logging_mixin.py:188} INFO - [2024-08-05T00:24:48.976+0000] {dag.py:3947} INFO - Setting next_dagrun for example_xcom_args to None, run_after=None
[2024-08-05T00:24:48.979+0000] {logging_mixin.py:188} INFO - [2024-08-05T00:24:48.979+0000] {dag.py:3947} INFO - Setting next_dagrun for example_xcom_args_with_operators to None, run_after=None
[2024-08-05T00:24:48.990+0000] {processor.py:183} INFO - Processing /home/airflow/.local/lib/python3.12/site-packages/airflow/example_dags/example_xcomargs.py took 0.057 seconds
