[2024-08-05T00:00:27.068+0000] {processor.py:161} INFO - Started process (PID=15743) to work on /home/airflow/.local/lib/python3.12/site-packages/airflow/example_dags/example_sensors.py
[2024-08-05T00:00:27.069+0000] {processor.py:830} INFO - Processing file /home/airflow/.local/lib/python3.12/site-packages/airflow/example_dags/example_sensors.py for tasks to queue
[2024-08-05T00:00:27.071+0000] {logging_mixin.py:188} INFO - [2024-08-05T00:00:27.070+0000] {dagbag.py:545} INFO - Filling up the DagBag from /home/airflow/.local/lib/python3.12/site-packages/airflow/example_dags/example_sensors.py
[2024-08-05T00:00:27.078+0000] {processor.py:840} INFO - DAG(s) 'example_sensors' retrieved from /home/airflow/.local/lib/python3.12/site-packages/airflow/example_dags/example_sensors.py
[2024-08-05T00:00:27.100+0000] {logging_mixin.py:188} INFO - [2024-08-05T00:00:27.100+0000] {dag.py:3089} INFO - Sync 1 DAGs
[2024-08-05T00:00:27.112+0000] {logging_mixin.py:188} INFO - [2024-08-05T00:00:27.112+0000] {dag.py:3947} INFO - Setting next_dagrun for example_sensors to None, run_after=None
[2024-08-05T00:00:27.128+0000] {processor.py:183} INFO - Processing /home/airflow/.local/lib/python3.12/site-packages/airflow/example_dags/example_sensors.py took 0.064 seconds
[2024-08-05T00:00:57.776+0000] {processor.py:161} INFO - Started process (PID=16015) to work on /home/airflow/.local/lib/python3.12/site-packages/airflow/example_dags/example_sensors.py
[2024-08-05T00:00:57.777+0000] {processor.py:830} INFO - Processing file /home/airflow/.local/lib/python3.12/site-packages/airflow/example_dags/example_sensors.py for tasks to queue
[2024-08-05T00:00:57.778+0000] {logging_mixin.py:188} INFO - [2024-08-05T00:00:57.778+0000] {dagbag.py:545} INFO - Filling up the DagBag from /home/airflow/.local/lib/python3.12/site-packages/airflow/example_dags/example_sensors.py
[2024-08-05T00:00:57.787+0000] {processor.py:840} INFO - DAG(s) 'example_sensors' retrieved from /home/airflow/.local/lib/python3.12/site-packages/airflow/example_dags/example_sensors.py
[2024-08-05T00:00:57.811+0000] {logging_mixin.py:188} INFO - [2024-08-05T00:00:57.811+0000] {dag.py:3089} INFO - Sync 1 DAGs
[2024-08-05T00:00:57.822+0000] {logging_mixin.py:188} INFO - [2024-08-05T00:00:57.822+0000] {dag.py:3947} INFO - Setting next_dagrun for example_sensors to None, run_after=None
[2024-08-05T00:00:57.836+0000] {processor.py:183} INFO - Processing /home/airflow/.local/lib/python3.12/site-packages/airflow/example_dags/example_sensors.py took 0.065 seconds
[2024-08-05T00:01:27.927+0000] {processor.py:161} INFO - Started process (PID=16287) to work on /home/airflow/.local/lib/python3.12/site-packages/airflow/example_dags/example_sensors.py
[2024-08-05T00:01:27.928+0000] {processor.py:830} INFO - Processing file /home/airflow/.local/lib/python3.12/site-packages/airflow/example_dags/example_sensors.py for tasks to queue
[2024-08-05T00:01:27.929+0000] {logging_mixin.py:188} INFO - [2024-08-05T00:01:27.929+0000] {dagbag.py:545} INFO - Filling up the DagBag from /home/airflow/.local/lib/python3.12/site-packages/airflow/example_dags/example_sensors.py
[2024-08-05T00:01:27.938+0000] {processor.py:840} INFO - DAG(s) 'example_sensors' retrieved from /home/airflow/.local/lib/python3.12/site-packages/airflow/example_dags/example_sensors.py
[2024-08-05T00:01:27.969+0000] {logging_mixin.py:188} INFO - [2024-08-05T00:01:27.968+0000] {dag.py:3089} INFO - Sync 1 DAGs
[2024-08-05T00:01:27.981+0000] {logging_mixin.py:188} INFO - [2024-08-05T00:01:27.981+0000] {dag.py:3947} INFO - Setting next_dagrun for example_sensors to None, run_after=None
[2024-08-05T00:01:27.997+0000] {processor.py:183} INFO - Processing /home/airflow/.local/lib/python3.12/site-packages/airflow/example_dags/example_sensors.py took 0.075 seconds
[2024-08-05T00:01:58.098+0000] {processor.py:161} INFO - Started process (PID=16559) to work on /home/airflow/.local/lib/python3.12/site-packages/airflow/example_dags/example_sensors.py
[2024-08-05T00:01:58.099+0000] {processor.py:830} INFO - Processing file /home/airflow/.local/lib/python3.12/site-packages/airflow/example_dags/example_sensors.py for tasks to queue
[2024-08-05T00:01:58.101+0000] {logging_mixin.py:188} INFO - [2024-08-05T00:01:58.101+0000] {dagbag.py:545} INFO - Filling up the DagBag from /home/airflow/.local/lib/python3.12/site-packages/airflow/example_dags/example_sensors.py
[2024-08-05T00:01:58.109+0000] {processor.py:840} INFO - DAG(s) 'example_sensors' retrieved from /home/airflow/.local/lib/python3.12/site-packages/airflow/example_dags/example_sensors.py
[2024-08-05T00:01:58.134+0000] {logging_mixin.py:188} INFO - [2024-08-05T00:01:58.134+0000] {dag.py:3089} INFO - Sync 1 DAGs
[2024-08-05T00:01:58.146+0000] {logging_mixin.py:188} INFO - [2024-08-05T00:01:58.146+0000] {dag.py:3947} INFO - Setting next_dagrun for example_sensors to None, run_after=None
[2024-08-05T00:01:58.164+0000] {processor.py:183} INFO - Processing /home/airflow/.local/lib/python3.12/site-packages/airflow/example_dags/example_sensors.py took 0.070 seconds
[2024-08-05T00:02:28.346+0000] {processor.py:161} INFO - Started process (PID=16831) to work on /home/airflow/.local/lib/python3.12/site-packages/airflow/example_dags/example_sensors.py
[2024-08-05T00:02:28.347+0000] {processor.py:830} INFO - Processing file /home/airflow/.local/lib/python3.12/site-packages/airflow/example_dags/example_sensors.py for tasks to queue
[2024-08-05T00:02:28.349+0000] {logging_mixin.py:188} INFO - [2024-08-05T00:02:28.348+0000] {dagbag.py:545} INFO - Filling up the DagBag from /home/airflow/.local/lib/python3.12/site-packages/airflow/example_dags/example_sensors.py
[2024-08-05T00:02:28.356+0000] {processor.py:840} INFO - DAG(s) 'example_sensors' retrieved from /home/airflow/.local/lib/python3.12/site-packages/airflow/example_dags/example_sensors.py
[2024-08-05T00:02:28.382+0000] {logging_mixin.py:188} INFO - [2024-08-05T00:02:28.381+0000] {dag.py:3089} INFO - Sync 1 DAGs
[2024-08-05T00:02:28.393+0000] {logging_mixin.py:188} INFO - [2024-08-05T00:02:28.393+0000] {dag.py:3947} INFO - Setting next_dagrun for example_sensors to None, run_after=None
[2024-08-05T00:02:28.408+0000] {processor.py:183} INFO - Processing /home/airflow/.local/lib/python3.12/site-packages/airflow/example_dags/example_sensors.py took 0.067 seconds
[2024-08-05T00:02:58.614+0000] {processor.py:161} INFO - Started process (PID=17103) to work on /home/airflow/.local/lib/python3.12/site-packages/airflow/example_dags/example_sensors.py
[2024-08-05T00:02:58.615+0000] {processor.py:830} INFO - Processing file /home/airflow/.local/lib/python3.12/site-packages/airflow/example_dags/example_sensors.py for tasks to queue
[2024-08-05T00:02:58.617+0000] {logging_mixin.py:188} INFO - [2024-08-05T00:02:58.617+0000] {dagbag.py:545} INFO - Filling up the DagBag from /home/airflow/.local/lib/python3.12/site-packages/airflow/example_dags/example_sensors.py
[2024-08-05T00:02:58.625+0000] {processor.py:840} INFO - DAG(s) 'example_sensors' retrieved from /home/airflow/.local/lib/python3.12/site-packages/airflow/example_dags/example_sensors.py
[2024-08-05T00:02:58.650+0000] {logging_mixin.py:188} INFO - [2024-08-05T00:02:58.650+0000] {dag.py:3089} INFO - Sync 1 DAGs
[2024-08-05T00:02:58.661+0000] {logging_mixin.py:188} INFO - [2024-08-05T00:02:58.661+0000] {dag.py:3947} INFO - Setting next_dagrun for example_sensors to None, run_after=None
[2024-08-05T00:02:58.677+0000] {processor.py:183} INFO - Processing /home/airflow/.local/lib/python3.12/site-packages/airflow/example_dags/example_sensors.py took 0.067 seconds
[2024-08-05T00:03:29.015+0000] {processor.py:161} INFO - Started process (PID=17375) to work on /home/airflow/.local/lib/python3.12/site-packages/airflow/example_dags/example_sensors.py
[2024-08-05T00:03:29.016+0000] {processor.py:830} INFO - Processing file /home/airflow/.local/lib/python3.12/site-packages/airflow/example_dags/example_sensors.py for tasks to queue
[2024-08-05T00:03:29.018+0000] {logging_mixin.py:188} INFO - [2024-08-05T00:03:29.017+0000] {dagbag.py:545} INFO - Filling up the DagBag from /home/airflow/.local/lib/python3.12/site-packages/airflow/example_dags/example_sensors.py
[2024-08-05T00:03:29.025+0000] {processor.py:840} INFO - DAG(s) 'example_sensors' retrieved from /home/airflow/.local/lib/python3.12/site-packages/airflow/example_dags/example_sensors.py
[2024-08-05T00:03:29.050+0000] {logging_mixin.py:188} INFO - [2024-08-05T00:03:29.049+0000] {dag.py:3089} INFO - Sync 1 DAGs
[2024-08-05T00:03:29.061+0000] {logging_mixin.py:188} INFO - [2024-08-05T00:03:29.061+0000] {dag.py:3947} INFO - Setting next_dagrun for example_sensors to None, run_after=None
[2024-08-05T00:03:29.077+0000] {processor.py:183} INFO - Processing /home/airflow/.local/lib/python3.12/site-packages/airflow/example_dags/example_sensors.py took 0.067 seconds
[2024-08-05T00:03:59.777+0000] {processor.py:161} INFO - Started process (PID=17641) to work on /home/airflow/.local/lib/python3.12/site-packages/airflow/example_dags/example_sensors.py
[2024-08-05T00:03:59.778+0000] {processor.py:830} INFO - Processing file /home/airflow/.local/lib/python3.12/site-packages/airflow/example_dags/example_sensors.py for tasks to queue
[2024-08-05T00:03:59.780+0000] {logging_mixin.py:188} INFO - [2024-08-05T00:03:59.779+0000] {dagbag.py:545} INFO - Filling up the DagBag from /home/airflow/.local/lib/python3.12/site-packages/airflow/example_dags/example_sensors.py
[2024-08-05T00:03:59.788+0000] {processor.py:840} INFO - DAG(s) 'example_sensors' retrieved from /home/airflow/.local/lib/python3.12/site-packages/airflow/example_dags/example_sensors.py
[2024-08-05T00:03:59.812+0000] {logging_mixin.py:188} INFO - [2024-08-05T00:03:59.812+0000] {dag.py:3089} INFO - Sync 1 DAGs
[2024-08-05T00:03:59.824+0000] {logging_mixin.py:188} INFO - [2024-08-05T00:03:59.824+0000] {dag.py:3947} INFO - Setting next_dagrun for example_sensors to None, run_after=None
[2024-08-05T00:03:59.841+0000] {processor.py:183} INFO - Processing /home/airflow/.local/lib/python3.12/site-packages/airflow/example_dags/example_sensors.py took 0.068 seconds
[2024-08-05T00:04:30.091+0000] {processor.py:161} INFO - Started process (PID=17913) to work on /home/airflow/.local/lib/python3.12/site-packages/airflow/example_dags/example_sensors.py
[2024-08-05T00:04:30.092+0000] {processor.py:830} INFO - Processing file /home/airflow/.local/lib/python3.12/site-packages/airflow/example_dags/example_sensors.py for tasks to queue
[2024-08-05T00:04:30.093+0000] {logging_mixin.py:188} INFO - [2024-08-05T00:04:30.093+0000] {dagbag.py:545} INFO - Filling up the DagBag from /home/airflow/.local/lib/python3.12/site-packages/airflow/example_dags/example_sensors.py
[2024-08-05T00:04:30.101+0000] {processor.py:840} INFO - DAG(s) 'example_sensors' retrieved from /home/airflow/.local/lib/python3.12/site-packages/airflow/example_dags/example_sensors.py
[2024-08-05T00:04:30.127+0000] {logging_mixin.py:188} INFO - [2024-08-05T00:04:30.127+0000] {dag.py:3089} INFO - Sync 1 DAGs
[2024-08-05T00:04:30.140+0000] {logging_mixin.py:188} INFO - [2024-08-05T00:04:30.139+0000] {dag.py:3947} INFO - Setting next_dagrun for example_sensors to None, run_after=None
[2024-08-05T00:04:30.157+0000] {processor.py:183} INFO - Processing /home/airflow/.local/lib/python3.12/site-packages/airflow/example_dags/example_sensors.py took 0.070 seconds
[2024-08-05T00:05:00.374+0000] {processor.py:161} INFO - Started process (PID=18185) to work on /home/airflow/.local/lib/python3.12/site-packages/airflow/example_dags/example_sensors.py
[2024-08-05T00:05:00.374+0000] {processor.py:830} INFO - Processing file /home/airflow/.local/lib/python3.12/site-packages/airflow/example_dags/example_sensors.py for tasks to queue
[2024-08-05T00:05:00.376+0000] {logging_mixin.py:188} INFO - [2024-08-05T00:05:00.376+0000] {dagbag.py:545} INFO - Filling up the DagBag from /home/airflow/.local/lib/python3.12/site-packages/airflow/example_dags/example_sensors.py
[2024-08-05T00:05:00.383+0000] {processor.py:840} INFO - DAG(s) 'example_sensors' retrieved from /home/airflow/.local/lib/python3.12/site-packages/airflow/example_dags/example_sensors.py
[2024-08-05T00:05:00.409+0000] {logging_mixin.py:188} INFO - [2024-08-05T00:05:00.408+0000] {dag.py:3089} INFO - Sync 1 DAGs
[2024-08-05T00:05:00.421+0000] {logging_mixin.py:188} INFO - [2024-08-05T00:05:00.420+0000] {dag.py:3947} INFO - Setting next_dagrun for example_sensors to None, run_after=None
[2024-08-05T00:05:00.439+0000] {processor.py:183} INFO - Processing /home/airflow/.local/lib/python3.12/site-packages/airflow/example_dags/example_sensors.py took 0.070 seconds
[2024-08-05T00:05:30.603+0000] {processor.py:161} INFO - Started process (PID=18457) to work on /home/airflow/.local/lib/python3.12/site-packages/airflow/example_dags/example_sensors.py
[2024-08-05T00:05:30.604+0000] {processor.py:830} INFO - Processing file /home/airflow/.local/lib/python3.12/site-packages/airflow/example_dags/example_sensors.py for tasks to queue
[2024-08-05T00:05:30.605+0000] {logging_mixin.py:188} INFO - [2024-08-05T00:05:30.605+0000] {dagbag.py:545} INFO - Filling up the DagBag from /home/airflow/.local/lib/python3.12/site-packages/airflow/example_dags/example_sensors.py
[2024-08-05T00:05:30.613+0000] {processor.py:840} INFO - DAG(s) 'example_sensors' retrieved from /home/airflow/.local/lib/python3.12/site-packages/airflow/example_dags/example_sensors.py
[2024-08-05T00:05:30.638+0000] {logging_mixin.py:188} INFO - [2024-08-05T00:05:30.637+0000] {dag.py:3089} INFO - Sync 1 DAGs
[2024-08-05T00:05:30.650+0000] {logging_mixin.py:188} INFO - [2024-08-05T00:05:30.650+0000] {dag.py:3947} INFO - Setting next_dagrun for example_sensors to None, run_after=None
[2024-08-05T00:05:30.668+0000] {processor.py:183} INFO - Processing /home/airflow/.local/lib/python3.12/site-packages/airflow/example_dags/example_sensors.py took 0.070 seconds
[2024-08-05T00:06:00.923+0000] {processor.py:161} INFO - Started process (PID=18729) to work on /home/airflow/.local/lib/python3.12/site-packages/airflow/example_dags/example_sensors.py
[2024-08-05T00:06:00.923+0000] {processor.py:830} INFO - Processing file /home/airflow/.local/lib/python3.12/site-packages/airflow/example_dags/example_sensors.py for tasks to queue
[2024-08-05T00:06:00.925+0000] {logging_mixin.py:188} INFO - [2024-08-05T00:06:00.924+0000] {dagbag.py:545} INFO - Filling up the DagBag from /home/airflow/.local/lib/python3.12/site-packages/airflow/example_dags/example_sensors.py
[2024-08-05T00:06:00.933+0000] {processor.py:840} INFO - DAG(s) 'example_sensors' retrieved from /home/airflow/.local/lib/python3.12/site-packages/airflow/example_dags/example_sensors.py
[2024-08-05T00:06:00.957+0000] {logging_mixin.py:188} INFO - [2024-08-05T00:06:00.957+0000] {dag.py:3089} INFO - Sync 1 DAGs
[2024-08-05T00:06:00.969+0000] {logging_mixin.py:188} INFO - [2024-08-05T00:06:00.969+0000] {dag.py:3947} INFO - Setting next_dagrun for example_sensors to None, run_after=None
[2024-08-05T00:06:00.986+0000] {processor.py:183} INFO - Processing /home/airflow/.local/lib/python3.12/site-packages/airflow/example_dags/example_sensors.py took 0.068 seconds
[2024-08-05T00:06:31.114+0000] {processor.py:161} INFO - Started process (PID=19001) to work on /home/airflow/.local/lib/python3.12/site-packages/airflow/example_dags/example_sensors.py
[2024-08-05T00:06:31.115+0000] {processor.py:830} INFO - Processing file /home/airflow/.local/lib/python3.12/site-packages/airflow/example_dags/example_sensors.py for tasks to queue
[2024-08-05T00:06:31.117+0000] {logging_mixin.py:188} INFO - [2024-08-05T00:06:31.116+0000] {dagbag.py:545} INFO - Filling up the DagBag from /home/airflow/.local/lib/python3.12/site-packages/airflow/example_dags/example_sensors.py
[2024-08-05T00:06:31.124+0000] {processor.py:840} INFO - DAG(s) 'example_sensors' retrieved from /home/airflow/.local/lib/python3.12/site-packages/airflow/example_dags/example_sensors.py
[2024-08-05T00:06:31.150+0000] {logging_mixin.py:188} INFO - [2024-08-05T00:06:31.150+0000] {dag.py:3089} INFO - Sync 1 DAGs
[2024-08-05T00:06:31.161+0000] {logging_mixin.py:188} INFO - [2024-08-05T00:06:31.161+0000] {dag.py:3947} INFO - Setting next_dagrun for example_sensors to None, run_after=None
[2024-08-05T00:06:31.180+0000] {processor.py:183} INFO - Processing /home/airflow/.local/lib/python3.12/site-packages/airflow/example_dags/example_sensors.py took 0.072 seconds
[2024-08-05T00:07:02.123+0000] {processor.py:161} INFO - Started process (PID=19273) to work on /home/airflow/.local/lib/python3.12/site-packages/airflow/example_dags/example_sensors.py
[2024-08-05T00:07:02.124+0000] {processor.py:830} INFO - Processing file /home/airflow/.local/lib/python3.12/site-packages/airflow/example_dags/example_sensors.py for tasks to queue
[2024-08-05T00:07:02.126+0000] {logging_mixin.py:188} INFO - [2024-08-05T00:07:02.126+0000] {dagbag.py:545} INFO - Filling up the DagBag from /home/airflow/.local/lib/python3.12/site-packages/airflow/example_dags/example_sensors.py
[2024-08-05T00:07:02.136+0000] {processor.py:840} INFO - DAG(s) 'example_sensors' retrieved from /home/airflow/.local/lib/python3.12/site-packages/airflow/example_dags/example_sensors.py
[2024-08-05T00:07:02.158+0000] {logging_mixin.py:188} INFO - [2024-08-05T00:07:02.157+0000] {dag.py:3089} INFO - Sync 1 DAGs
[2024-08-05T00:07:02.171+0000] {logging_mixin.py:188} INFO - [2024-08-05T00:07:02.171+0000] {dag.py:3947} INFO - Setting next_dagrun for example_sensors to None, run_after=None
[2024-08-05T00:07:02.190+0000] {processor.py:183} INFO - Processing /home/airflow/.local/lib/python3.12/site-packages/airflow/example_dags/example_sensors.py took 0.072 seconds
[2024-08-05T00:07:32.486+0000] {processor.py:161} INFO - Started process (PID=19545) to work on /home/airflow/.local/lib/python3.12/site-packages/airflow/example_dags/example_sensors.py
[2024-08-05T00:07:32.487+0000] {processor.py:830} INFO - Processing file /home/airflow/.local/lib/python3.12/site-packages/airflow/example_dags/example_sensors.py for tasks to queue
[2024-08-05T00:07:32.488+0000] {logging_mixin.py:188} INFO - [2024-08-05T00:07:32.488+0000] {dagbag.py:545} INFO - Filling up the DagBag from /home/airflow/.local/lib/python3.12/site-packages/airflow/example_dags/example_sensors.py
[2024-08-05T00:07:32.496+0000] {processor.py:840} INFO - DAG(s) 'example_sensors' retrieved from /home/airflow/.local/lib/python3.12/site-packages/airflow/example_dags/example_sensors.py
[2024-08-05T00:07:32.520+0000] {logging_mixin.py:188} INFO - [2024-08-05T00:07:32.519+0000] {dag.py:3089} INFO - Sync 1 DAGs
[2024-08-05T00:07:32.531+0000] {logging_mixin.py:188} INFO - [2024-08-05T00:07:32.531+0000] {dag.py:3947} INFO - Setting next_dagrun for example_sensors to None, run_after=None
[2024-08-05T00:07:32.548+0000] {processor.py:183} INFO - Processing /home/airflow/.local/lib/python3.12/site-packages/airflow/example_dags/example_sensors.py took 0.067 seconds
[2024-08-05T00:08:02.695+0000] {processor.py:161} INFO - Started process (PID=19817) to work on /home/airflow/.local/lib/python3.12/site-packages/airflow/example_dags/example_sensors.py
[2024-08-05T00:08:02.696+0000] {processor.py:830} INFO - Processing file /home/airflow/.local/lib/python3.12/site-packages/airflow/example_dags/example_sensors.py for tasks to queue
[2024-08-05T00:08:02.697+0000] {logging_mixin.py:188} INFO - [2024-08-05T00:08:02.697+0000] {dagbag.py:545} INFO - Filling up the DagBag from /home/airflow/.local/lib/python3.12/site-packages/airflow/example_dags/example_sensors.py
[2024-08-05T00:08:02.704+0000] {processor.py:840} INFO - DAG(s) 'example_sensors' retrieved from /home/airflow/.local/lib/python3.12/site-packages/airflow/example_dags/example_sensors.py
[2024-08-05T00:08:02.730+0000] {logging_mixin.py:188} INFO - [2024-08-05T00:08:02.730+0000] {dag.py:3089} INFO - Sync 1 DAGs
[2024-08-05T00:08:02.741+0000] {logging_mixin.py:188} INFO - [2024-08-05T00:08:02.740+0000] {dag.py:3947} INFO - Setting next_dagrun for example_sensors to None, run_after=None
[2024-08-05T00:08:02.758+0000] {processor.py:183} INFO - Processing /home/airflow/.local/lib/python3.12/site-packages/airflow/example_dags/example_sensors.py took 0.068 seconds
[2024-08-05T00:08:33.001+0000] {processor.py:161} INFO - Started process (PID=20089) to work on /home/airflow/.local/lib/python3.12/site-packages/airflow/example_dags/example_sensors.py
[2024-08-05T00:08:33.002+0000] {processor.py:830} INFO - Processing file /home/airflow/.local/lib/python3.12/site-packages/airflow/example_dags/example_sensors.py for tasks to queue
[2024-08-05T00:08:33.004+0000] {logging_mixin.py:188} INFO - [2024-08-05T00:08:33.004+0000] {dagbag.py:545} INFO - Filling up the DagBag from /home/airflow/.local/lib/python3.12/site-packages/airflow/example_dags/example_sensors.py
[2024-08-05T00:08:33.013+0000] {processor.py:840} INFO - DAG(s) 'example_sensors' retrieved from /home/airflow/.local/lib/python3.12/site-packages/airflow/example_dags/example_sensors.py
[2024-08-05T00:08:33.039+0000] {logging_mixin.py:188} INFO - [2024-08-05T00:08:33.038+0000] {dag.py:3089} INFO - Sync 1 DAGs
[2024-08-05T00:08:33.051+0000] {logging_mixin.py:188} INFO - [2024-08-05T00:08:33.051+0000] {dag.py:3947} INFO - Setting next_dagrun for example_sensors to None, run_after=None
[2024-08-05T00:08:33.068+0000] {processor.py:183} INFO - Processing /home/airflow/.local/lib/python3.12/site-packages/airflow/example_dags/example_sensors.py took 0.072 seconds
[2024-08-05T00:09:03.360+0000] {processor.py:161} INFO - Started process (PID=20361) to work on /home/airflow/.local/lib/python3.12/site-packages/airflow/example_dags/example_sensors.py
[2024-08-05T00:09:03.361+0000] {processor.py:830} INFO - Processing file /home/airflow/.local/lib/python3.12/site-packages/airflow/example_dags/example_sensors.py for tasks to queue
[2024-08-05T00:09:03.363+0000] {logging_mixin.py:188} INFO - [2024-08-05T00:09:03.362+0000] {dagbag.py:545} INFO - Filling up the DagBag from /home/airflow/.local/lib/python3.12/site-packages/airflow/example_dags/example_sensors.py
[2024-08-05T00:09:03.373+0000] {processor.py:840} INFO - DAG(s) 'example_sensors' retrieved from /home/airflow/.local/lib/python3.12/site-packages/airflow/example_dags/example_sensors.py
[2024-08-05T00:09:03.399+0000] {logging_mixin.py:188} INFO - [2024-08-05T00:09:03.398+0000] {dag.py:3089} INFO - Sync 1 DAGs
[2024-08-05T00:09:03.410+0000] {logging_mixin.py:188} INFO - [2024-08-05T00:09:03.409+0000] {dag.py:3947} INFO - Setting next_dagrun for example_sensors to None, run_after=None
[2024-08-05T00:09:03.426+0000] {processor.py:183} INFO - Processing /home/airflow/.local/lib/python3.12/site-packages/airflow/example_dags/example_sensors.py took 0.074 seconds
[2024-08-05T00:09:34.103+0000] {processor.py:161} INFO - Started process (PID=20633) to work on /home/airflow/.local/lib/python3.12/site-packages/airflow/example_dags/example_sensors.py
[2024-08-05T00:09:34.104+0000] {processor.py:830} INFO - Processing file /home/airflow/.local/lib/python3.12/site-packages/airflow/example_dags/example_sensors.py for tasks to queue
[2024-08-05T00:09:34.106+0000] {logging_mixin.py:188} INFO - [2024-08-05T00:09:34.105+0000] {dagbag.py:545} INFO - Filling up the DagBag from /home/airflow/.local/lib/python3.12/site-packages/airflow/example_dags/example_sensors.py
[2024-08-05T00:09:34.113+0000] {processor.py:840} INFO - DAG(s) 'example_sensors' retrieved from /home/airflow/.local/lib/python3.12/site-packages/airflow/example_dags/example_sensors.py
[2024-08-05T00:09:34.136+0000] {logging_mixin.py:188} INFO - [2024-08-05T00:09:34.136+0000] {dag.py:3089} INFO - Sync 1 DAGs
[2024-08-05T00:09:34.147+0000] {logging_mixin.py:188} INFO - [2024-08-05T00:09:34.147+0000] {dag.py:3947} INFO - Setting next_dagrun for example_sensors to None, run_after=None
[2024-08-05T00:09:34.162+0000] {processor.py:183} INFO - Processing /home/airflow/.local/lib/python3.12/site-packages/airflow/example_dags/example_sensors.py took 0.063 seconds
[2024-08-05T00:10:04.705+0000] {processor.py:161} INFO - Started process (PID=20911) to work on /home/airflow/.local/lib/python3.12/site-packages/airflow/example_dags/example_sensors.py
[2024-08-05T00:10:04.706+0000] {processor.py:830} INFO - Processing file /home/airflow/.local/lib/python3.12/site-packages/airflow/example_dags/example_sensors.py for tasks to queue
[2024-08-05T00:10:04.708+0000] {logging_mixin.py:188} INFO - [2024-08-05T00:10:04.707+0000] {dagbag.py:545} INFO - Filling up the DagBag from /home/airflow/.local/lib/python3.12/site-packages/airflow/example_dags/example_sensors.py
[2024-08-05T00:10:04.715+0000] {processor.py:840} INFO - DAG(s) 'example_sensors' retrieved from /home/airflow/.local/lib/python3.12/site-packages/airflow/example_dags/example_sensors.py
[2024-08-05T00:10:04.737+0000] {logging_mixin.py:188} INFO - [2024-08-05T00:10:04.737+0000] {dag.py:3089} INFO - Sync 1 DAGs
[2024-08-05T00:10:04.748+0000] {logging_mixin.py:188} INFO - [2024-08-05T00:10:04.747+0000] {dag.py:3947} INFO - Setting next_dagrun for example_sensors to None, run_after=None
[2024-08-05T00:10:04.762+0000] {processor.py:183} INFO - Processing /home/airflow/.local/lib/python3.12/site-packages/airflow/example_dags/example_sensors.py took 0.062 seconds
[2024-08-05T00:10:35.411+0000] {processor.py:161} INFO - Started process (PID=21186) to work on /home/airflow/.local/lib/python3.12/site-packages/airflow/example_dags/example_sensors.py
[2024-08-05T00:10:35.412+0000] {processor.py:830} INFO - Processing file /home/airflow/.local/lib/python3.12/site-packages/airflow/example_dags/example_sensors.py for tasks to queue
[2024-08-05T00:10:35.413+0000] {logging_mixin.py:188} INFO - [2024-08-05T00:10:35.413+0000] {dagbag.py:545} INFO - Filling up the DagBag from /home/airflow/.local/lib/python3.12/site-packages/airflow/example_dags/example_sensors.py
[2024-08-05T00:10:35.420+0000] {processor.py:840} INFO - DAG(s) 'example_sensors' retrieved from /home/airflow/.local/lib/python3.12/site-packages/airflow/example_dags/example_sensors.py
[2024-08-05T00:10:35.449+0000] {logging_mixin.py:188} INFO - [2024-08-05T00:10:35.448+0000] {dag.py:3089} INFO - Sync 1 DAGs
[2024-08-05T00:10:35.461+0000] {logging_mixin.py:188} INFO - [2024-08-05T00:10:35.461+0000] {dag.py:3947} INFO - Setting next_dagrun for example_sensors to None, run_after=None
[2024-08-05T00:10:35.477+0000] {processor.py:183} INFO - Processing /home/airflow/.local/lib/python3.12/site-packages/airflow/example_dags/example_sensors.py took 0.070 seconds
[2024-08-05T00:11:06.183+0000] {processor.py:161} INFO - Started process (PID=21458) to work on /home/airflow/.local/lib/python3.12/site-packages/airflow/example_dags/example_sensors.py
[2024-08-05T00:11:06.184+0000] {processor.py:830} INFO - Processing file /home/airflow/.local/lib/python3.12/site-packages/airflow/example_dags/example_sensors.py for tasks to queue
[2024-08-05T00:11:06.185+0000] {logging_mixin.py:188} INFO - [2024-08-05T00:11:06.185+0000] {dagbag.py:545} INFO - Filling up the DagBag from /home/airflow/.local/lib/python3.12/site-packages/airflow/example_dags/example_sensors.py
[2024-08-05T00:11:06.193+0000] {processor.py:840} INFO - DAG(s) 'example_sensors' retrieved from /home/airflow/.local/lib/python3.12/site-packages/airflow/example_dags/example_sensors.py
[2024-08-05T00:11:06.216+0000] {logging_mixin.py:188} INFO - [2024-08-05T00:11:06.216+0000] {dag.py:3089} INFO - Sync 1 DAGs
[2024-08-05T00:11:06.227+0000] {logging_mixin.py:188} INFO - [2024-08-05T00:11:06.227+0000] {dag.py:3947} INFO - Setting next_dagrun for example_sensors to None, run_after=None
[2024-08-05T00:11:06.243+0000] {processor.py:183} INFO - Processing /home/airflow/.local/lib/python3.12/site-packages/airflow/example_dags/example_sensors.py took 0.065 seconds
[2024-08-05T00:11:37.038+0000] {processor.py:161} INFO - Started process (PID=21730) to work on /home/airflow/.local/lib/python3.12/site-packages/airflow/example_dags/example_sensors.py
[2024-08-05T00:11:37.038+0000] {processor.py:830} INFO - Processing file /home/airflow/.local/lib/python3.12/site-packages/airflow/example_dags/example_sensors.py for tasks to queue
[2024-08-05T00:11:37.040+0000] {logging_mixin.py:188} INFO - [2024-08-05T00:11:37.040+0000] {dagbag.py:545} INFO - Filling up the DagBag from /home/airflow/.local/lib/python3.12/site-packages/airflow/example_dags/example_sensors.py
[2024-08-05T00:11:37.048+0000] {processor.py:840} INFO - DAG(s) 'example_sensors' retrieved from /home/airflow/.local/lib/python3.12/site-packages/airflow/example_dags/example_sensors.py
[2024-08-05T00:11:37.073+0000] {logging_mixin.py:188} INFO - [2024-08-05T00:11:37.073+0000] {dag.py:3089} INFO - Sync 1 DAGs
[2024-08-05T00:11:37.084+0000] {logging_mixin.py:188} INFO - [2024-08-05T00:11:37.084+0000] {dag.py:3947} INFO - Setting next_dagrun for example_sensors to None, run_after=None
[2024-08-05T00:11:37.102+0000] {processor.py:183} INFO - Processing /home/airflow/.local/lib/python3.12/site-packages/airflow/example_dags/example_sensors.py took 0.069 seconds
[2024-08-05T00:12:07.275+0000] {processor.py:161} INFO - Started process (PID=22002) to work on /home/airflow/.local/lib/python3.12/site-packages/airflow/example_dags/example_sensors.py
[2024-08-05T00:12:07.276+0000] {processor.py:830} INFO - Processing file /home/airflow/.local/lib/python3.12/site-packages/airflow/example_dags/example_sensors.py for tasks to queue
[2024-08-05T00:12:07.278+0000] {logging_mixin.py:188} INFO - [2024-08-05T00:12:07.277+0000] {dagbag.py:545} INFO - Filling up the DagBag from /home/airflow/.local/lib/python3.12/site-packages/airflow/example_dags/example_sensors.py
[2024-08-05T00:12:07.285+0000] {processor.py:840} INFO - DAG(s) 'example_sensors' retrieved from /home/airflow/.local/lib/python3.12/site-packages/airflow/example_dags/example_sensors.py
[2024-08-05T00:12:07.312+0000] {logging_mixin.py:188} INFO - [2024-08-05T00:12:07.312+0000] {dag.py:3089} INFO - Sync 1 DAGs
[2024-08-05T00:12:07.325+0000] {logging_mixin.py:188} INFO - [2024-08-05T00:12:07.325+0000] {dag.py:3947} INFO - Setting next_dagrun for example_sensors to None, run_after=None
[2024-08-05T00:12:07.341+0000] {processor.py:183} INFO - Processing /home/airflow/.local/lib/python3.12/site-packages/airflow/example_dags/example_sensors.py took 0.072 seconds
[2024-08-05T00:12:37.563+0000] {processor.py:161} INFO - Started process (PID=22274) to work on /home/airflow/.local/lib/python3.12/site-packages/airflow/example_dags/example_sensors.py
[2024-08-05T00:12:37.564+0000] {processor.py:830} INFO - Processing file /home/airflow/.local/lib/python3.12/site-packages/airflow/example_dags/example_sensors.py for tasks to queue
[2024-08-05T00:12:37.565+0000] {logging_mixin.py:188} INFO - [2024-08-05T00:12:37.565+0000] {dagbag.py:545} INFO - Filling up the DagBag from /home/airflow/.local/lib/python3.12/site-packages/airflow/example_dags/example_sensors.py
[2024-08-05T00:12:37.574+0000] {processor.py:840} INFO - DAG(s) 'example_sensors' retrieved from /home/airflow/.local/lib/python3.12/site-packages/airflow/example_dags/example_sensors.py
[2024-08-05T00:12:37.598+0000] {logging_mixin.py:188} INFO - [2024-08-05T00:12:37.597+0000] {dag.py:3089} INFO - Sync 1 DAGs
[2024-08-05T00:12:37.609+0000] {logging_mixin.py:188} INFO - [2024-08-05T00:12:37.609+0000] {dag.py:3947} INFO - Setting next_dagrun for example_sensors to None, run_after=None
[2024-08-05T00:12:37.625+0000] {processor.py:183} INFO - Processing /home/airflow/.local/lib/python3.12/site-packages/airflow/example_dags/example_sensors.py took 0.066 seconds
[2024-08-05T00:13:07.773+0000] {processor.py:161} INFO - Started process (PID=22546) to work on /home/airflow/.local/lib/python3.12/site-packages/airflow/example_dags/example_sensors.py
[2024-08-05T00:13:07.774+0000] {processor.py:830} INFO - Processing file /home/airflow/.local/lib/python3.12/site-packages/airflow/example_dags/example_sensors.py for tasks to queue
[2024-08-05T00:13:07.775+0000] {logging_mixin.py:188} INFO - [2024-08-05T00:13:07.775+0000] {dagbag.py:545} INFO - Filling up the DagBag from /home/airflow/.local/lib/python3.12/site-packages/airflow/example_dags/example_sensors.py
[2024-08-05T00:13:07.782+0000] {processor.py:840} INFO - DAG(s) 'example_sensors' retrieved from /home/airflow/.local/lib/python3.12/site-packages/airflow/example_dags/example_sensors.py
[2024-08-05T00:13:07.808+0000] {logging_mixin.py:188} INFO - [2024-08-05T00:13:07.807+0000] {dag.py:3089} INFO - Sync 1 DAGs
[2024-08-05T00:13:07.820+0000] {logging_mixin.py:188} INFO - [2024-08-05T00:13:07.820+0000] {dag.py:3947} INFO - Setting next_dagrun for example_sensors to None, run_after=None
[2024-08-05T00:13:07.837+0000] {processor.py:183} INFO - Processing /home/airflow/.local/lib/python3.12/site-packages/airflow/example_dags/example_sensors.py took 0.070 seconds
[2024-08-05T00:13:38.228+0000] {processor.py:161} INFO - Started process (PID=22818) to work on /home/airflow/.local/lib/python3.12/site-packages/airflow/example_dags/example_sensors.py
[2024-08-05T00:13:38.230+0000] {processor.py:830} INFO - Processing file /home/airflow/.local/lib/python3.12/site-packages/airflow/example_dags/example_sensors.py for tasks to queue
[2024-08-05T00:13:38.232+0000] {logging_mixin.py:188} INFO - [2024-08-05T00:13:38.232+0000] {dagbag.py:545} INFO - Filling up the DagBag from /home/airflow/.local/lib/python3.12/site-packages/airflow/example_dags/example_sensors.py
[2024-08-05T00:13:38.263+0000] {processor.py:840} INFO - DAG(s) 'example_sensors' retrieved from /home/airflow/.local/lib/python3.12/site-packages/airflow/example_dags/example_sensors.py
[2024-08-05T00:13:38.374+0000] {logging_mixin.py:188} INFO - [2024-08-05T00:13:38.374+0000] {dag.py:3089} INFO - Sync 1 DAGs
[2024-08-05T00:13:38.425+0000] {logging_mixin.py:188} INFO - [2024-08-05T00:13:38.425+0000] {dag.py:3947} INFO - Setting next_dagrun for example_sensors to None, run_after=None
[2024-08-05T00:13:38.493+0000] {processor.py:183} INFO - Processing /home/airflow/.local/lib/python3.12/site-packages/airflow/example_dags/example_sensors.py took 0.282 seconds
[2024-08-05T00:14:09.501+0000] {processor.py:161} INFO - Started process (PID=23090) to work on /home/airflow/.local/lib/python3.12/site-packages/airflow/example_dags/example_sensors.py
[2024-08-05T00:14:09.502+0000] {processor.py:830} INFO - Processing file /home/airflow/.local/lib/python3.12/site-packages/airflow/example_dags/example_sensors.py for tasks to queue
[2024-08-05T00:14:09.504+0000] {logging_mixin.py:188} INFO - [2024-08-05T00:14:09.503+0000] {dagbag.py:545} INFO - Filling up the DagBag from /home/airflow/.local/lib/python3.12/site-packages/airflow/example_dags/example_sensors.py
[2024-08-05T00:14:09.511+0000] {processor.py:840} INFO - DAG(s) 'example_sensors' retrieved from /home/airflow/.local/lib/python3.12/site-packages/airflow/example_dags/example_sensors.py
[2024-08-05T00:14:09.538+0000] {logging_mixin.py:188} INFO - [2024-08-05T00:14:09.538+0000] {dag.py:3089} INFO - Sync 1 DAGs
[2024-08-05T00:14:09.549+0000] {logging_mixin.py:188} INFO - [2024-08-05T00:14:09.549+0000] {dag.py:3947} INFO - Setting next_dagrun for example_sensors to None, run_after=None
[2024-08-05T00:14:09.568+0000] {processor.py:183} INFO - Processing /home/airflow/.local/lib/python3.12/site-packages/airflow/example_dags/example_sensors.py took 0.072 seconds
[2024-08-05T00:14:39.628+0000] {processor.py:161} INFO - Started process (PID=23362) to work on /home/airflow/.local/lib/python3.12/site-packages/airflow/example_dags/example_sensors.py
[2024-08-05T00:14:39.628+0000] {processor.py:830} INFO - Processing file /home/airflow/.local/lib/python3.12/site-packages/airflow/example_dags/example_sensors.py for tasks to queue
[2024-08-05T00:14:39.630+0000] {logging_mixin.py:188} INFO - [2024-08-05T00:14:39.630+0000] {dagbag.py:545} INFO - Filling up the DagBag from /home/airflow/.local/lib/python3.12/site-packages/airflow/example_dags/example_sensors.py
[2024-08-05T00:14:39.640+0000] {processor.py:840} INFO - DAG(s) 'example_sensors' retrieved from /home/airflow/.local/lib/python3.12/site-packages/airflow/example_dags/example_sensors.py
[2024-08-05T00:14:39.665+0000] {logging_mixin.py:188} INFO - [2024-08-05T00:14:39.664+0000] {dag.py:3089} INFO - Sync 1 DAGs
[2024-08-05T00:14:39.676+0000] {logging_mixin.py:188} INFO - [2024-08-05T00:14:39.676+0000] {dag.py:3947} INFO - Setting next_dagrun for example_sensors to None, run_after=None
[2024-08-05T00:14:39.693+0000] {processor.py:183} INFO - Processing /home/airflow/.local/lib/python3.12/site-packages/airflow/example_dags/example_sensors.py took 0.070 seconds
[2024-08-05T00:15:09.938+0000] {processor.py:161} INFO - Started process (PID=23634) to work on /home/airflow/.local/lib/python3.12/site-packages/airflow/example_dags/example_sensors.py
[2024-08-05T00:15:09.939+0000] {processor.py:830} INFO - Processing file /home/airflow/.local/lib/python3.12/site-packages/airflow/example_dags/example_sensors.py for tasks to queue
[2024-08-05T00:15:09.940+0000] {logging_mixin.py:188} INFO - [2024-08-05T00:15:09.940+0000] {dagbag.py:545} INFO - Filling up the DagBag from /home/airflow/.local/lib/python3.12/site-packages/airflow/example_dags/example_sensors.py
[2024-08-05T00:15:09.947+0000] {processor.py:840} INFO - DAG(s) 'example_sensors' retrieved from /home/airflow/.local/lib/python3.12/site-packages/airflow/example_dags/example_sensors.py
[2024-08-05T00:15:09.974+0000] {logging_mixin.py:188} INFO - [2024-08-05T00:15:09.973+0000] {dag.py:3089} INFO - Sync 1 DAGs
[2024-08-05T00:15:09.986+0000] {logging_mixin.py:188} INFO - [2024-08-05T00:15:09.986+0000] {dag.py:3947} INFO - Setting next_dagrun for example_sensors to None, run_after=None
[2024-08-05T00:15:10.003+0000] {processor.py:183} INFO - Processing /home/airflow/.local/lib/python3.12/site-packages/airflow/example_dags/example_sensors.py took 0.072 seconds
[2024-08-05T00:15:40.314+0000] {processor.py:161} INFO - Started process (PID=23906) to work on /home/airflow/.local/lib/python3.12/site-packages/airflow/example_dags/example_sensors.py
[2024-08-05T00:15:40.316+0000] {processor.py:830} INFO - Processing file /home/airflow/.local/lib/python3.12/site-packages/airflow/example_dags/example_sensors.py for tasks to queue
[2024-08-05T00:15:40.318+0000] {logging_mixin.py:188} INFO - [2024-08-05T00:15:40.317+0000] {dagbag.py:545} INFO - Filling up the DagBag from /home/airflow/.local/lib/python3.12/site-packages/airflow/example_dags/example_sensors.py
[2024-08-05T00:15:40.325+0000] {processor.py:840} INFO - DAG(s) 'example_sensors' retrieved from /home/airflow/.local/lib/python3.12/site-packages/airflow/example_dags/example_sensors.py
[2024-08-05T00:15:40.346+0000] {logging_mixin.py:188} INFO - [2024-08-05T00:15:40.346+0000] {dag.py:3089} INFO - Sync 1 DAGs
[2024-08-05T00:15:40.359+0000] {logging_mixin.py:188} INFO - [2024-08-05T00:15:40.358+0000] {dag.py:3947} INFO - Setting next_dagrun for example_sensors to None, run_after=None
[2024-08-05T00:15:40.376+0000] {processor.py:183} INFO - Processing /home/airflow/.local/lib/python3.12/site-packages/airflow/example_dags/example_sensors.py took 0.067 seconds
[2024-08-05T00:16:10.738+0000] {processor.py:161} INFO - Started process (PID=24178) to work on /home/airflow/.local/lib/python3.12/site-packages/airflow/example_dags/example_sensors.py
[2024-08-05T00:16:10.739+0000] {processor.py:830} INFO - Processing file /home/airflow/.local/lib/python3.12/site-packages/airflow/example_dags/example_sensors.py for tasks to queue
[2024-08-05T00:16:10.740+0000] {logging_mixin.py:188} INFO - [2024-08-05T00:16:10.740+0000] {dagbag.py:545} INFO - Filling up the DagBag from /home/airflow/.local/lib/python3.12/site-packages/airflow/example_dags/example_sensors.py
[2024-08-05T00:16:10.748+0000] {processor.py:840} INFO - DAG(s) 'example_sensors' retrieved from /home/airflow/.local/lib/python3.12/site-packages/airflow/example_dags/example_sensors.py
[2024-08-05T00:16:10.773+0000] {logging_mixin.py:188} INFO - [2024-08-05T00:16:10.772+0000] {dag.py:3089} INFO - Sync 1 DAGs
[2024-08-05T00:16:10.784+0000] {logging_mixin.py:188} INFO - [2024-08-05T00:16:10.784+0000] {dag.py:3947} INFO - Setting next_dagrun for example_sensors to None, run_after=None
[2024-08-05T00:16:10.801+0000] {processor.py:183} INFO - Processing /home/airflow/.local/lib/python3.12/site-packages/airflow/example_dags/example_sensors.py took 0.068 seconds
[2024-08-05T00:16:41.207+0000] {processor.py:161} INFO - Started process (PID=24450) to work on /home/airflow/.local/lib/python3.12/site-packages/airflow/example_dags/example_sensors.py
[2024-08-05T00:16:41.208+0000] {processor.py:830} INFO - Processing file /home/airflow/.local/lib/python3.12/site-packages/airflow/example_dags/example_sensors.py for tasks to queue
[2024-08-05T00:16:41.210+0000] {logging_mixin.py:188} INFO - [2024-08-05T00:16:41.209+0000] {dagbag.py:545} INFO - Filling up the DagBag from /home/airflow/.local/lib/python3.12/site-packages/airflow/example_dags/example_sensors.py
[2024-08-05T00:16:41.218+0000] {processor.py:840} INFO - DAG(s) 'example_sensors' retrieved from /home/airflow/.local/lib/python3.12/site-packages/airflow/example_dags/example_sensors.py
[2024-08-05T00:16:41.241+0000] {logging_mixin.py:188} INFO - [2024-08-05T00:16:41.241+0000] {dag.py:3089} INFO - Sync 1 DAGs
[2024-08-05T00:16:41.253+0000] {logging_mixin.py:188} INFO - [2024-08-05T00:16:41.253+0000] {dag.py:3947} INFO - Setting next_dagrun for example_sensors to None, run_after=None
[2024-08-05T00:16:41.270+0000] {processor.py:183} INFO - Processing /home/airflow/.local/lib/python3.12/site-packages/airflow/example_dags/example_sensors.py took 0.067 seconds
[2024-08-05T00:17:11.503+0000] {processor.py:161} INFO - Started process (PID=24722) to work on /home/airflow/.local/lib/python3.12/site-packages/airflow/example_dags/example_sensors.py
[2024-08-05T00:17:11.504+0000] {processor.py:830} INFO - Processing file /home/airflow/.local/lib/python3.12/site-packages/airflow/example_dags/example_sensors.py for tasks to queue
[2024-08-05T00:17:11.505+0000] {logging_mixin.py:188} INFO - [2024-08-05T00:17:11.505+0000] {dagbag.py:545} INFO - Filling up the DagBag from /home/airflow/.local/lib/python3.12/site-packages/airflow/example_dags/example_sensors.py
[2024-08-05T00:17:11.512+0000] {processor.py:840} INFO - DAG(s) 'example_sensors' retrieved from /home/airflow/.local/lib/python3.12/site-packages/airflow/example_dags/example_sensors.py
[2024-08-05T00:17:11.537+0000] {logging_mixin.py:188} INFO - [2024-08-05T00:17:11.536+0000] {dag.py:3089} INFO - Sync 1 DAGs
[2024-08-05T00:17:11.548+0000] {logging_mixin.py:188} INFO - [2024-08-05T00:17:11.548+0000] {dag.py:3947} INFO - Setting next_dagrun for example_sensors to None, run_after=None
[2024-08-05T00:17:11.565+0000] {processor.py:183} INFO - Processing /home/airflow/.local/lib/python3.12/site-packages/airflow/example_dags/example_sensors.py took 0.068 seconds
[2024-08-05T00:17:41.727+0000] {processor.py:161} INFO - Started process (PID=24994) to work on /home/airflow/.local/lib/python3.12/site-packages/airflow/example_dags/example_sensors.py
[2024-08-05T00:17:41.728+0000] {processor.py:830} INFO - Processing file /home/airflow/.local/lib/python3.12/site-packages/airflow/example_dags/example_sensors.py for tasks to queue
[2024-08-05T00:17:41.729+0000] {logging_mixin.py:188} INFO - [2024-08-05T00:17:41.729+0000] {dagbag.py:545} INFO - Filling up the DagBag from /home/airflow/.local/lib/python3.12/site-packages/airflow/example_dags/example_sensors.py
[2024-08-05T00:17:41.737+0000] {processor.py:840} INFO - DAG(s) 'example_sensors' retrieved from /home/airflow/.local/lib/python3.12/site-packages/airflow/example_dags/example_sensors.py
[2024-08-05T00:17:41.761+0000] {logging_mixin.py:188} INFO - [2024-08-05T00:17:41.761+0000] {dag.py:3089} INFO - Sync 1 DAGs
[2024-08-05T00:17:41.772+0000] {logging_mixin.py:188} INFO - [2024-08-05T00:17:41.772+0000] {dag.py:3947} INFO - Setting next_dagrun for example_sensors to None, run_after=None
[2024-08-05T00:17:41.789+0000] {processor.py:183} INFO - Processing /home/airflow/.local/lib/python3.12/site-packages/airflow/example_dags/example_sensors.py took 0.068 seconds
[2024-08-05T00:18:12.044+0000] {processor.py:161} INFO - Started process (PID=25266) to work on /home/airflow/.local/lib/python3.12/site-packages/airflow/example_dags/example_sensors.py
[2024-08-05T00:18:12.045+0000] {processor.py:830} INFO - Processing file /home/airflow/.local/lib/python3.12/site-packages/airflow/example_dags/example_sensors.py for tasks to queue
[2024-08-05T00:18:12.047+0000] {logging_mixin.py:188} INFO - [2024-08-05T00:18:12.046+0000] {dagbag.py:545} INFO - Filling up the DagBag from /home/airflow/.local/lib/python3.12/site-packages/airflow/example_dags/example_sensors.py
[2024-08-05T00:18:12.054+0000] {processor.py:840} INFO - DAG(s) 'example_sensors' retrieved from /home/airflow/.local/lib/python3.12/site-packages/airflow/example_dags/example_sensors.py
[2024-08-05T00:18:12.079+0000] {logging_mixin.py:188} INFO - [2024-08-05T00:18:12.078+0000] {dag.py:3089} INFO - Sync 1 DAGs
[2024-08-05T00:18:12.090+0000] {logging_mixin.py:188} INFO - [2024-08-05T00:18:12.089+0000] {dag.py:3947} INFO - Setting next_dagrun for example_sensors to None, run_after=None
[2024-08-05T00:18:12.107+0000] {processor.py:183} INFO - Processing /home/airflow/.local/lib/python3.12/site-packages/airflow/example_dags/example_sensors.py took 0.068 seconds
[2024-08-05T00:18:42.359+0000] {processor.py:161} INFO - Started process (PID=25538) to work on /home/airflow/.local/lib/python3.12/site-packages/airflow/example_dags/example_sensors.py
[2024-08-05T00:18:42.360+0000] {processor.py:830} INFO - Processing file /home/airflow/.local/lib/python3.12/site-packages/airflow/example_dags/example_sensors.py for tasks to queue
[2024-08-05T00:18:42.361+0000] {logging_mixin.py:188} INFO - [2024-08-05T00:18:42.361+0000] {dagbag.py:545} INFO - Filling up the DagBag from /home/airflow/.local/lib/python3.12/site-packages/airflow/example_dags/example_sensors.py
[2024-08-05T00:18:42.370+0000] {processor.py:840} INFO - DAG(s) 'example_sensors' retrieved from /home/airflow/.local/lib/python3.12/site-packages/airflow/example_dags/example_sensors.py
[2024-08-05T00:18:42.394+0000] {logging_mixin.py:188} INFO - [2024-08-05T00:18:42.394+0000] {dag.py:3089} INFO - Sync 1 DAGs
[2024-08-05T00:18:42.406+0000] {logging_mixin.py:188} INFO - [2024-08-05T00:18:42.406+0000] {dag.py:3947} INFO - Setting next_dagrun for example_sensors to None, run_after=None
[2024-08-05T00:18:42.424+0000] {processor.py:183} INFO - Processing /home/airflow/.local/lib/python3.12/site-packages/airflow/example_dags/example_sensors.py took 0.070 seconds
[2024-08-05T00:19:12.475+0000] {processor.py:161} INFO - Started process (PID=25810) to work on /home/airflow/.local/lib/python3.12/site-packages/airflow/example_dags/example_sensors.py
[2024-08-05T00:19:12.476+0000] {processor.py:830} INFO - Processing file /home/airflow/.local/lib/python3.12/site-packages/airflow/example_dags/example_sensors.py for tasks to queue
[2024-08-05T00:19:12.478+0000] {logging_mixin.py:188} INFO - [2024-08-05T00:19:12.477+0000] {dagbag.py:545} INFO - Filling up the DagBag from /home/airflow/.local/lib/python3.12/site-packages/airflow/example_dags/example_sensors.py
[2024-08-05T00:19:12.486+0000] {processor.py:840} INFO - DAG(s) 'example_sensors' retrieved from /home/airflow/.local/lib/python3.12/site-packages/airflow/example_dags/example_sensors.py
[2024-08-05T00:19:12.514+0000] {logging_mixin.py:188} INFO - [2024-08-05T00:19:12.514+0000] {dag.py:3089} INFO - Sync 1 DAGs
[2024-08-05T00:19:12.529+0000] {logging_mixin.py:188} INFO - [2024-08-05T00:19:12.529+0000] {dag.py:3947} INFO - Setting next_dagrun for example_sensors to None, run_after=None
[2024-08-05T00:19:12.549+0000] {processor.py:183} INFO - Processing /home/airflow/.local/lib/python3.12/site-packages/airflow/example_dags/example_sensors.py took 0.079 seconds
[2024-08-05T00:19:42.800+0000] {processor.py:161} INFO - Started process (PID=26082) to work on /home/airflow/.local/lib/python3.12/site-packages/airflow/example_dags/example_sensors.py
[2024-08-05T00:19:42.801+0000] {processor.py:830} INFO - Processing file /home/airflow/.local/lib/python3.12/site-packages/airflow/example_dags/example_sensors.py for tasks to queue
[2024-08-05T00:19:42.803+0000] {logging_mixin.py:188} INFO - [2024-08-05T00:19:42.802+0000] {dagbag.py:545} INFO - Filling up the DagBag from /home/airflow/.local/lib/python3.12/site-packages/airflow/example_dags/example_sensors.py
[2024-08-05T00:19:42.810+0000] {processor.py:840} INFO - DAG(s) 'example_sensors' retrieved from /home/airflow/.local/lib/python3.12/site-packages/airflow/example_dags/example_sensors.py
[2024-08-05T00:19:42.836+0000] {logging_mixin.py:188} INFO - [2024-08-05T00:19:42.836+0000] {dag.py:3089} INFO - Sync 1 DAGs
[2024-08-05T00:19:42.848+0000] {logging_mixin.py:188} INFO - [2024-08-05T00:19:42.848+0000] {dag.py:3947} INFO - Setting next_dagrun for example_sensors to None, run_after=None
[2024-08-05T00:19:42.865+0000] {processor.py:183} INFO - Processing /home/airflow/.local/lib/python3.12/site-packages/airflow/example_dags/example_sensors.py took 0.070 seconds
[2024-08-05T00:20:12.935+0000] {processor.py:161} INFO - Started process (PID=26360) to work on /home/airflow/.local/lib/python3.12/site-packages/airflow/example_dags/example_sensors.py
[2024-08-05T00:20:12.936+0000] {processor.py:830} INFO - Processing file /home/airflow/.local/lib/python3.12/site-packages/airflow/example_dags/example_sensors.py for tasks to queue
[2024-08-05T00:20:12.937+0000] {logging_mixin.py:188} INFO - [2024-08-05T00:20:12.937+0000] {dagbag.py:545} INFO - Filling up the DagBag from /home/airflow/.local/lib/python3.12/site-packages/airflow/example_dags/example_sensors.py
[2024-08-05T00:20:12.946+0000] {processor.py:840} INFO - DAG(s) 'example_sensors' retrieved from /home/airflow/.local/lib/python3.12/site-packages/airflow/example_dags/example_sensors.py
[2024-08-05T00:20:12.972+0000] {logging_mixin.py:188} INFO - [2024-08-05T00:20:12.972+0000] {dag.py:3089} INFO - Sync 1 DAGs
[2024-08-05T00:20:12.984+0000] {logging_mixin.py:188} INFO - [2024-08-05T00:20:12.984+0000] {dag.py:3947} INFO - Setting next_dagrun for example_sensors to None, run_after=None
[2024-08-05T00:20:13.005+0000] {processor.py:183} INFO - Processing /home/airflow/.local/lib/python3.12/site-packages/airflow/example_dags/example_sensors.py took 0.074 seconds
[2024-08-05T00:20:43.631+0000] {processor.py:161} INFO - Started process (PID=26635) to work on /home/airflow/.local/lib/python3.12/site-packages/airflow/example_dags/example_sensors.py
[2024-08-05T00:20:43.632+0000] {processor.py:830} INFO - Processing file /home/airflow/.local/lib/python3.12/site-packages/airflow/example_dags/example_sensors.py for tasks to queue
[2024-08-05T00:20:43.633+0000] {logging_mixin.py:188} INFO - [2024-08-05T00:20:43.633+0000] {dagbag.py:545} INFO - Filling up the DagBag from /home/airflow/.local/lib/python3.12/site-packages/airflow/example_dags/example_sensors.py
[2024-08-05T00:20:43.642+0000] {processor.py:840} INFO - DAG(s) 'example_sensors' retrieved from /home/airflow/.local/lib/python3.12/site-packages/airflow/example_dags/example_sensors.py
[2024-08-05T00:20:43.666+0000] {logging_mixin.py:188} INFO - [2024-08-05T00:20:43.666+0000] {dag.py:3089} INFO - Sync 1 DAGs
[2024-08-05T00:20:43.678+0000] {logging_mixin.py:188} INFO - [2024-08-05T00:20:43.677+0000] {dag.py:3947} INFO - Setting next_dagrun for example_sensors to None, run_after=None
[2024-08-05T00:20:43.695+0000] {processor.py:183} INFO - Processing /home/airflow/.local/lib/python3.12/site-packages/airflow/example_dags/example_sensors.py took 0.069 seconds
[2024-08-05T00:21:14.088+0000] {processor.py:161} INFO - Started process (PID=26907) to work on /home/airflow/.local/lib/python3.12/site-packages/airflow/example_dags/example_sensors.py
[2024-08-05T00:21:14.089+0000] {processor.py:830} INFO - Processing file /home/airflow/.local/lib/python3.12/site-packages/airflow/example_dags/example_sensors.py for tasks to queue
[2024-08-05T00:21:14.091+0000] {logging_mixin.py:188} INFO - [2024-08-05T00:21:14.091+0000] {dagbag.py:545} INFO - Filling up the DagBag from /home/airflow/.local/lib/python3.12/site-packages/airflow/example_dags/example_sensors.py
[2024-08-05T00:21:14.098+0000] {processor.py:840} INFO - DAG(s) 'example_sensors' retrieved from /home/airflow/.local/lib/python3.12/site-packages/airflow/example_dags/example_sensors.py
[2024-08-05T00:21:14.122+0000] {logging_mixin.py:188} INFO - [2024-08-05T00:21:14.122+0000] {dag.py:3089} INFO - Sync 1 DAGs
[2024-08-05T00:21:14.133+0000] {logging_mixin.py:188} INFO - [2024-08-05T00:21:14.133+0000] {dag.py:3947} INFO - Setting next_dagrun for example_sensors to None, run_after=None
[2024-08-05T00:21:14.151+0000] {processor.py:183} INFO - Processing /home/airflow/.local/lib/python3.12/site-packages/airflow/example_dags/example_sensors.py took 0.068 seconds
[2024-08-05T00:21:44.253+0000] {processor.py:161} INFO - Started process (PID=27179) to work on /home/airflow/.local/lib/python3.12/site-packages/airflow/example_dags/example_sensors.py
[2024-08-05T00:21:44.254+0000] {processor.py:830} INFO - Processing file /home/airflow/.local/lib/python3.12/site-packages/airflow/example_dags/example_sensors.py for tasks to queue
[2024-08-05T00:21:44.256+0000] {logging_mixin.py:188} INFO - [2024-08-05T00:21:44.255+0000] {dagbag.py:545} INFO - Filling up the DagBag from /home/airflow/.local/lib/python3.12/site-packages/airflow/example_dags/example_sensors.py
[2024-08-05T00:21:44.263+0000] {processor.py:840} INFO - DAG(s) 'example_sensors' retrieved from /home/airflow/.local/lib/python3.12/site-packages/airflow/example_dags/example_sensors.py
[2024-08-05T00:21:44.287+0000] {logging_mixin.py:188} INFO - [2024-08-05T00:21:44.287+0000] {dag.py:3089} INFO - Sync 1 DAGs
[2024-08-05T00:21:44.299+0000] {logging_mixin.py:188} INFO - [2024-08-05T00:21:44.298+0000] {dag.py:3947} INFO - Setting next_dagrun for example_sensors to None, run_after=None
[2024-08-05T00:21:44.316+0000] {processor.py:183} INFO - Processing /home/airflow/.local/lib/python3.12/site-packages/airflow/example_dags/example_sensors.py took 0.068 seconds
[2024-08-05T00:22:14.677+0000] {processor.py:161} INFO - Started process (PID=27451) to work on /home/airflow/.local/lib/python3.12/site-packages/airflow/example_dags/example_sensors.py
[2024-08-05T00:22:14.678+0000] {processor.py:830} INFO - Processing file /home/airflow/.local/lib/python3.12/site-packages/airflow/example_dags/example_sensors.py for tasks to queue
[2024-08-05T00:22:14.680+0000] {logging_mixin.py:188} INFO - [2024-08-05T00:22:14.679+0000] {dagbag.py:545} INFO - Filling up the DagBag from /home/airflow/.local/lib/python3.12/site-packages/airflow/example_dags/example_sensors.py
[2024-08-05T00:22:14.688+0000] {processor.py:840} INFO - DAG(s) 'example_sensors' retrieved from /home/airflow/.local/lib/python3.12/site-packages/airflow/example_dags/example_sensors.py
[2024-08-05T00:22:14.712+0000] {logging_mixin.py:188} INFO - [2024-08-05T00:22:14.711+0000] {dag.py:3089} INFO - Sync 1 DAGs
[2024-08-05T00:22:14.724+0000] {logging_mixin.py:188} INFO - [2024-08-05T00:22:14.723+0000] {dag.py:3947} INFO - Setting next_dagrun for example_sensors to None, run_after=None
[2024-08-05T00:22:14.740+0000] {processor.py:183} INFO - Processing /home/airflow/.local/lib/python3.12/site-packages/airflow/example_dags/example_sensors.py took 0.067 seconds
[2024-08-05T00:22:45.134+0000] {processor.py:161} INFO - Started process (PID=27723) to work on /home/airflow/.local/lib/python3.12/site-packages/airflow/example_dags/example_sensors.py
[2024-08-05T00:22:45.135+0000] {processor.py:830} INFO - Processing file /home/airflow/.local/lib/python3.12/site-packages/airflow/example_dags/example_sensors.py for tasks to queue
[2024-08-05T00:22:45.137+0000] {logging_mixin.py:188} INFO - [2024-08-05T00:22:45.137+0000] {dagbag.py:545} INFO - Filling up the DagBag from /home/airflow/.local/lib/python3.12/site-packages/airflow/example_dags/example_sensors.py
[2024-08-05T00:22:45.145+0000] {processor.py:840} INFO - DAG(s) 'example_sensors' retrieved from /home/airflow/.local/lib/python3.12/site-packages/airflow/example_dags/example_sensors.py
[2024-08-05T00:22:45.168+0000] {logging_mixin.py:188} INFO - [2024-08-05T00:22:45.168+0000] {dag.py:3089} INFO - Sync 1 DAGs
[2024-08-05T00:22:45.180+0000] {logging_mixin.py:188} INFO - [2024-08-05T00:22:45.180+0000] {dag.py:3947} INFO - Setting next_dagrun for example_sensors to None, run_after=None
[2024-08-05T00:22:45.196+0000] {processor.py:183} INFO - Processing /home/airflow/.local/lib/python3.12/site-packages/airflow/example_dags/example_sensors.py took 0.067 seconds
[2024-08-05T00:23:15.717+0000] {processor.py:161} INFO - Started process (PID=27995) to work on /home/airflow/.local/lib/python3.12/site-packages/airflow/example_dags/example_sensors.py
[2024-08-05T00:23:15.718+0000] {processor.py:830} INFO - Processing file /home/airflow/.local/lib/python3.12/site-packages/airflow/example_dags/example_sensors.py for tasks to queue
[2024-08-05T00:23:15.720+0000] {logging_mixin.py:188} INFO - [2024-08-05T00:23:15.720+0000] {dagbag.py:545} INFO - Filling up the DagBag from /home/airflow/.local/lib/python3.12/site-packages/airflow/example_dags/example_sensors.py
[2024-08-05T00:23:15.728+0000] {processor.py:840} INFO - DAG(s) 'example_sensors' retrieved from /home/airflow/.local/lib/python3.12/site-packages/airflow/example_dags/example_sensors.py
[2024-08-05T00:23:15.752+0000] {logging_mixin.py:188} INFO - [2024-08-05T00:23:15.752+0000] {dag.py:3089} INFO - Sync 1 DAGs
[2024-08-05T00:23:15.765+0000] {logging_mixin.py:188} INFO - [2024-08-05T00:23:15.765+0000] {dag.py:3947} INFO - Setting next_dagrun for example_sensors to None, run_after=None
[2024-08-05T00:23:15.784+0000] {processor.py:183} INFO - Processing /home/airflow/.local/lib/python3.12/site-packages/airflow/example_dags/example_sensors.py took 0.072 seconds
[2024-08-05T00:23:46.417+0000] {processor.py:161} INFO - Started process (PID=28267) to work on /home/airflow/.local/lib/python3.12/site-packages/airflow/example_dags/example_sensors.py
[2024-08-05T00:23:46.418+0000] {processor.py:830} INFO - Processing file /home/airflow/.local/lib/python3.12/site-packages/airflow/example_dags/example_sensors.py for tasks to queue
[2024-08-05T00:23:46.419+0000] {logging_mixin.py:188} INFO - [2024-08-05T00:23:46.419+0000] {dagbag.py:545} INFO - Filling up the DagBag from /home/airflow/.local/lib/python3.12/site-packages/airflow/example_dags/example_sensors.py
[2024-08-05T00:23:46.427+0000] {processor.py:840} INFO - DAG(s) 'example_sensors' retrieved from /home/airflow/.local/lib/python3.12/site-packages/airflow/example_dags/example_sensors.py
[2024-08-05T00:23:46.451+0000] {logging_mixin.py:188} INFO - [2024-08-05T00:23:46.450+0000] {dag.py:3089} INFO - Sync 1 DAGs
[2024-08-05T00:23:46.462+0000] {logging_mixin.py:188} INFO - [2024-08-05T00:23:46.462+0000] {dag.py:3947} INFO - Setting next_dagrun for example_sensors to None, run_after=None
[2024-08-05T00:23:46.478+0000] {processor.py:183} INFO - Processing /home/airflow/.local/lib/python3.12/site-packages/airflow/example_dags/example_sensors.py took 0.067 seconds
[2024-08-05T00:24:16.873+0000] {processor.py:161} INFO - Started process (PID=28539) to work on /home/airflow/.local/lib/python3.12/site-packages/airflow/example_dags/example_sensors.py
[2024-08-05T00:24:16.874+0000] {processor.py:830} INFO - Processing file /home/airflow/.local/lib/python3.12/site-packages/airflow/example_dags/example_sensors.py for tasks to queue
[2024-08-05T00:24:16.875+0000] {logging_mixin.py:188} INFO - [2024-08-05T00:24:16.875+0000] {dagbag.py:545} INFO - Filling up the DagBag from /home/airflow/.local/lib/python3.12/site-packages/airflow/example_dags/example_sensors.py
[2024-08-05T00:24:16.883+0000] {processor.py:840} INFO - DAG(s) 'example_sensors' retrieved from /home/airflow/.local/lib/python3.12/site-packages/airflow/example_dags/example_sensors.py
[2024-08-05T00:24:17.023+0000] {logging_mixin.py:188} INFO - [2024-08-05T00:24:17.023+0000] {dag.py:3089} INFO - Sync 1 DAGs
[2024-08-05T00:24:17.033+0000] {logging_mixin.py:188} INFO - [2024-08-05T00:24:17.032+0000] {dag.py:3947} INFO - Setting next_dagrun for example_sensors to None, run_after=None
[2024-08-05T00:24:17.045+0000] {processor.py:183} INFO - Processing /home/airflow/.local/lib/python3.12/site-packages/airflow/example_dags/example_sensors.py took 0.178 seconds
[2024-08-05T00:24:47.606+0000] {processor.py:161} INFO - Started process (PID=28811) to work on /home/airflow/.local/lib/python3.12/site-packages/airflow/example_dags/example_sensors.py
[2024-08-05T00:24:47.607+0000] {processor.py:830} INFO - Processing file /home/airflow/.local/lib/python3.12/site-packages/airflow/example_dags/example_sensors.py for tasks to queue
[2024-08-05T00:24:47.608+0000] {logging_mixin.py:188} INFO - [2024-08-05T00:24:47.608+0000] {dagbag.py:545} INFO - Filling up the DagBag from /home/airflow/.local/lib/python3.12/site-packages/airflow/example_dags/example_sensors.py
[2024-08-05T00:24:47.615+0000] {processor.py:840} INFO - DAG(s) 'example_sensors' retrieved from /home/airflow/.local/lib/python3.12/site-packages/airflow/example_dags/example_sensors.py
[2024-08-05T00:24:47.635+0000] {logging_mixin.py:188} INFO - [2024-08-05T00:24:47.634+0000] {dag.py:3089} INFO - Sync 1 DAGs
[2024-08-05T00:24:47.644+0000] {logging_mixin.py:188} INFO - [2024-08-05T00:24:47.644+0000] {dag.py:3947} INFO - Setting next_dagrun for example_sensors to None, run_after=None
[2024-08-05T00:24:47.657+0000] {processor.py:183} INFO - Processing /home/airflow/.local/lib/python3.12/site-packages/airflow/example_dags/example_sensors.py took 0.055 seconds
