[2024-08-05T00:00:01.729+0000] {processor.py:161} INFO - Started process (PID=15618) to work on /home/airflow/.local/lib/python3.12/site-packages/airflow/example_dags/example_params_trigger_ui.py
[2024-08-05T00:00:01.730+0000] {processor.py:830} INFO - Processing file /home/airflow/.local/lib/python3.12/site-packages/airflow/example_dags/example_params_trigger_ui.py for tasks to queue
[2024-08-05T00:00:01.731+0000] {logging_mixin.py:188} INFO - [2024-08-05T00:00:01.731+0000] {dagbag.py:545} INFO - Filling up the DagBag from /home/airflow/.local/lib/python3.12/site-packages/airflow/example_dags/example_params_trigger_ui.py
[2024-08-05T00:00:01.739+0000] {processor.py:840} INFO - DAG(s) 'example_params_trigger_ui' retrieved from /home/airflow/.local/lib/python3.12/site-packages/airflow/example_dags/example_params_trigger_ui.py
[2024-08-05T00:00:01.785+0000] {logging_mixin.py:188} INFO - [2024-08-05T00:00:01.784+0000] {dag.py:3089} INFO - Sync 1 DAGs
[2024-08-05T00:00:01.799+0000] {logging_mixin.py:188} INFO - [2024-08-05T00:00:01.799+0000] {dag.py:3947} INFO - Setting next_dagrun for example_params_trigger_ui to None, run_after=None
[2024-08-05T00:00:01.815+0000] {processor.py:183} INFO - Processing /home/airflow/.local/lib/python3.12/site-packages/airflow/example_dags/example_params_trigger_ui.py took 0.091 seconds
[2024-08-05T00:00:32.509+0000] {processor.py:161} INFO - Started process (PID=15898) to work on /home/airflow/.local/lib/python3.12/site-packages/airflow/example_dags/example_params_trigger_ui.py
[2024-08-05T00:00:32.510+0000] {processor.py:830} INFO - Processing file /home/airflow/.local/lib/python3.12/site-packages/airflow/example_dags/example_params_trigger_ui.py for tasks to queue
[2024-08-05T00:00:32.512+0000] {logging_mixin.py:188} INFO - [2024-08-05T00:00:32.511+0000] {dagbag.py:545} INFO - Filling up the DagBag from /home/airflow/.local/lib/python3.12/site-packages/airflow/example_dags/example_params_trigger_ui.py
[2024-08-05T00:00:32.519+0000] {processor.py:840} INFO - DAG(s) 'example_params_trigger_ui' retrieved from /home/airflow/.local/lib/python3.12/site-packages/airflow/example_dags/example_params_trigger_ui.py
[2024-08-05T00:00:32.559+0000] {logging_mixin.py:188} INFO - [2024-08-05T00:00:32.559+0000] {dag.py:3089} INFO - Sync 1 DAGs
[2024-08-05T00:00:32.570+0000] {logging_mixin.py:188} INFO - [2024-08-05T00:00:32.569+0000] {dag.py:3947} INFO - Setting next_dagrun for example_params_trigger_ui to None, run_after=None
[2024-08-05T00:00:32.584+0000] {processor.py:183} INFO - Processing /home/airflow/.local/lib/python3.12/site-packages/airflow/example_dags/example_params_trigger_ui.py took 0.080 seconds
[2024-08-05T00:01:03.316+0000] {processor.py:161} INFO - Started process (PID=16170) to work on /home/airflow/.local/lib/python3.12/site-packages/airflow/example_dags/example_params_trigger_ui.py
[2024-08-05T00:01:03.317+0000] {processor.py:830} INFO - Processing file /home/airflow/.local/lib/python3.12/site-packages/airflow/example_dags/example_params_trigger_ui.py for tasks to queue
[2024-08-05T00:01:03.319+0000] {logging_mixin.py:188} INFO - [2024-08-05T00:01:03.318+0000] {dagbag.py:545} INFO - Filling up the DagBag from /home/airflow/.local/lib/python3.12/site-packages/airflow/example_dags/example_params_trigger_ui.py
[2024-08-05T00:01:03.327+0000] {processor.py:840} INFO - DAG(s) 'example_params_trigger_ui' retrieved from /home/airflow/.local/lib/python3.12/site-packages/airflow/example_dags/example_params_trigger_ui.py
[2024-08-05T00:01:03.371+0000] {logging_mixin.py:188} INFO - [2024-08-05T00:01:03.371+0000] {dag.py:3089} INFO - Sync 1 DAGs
[2024-08-05T00:01:03.383+0000] {logging_mixin.py:188} INFO - [2024-08-05T00:01:03.382+0000] {dag.py:3947} INFO - Setting next_dagrun for example_params_trigger_ui to None, run_after=None
[2024-08-05T00:01:03.401+0000] {processor.py:183} INFO - Processing /home/airflow/.local/lib/python3.12/site-packages/airflow/example_dags/example_params_trigger_ui.py took 0.090 seconds
[2024-08-05T00:01:33.757+0000] {processor.py:161} INFO - Started process (PID=16442) to work on /home/airflow/.local/lib/python3.12/site-packages/airflow/example_dags/example_params_trigger_ui.py
[2024-08-05T00:01:33.758+0000] {processor.py:830} INFO - Processing file /home/airflow/.local/lib/python3.12/site-packages/airflow/example_dags/example_params_trigger_ui.py for tasks to queue
[2024-08-05T00:01:33.759+0000] {logging_mixin.py:188} INFO - [2024-08-05T00:01:33.759+0000] {dagbag.py:545} INFO - Filling up the DagBag from /home/airflow/.local/lib/python3.12/site-packages/airflow/example_dags/example_params_trigger_ui.py
[2024-08-05T00:01:33.766+0000] {processor.py:840} INFO - DAG(s) 'example_params_trigger_ui' retrieved from /home/airflow/.local/lib/python3.12/site-packages/airflow/example_dags/example_params_trigger_ui.py
[2024-08-05T00:01:33.808+0000] {logging_mixin.py:188} INFO - [2024-08-05T00:01:33.808+0000] {dag.py:3089} INFO - Sync 1 DAGs
[2024-08-05T00:01:33.820+0000] {logging_mixin.py:188} INFO - [2024-08-05T00:01:33.820+0000] {dag.py:3947} INFO - Setting next_dagrun for example_params_trigger_ui to None, run_after=None
[2024-08-05T00:01:33.837+0000] {processor.py:183} INFO - Processing /home/airflow/.local/lib/python3.12/site-packages/airflow/example_dags/example_params_trigger_ui.py took 0.085 seconds
[2024-08-05T00:02:03.919+0000] {processor.py:161} INFO - Started process (PID=16714) to work on /home/airflow/.local/lib/python3.12/site-packages/airflow/example_dags/example_params_trigger_ui.py
[2024-08-05T00:02:03.920+0000] {processor.py:830} INFO - Processing file /home/airflow/.local/lib/python3.12/site-packages/airflow/example_dags/example_params_trigger_ui.py for tasks to queue
[2024-08-05T00:02:03.922+0000] {logging_mixin.py:188} INFO - [2024-08-05T00:02:03.921+0000] {dagbag.py:545} INFO - Filling up the DagBag from /home/airflow/.local/lib/python3.12/site-packages/airflow/example_dags/example_params_trigger_ui.py
[2024-08-05T00:02:03.929+0000] {processor.py:840} INFO - DAG(s) 'example_params_trigger_ui' retrieved from /home/airflow/.local/lib/python3.12/site-packages/airflow/example_dags/example_params_trigger_ui.py
[2024-08-05T00:02:03.971+0000] {logging_mixin.py:188} INFO - [2024-08-05T00:02:03.970+0000] {dag.py:3089} INFO - Sync 1 DAGs
[2024-08-05T00:02:03.981+0000] {logging_mixin.py:188} INFO - [2024-08-05T00:02:03.981+0000] {dag.py:3947} INFO - Setting next_dagrun for example_params_trigger_ui to None, run_after=None
[2024-08-05T00:02:03.997+0000] {processor.py:183} INFO - Processing /home/airflow/.local/lib/python3.12/site-packages/airflow/example_dags/example_params_trigger_ui.py took 0.083 seconds
[2024-08-05T00:02:34.054+0000] {processor.py:161} INFO - Started process (PID=16986) to work on /home/airflow/.local/lib/python3.12/site-packages/airflow/example_dags/example_params_trigger_ui.py
[2024-08-05T00:02:34.055+0000] {processor.py:830} INFO - Processing file /home/airflow/.local/lib/python3.12/site-packages/airflow/example_dags/example_params_trigger_ui.py for tasks to queue
[2024-08-05T00:02:34.057+0000] {logging_mixin.py:188} INFO - [2024-08-05T00:02:34.056+0000] {dagbag.py:545} INFO - Filling up the DagBag from /home/airflow/.local/lib/python3.12/site-packages/airflow/example_dags/example_params_trigger_ui.py
[2024-08-05T00:02:34.064+0000] {processor.py:840} INFO - DAG(s) 'example_params_trigger_ui' retrieved from /home/airflow/.local/lib/python3.12/site-packages/airflow/example_dags/example_params_trigger_ui.py
[2024-08-05T00:02:34.108+0000] {logging_mixin.py:188} INFO - [2024-08-05T00:02:34.108+0000] {dag.py:3089} INFO - Sync 1 DAGs
[2024-08-05T00:02:34.119+0000] {logging_mixin.py:188} INFO - [2024-08-05T00:02:34.119+0000] {dag.py:3947} INFO - Setting next_dagrun for example_params_trigger_ui to None, run_after=None
[2024-08-05T00:02:34.137+0000] {processor.py:183} INFO - Processing /home/airflow/.local/lib/python3.12/site-packages/airflow/example_dags/example_params_trigger_ui.py took 0.089 seconds
[2024-08-05T00:03:04.272+0000] {processor.py:161} INFO - Started process (PID=17263) to work on /home/airflow/.local/lib/python3.12/site-packages/airflow/example_dags/example_params_trigger_ui.py
[2024-08-05T00:03:04.273+0000] {processor.py:830} INFO - Processing file /home/airflow/.local/lib/python3.12/site-packages/airflow/example_dags/example_params_trigger_ui.py for tasks to queue
[2024-08-05T00:03:04.275+0000] {logging_mixin.py:188} INFO - [2024-08-05T00:03:04.274+0000] {dagbag.py:545} INFO - Filling up the DagBag from /home/airflow/.local/lib/python3.12/site-packages/airflow/example_dags/example_params_trigger_ui.py
[2024-08-05T00:03:04.282+0000] {processor.py:840} INFO - DAG(s) 'example_params_trigger_ui' retrieved from /home/airflow/.local/lib/python3.12/site-packages/airflow/example_dags/example_params_trigger_ui.py
[2024-08-05T00:03:04.323+0000] {logging_mixin.py:188} INFO - [2024-08-05T00:03:04.323+0000] {dag.py:3089} INFO - Sync 1 DAGs
[2024-08-05T00:03:04.333+0000] {logging_mixin.py:188} INFO - [2024-08-05T00:03:04.333+0000] {dag.py:3947} INFO - Setting next_dagrun for example_params_trigger_ui to None, run_after=None
[2024-08-05T00:03:04.352+0000] {processor.py:183} INFO - Processing /home/airflow/.local/lib/python3.12/site-packages/airflow/example_dags/example_params_trigger_ui.py took 0.086 seconds
[2024-08-05T00:03:34.511+0000] {processor.py:161} INFO - Started process (PID=17528) to work on /home/airflow/.local/lib/python3.12/site-packages/airflow/example_dags/example_params_trigger_ui.py
[2024-08-05T00:03:34.511+0000] {processor.py:830} INFO - Processing file /home/airflow/.local/lib/python3.12/site-packages/airflow/example_dags/example_params_trigger_ui.py for tasks to queue
[2024-08-05T00:03:34.513+0000] {logging_mixin.py:188} INFO - [2024-08-05T00:03:34.512+0000] {dagbag.py:545} INFO - Filling up the DagBag from /home/airflow/.local/lib/python3.12/site-packages/airflow/example_dags/example_params_trigger_ui.py
[2024-08-05T00:03:34.522+0000] {processor.py:840} INFO - DAG(s) 'example_params_trigger_ui' retrieved from /home/airflow/.local/lib/python3.12/site-packages/airflow/example_dags/example_params_trigger_ui.py
[2024-08-05T00:03:34.567+0000] {logging_mixin.py:188} INFO - [2024-08-05T00:03:34.566+0000] {dag.py:3089} INFO - Sync 1 DAGs
[2024-08-05T00:03:34.578+0000] {logging_mixin.py:188} INFO - [2024-08-05T00:03:34.578+0000] {dag.py:3947} INFO - Setting next_dagrun for example_params_trigger_ui to None, run_after=None
[2024-08-05T00:03:34.594+0000] {processor.py:183} INFO - Processing /home/airflow/.local/lib/python3.12/site-packages/airflow/example_dags/example_params_trigger_ui.py took 0.089 seconds
[2024-08-05T00:04:04.852+0000] {processor.py:161} INFO - Started process (PID=17802) to work on /home/airflow/.local/lib/python3.12/site-packages/airflow/example_dags/example_params_trigger_ui.py
[2024-08-05T00:04:04.853+0000] {processor.py:830} INFO - Processing file /home/airflow/.local/lib/python3.12/site-packages/airflow/example_dags/example_params_trigger_ui.py for tasks to queue
[2024-08-05T00:04:04.855+0000] {logging_mixin.py:188} INFO - [2024-08-05T00:04:04.855+0000] {dagbag.py:545} INFO - Filling up the DagBag from /home/airflow/.local/lib/python3.12/site-packages/airflow/example_dags/example_params_trigger_ui.py
[2024-08-05T00:04:04.863+0000] {processor.py:840} INFO - DAG(s) 'example_params_trigger_ui' retrieved from /home/airflow/.local/lib/python3.12/site-packages/airflow/example_dags/example_params_trigger_ui.py
[2024-08-05T00:04:04.906+0000] {logging_mixin.py:188} INFO - [2024-08-05T00:04:04.906+0000] {dag.py:3089} INFO - Sync 1 DAGs
[2024-08-05T00:04:04.918+0000] {logging_mixin.py:188} INFO - [2024-08-05T00:04:04.917+0000] {dag.py:3947} INFO - Setting next_dagrun for example_params_trigger_ui to None, run_after=None
[2024-08-05T00:04:04.935+0000] {processor.py:183} INFO - Processing /home/airflow/.local/lib/python3.12/site-packages/airflow/example_dags/example_params_trigger_ui.py took 0.091 seconds
[2024-08-05T00:04:35.016+0000] {processor.py:161} INFO - Started process (PID=18074) to work on /home/airflow/.local/lib/python3.12/site-packages/airflow/example_dags/example_params_trigger_ui.py
[2024-08-05T00:04:35.017+0000] {processor.py:830} INFO - Processing file /home/airflow/.local/lib/python3.12/site-packages/airflow/example_dags/example_params_trigger_ui.py for tasks to queue
[2024-08-05T00:04:35.019+0000] {logging_mixin.py:188} INFO - [2024-08-05T00:04:35.019+0000] {dagbag.py:545} INFO - Filling up the DagBag from /home/airflow/.local/lib/python3.12/site-packages/airflow/example_dags/example_params_trigger_ui.py
[2024-08-05T00:04:35.028+0000] {processor.py:840} INFO - DAG(s) 'example_params_trigger_ui' retrieved from /home/airflow/.local/lib/python3.12/site-packages/airflow/example_dags/example_params_trigger_ui.py
[2024-08-05T00:04:35.072+0000] {logging_mixin.py:188} INFO - [2024-08-05T00:04:35.071+0000] {dag.py:3089} INFO - Sync 1 DAGs
[2024-08-05T00:04:35.082+0000] {logging_mixin.py:188} INFO - [2024-08-05T00:04:35.082+0000] {dag.py:3947} INFO - Setting next_dagrun for example_params_trigger_ui to None, run_after=None
[2024-08-05T00:04:35.095+0000] {processor.py:183} INFO - Processing /home/airflow/.local/lib/python3.12/site-packages/airflow/example_dags/example_params_trigger_ui.py took 0.085 seconds
[2024-08-05T00:05:05.288+0000] {processor.py:161} INFO - Started process (PID=18344) to work on /home/airflow/.local/lib/python3.12/site-packages/airflow/example_dags/example_params_trigger_ui.py
[2024-08-05T00:05:05.289+0000] {processor.py:830} INFO - Processing file /home/airflow/.local/lib/python3.12/site-packages/airflow/example_dags/example_params_trigger_ui.py for tasks to queue
[2024-08-05T00:05:05.291+0000] {logging_mixin.py:188} INFO - [2024-08-05T00:05:05.291+0000] {dagbag.py:545} INFO - Filling up the DagBag from /home/airflow/.local/lib/python3.12/site-packages/airflow/example_dags/example_params_trigger_ui.py
[2024-08-05T00:05:05.300+0000] {processor.py:840} INFO - DAG(s) 'example_params_trigger_ui' retrieved from /home/airflow/.local/lib/python3.12/site-packages/airflow/example_dags/example_params_trigger_ui.py
[2024-08-05T00:05:05.343+0000] {logging_mixin.py:188} INFO - [2024-08-05T00:05:05.342+0000] {dag.py:3089} INFO - Sync 1 DAGs
[2024-08-05T00:05:05.356+0000] {logging_mixin.py:188} INFO - [2024-08-05T00:05:05.355+0000] {dag.py:3947} INFO - Setting next_dagrun for example_params_trigger_ui to None, run_after=None
[2024-08-05T00:05:05.370+0000] {processor.py:183} INFO - Processing /home/airflow/.local/lib/python3.12/site-packages/airflow/example_dags/example_params_trigger_ui.py took 0.089 seconds
[2024-08-05T00:05:35.602+0000] {processor.py:161} INFO - Started process (PID=18616) to work on /home/airflow/.local/lib/python3.12/site-packages/airflow/example_dags/example_params_trigger_ui.py
[2024-08-05T00:05:35.603+0000] {processor.py:830} INFO - Processing file /home/airflow/.local/lib/python3.12/site-packages/airflow/example_dags/example_params_trigger_ui.py for tasks to queue
[2024-08-05T00:05:35.605+0000] {logging_mixin.py:188} INFO - [2024-08-05T00:05:35.604+0000] {dagbag.py:545} INFO - Filling up the DagBag from /home/airflow/.local/lib/python3.12/site-packages/airflow/example_dags/example_params_trigger_ui.py
[2024-08-05T00:05:35.613+0000] {processor.py:840} INFO - DAG(s) 'example_params_trigger_ui' retrieved from /home/airflow/.local/lib/python3.12/site-packages/airflow/example_dags/example_params_trigger_ui.py
[2024-08-05T00:05:35.655+0000] {logging_mixin.py:188} INFO - [2024-08-05T00:05:35.655+0000] {dag.py:3089} INFO - Sync 1 DAGs
[2024-08-05T00:05:35.668+0000] {logging_mixin.py:188} INFO - [2024-08-05T00:05:35.668+0000] {dag.py:3947} INFO - Setting next_dagrun for example_params_trigger_ui to None, run_after=None
[2024-08-05T00:05:35.684+0000] {processor.py:183} INFO - Processing /home/airflow/.local/lib/python3.12/site-packages/airflow/example_dags/example_params_trigger_ui.py took 0.087 seconds
[2024-08-05T00:06:06.452+0000] {processor.py:161} INFO - Started process (PID=18884) to work on /home/airflow/.local/lib/python3.12/site-packages/airflow/example_dags/example_params_trigger_ui.py
[2024-08-05T00:06:06.453+0000] {processor.py:830} INFO - Processing file /home/airflow/.local/lib/python3.12/site-packages/airflow/example_dags/example_params_trigger_ui.py for tasks to queue
[2024-08-05T00:06:06.454+0000] {logging_mixin.py:188} INFO - [2024-08-05T00:06:06.454+0000] {dagbag.py:545} INFO - Filling up the DagBag from /home/airflow/.local/lib/python3.12/site-packages/airflow/example_dags/example_params_trigger_ui.py
[2024-08-05T00:06:06.463+0000] {processor.py:840} INFO - DAG(s) 'example_params_trigger_ui' retrieved from /home/airflow/.local/lib/python3.12/site-packages/airflow/example_dags/example_params_trigger_ui.py
[2024-08-05T00:06:06.508+0000] {logging_mixin.py:188} INFO - [2024-08-05T00:06:06.507+0000] {dag.py:3089} INFO - Sync 1 DAGs
[2024-08-05T00:06:06.519+0000] {logging_mixin.py:188} INFO - [2024-08-05T00:06:06.519+0000] {dag.py:3947} INFO - Setting next_dagrun for example_params_trigger_ui to None, run_after=None
[2024-08-05T00:06:06.537+0000] {processor.py:183} INFO - Processing /home/airflow/.local/lib/python3.12/site-packages/airflow/example_dags/example_params_trigger_ui.py took 0.091 seconds
[2024-08-05T00:06:36.682+0000] {processor.py:161} INFO - Started process (PID=19154) to work on /home/airflow/.local/lib/python3.12/site-packages/airflow/example_dags/example_params_trigger_ui.py
[2024-08-05T00:06:36.683+0000] {processor.py:830} INFO - Processing file /home/airflow/.local/lib/python3.12/site-packages/airflow/example_dags/example_params_trigger_ui.py for tasks to queue
[2024-08-05T00:06:36.685+0000] {logging_mixin.py:188} INFO - [2024-08-05T00:06:36.684+0000] {dagbag.py:545} INFO - Filling up the DagBag from /home/airflow/.local/lib/python3.12/site-packages/airflow/example_dags/example_params_trigger_ui.py
[2024-08-05T00:06:36.692+0000] {processor.py:840} INFO - DAG(s) 'example_params_trigger_ui' retrieved from /home/airflow/.local/lib/python3.12/site-packages/airflow/example_dags/example_params_trigger_ui.py
[2024-08-05T00:06:36.735+0000] {logging_mixin.py:188} INFO - [2024-08-05T00:06:36.735+0000] {dag.py:3089} INFO - Sync 1 DAGs
[2024-08-05T00:06:36.746+0000] {logging_mixin.py:188} INFO - [2024-08-05T00:06:36.746+0000] {dag.py:3947} INFO - Setting next_dagrun for example_params_trigger_ui to None, run_after=None
[2024-08-05T00:06:36.762+0000] {processor.py:183} INFO - Processing /home/airflow/.local/lib/python3.12/site-packages/airflow/example_dags/example_params_trigger_ui.py took 0.086 seconds
[2024-08-05T00:07:07.696+0000] {processor.py:161} INFO - Started process (PID=19427) to work on /home/airflow/.local/lib/python3.12/site-packages/airflow/example_dags/example_params_trigger_ui.py
[2024-08-05T00:07:07.697+0000] {processor.py:830} INFO - Processing file /home/airflow/.local/lib/python3.12/site-packages/airflow/example_dags/example_params_trigger_ui.py for tasks to queue
[2024-08-05T00:07:07.699+0000] {logging_mixin.py:188} INFO - [2024-08-05T00:07:07.699+0000] {dagbag.py:545} INFO - Filling up the DagBag from /home/airflow/.local/lib/python3.12/site-packages/airflow/example_dags/example_params_trigger_ui.py
[2024-08-05T00:07:07.708+0000] {processor.py:840} INFO - DAG(s) 'example_params_trigger_ui' retrieved from /home/airflow/.local/lib/python3.12/site-packages/airflow/example_dags/example_params_trigger_ui.py
[2024-08-05T00:07:07.752+0000] {logging_mixin.py:188} INFO - [2024-08-05T00:07:07.752+0000] {dag.py:3089} INFO - Sync 1 DAGs
[2024-08-05T00:07:07.762+0000] {logging_mixin.py:188} INFO - [2024-08-05T00:07:07.762+0000] {dag.py:3947} INFO - Setting next_dagrun for example_params_trigger_ui to None, run_after=None
[2024-08-05T00:07:07.777+0000] {processor.py:183} INFO - Processing /home/airflow/.local/lib/python3.12/site-packages/airflow/example_dags/example_params_trigger_ui.py took 0.086 seconds
[2024-08-05T00:07:38.040+0000] {processor.py:161} INFO - Started process (PID=19700) to work on /home/airflow/.local/lib/python3.12/site-packages/airflow/example_dags/example_params_trigger_ui.py
[2024-08-05T00:07:38.041+0000] {processor.py:830} INFO - Processing file /home/airflow/.local/lib/python3.12/site-packages/airflow/example_dags/example_params_trigger_ui.py for tasks to queue
[2024-08-05T00:07:38.043+0000] {logging_mixin.py:188} INFO - [2024-08-05T00:07:38.043+0000] {dagbag.py:545} INFO - Filling up the DagBag from /home/airflow/.local/lib/python3.12/site-packages/airflow/example_dags/example_params_trigger_ui.py
[2024-08-05T00:07:38.051+0000] {processor.py:840} INFO - DAG(s) 'example_params_trigger_ui' retrieved from /home/airflow/.local/lib/python3.12/site-packages/airflow/example_dags/example_params_trigger_ui.py
[2024-08-05T00:07:38.094+0000] {logging_mixin.py:188} INFO - [2024-08-05T00:07:38.094+0000] {dag.py:3089} INFO - Sync 1 DAGs
[2024-08-05T00:07:38.106+0000] {logging_mixin.py:188} INFO - [2024-08-05T00:07:38.106+0000] {dag.py:3947} INFO - Setting next_dagrun for example_params_trigger_ui to None, run_after=None
[2024-08-05T00:07:38.122+0000] {processor.py:183} INFO - Processing /home/airflow/.local/lib/python3.12/site-packages/airflow/example_dags/example_params_trigger_ui.py took 0.086 seconds
[2024-08-05T00:08:08.247+0000] {processor.py:161} INFO - Started process (PID=19972) to work on /home/airflow/.local/lib/python3.12/site-packages/airflow/example_dags/example_params_trigger_ui.py
[2024-08-05T00:08:08.248+0000] {processor.py:830} INFO - Processing file /home/airflow/.local/lib/python3.12/site-packages/airflow/example_dags/example_params_trigger_ui.py for tasks to queue
[2024-08-05T00:08:08.250+0000] {logging_mixin.py:188} INFO - [2024-08-05T00:08:08.249+0000] {dagbag.py:545} INFO - Filling up the DagBag from /home/airflow/.local/lib/python3.12/site-packages/airflow/example_dags/example_params_trigger_ui.py
[2024-08-05T00:08:08.258+0000] {processor.py:840} INFO - DAG(s) 'example_params_trigger_ui' retrieved from /home/airflow/.local/lib/python3.12/site-packages/airflow/example_dags/example_params_trigger_ui.py
[2024-08-05T00:08:08.301+0000] {logging_mixin.py:188} INFO - [2024-08-05T00:08:08.301+0000] {dag.py:3089} INFO - Sync 1 DAGs
[2024-08-05T00:08:08.314+0000] {logging_mixin.py:188} INFO - [2024-08-05T00:08:08.314+0000] {dag.py:3947} INFO - Setting next_dagrun for example_params_trigger_ui to None, run_after=None
[2024-08-05T00:08:08.331+0000] {processor.py:183} INFO - Processing /home/airflow/.local/lib/python3.12/site-packages/airflow/example_dags/example_params_trigger_ui.py took 0.090 seconds
[2024-08-05T00:08:38.636+0000] {processor.py:161} INFO - Started process (PID=20244) to work on /home/airflow/.local/lib/python3.12/site-packages/airflow/example_dags/example_params_trigger_ui.py
[2024-08-05T00:08:38.637+0000] {processor.py:830} INFO - Processing file /home/airflow/.local/lib/python3.12/site-packages/airflow/example_dags/example_params_trigger_ui.py for tasks to queue
[2024-08-05T00:08:38.638+0000] {logging_mixin.py:188} INFO - [2024-08-05T00:08:38.638+0000] {dagbag.py:545} INFO - Filling up the DagBag from /home/airflow/.local/lib/python3.12/site-packages/airflow/example_dags/example_params_trigger_ui.py
[2024-08-05T00:08:38.647+0000] {processor.py:840} INFO - DAG(s) 'example_params_trigger_ui' retrieved from /home/airflow/.local/lib/python3.12/site-packages/airflow/example_dags/example_params_trigger_ui.py
[2024-08-05T00:08:38.689+0000] {logging_mixin.py:188} INFO - [2024-08-05T00:08:38.689+0000] {dag.py:3089} INFO - Sync 1 DAGs
[2024-08-05T00:08:38.702+0000] {logging_mixin.py:188} INFO - [2024-08-05T00:08:38.702+0000] {dag.py:3947} INFO - Setting next_dagrun for example_params_trigger_ui to None, run_after=None
[2024-08-05T00:08:38.719+0000] {processor.py:183} INFO - Processing /home/airflow/.local/lib/python3.12/site-packages/airflow/example_dags/example_params_trigger_ui.py took 0.088 seconds
[2024-08-05T00:09:08.761+0000] {processor.py:161} INFO - Started process (PID=20516) to work on /home/airflow/.local/lib/python3.12/site-packages/airflow/example_dags/example_params_trigger_ui.py
[2024-08-05T00:09:08.762+0000] {processor.py:830} INFO - Processing file /home/airflow/.local/lib/python3.12/site-packages/airflow/example_dags/example_params_trigger_ui.py for tasks to queue
[2024-08-05T00:09:08.763+0000] {logging_mixin.py:188} INFO - [2024-08-05T00:09:08.763+0000] {dagbag.py:545} INFO - Filling up the DagBag from /home/airflow/.local/lib/python3.12/site-packages/airflow/example_dags/example_params_trigger_ui.py
[2024-08-05T00:09:08.770+0000] {processor.py:840} INFO - DAG(s) 'example_params_trigger_ui' retrieved from /home/airflow/.local/lib/python3.12/site-packages/airflow/example_dags/example_params_trigger_ui.py
[2024-08-05T00:09:08.811+0000] {logging_mixin.py:188} INFO - [2024-08-05T00:09:08.810+0000] {dag.py:3089} INFO - Sync 1 DAGs
[2024-08-05T00:09:08.820+0000] {logging_mixin.py:188} INFO - [2024-08-05T00:09:08.820+0000] {dag.py:3947} INFO - Setting next_dagrun for example_params_trigger_ui to None, run_after=None
[2024-08-05T00:09:08.835+0000] {processor.py:183} INFO - Processing /home/airflow/.local/lib/python3.12/site-packages/airflow/example_dags/example_params_trigger_ui.py took 0.079 seconds
[2024-08-05T00:09:39.476+0000] {processor.py:161} INFO - Started process (PID=20788) to work on /home/airflow/.local/lib/python3.12/site-packages/airflow/example_dags/example_params_trigger_ui.py
[2024-08-05T00:09:39.477+0000] {processor.py:830} INFO - Processing file /home/airflow/.local/lib/python3.12/site-packages/airflow/example_dags/example_params_trigger_ui.py for tasks to queue
[2024-08-05T00:09:39.479+0000] {logging_mixin.py:188} INFO - [2024-08-05T00:09:39.479+0000] {dagbag.py:545} INFO - Filling up the DagBag from /home/airflow/.local/lib/python3.12/site-packages/airflow/example_dags/example_params_trigger_ui.py
[2024-08-05T00:09:39.488+0000] {processor.py:840} INFO - DAG(s) 'example_params_trigger_ui' retrieved from /home/airflow/.local/lib/python3.12/site-packages/airflow/example_dags/example_params_trigger_ui.py
[2024-08-05T00:09:39.529+0000] {logging_mixin.py:188} INFO - [2024-08-05T00:09:39.528+0000] {dag.py:3089} INFO - Sync 1 DAGs
[2024-08-05T00:09:39.539+0000] {logging_mixin.py:188} INFO - [2024-08-05T00:09:39.539+0000] {dag.py:3947} INFO - Setting next_dagrun for example_params_trigger_ui to None, run_after=None
[2024-08-05T00:09:39.555+0000] {processor.py:183} INFO - Processing /home/airflow/.local/lib/python3.12/site-packages/airflow/example_dags/example_params_trigger_ui.py took 0.084 seconds
[2024-08-05T00:10:10.148+0000] {processor.py:161} INFO - Started process (PID=21066) to work on /home/airflow/.local/lib/python3.12/site-packages/airflow/example_dags/example_params_trigger_ui.py
[2024-08-05T00:10:10.149+0000] {processor.py:830} INFO - Processing file /home/airflow/.local/lib/python3.12/site-packages/airflow/example_dags/example_params_trigger_ui.py for tasks to queue
[2024-08-05T00:10:10.151+0000] {logging_mixin.py:188} INFO - [2024-08-05T00:10:10.150+0000] {dagbag.py:545} INFO - Filling up the DagBag from /home/airflow/.local/lib/python3.12/site-packages/airflow/example_dags/example_params_trigger_ui.py
[2024-08-05T00:10:10.159+0000] {processor.py:840} INFO - DAG(s) 'example_params_trigger_ui' retrieved from /home/airflow/.local/lib/python3.12/site-packages/airflow/example_dags/example_params_trigger_ui.py
[2024-08-05T00:10:10.199+0000] {logging_mixin.py:188} INFO - [2024-08-05T00:10:10.199+0000] {dag.py:3089} INFO - Sync 1 DAGs
[2024-08-05T00:10:10.211+0000] {logging_mixin.py:188} INFO - [2024-08-05T00:10:10.210+0000] {dag.py:3947} INFO - Setting next_dagrun for example_params_trigger_ui to None, run_after=None
[2024-08-05T00:10:10.225+0000] {processor.py:183} INFO - Processing /home/airflow/.local/lib/python3.12/site-packages/airflow/example_dags/example_params_trigger_ui.py took 0.081 seconds
[2024-08-05T00:10:40.959+0000] {processor.py:161} INFO - Started process (PID=21341) to work on /home/airflow/.local/lib/python3.12/site-packages/airflow/example_dags/example_params_trigger_ui.py
[2024-08-05T00:10:40.960+0000] {processor.py:830} INFO - Processing file /home/airflow/.local/lib/python3.12/site-packages/airflow/example_dags/example_params_trigger_ui.py for tasks to queue
[2024-08-05T00:10:40.962+0000] {logging_mixin.py:188} INFO - [2024-08-05T00:10:40.961+0000] {dagbag.py:545} INFO - Filling up the DagBag from /home/airflow/.local/lib/python3.12/site-packages/airflow/example_dags/example_params_trigger_ui.py
[2024-08-05T00:10:40.969+0000] {processor.py:840} INFO - DAG(s) 'example_params_trigger_ui' retrieved from /home/airflow/.local/lib/python3.12/site-packages/airflow/example_dags/example_params_trigger_ui.py
[2024-08-05T00:10:41.011+0000] {logging_mixin.py:188} INFO - [2024-08-05T00:10:41.011+0000] {dag.py:3089} INFO - Sync 1 DAGs
[2024-08-05T00:10:41.022+0000] {logging_mixin.py:188} INFO - [2024-08-05T00:10:41.022+0000] {dag.py:3947} INFO - Setting next_dagrun for example_params_trigger_ui to None, run_after=None
[2024-08-05T00:10:41.038+0000] {processor.py:183} INFO - Processing /home/airflow/.local/lib/python3.12/site-packages/airflow/example_dags/example_params_trigger_ui.py took 0.084 seconds
[2024-08-05T00:11:11.652+0000] {processor.py:161} INFO - Started process (PID=21613) to work on /home/airflow/.local/lib/python3.12/site-packages/airflow/example_dags/example_params_trigger_ui.py
[2024-08-05T00:11:11.652+0000] {processor.py:830} INFO - Processing file /home/airflow/.local/lib/python3.12/site-packages/airflow/example_dags/example_params_trigger_ui.py for tasks to queue
[2024-08-05T00:11:11.654+0000] {logging_mixin.py:188} INFO - [2024-08-05T00:11:11.654+0000] {dagbag.py:545} INFO - Filling up the DagBag from /home/airflow/.local/lib/python3.12/site-packages/airflow/example_dags/example_params_trigger_ui.py
[2024-08-05T00:11:11.662+0000] {processor.py:840} INFO - DAG(s) 'example_params_trigger_ui' retrieved from /home/airflow/.local/lib/python3.12/site-packages/airflow/example_dags/example_params_trigger_ui.py
[2024-08-05T00:11:11.702+0000] {logging_mixin.py:188} INFO - [2024-08-05T00:11:11.702+0000] {dag.py:3089} INFO - Sync 1 DAGs
[2024-08-05T00:11:11.713+0000] {logging_mixin.py:188} INFO - [2024-08-05T00:11:11.713+0000] {dag.py:3947} INFO - Setting next_dagrun for example_params_trigger_ui to None, run_after=None
[2024-08-05T00:11:11.728+0000] {processor.py:183} INFO - Processing /home/airflow/.local/lib/python3.12/site-packages/airflow/example_dags/example_params_trigger_ui.py took 0.080 seconds
[2024-08-05T00:11:42.580+0000] {processor.py:161} INFO - Started process (PID=21885) to work on /home/airflow/.local/lib/python3.12/site-packages/airflow/example_dags/example_params_trigger_ui.py
[2024-08-05T00:11:42.581+0000] {processor.py:830} INFO - Processing file /home/airflow/.local/lib/python3.12/site-packages/airflow/example_dags/example_params_trigger_ui.py for tasks to queue
[2024-08-05T00:11:42.582+0000] {logging_mixin.py:188} INFO - [2024-08-05T00:11:42.582+0000] {dagbag.py:545} INFO - Filling up the DagBag from /home/airflow/.local/lib/python3.12/site-packages/airflow/example_dags/example_params_trigger_ui.py
[2024-08-05T00:11:42.590+0000] {processor.py:840} INFO - DAG(s) 'example_params_trigger_ui' retrieved from /home/airflow/.local/lib/python3.12/site-packages/airflow/example_dags/example_params_trigger_ui.py
[2024-08-05T00:11:42.632+0000] {logging_mixin.py:188} INFO - [2024-08-05T00:11:42.631+0000] {dag.py:3089} INFO - Sync 1 DAGs
[2024-08-05T00:11:42.643+0000] {logging_mixin.py:188} INFO - [2024-08-05T00:11:42.643+0000] {dag.py:3947} INFO - Setting next_dagrun for example_params_trigger_ui to None, run_after=None
[2024-08-05T00:11:42.659+0000] {processor.py:183} INFO - Processing /home/airflow/.local/lib/python3.12/site-packages/airflow/example_dags/example_params_trigger_ui.py took 0.084 seconds
[2024-08-05T00:12:12.832+0000] {processor.py:161} INFO - Started process (PID=22155) to work on /home/airflow/.local/lib/python3.12/site-packages/airflow/example_dags/example_params_trigger_ui.py
[2024-08-05T00:12:12.832+0000] {processor.py:830} INFO - Processing file /home/airflow/.local/lib/python3.12/site-packages/airflow/example_dags/example_params_trigger_ui.py for tasks to queue
[2024-08-05T00:12:12.835+0000] {logging_mixin.py:188} INFO - [2024-08-05T00:12:12.834+0000] {dagbag.py:545} INFO - Filling up the DagBag from /home/airflow/.local/lib/python3.12/site-packages/airflow/example_dags/example_params_trigger_ui.py
[2024-08-05T00:12:12.843+0000] {processor.py:840} INFO - DAG(s) 'example_params_trigger_ui' retrieved from /home/airflow/.local/lib/python3.12/site-packages/airflow/example_dags/example_params_trigger_ui.py
[2024-08-05T00:12:12.888+0000] {logging_mixin.py:188} INFO - [2024-08-05T00:12:12.888+0000] {dag.py:3089} INFO - Sync 1 DAGs
[2024-08-05T00:12:12.899+0000] {logging_mixin.py:188} INFO - [2024-08-05T00:12:12.899+0000] {dag.py:3947} INFO - Setting next_dagrun for example_params_trigger_ui to None, run_after=None
[2024-08-05T00:12:12.915+0000] {processor.py:183} INFO - Processing /home/airflow/.local/lib/python3.12/site-packages/airflow/example_dags/example_params_trigger_ui.py took 0.088 seconds
[2024-08-05T00:12:43.068+0000] {processor.py:161} INFO - Started process (PID=22429) to work on /home/airflow/.local/lib/python3.12/site-packages/airflow/example_dags/example_params_trigger_ui.py
[2024-08-05T00:12:43.069+0000] {processor.py:830} INFO - Processing file /home/airflow/.local/lib/python3.12/site-packages/airflow/example_dags/example_params_trigger_ui.py for tasks to queue
[2024-08-05T00:12:43.071+0000] {logging_mixin.py:188} INFO - [2024-08-05T00:12:43.071+0000] {dagbag.py:545} INFO - Filling up the DagBag from /home/airflow/.local/lib/python3.12/site-packages/airflow/example_dags/example_params_trigger_ui.py
[2024-08-05T00:12:43.079+0000] {processor.py:840} INFO - DAG(s) 'example_params_trigger_ui' retrieved from /home/airflow/.local/lib/python3.12/site-packages/airflow/example_dags/example_params_trigger_ui.py
[2024-08-05T00:12:43.122+0000] {logging_mixin.py:188} INFO - [2024-08-05T00:12:43.122+0000] {dag.py:3089} INFO - Sync 1 DAGs
[2024-08-05T00:12:43.133+0000] {logging_mixin.py:188} INFO - [2024-08-05T00:12:43.133+0000] {dag.py:3947} INFO - Setting next_dagrun for example_params_trigger_ui to None, run_after=None
[2024-08-05T00:12:43.150+0000] {processor.py:183} INFO - Processing /home/airflow/.local/lib/python3.12/site-packages/airflow/example_dags/example_params_trigger_ui.py took 0.087 seconds
[2024-08-05T00:13:13.317+0000] {processor.py:161} INFO - Started process (PID=22701) to work on /home/airflow/.local/lib/python3.12/site-packages/airflow/example_dags/example_params_trigger_ui.py
[2024-08-05T00:13:13.318+0000] {processor.py:830} INFO - Processing file /home/airflow/.local/lib/python3.12/site-packages/airflow/example_dags/example_params_trigger_ui.py for tasks to queue
[2024-08-05T00:13:13.320+0000] {logging_mixin.py:188} INFO - [2024-08-05T00:13:13.320+0000] {dagbag.py:545} INFO - Filling up the DagBag from /home/airflow/.local/lib/python3.12/site-packages/airflow/example_dags/example_params_trigger_ui.py
[2024-08-05T00:13:13.329+0000] {processor.py:840} INFO - DAG(s) 'example_params_trigger_ui' retrieved from /home/airflow/.local/lib/python3.12/site-packages/airflow/example_dags/example_params_trigger_ui.py
[2024-08-05T00:13:13.376+0000] {logging_mixin.py:188} INFO - [2024-08-05T00:13:13.375+0000] {dag.py:3089} INFO - Sync 1 DAGs
[2024-08-05T00:13:13.390+0000] {logging_mixin.py:188} INFO - [2024-08-05T00:13:13.389+0000] {dag.py:3947} INFO - Setting next_dagrun for example_params_trigger_ui to None, run_after=None
[2024-08-05T00:13:13.410+0000] {processor.py:183} INFO - Processing /home/airflow/.local/lib/python3.12/site-packages/airflow/example_dags/example_params_trigger_ui.py took 0.098 seconds
[2024-08-05T00:13:43.742+0000] {processor.py:161} INFO - Started process (PID=22973) to work on /home/airflow/.local/lib/python3.12/site-packages/airflow/example_dags/example_params_trigger_ui.py
[2024-08-05T00:13:43.743+0000] {processor.py:830} INFO - Processing file /home/airflow/.local/lib/python3.12/site-packages/airflow/example_dags/example_params_trigger_ui.py for tasks to queue
[2024-08-05T00:13:43.745+0000] {logging_mixin.py:188} INFO - [2024-08-05T00:13:43.744+0000] {dagbag.py:545} INFO - Filling up the DagBag from /home/airflow/.local/lib/python3.12/site-packages/airflow/example_dags/example_params_trigger_ui.py
[2024-08-05T00:13:43.754+0000] {processor.py:840} INFO - DAG(s) 'example_params_trigger_ui' retrieved from /home/airflow/.local/lib/python3.12/site-packages/airflow/example_dags/example_params_trigger_ui.py
[2024-08-05T00:13:43.804+0000] {logging_mixin.py:188} INFO - [2024-08-05T00:13:43.803+0000] {dag.py:3089} INFO - Sync 1 DAGs
[2024-08-05T00:13:43.816+0000] {logging_mixin.py:188} INFO - [2024-08-05T00:13:43.816+0000] {dag.py:3947} INFO - Setting next_dagrun for example_params_trigger_ui to None, run_after=None
[2024-08-05T00:13:43.834+0000] {processor.py:183} INFO - Processing /home/airflow/.local/lib/python3.12/site-packages/airflow/example_dags/example_params_trigger_ui.py took 0.095 seconds
[2024-08-05T00:14:14.260+0000] {processor.py:161} INFO - Started process (PID=23245) to work on /home/airflow/.local/lib/python3.12/site-packages/airflow/example_dags/example_params_trigger_ui.py
[2024-08-05T00:14:14.261+0000] {processor.py:830} INFO - Processing file /home/airflow/.local/lib/python3.12/site-packages/airflow/example_dags/example_params_trigger_ui.py for tasks to queue
[2024-08-05T00:14:14.262+0000] {logging_mixin.py:188} INFO - [2024-08-05T00:14:14.262+0000] {dagbag.py:545} INFO - Filling up the DagBag from /home/airflow/.local/lib/python3.12/site-packages/airflow/example_dags/example_params_trigger_ui.py
[2024-08-05T00:14:14.269+0000] {processor.py:840} INFO - DAG(s) 'example_params_trigger_ui' retrieved from /home/airflow/.local/lib/python3.12/site-packages/airflow/example_dags/example_params_trigger_ui.py
[2024-08-05T00:14:14.314+0000] {logging_mixin.py:188} INFO - [2024-08-05T00:14:14.314+0000] {dag.py:3089} INFO - Sync 1 DAGs
[2024-08-05T00:14:14.327+0000] {logging_mixin.py:188} INFO - [2024-08-05T00:14:14.327+0000] {dag.py:3947} INFO - Setting next_dagrun for example_params_trigger_ui to None, run_after=None
[2024-08-05T00:14:14.344+0000] {processor.py:183} INFO - Processing /home/airflow/.local/lib/python3.12/site-packages/airflow/example_dags/example_params_trigger_ui.py took 0.090 seconds
[2024-08-05T00:14:44.550+0000] {processor.py:161} INFO - Started process (PID=23517) to work on /home/airflow/.local/lib/python3.12/site-packages/airflow/example_dags/example_params_trigger_ui.py
[2024-08-05T00:14:44.551+0000] {processor.py:830} INFO - Processing file /home/airflow/.local/lib/python3.12/site-packages/airflow/example_dags/example_params_trigger_ui.py for tasks to queue
[2024-08-05T00:14:44.553+0000] {logging_mixin.py:188} INFO - [2024-08-05T00:14:44.553+0000] {dagbag.py:545} INFO - Filling up the DagBag from /home/airflow/.local/lib/python3.12/site-packages/airflow/example_dags/example_params_trigger_ui.py
[2024-08-05T00:14:44.561+0000] {processor.py:840} INFO - DAG(s) 'example_params_trigger_ui' retrieved from /home/airflow/.local/lib/python3.12/site-packages/airflow/example_dags/example_params_trigger_ui.py
[2024-08-05T00:14:44.607+0000] {logging_mixin.py:188} INFO - [2024-08-05T00:14:44.606+0000] {dag.py:3089} INFO - Sync 1 DAGs
[2024-08-05T00:14:44.621+0000] {logging_mixin.py:188} INFO - [2024-08-05T00:14:44.621+0000] {dag.py:3947} INFO - Setting next_dagrun for example_params_trigger_ui to None, run_after=None
[2024-08-05T00:14:44.639+0000] {processor.py:183} INFO - Processing /home/airflow/.local/lib/python3.12/site-packages/airflow/example_dags/example_params_trigger_ui.py took 0.094 seconds
[2024-08-05T00:15:14.705+0000] {processor.py:161} INFO - Started process (PID=23789) to work on /home/airflow/.local/lib/python3.12/site-packages/airflow/example_dags/example_params_trigger_ui.py
[2024-08-05T00:15:14.706+0000] {processor.py:830} INFO - Processing file /home/airflow/.local/lib/python3.12/site-packages/airflow/example_dags/example_params_trigger_ui.py for tasks to queue
[2024-08-05T00:15:14.708+0000] {logging_mixin.py:188} INFO - [2024-08-05T00:15:14.707+0000] {dagbag.py:545} INFO - Filling up the DagBag from /home/airflow/.local/lib/python3.12/site-packages/airflow/example_dags/example_params_trigger_ui.py
[2024-08-05T00:15:14.716+0000] {processor.py:840} INFO - DAG(s) 'example_params_trigger_ui' retrieved from /home/airflow/.local/lib/python3.12/site-packages/airflow/example_dags/example_params_trigger_ui.py
[2024-08-05T00:15:14.758+0000] {logging_mixin.py:188} INFO - [2024-08-05T00:15:14.757+0000] {dag.py:3089} INFO - Sync 1 DAGs
[2024-08-05T00:15:14.770+0000] {logging_mixin.py:188} INFO - [2024-08-05T00:15:14.770+0000] {dag.py:3947} INFO - Setting next_dagrun for example_params_trigger_ui to None, run_after=None
[2024-08-05T00:15:14.787+0000] {processor.py:183} INFO - Processing /home/airflow/.local/lib/python3.12/site-packages/airflow/example_dags/example_params_trigger_ui.py took 0.087 seconds
[2024-08-05T00:15:44.941+0000] {processor.py:161} INFO - Started process (PID=24059) to work on /home/airflow/.local/lib/python3.12/site-packages/airflow/example_dags/example_params_trigger_ui.py
[2024-08-05T00:15:44.942+0000] {processor.py:830} INFO - Processing file /home/airflow/.local/lib/python3.12/site-packages/airflow/example_dags/example_params_trigger_ui.py for tasks to queue
[2024-08-05T00:15:44.944+0000] {logging_mixin.py:188} INFO - [2024-08-05T00:15:44.943+0000] {dagbag.py:545} INFO - Filling up the DagBag from /home/airflow/.local/lib/python3.12/site-packages/airflow/example_dags/example_params_trigger_ui.py
[2024-08-05T00:15:44.951+0000] {processor.py:840} INFO - DAG(s) 'example_params_trigger_ui' retrieved from /home/airflow/.local/lib/python3.12/site-packages/airflow/example_dags/example_params_trigger_ui.py
[2024-08-05T00:15:44.993+0000] {logging_mixin.py:188} INFO - [2024-08-05T00:15:44.993+0000] {dag.py:3089} INFO - Sync 1 DAGs
[2024-08-05T00:15:45.003+0000] {logging_mixin.py:188} INFO - [2024-08-05T00:15:45.003+0000] {dag.py:3947} INFO - Setting next_dagrun for example_params_trigger_ui to None, run_after=None
[2024-08-05T00:15:45.019+0000] {processor.py:183} INFO - Processing /home/airflow/.local/lib/python3.12/site-packages/airflow/example_dags/example_params_trigger_ui.py took 0.083 seconds
[2024-08-05T00:16:15.540+0000] {processor.py:161} INFO - Started process (PID=24333) to work on /home/airflow/.local/lib/python3.12/site-packages/airflow/example_dags/example_params_trigger_ui.py
[2024-08-05T00:16:15.541+0000] {processor.py:830} INFO - Processing file /home/airflow/.local/lib/python3.12/site-packages/airflow/example_dags/example_params_trigger_ui.py for tasks to queue
[2024-08-05T00:16:15.543+0000] {logging_mixin.py:188} INFO - [2024-08-05T00:16:15.542+0000] {dagbag.py:545} INFO - Filling up the DagBag from /home/airflow/.local/lib/python3.12/site-packages/airflow/example_dags/example_params_trigger_ui.py
[2024-08-05T00:16:15.552+0000] {processor.py:840} INFO - DAG(s) 'example_params_trigger_ui' retrieved from /home/airflow/.local/lib/python3.12/site-packages/airflow/example_dags/example_params_trigger_ui.py
[2024-08-05T00:16:15.596+0000] {logging_mixin.py:188} INFO - [2024-08-05T00:16:15.596+0000] {dag.py:3089} INFO - Sync 1 DAGs
[2024-08-05T00:16:15.608+0000] {logging_mixin.py:188} INFO - [2024-08-05T00:16:15.608+0000] {dag.py:3947} INFO - Setting next_dagrun for example_params_trigger_ui to None, run_after=None
[2024-08-05T00:16:15.626+0000] {processor.py:183} INFO - Processing /home/airflow/.local/lib/python3.12/site-packages/airflow/example_dags/example_params_trigger_ui.py took 0.090 seconds
[2024-08-05T00:16:45.856+0000] {processor.py:161} INFO - Started process (PID=24605) to work on /home/airflow/.local/lib/python3.12/site-packages/airflow/example_dags/example_params_trigger_ui.py
[2024-08-05T00:16:45.857+0000] {processor.py:830} INFO - Processing file /home/airflow/.local/lib/python3.12/site-packages/airflow/example_dags/example_params_trigger_ui.py for tasks to queue
[2024-08-05T00:16:45.858+0000] {logging_mixin.py:188} INFO - [2024-08-05T00:16:45.858+0000] {dagbag.py:545} INFO - Filling up the DagBag from /home/airflow/.local/lib/python3.12/site-packages/airflow/example_dags/example_params_trigger_ui.py
[2024-08-05T00:16:45.867+0000] {processor.py:840} INFO - DAG(s) 'example_params_trigger_ui' retrieved from /home/airflow/.local/lib/python3.12/site-packages/airflow/example_dags/example_params_trigger_ui.py
[2024-08-05T00:16:45.910+0000] {logging_mixin.py:188} INFO - [2024-08-05T00:16:45.909+0000] {dag.py:3089} INFO - Sync 1 DAGs
[2024-08-05T00:16:45.923+0000] {logging_mixin.py:188} INFO - [2024-08-05T00:16:45.922+0000] {dag.py:3947} INFO - Setting next_dagrun for example_params_trigger_ui to None, run_after=None
[2024-08-05T00:16:45.939+0000] {processor.py:183} INFO - Processing /home/airflow/.local/lib/python3.12/site-packages/airflow/example_dags/example_params_trigger_ui.py took 0.088 seconds
[2024-08-05T00:17:16.169+0000] {processor.py:161} INFO - Started process (PID=24877) to work on /home/airflow/.local/lib/python3.12/site-packages/airflow/example_dags/example_params_trigger_ui.py
[2024-08-05T00:17:16.170+0000] {processor.py:830} INFO - Processing file /home/airflow/.local/lib/python3.12/site-packages/airflow/example_dags/example_params_trigger_ui.py for tasks to queue
[2024-08-05T00:17:16.172+0000] {logging_mixin.py:188} INFO - [2024-08-05T00:17:16.171+0000] {dagbag.py:545} INFO - Filling up the DagBag from /home/airflow/.local/lib/python3.12/site-packages/airflow/example_dags/example_params_trigger_ui.py
[2024-08-05T00:17:16.181+0000] {processor.py:840} INFO - DAG(s) 'example_params_trigger_ui' retrieved from /home/airflow/.local/lib/python3.12/site-packages/airflow/example_dags/example_params_trigger_ui.py
[2024-08-05T00:17:16.223+0000] {logging_mixin.py:188} INFO - [2024-08-05T00:17:16.223+0000] {dag.py:3089} INFO - Sync 1 DAGs
[2024-08-05T00:17:16.235+0000] {logging_mixin.py:188} INFO - [2024-08-05T00:17:16.235+0000] {dag.py:3947} INFO - Setting next_dagrun for example_params_trigger_ui to None, run_after=None
[2024-08-05T00:17:16.251+0000] {processor.py:183} INFO - Processing /home/airflow/.local/lib/python3.12/site-packages/airflow/example_dags/example_params_trigger_ui.py took 0.087 seconds
[2024-08-05T00:17:46.494+0000] {processor.py:161} INFO - Started process (PID=25149) to work on /home/airflow/.local/lib/python3.12/site-packages/airflow/example_dags/example_params_trigger_ui.py
[2024-08-05T00:17:46.495+0000] {processor.py:830} INFO - Processing file /home/airflow/.local/lib/python3.12/site-packages/airflow/example_dags/example_params_trigger_ui.py for tasks to queue
[2024-08-05T00:17:46.497+0000] {logging_mixin.py:188} INFO - [2024-08-05T00:17:46.497+0000] {dagbag.py:545} INFO - Filling up the DagBag from /home/airflow/.local/lib/python3.12/site-packages/airflow/example_dags/example_params_trigger_ui.py
[2024-08-05T00:17:46.504+0000] {processor.py:840} INFO - DAG(s) 'example_params_trigger_ui' retrieved from /home/airflow/.local/lib/python3.12/site-packages/airflow/example_dags/example_params_trigger_ui.py
[2024-08-05T00:17:46.546+0000] {logging_mixin.py:188} INFO - [2024-08-05T00:17:46.546+0000] {dag.py:3089} INFO - Sync 1 DAGs
[2024-08-05T00:17:46.557+0000] {logging_mixin.py:188} INFO - [2024-08-05T00:17:46.557+0000] {dag.py:3947} INFO - Setting next_dagrun for example_params_trigger_ui to None, run_after=None
[2024-08-05T00:17:46.574+0000] {processor.py:183} INFO - Processing /home/airflow/.local/lib/python3.12/site-packages/airflow/example_dags/example_params_trigger_ui.py took 0.085 seconds
[2024-08-05T00:18:16.791+0000] {processor.py:161} INFO - Started process (PID=25420) to work on /home/airflow/.local/lib/python3.12/site-packages/airflow/example_dags/example_params_trigger_ui.py
[2024-08-05T00:18:16.792+0000] {processor.py:830} INFO - Processing file /home/airflow/.local/lib/python3.12/site-packages/airflow/example_dags/example_params_trigger_ui.py for tasks to queue
[2024-08-05T00:18:16.794+0000] {logging_mixin.py:188} INFO - [2024-08-05T00:18:16.794+0000] {dagbag.py:545} INFO - Filling up the DagBag from /home/airflow/.local/lib/python3.12/site-packages/airflow/example_dags/example_params_trigger_ui.py
[2024-08-05T00:18:16.803+0000] {processor.py:840} INFO - DAG(s) 'example_params_trigger_ui' retrieved from /home/airflow/.local/lib/python3.12/site-packages/airflow/example_dags/example_params_trigger_ui.py
[2024-08-05T00:18:16.849+0000] {logging_mixin.py:188} INFO - [2024-08-05T00:18:16.849+0000] {dag.py:3089} INFO - Sync 1 DAGs
[2024-08-05T00:18:16.862+0000] {logging_mixin.py:188} INFO - [2024-08-05T00:18:16.862+0000] {dag.py:3947} INFO - Setting next_dagrun for example_params_trigger_ui to None, run_after=None
[2024-08-05T00:18:16.880+0000] {processor.py:183} INFO - Processing /home/airflow/.local/lib/python3.12/site-packages/airflow/example_dags/example_params_trigger_ui.py took 0.094 seconds
[2024-08-05T00:18:46.928+0000] {processor.py:161} INFO - Started process (PID=25691) to work on /home/airflow/.local/lib/python3.12/site-packages/airflow/example_dags/example_params_trigger_ui.py
[2024-08-05T00:18:46.929+0000] {processor.py:830} INFO - Processing file /home/airflow/.local/lib/python3.12/site-packages/airflow/example_dags/example_params_trigger_ui.py for tasks to queue
[2024-08-05T00:18:46.931+0000] {logging_mixin.py:188} INFO - [2024-08-05T00:18:46.930+0000] {dagbag.py:545} INFO - Filling up the DagBag from /home/airflow/.local/lib/python3.12/site-packages/airflow/example_dags/example_params_trigger_ui.py
[2024-08-05T00:18:46.939+0000] {processor.py:840} INFO - DAG(s) 'example_params_trigger_ui' retrieved from /home/airflow/.local/lib/python3.12/site-packages/airflow/example_dags/example_params_trigger_ui.py
[2024-08-05T00:18:46.987+0000] {logging_mixin.py:188} INFO - [2024-08-05T00:18:46.987+0000] {dag.py:3089} INFO - Sync 1 DAGs
[2024-08-05T00:18:46.998+0000] {logging_mixin.py:188} INFO - [2024-08-05T00:18:46.998+0000] {dag.py:3947} INFO - Setting next_dagrun for example_params_trigger_ui to None, run_after=None
[2024-08-05T00:18:47.014+0000] {processor.py:183} INFO - Processing /home/airflow/.local/lib/python3.12/site-packages/airflow/example_dags/example_params_trigger_ui.py took 0.092 seconds
[2024-08-05T00:19:17.229+0000] {processor.py:161} INFO - Started process (PID=25965) to work on /home/airflow/.local/lib/python3.12/site-packages/airflow/example_dags/example_params_trigger_ui.py
[2024-08-05T00:19:17.230+0000] {processor.py:830} INFO - Processing file /home/airflow/.local/lib/python3.12/site-packages/airflow/example_dags/example_params_trigger_ui.py for tasks to queue
[2024-08-05T00:19:17.231+0000] {logging_mixin.py:188} INFO - [2024-08-05T00:19:17.231+0000] {dagbag.py:545} INFO - Filling up the DagBag from /home/airflow/.local/lib/python3.12/site-packages/airflow/example_dags/example_params_trigger_ui.py
[2024-08-05T00:19:17.240+0000] {processor.py:840} INFO - DAG(s) 'example_params_trigger_ui' retrieved from /home/airflow/.local/lib/python3.12/site-packages/airflow/example_dags/example_params_trigger_ui.py
[2024-08-05T00:19:17.291+0000] {logging_mixin.py:188} INFO - [2024-08-05T00:19:17.291+0000] {dag.py:3089} INFO - Sync 1 DAGs
[2024-08-05T00:19:17.303+0000] {logging_mixin.py:188} INFO - [2024-08-05T00:19:17.303+0000] {dag.py:3947} INFO - Setting next_dagrun for example_params_trigger_ui to None, run_after=None
[2024-08-05T00:19:17.321+0000] {processor.py:183} INFO - Processing /home/airflow/.local/lib/python3.12/site-packages/airflow/example_dags/example_params_trigger_ui.py took 0.098 seconds
[2024-08-05T00:19:47.443+0000] {processor.py:161} INFO - Started process (PID=26237) to work on /home/airflow/.local/lib/python3.12/site-packages/airflow/example_dags/example_params_trigger_ui.py
[2024-08-05T00:19:47.444+0000] {processor.py:830} INFO - Processing file /home/airflow/.local/lib/python3.12/site-packages/airflow/example_dags/example_params_trigger_ui.py for tasks to queue
[2024-08-05T00:19:47.445+0000] {logging_mixin.py:188} INFO - [2024-08-05T00:19:47.445+0000] {dagbag.py:545} INFO - Filling up the DagBag from /home/airflow/.local/lib/python3.12/site-packages/airflow/example_dags/example_params_trigger_ui.py
[2024-08-05T00:19:47.452+0000] {processor.py:840} INFO - DAG(s) 'example_params_trigger_ui' retrieved from /home/airflow/.local/lib/python3.12/site-packages/airflow/example_dags/example_params_trigger_ui.py
[2024-08-05T00:19:47.496+0000] {logging_mixin.py:188} INFO - [2024-08-05T00:19:47.495+0000] {dag.py:3089} INFO - Sync 1 DAGs
[2024-08-05T00:19:47.508+0000] {logging_mixin.py:188} INFO - [2024-08-05T00:19:47.508+0000] {dag.py:3947} INFO - Setting next_dagrun for example_params_trigger_ui to None, run_after=None
[2024-08-05T00:19:47.525+0000] {processor.py:183} INFO - Processing /home/airflow/.local/lib/python3.12/site-packages/airflow/example_dags/example_params_trigger_ui.py took 0.087 seconds
[2024-08-05T00:20:17.697+0000] {processor.py:161} INFO - Started process (PID=26518) to work on /home/airflow/.local/lib/python3.12/site-packages/airflow/example_dags/example_params_trigger_ui.py
[2024-08-05T00:20:17.698+0000] {processor.py:830} INFO - Processing file /home/airflow/.local/lib/python3.12/site-packages/airflow/example_dags/example_params_trigger_ui.py for tasks to queue
[2024-08-05T00:20:17.699+0000] {logging_mixin.py:188} INFO - [2024-08-05T00:20:17.699+0000] {dagbag.py:545} INFO - Filling up the DagBag from /home/airflow/.local/lib/python3.12/site-packages/airflow/example_dags/example_params_trigger_ui.py
[2024-08-05T00:20:17.708+0000] {processor.py:840} INFO - DAG(s) 'example_params_trigger_ui' retrieved from /home/airflow/.local/lib/python3.12/site-packages/airflow/example_dags/example_params_trigger_ui.py
[2024-08-05T00:20:17.751+0000] {logging_mixin.py:188} INFO - [2024-08-05T00:20:17.751+0000] {dag.py:3089} INFO - Sync 1 DAGs
[2024-08-05T00:20:17.763+0000] {logging_mixin.py:188} INFO - [2024-08-05T00:20:17.763+0000] {dag.py:3947} INFO - Setting next_dagrun for example_params_trigger_ui to None, run_after=None
[2024-08-05T00:20:17.779+0000] {processor.py:183} INFO - Processing /home/airflow/.local/lib/python3.12/site-packages/airflow/example_dags/example_params_trigger_ui.py took 0.087 seconds
[2024-08-05T00:20:48.236+0000] {processor.py:161} INFO - Started process (PID=26790) to work on /home/airflow/.local/lib/python3.12/site-packages/airflow/example_dags/example_params_trigger_ui.py
[2024-08-05T00:20:48.237+0000] {processor.py:830} INFO - Processing file /home/airflow/.local/lib/python3.12/site-packages/airflow/example_dags/example_params_trigger_ui.py for tasks to queue
[2024-08-05T00:20:48.239+0000] {logging_mixin.py:188} INFO - [2024-08-05T00:20:48.239+0000] {dagbag.py:545} INFO - Filling up the DagBag from /home/airflow/.local/lib/python3.12/site-packages/airflow/example_dags/example_params_trigger_ui.py
[2024-08-05T00:20:48.247+0000] {processor.py:840} INFO - DAG(s) 'example_params_trigger_ui' retrieved from /home/airflow/.local/lib/python3.12/site-packages/airflow/example_dags/example_params_trigger_ui.py
[2024-08-05T00:20:48.290+0000] {logging_mixin.py:188} INFO - [2024-08-05T00:20:48.289+0000] {dag.py:3089} INFO - Sync 1 DAGs
[2024-08-05T00:20:48.301+0000] {logging_mixin.py:188} INFO - [2024-08-05T00:20:48.301+0000] {dag.py:3947} INFO - Setting next_dagrun for example_params_trigger_ui to None, run_after=None
[2024-08-05T00:20:48.317+0000] {processor.py:183} INFO - Processing /home/airflow/.local/lib/python3.12/site-packages/airflow/example_dags/example_params_trigger_ui.py took 0.086 seconds
[2024-08-05T00:21:18.758+0000] {processor.py:161} INFO - Started process (PID=27061) to work on /home/airflow/.local/lib/python3.12/site-packages/airflow/example_dags/example_params_trigger_ui.py
[2024-08-05T00:21:18.759+0000] {processor.py:830} INFO - Processing file /home/airflow/.local/lib/python3.12/site-packages/airflow/example_dags/example_params_trigger_ui.py for tasks to queue
[2024-08-05T00:21:18.761+0000] {logging_mixin.py:188} INFO - [2024-08-05T00:21:18.761+0000] {dagbag.py:545} INFO - Filling up the DagBag from /home/airflow/.local/lib/python3.12/site-packages/airflow/example_dags/example_params_trigger_ui.py
[2024-08-05T00:21:18.770+0000] {processor.py:840} INFO - DAG(s) 'example_params_trigger_ui' retrieved from /home/airflow/.local/lib/python3.12/site-packages/airflow/example_dags/example_params_trigger_ui.py
[2024-08-05T00:21:18.816+0000] {logging_mixin.py:188} INFO - [2024-08-05T00:21:18.816+0000] {dag.py:3089} INFO - Sync 1 DAGs
[2024-08-05T00:21:18.828+0000] {logging_mixin.py:188} INFO - [2024-08-05T00:21:18.828+0000] {dag.py:3947} INFO - Setting next_dagrun for example_params_trigger_ui to None, run_after=None
[2024-08-05T00:21:18.844+0000] {processor.py:183} INFO - Processing /home/airflow/.local/lib/python3.12/site-packages/airflow/example_dags/example_params_trigger_ui.py took 0.092 seconds
[2024-08-05T00:21:49.230+0000] {processor.py:161} INFO - Started process (PID=27332) to work on /home/airflow/.local/lib/python3.12/site-packages/airflow/example_dags/example_params_trigger_ui.py
[2024-08-05T00:21:49.231+0000] {processor.py:830} INFO - Processing file /home/airflow/.local/lib/python3.12/site-packages/airflow/example_dags/example_params_trigger_ui.py for tasks to queue
[2024-08-05T00:21:49.232+0000] {logging_mixin.py:188} INFO - [2024-08-05T00:21:49.232+0000] {dagbag.py:545} INFO - Filling up the DagBag from /home/airflow/.local/lib/python3.12/site-packages/airflow/example_dags/example_params_trigger_ui.py
[2024-08-05T00:21:49.242+0000] {processor.py:840} INFO - DAG(s) 'example_params_trigger_ui' retrieved from /home/airflow/.local/lib/python3.12/site-packages/airflow/example_dags/example_params_trigger_ui.py
[2024-08-05T00:21:49.287+0000] {logging_mixin.py:188} INFO - [2024-08-05T00:21:49.287+0000] {dag.py:3089} INFO - Sync 1 DAGs
[2024-08-05T00:21:49.298+0000] {logging_mixin.py:188} INFO - [2024-08-05T00:21:49.298+0000] {dag.py:3947} INFO - Setting next_dagrun for example_params_trigger_ui to None, run_after=None
[2024-08-05T00:21:49.314+0000] {processor.py:183} INFO - Processing /home/airflow/.local/lib/python3.12/site-packages/airflow/example_dags/example_params_trigger_ui.py took 0.089 seconds
[2024-08-05T00:22:19.667+0000] {processor.py:161} INFO - Started process (PID=27604) to work on /home/airflow/.local/lib/python3.12/site-packages/airflow/example_dags/example_params_trigger_ui.py
[2024-08-05T00:22:19.672+0000] {processor.py:830} INFO - Processing file /home/airflow/.local/lib/python3.12/site-packages/airflow/example_dags/example_params_trigger_ui.py for tasks to queue
[2024-08-05T00:22:19.674+0000] {logging_mixin.py:188} INFO - [2024-08-05T00:22:19.674+0000] {dagbag.py:545} INFO - Filling up the DagBag from /home/airflow/.local/lib/python3.12/site-packages/airflow/example_dags/example_params_trigger_ui.py
[2024-08-05T00:22:19.685+0000] {processor.py:840} INFO - DAG(s) 'example_params_trigger_ui' retrieved from /home/airflow/.local/lib/python3.12/site-packages/airflow/example_dags/example_params_trigger_ui.py
[2024-08-05T00:22:19.740+0000] {logging_mixin.py:188} INFO - [2024-08-05T00:22:19.739+0000] {dag.py:3089} INFO - Sync 1 DAGs
[2024-08-05T00:22:19.752+0000] {logging_mixin.py:188} INFO - [2024-08-05T00:22:19.751+0000] {dag.py:3947} INFO - Setting next_dagrun for example_params_trigger_ui to None, run_after=None
[2024-08-05T00:22:19.769+0000] {processor.py:183} INFO - Processing /home/airflow/.local/lib/python3.12/site-packages/airflow/example_dags/example_params_trigger_ui.py took 0.107 seconds
[2024-08-05T00:22:50.015+0000] {processor.py:161} INFO - Started process (PID=27878) to work on /home/airflow/.local/lib/python3.12/site-packages/airflow/example_dags/example_params_trigger_ui.py
[2024-08-05T00:22:50.016+0000] {processor.py:830} INFO - Processing file /home/airflow/.local/lib/python3.12/site-packages/airflow/example_dags/example_params_trigger_ui.py for tasks to queue
[2024-08-05T00:22:50.018+0000] {logging_mixin.py:188} INFO - [2024-08-05T00:22:50.017+0000] {dagbag.py:545} INFO - Filling up the DagBag from /home/airflow/.local/lib/python3.12/site-packages/airflow/example_dags/example_params_trigger_ui.py
[2024-08-05T00:22:50.026+0000] {processor.py:840} INFO - DAG(s) 'example_params_trigger_ui' retrieved from /home/airflow/.local/lib/python3.12/site-packages/airflow/example_dags/example_params_trigger_ui.py
[2024-08-05T00:22:50.071+0000] {logging_mixin.py:188} INFO - [2024-08-05T00:22:50.070+0000] {dag.py:3089} INFO - Sync 1 DAGs
[2024-08-05T00:22:50.212+0000] {logging_mixin.py:188} INFO - [2024-08-05T00:22:50.212+0000] {dag.py:3947} INFO - Setting next_dagrun for example_params_trigger_ui to None, run_after=None
[2024-08-05T00:22:50.228+0000] {processor.py:183} INFO - Processing /home/airflow/.local/lib/python3.12/site-packages/airflow/example_dags/example_params_trigger_ui.py took 0.217 seconds
[2024-08-05T00:23:20.443+0000] {processor.py:161} INFO - Started process (PID=28148) to work on /home/airflow/.local/lib/python3.12/site-packages/airflow/example_dags/example_params_trigger_ui.py
[2024-08-05T00:23:20.444+0000] {processor.py:830} INFO - Processing file /home/airflow/.local/lib/python3.12/site-packages/airflow/example_dags/example_params_trigger_ui.py for tasks to queue
[2024-08-05T00:23:20.446+0000] {logging_mixin.py:188} INFO - [2024-08-05T00:23:20.445+0000] {dagbag.py:545} INFO - Filling up the DagBag from /home/airflow/.local/lib/python3.12/site-packages/airflow/example_dags/example_params_trigger_ui.py
[2024-08-05T00:23:20.454+0000] {processor.py:840} INFO - DAG(s) 'example_params_trigger_ui' retrieved from /home/airflow/.local/lib/python3.12/site-packages/airflow/example_dags/example_params_trigger_ui.py
[2024-08-05T00:23:20.501+0000] {logging_mixin.py:188} INFO - [2024-08-05T00:23:20.501+0000] {dag.py:3089} INFO - Sync 1 DAGs
[2024-08-05T00:23:20.667+0000] {logging_mixin.py:188} INFO - [2024-08-05T00:23:20.667+0000] {dag.py:3947} INFO - Setting next_dagrun for example_params_trigger_ui to None, run_after=None
[2024-08-05T00:23:20.684+0000] {processor.py:183} INFO - Processing /home/airflow/.local/lib/python3.12/site-packages/airflow/example_dags/example_params_trigger_ui.py took 0.248 seconds
[2024-08-05T00:23:50.866+0000] {processor.py:161} INFO - Started process (PID=28420) to work on /home/airflow/.local/lib/python3.12/site-packages/airflow/example_dags/example_params_trigger_ui.py
[2024-08-05T00:23:50.867+0000] {processor.py:830} INFO - Processing file /home/airflow/.local/lib/python3.12/site-packages/airflow/example_dags/example_params_trigger_ui.py for tasks to queue
[2024-08-05T00:23:50.869+0000] {logging_mixin.py:188} INFO - [2024-08-05T00:23:50.868+0000] {dagbag.py:545} INFO - Filling up the DagBag from /home/airflow/.local/lib/python3.12/site-packages/airflow/example_dags/example_params_trigger_ui.py
[2024-08-05T00:23:50.876+0000] {processor.py:840} INFO - DAG(s) 'example_params_trigger_ui' retrieved from /home/airflow/.local/lib/python3.12/site-packages/airflow/example_dags/example_params_trigger_ui.py
[2024-08-05T00:23:50.919+0000] {logging_mixin.py:188} INFO - [2024-08-05T00:23:50.918+0000] {dag.py:3089} INFO - Sync 1 DAGs
[2024-08-05T00:23:51.065+0000] {logging_mixin.py:188} INFO - [2024-08-05T00:23:51.065+0000] {dag.py:3947} INFO - Setting next_dagrun for example_params_trigger_ui to None, run_after=None
[2024-08-05T00:23:51.082+0000] {processor.py:183} INFO - Processing /home/airflow/.local/lib/python3.12/site-packages/airflow/example_dags/example_params_trigger_ui.py took 0.220 seconds
[2024-08-05T00:24:21.442+0000] {processor.py:161} INFO - Started process (PID=28694) to work on /home/airflow/.local/lib/python3.12/site-packages/airflow/example_dags/example_params_trigger_ui.py
[2024-08-05T00:24:21.443+0000] {processor.py:830} INFO - Processing file /home/airflow/.local/lib/python3.12/site-packages/airflow/example_dags/example_params_trigger_ui.py for tasks to queue
[2024-08-05T00:24:21.444+0000] {logging_mixin.py:188} INFO - [2024-08-05T00:24:21.444+0000] {dagbag.py:545} INFO - Filling up the DagBag from /home/airflow/.local/lib/python3.12/site-packages/airflow/example_dags/example_params_trigger_ui.py
[2024-08-05T00:24:21.451+0000] {processor.py:840} INFO - DAG(s) 'example_params_trigger_ui' retrieved from /home/airflow/.local/lib/python3.12/site-packages/airflow/example_dags/example_params_trigger_ui.py
[2024-08-05T00:24:21.487+0000] {logging_mixin.py:188} INFO - [2024-08-05T00:24:21.487+0000] {dag.py:3089} INFO - Sync 1 DAGs
[2024-08-05T00:24:21.497+0000] {logging_mixin.py:188} INFO - [2024-08-05T00:24:21.497+0000] {dag.py:3947} INFO - Setting next_dagrun for example_params_trigger_ui to None, run_after=None
[2024-08-05T00:24:21.510+0000] {processor.py:183} INFO - Processing /home/airflow/.local/lib/python3.12/site-packages/airflow/example_dags/example_params_trigger_ui.py took 0.072 seconds
[2024-08-05T00:24:52.051+0000] {processor.py:161} INFO - Started process (PID=28966) to work on /home/airflow/.local/lib/python3.12/site-packages/airflow/example_dags/example_params_trigger_ui.py
[2024-08-05T00:24:52.051+0000] {processor.py:830} INFO - Processing file /home/airflow/.local/lib/python3.12/site-packages/airflow/example_dags/example_params_trigger_ui.py for tasks to queue
[2024-08-05T00:24:52.053+0000] {logging_mixin.py:188} INFO - [2024-08-05T00:24:52.052+0000] {dagbag.py:545} INFO - Filling up the DagBag from /home/airflow/.local/lib/python3.12/site-packages/airflow/example_dags/example_params_trigger_ui.py
[2024-08-05T00:24:52.060+0000] {processor.py:840} INFO - DAG(s) 'example_params_trigger_ui' retrieved from /home/airflow/.local/lib/python3.12/site-packages/airflow/example_dags/example_params_trigger_ui.py
[2024-08-05T00:24:52.097+0000] {logging_mixin.py:188} INFO - [2024-08-05T00:24:52.096+0000] {dag.py:3089} INFO - Sync 1 DAGs
[2024-08-05T00:24:52.106+0000] {logging_mixin.py:188} INFO - [2024-08-05T00:24:52.106+0000] {dag.py:3947} INFO - Setting next_dagrun for example_params_trigger_ui to None, run_after=None
[2024-08-05T00:24:52.119+0000] {processor.py:183} INFO - Processing /home/airflow/.local/lib/python3.12/site-packages/airflow/example_dags/example_params_trigger_ui.py took 0.072 seconds
