[2024-08-05T00:00:01.957+0000] {processor.py:161} INFO - Started process (PID=15643) to work on /home/airflow/.local/lib/python3.12/site-packages/airflow/example_dags/example_external_task_marker_dag.py
[2024-08-05T00:00:01.957+0000] {processor.py:830} INFO - Processing file /home/airflow/.local/lib/python3.12/site-packages/airflow/example_dags/example_external_task_marker_dag.py for tasks to queue
[2024-08-05T00:00:01.959+0000] {logging_mixin.py:188} INFO - [2024-08-05T00:00:01.959+0000] {dagbag.py:545} INFO - Filling up the DagBag from /home/airflow/.local/lib/python3.12/site-packages/airflow/example_dags/example_external_task_marker_dag.py
[2024-08-05T00:00:01.964+0000] {processor.py:840} INFO - DAG(s) 'example_external_task_marker_child', 'example_external_task_marker_parent' retrieved from /home/airflow/.local/lib/python3.12/site-packages/airflow/example_dags/example_external_task_marker_dag.py
[2024-08-05T00:00:01.984+0000] {logging_mixin.py:188} INFO - [2024-08-05T00:00:01.983+0000] {dag.py:3089} INFO - Sync 2 DAGs
[2024-08-05T00:00:01.995+0000] {logging_mixin.py:188} INFO - [2024-08-05T00:00:01.995+0000] {dag.py:3947} INFO - Setting next_dagrun for example_external_task_marker_child to None, run_after=None
[2024-08-05T00:00:01.998+0000] {logging_mixin.py:188} INFO - [2024-08-05T00:00:01.998+0000] {dag.py:3947} INFO - Setting next_dagrun for example_external_task_marker_parent to None, run_after=None
[2024-08-05T00:00:02.012+0000] {processor.py:183} INFO - Processing /home/airflow/.local/lib/python3.12/site-packages/airflow/example_dags/example_external_task_marker_dag.py took 0.060 seconds
[2024-08-05T00:00:32.807+0000] {processor.py:161} INFO - Started process (PID=15921) to work on /home/airflow/.local/lib/python3.12/site-packages/airflow/example_dags/example_external_task_marker_dag.py
[2024-08-05T00:00:32.808+0000] {processor.py:830} INFO - Processing file /home/airflow/.local/lib/python3.12/site-packages/airflow/example_dags/example_external_task_marker_dag.py for tasks to queue
[2024-08-05T00:00:32.810+0000] {logging_mixin.py:188} INFO - [2024-08-05T00:00:32.810+0000] {dagbag.py:545} INFO - Filling up the DagBag from /home/airflow/.local/lib/python3.12/site-packages/airflow/example_dags/example_external_task_marker_dag.py
[2024-08-05T00:00:32.815+0000] {processor.py:840} INFO - DAG(s) 'example_external_task_marker_parent', 'example_external_task_marker_child' retrieved from /home/airflow/.local/lib/python3.12/site-packages/airflow/example_dags/example_external_task_marker_dag.py
[2024-08-05T00:00:32.838+0000] {logging_mixin.py:188} INFO - [2024-08-05T00:00:32.838+0000] {dag.py:3089} INFO - Sync 2 DAGs
[2024-08-05T00:00:32.850+0000] {logging_mixin.py:188} INFO - [2024-08-05T00:00:32.850+0000] {dag.py:3947} INFO - Setting next_dagrun for example_external_task_marker_child to None, run_after=None
[2024-08-05T00:00:32.854+0000] {logging_mixin.py:188} INFO - [2024-08-05T00:00:32.854+0000] {dag.py:3947} INFO - Setting next_dagrun for example_external_task_marker_parent to None, run_after=None
[2024-08-05T00:00:32.872+0000] {processor.py:183} INFO - Processing /home/airflow/.local/lib/python3.12/site-packages/airflow/example_dags/example_external_task_marker_dag.py took 0.072 seconds
[2024-08-05T00:01:03.648+0000] {processor.py:161} INFO - Started process (PID=16193) to work on /home/airflow/.local/lib/python3.12/site-packages/airflow/example_dags/example_external_task_marker_dag.py
[2024-08-05T00:01:03.648+0000] {processor.py:830} INFO - Processing file /home/airflow/.local/lib/python3.12/site-packages/airflow/example_dags/example_external_task_marker_dag.py for tasks to queue
[2024-08-05T00:01:03.650+0000] {logging_mixin.py:188} INFO - [2024-08-05T00:01:03.649+0000] {dagbag.py:545} INFO - Filling up the DagBag from /home/airflow/.local/lib/python3.12/site-packages/airflow/example_dags/example_external_task_marker_dag.py
[2024-08-05T00:01:03.655+0000] {processor.py:840} INFO - DAG(s) 'example_external_task_marker_parent', 'example_external_task_marker_child' retrieved from /home/airflow/.local/lib/python3.12/site-packages/airflow/example_dags/example_external_task_marker_dag.py
[2024-08-05T00:01:03.677+0000] {logging_mixin.py:188} INFO - [2024-08-05T00:01:03.677+0000] {dag.py:3089} INFO - Sync 2 DAGs
[2024-08-05T00:01:03.689+0000] {logging_mixin.py:188} INFO - [2024-08-05T00:01:03.689+0000] {dag.py:3947} INFO - Setting next_dagrun for example_external_task_marker_child to None, run_after=None
[2024-08-05T00:01:03.693+0000] {logging_mixin.py:188} INFO - [2024-08-05T00:01:03.693+0000] {dag.py:3947} INFO - Setting next_dagrun for example_external_task_marker_parent to None, run_after=None
[2024-08-05T00:01:03.708+0000] {processor.py:183} INFO - Processing /home/airflow/.local/lib/python3.12/site-packages/airflow/example_dags/example_external_task_marker_dag.py took 0.064 seconds
[2024-08-05T00:01:33.962+0000] {processor.py:161} INFO - Started process (PID=16462) to work on /home/airflow/.local/lib/python3.12/site-packages/airflow/example_dags/example_external_task_marker_dag.py
[2024-08-05T00:01:33.963+0000] {processor.py:830} INFO - Processing file /home/airflow/.local/lib/python3.12/site-packages/airflow/example_dags/example_external_task_marker_dag.py for tasks to queue
[2024-08-05T00:01:33.964+0000] {logging_mixin.py:188} INFO - [2024-08-05T00:01:33.964+0000] {dagbag.py:545} INFO - Filling up the DagBag from /home/airflow/.local/lib/python3.12/site-packages/airflow/example_dags/example_external_task_marker_dag.py
[2024-08-05T00:01:33.970+0000] {processor.py:840} INFO - DAG(s) 'example_external_task_marker_parent', 'example_external_task_marker_child' retrieved from /home/airflow/.local/lib/python3.12/site-packages/airflow/example_dags/example_external_task_marker_dag.py
[2024-08-05T00:01:33.992+0000] {logging_mixin.py:188} INFO - [2024-08-05T00:01:33.992+0000] {dag.py:3089} INFO - Sync 2 DAGs
[2024-08-05T00:01:34.004+0000] {logging_mixin.py:188} INFO - [2024-08-05T00:01:34.004+0000] {dag.py:3947} INFO - Setting next_dagrun for example_external_task_marker_child to None, run_after=None
[2024-08-05T00:01:34.009+0000] {logging_mixin.py:188} INFO - [2024-08-05T00:01:34.009+0000] {dag.py:3947} INFO - Setting next_dagrun for example_external_task_marker_parent to None, run_after=None
[2024-08-05T00:01:34.024+0000] {processor.py:183} INFO - Processing /home/airflow/.local/lib/python3.12/site-packages/airflow/example_dags/example_external_task_marker_dag.py took 0.066 seconds
[2024-08-05T00:02:04.118+0000] {processor.py:161} INFO - Started process (PID=16734) to work on /home/airflow/.local/lib/python3.12/site-packages/airflow/example_dags/example_external_task_marker_dag.py
[2024-08-05T00:02:04.119+0000] {processor.py:830} INFO - Processing file /home/airflow/.local/lib/python3.12/site-packages/airflow/example_dags/example_external_task_marker_dag.py for tasks to queue
[2024-08-05T00:02:04.121+0000] {logging_mixin.py:188} INFO - [2024-08-05T00:02:04.121+0000] {dagbag.py:545} INFO - Filling up the DagBag from /home/airflow/.local/lib/python3.12/site-packages/airflow/example_dags/example_external_task_marker_dag.py
[2024-08-05T00:02:04.126+0000] {processor.py:840} INFO - DAG(s) 'example_external_task_marker_parent', 'example_external_task_marker_child' retrieved from /home/airflow/.local/lib/python3.12/site-packages/airflow/example_dags/example_external_task_marker_dag.py
[2024-08-05T00:02:04.147+0000] {logging_mixin.py:188} INFO - [2024-08-05T00:02:04.147+0000] {dag.py:3089} INFO - Sync 2 DAGs
[2024-08-05T00:02:04.160+0000] {logging_mixin.py:188} INFO - [2024-08-05T00:02:04.159+0000] {dag.py:3947} INFO - Setting next_dagrun for example_external_task_marker_child to None, run_after=None
[2024-08-05T00:02:04.163+0000] {logging_mixin.py:188} INFO - [2024-08-05T00:02:04.163+0000] {dag.py:3947} INFO - Setting next_dagrun for example_external_task_marker_parent to None, run_after=None
[2024-08-05T00:02:04.176+0000] {processor.py:183} INFO - Processing /home/airflow/.local/lib/python3.12/site-packages/airflow/example_dags/example_external_task_marker_dag.py took 0.063 seconds
[2024-08-05T00:02:34.267+0000] {processor.py:161} INFO - Started process (PID=17006) to work on /home/airflow/.local/lib/python3.12/site-packages/airflow/example_dags/example_external_task_marker_dag.py
[2024-08-05T00:02:34.269+0000] {processor.py:830} INFO - Processing file /home/airflow/.local/lib/python3.12/site-packages/airflow/example_dags/example_external_task_marker_dag.py for tasks to queue
[2024-08-05T00:02:34.271+0000] {logging_mixin.py:188} INFO - [2024-08-05T00:02:34.270+0000] {dagbag.py:545} INFO - Filling up the DagBag from /home/airflow/.local/lib/python3.12/site-packages/airflow/example_dags/example_external_task_marker_dag.py
[2024-08-05T00:02:34.276+0000] {processor.py:840} INFO - DAG(s) 'example_external_task_marker_child', 'example_external_task_marker_parent' retrieved from /home/airflow/.local/lib/python3.12/site-packages/airflow/example_dags/example_external_task_marker_dag.py
[2024-08-05T00:02:34.298+0000] {logging_mixin.py:188} INFO - [2024-08-05T00:02:34.298+0000] {dag.py:3089} INFO - Sync 2 DAGs
[2024-08-05T00:02:34.310+0000] {logging_mixin.py:188} INFO - [2024-08-05T00:02:34.310+0000] {dag.py:3947} INFO - Setting next_dagrun for example_external_task_marker_child to None, run_after=None
[2024-08-05T00:02:34.313+0000] {logging_mixin.py:188} INFO - [2024-08-05T00:02:34.313+0000] {dag.py:3947} INFO - Setting next_dagrun for example_external_task_marker_parent to None, run_after=None
[2024-08-05T00:02:34.328+0000] {processor.py:183} INFO - Processing /home/airflow/.local/lib/python3.12/site-packages/airflow/example_dags/example_external_task_marker_dag.py took 0.065 seconds
[2024-08-05T00:03:04.386+0000] {processor.py:161} INFO - Started process (PID=17276) to work on /home/airflow/.local/lib/python3.12/site-packages/airflow/example_dags/example_external_task_marker_dag.py
[2024-08-05T00:03:04.387+0000] {processor.py:830} INFO - Processing file /home/airflow/.local/lib/python3.12/site-packages/airflow/example_dags/example_external_task_marker_dag.py for tasks to queue
[2024-08-05T00:03:04.389+0000] {logging_mixin.py:188} INFO - [2024-08-05T00:03:04.389+0000] {dagbag.py:545} INFO - Filling up the DagBag from /home/airflow/.local/lib/python3.12/site-packages/airflow/example_dags/example_external_task_marker_dag.py
[2024-08-05T00:03:04.394+0000] {processor.py:840} INFO - DAG(s) 'example_external_task_marker_child', 'example_external_task_marker_parent' retrieved from /home/airflow/.local/lib/python3.12/site-packages/airflow/example_dags/example_external_task_marker_dag.py
[2024-08-05T00:03:04.416+0000] {logging_mixin.py:188} INFO - [2024-08-05T00:03:04.416+0000] {dag.py:3089} INFO - Sync 2 DAGs
[2024-08-05T00:03:04.428+0000] {logging_mixin.py:188} INFO - [2024-08-05T00:03:04.428+0000] {dag.py:3947} INFO - Setting next_dagrun for example_external_task_marker_child to None, run_after=None
[2024-08-05T00:03:04.432+0000] {logging_mixin.py:188} INFO - [2024-08-05T00:03:04.431+0000] {dag.py:3947} INFO - Setting next_dagrun for example_external_task_marker_parent to None, run_after=None
[2024-08-05T00:03:04.447+0000] {processor.py:183} INFO - Processing /home/airflow/.local/lib/python3.12/site-packages/airflow/example_dags/example_external_task_marker_dag.py took 0.067 seconds
[2024-08-05T00:03:34.740+0000] {processor.py:161} INFO - Started process (PID=17548) to work on /home/airflow/.local/lib/python3.12/site-packages/airflow/example_dags/example_external_task_marker_dag.py
[2024-08-05T00:03:34.741+0000] {processor.py:830} INFO - Processing file /home/airflow/.local/lib/python3.12/site-packages/airflow/example_dags/example_external_task_marker_dag.py for tasks to queue
[2024-08-05T00:03:34.742+0000] {logging_mixin.py:188} INFO - [2024-08-05T00:03:34.742+0000] {dagbag.py:545} INFO - Filling up the DagBag from /home/airflow/.local/lib/python3.12/site-packages/airflow/example_dags/example_external_task_marker_dag.py
[2024-08-05T00:03:34.747+0000] {processor.py:840} INFO - DAG(s) 'example_external_task_marker_child', 'example_external_task_marker_parent' retrieved from /home/airflow/.local/lib/python3.12/site-packages/airflow/example_dags/example_external_task_marker_dag.py
[2024-08-05T00:03:34.772+0000] {logging_mixin.py:188} INFO - [2024-08-05T00:03:34.772+0000] {dag.py:3089} INFO - Sync 2 DAGs
[2024-08-05T00:03:34.784+0000] {logging_mixin.py:188} INFO - [2024-08-05T00:03:34.784+0000] {dag.py:3947} INFO - Setting next_dagrun for example_external_task_marker_child to None, run_after=None
[2024-08-05T00:03:34.788+0000] {logging_mixin.py:188} INFO - [2024-08-05T00:03:34.787+0000] {dag.py:3947} INFO - Setting next_dagrun for example_external_task_marker_parent to None, run_after=None
[2024-08-05T00:03:34.802+0000] {processor.py:183} INFO - Processing /home/airflow/.local/lib/python3.12/site-packages/airflow/example_dags/example_external_task_marker_dag.py took 0.068 seconds
[2024-08-05T00:04:05.166+0000] {processor.py:161} INFO - Started process (PID=17825) to work on /home/airflow/.local/lib/python3.12/site-packages/airflow/example_dags/example_external_task_marker_dag.py
[2024-08-05T00:04:05.167+0000] {processor.py:830} INFO - Processing file /home/airflow/.local/lib/python3.12/site-packages/airflow/example_dags/example_external_task_marker_dag.py for tasks to queue
[2024-08-05T00:04:05.169+0000] {logging_mixin.py:188} INFO - [2024-08-05T00:04:05.168+0000] {dagbag.py:545} INFO - Filling up the DagBag from /home/airflow/.local/lib/python3.12/site-packages/airflow/example_dags/example_external_task_marker_dag.py
[2024-08-05T00:04:05.174+0000] {processor.py:840} INFO - DAG(s) 'example_external_task_marker_parent', 'example_external_task_marker_child' retrieved from /home/airflow/.local/lib/python3.12/site-packages/airflow/example_dags/example_external_task_marker_dag.py
[2024-08-05T00:04:05.194+0000] {logging_mixin.py:188} INFO - [2024-08-05T00:04:05.193+0000] {dag.py:3089} INFO - Sync 2 DAGs
[2024-08-05T00:04:05.206+0000] {logging_mixin.py:188} INFO - [2024-08-05T00:04:05.206+0000] {dag.py:3947} INFO - Setting next_dagrun for example_external_task_marker_child to None, run_after=None
[2024-08-05T00:04:05.210+0000] {logging_mixin.py:188} INFO - [2024-08-05T00:04:05.210+0000] {dag.py:3947} INFO - Setting next_dagrun for example_external_task_marker_parent to None, run_after=None
[2024-08-05T00:04:05.225+0000] {processor.py:183} INFO - Processing /home/airflow/.local/lib/python3.12/site-packages/airflow/example_dags/example_external_task_marker_dag.py took 0.065 seconds
[2024-08-05T00:04:35.329+0000] {processor.py:161} INFO - Started process (PID=18097) to work on /home/airflow/.local/lib/python3.12/site-packages/airflow/example_dags/example_external_task_marker_dag.py
[2024-08-05T00:04:35.330+0000] {processor.py:830} INFO - Processing file /home/airflow/.local/lib/python3.12/site-packages/airflow/example_dags/example_external_task_marker_dag.py for tasks to queue
[2024-08-05T00:04:35.332+0000] {logging_mixin.py:188} INFO - [2024-08-05T00:04:35.331+0000] {dagbag.py:545} INFO - Filling up the DagBag from /home/airflow/.local/lib/python3.12/site-packages/airflow/example_dags/example_external_task_marker_dag.py
[2024-08-05T00:04:35.336+0000] {processor.py:840} INFO - DAG(s) 'example_external_task_marker_child', 'example_external_task_marker_parent' retrieved from /home/airflow/.local/lib/python3.12/site-packages/airflow/example_dags/example_external_task_marker_dag.py
[2024-08-05T00:04:35.359+0000] {logging_mixin.py:188} INFO - [2024-08-05T00:04:35.359+0000] {dag.py:3089} INFO - Sync 2 DAGs
[2024-08-05T00:04:35.374+0000] {logging_mixin.py:188} INFO - [2024-08-05T00:04:35.373+0000] {dag.py:3947} INFO - Setting next_dagrun for example_external_task_marker_child to None, run_after=None
[2024-08-05T00:04:35.377+0000] {logging_mixin.py:188} INFO - [2024-08-05T00:04:35.377+0000] {dag.py:3947} INFO - Setting next_dagrun for example_external_task_marker_parent to None, run_after=None
[2024-08-05T00:04:35.389+0000] {processor.py:183} INFO - Processing /home/airflow/.local/lib/python3.12/site-packages/airflow/example_dags/example_external_task_marker_dag.py took 0.065 seconds
[2024-08-05T00:05:05.605+0000] {processor.py:161} INFO - Started process (PID=18369) to work on /home/airflow/.local/lib/python3.12/site-packages/airflow/example_dags/example_external_task_marker_dag.py
[2024-08-05T00:05:05.606+0000] {processor.py:830} INFO - Processing file /home/airflow/.local/lib/python3.12/site-packages/airflow/example_dags/example_external_task_marker_dag.py for tasks to queue
[2024-08-05T00:05:05.608+0000] {logging_mixin.py:188} INFO - [2024-08-05T00:05:05.607+0000] {dagbag.py:545} INFO - Filling up the DagBag from /home/airflow/.local/lib/python3.12/site-packages/airflow/example_dags/example_external_task_marker_dag.py
[2024-08-05T00:05:05.613+0000] {processor.py:840} INFO - DAG(s) 'example_external_task_marker_parent', 'example_external_task_marker_child' retrieved from /home/airflow/.local/lib/python3.12/site-packages/airflow/example_dags/example_external_task_marker_dag.py
[2024-08-05T00:05:05.636+0000] {logging_mixin.py:188} INFO - [2024-08-05T00:05:05.636+0000] {dag.py:3089} INFO - Sync 2 DAGs
[2024-08-05T00:05:05.651+0000] {logging_mixin.py:188} INFO - [2024-08-05T00:05:05.650+0000] {dag.py:3947} INFO - Setting next_dagrun for example_external_task_marker_child to None, run_after=None
[2024-08-05T00:05:05.655+0000] {logging_mixin.py:188} INFO - [2024-08-05T00:05:05.655+0000] {dag.py:3947} INFO - Setting next_dagrun for example_external_task_marker_parent to None, run_after=None
[2024-08-05T00:05:05.669+0000] {processor.py:183} INFO - Processing /home/airflow/.local/lib/python3.12/site-packages/airflow/example_dags/example_external_task_marker_dag.py took 0.070 seconds
[2024-08-05T00:05:35.966+0000] {processor.py:161} INFO - Started process (PID=18643) to work on /home/airflow/.local/lib/python3.12/site-packages/airflow/example_dags/example_external_task_marker_dag.py
[2024-08-05T00:05:35.967+0000] {processor.py:830} INFO - Processing file /home/airflow/.local/lib/python3.12/site-packages/airflow/example_dags/example_external_task_marker_dag.py for tasks to queue
[2024-08-05T00:05:35.969+0000] {logging_mixin.py:188} INFO - [2024-08-05T00:05:35.969+0000] {dagbag.py:545} INFO - Filling up the DagBag from /home/airflow/.local/lib/python3.12/site-packages/airflow/example_dags/example_external_task_marker_dag.py
[2024-08-05T00:05:35.974+0000] {processor.py:840} INFO - DAG(s) 'example_external_task_marker_parent', 'example_external_task_marker_child' retrieved from /home/airflow/.local/lib/python3.12/site-packages/airflow/example_dags/example_external_task_marker_dag.py
[2024-08-05T00:05:35.995+0000] {logging_mixin.py:188} INFO - [2024-08-05T00:05:35.995+0000] {dag.py:3089} INFO - Sync 2 DAGs
[2024-08-05T00:05:36.007+0000] {logging_mixin.py:188} INFO - [2024-08-05T00:05:36.007+0000] {dag.py:3947} INFO - Setting next_dagrun for example_external_task_marker_child to None, run_after=None
[2024-08-05T00:05:36.010+0000] {logging_mixin.py:188} INFO - [2024-08-05T00:05:36.010+0000] {dag.py:3947} INFO - Setting next_dagrun for example_external_task_marker_parent to None, run_after=None
[2024-08-05T00:05:36.024+0000] {processor.py:183} INFO - Processing /home/airflow/.local/lib/python3.12/site-packages/airflow/example_dags/example_external_task_marker_dag.py took 0.063 seconds
[2024-08-05T00:06:06.884+0000] {processor.py:161} INFO - Started process (PID=18913) to work on /home/airflow/.local/lib/python3.12/site-packages/airflow/example_dags/example_external_task_marker_dag.py
[2024-08-05T00:06:06.885+0000] {processor.py:830} INFO - Processing file /home/airflow/.local/lib/python3.12/site-packages/airflow/example_dags/example_external_task_marker_dag.py for tasks to queue
[2024-08-05T00:06:06.887+0000] {logging_mixin.py:188} INFO - [2024-08-05T00:06:06.886+0000] {dagbag.py:545} INFO - Filling up the DagBag from /home/airflow/.local/lib/python3.12/site-packages/airflow/example_dags/example_external_task_marker_dag.py
[2024-08-05T00:06:06.891+0000] {processor.py:840} INFO - DAG(s) 'example_external_task_marker_child', 'example_external_task_marker_parent' retrieved from /home/airflow/.local/lib/python3.12/site-packages/airflow/example_dags/example_external_task_marker_dag.py
[2024-08-05T00:06:06.916+0000] {logging_mixin.py:188} INFO - [2024-08-05T00:06:06.916+0000] {dag.py:3089} INFO - Sync 2 DAGs
[2024-08-05T00:06:06.928+0000] {logging_mixin.py:188} INFO - [2024-08-05T00:06:06.928+0000] {dag.py:3947} INFO - Setting next_dagrun for example_external_task_marker_child to None, run_after=None
[2024-08-05T00:06:06.932+0000] {logging_mixin.py:188} INFO - [2024-08-05T00:06:06.932+0000] {dag.py:3947} INFO - Setting next_dagrun for example_external_task_marker_parent to None, run_after=None
[2024-08-05T00:06:06.948+0000] {processor.py:183} INFO - Processing /home/airflow/.local/lib/python3.12/site-packages/airflow/example_dags/example_external_task_marker_dag.py took 0.071 seconds
[2024-08-05T00:06:36.995+0000] {processor.py:161} INFO - Started process (PID=19181) to work on /home/airflow/.local/lib/python3.12/site-packages/airflow/example_dags/example_external_task_marker_dag.py
[2024-08-05T00:06:36.996+0000] {processor.py:830} INFO - Processing file /home/airflow/.local/lib/python3.12/site-packages/airflow/example_dags/example_external_task_marker_dag.py for tasks to queue
[2024-08-05T00:06:36.998+0000] {logging_mixin.py:188} INFO - [2024-08-05T00:06:36.998+0000] {dagbag.py:545} INFO - Filling up the DagBag from /home/airflow/.local/lib/python3.12/site-packages/airflow/example_dags/example_external_task_marker_dag.py
[2024-08-05T00:06:37.003+0000] {processor.py:840} INFO - DAG(s) 'example_external_task_marker_parent', 'example_external_task_marker_child' retrieved from /home/airflow/.local/lib/python3.12/site-packages/airflow/example_dags/example_external_task_marker_dag.py
[2024-08-05T00:06:37.025+0000] {logging_mixin.py:188} INFO - [2024-08-05T00:06:37.025+0000] {dag.py:3089} INFO - Sync 2 DAGs
[2024-08-05T00:06:37.039+0000] {logging_mixin.py:188} INFO - [2024-08-05T00:06:37.038+0000] {dag.py:3947} INFO - Setting next_dagrun for example_external_task_marker_child to None, run_after=None
[2024-08-05T00:06:37.042+0000] {logging_mixin.py:188} INFO - [2024-08-05T00:06:37.042+0000] {dag.py:3947} INFO - Setting next_dagrun for example_external_task_marker_parent to None, run_after=None
[2024-08-05T00:06:37.057+0000] {processor.py:183} INFO - Processing /home/airflow/.local/lib/python3.12/site-packages/airflow/example_dags/example_external_task_marker_dag.py took 0.066 seconds
[2024-08-05T00:07:08.019+0000] {processor.py:161} INFO - Started process (PID=19451) to work on /home/airflow/.local/lib/python3.12/site-packages/airflow/example_dags/example_external_task_marker_dag.py
[2024-08-05T00:07:08.020+0000] {processor.py:830} INFO - Processing file /home/airflow/.local/lib/python3.12/site-packages/airflow/example_dags/example_external_task_marker_dag.py for tasks to queue
[2024-08-05T00:07:08.021+0000] {logging_mixin.py:188} INFO - [2024-08-05T00:07:08.021+0000] {dagbag.py:545} INFO - Filling up the DagBag from /home/airflow/.local/lib/python3.12/site-packages/airflow/example_dags/example_external_task_marker_dag.py
[2024-08-05T00:07:08.026+0000] {processor.py:840} INFO - DAG(s) 'example_external_task_marker_child', 'example_external_task_marker_parent' retrieved from /home/airflow/.local/lib/python3.12/site-packages/airflow/example_dags/example_external_task_marker_dag.py
[2024-08-05T00:07:08.049+0000] {logging_mixin.py:188} INFO - [2024-08-05T00:07:08.049+0000] {dag.py:3089} INFO - Sync 2 DAGs
[2024-08-05T00:07:08.063+0000] {logging_mixin.py:188} INFO - [2024-08-05T00:07:08.063+0000] {dag.py:3947} INFO - Setting next_dagrun for example_external_task_marker_child to None, run_after=None
[2024-08-05T00:07:08.068+0000] {logging_mixin.py:188} INFO - [2024-08-05T00:07:08.068+0000] {dag.py:3947} INFO - Setting next_dagrun for example_external_task_marker_parent to None, run_after=None
[2024-08-05T00:07:08.082+0000] {processor.py:183} INFO - Processing /home/airflow/.local/lib/python3.12/site-packages/airflow/example_dags/example_external_task_marker_dag.py took 0.070 seconds
[2024-08-05T00:07:38.371+0000] {processor.py:161} INFO - Started process (PID=19723) to work on /home/airflow/.local/lib/python3.12/site-packages/airflow/example_dags/example_external_task_marker_dag.py
[2024-08-05T00:07:38.372+0000] {processor.py:830} INFO - Processing file /home/airflow/.local/lib/python3.12/site-packages/airflow/example_dags/example_external_task_marker_dag.py for tasks to queue
[2024-08-05T00:07:38.373+0000] {logging_mixin.py:188} INFO - [2024-08-05T00:07:38.373+0000] {dagbag.py:545} INFO - Filling up the DagBag from /home/airflow/.local/lib/python3.12/site-packages/airflow/example_dags/example_external_task_marker_dag.py
[2024-08-05T00:07:38.379+0000] {processor.py:840} INFO - DAG(s) 'example_external_task_marker_parent', 'example_external_task_marker_child' retrieved from /home/airflow/.local/lib/python3.12/site-packages/airflow/example_dags/example_external_task_marker_dag.py
[2024-08-05T00:07:38.402+0000] {logging_mixin.py:188} INFO - [2024-08-05T00:07:38.402+0000] {dag.py:3089} INFO - Sync 2 DAGs
[2024-08-05T00:07:38.415+0000] {logging_mixin.py:188} INFO - [2024-08-05T00:07:38.414+0000] {dag.py:3947} INFO - Setting next_dagrun for example_external_task_marker_child to None, run_after=None
[2024-08-05T00:07:38.418+0000] {logging_mixin.py:188} INFO - [2024-08-05T00:07:38.418+0000] {dag.py:3947} INFO - Setting next_dagrun for example_external_task_marker_parent to None, run_after=None
[2024-08-05T00:07:38.433+0000] {processor.py:183} INFO - Processing /home/airflow/.local/lib/python3.12/site-packages/airflow/example_dags/example_external_task_marker_dag.py took 0.067 seconds
[2024-08-05T00:08:08.474+0000] {processor.py:161} INFO - Started process (PID=19990) to work on /home/airflow/.local/lib/python3.12/site-packages/airflow/example_dags/example_external_task_marker_dag.py
[2024-08-05T00:08:08.475+0000] {processor.py:830} INFO - Processing file /home/airflow/.local/lib/python3.12/site-packages/airflow/example_dags/example_external_task_marker_dag.py for tasks to queue
[2024-08-05T00:08:08.476+0000] {logging_mixin.py:188} INFO - [2024-08-05T00:08:08.476+0000] {dagbag.py:545} INFO - Filling up the DagBag from /home/airflow/.local/lib/python3.12/site-packages/airflow/example_dags/example_external_task_marker_dag.py
[2024-08-05T00:08:08.482+0000] {processor.py:840} INFO - DAG(s) 'example_external_task_marker_parent', 'example_external_task_marker_child' retrieved from /home/airflow/.local/lib/python3.12/site-packages/airflow/example_dags/example_external_task_marker_dag.py
[2024-08-05T00:08:08.504+0000] {logging_mixin.py:188} INFO - [2024-08-05T00:08:08.504+0000] {dag.py:3089} INFO - Sync 2 DAGs
[2024-08-05T00:08:08.518+0000] {logging_mixin.py:188} INFO - [2024-08-05T00:08:08.517+0000] {dag.py:3947} INFO - Setting next_dagrun for example_external_task_marker_child to None, run_after=None
[2024-08-05T00:08:08.521+0000] {logging_mixin.py:188} INFO - [2024-08-05T00:08:08.521+0000] {dag.py:3947} INFO - Setting next_dagrun for example_external_task_marker_parent to None, run_after=None
[2024-08-05T00:08:08.537+0000] {processor.py:183} INFO - Processing /home/airflow/.local/lib/python3.12/site-packages/airflow/example_dags/example_external_task_marker_dag.py took 0.068 seconds
[2024-08-05T00:08:38.853+0000] {processor.py:161} INFO - Started process (PID=20262) to work on /home/airflow/.local/lib/python3.12/site-packages/airflow/example_dags/example_external_task_marker_dag.py
[2024-08-05T00:08:38.853+0000] {processor.py:830} INFO - Processing file /home/airflow/.local/lib/python3.12/site-packages/airflow/example_dags/example_external_task_marker_dag.py for tasks to queue
[2024-08-05T00:08:38.855+0000] {logging_mixin.py:188} INFO - [2024-08-05T00:08:38.854+0000] {dagbag.py:545} INFO - Filling up the DagBag from /home/airflow/.local/lib/python3.12/site-packages/airflow/example_dags/example_external_task_marker_dag.py
[2024-08-05T00:08:38.860+0000] {processor.py:840} INFO - DAG(s) 'example_external_task_marker_parent', 'example_external_task_marker_child' retrieved from /home/airflow/.local/lib/python3.12/site-packages/airflow/example_dags/example_external_task_marker_dag.py
[2024-08-05T00:08:38.882+0000] {logging_mixin.py:188} INFO - [2024-08-05T00:08:38.882+0000] {dag.py:3089} INFO - Sync 2 DAGs
[2024-08-05T00:08:38.893+0000] {logging_mixin.py:188} INFO - [2024-08-05T00:08:38.893+0000] {dag.py:3947} INFO - Setting next_dagrun for example_external_task_marker_child to None, run_after=None
[2024-08-05T00:08:38.897+0000] {logging_mixin.py:188} INFO - [2024-08-05T00:08:38.897+0000] {dag.py:3947} INFO - Setting next_dagrun for example_external_task_marker_parent to None, run_after=None
[2024-08-05T00:08:38.910+0000] {processor.py:183} INFO - Processing /home/airflow/.local/lib/python3.12/site-packages/airflow/example_dags/example_external_task_marker_dag.py took 0.061 seconds
[2024-08-05T00:09:09.052+0000] {processor.py:161} INFO - Started process (PID=20536) to work on /home/airflow/.local/lib/python3.12/site-packages/airflow/example_dags/example_external_task_marker_dag.py
[2024-08-05T00:09:09.053+0000] {processor.py:830} INFO - Processing file /home/airflow/.local/lib/python3.12/site-packages/airflow/example_dags/example_external_task_marker_dag.py for tasks to queue
[2024-08-05T00:09:09.054+0000] {logging_mixin.py:188} INFO - [2024-08-05T00:09:09.054+0000] {dagbag.py:545} INFO - Filling up the DagBag from /home/airflow/.local/lib/python3.12/site-packages/airflow/example_dags/example_external_task_marker_dag.py
[2024-08-05T00:09:09.059+0000] {processor.py:840} INFO - DAG(s) 'example_external_task_marker_parent', 'example_external_task_marker_child' retrieved from /home/airflow/.local/lib/python3.12/site-packages/airflow/example_dags/example_external_task_marker_dag.py
[2024-08-05T00:09:09.081+0000] {logging_mixin.py:188} INFO - [2024-08-05T00:09:09.080+0000] {dag.py:3089} INFO - Sync 2 DAGs
[2024-08-05T00:09:09.093+0000] {logging_mixin.py:188} INFO - [2024-08-05T00:09:09.092+0000] {dag.py:3947} INFO - Setting next_dagrun for example_external_task_marker_child to None, run_after=None
[2024-08-05T00:09:09.096+0000] {logging_mixin.py:188} INFO - [2024-08-05T00:09:09.096+0000] {dag.py:3947} INFO - Setting next_dagrun for example_external_task_marker_parent to None, run_after=None
[2024-08-05T00:09:09.109+0000] {processor.py:183} INFO - Processing /home/airflow/.local/lib/python3.12/site-packages/airflow/example_dags/example_external_task_marker_dag.py took 0.061 seconds
[2024-08-05T00:09:39.767+0000] {processor.py:161} INFO - Started process (PID=20811) to work on /home/airflow/.local/lib/python3.12/site-packages/airflow/example_dags/example_external_task_marker_dag.py
[2024-08-05T00:09:39.768+0000] {processor.py:830} INFO - Processing file /home/airflow/.local/lib/python3.12/site-packages/airflow/example_dags/example_external_task_marker_dag.py for tasks to queue
[2024-08-05T00:09:39.769+0000] {logging_mixin.py:188} INFO - [2024-08-05T00:09:39.769+0000] {dagbag.py:545} INFO - Filling up the DagBag from /home/airflow/.local/lib/python3.12/site-packages/airflow/example_dags/example_external_task_marker_dag.py
[2024-08-05T00:09:39.774+0000] {processor.py:840} INFO - DAG(s) 'example_external_task_marker_parent', 'example_external_task_marker_child' retrieved from /home/airflow/.local/lib/python3.12/site-packages/airflow/example_dags/example_external_task_marker_dag.py
[2024-08-05T00:09:39.796+0000] {logging_mixin.py:188} INFO - [2024-08-05T00:09:39.796+0000] {dag.py:3089} INFO - Sync 2 DAGs
[2024-08-05T00:09:39.807+0000] {logging_mixin.py:188} INFO - [2024-08-05T00:09:39.807+0000] {dag.py:3947} INFO - Setting next_dagrun for example_external_task_marker_child to None, run_after=None
[2024-08-05T00:09:39.810+0000] {logging_mixin.py:188} INFO - [2024-08-05T00:09:39.810+0000] {dag.py:3947} INFO - Setting next_dagrun for example_external_task_marker_parent to None, run_after=None
[2024-08-05T00:09:39.823+0000] {processor.py:183} INFO - Processing /home/airflow/.local/lib/python3.12/site-packages/airflow/example_dags/example_external_task_marker_dag.py took 0.060 seconds
[2024-08-05T00:10:10.445+0000] {processor.py:161} INFO - Started process (PID=21089) to work on /home/airflow/.local/lib/python3.12/site-packages/airflow/example_dags/example_external_task_marker_dag.py
[2024-08-05T00:10:10.446+0000] {processor.py:830} INFO - Processing file /home/airflow/.local/lib/python3.12/site-packages/airflow/example_dags/example_external_task_marker_dag.py for tasks to queue
[2024-08-05T00:10:10.447+0000] {logging_mixin.py:188} INFO - [2024-08-05T00:10:10.447+0000] {dagbag.py:545} INFO - Filling up the DagBag from /home/airflow/.local/lib/python3.12/site-packages/airflow/example_dags/example_external_task_marker_dag.py
[2024-08-05T00:10:10.453+0000] {processor.py:840} INFO - DAG(s) 'example_external_task_marker_parent', 'example_external_task_marker_child' retrieved from /home/airflow/.local/lib/python3.12/site-packages/airflow/example_dags/example_external_task_marker_dag.py
[2024-08-05T00:10:10.477+0000] {logging_mixin.py:188} INFO - [2024-08-05T00:10:10.476+0000] {dag.py:3089} INFO - Sync 2 DAGs
[2024-08-05T00:10:10.488+0000] {logging_mixin.py:188} INFO - [2024-08-05T00:10:10.488+0000] {dag.py:3947} INFO - Setting next_dagrun for example_external_task_marker_child to None, run_after=None
[2024-08-05T00:10:10.491+0000] {logging_mixin.py:188} INFO - [2024-08-05T00:10:10.491+0000] {dag.py:3947} INFO - Setting next_dagrun for example_external_task_marker_parent to None, run_after=None
[2024-08-05T00:10:10.505+0000] {processor.py:183} INFO - Processing /home/airflow/.local/lib/python3.12/site-packages/airflow/example_dags/example_external_task_marker_dag.py took 0.066 seconds
[2024-08-05T00:10:41.271+0000] {processor.py:161} INFO - Started process (PID=21364) to work on /home/airflow/.local/lib/python3.12/site-packages/airflow/example_dags/example_external_task_marker_dag.py
[2024-08-05T00:10:41.272+0000] {processor.py:830} INFO - Processing file /home/airflow/.local/lib/python3.12/site-packages/airflow/example_dags/example_external_task_marker_dag.py for tasks to queue
[2024-08-05T00:10:41.274+0000] {logging_mixin.py:188} INFO - [2024-08-05T00:10:41.274+0000] {dagbag.py:545} INFO - Filling up the DagBag from /home/airflow/.local/lib/python3.12/site-packages/airflow/example_dags/example_external_task_marker_dag.py
[2024-08-05T00:10:41.280+0000] {processor.py:840} INFO - DAG(s) 'example_external_task_marker_parent', 'example_external_task_marker_child' retrieved from /home/airflow/.local/lib/python3.12/site-packages/airflow/example_dags/example_external_task_marker_dag.py
[2024-08-05T00:10:41.306+0000] {logging_mixin.py:188} INFO - [2024-08-05T00:10:41.306+0000] {dag.py:3089} INFO - Sync 2 DAGs
[2024-08-05T00:10:41.319+0000] {logging_mixin.py:188} INFO - [2024-08-05T00:10:41.319+0000] {dag.py:3947} INFO - Setting next_dagrun for example_external_task_marker_child to None, run_after=None
[2024-08-05T00:10:41.323+0000] {logging_mixin.py:188} INFO - [2024-08-05T00:10:41.323+0000] {dag.py:3947} INFO - Setting next_dagrun for example_external_task_marker_parent to None, run_after=None
[2024-08-05T00:10:41.338+0000] {processor.py:183} INFO - Processing /home/airflow/.local/lib/python3.12/site-packages/airflow/example_dags/example_external_task_marker_dag.py took 0.073 seconds
[2024-08-05T00:11:11.963+0000] {processor.py:161} INFO - Started process (PID=21636) to work on /home/airflow/.local/lib/python3.12/site-packages/airflow/example_dags/example_external_task_marker_dag.py
[2024-08-05T00:11:11.964+0000] {processor.py:830} INFO - Processing file /home/airflow/.local/lib/python3.12/site-packages/airflow/example_dags/example_external_task_marker_dag.py for tasks to queue
[2024-08-05T00:11:11.965+0000] {logging_mixin.py:188} INFO - [2024-08-05T00:11:11.965+0000] {dagbag.py:545} INFO - Filling up the DagBag from /home/airflow/.local/lib/python3.12/site-packages/airflow/example_dags/example_external_task_marker_dag.py
[2024-08-05T00:11:11.971+0000] {processor.py:840} INFO - DAG(s) 'example_external_task_marker_parent', 'example_external_task_marker_child' retrieved from /home/airflow/.local/lib/python3.12/site-packages/airflow/example_dags/example_external_task_marker_dag.py
[2024-08-05T00:11:11.994+0000] {logging_mixin.py:188} INFO - [2024-08-05T00:11:11.994+0000] {dag.py:3089} INFO - Sync 2 DAGs
[2024-08-05T00:11:12.007+0000] {logging_mixin.py:188} INFO - [2024-08-05T00:11:12.007+0000] {dag.py:3947} INFO - Setting next_dagrun for example_external_task_marker_child to None, run_after=None
[2024-08-05T00:11:12.010+0000] {logging_mixin.py:188} INFO - [2024-08-05T00:11:12.010+0000] {dag.py:3947} INFO - Setting next_dagrun for example_external_task_marker_parent to None, run_after=None
[2024-08-05T00:11:12.024+0000] {processor.py:183} INFO - Processing /home/airflow/.local/lib/python3.12/site-packages/airflow/example_dags/example_external_task_marker_dag.py took 0.066 seconds
[2024-08-05T00:11:42.906+0000] {processor.py:161} INFO - Started process (PID=21908) to work on /home/airflow/.local/lib/python3.12/site-packages/airflow/example_dags/example_external_task_marker_dag.py
[2024-08-05T00:11:42.907+0000] {processor.py:830} INFO - Processing file /home/airflow/.local/lib/python3.12/site-packages/airflow/example_dags/example_external_task_marker_dag.py for tasks to queue
[2024-08-05T00:11:42.908+0000] {logging_mixin.py:188} INFO - [2024-08-05T00:11:42.908+0000] {dagbag.py:545} INFO - Filling up the DagBag from /home/airflow/.local/lib/python3.12/site-packages/airflow/example_dags/example_external_task_marker_dag.py
[2024-08-05T00:11:42.913+0000] {processor.py:840} INFO - DAG(s) 'example_external_task_marker_parent', 'example_external_task_marker_child' retrieved from /home/airflow/.local/lib/python3.12/site-packages/airflow/example_dags/example_external_task_marker_dag.py
[2024-08-05T00:11:42.934+0000] {logging_mixin.py:188} INFO - [2024-08-05T00:11:42.934+0000] {dag.py:3089} INFO - Sync 2 DAGs
[2024-08-05T00:11:42.948+0000] {logging_mixin.py:188} INFO - [2024-08-05T00:11:42.947+0000] {dag.py:3947} INFO - Setting next_dagrun for example_external_task_marker_child to None, run_after=None
[2024-08-05T00:11:42.951+0000] {logging_mixin.py:188} INFO - [2024-08-05T00:11:42.951+0000] {dag.py:3947} INFO - Setting next_dagrun for example_external_task_marker_parent to None, run_after=None
[2024-08-05T00:11:42.965+0000] {processor.py:183} INFO - Processing /home/airflow/.local/lib/python3.12/site-packages/airflow/example_dags/example_external_task_marker_dag.py took 0.065 seconds
[2024-08-05T00:12:13.167+0000] {processor.py:161} INFO - Started process (PID=22182) to work on /home/airflow/.local/lib/python3.12/site-packages/airflow/example_dags/example_external_task_marker_dag.py
[2024-08-05T00:12:13.168+0000] {processor.py:830} INFO - Processing file /home/airflow/.local/lib/python3.12/site-packages/airflow/example_dags/example_external_task_marker_dag.py for tasks to queue
[2024-08-05T00:12:13.170+0000] {logging_mixin.py:188} INFO - [2024-08-05T00:12:13.169+0000] {dagbag.py:545} INFO - Filling up the DagBag from /home/airflow/.local/lib/python3.12/site-packages/airflow/example_dags/example_external_task_marker_dag.py
[2024-08-05T00:12:13.175+0000] {processor.py:840} INFO - DAG(s) 'example_external_task_marker_child', 'example_external_task_marker_parent' retrieved from /home/airflow/.local/lib/python3.12/site-packages/airflow/example_dags/example_external_task_marker_dag.py
[2024-08-05T00:12:13.197+0000] {logging_mixin.py:188} INFO - [2024-08-05T00:12:13.197+0000] {dag.py:3089} INFO - Sync 2 DAGs
[2024-08-05T00:12:13.209+0000] {logging_mixin.py:188} INFO - [2024-08-05T00:12:13.209+0000] {dag.py:3947} INFO - Setting next_dagrun for example_external_task_marker_child to None, run_after=None
[2024-08-05T00:12:13.212+0000] {logging_mixin.py:188} INFO - [2024-08-05T00:12:13.212+0000] {dag.py:3947} INFO - Setting next_dagrun for example_external_task_marker_parent to None, run_after=None
[2024-08-05T00:12:13.229+0000] {processor.py:183} INFO - Processing /home/airflow/.local/lib/python3.12/site-packages/airflow/example_dags/example_external_task_marker_dag.py took 0.067 seconds
[2024-08-05T00:12:43.401+0000] {processor.py:161} INFO - Started process (PID=22452) to work on /home/airflow/.local/lib/python3.12/site-packages/airflow/example_dags/example_external_task_marker_dag.py
[2024-08-05T00:12:43.402+0000] {processor.py:830} INFO - Processing file /home/airflow/.local/lib/python3.12/site-packages/airflow/example_dags/example_external_task_marker_dag.py for tasks to queue
[2024-08-05T00:12:43.404+0000] {logging_mixin.py:188} INFO - [2024-08-05T00:12:43.404+0000] {dagbag.py:545} INFO - Filling up the DagBag from /home/airflow/.local/lib/python3.12/site-packages/airflow/example_dags/example_external_task_marker_dag.py
[2024-08-05T00:12:43.409+0000] {processor.py:840} INFO - DAG(s) 'example_external_task_marker_parent', 'example_external_task_marker_child' retrieved from /home/airflow/.local/lib/python3.12/site-packages/airflow/example_dags/example_external_task_marker_dag.py
[2024-08-05T00:12:43.432+0000] {logging_mixin.py:188} INFO - [2024-08-05T00:12:43.432+0000] {dag.py:3089} INFO - Sync 2 DAGs
[2024-08-05T00:12:43.447+0000] {logging_mixin.py:188} INFO - [2024-08-05T00:12:43.447+0000] {dag.py:3947} INFO - Setting next_dagrun for example_external_task_marker_child to None, run_after=None
[2024-08-05T00:12:43.453+0000] {logging_mixin.py:188} INFO - [2024-08-05T00:12:43.453+0000] {dag.py:3947} INFO - Setting next_dagrun for example_external_task_marker_parent to None, run_after=None
[2024-08-05T00:12:43.473+0000] {processor.py:183} INFO - Processing /home/airflow/.local/lib/python3.12/site-packages/airflow/example_dags/example_external_task_marker_dag.py took 0.077 seconds
[2024-08-05T00:13:13.689+0000] {processor.py:161} INFO - Started process (PID=22724) to work on /home/airflow/.local/lib/python3.12/site-packages/airflow/example_dags/example_external_task_marker_dag.py
[2024-08-05T00:13:13.690+0000] {processor.py:830} INFO - Processing file /home/airflow/.local/lib/python3.12/site-packages/airflow/example_dags/example_external_task_marker_dag.py for tasks to queue
[2024-08-05T00:13:13.691+0000] {logging_mixin.py:188} INFO - [2024-08-05T00:13:13.691+0000] {dagbag.py:545} INFO - Filling up the DagBag from /home/airflow/.local/lib/python3.12/site-packages/airflow/example_dags/example_external_task_marker_dag.py
[2024-08-05T00:13:13.698+0000] {processor.py:840} INFO - DAG(s) 'example_external_task_marker_child', 'example_external_task_marker_parent' retrieved from /home/airflow/.local/lib/python3.12/site-packages/airflow/example_dags/example_external_task_marker_dag.py
[2024-08-05T00:13:13.725+0000] {logging_mixin.py:188} INFO - [2024-08-05T00:13:13.724+0000] {dag.py:3089} INFO - Sync 2 DAGs
[2024-08-05T00:13:13.738+0000] {logging_mixin.py:188} INFO - [2024-08-05T00:13:13.738+0000] {dag.py:3947} INFO - Setting next_dagrun for example_external_task_marker_child to None, run_after=None
[2024-08-05T00:13:13.743+0000] {logging_mixin.py:188} INFO - [2024-08-05T00:13:13.742+0000] {dag.py:3947} INFO - Setting next_dagrun for example_external_task_marker_parent to None, run_after=None
[2024-08-05T00:13:13.758+0000] {processor.py:183} INFO - Processing /home/airflow/.local/lib/python3.12/site-packages/airflow/example_dags/example_external_task_marker_dag.py took 0.076 seconds
[2024-08-05T00:13:43.984+0000] {processor.py:161} INFO - Started process (PID=22996) to work on /home/airflow/.local/lib/python3.12/site-packages/airflow/example_dags/example_external_task_marker_dag.py
[2024-08-05T00:13:43.985+0000] {processor.py:830} INFO - Processing file /home/airflow/.local/lib/python3.12/site-packages/airflow/example_dags/example_external_task_marker_dag.py for tasks to queue
[2024-08-05T00:13:43.987+0000] {logging_mixin.py:188} INFO - [2024-08-05T00:13:43.986+0000] {dagbag.py:545} INFO - Filling up the DagBag from /home/airflow/.local/lib/python3.12/site-packages/airflow/example_dags/example_external_task_marker_dag.py
[2024-08-05T00:13:43.992+0000] {processor.py:840} INFO - DAG(s) 'example_external_task_marker_parent', 'example_external_task_marker_child' retrieved from /home/airflow/.local/lib/python3.12/site-packages/airflow/example_dags/example_external_task_marker_dag.py
[2024-08-05T00:13:44.016+0000] {logging_mixin.py:188} INFO - [2024-08-05T00:13:44.016+0000] {dag.py:3089} INFO - Sync 2 DAGs
[2024-08-05T00:13:44.029+0000] {logging_mixin.py:188} INFO - [2024-08-05T00:13:44.029+0000] {dag.py:3947} INFO - Setting next_dagrun for example_external_task_marker_child to None, run_after=None
[2024-08-05T00:13:44.033+0000] {logging_mixin.py:188} INFO - [2024-08-05T00:13:44.033+0000] {dag.py:3947} INFO - Setting next_dagrun for example_external_task_marker_parent to None, run_after=None
[2024-08-05T00:13:44.049+0000] {processor.py:183} INFO - Processing /home/airflow/.local/lib/python3.12/site-packages/airflow/example_dags/example_external_task_marker_dag.py took 0.070 seconds
[2024-08-05T00:14:14.588+0000] {processor.py:161} INFO - Started process (PID=23268) to work on /home/airflow/.local/lib/python3.12/site-packages/airflow/example_dags/example_external_task_marker_dag.py
[2024-08-05T00:14:14.589+0000] {processor.py:830} INFO - Processing file /home/airflow/.local/lib/python3.12/site-packages/airflow/example_dags/example_external_task_marker_dag.py for tasks to queue
[2024-08-05T00:14:14.591+0000] {logging_mixin.py:188} INFO - [2024-08-05T00:14:14.590+0000] {dagbag.py:545} INFO - Filling up the DagBag from /home/airflow/.local/lib/python3.12/site-packages/airflow/example_dags/example_external_task_marker_dag.py
[2024-08-05T00:14:14.597+0000] {processor.py:840} INFO - DAG(s) 'example_external_task_marker_parent', 'example_external_task_marker_child' retrieved from /home/airflow/.local/lib/python3.12/site-packages/airflow/example_dags/example_external_task_marker_dag.py
[2024-08-05T00:14:14.621+0000] {logging_mixin.py:188} INFO - [2024-08-05T00:14:14.620+0000] {dag.py:3089} INFO - Sync 2 DAGs
[2024-08-05T00:14:14.631+0000] {logging_mixin.py:188} INFO - [2024-08-05T00:14:14.631+0000] {dag.py:3947} INFO - Setting next_dagrun for example_external_task_marker_child to None, run_after=None
[2024-08-05T00:14:14.635+0000] {logging_mixin.py:188} INFO - [2024-08-05T00:14:14.635+0000] {dag.py:3947} INFO - Setting next_dagrun for example_external_task_marker_parent to None, run_after=None
[2024-08-05T00:14:14.650+0000] {processor.py:183} INFO - Processing /home/airflow/.local/lib/python3.12/site-packages/airflow/example_dags/example_external_task_marker_dag.py took 0.069 seconds
[2024-08-05T00:14:44.883+0000] {processor.py:161} INFO - Started process (PID=23540) to work on /home/airflow/.local/lib/python3.12/site-packages/airflow/example_dags/example_external_task_marker_dag.py
[2024-08-05T00:14:44.884+0000] {processor.py:830} INFO - Processing file /home/airflow/.local/lib/python3.12/site-packages/airflow/example_dags/example_external_task_marker_dag.py for tasks to queue
[2024-08-05T00:14:44.886+0000] {logging_mixin.py:188} INFO - [2024-08-05T00:14:44.886+0000] {dagbag.py:545} INFO - Filling up the DagBag from /home/airflow/.local/lib/python3.12/site-packages/airflow/example_dags/example_external_task_marker_dag.py
[2024-08-05T00:14:44.892+0000] {processor.py:840} INFO - DAG(s) 'example_external_task_marker_child', 'example_external_task_marker_parent' retrieved from /home/airflow/.local/lib/python3.12/site-packages/airflow/example_dags/example_external_task_marker_dag.py
[2024-08-05T00:14:44.918+0000] {logging_mixin.py:188} INFO - [2024-08-05T00:14:44.917+0000] {dag.py:3089} INFO - Sync 2 DAGs
[2024-08-05T00:14:44.932+0000] {logging_mixin.py:188} INFO - [2024-08-05T00:14:44.932+0000] {dag.py:3947} INFO - Setting next_dagrun for example_external_task_marker_child to None, run_after=None
[2024-08-05T00:14:44.937+0000] {logging_mixin.py:188} INFO - [2024-08-05T00:14:44.937+0000] {dag.py:3947} INFO - Setting next_dagrun for example_external_task_marker_parent to None, run_after=None
[2024-08-05T00:14:44.953+0000] {processor.py:183} INFO - Processing /home/airflow/.local/lib/python3.12/site-packages/airflow/example_dags/example_external_task_marker_dag.py took 0.076 seconds
[2024-08-05T00:15:15.152+0000] {processor.py:161} INFO - Started process (PID=23814) to work on /home/airflow/.local/lib/python3.12/site-packages/airflow/example_dags/example_external_task_marker_dag.py
[2024-08-05T00:15:15.154+0000] {processor.py:830} INFO - Processing file /home/airflow/.local/lib/python3.12/site-packages/airflow/example_dags/example_external_task_marker_dag.py for tasks to queue
[2024-08-05T00:15:15.155+0000] {logging_mixin.py:188} INFO - [2024-08-05T00:15:15.155+0000] {dagbag.py:545} INFO - Filling up the DagBag from /home/airflow/.local/lib/python3.12/site-packages/airflow/example_dags/example_external_task_marker_dag.py
[2024-08-05T00:15:15.160+0000] {processor.py:840} INFO - DAG(s) 'example_external_task_marker_parent', 'example_external_task_marker_child' retrieved from /home/airflow/.local/lib/python3.12/site-packages/airflow/example_dags/example_external_task_marker_dag.py
[2024-08-05T00:15:15.185+0000] {logging_mixin.py:188} INFO - [2024-08-05T00:15:15.185+0000] {dag.py:3089} INFO - Sync 2 DAGs
[2024-08-05T00:15:15.196+0000] {logging_mixin.py:188} INFO - [2024-08-05T00:15:15.195+0000] {dag.py:3947} INFO - Setting next_dagrun for example_external_task_marker_child to None, run_after=None
[2024-08-05T00:15:15.200+0000] {logging_mixin.py:188} INFO - [2024-08-05T00:15:15.200+0000] {dag.py:3947} INFO - Setting next_dagrun for example_external_task_marker_parent to None, run_after=None
[2024-08-05T00:15:15.215+0000] {processor.py:183} INFO - Processing /home/airflow/.local/lib/python3.12/site-packages/airflow/example_dags/example_external_task_marker_dag.py took 0.068 seconds
[2024-08-05T00:15:45.288+0000] {processor.py:161} INFO - Started process (PID=24086) to work on /home/airflow/.local/lib/python3.12/site-packages/airflow/example_dags/example_external_task_marker_dag.py
[2024-08-05T00:15:45.289+0000] {processor.py:830} INFO - Processing file /home/airflow/.local/lib/python3.12/site-packages/airflow/example_dags/example_external_task_marker_dag.py for tasks to queue
[2024-08-05T00:15:45.290+0000] {logging_mixin.py:188} INFO - [2024-08-05T00:15:45.290+0000] {dagbag.py:545} INFO - Filling up the DagBag from /home/airflow/.local/lib/python3.12/site-packages/airflow/example_dags/example_external_task_marker_dag.py
[2024-08-05T00:15:45.295+0000] {processor.py:840} INFO - DAG(s) 'example_external_task_marker_child', 'example_external_task_marker_parent' retrieved from /home/airflow/.local/lib/python3.12/site-packages/airflow/example_dags/example_external_task_marker_dag.py
[2024-08-05T00:15:45.320+0000] {logging_mixin.py:188} INFO - [2024-08-05T00:15:45.320+0000] {dag.py:3089} INFO - Sync 2 DAGs
[2024-08-05T00:15:45.332+0000] {logging_mixin.py:188} INFO - [2024-08-05T00:15:45.332+0000] {dag.py:3947} INFO - Setting next_dagrun for example_external_task_marker_child to None, run_after=None
[2024-08-05T00:15:45.337+0000] {logging_mixin.py:188} INFO - [2024-08-05T00:15:45.336+0000] {dag.py:3947} INFO - Setting next_dagrun for example_external_task_marker_parent to None, run_after=None
[2024-08-05T00:15:45.352+0000] {processor.py:183} INFO - Processing /home/airflow/.local/lib/python3.12/site-packages/airflow/example_dags/example_external_task_marker_dag.py took 0.070 seconds
[2024-08-05T00:16:15.888+0000] {processor.py:161} INFO - Started process (PID=24356) to work on /home/airflow/.local/lib/python3.12/site-packages/airflow/example_dags/example_external_task_marker_dag.py
[2024-08-05T00:16:15.889+0000] {processor.py:830} INFO - Processing file /home/airflow/.local/lib/python3.12/site-packages/airflow/example_dags/example_external_task_marker_dag.py for tasks to queue
[2024-08-05T00:16:15.891+0000] {logging_mixin.py:188} INFO - [2024-08-05T00:16:15.890+0000] {dagbag.py:545} INFO - Filling up the DagBag from /home/airflow/.local/lib/python3.12/site-packages/airflow/example_dags/example_external_task_marker_dag.py
[2024-08-05T00:16:15.896+0000] {processor.py:840} INFO - DAG(s) 'example_external_task_marker_child', 'example_external_task_marker_parent' retrieved from /home/airflow/.local/lib/python3.12/site-packages/airflow/example_dags/example_external_task_marker_dag.py
[2024-08-05T00:16:15.920+0000] {logging_mixin.py:188} INFO - [2024-08-05T00:16:15.919+0000] {dag.py:3089} INFO - Sync 2 DAGs
[2024-08-05T00:16:15.932+0000] {logging_mixin.py:188} INFO - [2024-08-05T00:16:15.932+0000] {dag.py:3947} INFO - Setting next_dagrun for example_external_task_marker_child to None, run_after=None
[2024-08-05T00:16:15.936+0000] {logging_mixin.py:188} INFO - [2024-08-05T00:16:15.936+0000] {dag.py:3947} INFO - Setting next_dagrun for example_external_task_marker_parent to None, run_after=None
[2024-08-05T00:16:15.952+0000] {processor.py:183} INFO - Processing /home/airflow/.local/lib/python3.12/site-packages/airflow/example_dags/example_external_task_marker_dag.py took 0.069 seconds
[2024-08-05T00:16:46.185+0000] {processor.py:161} INFO - Started process (PID=24628) to work on /home/airflow/.local/lib/python3.12/site-packages/airflow/example_dags/example_external_task_marker_dag.py
[2024-08-05T00:16:46.186+0000] {processor.py:830} INFO - Processing file /home/airflow/.local/lib/python3.12/site-packages/airflow/example_dags/example_external_task_marker_dag.py for tasks to queue
[2024-08-05T00:16:46.188+0000] {logging_mixin.py:188} INFO - [2024-08-05T00:16:46.188+0000] {dagbag.py:545} INFO - Filling up the DagBag from /home/airflow/.local/lib/python3.12/site-packages/airflow/example_dags/example_external_task_marker_dag.py
[2024-08-05T00:16:46.193+0000] {processor.py:840} INFO - DAG(s) 'example_external_task_marker_parent', 'example_external_task_marker_child' retrieved from /home/airflow/.local/lib/python3.12/site-packages/airflow/example_dags/example_external_task_marker_dag.py
[2024-08-05T00:16:46.216+0000] {logging_mixin.py:188} INFO - [2024-08-05T00:16:46.216+0000] {dag.py:3089} INFO - Sync 2 DAGs
[2024-08-05T00:16:46.228+0000] {logging_mixin.py:188} INFO - [2024-08-05T00:16:46.228+0000] {dag.py:3947} INFO - Setting next_dagrun for example_external_task_marker_child to None, run_after=None
[2024-08-05T00:16:46.233+0000] {logging_mixin.py:188} INFO - [2024-08-05T00:16:46.233+0000] {dag.py:3947} INFO - Setting next_dagrun for example_external_task_marker_parent to None, run_after=None
[2024-08-05T00:16:46.251+0000] {processor.py:183} INFO - Processing /home/airflow/.local/lib/python3.12/site-packages/airflow/example_dags/example_external_task_marker_dag.py took 0.071 seconds
[2024-08-05T00:17:16.391+0000] {processor.py:161} INFO - Started process (PID=24900) to work on /home/airflow/.local/lib/python3.12/site-packages/airflow/example_dags/example_external_task_marker_dag.py
[2024-08-05T00:17:16.392+0000] {processor.py:830} INFO - Processing file /home/airflow/.local/lib/python3.12/site-packages/airflow/example_dags/example_external_task_marker_dag.py for tasks to queue
[2024-08-05T00:17:16.394+0000] {logging_mixin.py:188} INFO - [2024-08-05T00:17:16.394+0000] {dagbag.py:545} INFO - Filling up the DagBag from /home/airflow/.local/lib/python3.12/site-packages/airflow/example_dags/example_external_task_marker_dag.py
[2024-08-05T00:17:16.400+0000] {processor.py:840} INFO - DAG(s) 'example_external_task_marker_parent', 'example_external_task_marker_child' retrieved from /home/airflow/.local/lib/python3.12/site-packages/airflow/example_dags/example_external_task_marker_dag.py
[2024-08-05T00:17:16.421+0000] {logging_mixin.py:188} INFO - [2024-08-05T00:17:16.421+0000] {dag.py:3089} INFO - Sync 2 DAGs
[2024-08-05T00:17:16.435+0000] {logging_mixin.py:188} INFO - [2024-08-05T00:17:16.435+0000] {dag.py:3947} INFO - Setting next_dagrun for example_external_task_marker_child to None, run_after=None
[2024-08-05T00:17:16.438+0000] {logging_mixin.py:188} INFO - [2024-08-05T00:17:16.438+0000] {dag.py:3947} INFO - Setting next_dagrun for example_external_task_marker_parent to None, run_after=None
[2024-08-05T00:17:16.454+0000] {processor.py:183} INFO - Processing /home/airflow/.local/lib/python3.12/site-packages/airflow/example_dags/example_external_task_marker_dag.py took 0.067 seconds
[2024-08-05T00:17:46.817+0000] {processor.py:161} INFO - Started process (PID=25172) to work on /home/airflow/.local/lib/python3.12/site-packages/airflow/example_dags/example_external_task_marker_dag.py
[2024-08-05T00:17:46.818+0000] {processor.py:830} INFO - Processing file /home/airflow/.local/lib/python3.12/site-packages/airflow/example_dags/example_external_task_marker_dag.py for tasks to queue
[2024-08-05T00:17:46.820+0000] {logging_mixin.py:188} INFO - [2024-08-05T00:17:46.819+0000] {dagbag.py:545} INFO - Filling up the DagBag from /home/airflow/.local/lib/python3.12/site-packages/airflow/example_dags/example_external_task_marker_dag.py
[2024-08-05T00:17:46.824+0000] {processor.py:840} INFO - DAG(s) 'example_external_task_marker_parent', 'example_external_task_marker_child' retrieved from /home/airflow/.local/lib/python3.12/site-packages/airflow/example_dags/example_external_task_marker_dag.py
[2024-08-05T00:17:46.846+0000] {logging_mixin.py:188} INFO - [2024-08-05T00:17:46.846+0000] {dag.py:3089} INFO - Sync 2 DAGs
[2024-08-05T00:17:46.859+0000] {logging_mixin.py:188} INFO - [2024-08-05T00:17:46.858+0000] {dag.py:3947} INFO - Setting next_dagrun for example_external_task_marker_child to None, run_after=None
[2024-08-05T00:17:46.863+0000] {logging_mixin.py:188} INFO - [2024-08-05T00:17:46.863+0000] {dag.py:3947} INFO - Setting next_dagrun for example_external_task_marker_parent to None, run_after=None
[2024-08-05T00:17:46.877+0000] {processor.py:183} INFO - Processing /home/airflow/.local/lib/python3.12/site-packages/airflow/example_dags/example_external_task_marker_dag.py took 0.065 seconds
[2024-08-05T00:18:17.124+0000] {processor.py:161} INFO - Started process (PID=25444) to work on /home/airflow/.local/lib/python3.12/site-packages/airflow/example_dags/example_external_task_marker_dag.py
[2024-08-05T00:18:17.125+0000] {processor.py:830} INFO - Processing file /home/airflow/.local/lib/python3.12/site-packages/airflow/example_dags/example_external_task_marker_dag.py for tasks to queue
[2024-08-05T00:18:17.127+0000] {logging_mixin.py:188} INFO - [2024-08-05T00:18:17.127+0000] {dagbag.py:545} INFO - Filling up the DagBag from /home/airflow/.local/lib/python3.12/site-packages/airflow/example_dags/example_external_task_marker_dag.py
[2024-08-05T00:18:17.133+0000] {processor.py:840} INFO - DAG(s) 'example_external_task_marker_parent', 'example_external_task_marker_child' retrieved from /home/airflow/.local/lib/python3.12/site-packages/airflow/example_dags/example_external_task_marker_dag.py
[2024-08-05T00:18:17.158+0000] {logging_mixin.py:188} INFO - [2024-08-05T00:18:17.158+0000] {dag.py:3089} INFO - Sync 2 DAGs
[2024-08-05T00:18:17.171+0000] {logging_mixin.py:188} INFO - [2024-08-05T00:18:17.171+0000] {dag.py:3947} INFO - Setting next_dagrun for example_external_task_marker_child to None, run_after=None
[2024-08-05T00:18:17.175+0000] {logging_mixin.py:188} INFO - [2024-08-05T00:18:17.174+0000] {dag.py:3947} INFO - Setting next_dagrun for example_external_task_marker_parent to None, run_after=None
[2024-08-05T00:18:17.191+0000] {processor.py:183} INFO - Processing /home/airflow/.local/lib/python3.12/site-packages/airflow/example_dags/example_external_task_marker_dag.py took 0.072 seconds
[2024-08-05T00:18:47.249+0000] {processor.py:161} INFO - Started process (PID=25717) to work on /home/airflow/.local/lib/python3.12/site-packages/airflow/example_dags/example_external_task_marker_dag.py
[2024-08-05T00:18:47.250+0000] {processor.py:830} INFO - Processing file /home/airflow/.local/lib/python3.12/site-packages/airflow/example_dags/example_external_task_marker_dag.py for tasks to queue
[2024-08-05T00:18:47.251+0000] {logging_mixin.py:188} INFO - [2024-08-05T00:18:47.251+0000] {dagbag.py:545} INFO - Filling up the DagBag from /home/airflow/.local/lib/python3.12/site-packages/airflow/example_dags/example_external_task_marker_dag.py
[2024-08-05T00:18:47.257+0000] {processor.py:840} INFO - DAG(s) 'example_external_task_marker_child', 'example_external_task_marker_parent' retrieved from /home/airflow/.local/lib/python3.12/site-packages/airflow/example_dags/example_external_task_marker_dag.py
[2024-08-05T00:18:47.280+0000] {logging_mixin.py:188} INFO - [2024-08-05T00:18:47.280+0000] {dag.py:3089} INFO - Sync 2 DAGs
[2024-08-05T00:18:47.292+0000] {logging_mixin.py:188} INFO - [2024-08-05T00:18:47.292+0000] {dag.py:3947} INFO - Setting next_dagrun for example_external_task_marker_child to None, run_after=None
[2024-08-05T00:18:47.295+0000] {logging_mixin.py:188} INFO - [2024-08-05T00:18:47.295+0000] {dag.py:3947} INFO - Setting next_dagrun for example_external_task_marker_parent to None, run_after=None
[2024-08-05T00:18:47.310+0000] {processor.py:183} INFO - Processing /home/airflow/.local/lib/python3.12/site-packages/airflow/example_dags/example_external_task_marker_dag.py took 0.068 seconds
[2024-08-05T00:19:17.582+0000] {processor.py:161} INFO - Started process (PID=25988) to work on /home/airflow/.local/lib/python3.12/site-packages/airflow/example_dags/example_external_task_marker_dag.py
[2024-08-05T00:19:17.583+0000] {processor.py:830} INFO - Processing file /home/airflow/.local/lib/python3.12/site-packages/airflow/example_dags/example_external_task_marker_dag.py for tasks to queue
[2024-08-05T00:19:17.585+0000] {logging_mixin.py:188} INFO - [2024-08-05T00:19:17.585+0000] {dagbag.py:545} INFO - Filling up the DagBag from /home/airflow/.local/lib/python3.12/site-packages/airflow/example_dags/example_external_task_marker_dag.py
[2024-08-05T00:19:17.592+0000] {processor.py:840} INFO - DAG(s) 'example_external_task_marker_child', 'example_external_task_marker_parent' retrieved from /home/airflow/.local/lib/python3.12/site-packages/airflow/example_dags/example_external_task_marker_dag.py
[2024-08-05T00:19:17.629+0000] {logging_mixin.py:188} INFO - [2024-08-05T00:19:17.629+0000] {dag.py:3089} INFO - Sync 2 DAGs
[2024-08-05T00:19:17.646+0000] {logging_mixin.py:188} INFO - [2024-08-05T00:19:17.646+0000] {dag.py:3947} INFO - Setting next_dagrun for example_external_task_marker_child to None, run_after=None
[2024-08-05T00:19:17.651+0000] {logging_mixin.py:188} INFO - [2024-08-05T00:19:17.651+0000] {dag.py:3947} INFO - Setting next_dagrun for example_external_task_marker_parent to None, run_after=None
[2024-08-05T00:19:17.673+0000] {processor.py:183} INFO - Processing /home/airflow/.local/lib/python3.12/site-packages/airflow/example_dags/example_external_task_marker_dag.py took 0.098 seconds
[2024-08-05T00:19:47.766+0000] {processor.py:161} INFO - Started process (PID=26260) to work on /home/airflow/.local/lib/python3.12/site-packages/airflow/example_dags/example_external_task_marker_dag.py
[2024-08-05T00:19:47.767+0000] {processor.py:830} INFO - Processing file /home/airflow/.local/lib/python3.12/site-packages/airflow/example_dags/example_external_task_marker_dag.py for tasks to queue
[2024-08-05T00:19:47.768+0000] {logging_mixin.py:188} INFO - [2024-08-05T00:19:47.768+0000] {dagbag.py:545} INFO - Filling up the DagBag from /home/airflow/.local/lib/python3.12/site-packages/airflow/example_dags/example_external_task_marker_dag.py
[2024-08-05T00:19:47.774+0000] {processor.py:840} INFO - DAG(s) 'example_external_task_marker_parent', 'example_external_task_marker_child' retrieved from /home/airflow/.local/lib/python3.12/site-packages/airflow/example_dags/example_external_task_marker_dag.py
[2024-08-05T00:19:47.796+0000] {logging_mixin.py:188} INFO - [2024-08-05T00:19:47.795+0000] {dag.py:3089} INFO - Sync 2 DAGs
[2024-08-05T00:19:47.806+0000] {logging_mixin.py:188} INFO - [2024-08-05T00:19:47.806+0000] {dag.py:3947} INFO - Setting next_dagrun for example_external_task_marker_child to None, run_after=None
[2024-08-05T00:19:47.811+0000] {logging_mixin.py:188} INFO - [2024-08-05T00:19:47.810+0000] {dag.py:3947} INFO - Setting next_dagrun for example_external_task_marker_parent to None, run_after=None
[2024-08-05T00:19:47.824+0000] {processor.py:183} INFO - Processing /home/airflow/.local/lib/python3.12/site-packages/airflow/example_dags/example_external_task_marker_dag.py took 0.063 seconds
[2024-08-05T00:20:18.029+0000] {processor.py:161} INFO - Started process (PID=26541) to work on /home/airflow/.local/lib/python3.12/site-packages/airflow/example_dags/example_external_task_marker_dag.py
[2024-08-05T00:20:18.030+0000] {processor.py:830} INFO - Processing file /home/airflow/.local/lib/python3.12/site-packages/airflow/example_dags/example_external_task_marker_dag.py for tasks to queue
[2024-08-05T00:20:18.032+0000] {logging_mixin.py:188} INFO - [2024-08-05T00:20:18.032+0000] {dagbag.py:545} INFO - Filling up the DagBag from /home/airflow/.local/lib/python3.12/site-packages/airflow/example_dags/example_external_task_marker_dag.py
[2024-08-05T00:20:18.038+0000] {processor.py:840} INFO - DAG(s) 'example_external_task_marker_child', 'example_external_task_marker_parent' retrieved from /home/airflow/.local/lib/python3.12/site-packages/airflow/example_dags/example_external_task_marker_dag.py
[2024-08-05T00:20:18.064+0000] {logging_mixin.py:188} INFO - [2024-08-05T00:20:18.064+0000] {dag.py:3089} INFO - Sync 2 DAGs
[2024-08-05T00:20:18.078+0000] {logging_mixin.py:188} INFO - [2024-08-05T00:20:18.077+0000] {dag.py:3947} INFO - Setting next_dagrun for example_external_task_marker_child to None, run_after=None
[2024-08-05T00:20:18.082+0000] {logging_mixin.py:188} INFO - [2024-08-05T00:20:18.082+0000] {dag.py:3947} INFO - Setting next_dagrun for example_external_task_marker_parent to None, run_after=None
[2024-08-05T00:20:18.097+0000] {processor.py:183} INFO - Processing /home/airflow/.local/lib/python3.12/site-packages/airflow/example_dags/example_external_task_marker_dag.py took 0.074 seconds
[2024-08-05T00:20:48.556+0000] {processor.py:161} INFO - Started process (PID=26813) to work on /home/airflow/.local/lib/python3.12/site-packages/airflow/example_dags/example_external_task_marker_dag.py
[2024-08-05T00:20:48.557+0000] {processor.py:830} INFO - Processing file /home/airflow/.local/lib/python3.12/site-packages/airflow/example_dags/example_external_task_marker_dag.py for tasks to queue
[2024-08-05T00:20:48.559+0000] {logging_mixin.py:188} INFO - [2024-08-05T00:20:48.559+0000] {dagbag.py:545} INFO - Filling up the DagBag from /home/airflow/.local/lib/python3.12/site-packages/airflow/example_dags/example_external_task_marker_dag.py
[2024-08-05T00:20:48.563+0000] {processor.py:840} INFO - DAG(s) 'example_external_task_marker_parent', 'example_external_task_marker_child' retrieved from /home/airflow/.local/lib/python3.12/site-packages/airflow/example_dags/example_external_task_marker_dag.py
[2024-08-05T00:20:48.585+0000] {logging_mixin.py:188} INFO - [2024-08-05T00:20:48.585+0000] {dag.py:3089} INFO - Sync 2 DAGs
[2024-08-05T00:20:48.597+0000] {logging_mixin.py:188} INFO - [2024-08-05T00:20:48.597+0000] {dag.py:3947} INFO - Setting next_dagrun for example_external_task_marker_child to None, run_after=None
[2024-08-05T00:20:48.601+0000] {logging_mixin.py:188} INFO - [2024-08-05T00:20:48.601+0000] {dag.py:3947} INFO - Setting next_dagrun for example_external_task_marker_parent to None, run_after=None
[2024-08-05T00:20:48.616+0000] {processor.py:183} INFO - Processing /home/airflow/.local/lib/python3.12/site-packages/airflow/example_dags/example_external_task_marker_dag.py took 0.065 seconds
[2024-08-05T00:21:19.077+0000] {processor.py:161} INFO - Started process (PID=27085) to work on /home/airflow/.local/lib/python3.12/site-packages/airflow/example_dags/example_external_task_marker_dag.py
[2024-08-05T00:21:19.078+0000] {processor.py:830} INFO - Processing file /home/airflow/.local/lib/python3.12/site-packages/airflow/example_dags/example_external_task_marker_dag.py for tasks to queue
[2024-08-05T00:21:19.080+0000] {logging_mixin.py:188} INFO - [2024-08-05T00:21:19.079+0000] {dagbag.py:545} INFO - Filling up the DagBag from /home/airflow/.local/lib/python3.12/site-packages/airflow/example_dags/example_external_task_marker_dag.py
[2024-08-05T00:21:19.085+0000] {processor.py:840} INFO - DAG(s) 'example_external_task_marker_child', 'example_external_task_marker_parent' retrieved from /home/airflow/.local/lib/python3.12/site-packages/airflow/example_dags/example_external_task_marker_dag.py
[2024-08-05T00:21:19.108+0000] {logging_mixin.py:188} INFO - [2024-08-05T00:21:19.108+0000] {dag.py:3089} INFO - Sync 2 DAGs
[2024-08-05T00:21:19.120+0000] {logging_mixin.py:188} INFO - [2024-08-05T00:21:19.120+0000] {dag.py:3947} INFO - Setting next_dagrun for example_external_task_marker_child to None, run_after=None
[2024-08-05T00:21:19.124+0000] {logging_mixin.py:188} INFO - [2024-08-05T00:21:19.123+0000] {dag.py:3947} INFO - Setting next_dagrun for example_external_task_marker_parent to None, run_after=None
[2024-08-05T00:21:19.138+0000] {processor.py:183} INFO - Processing /home/airflow/.local/lib/python3.12/site-packages/airflow/example_dags/example_external_task_marker_dag.py took 0.066 seconds
[2024-08-05T00:21:49.581+0000] {processor.py:161} INFO - Started process (PID=27359) to work on /home/airflow/.local/lib/python3.12/site-packages/airflow/example_dags/example_external_task_marker_dag.py
[2024-08-05T00:21:49.583+0000] {processor.py:830} INFO - Processing file /home/airflow/.local/lib/python3.12/site-packages/airflow/example_dags/example_external_task_marker_dag.py for tasks to queue
[2024-08-05T00:21:49.584+0000] {logging_mixin.py:188} INFO - [2024-08-05T00:21:49.584+0000] {dagbag.py:545} INFO - Filling up the DagBag from /home/airflow/.local/lib/python3.12/site-packages/airflow/example_dags/example_external_task_marker_dag.py
[2024-08-05T00:21:49.589+0000] {processor.py:840} INFO - DAG(s) 'example_external_task_marker_child', 'example_external_task_marker_parent' retrieved from /home/airflow/.local/lib/python3.12/site-packages/airflow/example_dags/example_external_task_marker_dag.py
[2024-08-05T00:21:49.613+0000] {logging_mixin.py:188} INFO - [2024-08-05T00:21:49.613+0000] {dag.py:3089} INFO - Sync 2 DAGs
[2024-08-05T00:21:49.626+0000] {logging_mixin.py:188} INFO - [2024-08-05T00:21:49.626+0000] {dag.py:3947} INFO - Setting next_dagrun for example_external_task_marker_child to None, run_after=None
[2024-08-05T00:21:49.630+0000] {logging_mixin.py:188} INFO - [2024-08-05T00:21:49.629+0000] {dag.py:3947} INFO - Setting next_dagrun for example_external_task_marker_parent to None, run_after=None
[2024-08-05T00:21:49.644+0000] {processor.py:183} INFO - Processing /home/airflow/.local/lib/python3.12/site-packages/airflow/example_dags/example_external_task_marker_dag.py took 0.068 seconds
[2024-08-05T00:22:19.926+0000] {processor.py:161} INFO - Started process (PID=27629) to work on /home/airflow/.local/lib/python3.12/site-packages/airflow/example_dags/example_external_task_marker_dag.py
[2024-08-05T00:22:19.927+0000] {processor.py:830} INFO - Processing file /home/airflow/.local/lib/python3.12/site-packages/airflow/example_dags/example_external_task_marker_dag.py for tasks to queue
[2024-08-05T00:22:19.929+0000] {logging_mixin.py:188} INFO - [2024-08-05T00:22:19.928+0000] {dagbag.py:545} INFO - Filling up the DagBag from /home/airflow/.local/lib/python3.12/site-packages/airflow/example_dags/example_external_task_marker_dag.py
[2024-08-05T00:22:19.933+0000] {processor.py:840} INFO - DAG(s) 'example_external_task_marker_child', 'example_external_task_marker_parent' retrieved from /home/airflow/.local/lib/python3.12/site-packages/airflow/example_dags/example_external_task_marker_dag.py
[2024-08-05T00:22:19.957+0000] {logging_mixin.py:188} INFO - [2024-08-05T00:22:19.957+0000] {dag.py:3089} INFO - Sync 2 DAGs
[2024-08-05T00:22:19.969+0000] {logging_mixin.py:188} INFO - [2024-08-05T00:22:19.968+0000] {dag.py:3947} INFO - Setting next_dagrun for example_external_task_marker_child to None, run_after=None
[2024-08-05T00:22:19.972+0000] {logging_mixin.py:188} INFO - [2024-08-05T00:22:19.972+0000] {dag.py:3947} INFO - Setting next_dagrun for example_external_task_marker_parent to None, run_after=None
[2024-08-05T00:22:19.986+0000] {processor.py:183} INFO - Processing /home/airflow/.local/lib/python3.12/site-packages/airflow/example_dags/example_external_task_marker_dag.py took 0.064 seconds
[2024-08-05T00:22:50.763+0000] {processor.py:161} INFO - Started process (PID=27901) to work on /home/airflow/.local/lib/python3.12/site-packages/airflow/example_dags/example_external_task_marker_dag.py
[2024-08-05T00:22:50.764+0000] {processor.py:830} INFO - Processing file /home/airflow/.local/lib/python3.12/site-packages/airflow/example_dags/example_external_task_marker_dag.py for tasks to queue
[2024-08-05T00:22:50.765+0000] {logging_mixin.py:188} INFO - [2024-08-05T00:22:50.765+0000] {dagbag.py:545} INFO - Filling up the DagBag from /home/airflow/.local/lib/python3.12/site-packages/airflow/example_dags/example_external_task_marker_dag.py
[2024-08-05T00:22:50.770+0000] {processor.py:840} INFO - DAG(s) 'example_external_task_marker_child', 'example_external_task_marker_parent' retrieved from /home/airflow/.local/lib/python3.12/site-packages/airflow/example_dags/example_external_task_marker_dag.py
[2024-08-05T00:22:50.794+0000] {logging_mixin.py:188} INFO - [2024-08-05T00:22:50.793+0000] {dag.py:3089} INFO - Sync 2 DAGs
[2024-08-05T00:22:50.960+0000] {logging_mixin.py:188} INFO - [2024-08-05T00:22:50.960+0000] {dag.py:3947} INFO - Setting next_dagrun for example_external_task_marker_child to None, run_after=None
[2024-08-05T00:22:50.964+0000] {logging_mixin.py:188} INFO - [2024-08-05T00:22:50.963+0000] {dag.py:3947} INFO - Setting next_dagrun for example_external_task_marker_parent to None, run_after=None
[2024-08-05T00:22:50.978+0000] {processor.py:183} INFO - Processing /home/airflow/.local/lib/python3.12/site-packages/airflow/example_dags/example_external_task_marker_dag.py took 0.219 seconds
[2024-08-05T00:23:21.090+0000] {processor.py:161} INFO - Started process (PID=28173) to work on /home/airflow/.local/lib/python3.12/site-packages/airflow/example_dags/example_external_task_marker_dag.py
[2024-08-05T00:23:21.091+0000] {processor.py:830} INFO - Processing file /home/airflow/.local/lib/python3.12/site-packages/airflow/example_dags/example_external_task_marker_dag.py for tasks to queue
[2024-08-05T00:23:21.092+0000] {logging_mixin.py:188} INFO - [2024-08-05T00:23:21.092+0000] {dagbag.py:545} INFO - Filling up the DagBag from /home/airflow/.local/lib/python3.12/site-packages/airflow/example_dags/example_external_task_marker_dag.py
[2024-08-05T00:23:21.097+0000] {processor.py:840} INFO - DAG(s) 'example_external_task_marker_parent', 'example_external_task_marker_child' retrieved from /home/airflow/.local/lib/python3.12/site-packages/airflow/example_dags/example_external_task_marker_dag.py
[2024-08-05T00:23:21.121+0000] {logging_mixin.py:188} INFO - [2024-08-05T00:23:21.121+0000] {dag.py:3089} INFO - Sync 2 DAGs
[2024-08-05T00:23:21.134+0000] {logging_mixin.py:188} INFO - [2024-08-05T00:23:21.134+0000] {dag.py:3947} INFO - Setting next_dagrun for example_external_task_marker_child to None, run_after=None
[2024-08-05T00:23:21.138+0000] {logging_mixin.py:188} INFO - [2024-08-05T00:23:21.138+0000] {dag.py:3947} INFO - Setting next_dagrun for example_external_task_marker_parent to None, run_after=None
[2024-08-05T00:23:21.300+0000] {processor.py:183} INFO - Processing /home/airflow/.local/lib/python3.12/site-packages/airflow/example_dags/example_external_task_marker_dag.py took 0.214 seconds
[2024-08-05T00:23:51.445+0000] {processor.py:161} INFO - Started process (PID=28445) to work on /home/airflow/.local/lib/python3.12/site-packages/airflow/example_dags/example_external_task_marker_dag.py
[2024-08-05T00:23:51.446+0000] {processor.py:830} INFO - Processing file /home/airflow/.local/lib/python3.12/site-packages/airflow/example_dags/example_external_task_marker_dag.py for tasks to queue
[2024-08-05T00:23:51.447+0000] {logging_mixin.py:188} INFO - [2024-08-05T00:23:51.447+0000] {dagbag.py:545} INFO - Filling up the DagBag from /home/airflow/.local/lib/python3.12/site-packages/airflow/example_dags/example_external_task_marker_dag.py
[2024-08-05T00:23:51.453+0000] {processor.py:840} INFO - DAG(s) 'example_external_task_marker_parent', 'example_external_task_marker_child' retrieved from /home/airflow/.local/lib/python3.12/site-packages/airflow/example_dags/example_external_task_marker_dag.py
[2024-08-05T00:23:51.474+0000] {logging_mixin.py:188} INFO - [2024-08-05T00:23:51.474+0000] {dag.py:3089} INFO - Sync 2 DAGs
[2024-08-05T00:23:51.487+0000] {logging_mixin.py:188} INFO - [2024-08-05T00:23:51.487+0000] {dag.py:3947} INFO - Setting next_dagrun for example_external_task_marker_child to None, run_after=None
[2024-08-05T00:23:51.491+0000] {logging_mixin.py:188} INFO - [2024-08-05T00:23:51.491+0000] {dag.py:3947} INFO - Setting next_dagrun for example_external_task_marker_parent to None, run_after=None
[2024-08-05T00:23:51.637+0000] {processor.py:183} INFO - Processing /home/airflow/.local/lib/python3.12/site-packages/airflow/example_dags/example_external_task_marker_dag.py took 0.197 seconds
[2024-08-05T00:24:21.709+0000] {processor.py:161} INFO - Started process (PID=28717) to work on /home/airflow/.local/lib/python3.12/site-packages/airflow/example_dags/example_external_task_marker_dag.py
[2024-08-05T00:24:21.709+0000] {processor.py:830} INFO - Processing file /home/airflow/.local/lib/python3.12/site-packages/airflow/example_dags/example_external_task_marker_dag.py for tasks to queue
[2024-08-05T00:24:21.711+0000] {logging_mixin.py:188} INFO - [2024-08-05T00:24:21.710+0000] {dagbag.py:545} INFO - Filling up the DagBag from /home/airflow/.local/lib/python3.12/site-packages/airflow/example_dags/example_external_task_marker_dag.py
[2024-08-05T00:24:21.715+0000] {processor.py:840} INFO - DAG(s) 'example_external_task_marker_parent', 'example_external_task_marker_child' retrieved from /home/airflow/.local/lib/python3.12/site-packages/airflow/example_dags/example_external_task_marker_dag.py
[2024-08-05T00:24:21.733+0000] {logging_mixin.py:188} INFO - [2024-08-05T00:24:21.733+0000] {dag.py:3089} INFO - Sync 2 DAGs
[2024-08-05T00:24:21.742+0000] {logging_mixin.py:188} INFO - [2024-08-05T00:24:21.742+0000] {dag.py:3947} INFO - Setting next_dagrun for example_external_task_marker_child to None, run_after=None
[2024-08-05T00:24:21.746+0000] {logging_mixin.py:188} INFO - [2024-08-05T00:24:21.745+0000] {dag.py:3947} INFO - Setting next_dagrun for example_external_task_marker_parent to None, run_after=None
[2024-08-05T00:24:21.759+0000] {processor.py:183} INFO - Processing /home/airflow/.local/lib/python3.12/site-packages/airflow/example_dags/example_external_task_marker_dag.py took 0.055 seconds
[2024-08-05T00:24:52.299+0000] {processor.py:161} INFO - Started process (PID=28989) to work on /home/airflow/.local/lib/python3.12/site-packages/airflow/example_dags/example_external_task_marker_dag.py
[2024-08-05T00:24:52.300+0000] {processor.py:830} INFO - Processing file /home/airflow/.local/lib/python3.12/site-packages/airflow/example_dags/example_external_task_marker_dag.py for tasks to queue
[2024-08-05T00:24:52.301+0000] {logging_mixin.py:188} INFO - [2024-08-05T00:24:52.301+0000] {dagbag.py:545} INFO - Filling up the DagBag from /home/airflow/.local/lib/python3.12/site-packages/airflow/example_dags/example_external_task_marker_dag.py
[2024-08-05T00:24:52.306+0000] {processor.py:840} INFO - DAG(s) 'example_external_task_marker_child', 'example_external_task_marker_parent' retrieved from /home/airflow/.local/lib/python3.12/site-packages/airflow/example_dags/example_external_task_marker_dag.py
[2024-08-05T00:24:52.324+0000] {logging_mixin.py:188} INFO - [2024-08-05T00:24:52.324+0000] {dag.py:3089} INFO - Sync 2 DAGs
[2024-08-05T00:24:52.333+0000] {logging_mixin.py:188} INFO - [2024-08-05T00:24:52.333+0000] {dag.py:3947} INFO - Setting next_dagrun for example_external_task_marker_child to None, run_after=None
[2024-08-05T00:24:52.336+0000] {logging_mixin.py:188} INFO - [2024-08-05T00:24:52.336+0000] {dag.py:3947} INFO - Setting next_dagrun for example_external_task_marker_parent to None, run_after=None
[2024-08-05T00:24:52.347+0000] {processor.py:183} INFO - Processing /home/airflow/.local/lib/python3.12/site-packages/airflow/example_dags/example_external_task_marker_dag.py took 0.052 seconds
