[2024-08-05T00:00:01.666+0000] {processor.py:161} INFO - Started process (PID=15613) to work on /home/airflow/.local/lib/python3.12/site-packages/airflow/example_dags/example_complex.py
[2024-08-05T00:00:01.666+0000] {processor.py:830} INFO - Processing file /home/airflow/.local/lib/python3.12/site-packages/airflow/example_dags/example_complex.py for tasks to queue
[2024-08-05T00:00:01.668+0000] {logging_mixin.py:188} INFO - [2024-08-05T00:00:01.668+0000] {dagbag.py:545} INFO - Filling up the DagBag from /home/airflow/.local/lib/python3.12/site-packages/airflow/example_dags/example_complex.py
[2024-08-05T00:00:01.678+0000] {processor.py:840} INFO - DAG(s) 'example_complex' retrieved from /home/airflow/.local/lib/python3.12/site-packages/airflow/example_dags/example_complex.py
[2024-08-05T00:00:01.708+0000] {logging_mixin.py:188} INFO - [2024-08-05T00:00:01.708+0000] {dag.py:3089} INFO - Sync 1 DAGs
[2024-08-05T00:00:01.720+0000] {logging_mixin.py:188} INFO - [2024-08-05T00:00:01.719+0000] {dag.py:3947} INFO - Setting next_dagrun for example_complex to None, run_after=None
[2024-08-05T00:00:01.737+0000] {processor.py:183} INFO - Processing /home/airflow/.local/lib/python3.12/site-packages/airflow/example_dags/example_complex.py took 0.076 seconds
[2024-08-05T00:00:32.413+0000] {processor.py:161} INFO - Started process (PID=15891) to work on /home/airflow/.local/lib/python3.12/site-packages/airflow/example_dags/example_complex.py
[2024-08-05T00:00:32.414+0000] {processor.py:830} INFO - Processing file /home/airflow/.local/lib/python3.12/site-packages/airflow/example_dags/example_complex.py for tasks to queue
[2024-08-05T00:00:32.415+0000] {logging_mixin.py:188} INFO - [2024-08-05T00:00:32.415+0000] {dagbag.py:545} INFO - Filling up the DagBag from /home/airflow/.local/lib/python3.12/site-packages/airflow/example_dags/example_complex.py
[2024-08-05T00:00:32.423+0000] {processor.py:840} INFO - DAG(s) 'example_complex' retrieved from /home/airflow/.local/lib/python3.12/site-packages/airflow/example_dags/example_complex.py
[2024-08-05T00:00:32.453+0000] {logging_mixin.py:188} INFO - [2024-08-05T00:00:32.453+0000] {dag.py:3089} INFO - Sync 1 DAGs
[2024-08-05T00:00:32.464+0000] {logging_mixin.py:188} INFO - [2024-08-05T00:00:32.463+0000] {dag.py:3947} INFO - Setting next_dagrun for example_complex to None, run_after=None
[2024-08-05T00:00:32.479+0000] {processor.py:183} INFO - Processing /home/airflow/.local/lib/python3.12/site-packages/airflow/example_dags/example_complex.py took 0.071 seconds
[2024-08-05T00:01:03.209+0000] {processor.py:161} INFO - Started process (PID=16163) to work on /home/airflow/.local/lib/python3.12/site-packages/airflow/example_dags/example_complex.py
[2024-08-05T00:01:03.210+0000] {processor.py:830} INFO - Processing file /home/airflow/.local/lib/python3.12/site-packages/airflow/example_dags/example_complex.py for tasks to queue
[2024-08-05T00:01:03.212+0000] {logging_mixin.py:188} INFO - [2024-08-05T00:01:03.211+0000] {dagbag.py:545} INFO - Filling up the DagBag from /home/airflow/.local/lib/python3.12/site-packages/airflow/example_dags/example_complex.py
[2024-08-05T00:01:03.221+0000] {processor.py:840} INFO - DAG(s) 'example_complex' retrieved from /home/airflow/.local/lib/python3.12/site-packages/airflow/example_dags/example_complex.py
[2024-08-05T00:01:03.251+0000] {logging_mixin.py:188} INFO - [2024-08-05T00:01:03.251+0000] {dag.py:3089} INFO - Sync 1 DAGs
[2024-08-05T00:01:03.264+0000] {logging_mixin.py:188} INFO - [2024-08-05T00:01:03.263+0000] {dag.py:3947} INFO - Setting next_dagrun for example_complex to None, run_after=None
[2024-08-05T00:01:03.285+0000] {processor.py:183} INFO - Processing /home/airflow/.local/lib/python3.12/site-packages/airflow/example_dags/example_complex.py took 0.082 seconds
[2024-08-05T00:01:33.647+0000] {processor.py:161} INFO - Started process (PID=16437) to work on /home/airflow/.local/lib/python3.12/site-packages/airflow/example_dags/example_complex.py
[2024-08-05T00:01:33.648+0000] {processor.py:830} INFO - Processing file /home/airflow/.local/lib/python3.12/site-packages/airflow/example_dags/example_complex.py for tasks to queue
[2024-08-05T00:01:33.649+0000] {logging_mixin.py:188} INFO - [2024-08-05T00:01:33.649+0000] {dagbag.py:545} INFO - Filling up the DagBag from /home/airflow/.local/lib/python3.12/site-packages/airflow/example_dags/example_complex.py
[2024-08-05T00:01:33.658+0000] {processor.py:840} INFO - DAG(s) 'example_complex' retrieved from /home/airflow/.local/lib/python3.12/site-packages/airflow/example_dags/example_complex.py
[2024-08-05T00:01:33.690+0000] {logging_mixin.py:188} INFO - [2024-08-05T00:01:33.689+0000] {dag.py:3089} INFO - Sync 1 DAGs
[2024-08-05T00:01:33.700+0000] {logging_mixin.py:188} INFO - [2024-08-05T00:01:33.700+0000] {dag.py:3947} INFO - Setting next_dagrun for example_complex to None, run_after=None
[2024-08-05T00:01:33.716+0000] {processor.py:183} INFO - Processing /home/airflow/.local/lib/python3.12/site-packages/airflow/example_dags/example_complex.py took 0.073 seconds
[2024-08-05T00:02:03.813+0000] {processor.py:161} INFO - Started process (PID=16709) to work on /home/airflow/.local/lib/python3.12/site-packages/airflow/example_dags/example_complex.py
[2024-08-05T00:02:03.814+0000] {processor.py:830} INFO - Processing file /home/airflow/.local/lib/python3.12/site-packages/airflow/example_dags/example_complex.py for tasks to queue
[2024-08-05T00:02:03.815+0000] {logging_mixin.py:188} INFO - [2024-08-05T00:02:03.815+0000] {dagbag.py:545} INFO - Filling up the DagBag from /home/airflow/.local/lib/python3.12/site-packages/airflow/example_dags/example_complex.py
[2024-08-05T00:02:03.824+0000] {processor.py:840} INFO - DAG(s) 'example_complex' retrieved from /home/airflow/.local/lib/python3.12/site-packages/airflow/example_dags/example_complex.py
[2024-08-05T00:02:03.854+0000] {logging_mixin.py:188} INFO - [2024-08-05T00:02:03.854+0000] {dag.py:3089} INFO - Sync 1 DAGs
[2024-08-05T00:02:03.865+0000] {logging_mixin.py:188} INFO - [2024-08-05T00:02:03.865+0000] {dag.py:3947} INFO - Setting next_dagrun for example_complex to None, run_after=None
[2024-08-05T00:02:03.881+0000] {processor.py:183} INFO - Processing /home/airflow/.local/lib/python3.12/site-packages/airflow/example_dags/example_complex.py took 0.072 seconds
[2024-08-05T00:02:33.942+0000] {processor.py:161} INFO - Started process (PID=16981) to work on /home/airflow/.local/lib/python3.12/site-packages/airflow/example_dags/example_complex.py
[2024-08-05T00:02:33.943+0000] {processor.py:830} INFO - Processing file /home/airflow/.local/lib/python3.12/site-packages/airflow/example_dags/example_complex.py for tasks to queue
[2024-08-05T00:02:33.945+0000] {logging_mixin.py:188} INFO - [2024-08-05T00:02:33.945+0000] {dagbag.py:545} INFO - Filling up the DagBag from /home/airflow/.local/lib/python3.12/site-packages/airflow/example_dags/example_complex.py
[2024-08-05T00:02:33.955+0000] {processor.py:840} INFO - DAG(s) 'example_complex' retrieved from /home/airflow/.local/lib/python3.12/site-packages/airflow/example_dags/example_complex.py
[2024-08-05T00:02:33.986+0000] {logging_mixin.py:188} INFO - [2024-08-05T00:02:33.985+0000] {dag.py:3089} INFO - Sync 1 DAGs
[2024-08-05T00:02:33.997+0000] {logging_mixin.py:188} INFO - [2024-08-05T00:02:33.996+0000] {dag.py:3947} INFO - Setting next_dagrun for example_complex to None, run_after=None
[2024-08-05T00:02:34.012+0000] {processor.py:183} INFO - Processing /home/airflow/.local/lib/python3.12/site-packages/airflow/example_dags/example_complex.py took 0.075 seconds
[2024-08-05T00:03:04.047+0000] {processor.py:161} INFO - Started process (PID=17251) to work on /home/airflow/.local/lib/python3.12/site-packages/airflow/example_dags/example_complex.py
[2024-08-05T00:03:04.048+0000] {processor.py:830} INFO - Processing file /home/airflow/.local/lib/python3.12/site-packages/airflow/example_dags/example_complex.py for tasks to queue
[2024-08-05T00:03:04.049+0000] {logging_mixin.py:188} INFO - [2024-08-05T00:03:04.049+0000] {dagbag.py:545} INFO - Filling up the DagBag from /home/airflow/.local/lib/python3.12/site-packages/airflow/example_dags/example_complex.py
[2024-08-05T00:03:04.059+0000] {processor.py:840} INFO - DAG(s) 'example_complex' retrieved from /home/airflow/.local/lib/python3.12/site-packages/airflow/example_dags/example_complex.py
[2024-08-05T00:03:04.093+0000] {logging_mixin.py:188} INFO - [2024-08-05T00:03:04.093+0000] {dag.py:3089} INFO - Sync 1 DAGs
[2024-08-05T00:03:04.106+0000] {logging_mixin.py:188} INFO - [2024-08-05T00:03:04.106+0000] {dag.py:3947} INFO - Setting next_dagrun for example_complex to None, run_after=None
[2024-08-05T00:03:04.122+0000] {processor.py:183} INFO - Processing /home/airflow/.local/lib/python3.12/site-packages/airflow/example_dags/example_complex.py took 0.080 seconds
[2024-08-05T00:03:34.422+0000] {processor.py:161} INFO - Started process (PID=17523) to work on /home/airflow/.local/lib/python3.12/site-packages/airflow/example_dags/example_complex.py
[2024-08-05T00:03:34.423+0000] {processor.py:830} INFO - Processing file /home/airflow/.local/lib/python3.12/site-packages/airflow/example_dags/example_complex.py for tasks to queue
[2024-08-05T00:03:34.425+0000] {logging_mixin.py:188} INFO - [2024-08-05T00:03:34.424+0000] {dagbag.py:545} INFO - Filling up the DagBag from /home/airflow/.local/lib/python3.12/site-packages/airflow/example_dags/example_complex.py
[2024-08-05T00:03:34.434+0000] {processor.py:840} INFO - DAG(s) 'example_complex' retrieved from /home/airflow/.local/lib/python3.12/site-packages/airflow/example_dags/example_complex.py
[2024-08-05T00:03:34.466+0000] {logging_mixin.py:188} INFO - [2024-08-05T00:03:34.466+0000] {dag.py:3089} INFO - Sync 1 DAGs
[2024-08-05T00:03:34.478+0000] {logging_mixin.py:188} INFO - [2024-08-05T00:03:34.478+0000] {dag.py:3947} INFO - Setting next_dagrun for example_complex to None, run_after=None
[2024-08-05T00:03:34.497+0000] {processor.py:183} INFO - Processing /home/airflow/.local/lib/python3.12/site-packages/airflow/example_dags/example_complex.py took 0.080 seconds
[2024-08-05T00:04:04.753+0000] {processor.py:161} INFO - Started process (PID=17795) to work on /home/airflow/.local/lib/python3.12/site-packages/airflow/example_dags/example_complex.py
[2024-08-05T00:04:04.754+0000] {processor.py:830} INFO - Processing file /home/airflow/.local/lib/python3.12/site-packages/airflow/example_dags/example_complex.py for tasks to queue
[2024-08-05T00:04:04.756+0000] {logging_mixin.py:188} INFO - [2024-08-05T00:04:04.756+0000] {dagbag.py:545} INFO - Filling up the DagBag from /home/airflow/.local/lib/python3.12/site-packages/airflow/example_dags/example_complex.py
[2024-08-05T00:04:04.766+0000] {processor.py:840} INFO - DAG(s) 'example_complex' retrieved from /home/airflow/.local/lib/python3.12/site-packages/airflow/example_dags/example_complex.py
[2024-08-05T00:04:04.796+0000] {logging_mixin.py:188} INFO - [2024-08-05T00:04:04.795+0000] {dag.py:3089} INFO - Sync 1 DAGs
[2024-08-05T00:04:04.809+0000] {logging_mixin.py:188} INFO - [2024-08-05T00:04:04.809+0000] {dag.py:3947} INFO - Setting next_dagrun for example_complex to None, run_after=None
[2024-08-05T00:04:04.827+0000] {processor.py:183} INFO - Processing /home/airflow/.local/lib/python3.12/site-packages/airflow/example_dags/example_complex.py took 0.081 seconds
[2024-08-05T00:04:34.912+0000] {processor.py:161} INFO - Started process (PID=18067) to work on /home/airflow/.local/lib/python3.12/site-packages/airflow/example_dags/example_complex.py
[2024-08-05T00:04:34.914+0000] {processor.py:830} INFO - Processing file /home/airflow/.local/lib/python3.12/site-packages/airflow/example_dags/example_complex.py for tasks to queue
[2024-08-05T00:04:34.916+0000] {logging_mixin.py:188} INFO - [2024-08-05T00:04:34.916+0000] {dagbag.py:545} INFO - Filling up the DagBag from /home/airflow/.local/lib/python3.12/site-packages/airflow/example_dags/example_complex.py
[2024-08-05T00:04:34.927+0000] {processor.py:840} INFO - DAG(s) 'example_complex' retrieved from /home/airflow/.local/lib/python3.12/site-packages/airflow/example_dags/example_complex.py
[2024-08-05T00:04:34.959+0000] {logging_mixin.py:188} INFO - [2024-08-05T00:04:34.959+0000] {dag.py:3089} INFO - Sync 1 DAGs
[2024-08-05T00:04:34.972+0000] {logging_mixin.py:188} INFO - [2024-08-05T00:04:34.972+0000] {dag.py:3947} INFO - Setting next_dagrun for example_complex to None, run_after=None
[2024-08-05T00:04:34.987+0000] {processor.py:183} INFO - Processing /home/airflow/.local/lib/python3.12/site-packages/airflow/example_dags/example_complex.py took 0.080 seconds
[2024-08-05T00:05:05.194+0000] {processor.py:161} INFO - Started process (PID=18339) to work on /home/airflow/.local/lib/python3.12/site-packages/airflow/example_dags/example_complex.py
[2024-08-05T00:05:05.195+0000] {processor.py:830} INFO - Processing file /home/airflow/.local/lib/python3.12/site-packages/airflow/example_dags/example_complex.py for tasks to queue
[2024-08-05T00:05:05.197+0000] {logging_mixin.py:188} INFO - [2024-08-05T00:05:05.197+0000] {dagbag.py:545} INFO - Filling up the DagBag from /home/airflow/.local/lib/python3.12/site-packages/airflow/example_dags/example_complex.py
[2024-08-05T00:05:05.208+0000] {processor.py:840} INFO - DAG(s) 'example_complex' retrieved from /home/airflow/.local/lib/python3.12/site-packages/airflow/example_dags/example_complex.py
[2024-08-05T00:05:05.243+0000] {logging_mixin.py:188} INFO - [2024-08-05T00:05:05.242+0000] {dag.py:3089} INFO - Sync 1 DAGs
[2024-08-05T00:05:05.256+0000] {logging_mixin.py:188} INFO - [2024-08-05T00:05:05.256+0000] {dag.py:3947} INFO - Setting next_dagrun for example_complex to None, run_after=None
[2024-08-05T00:05:05.273+0000] {processor.py:183} INFO - Processing /home/airflow/.local/lib/python3.12/site-packages/airflow/example_dags/example_complex.py took 0.088 seconds
[2024-08-05T00:05:35.519+0000] {processor.py:161} INFO - Started process (PID=18611) to work on /home/airflow/.local/lib/python3.12/site-packages/airflow/example_dags/example_complex.py
[2024-08-05T00:05:35.520+0000] {processor.py:830} INFO - Processing file /home/airflow/.local/lib/python3.12/site-packages/airflow/example_dags/example_complex.py for tasks to queue
[2024-08-05T00:05:35.522+0000] {logging_mixin.py:188} INFO - [2024-08-05T00:05:35.522+0000] {dagbag.py:545} INFO - Filling up the DagBag from /home/airflow/.local/lib/python3.12/site-packages/airflow/example_dags/example_complex.py
[2024-08-05T00:05:35.531+0000] {processor.py:840} INFO - DAG(s) 'example_complex' retrieved from /home/airflow/.local/lib/python3.12/site-packages/airflow/example_dags/example_complex.py
[2024-08-05T00:05:35.562+0000] {logging_mixin.py:188} INFO - [2024-08-05T00:05:35.562+0000] {dag.py:3089} INFO - Sync 1 DAGs
[2024-08-05T00:05:35.574+0000] {logging_mixin.py:188} INFO - [2024-08-05T00:05:35.574+0000] {dag.py:3947} INFO - Setting next_dagrun for example_complex to None, run_after=None
[2024-08-05T00:05:35.592+0000] {processor.py:183} INFO - Processing /home/airflow/.local/lib/python3.12/site-packages/airflow/example_dags/example_complex.py took 0.078 seconds
[2024-08-05T00:06:06.365+0000] {processor.py:161} INFO - Started process (PID=18877) to work on /home/airflow/.local/lib/python3.12/site-packages/airflow/example_dags/example_complex.py
[2024-08-05T00:06:06.366+0000] {processor.py:830} INFO - Processing file /home/airflow/.local/lib/python3.12/site-packages/airflow/example_dags/example_complex.py for tasks to queue
[2024-08-05T00:06:06.368+0000] {logging_mixin.py:188} INFO - [2024-08-05T00:06:06.367+0000] {dagbag.py:545} INFO - Filling up the DagBag from /home/airflow/.local/lib/python3.12/site-packages/airflow/example_dags/example_complex.py
[2024-08-05T00:06:06.376+0000] {processor.py:840} INFO - DAG(s) 'example_complex' retrieved from /home/airflow/.local/lib/python3.12/site-packages/airflow/example_dags/example_complex.py
[2024-08-05T00:06:06.406+0000] {logging_mixin.py:188} INFO - [2024-08-05T00:06:06.406+0000] {dag.py:3089} INFO - Sync 1 DAGs
[2024-08-05T00:06:06.418+0000] {logging_mixin.py:188} INFO - [2024-08-05T00:06:06.418+0000] {dag.py:3947} INFO - Setting next_dagrun for example_complex to None, run_after=None
[2024-08-05T00:06:06.433+0000] {processor.py:183} INFO - Processing /home/airflow/.local/lib/python3.12/site-packages/airflow/example_dags/example_complex.py took 0.074 seconds
[2024-08-05T00:06:36.594+0000] {processor.py:161} INFO - Started process (PID=19149) to work on /home/airflow/.local/lib/python3.12/site-packages/airflow/example_dags/example_complex.py
[2024-08-05T00:06:36.595+0000] {processor.py:830} INFO - Processing file /home/airflow/.local/lib/python3.12/site-packages/airflow/example_dags/example_complex.py for tasks to queue
[2024-08-05T00:06:36.597+0000] {logging_mixin.py:188} INFO - [2024-08-05T00:06:36.596+0000] {dagbag.py:545} INFO - Filling up the DagBag from /home/airflow/.local/lib/python3.12/site-packages/airflow/example_dags/example_complex.py
[2024-08-05T00:06:36.605+0000] {processor.py:840} INFO - DAG(s) 'example_complex' retrieved from /home/airflow/.local/lib/python3.12/site-packages/airflow/example_dags/example_complex.py
[2024-08-05T00:06:36.637+0000] {logging_mixin.py:188} INFO - [2024-08-05T00:06:36.637+0000] {dag.py:3089} INFO - Sync 1 DAGs
[2024-08-05T00:06:36.649+0000] {logging_mixin.py:188} INFO - [2024-08-05T00:06:36.649+0000] {dag.py:3947} INFO - Setting next_dagrun for example_complex to None, run_after=None
[2024-08-05T00:06:36.668+0000] {processor.py:183} INFO - Processing /home/airflow/.local/lib/python3.12/site-packages/airflow/example_dags/example_complex.py took 0.079 seconds
[2024-08-05T00:07:07.598+0000] {processor.py:161} INFO - Started process (PID=19421) to work on /home/airflow/.local/lib/python3.12/site-packages/airflow/example_dags/example_complex.py
[2024-08-05T00:07:07.599+0000] {processor.py:830} INFO - Processing file /home/airflow/.local/lib/python3.12/site-packages/airflow/example_dags/example_complex.py for tasks to queue
[2024-08-05T00:07:07.601+0000] {logging_mixin.py:188} INFO - [2024-08-05T00:07:07.601+0000] {dagbag.py:545} INFO - Filling up the DagBag from /home/airflow/.local/lib/python3.12/site-packages/airflow/example_dags/example_complex.py
[2024-08-05T00:07:07.610+0000] {processor.py:840} INFO - DAG(s) 'example_complex' retrieved from /home/airflow/.local/lib/python3.12/site-packages/airflow/example_dags/example_complex.py
[2024-08-05T00:07:07.646+0000] {logging_mixin.py:188} INFO - [2024-08-05T00:07:07.646+0000] {dag.py:3089} INFO - Sync 1 DAGs
[2024-08-05T00:07:07.660+0000] {logging_mixin.py:188} INFO - [2024-08-05T00:07:07.659+0000] {dag.py:3947} INFO - Setting next_dagrun for example_complex to None, run_after=None
[2024-08-05T00:07:07.679+0000] {processor.py:183} INFO - Processing /home/airflow/.local/lib/python3.12/site-packages/airflow/example_dags/example_complex.py took 0.087 seconds
[2024-08-05T00:07:37.931+0000] {processor.py:161} INFO - Started process (PID=19693) to work on /home/airflow/.local/lib/python3.12/site-packages/airflow/example_dags/example_complex.py
[2024-08-05T00:07:37.932+0000] {processor.py:830} INFO - Processing file /home/airflow/.local/lib/python3.12/site-packages/airflow/example_dags/example_complex.py for tasks to queue
[2024-08-05T00:07:37.934+0000] {logging_mixin.py:188} INFO - [2024-08-05T00:07:37.934+0000] {dagbag.py:545} INFO - Filling up the DagBag from /home/airflow/.local/lib/python3.12/site-packages/airflow/example_dags/example_complex.py
[2024-08-05T00:07:37.942+0000] {processor.py:840} INFO - DAG(s) 'example_complex' retrieved from /home/airflow/.local/lib/python3.12/site-packages/airflow/example_dags/example_complex.py
[2024-08-05T00:07:37.973+0000] {logging_mixin.py:188} INFO - [2024-08-05T00:07:37.973+0000] {dag.py:3089} INFO - Sync 1 DAGs
[2024-08-05T00:07:37.985+0000] {logging_mixin.py:188} INFO - [2024-08-05T00:07:37.985+0000] {dag.py:3947} INFO - Setting next_dagrun for example_complex to None, run_after=None
[2024-08-05T00:07:38.002+0000] {processor.py:183} INFO - Processing /home/airflow/.local/lib/python3.12/site-packages/airflow/example_dags/example_complex.py took 0.077 seconds
[2024-08-05T00:08:08.137+0000] {processor.py:161} INFO - Started process (PID=19965) to work on /home/airflow/.local/lib/python3.12/site-packages/airflow/example_dags/example_complex.py
[2024-08-05T00:08:08.138+0000] {processor.py:830} INFO - Processing file /home/airflow/.local/lib/python3.12/site-packages/airflow/example_dags/example_complex.py for tasks to queue
[2024-08-05T00:08:08.139+0000] {logging_mixin.py:188} INFO - [2024-08-05T00:08:08.139+0000] {dagbag.py:545} INFO - Filling up the DagBag from /home/airflow/.local/lib/python3.12/site-packages/airflow/example_dags/example_complex.py
[2024-08-05T00:08:08.149+0000] {processor.py:840} INFO - DAG(s) 'example_complex' retrieved from /home/airflow/.local/lib/python3.12/site-packages/airflow/example_dags/example_complex.py
[2024-08-05T00:08:08.182+0000] {logging_mixin.py:188} INFO - [2024-08-05T00:08:08.182+0000] {dag.py:3089} INFO - Sync 1 DAGs
[2024-08-05T00:08:08.195+0000] {logging_mixin.py:188} INFO - [2024-08-05T00:08:08.194+0000] {dag.py:3947} INFO - Setting next_dagrun for example_complex to None, run_after=None
[2024-08-05T00:08:08.210+0000] {processor.py:183} INFO - Processing /home/airflow/.local/lib/python3.12/site-packages/airflow/example_dags/example_complex.py took 0.078 seconds
[2024-08-05T00:08:38.541+0000] {processor.py:161} INFO - Started process (PID=20237) to work on /home/airflow/.local/lib/python3.12/site-packages/airflow/example_dags/example_complex.py
[2024-08-05T00:08:38.542+0000] {processor.py:830} INFO - Processing file /home/airflow/.local/lib/python3.12/site-packages/airflow/example_dags/example_complex.py for tasks to queue
[2024-08-05T00:08:38.543+0000] {logging_mixin.py:188} INFO - [2024-08-05T00:08:38.543+0000] {dagbag.py:545} INFO - Filling up the DagBag from /home/airflow/.local/lib/python3.12/site-packages/airflow/example_dags/example_complex.py
[2024-08-05T00:08:38.551+0000] {processor.py:840} INFO - DAG(s) 'example_complex' retrieved from /home/airflow/.local/lib/python3.12/site-packages/airflow/example_dags/example_complex.py
[2024-08-05T00:08:38.582+0000] {logging_mixin.py:188} INFO - [2024-08-05T00:08:38.582+0000] {dag.py:3089} INFO - Sync 1 DAGs
[2024-08-05T00:08:38.593+0000] {logging_mixin.py:188} INFO - [2024-08-05T00:08:38.593+0000] {dag.py:3947} INFO - Setting next_dagrun for example_complex to None, run_after=None
[2024-08-05T00:08:38.610+0000] {processor.py:183} INFO - Processing /home/airflow/.local/lib/python3.12/site-packages/airflow/example_dags/example_complex.py took 0.074 seconds
[2024-08-05T00:09:08.669+0000] {processor.py:161} INFO - Started process (PID=20509) to work on /home/airflow/.local/lib/python3.12/site-packages/airflow/example_dags/example_complex.py
[2024-08-05T00:09:08.669+0000] {processor.py:830} INFO - Processing file /home/airflow/.local/lib/python3.12/site-packages/airflow/example_dags/example_complex.py for tasks to queue
[2024-08-05T00:09:08.671+0000] {logging_mixin.py:188} INFO - [2024-08-05T00:09:08.670+0000] {dagbag.py:545} INFO - Filling up the DagBag from /home/airflow/.local/lib/python3.12/site-packages/airflow/example_dags/example_complex.py
[2024-08-05T00:09:08.680+0000] {processor.py:840} INFO - DAG(s) 'example_complex' retrieved from /home/airflow/.local/lib/python3.12/site-packages/airflow/example_dags/example_complex.py
[2024-08-05T00:09:08.711+0000] {logging_mixin.py:188} INFO - [2024-08-05T00:09:08.710+0000] {dag.py:3089} INFO - Sync 1 DAGs
[2024-08-05T00:09:08.720+0000] {logging_mixin.py:188} INFO - [2024-08-05T00:09:08.720+0000] {dag.py:3947} INFO - Setting next_dagrun for example_complex to None, run_after=None
[2024-08-05T00:09:08.736+0000] {processor.py:183} INFO - Processing /home/airflow/.local/lib/python3.12/site-packages/airflow/example_dags/example_complex.py took 0.071 seconds
[2024-08-05T00:09:39.392+0000] {processor.py:161} INFO - Started process (PID=20781) to work on /home/airflow/.local/lib/python3.12/site-packages/airflow/example_dags/example_complex.py
[2024-08-05T00:09:39.393+0000] {processor.py:830} INFO - Processing file /home/airflow/.local/lib/python3.12/site-packages/airflow/example_dags/example_complex.py for tasks to queue
[2024-08-05T00:09:39.394+0000] {logging_mixin.py:188} INFO - [2024-08-05T00:09:39.394+0000] {dagbag.py:545} INFO - Filling up the DagBag from /home/airflow/.local/lib/python3.12/site-packages/airflow/example_dags/example_complex.py
[2024-08-05T00:09:39.402+0000] {processor.py:840} INFO - DAG(s) 'example_complex' retrieved from /home/airflow/.local/lib/python3.12/site-packages/airflow/example_dags/example_complex.py
[2024-08-05T00:09:39.431+0000] {logging_mixin.py:188} INFO - [2024-08-05T00:09:39.431+0000] {dag.py:3089} INFO - Sync 1 DAGs
[2024-08-05T00:09:39.442+0000] {logging_mixin.py:188} INFO - [2024-08-05T00:09:39.441+0000] {dag.py:3947} INFO - Setting next_dagrun for example_complex to None, run_after=None
[2024-08-05T00:09:39.457+0000] {processor.py:183} INFO - Processing /home/airflow/.local/lib/python3.12/site-packages/airflow/example_dags/example_complex.py took 0.070 seconds
[2024-08-05T00:10:10.050+0000] {processor.py:161} INFO - Started process (PID=21059) to work on /home/airflow/.local/lib/python3.12/site-packages/airflow/example_dags/example_complex.py
[2024-08-05T00:10:10.051+0000] {processor.py:830} INFO - Processing file /home/airflow/.local/lib/python3.12/site-packages/airflow/example_dags/example_complex.py for tasks to queue
[2024-08-05T00:10:10.052+0000] {logging_mixin.py:188} INFO - [2024-08-05T00:10:10.052+0000] {dagbag.py:545} INFO - Filling up the DagBag from /home/airflow/.local/lib/python3.12/site-packages/airflow/example_dags/example_complex.py
[2024-08-05T00:10:10.061+0000] {processor.py:840} INFO - DAG(s) 'example_complex' retrieved from /home/airflow/.local/lib/python3.12/site-packages/airflow/example_dags/example_complex.py
[2024-08-05T00:10:10.090+0000] {logging_mixin.py:188} INFO - [2024-08-05T00:10:10.089+0000] {dag.py:3089} INFO - Sync 1 DAGs
[2024-08-05T00:10:10.101+0000] {logging_mixin.py:188} INFO - [2024-08-05T00:10:10.101+0000] {dag.py:3947} INFO - Setting next_dagrun for example_complex to None, run_after=None
[2024-08-05T00:10:10.116+0000] {processor.py:183} INFO - Processing /home/airflow/.local/lib/python3.12/site-packages/airflow/example_dags/example_complex.py took 0.071 seconds
[2024-08-05T00:10:40.853+0000] {processor.py:161} INFO - Started process (PID=21334) to work on /home/airflow/.local/lib/python3.12/site-packages/airflow/example_dags/example_complex.py
[2024-08-05T00:10:40.853+0000] {processor.py:830} INFO - Processing file /home/airflow/.local/lib/python3.12/site-packages/airflow/example_dags/example_complex.py for tasks to queue
[2024-08-05T00:10:40.856+0000] {logging_mixin.py:188} INFO - [2024-08-05T00:10:40.855+0000] {dagbag.py:545} INFO - Filling up the DagBag from /home/airflow/.local/lib/python3.12/site-packages/airflow/example_dags/example_complex.py
[2024-08-05T00:10:40.864+0000] {processor.py:840} INFO - DAG(s) 'example_complex' retrieved from /home/airflow/.local/lib/python3.12/site-packages/airflow/example_dags/example_complex.py
[2024-08-05T00:10:40.895+0000] {logging_mixin.py:188} INFO - [2024-08-05T00:10:40.895+0000] {dag.py:3089} INFO - Sync 1 DAGs
[2024-08-05T00:10:40.909+0000] {logging_mixin.py:188} INFO - [2024-08-05T00:10:40.909+0000] {dag.py:3947} INFO - Setting next_dagrun for example_complex to None, run_after=None
[2024-08-05T00:10:40.928+0000] {processor.py:183} INFO - Processing /home/airflow/.local/lib/python3.12/site-packages/airflow/example_dags/example_complex.py took 0.081 seconds
[2024-08-05T00:11:11.539+0000] {processor.py:161} INFO - Started process (PID=21606) to work on /home/airflow/.local/lib/python3.12/site-packages/airflow/example_dags/example_complex.py
[2024-08-05T00:11:11.540+0000] {processor.py:830} INFO - Processing file /home/airflow/.local/lib/python3.12/site-packages/airflow/example_dags/example_complex.py for tasks to queue
[2024-08-05T00:11:11.542+0000] {logging_mixin.py:188} INFO - [2024-08-05T00:11:11.542+0000] {dagbag.py:545} INFO - Filling up the DagBag from /home/airflow/.local/lib/python3.12/site-packages/airflow/example_dags/example_complex.py
[2024-08-05T00:11:11.552+0000] {processor.py:840} INFO - DAG(s) 'example_complex' retrieved from /home/airflow/.local/lib/python3.12/site-packages/airflow/example_dags/example_complex.py
[2024-08-05T00:11:11.585+0000] {logging_mixin.py:188} INFO - [2024-08-05T00:11:11.585+0000] {dag.py:3089} INFO - Sync 1 DAGs
[2024-08-05T00:11:11.599+0000] {logging_mixin.py:188} INFO - [2024-08-05T00:11:11.599+0000] {dag.py:3947} INFO - Setting next_dagrun for example_complex to None, run_after=None
[2024-08-05T00:11:11.614+0000] {processor.py:183} INFO - Processing /home/airflow/.local/lib/python3.12/site-packages/airflow/example_dags/example_complex.py took 0.081 seconds
[2024-08-05T00:11:42.472+0000] {processor.py:161} INFO - Started process (PID=21878) to work on /home/airflow/.local/lib/python3.12/site-packages/airflow/example_dags/example_complex.py
[2024-08-05T00:11:42.473+0000] {processor.py:830} INFO - Processing file /home/airflow/.local/lib/python3.12/site-packages/airflow/example_dags/example_complex.py for tasks to queue
[2024-08-05T00:11:42.475+0000] {logging_mixin.py:188} INFO - [2024-08-05T00:11:42.474+0000] {dagbag.py:545} INFO - Filling up the DagBag from /home/airflow/.local/lib/python3.12/site-packages/airflow/example_dags/example_complex.py
[2024-08-05T00:11:42.483+0000] {processor.py:840} INFO - DAG(s) 'example_complex' retrieved from /home/airflow/.local/lib/python3.12/site-packages/airflow/example_dags/example_complex.py
[2024-08-05T00:11:42.522+0000] {logging_mixin.py:188} INFO - [2024-08-05T00:11:42.522+0000] {dag.py:3089} INFO - Sync 1 DAGs
[2024-08-05T00:11:42.534+0000] {logging_mixin.py:188} INFO - [2024-08-05T00:11:42.534+0000] {dag.py:3947} INFO - Setting next_dagrun for example_complex to None, run_after=None
[2024-08-05T00:11:42.550+0000] {processor.py:183} INFO - Processing /home/airflow/.local/lib/python3.12/site-packages/airflow/example_dags/example_complex.py took 0.084 seconds
[2024-08-05T00:12:12.752+0000] {processor.py:161} INFO - Started process (PID=22150) to work on /home/airflow/.local/lib/python3.12/site-packages/airflow/example_dags/example_complex.py
[2024-08-05T00:12:12.753+0000] {processor.py:830} INFO - Processing file /home/airflow/.local/lib/python3.12/site-packages/airflow/example_dags/example_complex.py for tasks to queue
[2024-08-05T00:12:12.755+0000] {logging_mixin.py:188} INFO - [2024-08-05T00:12:12.755+0000] {dagbag.py:545} INFO - Filling up the DagBag from /home/airflow/.local/lib/python3.12/site-packages/airflow/example_dags/example_complex.py
[2024-08-05T00:12:12.763+0000] {processor.py:840} INFO - DAG(s) 'example_complex' retrieved from /home/airflow/.local/lib/python3.12/site-packages/airflow/example_dags/example_complex.py
[2024-08-05T00:12:12.794+0000] {logging_mixin.py:188} INFO - [2024-08-05T00:12:12.794+0000] {dag.py:3089} INFO - Sync 1 DAGs
[2024-08-05T00:12:12.806+0000] {logging_mixin.py:188} INFO - [2024-08-05T00:12:12.806+0000] {dag.py:3947} INFO - Setting next_dagrun for example_complex to None, run_after=None
[2024-08-05T00:12:12.824+0000] {processor.py:183} INFO - Processing /home/airflow/.local/lib/python3.12/site-packages/airflow/example_dags/example_complex.py took 0.078 seconds
[2024-08-05T00:12:42.968+0000] {processor.py:161} INFO - Started process (PID=22422) to work on /home/airflow/.local/lib/python3.12/site-packages/airflow/example_dags/example_complex.py
[2024-08-05T00:12:42.969+0000] {processor.py:830} INFO - Processing file /home/airflow/.local/lib/python3.12/site-packages/airflow/example_dags/example_complex.py for tasks to queue
[2024-08-05T00:12:42.971+0000] {logging_mixin.py:188} INFO - [2024-08-05T00:12:42.970+0000] {dagbag.py:545} INFO - Filling up the DagBag from /home/airflow/.local/lib/python3.12/site-packages/airflow/example_dags/example_complex.py
[2024-08-05T00:12:42.979+0000] {processor.py:840} INFO - DAG(s) 'example_complex' retrieved from /home/airflow/.local/lib/python3.12/site-packages/airflow/example_dags/example_complex.py
[2024-08-05T00:12:43.012+0000] {logging_mixin.py:188} INFO - [2024-08-05T00:12:43.012+0000] {dag.py:3089} INFO - Sync 1 DAGs
[2024-08-05T00:12:43.024+0000] {logging_mixin.py:188} INFO - [2024-08-05T00:12:43.023+0000] {dag.py:3947} INFO - Setting next_dagrun for example_complex to None, run_after=None
[2024-08-05T00:12:43.040+0000] {processor.py:183} INFO - Processing /home/airflow/.local/lib/python3.12/site-packages/airflow/example_dags/example_complex.py took 0.077 seconds
[2024-08-05T00:13:13.224+0000] {processor.py:161} INFO - Started process (PID=22694) to work on /home/airflow/.local/lib/python3.12/site-packages/airflow/example_dags/example_complex.py
[2024-08-05T00:13:13.225+0000] {processor.py:830} INFO - Processing file /home/airflow/.local/lib/python3.12/site-packages/airflow/example_dags/example_complex.py for tasks to queue
[2024-08-05T00:13:13.226+0000] {logging_mixin.py:188} INFO - [2024-08-05T00:13:13.226+0000] {dagbag.py:545} INFO - Filling up the DagBag from /home/airflow/.local/lib/python3.12/site-packages/airflow/example_dags/example_complex.py
[2024-08-05T00:13:13.236+0000] {processor.py:840} INFO - DAG(s) 'example_complex' retrieved from /home/airflow/.local/lib/python3.12/site-packages/airflow/example_dags/example_complex.py
[2024-08-05T00:13:13.268+0000] {logging_mixin.py:188} INFO - [2024-08-05T00:13:13.268+0000] {dag.py:3089} INFO - Sync 1 DAGs
[2024-08-05T00:13:13.280+0000] {logging_mixin.py:188} INFO - [2024-08-05T00:13:13.280+0000] {dag.py:3947} INFO - Setting next_dagrun for example_complex to None, run_after=None
[2024-08-05T00:13:13.298+0000] {processor.py:183} INFO - Processing /home/airflow/.local/lib/python3.12/site-packages/airflow/example_dags/example_complex.py took 0.079 seconds
[2024-08-05T00:13:43.647+0000] {processor.py:161} INFO - Started process (PID=22966) to work on /home/airflow/.local/lib/python3.12/site-packages/airflow/example_dags/example_complex.py
[2024-08-05T00:13:43.648+0000] {processor.py:830} INFO - Processing file /home/airflow/.local/lib/python3.12/site-packages/airflow/example_dags/example_complex.py for tasks to queue
[2024-08-05T00:13:43.650+0000] {logging_mixin.py:188} INFO - [2024-08-05T00:13:43.650+0000] {dagbag.py:545} INFO - Filling up the DagBag from /home/airflow/.local/lib/python3.12/site-packages/airflow/example_dags/example_complex.py
[2024-08-05T00:13:43.662+0000] {processor.py:840} INFO - DAG(s) 'example_complex' retrieved from /home/airflow/.local/lib/python3.12/site-packages/airflow/example_dags/example_complex.py
[2024-08-05T00:13:43.692+0000] {logging_mixin.py:188} INFO - [2024-08-05T00:13:43.692+0000] {dag.py:3089} INFO - Sync 1 DAGs
[2024-08-05T00:13:43.705+0000] {logging_mixin.py:188} INFO - [2024-08-05T00:13:43.704+0000] {dag.py:3947} INFO - Setting next_dagrun for example_complex to None, run_after=None
[2024-08-05T00:13:43.727+0000] {processor.py:183} INFO - Processing /home/airflow/.local/lib/python3.12/site-packages/airflow/example_dags/example_complex.py took 0.084 seconds
[2024-08-05T00:14:14.150+0000] {processor.py:161} INFO - Started process (PID=23238) to work on /home/airflow/.local/lib/python3.12/site-packages/airflow/example_dags/example_complex.py
[2024-08-05T00:14:14.151+0000] {processor.py:830} INFO - Processing file /home/airflow/.local/lib/python3.12/site-packages/airflow/example_dags/example_complex.py for tasks to queue
[2024-08-05T00:14:14.152+0000] {logging_mixin.py:188} INFO - [2024-08-05T00:14:14.152+0000] {dagbag.py:545} INFO - Filling up the DagBag from /home/airflow/.local/lib/python3.12/site-packages/airflow/example_dags/example_complex.py
[2024-08-05T00:14:14.160+0000] {processor.py:840} INFO - DAG(s) 'example_complex' retrieved from /home/airflow/.local/lib/python3.12/site-packages/airflow/example_dags/example_complex.py
[2024-08-05T00:14:14.194+0000] {logging_mixin.py:188} INFO - [2024-08-05T00:14:14.193+0000] {dag.py:3089} INFO - Sync 1 DAGs
[2024-08-05T00:14:14.207+0000] {logging_mixin.py:188} INFO - [2024-08-05T00:14:14.207+0000] {dag.py:3947} INFO - Setting next_dagrun for example_complex to None, run_after=None
[2024-08-05T00:14:14.225+0000] {processor.py:183} INFO - Processing /home/airflow/.local/lib/python3.12/site-packages/airflow/example_dags/example_complex.py took 0.080 seconds
[2024-08-05T00:14:44.441+0000] {processor.py:161} INFO - Started process (PID=23510) to work on /home/airflow/.local/lib/python3.12/site-packages/airflow/example_dags/example_complex.py
[2024-08-05T00:14:44.441+0000] {processor.py:830} INFO - Processing file /home/airflow/.local/lib/python3.12/site-packages/airflow/example_dags/example_complex.py for tasks to queue
[2024-08-05T00:14:44.443+0000] {logging_mixin.py:188} INFO - [2024-08-05T00:14:44.442+0000] {dagbag.py:545} INFO - Filling up the DagBag from /home/airflow/.local/lib/python3.12/site-packages/airflow/example_dags/example_complex.py
[2024-08-05T00:14:44.452+0000] {processor.py:840} INFO - DAG(s) 'example_complex' retrieved from /home/airflow/.local/lib/python3.12/site-packages/airflow/example_dags/example_complex.py
[2024-08-05T00:14:44.487+0000] {logging_mixin.py:188} INFO - [2024-08-05T00:14:44.487+0000] {dag.py:3089} INFO - Sync 1 DAGs
[2024-08-05T00:14:44.499+0000] {logging_mixin.py:188} INFO - [2024-08-05T00:14:44.499+0000] {dag.py:3947} INFO - Setting next_dagrun for example_complex to None, run_after=None
[2024-08-05T00:14:44.518+0000] {processor.py:183} INFO - Processing /home/airflow/.local/lib/python3.12/site-packages/airflow/example_dags/example_complex.py took 0.082 seconds
[2024-08-05T00:15:14.612+0000] {processor.py:161} INFO - Started process (PID=23782) to work on /home/airflow/.local/lib/python3.12/site-packages/airflow/example_dags/example_complex.py
[2024-08-05T00:15:14.614+0000] {processor.py:830} INFO - Processing file /home/airflow/.local/lib/python3.12/site-packages/airflow/example_dags/example_complex.py for tasks to queue
[2024-08-05T00:15:14.615+0000] {logging_mixin.py:188} INFO - [2024-08-05T00:15:14.615+0000] {dagbag.py:545} INFO - Filling up the DagBag from /home/airflow/.local/lib/python3.12/site-packages/airflow/example_dags/example_complex.py
[2024-08-05T00:15:14.627+0000] {processor.py:840} INFO - DAG(s) 'example_complex' retrieved from /home/airflow/.local/lib/python3.12/site-packages/airflow/example_dags/example_complex.py
[2024-08-05T00:15:14.658+0000] {logging_mixin.py:188} INFO - [2024-08-05T00:15:14.658+0000] {dag.py:3089} INFO - Sync 1 DAGs
[2024-08-05T00:15:14.673+0000] {logging_mixin.py:188} INFO - [2024-08-05T00:15:14.672+0000] {dag.py:3947} INFO - Setting next_dagrun for example_complex to None, run_after=None
[2024-08-05T00:15:14.689+0000] {processor.py:183} INFO - Processing /home/airflow/.local/lib/python3.12/site-packages/airflow/example_dags/example_complex.py took 0.082 seconds
[2024-08-05T00:15:44.855+0000] {processor.py:161} INFO - Started process (PID=24054) to work on /home/airflow/.local/lib/python3.12/site-packages/airflow/example_dags/example_complex.py
[2024-08-05T00:15:44.856+0000] {processor.py:830} INFO - Processing file /home/airflow/.local/lib/python3.12/site-packages/airflow/example_dags/example_complex.py for tasks to queue
[2024-08-05T00:15:44.857+0000] {logging_mixin.py:188} INFO - [2024-08-05T00:15:44.857+0000] {dagbag.py:545} INFO - Filling up the DagBag from /home/airflow/.local/lib/python3.12/site-packages/airflow/example_dags/example_complex.py
[2024-08-05T00:15:44.866+0000] {processor.py:840} INFO - DAG(s) 'example_complex' retrieved from /home/airflow/.local/lib/python3.12/site-packages/airflow/example_dags/example_complex.py
[2024-08-05T00:15:44.899+0000] {logging_mixin.py:188} INFO - [2024-08-05T00:15:44.899+0000] {dag.py:3089} INFO - Sync 1 DAGs
[2024-08-05T00:15:44.908+0000] {logging_mixin.py:188} INFO - [2024-08-05T00:15:44.908+0000] {dag.py:3947} INFO - Setting next_dagrun for example_complex to None, run_after=None
[2024-08-05T00:15:44.926+0000] {processor.py:183} INFO - Processing /home/airflow/.local/lib/python3.12/site-packages/airflow/example_dags/example_complex.py took 0.076 seconds
[2024-08-05T00:16:15.430+0000] {processor.py:161} INFO - Started process (PID=24326) to work on /home/airflow/.local/lib/python3.12/site-packages/airflow/example_dags/example_complex.py
[2024-08-05T00:16:15.431+0000] {processor.py:830} INFO - Processing file /home/airflow/.local/lib/python3.12/site-packages/airflow/example_dags/example_complex.py for tasks to queue
[2024-08-05T00:16:15.433+0000] {logging_mixin.py:188} INFO - [2024-08-05T00:16:15.432+0000] {dagbag.py:545} INFO - Filling up the DagBag from /home/airflow/.local/lib/python3.12/site-packages/airflow/example_dags/example_complex.py
[2024-08-05T00:16:15.442+0000] {processor.py:840} INFO - DAG(s) 'example_complex' retrieved from /home/airflow/.local/lib/python3.12/site-packages/airflow/example_dags/example_complex.py
[2024-08-05T00:16:15.478+0000] {logging_mixin.py:188} INFO - [2024-08-05T00:16:15.477+0000] {dag.py:3089} INFO - Sync 1 DAGs
[2024-08-05T00:16:15.490+0000] {logging_mixin.py:188} INFO - [2024-08-05T00:16:15.490+0000] {dag.py:3947} INFO - Setting next_dagrun for example_complex to None, run_after=None
[2024-08-05T00:16:15.507+0000] {processor.py:183} INFO - Processing /home/airflow/.local/lib/python3.12/site-packages/airflow/example_dags/example_complex.py took 0.083 seconds
[2024-08-05T00:16:45.752+0000] {processor.py:161} INFO - Started process (PID=24598) to work on /home/airflow/.local/lib/python3.12/site-packages/airflow/example_dags/example_complex.py
[2024-08-05T00:16:45.753+0000] {processor.py:830} INFO - Processing file /home/airflow/.local/lib/python3.12/site-packages/airflow/example_dags/example_complex.py for tasks to queue
[2024-08-05T00:16:45.754+0000] {logging_mixin.py:188} INFO - [2024-08-05T00:16:45.754+0000] {dagbag.py:545} INFO - Filling up the DagBag from /home/airflow/.local/lib/python3.12/site-packages/airflow/example_dags/example_complex.py
[2024-08-05T00:16:45.764+0000] {processor.py:840} INFO - DAG(s) 'example_complex' retrieved from /home/airflow/.local/lib/python3.12/site-packages/airflow/example_dags/example_complex.py
[2024-08-05T00:16:45.797+0000] {logging_mixin.py:188} INFO - [2024-08-05T00:16:45.797+0000] {dag.py:3089} INFO - Sync 1 DAGs
[2024-08-05T00:16:45.811+0000] {logging_mixin.py:188} INFO - [2024-08-05T00:16:45.810+0000] {dag.py:3947} INFO - Setting next_dagrun for example_complex to None, run_after=None
[2024-08-05T00:16:45.830+0000] {processor.py:183} INFO - Processing /home/airflow/.local/lib/python3.12/site-packages/airflow/example_dags/example_complex.py took 0.084 seconds
[2024-08-05T00:17:16.071+0000] {processor.py:161} INFO - Started process (PID=24870) to work on /home/airflow/.local/lib/python3.12/site-packages/airflow/example_dags/example_complex.py
[2024-08-05T00:17:16.072+0000] {processor.py:830} INFO - Processing file /home/airflow/.local/lib/python3.12/site-packages/airflow/example_dags/example_complex.py for tasks to queue
[2024-08-05T00:17:16.074+0000] {logging_mixin.py:188} INFO - [2024-08-05T00:17:16.073+0000] {dagbag.py:545} INFO - Filling up the DagBag from /home/airflow/.local/lib/python3.12/site-packages/airflow/example_dags/example_complex.py
[2024-08-05T00:17:16.084+0000] {processor.py:840} INFO - DAG(s) 'example_complex' retrieved from /home/airflow/.local/lib/python3.12/site-packages/airflow/example_dags/example_complex.py
[2024-08-05T00:17:16.119+0000] {logging_mixin.py:188} INFO - [2024-08-05T00:17:16.119+0000] {dag.py:3089} INFO - Sync 1 DAGs
[2024-08-05T00:17:16.131+0000] {logging_mixin.py:188} INFO - [2024-08-05T00:17:16.131+0000] {dag.py:3947} INFO - Setting next_dagrun for example_complex to None, run_after=None
[2024-08-05T00:17:16.150+0000] {processor.py:183} INFO - Processing /home/airflow/.local/lib/python3.12/site-packages/airflow/example_dags/example_complex.py took 0.083 seconds
[2024-08-05T00:17:46.388+0000] {processor.py:161} INFO - Started process (PID=25142) to work on /home/airflow/.local/lib/python3.12/site-packages/airflow/example_dags/example_complex.py
[2024-08-05T00:17:46.389+0000] {processor.py:830} INFO - Processing file /home/airflow/.local/lib/python3.12/site-packages/airflow/example_dags/example_complex.py for tasks to queue
[2024-08-05T00:17:46.390+0000] {logging_mixin.py:188} INFO - [2024-08-05T00:17:46.390+0000] {dagbag.py:545} INFO - Filling up the DagBag from /home/airflow/.local/lib/python3.12/site-packages/airflow/example_dags/example_complex.py
[2024-08-05T00:17:46.399+0000] {processor.py:840} INFO - DAG(s) 'example_complex' retrieved from /home/airflow/.local/lib/python3.12/site-packages/airflow/example_dags/example_complex.py
[2024-08-05T00:17:46.432+0000] {logging_mixin.py:188} INFO - [2024-08-05T00:17:46.431+0000] {dag.py:3089} INFO - Sync 1 DAGs
[2024-08-05T00:17:46.443+0000] {logging_mixin.py:188} INFO - [2024-08-05T00:17:46.443+0000] {dag.py:3947} INFO - Setting next_dagrun for example_complex to None, run_after=None
[2024-08-05T00:17:46.460+0000] {processor.py:183} INFO - Processing /home/airflow/.local/lib/python3.12/site-packages/airflow/example_dags/example_complex.py took 0.077 seconds
[2024-08-05T00:18:16.699+0000] {processor.py:161} INFO - Started process (PID=25414) to work on /home/airflow/.local/lib/python3.12/site-packages/airflow/example_dags/example_complex.py
[2024-08-05T00:18:16.700+0000] {processor.py:830} INFO - Processing file /home/airflow/.local/lib/python3.12/site-packages/airflow/example_dags/example_complex.py for tasks to queue
[2024-08-05T00:18:16.702+0000] {logging_mixin.py:188} INFO - [2024-08-05T00:18:16.702+0000] {dagbag.py:545} INFO - Filling up the DagBag from /home/airflow/.local/lib/python3.12/site-packages/airflow/example_dags/example_complex.py
[2024-08-05T00:18:16.715+0000] {processor.py:840} INFO - DAG(s) 'example_complex' retrieved from /home/airflow/.local/lib/python3.12/site-packages/airflow/example_dags/example_complex.py
[2024-08-05T00:18:16.746+0000] {logging_mixin.py:188} INFO - [2024-08-05T00:18:16.746+0000] {dag.py:3089} INFO - Sync 1 DAGs
[2024-08-05T00:18:16.757+0000] {logging_mixin.py:188} INFO - [2024-08-05T00:18:16.757+0000] {dag.py:3947} INFO - Setting next_dagrun for example_complex to None, run_after=None
[2024-08-05T00:18:16.775+0000] {processor.py:183} INFO - Processing /home/airflow/.local/lib/python3.12/site-packages/airflow/example_dags/example_complex.py took 0.082 seconds
[2024-08-05T00:18:46.840+0000] {processor.py:161} INFO - Started process (PID=25686) to work on /home/airflow/.local/lib/python3.12/site-packages/airflow/example_dags/example_complex.py
[2024-08-05T00:18:46.842+0000] {processor.py:830} INFO - Processing file /home/airflow/.local/lib/python3.12/site-packages/airflow/example_dags/example_complex.py for tasks to queue
[2024-08-05T00:18:46.844+0000] {logging_mixin.py:188} INFO - [2024-08-05T00:18:46.843+0000] {dagbag.py:545} INFO - Filling up the DagBag from /home/airflow/.local/lib/python3.12/site-packages/airflow/example_dags/example_complex.py
[2024-08-05T00:18:46.853+0000] {processor.py:840} INFO - DAG(s) 'example_complex' retrieved from /home/airflow/.local/lib/python3.12/site-packages/airflow/example_dags/example_complex.py
[2024-08-05T00:18:46.886+0000] {logging_mixin.py:188} INFO - [2024-08-05T00:18:46.886+0000] {dag.py:3089} INFO - Sync 1 DAGs
[2024-08-05T00:18:46.899+0000] {logging_mixin.py:188} INFO - [2024-08-05T00:18:46.898+0000] {dag.py:3947} INFO - Setting next_dagrun for example_complex to None, run_after=None
[2024-08-05T00:18:46.916+0000] {processor.py:183} INFO - Processing /home/airflow/.local/lib/python3.12/site-packages/airflow/example_dags/example_complex.py took 0.081 seconds
[2024-08-05T00:19:17.125+0000] {processor.py:161} INFO - Started process (PID=25958) to work on /home/airflow/.local/lib/python3.12/site-packages/airflow/example_dags/example_complex.py
[2024-08-05T00:19:17.126+0000] {processor.py:830} INFO - Processing file /home/airflow/.local/lib/python3.12/site-packages/airflow/example_dags/example_complex.py for tasks to queue
[2024-08-05T00:19:17.128+0000] {logging_mixin.py:188} INFO - [2024-08-05T00:19:17.128+0000] {dagbag.py:545} INFO - Filling up the DagBag from /home/airflow/.local/lib/python3.12/site-packages/airflow/example_dags/example_complex.py
[2024-08-05T00:19:17.137+0000] {processor.py:840} INFO - DAG(s) 'example_complex' retrieved from /home/airflow/.local/lib/python3.12/site-packages/airflow/example_dags/example_complex.py
[2024-08-05T00:19:17.170+0000] {logging_mixin.py:188} INFO - [2024-08-05T00:19:17.169+0000] {dag.py:3089} INFO - Sync 1 DAGs
[2024-08-05T00:19:17.184+0000] {logging_mixin.py:188} INFO - [2024-08-05T00:19:17.184+0000] {dag.py:3947} INFO - Setting next_dagrun for example_complex to None, run_after=None
[2024-08-05T00:19:17.202+0000] {processor.py:183} INFO - Processing /home/airflow/.local/lib/python3.12/site-packages/airflow/example_dags/example_complex.py took 0.082 seconds
[2024-08-05T00:19:47.333+0000] {processor.py:161} INFO - Started process (PID=26230) to work on /home/airflow/.local/lib/python3.12/site-packages/airflow/example_dags/example_complex.py
[2024-08-05T00:19:47.334+0000] {processor.py:830} INFO - Processing file /home/airflow/.local/lib/python3.12/site-packages/airflow/example_dags/example_complex.py for tasks to queue
[2024-08-05T00:19:47.335+0000] {logging_mixin.py:188} INFO - [2024-08-05T00:19:47.335+0000] {dagbag.py:545} INFO - Filling up the DagBag from /home/airflow/.local/lib/python3.12/site-packages/airflow/example_dags/example_complex.py
[2024-08-05T00:19:47.345+0000] {processor.py:840} INFO - DAG(s) 'example_complex' retrieved from /home/airflow/.local/lib/python3.12/site-packages/airflow/example_dags/example_complex.py
[2024-08-05T00:19:47.376+0000] {logging_mixin.py:188} INFO - [2024-08-05T00:19:47.376+0000] {dag.py:3089} INFO - Sync 1 DAGs
[2024-08-05T00:19:47.387+0000] {logging_mixin.py:188} INFO - [2024-08-05T00:19:47.387+0000] {dag.py:3947} INFO - Setting next_dagrun for example_complex to None, run_after=None
[2024-08-05T00:19:47.403+0000] {processor.py:183} INFO - Processing /home/airflow/.local/lib/python3.12/site-packages/airflow/example_dags/example_complex.py took 0.076 seconds
[2024-08-05T00:20:17.589+0000] {processor.py:161} INFO - Started process (PID=26511) to work on /home/airflow/.local/lib/python3.12/site-packages/airflow/example_dags/example_complex.py
[2024-08-05T00:20:17.590+0000] {processor.py:830} INFO - Processing file /home/airflow/.local/lib/python3.12/site-packages/airflow/example_dags/example_complex.py for tasks to queue
[2024-08-05T00:20:17.591+0000] {logging_mixin.py:188} INFO - [2024-08-05T00:20:17.591+0000] {dagbag.py:545} INFO - Filling up the DagBag from /home/airflow/.local/lib/python3.12/site-packages/airflow/example_dags/example_complex.py
[2024-08-05T00:20:17.600+0000] {processor.py:840} INFO - DAG(s) 'example_complex' retrieved from /home/airflow/.local/lib/python3.12/site-packages/airflow/example_dags/example_complex.py
[2024-08-05T00:20:17.633+0000] {logging_mixin.py:188} INFO - [2024-08-05T00:20:17.632+0000] {dag.py:3089} INFO - Sync 1 DAGs
[2024-08-05T00:20:17.645+0000] {logging_mixin.py:188} INFO - [2024-08-05T00:20:17.645+0000] {dag.py:3947} INFO - Setting next_dagrun for example_complex to None, run_after=None
[2024-08-05T00:20:17.663+0000] {processor.py:183} INFO - Processing /home/airflow/.local/lib/python3.12/site-packages/airflow/example_dags/example_complex.py took 0.080 seconds
[2024-08-05T00:20:48.132+0000] {processor.py:161} INFO - Started process (PID=26783) to work on /home/airflow/.local/lib/python3.12/site-packages/airflow/example_dags/example_complex.py
[2024-08-05T00:20:48.133+0000] {processor.py:830} INFO - Processing file /home/airflow/.local/lib/python3.12/site-packages/airflow/example_dags/example_complex.py for tasks to queue
[2024-08-05T00:20:48.134+0000] {logging_mixin.py:188} INFO - [2024-08-05T00:20:48.134+0000] {dagbag.py:545} INFO - Filling up the DagBag from /home/airflow/.local/lib/python3.12/site-packages/airflow/example_dags/example_complex.py
[2024-08-05T00:20:48.144+0000] {processor.py:840} INFO - DAG(s) 'example_complex' retrieved from /home/airflow/.local/lib/python3.12/site-packages/airflow/example_dags/example_complex.py
[2024-08-05T00:20:48.176+0000] {logging_mixin.py:188} INFO - [2024-08-05T00:20:48.176+0000] {dag.py:3089} INFO - Sync 1 DAGs
[2024-08-05T00:20:48.189+0000] {logging_mixin.py:188} INFO - [2024-08-05T00:20:48.189+0000] {dag.py:3947} INFO - Setting next_dagrun for example_complex to None, run_after=None
[2024-08-05T00:20:48.206+0000] {processor.py:183} INFO - Processing /home/airflow/.local/lib/python3.12/site-packages/airflow/example_dags/example_complex.py took 0.079 seconds
[2024-08-05T00:21:18.666+0000] {processor.py:161} INFO - Started process (PID=27055) to work on /home/airflow/.local/lib/python3.12/site-packages/airflow/example_dags/example_complex.py
[2024-08-05T00:21:18.667+0000] {processor.py:830} INFO - Processing file /home/airflow/.local/lib/python3.12/site-packages/airflow/example_dags/example_complex.py for tasks to queue
[2024-08-05T00:21:18.668+0000] {logging_mixin.py:188} INFO - [2024-08-05T00:21:18.668+0000] {dagbag.py:545} INFO - Filling up the DagBag from /home/airflow/.local/lib/python3.12/site-packages/airflow/example_dags/example_complex.py
[2024-08-05T00:21:18.678+0000] {processor.py:840} INFO - DAG(s) 'example_complex' retrieved from /home/airflow/.local/lib/python3.12/site-packages/airflow/example_dags/example_complex.py
[2024-08-05T00:21:18.712+0000] {logging_mixin.py:188} INFO - [2024-08-05T00:21:18.712+0000] {dag.py:3089} INFO - Sync 1 DAGs
[2024-08-05T00:21:18.724+0000] {logging_mixin.py:188} INFO - [2024-08-05T00:21:18.724+0000] {dag.py:3947} INFO - Setting next_dagrun for example_complex to None, run_after=None
[2024-08-05T00:21:18.742+0000] {processor.py:183} INFO - Processing /home/airflow/.local/lib/python3.12/site-packages/airflow/example_dags/example_complex.py took 0.081 seconds
[2024-08-05T00:21:49.158+0000] {processor.py:161} INFO - Started process (PID=27327) to work on /home/airflow/.local/lib/python3.12/site-packages/airflow/example_dags/example_complex.py
[2024-08-05T00:21:49.159+0000] {processor.py:830} INFO - Processing file /home/airflow/.local/lib/python3.12/site-packages/airflow/example_dags/example_complex.py for tasks to queue
[2024-08-05T00:21:49.161+0000] {logging_mixin.py:188} INFO - [2024-08-05T00:21:49.160+0000] {dagbag.py:545} INFO - Filling up the DagBag from /home/airflow/.local/lib/python3.12/site-packages/airflow/example_dags/example_complex.py
[2024-08-05T00:21:49.170+0000] {processor.py:840} INFO - DAG(s) 'example_complex' retrieved from /home/airflow/.local/lib/python3.12/site-packages/airflow/example_dags/example_complex.py
[2024-08-05T00:21:49.203+0000] {logging_mixin.py:188} INFO - [2024-08-05T00:21:49.203+0000] {dag.py:3089} INFO - Sync 1 DAGs
[2024-08-05T00:21:49.215+0000] {logging_mixin.py:188} INFO - [2024-08-05T00:21:49.215+0000] {dag.py:3947} INFO - Setting next_dagrun for example_complex to None, run_after=None
[2024-08-05T00:21:49.232+0000] {processor.py:183} INFO - Processing /home/airflow/.local/lib/python3.12/site-packages/airflow/example_dags/example_complex.py took 0.079 seconds
[2024-08-05T00:22:19.613+0000] {processor.py:161} INFO - Started process (PID=27599) to work on /home/airflow/.local/lib/python3.12/site-packages/airflow/example_dags/example_complex.py
[2024-08-05T00:22:19.614+0000] {processor.py:830} INFO - Processing file /home/airflow/.local/lib/python3.12/site-packages/airflow/example_dags/example_complex.py for tasks to queue
[2024-08-05T00:22:19.615+0000] {logging_mixin.py:188} INFO - [2024-08-05T00:22:19.615+0000] {dagbag.py:545} INFO - Filling up the DagBag from /home/airflow/.local/lib/python3.12/site-packages/airflow/example_dags/example_complex.py
[2024-08-05T00:22:19.625+0000] {processor.py:840} INFO - DAG(s) 'example_complex' retrieved from /home/airflow/.local/lib/python3.12/site-packages/airflow/example_dags/example_complex.py
[2024-08-05T00:22:19.656+0000] {logging_mixin.py:188} INFO - [2024-08-05T00:22:19.656+0000] {dag.py:3089} INFO - Sync 1 DAGs
[2024-08-05T00:22:19.669+0000] {logging_mixin.py:188} INFO - [2024-08-05T00:22:19.669+0000] {dag.py:3947} INFO - Setting next_dagrun for example_complex to None, run_after=None
[2024-08-05T00:22:19.694+0000] {processor.py:183} INFO - Processing /home/airflow/.local/lib/python3.12/site-packages/airflow/example_dags/example_complex.py took 0.086 seconds
[2024-08-05T00:22:49.769+0000] {processor.py:161} INFO - Started process (PID=27871) to work on /home/airflow/.local/lib/python3.12/site-packages/airflow/example_dags/example_complex.py
[2024-08-05T00:22:49.770+0000] {processor.py:830} INFO - Processing file /home/airflow/.local/lib/python3.12/site-packages/airflow/example_dags/example_complex.py for tasks to queue
[2024-08-05T00:22:49.771+0000] {logging_mixin.py:188} INFO - [2024-08-05T00:22:49.771+0000] {dagbag.py:545} INFO - Filling up the DagBag from /home/airflow/.local/lib/python3.12/site-packages/airflow/example_dags/example_complex.py
[2024-08-05T00:22:49.779+0000] {processor.py:840} INFO - DAG(s) 'example_complex' retrieved from /home/airflow/.local/lib/python3.12/site-packages/airflow/example_dags/example_complex.py
[2024-08-05T00:22:49.812+0000] {logging_mixin.py:188} INFO - [2024-08-05T00:22:49.812+0000] {dag.py:3089} INFO - Sync 1 DAGs
[2024-08-05T00:22:49.826+0000] {logging_mixin.py:188} INFO - [2024-08-05T00:22:49.826+0000] {dag.py:3947} INFO - Setting next_dagrun for example_complex to None, run_after=None
[2024-08-05T00:22:49.974+0000] {processor.py:183} INFO - Processing /home/airflow/.local/lib/python3.12/site-packages/airflow/example_dags/example_complex.py took 0.211 seconds
[2024-08-05T00:23:20.325+0000] {processor.py:161} INFO - Started process (PID=28143) to work on /home/airflow/.local/lib/python3.12/site-packages/airflow/example_dags/example_complex.py
[2024-08-05T00:23:20.326+0000] {processor.py:830} INFO - Processing file /home/airflow/.local/lib/python3.12/site-packages/airflow/example_dags/example_complex.py for tasks to queue
[2024-08-05T00:23:20.327+0000] {logging_mixin.py:188} INFO - [2024-08-05T00:23:20.327+0000] {dagbag.py:545} INFO - Filling up the DagBag from /home/airflow/.local/lib/python3.12/site-packages/airflow/example_dags/example_complex.py
[2024-08-05T00:23:20.337+0000] {processor.py:840} INFO - DAG(s) 'example_complex' retrieved from /home/airflow/.local/lib/python3.12/site-packages/airflow/example_dags/example_complex.py
[2024-08-05T00:23:20.373+0000] {logging_mixin.py:188} INFO - [2024-08-05T00:23:20.372+0000] {dag.py:3089} INFO - Sync 1 DAGs
[2024-08-05T00:23:20.385+0000] {logging_mixin.py:188} INFO - [2024-08-05T00:23:20.384+0000] {dag.py:3947} INFO - Setting next_dagrun for example_complex to None, run_after=None
[2024-08-05T00:23:20.405+0000] {processor.py:183} INFO - Processing /home/airflow/.local/lib/python3.12/site-packages/airflow/example_dags/example_complex.py took 0.086 seconds
[2024-08-05T00:23:50.761+0000] {processor.py:161} INFO - Started process (PID=28415) to work on /home/airflow/.local/lib/python3.12/site-packages/airflow/example_dags/example_complex.py
[2024-08-05T00:23:50.762+0000] {processor.py:830} INFO - Processing file /home/airflow/.local/lib/python3.12/site-packages/airflow/example_dags/example_complex.py for tasks to queue
[2024-08-05T00:23:50.763+0000] {logging_mixin.py:188} INFO - [2024-08-05T00:23:50.763+0000] {dagbag.py:545} INFO - Filling up the DagBag from /home/airflow/.local/lib/python3.12/site-packages/airflow/example_dags/example_complex.py
[2024-08-05T00:23:50.772+0000] {processor.py:840} INFO - DAG(s) 'example_complex' retrieved from /home/airflow/.local/lib/python3.12/site-packages/airflow/example_dags/example_complex.py
[2024-08-05T00:23:50.803+0000] {logging_mixin.py:188} INFO - [2024-08-05T00:23:50.803+0000] {dag.py:3089} INFO - Sync 1 DAGs
[2024-08-05T00:23:50.815+0000] {logging_mixin.py:188} INFO - [2024-08-05T00:23:50.815+0000] {dag.py:3947} INFO - Setting next_dagrun for example_complex to None, run_after=None
[2024-08-05T00:23:50.830+0000] {processor.py:183} INFO - Processing /home/airflow/.local/lib/python3.12/site-packages/airflow/example_dags/example_complex.py took 0.075 seconds
[2024-08-05T00:24:21.354+0000] {processor.py:161} INFO - Started process (PID=28687) to work on /home/airflow/.local/lib/python3.12/site-packages/airflow/example_dags/example_complex.py
[2024-08-05T00:24:21.354+0000] {processor.py:830} INFO - Processing file /home/airflow/.local/lib/python3.12/site-packages/airflow/example_dags/example_complex.py for tasks to queue
[2024-08-05T00:24:21.356+0000] {logging_mixin.py:188} INFO - [2024-08-05T00:24:21.355+0000] {dagbag.py:545} INFO - Filling up the DagBag from /home/airflow/.local/lib/python3.12/site-packages/airflow/example_dags/example_complex.py
[2024-08-05T00:24:21.363+0000] {processor.py:840} INFO - DAG(s) 'example_complex' retrieved from /home/airflow/.local/lib/python3.12/site-packages/airflow/example_dags/example_complex.py
[2024-08-05T00:24:21.389+0000] {logging_mixin.py:188} INFO - [2024-08-05T00:24:21.389+0000] {dag.py:3089} INFO - Sync 1 DAGs
[2024-08-05T00:24:21.398+0000] {logging_mixin.py:188} INFO - [2024-08-05T00:24:21.398+0000] {dag.py:3947} INFO - Setting next_dagrun for example_complex to None, run_after=None
[2024-08-05T00:24:21.411+0000] {processor.py:183} INFO - Processing /home/airflow/.local/lib/python3.12/site-packages/airflow/example_dags/example_complex.py took 0.062 seconds
[2024-08-05T00:24:51.969+0000] {processor.py:161} INFO - Started process (PID=28959) to work on /home/airflow/.local/lib/python3.12/site-packages/airflow/example_dags/example_complex.py
[2024-08-05T00:24:51.970+0000] {processor.py:830} INFO - Processing file /home/airflow/.local/lib/python3.12/site-packages/airflow/example_dags/example_complex.py for tasks to queue
[2024-08-05T00:24:51.971+0000] {logging_mixin.py:188} INFO - [2024-08-05T00:24:51.971+0000] {dagbag.py:545} INFO - Filling up the DagBag from /home/airflow/.local/lib/python3.12/site-packages/airflow/example_dags/example_complex.py
[2024-08-05T00:24:51.979+0000] {processor.py:840} INFO - DAG(s) 'example_complex' retrieved from /home/airflow/.local/lib/python3.12/site-packages/airflow/example_dags/example_complex.py
[2024-08-05T00:24:52.005+0000] {logging_mixin.py:188} INFO - [2024-08-05T00:24:52.005+0000] {dag.py:3089} INFO - Sync 1 DAGs
[2024-08-05T00:24:52.014+0000] {logging_mixin.py:188} INFO - [2024-08-05T00:24:52.014+0000] {dag.py:3947} INFO - Setting next_dagrun for example_complex to None, run_after=None
[2024-08-05T00:24:52.028+0000] {processor.py:183} INFO - Processing /home/airflow/.local/lib/python3.12/site-packages/airflow/example_dags/example_complex.py took 0.063 seconds
