[2024-08-05T00:00:03.170+0000] {processor.py:161} INFO - Started process (PID=15667) to work on /home/airflow/.local/lib/python3.12/site-packages/airflow/example_dags/example_local_kubernetes_executor.py
[2024-08-05T00:00:03.171+0000] {processor.py:830} INFO - Processing file /home/airflow/.local/lib/python3.12/site-packages/airflow/example_dags/example_local_kubernetes_executor.py for tasks to queue
[2024-08-05T00:00:03.172+0000] {logging_mixin.py:188} INFO - [2024-08-05T00:00:03.172+0000] {dagbag.py:545} INFO - Filling up the DagBag from /home/airflow/.local/lib/python3.12/site-packages/airflow/example_dags/example_local_kubernetes_executor.py
[2024-08-05T00:00:03.178+0000] {processor.py:840} INFO - DAG(s) 'example_local_kubernetes_executor' retrieved from /home/airflow/.local/lib/python3.12/site-packages/airflow/example_dags/example_local_kubernetes_executor.py
[2024-08-05T00:00:03.208+0000] {logging_mixin.py:188} INFO - [2024-08-05T00:00:03.208+0000] {dag.py:3089} INFO - Sync 1 DAGs
[2024-08-05T00:00:03.219+0000] {logging_mixin.py:188} INFO - [2024-08-05T00:00:03.218+0000] {dag.py:3947} INFO - Setting next_dagrun for example_local_kubernetes_executor to None, run_after=None
[2024-08-05T00:00:03.235+0000] {processor.py:183} INFO - Processing /home/airflow/.local/lib/python3.12/site-packages/airflow/example_dags/example_local_kubernetes_executor.py took 0.070 seconds
[2024-08-05T00:00:34.006+0000] {processor.py:161} INFO - Started process (PID=15943) to work on /home/airflow/.local/lib/python3.12/site-packages/airflow/example_dags/example_local_kubernetes_executor.py
[2024-08-05T00:00:34.007+0000] {processor.py:830} INFO - Processing file /home/airflow/.local/lib/python3.12/site-packages/airflow/example_dags/example_local_kubernetes_executor.py for tasks to queue
[2024-08-05T00:00:34.008+0000] {logging_mixin.py:188} INFO - [2024-08-05T00:00:34.008+0000] {dagbag.py:545} INFO - Filling up the DagBag from /home/airflow/.local/lib/python3.12/site-packages/airflow/example_dags/example_local_kubernetes_executor.py
[2024-08-05T00:00:34.014+0000] {processor.py:840} INFO - DAG(s) 'example_local_kubernetes_executor' retrieved from /home/airflow/.local/lib/python3.12/site-packages/airflow/example_dags/example_local_kubernetes_executor.py
[2024-08-05T00:00:34.044+0000] {logging_mixin.py:188} INFO - [2024-08-05T00:00:34.043+0000] {dag.py:3089} INFO - Sync 1 DAGs
[2024-08-05T00:00:34.055+0000] {logging_mixin.py:188} INFO - [2024-08-05T00:00:34.054+0000] {dag.py:3947} INFO - Setting next_dagrun for example_local_kubernetes_executor to None, run_after=None
[2024-08-05T00:00:34.072+0000] {processor.py:183} INFO - Processing /home/airflow/.local/lib/python3.12/site-packages/airflow/example_dags/example_local_kubernetes_executor.py took 0.071 seconds
[2024-08-05T00:01:04.896+0000] {processor.py:161} INFO - Started process (PID=16213) to work on /home/airflow/.local/lib/python3.12/site-packages/airflow/example_dags/example_local_kubernetes_executor.py
[2024-08-05T00:01:04.898+0000] {processor.py:830} INFO - Processing file /home/airflow/.local/lib/python3.12/site-packages/airflow/example_dags/example_local_kubernetes_executor.py for tasks to queue
[2024-08-05T00:01:04.900+0000] {logging_mixin.py:188} INFO - [2024-08-05T00:01:04.899+0000] {dagbag.py:545} INFO - Filling up the DagBag from /home/airflow/.local/lib/python3.12/site-packages/airflow/example_dags/example_local_kubernetes_executor.py
[2024-08-05T00:01:04.910+0000] {processor.py:840} INFO - DAG(s) 'example_local_kubernetes_executor' retrieved from /home/airflow/.local/lib/python3.12/site-packages/airflow/example_dags/example_local_kubernetes_executor.py
[2024-08-05T00:01:04.950+0000] {logging_mixin.py:188} INFO - [2024-08-05T00:01:04.950+0000] {dag.py:3089} INFO - Sync 1 DAGs
[2024-08-05T00:01:04.963+0000] {logging_mixin.py:188} INFO - [2024-08-05T00:01:04.963+0000] {dag.py:3947} INFO - Setting next_dagrun for example_local_kubernetes_executor to None, run_after=None
[2024-08-05T00:01:04.982+0000] {processor.py:183} INFO - Processing /home/airflow/.local/lib/python3.12/site-packages/airflow/example_dags/example_local_kubernetes_executor.py took 0.092 seconds
[2024-08-05T00:01:35.262+0000] {processor.py:161} INFO - Started process (PID=16487) to work on /home/airflow/.local/lib/python3.12/site-packages/airflow/example_dags/example_local_kubernetes_executor.py
[2024-08-05T00:01:35.263+0000] {processor.py:830} INFO - Processing file /home/airflow/.local/lib/python3.12/site-packages/airflow/example_dags/example_local_kubernetes_executor.py for tasks to queue
[2024-08-05T00:01:35.264+0000] {logging_mixin.py:188} INFO - [2024-08-05T00:01:35.264+0000] {dagbag.py:545} INFO - Filling up the DagBag from /home/airflow/.local/lib/python3.12/site-packages/airflow/example_dags/example_local_kubernetes_executor.py
[2024-08-05T00:01:35.271+0000] {processor.py:840} INFO - DAG(s) 'example_local_kubernetes_executor' retrieved from /home/airflow/.local/lib/python3.12/site-packages/airflow/example_dags/example_local_kubernetes_executor.py
[2024-08-05T00:01:35.302+0000] {logging_mixin.py:188} INFO - [2024-08-05T00:01:35.301+0000] {dag.py:3089} INFO - Sync 1 DAGs
[2024-08-05T00:01:35.314+0000] {logging_mixin.py:188} INFO - [2024-08-05T00:01:35.313+0000] {dag.py:3947} INFO - Setting next_dagrun for example_local_kubernetes_executor to None, run_after=None
[2024-08-05T00:01:35.330+0000] {processor.py:183} INFO - Processing /home/airflow/.local/lib/python3.12/site-packages/airflow/example_dags/example_local_kubernetes_executor.py took 0.072 seconds
[2024-08-05T00:02:05.417+0000] {processor.py:161} INFO - Started process (PID=16759) to work on /home/airflow/.local/lib/python3.12/site-packages/airflow/example_dags/example_local_kubernetes_executor.py
[2024-08-05T00:02:05.418+0000] {processor.py:830} INFO - Processing file /home/airflow/.local/lib/python3.12/site-packages/airflow/example_dags/example_local_kubernetes_executor.py for tasks to queue
[2024-08-05T00:02:05.420+0000] {logging_mixin.py:188} INFO - [2024-08-05T00:02:05.419+0000] {dagbag.py:545} INFO - Filling up the DagBag from /home/airflow/.local/lib/python3.12/site-packages/airflow/example_dags/example_local_kubernetes_executor.py
[2024-08-05T00:02:05.426+0000] {processor.py:840} INFO - DAG(s) 'example_local_kubernetes_executor' retrieved from /home/airflow/.local/lib/python3.12/site-packages/airflow/example_dags/example_local_kubernetes_executor.py
[2024-08-05T00:02:05.459+0000] {logging_mixin.py:188} INFO - [2024-08-05T00:02:05.458+0000] {dag.py:3089} INFO - Sync 1 DAGs
[2024-08-05T00:02:05.470+0000] {logging_mixin.py:188} INFO - [2024-08-05T00:02:05.470+0000] {dag.py:3947} INFO - Setting next_dagrun for example_local_kubernetes_executor to None, run_after=None
[2024-08-05T00:02:05.486+0000] {processor.py:183} INFO - Processing /home/airflow/.local/lib/python3.12/site-packages/airflow/example_dags/example_local_kubernetes_executor.py took 0.074 seconds
[2024-08-05T00:02:35.572+0000] {processor.py:161} INFO - Started process (PID=17031) to work on /home/airflow/.local/lib/python3.12/site-packages/airflow/example_dags/example_local_kubernetes_executor.py
[2024-08-05T00:02:35.574+0000] {processor.py:830} INFO - Processing file /home/airflow/.local/lib/python3.12/site-packages/airflow/example_dags/example_local_kubernetes_executor.py for tasks to queue
[2024-08-05T00:02:35.576+0000] {logging_mixin.py:188} INFO - [2024-08-05T00:02:35.575+0000] {dagbag.py:545} INFO - Filling up the DagBag from /home/airflow/.local/lib/python3.12/site-packages/airflow/example_dags/example_local_kubernetes_executor.py
[2024-08-05T00:02:35.583+0000] {processor.py:840} INFO - DAG(s) 'example_local_kubernetes_executor' retrieved from /home/airflow/.local/lib/python3.12/site-packages/airflow/example_dags/example_local_kubernetes_executor.py
[2024-08-05T00:02:35.619+0000] {logging_mixin.py:188} INFO - [2024-08-05T00:02:35.618+0000] {dag.py:3089} INFO - Sync 1 DAGs
[2024-08-05T00:02:35.632+0000] {logging_mixin.py:188} INFO - [2024-08-05T00:02:35.631+0000] {dag.py:3947} INFO - Setting next_dagrun for example_local_kubernetes_executor to None, run_after=None
[2024-08-05T00:02:35.650+0000] {processor.py:183} INFO - Processing /home/airflow/.local/lib/python3.12/site-packages/airflow/example_dags/example_local_kubernetes_executor.py took 0.083 seconds
[2024-08-05T00:03:05.724+0000] {processor.py:161} INFO - Started process (PID=17303) to work on /home/airflow/.local/lib/python3.12/site-packages/airflow/example_dags/example_local_kubernetes_executor.py
[2024-08-05T00:03:05.725+0000] {processor.py:830} INFO - Processing file /home/airflow/.local/lib/python3.12/site-packages/airflow/example_dags/example_local_kubernetes_executor.py for tasks to queue
[2024-08-05T00:03:05.726+0000] {logging_mixin.py:188} INFO - [2024-08-05T00:03:05.726+0000] {dagbag.py:545} INFO - Filling up the DagBag from /home/airflow/.local/lib/python3.12/site-packages/airflow/example_dags/example_local_kubernetes_executor.py
[2024-08-05T00:03:05.732+0000] {processor.py:840} INFO - DAG(s) 'example_local_kubernetes_executor' retrieved from /home/airflow/.local/lib/python3.12/site-packages/airflow/example_dags/example_local_kubernetes_executor.py
[2024-08-05T00:03:05.763+0000] {logging_mixin.py:188} INFO - [2024-08-05T00:03:05.763+0000] {dag.py:3089} INFO - Sync 1 DAGs
[2024-08-05T00:03:05.775+0000] {logging_mixin.py:188} INFO - [2024-08-05T00:03:05.775+0000] {dag.py:3947} INFO - Setting next_dagrun for example_local_kubernetes_executor to None, run_after=None
[2024-08-05T00:03:05.791+0000] {processor.py:183} INFO - Processing /home/airflow/.local/lib/python3.12/site-packages/airflow/example_dags/example_local_kubernetes_executor.py took 0.072 seconds
[2024-08-05T00:03:36.067+0000] {processor.py:161} INFO - Started process (PID=17575) to work on /home/airflow/.local/lib/python3.12/site-packages/airflow/example_dags/example_local_kubernetes_executor.py
[2024-08-05T00:03:36.068+0000] {processor.py:830} INFO - Processing file /home/airflow/.local/lib/python3.12/site-packages/airflow/example_dags/example_local_kubernetes_executor.py for tasks to queue
[2024-08-05T00:03:36.070+0000] {logging_mixin.py:188} INFO - [2024-08-05T00:03:36.069+0000] {dagbag.py:545} INFO - Filling up the DagBag from /home/airflow/.local/lib/python3.12/site-packages/airflow/example_dags/example_local_kubernetes_executor.py
[2024-08-05T00:03:36.077+0000] {processor.py:840} INFO - DAG(s) 'example_local_kubernetes_executor' retrieved from /home/airflow/.local/lib/python3.12/site-packages/airflow/example_dags/example_local_kubernetes_executor.py
[2024-08-05T00:03:36.109+0000] {logging_mixin.py:188} INFO - [2024-08-05T00:03:36.109+0000] {dag.py:3089} INFO - Sync 1 DAGs
[2024-08-05T00:03:36.121+0000] {logging_mixin.py:188} INFO - [2024-08-05T00:03:36.121+0000] {dag.py:3947} INFO - Setting next_dagrun for example_local_kubernetes_executor to None, run_after=None
[2024-08-05T00:03:36.138+0000] {processor.py:183} INFO - Processing /home/airflow/.local/lib/python3.12/site-packages/airflow/example_dags/example_local_kubernetes_executor.py took 0.077 seconds
[2024-08-05T00:04:06.370+0000] {processor.py:161} INFO - Started process (PID=17847) to work on /home/airflow/.local/lib/python3.12/site-packages/airflow/example_dags/example_local_kubernetes_executor.py
[2024-08-05T00:04:06.371+0000] {processor.py:830} INFO - Processing file /home/airflow/.local/lib/python3.12/site-packages/airflow/example_dags/example_local_kubernetes_executor.py for tasks to queue
[2024-08-05T00:04:06.373+0000] {logging_mixin.py:188} INFO - [2024-08-05T00:04:06.372+0000] {dagbag.py:545} INFO - Filling up the DagBag from /home/airflow/.local/lib/python3.12/site-packages/airflow/example_dags/example_local_kubernetes_executor.py
[2024-08-05T00:04:06.379+0000] {processor.py:840} INFO - DAG(s) 'example_local_kubernetes_executor' retrieved from /home/airflow/.local/lib/python3.12/site-packages/airflow/example_dags/example_local_kubernetes_executor.py
[2024-08-05T00:04:06.413+0000] {logging_mixin.py:188} INFO - [2024-08-05T00:04:06.412+0000] {dag.py:3089} INFO - Sync 1 DAGs
[2024-08-05T00:04:06.426+0000] {logging_mixin.py:188} INFO - [2024-08-05T00:04:06.426+0000] {dag.py:3947} INFO - Setting next_dagrun for example_local_kubernetes_executor to None, run_after=None
[2024-08-05T00:04:06.443+0000] {processor.py:183} INFO - Processing /home/airflow/.local/lib/python3.12/site-packages/airflow/example_dags/example_local_kubernetes_executor.py took 0.079 seconds
[2024-08-05T00:04:36.540+0000] {processor.py:161} INFO - Started process (PID=18119) to work on /home/airflow/.local/lib/python3.12/site-packages/airflow/example_dags/example_local_kubernetes_executor.py
[2024-08-05T00:04:36.541+0000] {processor.py:830} INFO - Processing file /home/airflow/.local/lib/python3.12/site-packages/airflow/example_dags/example_local_kubernetes_executor.py for tasks to queue
[2024-08-05T00:04:36.542+0000] {logging_mixin.py:188} INFO - [2024-08-05T00:04:36.542+0000] {dagbag.py:545} INFO - Filling up the DagBag from /home/airflow/.local/lib/python3.12/site-packages/airflow/example_dags/example_local_kubernetes_executor.py
[2024-08-05T00:04:36.550+0000] {processor.py:840} INFO - DAG(s) 'example_local_kubernetes_executor' retrieved from /home/airflow/.local/lib/python3.12/site-packages/airflow/example_dags/example_local_kubernetes_executor.py
[2024-08-05T00:04:36.581+0000] {logging_mixin.py:188} INFO - [2024-08-05T00:04:36.581+0000] {dag.py:3089} INFO - Sync 1 DAGs
[2024-08-05T00:04:36.595+0000] {logging_mixin.py:188} INFO - [2024-08-05T00:04:36.595+0000] {dag.py:3947} INFO - Setting next_dagrun for example_local_kubernetes_executor to None, run_after=None
[2024-08-05T00:04:36.612+0000] {processor.py:183} INFO - Processing /home/airflow/.local/lib/python3.12/site-packages/airflow/example_dags/example_local_kubernetes_executor.py took 0.078 seconds
[2024-08-05T00:05:06.802+0000] {processor.py:161} INFO - Started process (PID=18391) to work on /home/airflow/.local/lib/python3.12/site-packages/airflow/example_dags/example_local_kubernetes_executor.py
[2024-08-05T00:05:06.803+0000] {processor.py:830} INFO - Processing file /home/airflow/.local/lib/python3.12/site-packages/airflow/example_dags/example_local_kubernetes_executor.py for tasks to queue
[2024-08-05T00:05:06.805+0000] {logging_mixin.py:188} INFO - [2024-08-05T00:05:06.805+0000] {dagbag.py:545} INFO - Filling up the DagBag from /home/airflow/.local/lib/python3.12/site-packages/airflow/example_dags/example_local_kubernetes_executor.py
[2024-08-05T00:05:06.810+0000] {processor.py:840} INFO - DAG(s) 'example_local_kubernetes_executor' retrieved from /home/airflow/.local/lib/python3.12/site-packages/airflow/example_dags/example_local_kubernetes_executor.py
[2024-08-05T00:05:06.840+0000] {logging_mixin.py:188} INFO - [2024-08-05T00:05:06.840+0000] {dag.py:3089} INFO - Sync 1 DAGs
[2024-08-05T00:05:06.852+0000] {logging_mixin.py:188} INFO - [2024-08-05T00:05:06.852+0000] {dag.py:3947} INFO - Setting next_dagrun for example_local_kubernetes_executor to None, run_after=None
[2024-08-05T00:05:06.869+0000] {processor.py:183} INFO - Processing /home/airflow/.local/lib/python3.12/site-packages/airflow/example_dags/example_local_kubernetes_executor.py took 0.072 seconds
[2024-08-05T00:05:37.163+0000] {processor.py:161} INFO - Started process (PID=18663) to work on /home/airflow/.local/lib/python3.12/site-packages/airflow/example_dags/example_local_kubernetes_executor.py
[2024-08-05T00:05:37.164+0000] {processor.py:830} INFO - Processing file /home/airflow/.local/lib/python3.12/site-packages/airflow/example_dags/example_local_kubernetes_executor.py for tasks to queue
[2024-08-05T00:05:37.167+0000] {logging_mixin.py:188} INFO - [2024-08-05T00:05:37.166+0000] {dagbag.py:545} INFO - Filling up the DagBag from /home/airflow/.local/lib/python3.12/site-packages/airflow/example_dags/example_local_kubernetes_executor.py
[2024-08-05T00:05:37.173+0000] {processor.py:840} INFO - DAG(s) 'example_local_kubernetes_executor' retrieved from /home/airflow/.local/lib/python3.12/site-packages/airflow/example_dags/example_local_kubernetes_executor.py
[2024-08-05T00:05:37.207+0000] {logging_mixin.py:188} INFO - [2024-08-05T00:05:37.206+0000] {dag.py:3089} INFO - Sync 1 DAGs
[2024-08-05T00:05:37.219+0000] {logging_mixin.py:188} INFO - [2024-08-05T00:05:37.218+0000] {dag.py:3947} INFO - Setting next_dagrun for example_local_kubernetes_executor to None, run_after=None
[2024-08-05T00:05:37.236+0000] {processor.py:183} INFO - Processing /home/airflow/.local/lib/python3.12/site-packages/airflow/example_dags/example_local_kubernetes_executor.py took 0.077 seconds
[2024-08-05T00:06:08.186+0000] {processor.py:161} INFO - Started process (PID=18935) to work on /home/airflow/.local/lib/python3.12/site-packages/airflow/example_dags/example_local_kubernetes_executor.py
[2024-08-05T00:06:08.187+0000] {processor.py:830} INFO - Processing file /home/airflow/.local/lib/python3.12/site-packages/airflow/example_dags/example_local_kubernetes_executor.py for tasks to queue
[2024-08-05T00:06:08.188+0000] {logging_mixin.py:188} INFO - [2024-08-05T00:06:08.188+0000] {dagbag.py:545} INFO - Filling up the DagBag from /home/airflow/.local/lib/python3.12/site-packages/airflow/example_dags/example_local_kubernetes_executor.py
[2024-08-05T00:06:08.194+0000] {processor.py:840} INFO - DAG(s) 'example_local_kubernetes_executor' retrieved from /home/airflow/.local/lib/python3.12/site-packages/airflow/example_dags/example_local_kubernetes_executor.py
[2024-08-05T00:06:08.224+0000] {logging_mixin.py:188} INFO - [2024-08-05T00:06:08.224+0000] {dag.py:3089} INFO - Sync 1 DAGs
[2024-08-05T00:06:08.236+0000] {logging_mixin.py:188} INFO - [2024-08-05T00:06:08.236+0000] {dag.py:3947} INFO - Setting next_dagrun for example_local_kubernetes_executor to None, run_after=None
[2024-08-05T00:06:08.252+0000] {processor.py:183} INFO - Processing /home/airflow/.local/lib/python3.12/site-packages/airflow/example_dags/example_local_kubernetes_executor.py took 0.071 seconds
[2024-08-05T00:06:38.302+0000] {processor.py:161} INFO - Started process (PID=19207) to work on /home/airflow/.local/lib/python3.12/site-packages/airflow/example_dags/example_local_kubernetes_executor.py
[2024-08-05T00:06:38.303+0000] {processor.py:830} INFO - Processing file /home/airflow/.local/lib/python3.12/site-packages/airflow/example_dags/example_local_kubernetes_executor.py for tasks to queue
[2024-08-05T00:06:38.304+0000] {logging_mixin.py:188} INFO - [2024-08-05T00:06:38.304+0000] {dagbag.py:545} INFO - Filling up the DagBag from /home/airflow/.local/lib/python3.12/site-packages/airflow/example_dags/example_local_kubernetes_executor.py
[2024-08-05T00:06:38.310+0000] {processor.py:840} INFO - DAG(s) 'example_local_kubernetes_executor' retrieved from /home/airflow/.local/lib/python3.12/site-packages/airflow/example_dags/example_local_kubernetes_executor.py
[2024-08-05T00:06:38.341+0000] {logging_mixin.py:188} INFO - [2024-08-05T00:06:38.341+0000] {dag.py:3089} INFO - Sync 1 DAGs
[2024-08-05T00:06:38.356+0000] {logging_mixin.py:188} INFO - [2024-08-05T00:06:38.356+0000] {dag.py:3947} INFO - Setting next_dagrun for example_local_kubernetes_executor to None, run_after=None
[2024-08-05T00:06:38.372+0000] {processor.py:183} INFO - Processing /home/airflow/.local/lib/python3.12/site-packages/airflow/example_dags/example_local_kubernetes_executor.py took 0.076 seconds
[2024-08-05T00:07:08.685+0000] {processor.py:161} INFO - Started process (PID=19479) to work on /home/airflow/.local/lib/python3.12/site-packages/airflow/example_dags/example_local_kubernetes_executor.py
[2024-08-05T00:07:08.686+0000] {processor.py:830} INFO - Processing file /home/airflow/.local/lib/python3.12/site-packages/airflow/example_dags/example_local_kubernetes_executor.py for tasks to queue
[2024-08-05T00:07:08.687+0000] {logging_mixin.py:188} INFO - [2024-08-05T00:07:08.687+0000] {dagbag.py:545} INFO - Filling up the DagBag from /home/airflow/.local/lib/python3.12/site-packages/airflow/example_dags/example_local_kubernetes_executor.py
[2024-08-05T00:07:08.694+0000] {processor.py:840} INFO - DAG(s) 'example_local_kubernetes_executor' retrieved from /home/airflow/.local/lib/python3.12/site-packages/airflow/example_dags/example_local_kubernetes_executor.py
[2024-08-05T00:07:08.728+0000] {logging_mixin.py:188} INFO - [2024-08-05T00:07:08.727+0000] {dag.py:3089} INFO - Sync 1 DAGs
[2024-08-05T00:07:08.739+0000] {logging_mixin.py:188} INFO - [2024-08-05T00:07:08.739+0000] {dag.py:3947} INFO - Setting next_dagrun for example_local_kubernetes_executor to None, run_after=None
[2024-08-05T00:07:08.756+0000] {processor.py:183} INFO - Processing /home/airflow/.local/lib/python3.12/site-packages/airflow/example_dags/example_local_kubernetes_executor.py took 0.076 seconds
[2024-08-05T00:07:39.593+0000] {processor.py:161} INFO - Started process (PID=19745) to work on /home/airflow/.local/lib/python3.12/site-packages/airflow/example_dags/example_local_kubernetes_executor.py
[2024-08-05T00:07:39.594+0000] {processor.py:830} INFO - Processing file /home/airflow/.local/lib/python3.12/site-packages/airflow/example_dags/example_local_kubernetes_executor.py for tasks to queue
[2024-08-05T00:07:39.596+0000] {logging_mixin.py:188} INFO - [2024-08-05T00:07:39.595+0000] {dagbag.py:545} INFO - Filling up the DagBag from /home/airflow/.local/lib/python3.12/site-packages/airflow/example_dags/example_local_kubernetes_executor.py
[2024-08-05T00:07:39.602+0000] {processor.py:840} INFO - DAG(s) 'example_local_kubernetes_executor' retrieved from /home/airflow/.local/lib/python3.12/site-packages/airflow/example_dags/example_local_kubernetes_executor.py
[2024-08-05T00:07:39.634+0000] {logging_mixin.py:188} INFO - [2024-08-05T00:07:39.634+0000] {dag.py:3089} INFO - Sync 1 DAGs
[2024-08-05T00:07:39.644+0000] {logging_mixin.py:188} INFO - [2024-08-05T00:07:39.644+0000] {dag.py:3947} INFO - Setting next_dagrun for example_local_kubernetes_executor to None, run_after=None
[2024-08-05T00:07:39.660+0000] {processor.py:183} INFO - Processing /home/airflow/.local/lib/python3.12/site-packages/airflow/example_dags/example_local_kubernetes_executor.py took 0.073 seconds
[2024-08-05T00:08:09.780+0000] {processor.py:161} INFO - Started process (PID=20017) to work on /home/airflow/.local/lib/python3.12/site-packages/airflow/example_dags/example_local_kubernetes_executor.py
[2024-08-05T00:08:09.781+0000] {processor.py:830} INFO - Processing file /home/airflow/.local/lib/python3.12/site-packages/airflow/example_dags/example_local_kubernetes_executor.py for tasks to queue
[2024-08-05T00:08:09.782+0000] {logging_mixin.py:188} INFO - [2024-08-05T00:08:09.782+0000] {dagbag.py:545} INFO - Filling up the DagBag from /home/airflow/.local/lib/python3.12/site-packages/airflow/example_dags/example_local_kubernetes_executor.py
[2024-08-05T00:08:09.788+0000] {processor.py:840} INFO - DAG(s) 'example_local_kubernetes_executor' retrieved from /home/airflow/.local/lib/python3.12/site-packages/airflow/example_dags/example_local_kubernetes_executor.py
[2024-08-05T00:08:09.821+0000] {logging_mixin.py:188} INFO - [2024-08-05T00:08:09.820+0000] {dag.py:3089} INFO - Sync 1 DAGs
[2024-08-05T00:08:09.833+0000] {logging_mixin.py:188} INFO - [2024-08-05T00:08:09.833+0000] {dag.py:3947} INFO - Setting next_dagrun for example_local_kubernetes_executor to None, run_after=None
[2024-08-05T00:08:09.850+0000] {processor.py:183} INFO - Processing /home/airflow/.local/lib/python3.12/site-packages/airflow/example_dags/example_local_kubernetes_executor.py took 0.076 seconds
[2024-08-05T00:08:40.150+0000] {processor.py:161} INFO - Started process (PID=20289) to work on /home/airflow/.local/lib/python3.12/site-packages/airflow/example_dags/example_local_kubernetes_executor.py
[2024-08-05T00:08:40.151+0000] {processor.py:830} INFO - Processing file /home/airflow/.local/lib/python3.12/site-packages/airflow/example_dags/example_local_kubernetes_executor.py for tasks to queue
[2024-08-05T00:08:40.152+0000] {logging_mixin.py:188} INFO - [2024-08-05T00:08:40.152+0000] {dagbag.py:545} INFO - Filling up the DagBag from /home/airflow/.local/lib/python3.12/site-packages/airflow/example_dags/example_local_kubernetes_executor.py
[2024-08-05T00:08:40.158+0000] {processor.py:840} INFO - DAG(s) 'example_local_kubernetes_executor' retrieved from /home/airflow/.local/lib/python3.12/site-packages/airflow/example_dags/example_local_kubernetes_executor.py
[2024-08-05T00:08:40.187+0000] {logging_mixin.py:188} INFO - [2024-08-05T00:08:40.187+0000] {dag.py:3089} INFO - Sync 1 DAGs
[2024-08-05T00:08:40.198+0000] {logging_mixin.py:188} INFO - [2024-08-05T00:08:40.198+0000] {dag.py:3947} INFO - Setting next_dagrun for example_local_kubernetes_executor to None, run_after=None
[2024-08-05T00:08:40.214+0000] {processor.py:183} INFO - Processing /home/airflow/.local/lib/python3.12/site-packages/airflow/example_dags/example_local_kubernetes_executor.py took 0.068 seconds
[2024-08-05T00:09:10.267+0000] {processor.py:161} INFO - Started process (PID=20561) to work on /home/airflow/.local/lib/python3.12/site-packages/airflow/example_dags/example_local_kubernetes_executor.py
[2024-08-05T00:09:10.268+0000] {processor.py:830} INFO - Processing file /home/airflow/.local/lib/python3.12/site-packages/airflow/example_dags/example_local_kubernetes_executor.py for tasks to queue
[2024-08-05T00:09:10.269+0000] {logging_mixin.py:188} INFO - [2024-08-05T00:09:10.269+0000] {dagbag.py:545} INFO - Filling up the DagBag from /home/airflow/.local/lib/python3.12/site-packages/airflow/example_dags/example_local_kubernetes_executor.py
[2024-08-05T00:09:10.275+0000] {processor.py:840} INFO - DAG(s) 'example_local_kubernetes_executor' retrieved from /home/airflow/.local/lib/python3.12/site-packages/airflow/example_dags/example_local_kubernetes_executor.py
[2024-08-05T00:09:10.304+0000] {logging_mixin.py:188} INFO - [2024-08-05T00:09:10.304+0000] {dag.py:3089} INFO - Sync 1 DAGs
[2024-08-05T00:09:10.315+0000] {logging_mixin.py:188} INFO - [2024-08-05T00:09:10.315+0000] {dag.py:3947} INFO - Setting next_dagrun for example_local_kubernetes_executor to None, run_after=None
[2024-08-05T00:09:10.329+0000] {processor.py:183} INFO - Processing /home/airflow/.local/lib/python3.12/site-packages/airflow/example_dags/example_local_kubernetes_executor.py took 0.067 seconds
[2024-08-05T00:09:40.947+0000] {processor.py:161} INFO - Started process (PID=20833) to work on /home/airflow/.local/lib/python3.12/site-packages/airflow/example_dags/example_local_kubernetes_executor.py
[2024-08-05T00:09:40.948+0000] {processor.py:830} INFO - Processing file /home/airflow/.local/lib/python3.12/site-packages/airflow/example_dags/example_local_kubernetes_executor.py for tasks to queue
[2024-08-05T00:09:40.949+0000] {logging_mixin.py:188} INFO - [2024-08-05T00:09:40.949+0000] {dagbag.py:545} INFO - Filling up the DagBag from /home/airflow/.local/lib/python3.12/site-packages/airflow/example_dags/example_local_kubernetes_executor.py
[2024-08-05T00:09:40.955+0000] {processor.py:840} INFO - DAG(s) 'example_local_kubernetes_executor' retrieved from /home/airflow/.local/lib/python3.12/site-packages/airflow/example_dags/example_local_kubernetes_executor.py
[2024-08-05T00:09:40.984+0000] {logging_mixin.py:188} INFO - [2024-08-05T00:09:40.984+0000] {dag.py:3089} INFO - Sync 1 DAGs
[2024-08-05T00:09:40.995+0000] {logging_mixin.py:188} INFO - [2024-08-05T00:09:40.995+0000] {dag.py:3947} INFO - Setting next_dagrun for example_local_kubernetes_executor to None, run_after=None
[2024-08-05T00:09:41.010+0000] {processor.py:183} INFO - Processing /home/airflow/.local/lib/python3.12/site-packages/airflow/example_dags/example_local_kubernetes_executor.py took 0.067 seconds
[2024-08-05T00:10:11.631+0000] {processor.py:161} INFO - Started process (PID=21111) to work on /home/airflow/.local/lib/python3.12/site-packages/airflow/example_dags/example_local_kubernetes_executor.py
[2024-08-05T00:10:11.632+0000] {processor.py:830} INFO - Processing file /home/airflow/.local/lib/python3.12/site-packages/airflow/example_dags/example_local_kubernetes_executor.py for tasks to queue
[2024-08-05T00:10:11.634+0000] {logging_mixin.py:188} INFO - [2024-08-05T00:10:11.634+0000] {dagbag.py:545} INFO - Filling up the DagBag from /home/airflow/.local/lib/python3.12/site-packages/airflow/example_dags/example_local_kubernetes_executor.py
[2024-08-05T00:10:11.640+0000] {processor.py:840} INFO - DAG(s) 'example_local_kubernetes_executor' retrieved from /home/airflow/.local/lib/python3.12/site-packages/airflow/example_dags/example_local_kubernetes_executor.py
[2024-08-05T00:10:11.670+0000] {logging_mixin.py:188} INFO - [2024-08-05T00:10:11.670+0000] {dag.py:3089} INFO - Sync 1 DAGs
[2024-08-05T00:10:11.681+0000] {logging_mixin.py:188} INFO - [2024-08-05T00:10:11.681+0000] {dag.py:3947} INFO - Setting next_dagrun for example_local_kubernetes_executor to None, run_after=None
[2024-08-05T00:10:11.697+0000] {processor.py:183} INFO - Processing /home/airflow/.local/lib/python3.12/site-packages/airflow/example_dags/example_local_kubernetes_executor.py took 0.070 seconds
[2024-08-05T00:10:42.467+0000] {processor.py:161} INFO - Started process (PID=21386) to work on /home/airflow/.local/lib/python3.12/site-packages/airflow/example_dags/example_local_kubernetes_executor.py
[2024-08-05T00:10:42.468+0000] {processor.py:830} INFO - Processing file /home/airflow/.local/lib/python3.12/site-packages/airflow/example_dags/example_local_kubernetes_executor.py for tasks to queue
[2024-08-05T00:10:42.470+0000] {logging_mixin.py:188} INFO - [2024-08-05T00:10:42.470+0000] {dagbag.py:545} INFO - Filling up the DagBag from /home/airflow/.local/lib/python3.12/site-packages/airflow/example_dags/example_local_kubernetes_executor.py
[2024-08-05T00:10:42.476+0000] {processor.py:840} INFO - DAG(s) 'example_local_kubernetes_executor' retrieved from /home/airflow/.local/lib/python3.12/site-packages/airflow/example_dags/example_local_kubernetes_executor.py
[2024-08-05T00:10:42.509+0000] {logging_mixin.py:188} INFO - [2024-08-05T00:10:42.508+0000] {dag.py:3089} INFO - Sync 1 DAGs
[2024-08-05T00:10:42.519+0000] {logging_mixin.py:188} INFO - [2024-08-05T00:10:42.519+0000] {dag.py:3947} INFO - Setting next_dagrun for example_local_kubernetes_executor to None, run_after=None
[2024-08-05T00:10:42.534+0000] {processor.py:183} INFO - Processing /home/airflow/.local/lib/python3.12/site-packages/airflow/example_dags/example_local_kubernetes_executor.py took 0.072 seconds
[2024-08-05T00:11:13.179+0000] {processor.py:161} INFO - Started process (PID=21658) to work on /home/airflow/.local/lib/python3.12/site-packages/airflow/example_dags/example_local_kubernetes_executor.py
[2024-08-05T00:11:13.180+0000] {processor.py:830} INFO - Processing file /home/airflow/.local/lib/python3.12/site-packages/airflow/example_dags/example_local_kubernetes_executor.py for tasks to queue
[2024-08-05T00:11:13.182+0000] {logging_mixin.py:188} INFO - [2024-08-05T00:11:13.182+0000] {dagbag.py:545} INFO - Filling up the DagBag from /home/airflow/.local/lib/python3.12/site-packages/airflow/example_dags/example_local_kubernetes_executor.py
[2024-08-05T00:11:13.189+0000] {processor.py:840} INFO - DAG(s) 'example_local_kubernetes_executor' retrieved from /home/airflow/.local/lib/python3.12/site-packages/airflow/example_dags/example_local_kubernetes_executor.py
[2024-08-05T00:11:13.224+0000] {logging_mixin.py:188} INFO - [2024-08-05T00:11:13.224+0000] {dag.py:3089} INFO - Sync 1 DAGs
[2024-08-05T00:11:13.235+0000] {logging_mixin.py:188} INFO - [2024-08-05T00:11:13.235+0000] {dag.py:3947} INFO - Setting next_dagrun for example_local_kubernetes_executor to None, run_after=None
[2024-08-05T00:11:13.251+0000] {processor.py:183} INFO - Processing /home/airflow/.local/lib/python3.12/site-packages/airflow/example_dags/example_local_kubernetes_executor.py took 0.077 seconds
[2024-08-05T00:11:44.121+0000] {processor.py:161} INFO - Started process (PID=21930) to work on /home/airflow/.local/lib/python3.12/site-packages/airflow/example_dags/example_local_kubernetes_executor.py
[2024-08-05T00:11:44.122+0000] {processor.py:830} INFO - Processing file /home/airflow/.local/lib/python3.12/site-packages/airflow/example_dags/example_local_kubernetes_executor.py for tasks to queue
[2024-08-05T00:11:44.124+0000] {logging_mixin.py:188} INFO - [2024-08-05T00:11:44.124+0000] {dagbag.py:545} INFO - Filling up the DagBag from /home/airflow/.local/lib/python3.12/site-packages/airflow/example_dags/example_local_kubernetes_executor.py
[2024-08-05T00:11:44.130+0000] {processor.py:840} INFO - DAG(s) 'example_local_kubernetes_executor' retrieved from /home/airflow/.local/lib/python3.12/site-packages/airflow/example_dags/example_local_kubernetes_executor.py
[2024-08-05T00:11:44.162+0000] {logging_mixin.py:188} INFO - [2024-08-05T00:11:44.161+0000] {dag.py:3089} INFO - Sync 1 DAGs
[2024-08-05T00:11:44.173+0000] {logging_mixin.py:188} INFO - [2024-08-05T00:11:44.173+0000] {dag.py:3947} INFO - Setting next_dagrun for example_local_kubernetes_executor to None, run_after=None
[2024-08-05T00:11:44.190+0000] {processor.py:183} INFO - Processing /home/airflow/.local/lib/python3.12/site-packages/airflow/example_dags/example_local_kubernetes_executor.py took 0.074 seconds
[2024-08-05T00:12:14.395+0000] {processor.py:161} INFO - Started process (PID=22202) to work on /home/airflow/.local/lib/python3.12/site-packages/airflow/example_dags/example_local_kubernetes_executor.py
[2024-08-05T00:12:14.396+0000] {processor.py:830} INFO - Processing file /home/airflow/.local/lib/python3.12/site-packages/airflow/example_dags/example_local_kubernetes_executor.py for tasks to queue
[2024-08-05T00:12:14.397+0000] {logging_mixin.py:188} INFO - [2024-08-05T00:12:14.397+0000] {dagbag.py:545} INFO - Filling up the DagBag from /home/airflow/.local/lib/python3.12/site-packages/airflow/example_dags/example_local_kubernetes_executor.py
[2024-08-05T00:12:14.404+0000] {processor.py:840} INFO - DAG(s) 'example_local_kubernetes_executor' retrieved from /home/airflow/.local/lib/python3.12/site-packages/airflow/example_dags/example_local_kubernetes_executor.py
[2024-08-05T00:12:14.435+0000] {logging_mixin.py:188} INFO - [2024-08-05T00:12:14.434+0000] {dag.py:3089} INFO - Sync 1 DAGs
[2024-08-05T00:12:14.449+0000] {logging_mixin.py:188} INFO - [2024-08-05T00:12:14.449+0000] {dag.py:3947} INFO - Setting next_dagrun for example_local_kubernetes_executor to None, run_after=None
[2024-08-05T00:12:14.470+0000] {processor.py:183} INFO - Processing /home/airflow/.local/lib/python3.12/site-packages/airflow/example_dags/example_local_kubernetes_executor.py took 0.079 seconds
[2024-08-05T00:12:44.645+0000] {processor.py:161} INFO - Started process (PID=22474) to work on /home/airflow/.local/lib/python3.12/site-packages/airflow/example_dags/example_local_kubernetes_executor.py
[2024-08-05T00:12:44.646+0000] {processor.py:830} INFO - Processing file /home/airflow/.local/lib/python3.12/site-packages/airflow/example_dags/example_local_kubernetes_executor.py for tasks to queue
[2024-08-05T00:12:44.648+0000] {logging_mixin.py:188} INFO - [2024-08-05T00:12:44.647+0000] {dagbag.py:545} INFO - Filling up the DagBag from /home/airflow/.local/lib/python3.12/site-packages/airflow/example_dags/example_local_kubernetes_executor.py
[2024-08-05T00:12:44.656+0000] {processor.py:840} INFO - DAG(s) 'example_local_kubernetes_executor' retrieved from /home/airflow/.local/lib/python3.12/site-packages/airflow/example_dags/example_local_kubernetes_executor.py
[2024-08-05T00:12:44.692+0000] {logging_mixin.py:188} INFO - [2024-08-05T00:12:44.692+0000] {dag.py:3089} INFO - Sync 1 DAGs
[2024-08-05T00:12:44.708+0000] {logging_mixin.py:188} INFO - [2024-08-05T00:12:44.708+0000] {dag.py:3947} INFO - Setting next_dagrun for example_local_kubernetes_executor to None, run_after=None
[2024-08-05T00:12:44.726+0000] {processor.py:183} INFO - Processing /home/airflow/.local/lib/python3.12/site-packages/airflow/example_dags/example_local_kubernetes_executor.py took 0.085 seconds
[2024-08-05T00:13:14.902+0000] {processor.py:161} INFO - Started process (PID=22746) to work on /home/airflow/.local/lib/python3.12/site-packages/airflow/example_dags/example_local_kubernetes_executor.py
[2024-08-05T00:13:14.902+0000] {processor.py:830} INFO - Processing file /home/airflow/.local/lib/python3.12/site-packages/airflow/example_dags/example_local_kubernetes_executor.py for tasks to queue
[2024-08-05T00:13:14.904+0000] {logging_mixin.py:188} INFO - [2024-08-05T00:13:14.904+0000] {dagbag.py:545} INFO - Filling up the DagBag from /home/airflow/.local/lib/python3.12/site-packages/airflow/example_dags/example_local_kubernetes_executor.py
[2024-08-05T00:13:14.910+0000] {processor.py:840} INFO - DAG(s) 'example_local_kubernetes_executor' retrieved from /home/airflow/.local/lib/python3.12/site-packages/airflow/example_dags/example_local_kubernetes_executor.py
[2024-08-05T00:13:14.942+0000] {logging_mixin.py:188} INFO - [2024-08-05T00:13:14.942+0000] {dag.py:3089} INFO - Sync 1 DAGs
[2024-08-05T00:13:14.954+0000] {logging_mixin.py:188} INFO - [2024-08-05T00:13:14.954+0000] {dag.py:3947} INFO - Setting next_dagrun for example_local_kubernetes_executor to None, run_after=None
[2024-08-05T00:13:14.972+0000] {processor.py:183} INFO - Processing /home/airflow/.local/lib/python3.12/site-packages/airflow/example_dags/example_local_kubernetes_executor.py took 0.075 seconds
[2024-08-05T00:13:45.207+0000] {processor.py:161} INFO - Started process (PID=23018) to work on /home/airflow/.local/lib/python3.12/site-packages/airflow/example_dags/example_local_kubernetes_executor.py
[2024-08-05T00:13:45.208+0000] {processor.py:830} INFO - Processing file /home/airflow/.local/lib/python3.12/site-packages/airflow/example_dags/example_local_kubernetes_executor.py for tasks to queue
[2024-08-05T00:13:45.209+0000] {logging_mixin.py:188} INFO - [2024-08-05T00:13:45.209+0000] {dagbag.py:545} INFO - Filling up the DagBag from /home/airflow/.local/lib/python3.12/site-packages/airflow/example_dags/example_local_kubernetes_executor.py
[2024-08-05T00:13:45.215+0000] {processor.py:840} INFO - DAG(s) 'example_local_kubernetes_executor' retrieved from /home/airflow/.local/lib/python3.12/site-packages/airflow/example_dags/example_local_kubernetes_executor.py
[2024-08-05T00:13:45.247+0000] {logging_mixin.py:188} INFO - [2024-08-05T00:13:45.247+0000] {dag.py:3089} INFO - Sync 1 DAGs
[2024-08-05T00:13:45.261+0000] {logging_mixin.py:188} INFO - [2024-08-05T00:13:45.260+0000] {dag.py:3947} INFO - Setting next_dagrun for example_local_kubernetes_executor to None, run_after=None
[2024-08-05T00:13:45.278+0000] {processor.py:183} INFO - Processing /home/airflow/.local/lib/python3.12/site-packages/airflow/example_dags/example_local_kubernetes_executor.py took 0.076 seconds
[2024-08-05T00:14:15.811+0000] {processor.py:161} INFO - Started process (PID=23290) to work on /home/airflow/.local/lib/python3.12/site-packages/airflow/example_dags/example_local_kubernetes_executor.py
[2024-08-05T00:14:15.812+0000] {processor.py:830} INFO - Processing file /home/airflow/.local/lib/python3.12/site-packages/airflow/example_dags/example_local_kubernetes_executor.py for tasks to queue
[2024-08-05T00:14:15.814+0000] {logging_mixin.py:188} INFO - [2024-08-05T00:14:15.813+0000] {dagbag.py:545} INFO - Filling up the DagBag from /home/airflow/.local/lib/python3.12/site-packages/airflow/example_dags/example_local_kubernetes_executor.py
[2024-08-05T00:14:15.819+0000] {processor.py:840} INFO - DAG(s) 'example_local_kubernetes_executor' retrieved from /home/airflow/.local/lib/python3.12/site-packages/airflow/example_dags/example_local_kubernetes_executor.py
[2024-08-05T00:14:15.851+0000] {logging_mixin.py:188} INFO - [2024-08-05T00:14:15.851+0000] {dag.py:3089} INFO - Sync 1 DAGs
[2024-08-05T00:14:15.863+0000] {logging_mixin.py:188} INFO - [2024-08-05T00:14:15.863+0000] {dag.py:3947} INFO - Setting next_dagrun for example_local_kubernetes_executor to None, run_after=None
[2024-08-05T00:14:15.877+0000] {processor.py:183} INFO - Processing /home/airflow/.local/lib/python3.12/site-packages/airflow/example_dags/example_local_kubernetes_executor.py took 0.072 seconds
[2024-08-05T00:14:46.093+0000] {processor.py:161} INFO - Started process (PID=23562) to work on /home/airflow/.local/lib/python3.12/site-packages/airflow/example_dags/example_local_kubernetes_executor.py
[2024-08-05T00:14:46.094+0000] {processor.py:830} INFO - Processing file /home/airflow/.local/lib/python3.12/site-packages/airflow/example_dags/example_local_kubernetes_executor.py for tasks to queue
[2024-08-05T00:14:46.095+0000] {logging_mixin.py:188} INFO - [2024-08-05T00:14:46.095+0000] {dagbag.py:545} INFO - Filling up the DagBag from /home/airflow/.local/lib/python3.12/site-packages/airflow/example_dags/example_local_kubernetes_executor.py
[2024-08-05T00:14:46.103+0000] {processor.py:840} INFO - DAG(s) 'example_local_kubernetes_executor' retrieved from /home/airflow/.local/lib/python3.12/site-packages/airflow/example_dags/example_local_kubernetes_executor.py
[2024-08-05T00:14:46.136+0000] {logging_mixin.py:188} INFO - [2024-08-05T00:14:46.136+0000] {dag.py:3089} INFO - Sync 1 DAGs
[2024-08-05T00:14:46.151+0000] {logging_mixin.py:188} INFO - [2024-08-05T00:14:46.150+0000] {dag.py:3947} INFO - Setting next_dagrun for example_local_kubernetes_executor to None, run_after=None
[2024-08-05T00:14:46.174+0000] {processor.py:183} INFO - Processing /home/airflow/.local/lib/python3.12/site-packages/airflow/example_dags/example_local_kubernetes_executor.py took 0.086 seconds
[2024-08-05T00:15:16.357+0000] {processor.py:161} INFO - Started process (PID=23834) to work on /home/airflow/.local/lib/python3.12/site-packages/airflow/example_dags/example_local_kubernetes_executor.py
[2024-08-05T00:15:16.358+0000] {processor.py:830} INFO - Processing file /home/airflow/.local/lib/python3.12/site-packages/airflow/example_dags/example_local_kubernetes_executor.py for tasks to queue
[2024-08-05T00:15:16.359+0000] {logging_mixin.py:188} INFO - [2024-08-05T00:15:16.359+0000] {dagbag.py:545} INFO - Filling up the DagBag from /home/airflow/.local/lib/python3.12/site-packages/airflow/example_dags/example_local_kubernetes_executor.py
[2024-08-05T00:15:16.365+0000] {processor.py:840} INFO - DAG(s) 'example_local_kubernetes_executor' retrieved from /home/airflow/.local/lib/python3.12/site-packages/airflow/example_dags/example_local_kubernetes_executor.py
[2024-08-05T00:15:16.411+0000] {logging_mixin.py:188} INFO - [2024-08-05T00:15:16.410+0000] {dag.py:3089} INFO - Sync 1 DAGs
[2024-08-05T00:15:16.426+0000] {logging_mixin.py:188} INFO - [2024-08-05T00:15:16.425+0000] {dag.py:3947} INFO - Setting next_dagrun for example_local_kubernetes_executor to None, run_after=None
[2024-08-05T00:15:16.449+0000] {processor.py:183} INFO - Processing /home/airflow/.local/lib/python3.12/site-packages/airflow/example_dags/example_local_kubernetes_executor.py took 0.097 seconds
[2024-08-05T00:15:46.495+0000] {processor.py:161} INFO - Started process (PID=24106) to work on /home/airflow/.local/lib/python3.12/site-packages/airflow/example_dags/example_local_kubernetes_executor.py
[2024-08-05T00:15:46.497+0000] {processor.py:830} INFO - Processing file /home/airflow/.local/lib/python3.12/site-packages/airflow/example_dags/example_local_kubernetes_executor.py for tasks to queue
[2024-08-05T00:15:46.498+0000] {logging_mixin.py:188} INFO - [2024-08-05T00:15:46.498+0000] {dagbag.py:545} INFO - Filling up the DagBag from /home/airflow/.local/lib/python3.12/site-packages/airflow/example_dags/example_local_kubernetes_executor.py
[2024-08-05T00:15:46.505+0000] {processor.py:840} INFO - DAG(s) 'example_local_kubernetes_executor' retrieved from /home/airflow/.local/lib/python3.12/site-packages/airflow/example_dags/example_local_kubernetes_executor.py
[2024-08-05T00:15:46.535+0000] {logging_mixin.py:188} INFO - [2024-08-05T00:15:46.535+0000] {dag.py:3089} INFO - Sync 1 DAGs
[2024-08-05T00:15:46.548+0000] {logging_mixin.py:188} INFO - [2024-08-05T00:15:46.547+0000] {dag.py:3947} INFO - Setting next_dagrun for example_local_kubernetes_executor to None, run_after=None
[2024-08-05T00:15:46.568+0000] {processor.py:183} INFO - Processing /home/airflow/.local/lib/python3.12/site-packages/airflow/example_dags/example_local_kubernetes_executor.py took 0.077 seconds
[2024-08-05T00:16:17.111+0000] {processor.py:161} INFO - Started process (PID=24378) to work on /home/airflow/.local/lib/python3.12/site-packages/airflow/example_dags/example_local_kubernetes_executor.py
[2024-08-05T00:16:17.112+0000] {processor.py:830} INFO - Processing file /home/airflow/.local/lib/python3.12/site-packages/airflow/example_dags/example_local_kubernetes_executor.py for tasks to queue
[2024-08-05T00:16:17.114+0000] {logging_mixin.py:188} INFO - [2024-08-05T00:16:17.114+0000] {dagbag.py:545} INFO - Filling up the DagBag from /home/airflow/.local/lib/python3.12/site-packages/airflow/example_dags/example_local_kubernetes_executor.py
[2024-08-05T00:16:17.121+0000] {processor.py:840} INFO - DAG(s) 'example_local_kubernetes_executor' retrieved from /home/airflow/.local/lib/python3.12/site-packages/airflow/example_dags/example_local_kubernetes_executor.py
[2024-08-05T00:16:17.154+0000] {logging_mixin.py:188} INFO - [2024-08-05T00:16:17.154+0000] {dag.py:3089} INFO - Sync 1 DAGs
[2024-08-05T00:16:17.170+0000] {logging_mixin.py:188} INFO - [2024-08-05T00:16:17.170+0000] {dag.py:3947} INFO - Setting next_dagrun for example_local_kubernetes_executor to None, run_after=None
[2024-08-05T00:16:17.187+0000] {processor.py:183} INFO - Processing /home/airflow/.local/lib/python3.12/site-packages/airflow/example_dags/example_local_kubernetes_executor.py took 0.081 seconds
[2024-08-05T00:16:47.396+0000] {processor.py:161} INFO - Started process (PID=24650) to work on /home/airflow/.local/lib/python3.12/site-packages/airflow/example_dags/example_local_kubernetes_executor.py
[2024-08-05T00:16:47.397+0000] {processor.py:830} INFO - Processing file /home/airflow/.local/lib/python3.12/site-packages/airflow/example_dags/example_local_kubernetes_executor.py for tasks to queue
[2024-08-05T00:16:47.398+0000] {logging_mixin.py:188} INFO - [2024-08-05T00:16:47.398+0000] {dagbag.py:545} INFO - Filling up the DagBag from /home/airflow/.local/lib/python3.12/site-packages/airflow/example_dags/example_local_kubernetes_executor.py
[2024-08-05T00:16:47.405+0000] {processor.py:840} INFO - DAG(s) 'example_local_kubernetes_executor' retrieved from /home/airflow/.local/lib/python3.12/site-packages/airflow/example_dags/example_local_kubernetes_executor.py
[2024-08-05T00:16:47.438+0000] {logging_mixin.py:188} INFO - [2024-08-05T00:16:47.438+0000] {dag.py:3089} INFO - Sync 1 DAGs
[2024-08-05T00:16:47.453+0000] {logging_mixin.py:188} INFO - [2024-08-05T00:16:47.452+0000] {dag.py:3947} INFO - Setting next_dagrun for example_local_kubernetes_executor to None, run_after=None
[2024-08-05T00:16:47.470+0000] {processor.py:183} INFO - Processing /home/airflow/.local/lib/python3.12/site-packages/airflow/example_dags/example_local_kubernetes_executor.py took 0.080 seconds
[2024-08-05T00:17:17.611+0000] {processor.py:161} INFO - Started process (PID=24922) to work on /home/airflow/.local/lib/python3.12/site-packages/airflow/example_dags/example_local_kubernetes_executor.py
[2024-08-05T00:17:17.611+0000] {processor.py:830} INFO - Processing file /home/airflow/.local/lib/python3.12/site-packages/airflow/example_dags/example_local_kubernetes_executor.py for tasks to queue
[2024-08-05T00:17:17.613+0000] {logging_mixin.py:188} INFO - [2024-08-05T00:17:17.613+0000] {dagbag.py:545} INFO - Filling up the DagBag from /home/airflow/.local/lib/python3.12/site-packages/airflow/example_dags/example_local_kubernetes_executor.py
[2024-08-05T00:17:17.619+0000] {processor.py:840} INFO - DAG(s) 'example_local_kubernetes_executor' retrieved from /home/airflow/.local/lib/python3.12/site-packages/airflow/example_dags/example_local_kubernetes_executor.py
[2024-08-05T00:17:17.650+0000] {logging_mixin.py:188} INFO - [2024-08-05T00:17:17.650+0000] {dag.py:3089} INFO - Sync 1 DAGs
[2024-08-05T00:17:17.662+0000] {logging_mixin.py:188} INFO - [2024-08-05T00:17:17.661+0000] {dag.py:3947} INFO - Setting next_dagrun for example_local_kubernetes_executor to None, run_after=None
[2024-08-05T00:17:17.680+0000] {processor.py:183} INFO - Processing /home/airflow/.local/lib/python3.12/site-packages/airflow/example_dags/example_local_kubernetes_executor.py took 0.075 seconds
[2024-08-05T00:17:48.037+0000] {processor.py:161} INFO - Started process (PID=25194) to work on /home/airflow/.local/lib/python3.12/site-packages/airflow/example_dags/example_local_kubernetes_executor.py
[2024-08-05T00:17:48.037+0000] {processor.py:830} INFO - Processing file /home/airflow/.local/lib/python3.12/site-packages/airflow/example_dags/example_local_kubernetes_executor.py for tasks to queue
[2024-08-05T00:17:48.039+0000] {logging_mixin.py:188} INFO - [2024-08-05T00:17:48.039+0000] {dagbag.py:545} INFO - Filling up the DagBag from /home/airflow/.local/lib/python3.12/site-packages/airflow/example_dags/example_local_kubernetes_executor.py
[2024-08-05T00:17:48.046+0000] {processor.py:840} INFO - DAG(s) 'example_local_kubernetes_executor' retrieved from /home/airflow/.local/lib/python3.12/site-packages/airflow/example_dags/example_local_kubernetes_executor.py
[2024-08-05T00:17:48.078+0000] {logging_mixin.py:188} INFO - [2024-08-05T00:17:48.078+0000] {dag.py:3089} INFO - Sync 1 DAGs
[2024-08-05T00:17:48.090+0000] {logging_mixin.py:188} INFO - [2024-08-05T00:17:48.090+0000] {dag.py:3947} INFO - Setting next_dagrun for example_local_kubernetes_executor to None, run_after=None
[2024-08-05T00:17:48.106+0000] {processor.py:183} INFO - Processing /home/airflow/.local/lib/python3.12/site-packages/airflow/example_dags/example_local_kubernetes_executor.py took 0.075 seconds
[2024-08-05T00:18:18.330+0000] {processor.py:161} INFO - Started process (PID=25466) to work on /home/airflow/.local/lib/python3.12/site-packages/airflow/example_dags/example_local_kubernetes_executor.py
[2024-08-05T00:18:18.331+0000] {processor.py:830} INFO - Processing file /home/airflow/.local/lib/python3.12/site-packages/airflow/example_dags/example_local_kubernetes_executor.py for tasks to queue
[2024-08-05T00:18:18.333+0000] {logging_mixin.py:188} INFO - [2024-08-05T00:18:18.333+0000] {dagbag.py:545} INFO - Filling up the DagBag from /home/airflow/.local/lib/python3.12/site-packages/airflow/example_dags/example_local_kubernetes_executor.py
[2024-08-05T00:18:18.338+0000] {processor.py:840} INFO - DAG(s) 'example_local_kubernetes_executor' retrieved from /home/airflow/.local/lib/python3.12/site-packages/airflow/example_dags/example_local_kubernetes_executor.py
[2024-08-05T00:18:18.371+0000] {logging_mixin.py:188} INFO - [2024-08-05T00:18:18.371+0000] {dag.py:3089} INFO - Sync 1 DAGs
[2024-08-05T00:18:18.384+0000] {logging_mixin.py:188} INFO - [2024-08-05T00:18:18.384+0000] {dag.py:3947} INFO - Setting next_dagrun for example_local_kubernetes_executor to None, run_after=None
[2024-08-05T00:18:18.401+0000] {processor.py:183} INFO - Processing /home/airflow/.local/lib/python3.12/site-packages/airflow/example_dags/example_local_kubernetes_executor.py took 0.075 seconds
[2024-08-05T00:18:48.448+0000] {processor.py:161} INFO - Started process (PID=25738) to work on /home/airflow/.local/lib/python3.12/site-packages/airflow/example_dags/example_local_kubernetes_executor.py
[2024-08-05T00:18:48.449+0000] {processor.py:830} INFO - Processing file /home/airflow/.local/lib/python3.12/site-packages/airflow/example_dags/example_local_kubernetes_executor.py for tasks to queue
[2024-08-05T00:18:48.450+0000] {logging_mixin.py:188} INFO - [2024-08-05T00:18:48.450+0000] {dagbag.py:545} INFO - Filling up the DagBag from /home/airflow/.local/lib/python3.12/site-packages/airflow/example_dags/example_local_kubernetes_executor.py
[2024-08-05T00:18:48.456+0000] {processor.py:840} INFO - DAG(s) 'example_local_kubernetes_executor' retrieved from /home/airflow/.local/lib/python3.12/site-packages/airflow/example_dags/example_local_kubernetes_executor.py
[2024-08-05T00:18:48.489+0000] {logging_mixin.py:188} INFO - [2024-08-05T00:18:48.488+0000] {dag.py:3089} INFO - Sync 1 DAGs
[2024-08-05T00:18:48.501+0000] {logging_mixin.py:188} INFO - [2024-08-05T00:18:48.501+0000] {dag.py:3947} INFO - Setting next_dagrun for example_local_kubernetes_executor to None, run_after=None
[2024-08-05T00:18:48.519+0000] {processor.py:183} INFO - Processing /home/airflow/.local/lib/python3.12/site-packages/airflow/example_dags/example_local_kubernetes_executor.py took 0.076 seconds
[2024-08-05T00:19:18.810+0000] {processor.py:161} INFO - Started process (PID=26010) to work on /home/airflow/.local/lib/python3.12/site-packages/airflow/example_dags/example_local_kubernetes_executor.py
[2024-08-05T00:19:18.811+0000] {processor.py:830} INFO - Processing file /home/airflow/.local/lib/python3.12/site-packages/airflow/example_dags/example_local_kubernetes_executor.py for tasks to queue
[2024-08-05T00:19:18.812+0000] {logging_mixin.py:188} INFO - [2024-08-05T00:19:18.812+0000] {dagbag.py:545} INFO - Filling up the DagBag from /home/airflow/.local/lib/python3.12/site-packages/airflow/example_dags/example_local_kubernetes_executor.py
[2024-08-05T00:19:18.818+0000] {processor.py:840} INFO - DAG(s) 'example_local_kubernetes_executor' retrieved from /home/airflow/.local/lib/python3.12/site-packages/airflow/example_dags/example_local_kubernetes_executor.py
[2024-08-05T00:19:18.850+0000] {logging_mixin.py:188} INFO - [2024-08-05T00:19:18.850+0000] {dag.py:3089} INFO - Sync 1 DAGs
[2024-08-05T00:19:18.861+0000] {logging_mixin.py:188} INFO - [2024-08-05T00:19:18.861+0000] {dag.py:3947} INFO - Setting next_dagrun for example_local_kubernetes_executor to None, run_after=None
[2024-08-05T00:19:18.877+0000] {processor.py:183} INFO - Processing /home/airflow/.local/lib/python3.12/site-packages/airflow/example_dags/example_local_kubernetes_executor.py took 0.072 seconds
[2024-08-05T00:19:48.973+0000] {processor.py:161} INFO - Started process (PID=26282) to work on /home/airflow/.local/lib/python3.12/site-packages/airflow/example_dags/example_local_kubernetes_executor.py
[2024-08-05T00:19:48.973+0000] {processor.py:830} INFO - Processing file /home/airflow/.local/lib/python3.12/site-packages/airflow/example_dags/example_local_kubernetes_executor.py for tasks to queue
[2024-08-05T00:19:48.975+0000] {logging_mixin.py:188} INFO - [2024-08-05T00:19:48.975+0000] {dagbag.py:545} INFO - Filling up the DagBag from /home/airflow/.local/lib/python3.12/site-packages/airflow/example_dags/example_local_kubernetes_executor.py
[2024-08-05T00:19:48.981+0000] {processor.py:840} INFO - DAG(s) 'example_local_kubernetes_executor' retrieved from /home/airflow/.local/lib/python3.12/site-packages/airflow/example_dags/example_local_kubernetes_executor.py
[2024-08-05T00:19:49.012+0000] {logging_mixin.py:188} INFO - [2024-08-05T00:19:49.012+0000] {dag.py:3089} INFO - Sync 1 DAGs
[2024-08-05T00:19:49.023+0000] {logging_mixin.py:188} INFO - [2024-08-05T00:19:49.023+0000] {dag.py:3947} INFO - Setting next_dagrun for example_local_kubernetes_executor to None, run_after=None
[2024-08-05T00:19:49.039+0000] {processor.py:183} INFO - Processing /home/airflow/.local/lib/python3.12/site-packages/airflow/example_dags/example_local_kubernetes_executor.py took 0.072 seconds
[2024-08-05T00:20:19.271+0000] {processor.py:161} INFO - Started process (PID=26563) to work on /home/airflow/.local/lib/python3.12/site-packages/airflow/example_dags/example_local_kubernetes_executor.py
[2024-08-05T00:20:19.271+0000] {processor.py:830} INFO - Processing file /home/airflow/.local/lib/python3.12/site-packages/airflow/example_dags/example_local_kubernetes_executor.py for tasks to queue
[2024-08-05T00:20:19.273+0000] {logging_mixin.py:188} INFO - [2024-08-05T00:20:19.272+0000] {dagbag.py:545} INFO - Filling up the DagBag from /home/airflow/.local/lib/python3.12/site-packages/airflow/example_dags/example_local_kubernetes_executor.py
[2024-08-05T00:20:19.279+0000] {processor.py:840} INFO - DAG(s) 'example_local_kubernetes_executor' retrieved from /home/airflow/.local/lib/python3.12/site-packages/airflow/example_dags/example_local_kubernetes_executor.py
[2024-08-05T00:20:19.314+0000] {logging_mixin.py:188} INFO - [2024-08-05T00:20:19.313+0000] {dag.py:3089} INFO - Sync 1 DAGs
[2024-08-05T00:20:19.327+0000] {logging_mixin.py:188} INFO - [2024-08-05T00:20:19.326+0000] {dag.py:3947} INFO - Setting next_dagrun for example_local_kubernetes_executor to None, run_after=None
[2024-08-05T00:20:19.344+0000] {processor.py:183} INFO - Processing /home/airflow/.local/lib/python3.12/site-packages/airflow/example_dags/example_local_kubernetes_executor.py took 0.079 seconds
[2024-08-05T00:20:49.776+0000] {processor.py:161} INFO - Started process (PID=26835) to work on /home/airflow/.local/lib/python3.12/site-packages/airflow/example_dags/example_local_kubernetes_executor.py
[2024-08-05T00:20:49.776+0000] {processor.py:830} INFO - Processing file /home/airflow/.local/lib/python3.12/site-packages/airflow/example_dags/example_local_kubernetes_executor.py for tasks to queue
[2024-08-05T00:20:49.778+0000] {logging_mixin.py:188} INFO - [2024-08-05T00:20:49.778+0000] {dagbag.py:545} INFO - Filling up the DagBag from /home/airflow/.local/lib/python3.12/site-packages/airflow/example_dags/example_local_kubernetes_executor.py
[2024-08-05T00:20:49.784+0000] {processor.py:840} INFO - DAG(s) 'example_local_kubernetes_executor' retrieved from /home/airflow/.local/lib/python3.12/site-packages/airflow/example_dags/example_local_kubernetes_executor.py
[2024-08-05T00:20:49.815+0000] {logging_mixin.py:188} INFO - [2024-08-05T00:20:49.815+0000] {dag.py:3089} INFO - Sync 1 DAGs
[2024-08-05T00:20:49.827+0000] {logging_mixin.py:188} INFO - [2024-08-05T00:20:49.827+0000] {dag.py:3947} INFO - Setting next_dagrun for example_local_kubernetes_executor to None, run_after=None
[2024-08-05T00:20:49.843+0000] {processor.py:183} INFO - Processing /home/airflow/.local/lib/python3.12/site-packages/airflow/example_dags/example_local_kubernetes_executor.py took 0.072 seconds
[2024-08-05T00:21:20.276+0000] {processor.py:161} INFO - Started process (PID=27107) to work on /home/airflow/.local/lib/python3.12/site-packages/airflow/example_dags/example_local_kubernetes_executor.py
[2024-08-05T00:21:20.277+0000] {processor.py:830} INFO - Processing file /home/airflow/.local/lib/python3.12/site-packages/airflow/example_dags/example_local_kubernetes_executor.py for tasks to queue
[2024-08-05T00:21:20.278+0000] {logging_mixin.py:188} INFO - [2024-08-05T00:21:20.278+0000] {dagbag.py:545} INFO - Filling up the DagBag from /home/airflow/.local/lib/python3.12/site-packages/airflow/example_dags/example_local_kubernetes_executor.py
[2024-08-05T00:21:20.284+0000] {processor.py:840} INFO - DAG(s) 'example_local_kubernetes_executor' retrieved from /home/airflow/.local/lib/python3.12/site-packages/airflow/example_dags/example_local_kubernetes_executor.py
[2024-08-05T00:21:20.317+0000] {logging_mixin.py:188} INFO - [2024-08-05T00:21:20.317+0000] {dag.py:3089} INFO - Sync 1 DAGs
[2024-08-05T00:21:20.330+0000] {logging_mixin.py:188} INFO - [2024-08-05T00:21:20.330+0000] {dag.py:3947} INFO - Setting next_dagrun for example_local_kubernetes_executor to None, run_after=None
[2024-08-05T00:21:20.347+0000] {processor.py:183} INFO - Processing /home/airflow/.local/lib/python3.12/site-packages/airflow/example_dags/example_local_kubernetes_executor.py took 0.075 seconds
[2024-08-05T00:21:50.692+0000] {processor.py:161} INFO - Started process (PID=27379) to work on /home/airflow/.local/lib/python3.12/site-packages/airflow/example_dags/example_local_kubernetes_executor.py
[2024-08-05T00:21:50.693+0000] {processor.py:830} INFO - Processing file /home/airflow/.local/lib/python3.12/site-packages/airflow/example_dags/example_local_kubernetes_executor.py for tasks to queue
[2024-08-05T00:21:50.695+0000] {logging_mixin.py:188} INFO - [2024-08-05T00:21:50.694+0000] {dagbag.py:545} INFO - Filling up the DagBag from /home/airflow/.local/lib/python3.12/site-packages/airflow/example_dags/example_local_kubernetes_executor.py
[2024-08-05T00:21:50.701+0000] {processor.py:840} INFO - DAG(s) 'example_local_kubernetes_executor' retrieved from /home/airflow/.local/lib/python3.12/site-packages/airflow/example_dags/example_local_kubernetes_executor.py
[2024-08-05T00:21:50.733+0000] {logging_mixin.py:188} INFO - [2024-08-05T00:21:50.733+0000] {dag.py:3089} INFO - Sync 1 DAGs
[2024-08-05T00:21:50.746+0000] {logging_mixin.py:188} INFO - [2024-08-05T00:21:50.746+0000] {dag.py:3947} INFO - Setting next_dagrun for example_local_kubernetes_executor to None, run_after=None
[2024-08-05T00:21:50.763+0000] {processor.py:183} INFO - Processing /home/airflow/.local/lib/python3.12/site-packages/airflow/example_dags/example_local_kubernetes_executor.py took 0.075 seconds
[2024-08-05T00:22:21.128+0000] {processor.py:161} INFO - Started process (PID=27651) to work on /home/airflow/.local/lib/python3.12/site-packages/airflow/example_dags/example_local_kubernetes_executor.py
[2024-08-05T00:22:21.129+0000] {processor.py:830} INFO - Processing file /home/airflow/.local/lib/python3.12/site-packages/airflow/example_dags/example_local_kubernetes_executor.py for tasks to queue
[2024-08-05T00:22:21.130+0000] {logging_mixin.py:188} INFO - [2024-08-05T00:22:21.130+0000] {dagbag.py:545} INFO - Filling up the DagBag from /home/airflow/.local/lib/python3.12/site-packages/airflow/example_dags/example_local_kubernetes_executor.py
[2024-08-05T00:22:21.137+0000] {processor.py:840} INFO - DAG(s) 'example_local_kubernetes_executor' retrieved from /home/airflow/.local/lib/python3.12/site-packages/airflow/example_dags/example_local_kubernetes_executor.py
[2024-08-05T00:22:21.168+0000] {logging_mixin.py:188} INFO - [2024-08-05T00:22:21.167+0000] {dag.py:3089} INFO - Sync 1 DAGs
[2024-08-05T00:22:21.179+0000] {logging_mixin.py:188} INFO - [2024-08-05T00:22:21.179+0000] {dag.py:3947} INFO - Setting next_dagrun for example_local_kubernetes_executor to None, run_after=None
[2024-08-05T00:22:21.196+0000] {processor.py:183} INFO - Processing /home/airflow/.local/lib/python3.12/site-packages/airflow/example_dags/example_local_kubernetes_executor.py took 0.072 seconds
[2024-08-05T00:22:51.487+0000] {processor.py:161} INFO - Started process (PID=27923) to work on /home/airflow/.local/lib/python3.12/site-packages/airflow/example_dags/example_local_kubernetes_executor.py
[2024-08-05T00:22:51.488+0000] {processor.py:830} INFO - Processing file /home/airflow/.local/lib/python3.12/site-packages/airflow/example_dags/example_local_kubernetes_executor.py for tasks to queue
[2024-08-05T00:22:51.490+0000] {logging_mixin.py:188} INFO - [2024-08-05T00:22:51.489+0000] {dagbag.py:545} INFO - Filling up the DagBag from /home/airflow/.local/lib/python3.12/site-packages/airflow/example_dags/example_local_kubernetes_executor.py
[2024-08-05T00:22:51.495+0000] {processor.py:840} INFO - DAG(s) 'example_local_kubernetes_executor' retrieved from /home/airflow/.local/lib/python3.12/site-packages/airflow/example_dags/example_local_kubernetes_executor.py
[2024-08-05T00:22:51.690+0000] {logging_mixin.py:188} INFO - [2024-08-05T00:22:51.689+0000] {dag.py:3089} INFO - Sync 1 DAGs
[2024-08-05T00:22:51.700+0000] {logging_mixin.py:188} INFO - [2024-08-05T00:22:51.700+0000] {dag.py:3947} INFO - Setting next_dagrun for example_local_kubernetes_executor to None, run_after=None
[2024-08-05T00:22:51.715+0000] {processor.py:183} INFO - Processing /home/airflow/.local/lib/python3.12/site-packages/airflow/example_dags/example_local_kubernetes_executor.py took 0.233 seconds
[2024-08-05T00:23:21.844+0000] {processor.py:161} INFO - Started process (PID=28193) to work on /home/airflow/.local/lib/python3.12/site-packages/airflow/example_dags/example_local_kubernetes_executor.py
[2024-08-05T00:23:21.845+0000] {processor.py:830} INFO - Processing file /home/airflow/.local/lib/python3.12/site-packages/airflow/example_dags/example_local_kubernetes_executor.py for tasks to queue
[2024-08-05T00:23:21.846+0000] {logging_mixin.py:188} INFO - [2024-08-05T00:23:21.846+0000] {dagbag.py:545} INFO - Filling up the DagBag from /home/airflow/.local/lib/python3.12/site-packages/airflow/example_dags/example_local_kubernetes_executor.py
[2024-08-05T00:23:21.853+0000] {processor.py:840} INFO - DAG(s) 'example_local_kubernetes_executor' retrieved from /home/airflow/.local/lib/python3.12/site-packages/airflow/example_dags/example_local_kubernetes_executor.py
[2024-08-05T00:23:21.889+0000] {logging_mixin.py:188} INFO - [2024-08-05T00:23:21.889+0000] {dag.py:3089} INFO - Sync 1 DAGs
[2024-08-05T00:23:22.050+0000] {logging_mixin.py:188} INFO - [2024-08-05T00:23:22.049+0000] {dag.py:3947} INFO - Setting next_dagrun for example_local_kubernetes_executor to None, run_after=None
[2024-08-05T00:23:22.068+0000] {processor.py:183} INFO - Processing /home/airflow/.local/lib/python3.12/site-packages/airflow/example_dags/example_local_kubernetes_executor.py took 0.229 seconds
[2024-08-05T00:23:52.326+0000] {processor.py:161} INFO - Started process (PID=28467) to work on /home/airflow/.local/lib/python3.12/site-packages/airflow/example_dags/example_local_kubernetes_executor.py
[2024-08-05T00:23:52.327+0000] {processor.py:830} INFO - Processing file /home/airflow/.local/lib/python3.12/site-packages/airflow/example_dags/example_local_kubernetes_executor.py for tasks to queue
[2024-08-05T00:23:52.329+0000] {logging_mixin.py:188} INFO - [2024-08-05T00:23:52.328+0000] {dagbag.py:545} INFO - Filling up the DagBag from /home/airflow/.local/lib/python3.12/site-packages/airflow/example_dags/example_local_kubernetes_executor.py
[2024-08-05T00:23:52.335+0000] {processor.py:840} INFO - DAG(s) 'example_local_kubernetes_executor' retrieved from /home/airflow/.local/lib/python3.12/site-packages/airflow/example_dags/example_local_kubernetes_executor.py
[2024-08-05T00:23:52.370+0000] {logging_mixin.py:188} INFO - [2024-08-05T00:23:52.369+0000] {dag.py:3089} INFO - Sync 1 DAGs
[2024-08-05T00:23:52.527+0000] {logging_mixin.py:188} INFO - [2024-08-05T00:23:52.526+0000] {dag.py:3947} INFO - Setting next_dagrun for example_local_kubernetes_executor to None, run_after=None
[2024-08-05T00:23:52.541+0000] {processor.py:183} INFO - Processing /home/airflow/.local/lib/python3.12/site-packages/airflow/example_dags/example_local_kubernetes_executor.py took 0.220 seconds
[2024-08-05T00:24:22.882+0000] {processor.py:161} INFO - Started process (PID=28737) to work on /home/airflow/.local/lib/python3.12/site-packages/airflow/example_dags/example_local_kubernetes_executor.py
[2024-08-05T00:24:22.883+0000] {processor.py:830} INFO - Processing file /home/airflow/.local/lib/python3.12/site-packages/airflow/example_dags/example_local_kubernetes_executor.py for tasks to queue
[2024-08-05T00:24:22.885+0000] {logging_mixin.py:188} INFO - [2024-08-05T00:24:22.885+0000] {dagbag.py:545} INFO - Filling up the DagBag from /home/airflow/.local/lib/python3.12/site-packages/airflow/example_dags/example_local_kubernetes_executor.py
[2024-08-05T00:24:22.890+0000] {processor.py:840} INFO - DAG(s) 'example_local_kubernetes_executor' retrieved from /home/airflow/.local/lib/python3.12/site-packages/airflow/example_dags/example_local_kubernetes_executor.py
[2024-08-05T00:24:22.916+0000] {logging_mixin.py:188} INFO - [2024-08-05T00:24:22.916+0000] {dag.py:3089} INFO - Sync 1 DAGs
[2024-08-05T00:24:22.926+0000] {logging_mixin.py:188} INFO - [2024-08-05T00:24:22.925+0000] {dag.py:3947} INFO - Setting next_dagrun for example_local_kubernetes_executor to None, run_after=None
[2024-08-05T00:24:22.939+0000] {processor.py:183} INFO - Processing /home/airflow/.local/lib/python3.12/site-packages/airflow/example_dags/example_local_kubernetes_executor.py took 0.061 seconds
[2024-08-05T00:24:53.531+0000] {processor.py:161} INFO - Started process (PID=29017) to work on /home/airflow/.local/lib/python3.12/site-packages/airflow/example_dags/example_local_kubernetes_executor.py
[2024-08-05T00:24:53.531+0000] {processor.py:830} INFO - Processing file /home/airflow/.local/lib/python3.12/site-packages/airflow/example_dags/example_local_kubernetes_executor.py for tasks to queue
[2024-08-05T00:24:53.533+0000] {logging_mixin.py:188} INFO - [2024-08-05T00:24:53.533+0000] {dagbag.py:545} INFO - Filling up the DagBag from /home/airflow/.local/lib/python3.12/site-packages/airflow/example_dags/example_local_kubernetes_executor.py
[2024-08-05T00:24:53.538+0000] {processor.py:840} INFO - DAG(s) 'example_local_kubernetes_executor' retrieved from /home/airflow/.local/lib/python3.12/site-packages/airflow/example_dags/example_local_kubernetes_executor.py
[2024-08-05T00:24:53.565+0000] {logging_mixin.py:188} INFO - [2024-08-05T00:24:53.565+0000] {dag.py:3089} INFO - Sync 1 DAGs
[2024-08-05T00:24:53.574+0000] {logging_mixin.py:188} INFO - [2024-08-05T00:24:53.574+0000] {dag.py:3947} INFO - Setting next_dagrun for example_local_kubernetes_executor to None, run_after=None
[2024-08-05T00:24:53.588+0000] {processor.py:183} INFO - Processing /home/airflow/.local/lib/python3.12/site-packages/airflow/example_dags/example_local_kubernetes_executor.py took 0.061 seconds
