[2024-08-05T00:00:03.373+0000] {processor.py:161} INFO - Started process (PID=15682) to work on /home/airflow/.local/lib/python3.12/site-packages/airflow/example_dags/example_task_group_decorator.py
[2024-08-05T00:00:03.374+0000] {processor.py:830} INFO - Processing file /home/airflow/.local/lib/python3.12/site-packages/airflow/example_dags/example_task_group_decorator.py for tasks to queue
[2024-08-05T00:00:03.375+0000] {logging_mixin.py:188} INFO - [2024-08-05T00:00:03.375+0000] {dagbag.py:545} INFO - Filling up the DagBag from /home/airflow/.local/lib/python3.12/site-packages/airflow/example_dags/example_task_group_decorator.py
[2024-08-05T00:00:03.386+0000] {processor.py:840} INFO - DAG(s) 'example_task_group_decorator' retrieved from /home/airflow/.local/lib/python3.12/site-packages/airflow/example_dags/example_task_group_decorator.py
[2024-08-05T00:00:03.412+0000] {logging_mixin.py:188} INFO - [2024-08-05T00:00:03.412+0000] {dag.py:3089} INFO - Sync 1 DAGs
[2024-08-05T00:00:03.430+0000] {logging_mixin.py:188} INFO - [2024-08-05T00:00:03.429+0000] {dag.py:3947} INFO - Setting next_dagrun for example_task_group_decorator to 2024-08-04 00:00:00+00:00, run_after=2024-08-05 00:00:00+00:00
[2024-08-05T00:00:03.445+0000] {processor.py:183} INFO - Processing /home/airflow/.local/lib/python3.12/site-packages/airflow/example_dags/example_task_group_decorator.py took 0.078 seconds
[2024-08-05T00:00:34.202+0000] {processor.py:161} INFO - Started process (PID=15958) to work on /home/airflow/.local/lib/python3.12/site-packages/airflow/example_dags/example_task_group_decorator.py
[2024-08-05T00:00:34.203+0000] {processor.py:830} INFO - Processing file /home/airflow/.local/lib/python3.12/site-packages/airflow/example_dags/example_task_group_decorator.py for tasks to queue
[2024-08-05T00:00:34.205+0000] {logging_mixin.py:188} INFO - [2024-08-05T00:00:34.205+0000] {dagbag.py:545} INFO - Filling up the DagBag from /home/airflow/.local/lib/python3.12/site-packages/airflow/example_dags/example_task_group_decorator.py
[2024-08-05T00:00:34.216+0000] {processor.py:840} INFO - DAG(s) 'example_task_group_decorator' retrieved from /home/airflow/.local/lib/python3.12/site-packages/airflow/example_dags/example_task_group_decorator.py
[2024-08-05T00:00:34.243+0000] {logging_mixin.py:188} INFO - [2024-08-05T00:00:34.242+0000] {dag.py:3089} INFO - Sync 1 DAGs
[2024-08-05T00:00:34.260+0000] {logging_mixin.py:188} INFO - [2024-08-05T00:00:34.260+0000] {dag.py:3947} INFO - Setting next_dagrun for example_task_group_decorator to 2024-08-04 00:00:00+00:00, run_after=2024-08-05 00:00:00+00:00
[2024-08-05T00:00:34.275+0000] {processor.py:183} INFO - Processing /home/airflow/.local/lib/python3.12/site-packages/airflow/example_dags/example_task_group_decorator.py took 0.078 seconds
[2024-08-05T00:01:05.036+0000] {processor.py:161} INFO - Started process (PID=16228) to work on /home/airflow/.local/lib/python3.12/site-packages/airflow/example_dags/example_task_group_decorator.py
[2024-08-05T00:01:05.037+0000] {processor.py:830} INFO - Processing file /home/airflow/.local/lib/python3.12/site-packages/airflow/example_dags/example_task_group_decorator.py for tasks to queue
[2024-08-05T00:01:05.039+0000] {logging_mixin.py:188} INFO - [2024-08-05T00:01:05.039+0000] {dagbag.py:545} INFO - Filling up the DagBag from /home/airflow/.local/lib/python3.12/site-packages/airflow/example_dags/example_task_group_decorator.py
[2024-08-05T00:01:05.050+0000] {processor.py:840} INFO - DAG(s) 'example_task_group_decorator' retrieved from /home/airflow/.local/lib/python3.12/site-packages/airflow/example_dags/example_task_group_decorator.py
[2024-08-05T00:01:05.076+0000] {logging_mixin.py:188} INFO - [2024-08-05T00:01:05.076+0000] {dag.py:3089} INFO - Sync 1 DAGs
[2024-08-05T00:01:05.097+0000] {logging_mixin.py:188} INFO - [2024-08-05T00:01:05.097+0000] {dag.py:3947} INFO - Setting next_dagrun for example_task_group_decorator to 2024-08-04 00:00:00+00:00, run_after=2024-08-05 00:00:00+00:00
[2024-08-05T00:01:05.114+0000] {processor.py:183} INFO - Processing /home/airflow/.local/lib/python3.12/site-packages/airflow/example_dags/example_task_group_decorator.py took 0.083 seconds
[2024-08-05T00:01:35.479+0000] {processor.py:161} INFO - Started process (PID=16502) to work on /home/airflow/.local/lib/python3.12/site-packages/airflow/example_dags/example_task_group_decorator.py
[2024-08-05T00:01:35.480+0000] {processor.py:830} INFO - Processing file /home/airflow/.local/lib/python3.12/site-packages/airflow/example_dags/example_task_group_decorator.py for tasks to queue
[2024-08-05T00:01:35.481+0000] {logging_mixin.py:188} INFO - [2024-08-05T00:01:35.481+0000] {dagbag.py:545} INFO - Filling up the DagBag from /home/airflow/.local/lib/python3.12/site-packages/airflow/example_dags/example_task_group_decorator.py
[2024-08-05T00:01:35.494+0000] {processor.py:840} INFO - DAG(s) 'example_task_group_decorator' retrieved from /home/airflow/.local/lib/python3.12/site-packages/airflow/example_dags/example_task_group_decorator.py
[2024-08-05T00:01:35.520+0000] {logging_mixin.py:188} INFO - [2024-08-05T00:01:35.520+0000] {dag.py:3089} INFO - Sync 1 DAGs
[2024-08-05T00:01:35.542+0000] {logging_mixin.py:188} INFO - [2024-08-05T00:01:35.542+0000] {dag.py:3947} INFO - Setting next_dagrun for example_task_group_decorator to 2024-08-04 00:00:00+00:00, run_after=2024-08-05 00:00:00+00:00
[2024-08-05T00:01:35.559+0000] {processor.py:183} INFO - Processing /home/airflow/.local/lib/python3.12/site-packages/airflow/example_dags/example_task_group_decorator.py took 0.085 seconds
[2024-08-05T00:02:05.641+0000] {processor.py:161} INFO - Started process (PID=16774) to work on /home/airflow/.local/lib/python3.12/site-packages/airflow/example_dags/example_task_group_decorator.py
[2024-08-05T00:02:05.642+0000] {processor.py:830} INFO - Processing file /home/airflow/.local/lib/python3.12/site-packages/airflow/example_dags/example_task_group_decorator.py for tasks to queue
[2024-08-05T00:02:05.644+0000] {logging_mixin.py:188} INFO - [2024-08-05T00:02:05.644+0000] {dagbag.py:545} INFO - Filling up the DagBag from /home/airflow/.local/lib/python3.12/site-packages/airflow/example_dags/example_task_group_decorator.py
[2024-08-05T00:02:05.656+0000] {processor.py:840} INFO - DAG(s) 'example_task_group_decorator' retrieved from /home/airflow/.local/lib/python3.12/site-packages/airflow/example_dags/example_task_group_decorator.py
[2024-08-05T00:02:05.681+0000] {logging_mixin.py:188} INFO - [2024-08-05T00:02:05.680+0000] {dag.py:3089} INFO - Sync 1 DAGs
[2024-08-05T00:02:05.699+0000] {logging_mixin.py:188} INFO - [2024-08-05T00:02:05.698+0000] {dag.py:3947} INFO - Setting next_dagrun for example_task_group_decorator to 2024-08-04 00:00:00+00:00, run_after=2024-08-05 00:00:00+00:00
[2024-08-05T00:02:05.714+0000] {processor.py:183} INFO - Processing /home/airflow/.local/lib/python3.12/site-packages/airflow/example_dags/example_task_group_decorator.py took 0.080 seconds
[2024-08-05T00:02:35.798+0000] {processor.py:161} INFO - Started process (PID=17046) to work on /home/airflow/.local/lib/python3.12/site-packages/airflow/example_dags/example_task_group_decorator.py
[2024-08-05T00:02:35.799+0000] {processor.py:830} INFO - Processing file /home/airflow/.local/lib/python3.12/site-packages/airflow/example_dags/example_task_group_decorator.py for tasks to queue
[2024-08-05T00:02:35.800+0000] {logging_mixin.py:188} INFO - [2024-08-05T00:02:35.800+0000] {dagbag.py:545} INFO - Filling up the DagBag from /home/airflow/.local/lib/python3.12/site-packages/airflow/example_dags/example_task_group_decorator.py
[2024-08-05T00:02:35.812+0000] {processor.py:840} INFO - DAG(s) 'example_task_group_decorator' retrieved from /home/airflow/.local/lib/python3.12/site-packages/airflow/example_dags/example_task_group_decorator.py
[2024-08-05T00:02:35.839+0000] {logging_mixin.py:188} INFO - [2024-08-05T00:02:35.838+0000] {dag.py:3089} INFO - Sync 1 DAGs
[2024-08-05T00:02:35.858+0000] {logging_mixin.py:188} INFO - [2024-08-05T00:02:35.858+0000] {dag.py:3947} INFO - Setting next_dagrun for example_task_group_decorator to 2024-08-04 00:00:00+00:00, run_after=2024-08-05 00:00:00+00:00
[2024-08-05T00:02:35.873+0000] {processor.py:183} INFO - Processing /home/airflow/.local/lib/python3.12/site-packages/airflow/example_dags/example_task_group_decorator.py took 0.080 seconds
[2024-08-05T00:03:05.932+0000] {processor.py:161} INFO - Started process (PID=17318) to work on /home/airflow/.local/lib/python3.12/site-packages/airflow/example_dags/example_task_group_decorator.py
[2024-08-05T00:03:05.934+0000] {processor.py:830} INFO - Processing file /home/airflow/.local/lib/python3.12/site-packages/airflow/example_dags/example_task_group_decorator.py for tasks to queue
[2024-08-05T00:03:05.935+0000] {logging_mixin.py:188} INFO - [2024-08-05T00:03:05.935+0000] {dagbag.py:545} INFO - Filling up the DagBag from /home/airflow/.local/lib/python3.12/site-packages/airflow/example_dags/example_task_group_decorator.py
[2024-08-05T00:03:05.949+0000] {processor.py:840} INFO - DAG(s) 'example_task_group_decorator' retrieved from /home/airflow/.local/lib/python3.12/site-packages/airflow/example_dags/example_task_group_decorator.py
[2024-08-05T00:03:05.977+0000] {logging_mixin.py:188} INFO - [2024-08-05T00:03:05.976+0000] {dag.py:3089} INFO - Sync 1 DAGs
[2024-08-05T00:03:05.995+0000] {logging_mixin.py:188} INFO - [2024-08-05T00:03:05.994+0000] {dag.py:3947} INFO - Setting next_dagrun for example_task_group_decorator to 2024-08-04 00:00:00+00:00, run_after=2024-08-05 00:00:00+00:00
[2024-08-05T00:03:06.011+0000] {processor.py:183} INFO - Processing /home/airflow/.local/lib/python3.12/site-packages/airflow/example_dags/example_task_group_decorator.py took 0.083 seconds
[2024-08-05T00:03:36.282+0000] {processor.py:161} INFO - Started process (PID=17590) to work on /home/airflow/.local/lib/python3.12/site-packages/airflow/example_dags/example_task_group_decorator.py
[2024-08-05T00:03:36.283+0000] {processor.py:830} INFO - Processing file /home/airflow/.local/lib/python3.12/site-packages/airflow/example_dags/example_task_group_decorator.py for tasks to queue
[2024-08-05T00:03:36.285+0000] {logging_mixin.py:188} INFO - [2024-08-05T00:03:36.284+0000] {dagbag.py:545} INFO - Filling up the DagBag from /home/airflow/.local/lib/python3.12/site-packages/airflow/example_dags/example_task_group_decorator.py
[2024-08-05T00:03:36.296+0000] {processor.py:840} INFO - DAG(s) 'example_task_group_decorator' retrieved from /home/airflow/.local/lib/python3.12/site-packages/airflow/example_dags/example_task_group_decorator.py
[2024-08-05T00:03:36.325+0000] {logging_mixin.py:188} INFO - [2024-08-05T00:03:36.325+0000] {dag.py:3089} INFO - Sync 1 DAGs
[2024-08-05T00:03:36.346+0000] {logging_mixin.py:188} INFO - [2024-08-05T00:03:36.346+0000] {dag.py:3947} INFO - Setting next_dagrun for example_task_group_decorator to 2024-08-04 00:00:00+00:00, run_after=2024-08-05 00:00:00+00:00
[2024-08-05T00:03:36.363+0000] {processor.py:183} INFO - Processing /home/airflow/.local/lib/python3.12/site-packages/airflow/example_dags/example_task_group_decorator.py took 0.087 seconds
[2024-08-05T00:04:06.594+0000] {processor.py:161} INFO - Started process (PID=17862) to work on /home/airflow/.local/lib/python3.12/site-packages/airflow/example_dags/example_task_group_decorator.py
[2024-08-05T00:04:06.595+0000] {processor.py:830} INFO - Processing file /home/airflow/.local/lib/python3.12/site-packages/airflow/example_dags/example_task_group_decorator.py for tasks to queue
[2024-08-05T00:04:06.596+0000] {logging_mixin.py:188} INFO - [2024-08-05T00:04:06.596+0000] {dagbag.py:545} INFO - Filling up the DagBag from /home/airflow/.local/lib/python3.12/site-packages/airflow/example_dags/example_task_group_decorator.py
[2024-08-05T00:04:06.610+0000] {processor.py:840} INFO - DAG(s) 'example_task_group_decorator' retrieved from /home/airflow/.local/lib/python3.12/site-packages/airflow/example_dags/example_task_group_decorator.py
[2024-08-05T00:04:06.637+0000] {logging_mixin.py:188} INFO - [2024-08-05T00:04:06.637+0000] {dag.py:3089} INFO - Sync 1 DAGs
[2024-08-05T00:04:06.658+0000] {logging_mixin.py:188} INFO - [2024-08-05T00:04:06.658+0000] {dag.py:3947} INFO - Setting next_dagrun for example_task_group_decorator to 2024-08-04 00:00:00+00:00, run_after=2024-08-05 00:00:00+00:00
[2024-08-05T00:04:06.675+0000] {processor.py:183} INFO - Processing /home/airflow/.local/lib/python3.12/site-packages/airflow/example_dags/example_task_group_decorator.py took 0.086 seconds
[2024-08-05T00:04:36.757+0000] {processor.py:161} INFO - Started process (PID=18132) to work on /home/airflow/.local/lib/python3.12/site-packages/airflow/example_dags/example_task_group_decorator.py
[2024-08-05T00:04:36.758+0000] {processor.py:830} INFO - Processing file /home/airflow/.local/lib/python3.12/site-packages/airflow/example_dags/example_task_group_decorator.py for tasks to queue
[2024-08-05T00:04:36.759+0000] {logging_mixin.py:188} INFO - [2024-08-05T00:04:36.759+0000] {dagbag.py:545} INFO - Filling up the DagBag from /home/airflow/.local/lib/python3.12/site-packages/airflow/example_dags/example_task_group_decorator.py
[2024-08-05T00:04:36.770+0000] {processor.py:840} INFO - DAG(s) 'example_task_group_decorator' retrieved from /home/airflow/.local/lib/python3.12/site-packages/airflow/example_dags/example_task_group_decorator.py
[2024-08-05T00:04:36.796+0000] {logging_mixin.py:188} INFO - [2024-08-05T00:04:36.796+0000] {dag.py:3089} INFO - Sync 1 DAGs
[2024-08-05T00:04:36.818+0000] {logging_mixin.py:188} INFO - [2024-08-05T00:04:36.818+0000] {dag.py:3947} INFO - Setting next_dagrun for example_task_group_decorator to 2024-08-04 00:00:00+00:00, run_after=2024-08-05 00:00:00+00:00
[2024-08-05T00:04:36.834+0000] {processor.py:183} INFO - Processing /home/airflow/.local/lib/python3.12/site-packages/airflow/example_dags/example_task_group_decorator.py took 0.082 seconds
[2024-08-05T00:05:07.003+0000] {processor.py:161} INFO - Started process (PID=18406) to work on /home/airflow/.local/lib/python3.12/site-packages/airflow/example_dags/example_task_group_decorator.py
[2024-08-05T00:05:07.004+0000] {processor.py:830} INFO - Processing file /home/airflow/.local/lib/python3.12/site-packages/airflow/example_dags/example_task_group_decorator.py for tasks to queue
[2024-08-05T00:05:07.006+0000] {logging_mixin.py:188} INFO - [2024-08-05T00:05:07.006+0000] {dagbag.py:545} INFO - Filling up the DagBag from /home/airflow/.local/lib/python3.12/site-packages/airflow/example_dags/example_task_group_decorator.py
[2024-08-05T00:05:07.019+0000] {processor.py:840} INFO - DAG(s) 'example_task_group_decorator' retrieved from /home/airflow/.local/lib/python3.12/site-packages/airflow/example_dags/example_task_group_decorator.py
[2024-08-05T00:05:07.041+0000] {logging_mixin.py:188} INFO - [2024-08-05T00:05:07.041+0000] {dag.py:3089} INFO - Sync 1 DAGs
[2024-08-05T00:05:07.060+0000] {logging_mixin.py:188} INFO - [2024-08-05T00:05:07.060+0000] {dag.py:3947} INFO - Setting next_dagrun for example_task_group_decorator to 2024-08-04 00:00:00+00:00, run_after=2024-08-05 00:00:00+00:00
[2024-08-05T00:05:07.077+0000] {processor.py:183} INFO - Processing /home/airflow/.local/lib/python3.12/site-packages/airflow/example_dags/example_task_group_decorator.py took 0.080 seconds
[2024-08-05T00:05:37.381+0000] {processor.py:161} INFO - Started process (PID=18678) to work on /home/airflow/.local/lib/python3.12/site-packages/airflow/example_dags/example_task_group_decorator.py
[2024-08-05T00:05:37.382+0000] {processor.py:830} INFO - Processing file /home/airflow/.local/lib/python3.12/site-packages/airflow/example_dags/example_task_group_decorator.py for tasks to queue
[2024-08-05T00:05:37.383+0000] {logging_mixin.py:188} INFO - [2024-08-05T00:05:37.383+0000] {dagbag.py:545} INFO - Filling up the DagBag from /home/airflow/.local/lib/python3.12/site-packages/airflow/example_dags/example_task_group_decorator.py
[2024-08-05T00:05:37.395+0000] {processor.py:840} INFO - DAG(s) 'example_task_group_decorator' retrieved from /home/airflow/.local/lib/python3.12/site-packages/airflow/example_dags/example_task_group_decorator.py
[2024-08-05T00:05:37.423+0000] {logging_mixin.py:188} INFO - [2024-08-05T00:05:37.423+0000] {dag.py:3089} INFO - Sync 1 DAGs
[2024-08-05T00:05:37.443+0000] {logging_mixin.py:188} INFO - [2024-08-05T00:05:37.443+0000] {dag.py:3947} INFO - Setting next_dagrun for example_task_group_decorator to 2024-08-04 00:00:00+00:00, run_after=2024-08-05 00:00:00+00:00
[2024-08-05T00:05:37.459+0000] {processor.py:183} INFO - Processing /home/airflow/.local/lib/python3.12/site-packages/airflow/example_dags/example_task_group_decorator.py took 0.084 seconds
[2024-08-05T00:06:08.392+0000] {processor.py:161} INFO - Started process (PID=18950) to work on /home/airflow/.local/lib/python3.12/site-packages/airflow/example_dags/example_task_group_decorator.py
[2024-08-05T00:06:08.393+0000] {processor.py:830} INFO - Processing file /home/airflow/.local/lib/python3.12/site-packages/airflow/example_dags/example_task_group_decorator.py for tasks to queue
[2024-08-05T00:06:08.394+0000] {logging_mixin.py:188} INFO - [2024-08-05T00:06:08.394+0000] {dagbag.py:545} INFO - Filling up the DagBag from /home/airflow/.local/lib/python3.12/site-packages/airflow/example_dags/example_task_group_decorator.py
[2024-08-05T00:06:08.408+0000] {processor.py:840} INFO - DAG(s) 'example_task_group_decorator' retrieved from /home/airflow/.local/lib/python3.12/site-packages/airflow/example_dags/example_task_group_decorator.py
[2024-08-05T00:06:08.434+0000] {logging_mixin.py:188} INFO - [2024-08-05T00:06:08.434+0000] {dag.py:3089} INFO - Sync 1 DAGs
[2024-08-05T00:06:08.454+0000] {logging_mixin.py:188} INFO - [2024-08-05T00:06:08.454+0000] {dag.py:3947} INFO - Setting next_dagrun for example_task_group_decorator to 2024-08-04 00:00:00+00:00, run_after=2024-08-05 00:00:00+00:00
[2024-08-05T00:06:08.471+0000] {processor.py:183} INFO - Processing /home/airflow/.local/lib/python3.12/site-packages/airflow/example_dags/example_task_group_decorator.py took 0.084 seconds
[2024-08-05T00:06:38.513+0000] {processor.py:161} INFO - Started process (PID=19220) to work on /home/airflow/.local/lib/python3.12/site-packages/airflow/example_dags/example_task_group_decorator.py
[2024-08-05T00:06:38.513+0000] {processor.py:830} INFO - Processing file /home/airflow/.local/lib/python3.12/site-packages/airflow/example_dags/example_task_group_decorator.py for tasks to queue
[2024-08-05T00:06:38.515+0000] {logging_mixin.py:188} INFO - [2024-08-05T00:06:38.515+0000] {dagbag.py:545} INFO - Filling up the DagBag from /home/airflow/.local/lib/python3.12/site-packages/airflow/example_dags/example_task_group_decorator.py
[2024-08-05T00:06:38.527+0000] {processor.py:840} INFO - DAG(s) 'example_task_group_decorator' retrieved from /home/airflow/.local/lib/python3.12/site-packages/airflow/example_dags/example_task_group_decorator.py
[2024-08-05T00:06:38.551+0000] {logging_mixin.py:188} INFO - [2024-08-05T00:06:38.551+0000] {dag.py:3089} INFO - Sync 1 DAGs
[2024-08-05T00:06:38.571+0000] {logging_mixin.py:188} INFO - [2024-08-05T00:06:38.570+0000] {dag.py:3947} INFO - Setting next_dagrun for example_task_group_decorator to 2024-08-04 00:00:00+00:00, run_after=2024-08-05 00:00:00+00:00
[2024-08-05T00:06:38.588+0000] {processor.py:183} INFO - Processing /home/airflow/.local/lib/python3.12/site-packages/airflow/example_dags/example_task_group_decorator.py took 0.080 seconds
[2024-08-05T00:07:08.903+0000] {processor.py:161} INFO - Started process (PID=19494) to work on /home/airflow/.local/lib/python3.12/site-packages/airflow/example_dags/example_task_group_decorator.py
[2024-08-05T00:07:08.904+0000] {processor.py:830} INFO - Processing file /home/airflow/.local/lib/python3.12/site-packages/airflow/example_dags/example_task_group_decorator.py for tasks to queue
[2024-08-05T00:07:08.905+0000] {logging_mixin.py:188} INFO - [2024-08-05T00:07:08.905+0000] {dagbag.py:545} INFO - Filling up the DagBag from /home/airflow/.local/lib/python3.12/site-packages/airflow/example_dags/example_task_group_decorator.py
[2024-08-05T00:07:08.920+0000] {processor.py:840} INFO - DAG(s) 'example_task_group_decorator' retrieved from /home/airflow/.local/lib/python3.12/site-packages/airflow/example_dags/example_task_group_decorator.py
[2024-08-05T00:07:08.950+0000] {logging_mixin.py:188} INFO - [2024-08-05T00:07:08.950+0000] {dag.py:3089} INFO - Sync 1 DAGs
[2024-08-05T00:07:08.972+0000] {logging_mixin.py:188} INFO - [2024-08-05T00:07:08.972+0000] {dag.py:3947} INFO - Setting next_dagrun for example_task_group_decorator to 2024-08-04 00:00:00+00:00, run_after=2024-08-05 00:00:00+00:00
[2024-08-05T00:07:08.991+0000] {processor.py:183} INFO - Processing /home/airflow/.local/lib/python3.12/site-packages/airflow/example_dags/example_task_group_decorator.py took 0.094 seconds
[2024-08-05T00:07:39.701+0000] {processor.py:161} INFO - Started process (PID=19758) to work on /home/airflow/.local/lib/python3.12/site-packages/airflow/example_dags/example_task_group_decorator.py
[2024-08-05T00:07:39.702+0000] {processor.py:830} INFO - Processing file /home/airflow/.local/lib/python3.12/site-packages/airflow/example_dags/example_task_group_decorator.py for tasks to queue
[2024-08-05T00:07:39.704+0000] {logging_mixin.py:188} INFO - [2024-08-05T00:07:39.703+0000] {dagbag.py:545} INFO - Filling up the DagBag from /home/airflow/.local/lib/python3.12/site-packages/airflow/example_dags/example_task_group_decorator.py
[2024-08-05T00:07:39.718+0000] {processor.py:840} INFO - DAG(s) 'example_task_group_decorator' retrieved from /home/airflow/.local/lib/python3.12/site-packages/airflow/example_dags/example_task_group_decorator.py
[2024-08-05T00:07:39.745+0000] {logging_mixin.py:188} INFO - [2024-08-05T00:07:39.744+0000] {dag.py:3089} INFO - Sync 1 DAGs
[2024-08-05T00:07:39.765+0000] {logging_mixin.py:188} INFO - [2024-08-05T00:07:39.765+0000] {dag.py:3947} INFO - Setting next_dagrun for example_task_group_decorator to 2024-08-04 00:00:00+00:00, run_after=2024-08-05 00:00:00+00:00
[2024-08-05T00:07:39.783+0000] {processor.py:183} INFO - Processing /home/airflow/.local/lib/python3.12/site-packages/airflow/example_dags/example_task_group_decorator.py took 0.087 seconds
[2024-08-05T00:08:09.997+0000] {processor.py:161} INFO - Started process (PID=20032) to work on /home/airflow/.local/lib/python3.12/site-packages/airflow/example_dags/example_task_group_decorator.py
[2024-08-05T00:08:09.998+0000] {processor.py:830} INFO - Processing file /home/airflow/.local/lib/python3.12/site-packages/airflow/example_dags/example_task_group_decorator.py for tasks to queue
[2024-08-05T00:08:10.000+0000] {logging_mixin.py:188} INFO - [2024-08-05T00:08:10.000+0000] {dagbag.py:545} INFO - Filling up the DagBag from /home/airflow/.local/lib/python3.12/site-packages/airflow/example_dags/example_task_group_decorator.py
[2024-08-05T00:08:10.012+0000] {processor.py:840} INFO - DAG(s) 'example_task_group_decorator' retrieved from /home/airflow/.local/lib/python3.12/site-packages/airflow/example_dags/example_task_group_decorator.py
[2024-08-05T00:08:10.038+0000] {logging_mixin.py:188} INFO - [2024-08-05T00:08:10.038+0000] {dag.py:3089} INFO - Sync 1 DAGs
[2024-08-05T00:08:10.060+0000] {logging_mixin.py:188} INFO - [2024-08-05T00:08:10.060+0000] {dag.py:3947} INFO - Setting next_dagrun for example_task_group_decorator to 2024-08-04 00:00:00+00:00, run_after=2024-08-05 00:00:00+00:00
[2024-08-05T00:08:10.078+0000] {processor.py:183} INFO - Processing /home/airflow/.local/lib/python3.12/site-packages/airflow/example_dags/example_task_group_decorator.py took 0.087 seconds
[2024-08-05T00:08:40.397+0000] {processor.py:161} INFO - Started process (PID=20309) to work on /home/airflow/.local/lib/python3.12/site-packages/airflow/example_dags/example_task_group_decorator.py
[2024-08-05T00:08:40.398+0000] {processor.py:830} INFO - Processing file /home/airflow/.local/lib/python3.12/site-packages/airflow/example_dags/example_task_group_decorator.py for tasks to queue
[2024-08-05T00:08:40.399+0000] {logging_mixin.py:188} INFO - [2024-08-05T00:08:40.399+0000] {dagbag.py:545} INFO - Filling up the DagBag from /home/airflow/.local/lib/python3.12/site-packages/airflow/example_dags/example_task_group_decorator.py
[2024-08-05T00:08:40.412+0000] {processor.py:840} INFO - DAG(s) 'example_task_group_decorator' retrieved from /home/airflow/.local/lib/python3.12/site-packages/airflow/example_dags/example_task_group_decorator.py
[2024-08-05T00:08:40.437+0000] {logging_mixin.py:188} INFO - [2024-08-05T00:08:40.437+0000] {dag.py:3089} INFO - Sync 1 DAGs
[2024-08-05T00:08:40.456+0000] {logging_mixin.py:188} INFO - [2024-08-05T00:08:40.456+0000] {dag.py:3947} INFO - Setting next_dagrun for example_task_group_decorator to 2024-08-04 00:00:00+00:00, run_after=2024-08-05 00:00:00+00:00
[2024-08-05T00:08:40.471+0000] {processor.py:183} INFO - Processing /home/airflow/.local/lib/python3.12/site-packages/airflow/example_dags/example_task_group_decorator.py took 0.079 seconds
[2024-08-05T00:09:10.561+0000] {processor.py:161} INFO - Started process (PID=20586) to work on /home/airflow/.local/lib/python3.12/site-packages/airflow/example_dags/example_task_group_decorator.py
[2024-08-05T00:09:10.562+0000] {processor.py:830} INFO - Processing file /home/airflow/.local/lib/python3.12/site-packages/airflow/example_dags/example_task_group_decorator.py for tasks to queue
[2024-08-05T00:09:10.563+0000] {logging_mixin.py:188} INFO - [2024-08-05T00:09:10.563+0000] {dagbag.py:545} INFO - Filling up the DagBag from /home/airflow/.local/lib/python3.12/site-packages/airflow/example_dags/example_task_group_decorator.py
[2024-08-05T00:09:10.574+0000] {processor.py:840} INFO - DAG(s) 'example_task_group_decorator' retrieved from /home/airflow/.local/lib/python3.12/site-packages/airflow/example_dags/example_task_group_decorator.py
[2024-08-05T00:09:10.598+0000] {logging_mixin.py:188} INFO - [2024-08-05T00:09:10.597+0000] {dag.py:3089} INFO - Sync 1 DAGs
[2024-08-05T00:09:10.615+0000] {logging_mixin.py:188} INFO - [2024-08-05T00:09:10.615+0000] {dag.py:3947} INFO - Setting next_dagrun for example_task_group_decorator to 2024-08-04 00:00:00+00:00, run_after=2024-08-05 00:00:00+00:00
[2024-08-05T00:09:10.629+0000] {processor.py:183} INFO - Processing /home/airflow/.local/lib/python3.12/site-packages/airflow/example_dags/example_task_group_decorator.py took 0.073 seconds
[2024-08-05T00:09:41.146+0000] {processor.py:161} INFO - Started process (PID=20848) to work on /home/airflow/.local/lib/python3.12/site-packages/airflow/example_dags/example_task_group_decorator.py
[2024-08-05T00:09:41.147+0000] {processor.py:830} INFO - Processing file /home/airflow/.local/lib/python3.12/site-packages/airflow/example_dags/example_task_group_decorator.py for tasks to queue
[2024-08-05T00:09:41.148+0000] {logging_mixin.py:188} INFO - [2024-08-05T00:09:41.148+0000] {dagbag.py:545} INFO - Filling up the DagBag from /home/airflow/.local/lib/python3.12/site-packages/airflow/example_dags/example_task_group_decorator.py
[2024-08-05T00:09:41.161+0000] {processor.py:840} INFO - DAG(s) 'example_task_group_decorator' retrieved from /home/airflow/.local/lib/python3.12/site-packages/airflow/example_dags/example_task_group_decorator.py
[2024-08-05T00:09:41.186+0000] {logging_mixin.py:188} INFO - [2024-08-05T00:09:41.186+0000] {dag.py:3089} INFO - Sync 1 DAGs
[2024-08-05T00:09:41.205+0000] {logging_mixin.py:188} INFO - [2024-08-05T00:09:41.204+0000] {dag.py:3947} INFO - Setting next_dagrun for example_task_group_decorator to 2024-08-04 00:00:00+00:00, run_after=2024-08-05 00:00:00+00:00
[2024-08-05T00:09:41.221+0000] {processor.py:183} INFO - Processing /home/airflow/.local/lib/python3.12/site-packages/airflow/example_dags/example_task_group_decorator.py took 0.082 seconds
[2024-08-05T00:10:11.825+0000] {processor.py:161} INFO - Started process (PID=21126) to work on /home/airflow/.local/lib/python3.12/site-packages/airflow/example_dags/example_task_group_decorator.py
[2024-08-05T00:10:11.826+0000] {processor.py:830} INFO - Processing file /home/airflow/.local/lib/python3.12/site-packages/airflow/example_dags/example_task_group_decorator.py for tasks to queue
[2024-08-05T00:10:11.827+0000] {logging_mixin.py:188} INFO - [2024-08-05T00:10:11.827+0000] {dagbag.py:545} INFO - Filling up the DagBag from /home/airflow/.local/lib/python3.12/site-packages/airflow/example_dags/example_task_group_decorator.py
[2024-08-05T00:10:11.838+0000] {processor.py:840} INFO - DAG(s) 'example_task_group_decorator' retrieved from /home/airflow/.local/lib/python3.12/site-packages/airflow/example_dags/example_task_group_decorator.py
[2024-08-05T00:10:11.863+0000] {logging_mixin.py:188} INFO - [2024-08-05T00:10:11.862+0000] {dag.py:3089} INFO - Sync 1 DAGs
[2024-08-05T00:10:11.881+0000] {logging_mixin.py:188} INFO - [2024-08-05T00:10:11.881+0000] {dag.py:3947} INFO - Setting next_dagrun for example_task_group_decorator to 2024-08-04 00:00:00+00:00, run_after=2024-08-05 00:00:00+00:00
[2024-08-05T00:10:11.896+0000] {processor.py:183} INFO - Processing /home/airflow/.local/lib/python3.12/site-packages/airflow/example_dags/example_task_group_decorator.py took 0.077 seconds
[2024-08-05T00:10:42.581+0000] {processor.py:161} INFO - Started process (PID=21399) to work on /home/airflow/.local/lib/python3.12/site-packages/airflow/example_dags/example_task_group_decorator.py
[2024-08-05T00:10:42.581+0000] {processor.py:830} INFO - Processing file /home/airflow/.local/lib/python3.12/site-packages/airflow/example_dags/example_task_group_decorator.py for tasks to queue
[2024-08-05T00:10:42.583+0000] {logging_mixin.py:188} INFO - [2024-08-05T00:10:42.583+0000] {dagbag.py:545} INFO - Filling up the DagBag from /home/airflow/.local/lib/python3.12/site-packages/airflow/example_dags/example_task_group_decorator.py
[2024-08-05T00:10:42.595+0000] {processor.py:840} INFO - DAG(s) 'example_task_group_decorator' retrieved from /home/airflow/.local/lib/python3.12/site-packages/airflow/example_dags/example_task_group_decorator.py
[2024-08-05T00:10:42.620+0000] {logging_mixin.py:188} INFO - [2024-08-05T00:10:42.619+0000] {dag.py:3089} INFO - Sync 1 DAGs
[2024-08-05T00:10:42.639+0000] {logging_mixin.py:188} INFO - [2024-08-05T00:10:42.639+0000] {dag.py:3947} INFO - Setting next_dagrun for example_task_group_decorator to 2024-08-04 00:00:00+00:00, run_after=2024-08-05 00:00:00+00:00
[2024-08-05T00:10:42.657+0000] {processor.py:183} INFO - Processing /home/airflow/.local/lib/python3.12/site-packages/airflow/example_dags/example_task_group_decorator.py took 0.081 seconds
[2024-08-05T00:11:13.383+0000] {processor.py:161} INFO - Started process (PID=21673) to work on /home/airflow/.local/lib/python3.12/site-packages/airflow/example_dags/example_task_group_decorator.py
[2024-08-05T00:11:13.384+0000] {processor.py:830} INFO - Processing file /home/airflow/.local/lib/python3.12/site-packages/airflow/example_dags/example_task_group_decorator.py for tasks to queue
[2024-08-05T00:11:13.386+0000] {logging_mixin.py:188} INFO - [2024-08-05T00:11:13.385+0000] {dagbag.py:545} INFO - Filling up the DagBag from /home/airflow/.local/lib/python3.12/site-packages/airflow/example_dags/example_task_group_decorator.py
[2024-08-05T00:11:13.400+0000] {processor.py:840} INFO - DAG(s) 'example_task_group_decorator' retrieved from /home/airflow/.local/lib/python3.12/site-packages/airflow/example_dags/example_task_group_decorator.py
[2024-08-05T00:11:13.433+0000] {logging_mixin.py:188} INFO - [2024-08-05T00:11:13.432+0000] {dag.py:3089} INFO - Sync 1 DAGs
[2024-08-05T00:11:13.456+0000] {logging_mixin.py:188} INFO - [2024-08-05T00:11:13.455+0000] {dag.py:3947} INFO - Setting next_dagrun for example_task_group_decorator to 2024-08-04 00:00:00+00:00, run_after=2024-08-05 00:00:00+00:00
[2024-08-05T00:11:13.480+0000] {processor.py:183} INFO - Processing /home/airflow/.local/lib/python3.12/site-packages/airflow/example_dags/example_task_group_decorator.py took 0.102 seconds
[2024-08-05T00:11:44.329+0000] {processor.py:161} INFO - Started process (PID=21945) to work on /home/airflow/.local/lib/python3.12/site-packages/airflow/example_dags/example_task_group_decorator.py
[2024-08-05T00:11:44.330+0000] {processor.py:830} INFO - Processing file /home/airflow/.local/lib/python3.12/site-packages/airflow/example_dags/example_task_group_decorator.py for tasks to queue
[2024-08-05T00:11:44.331+0000] {logging_mixin.py:188} INFO - [2024-08-05T00:11:44.331+0000] {dagbag.py:545} INFO - Filling up the DagBag from /home/airflow/.local/lib/python3.12/site-packages/airflow/example_dags/example_task_group_decorator.py
[2024-08-05T00:11:44.344+0000] {processor.py:840} INFO - DAG(s) 'example_task_group_decorator' retrieved from /home/airflow/.local/lib/python3.12/site-packages/airflow/example_dags/example_task_group_decorator.py
[2024-08-05T00:11:44.369+0000] {logging_mixin.py:188} INFO - [2024-08-05T00:11:44.369+0000] {dag.py:3089} INFO - Sync 1 DAGs
[2024-08-05T00:11:44.390+0000] {logging_mixin.py:188} INFO - [2024-08-05T00:11:44.389+0000] {dag.py:3947} INFO - Setting next_dagrun for example_task_group_decorator to 2024-08-04 00:00:00+00:00, run_after=2024-08-05 00:00:00+00:00
[2024-08-05T00:11:44.405+0000] {processor.py:183} INFO - Processing /home/airflow/.local/lib/python3.12/site-packages/airflow/example_dags/example_task_group_decorator.py took 0.080 seconds
[2024-08-05T00:12:14.615+0000] {processor.py:161} INFO - Started process (PID=22217) to work on /home/airflow/.local/lib/python3.12/site-packages/airflow/example_dags/example_task_group_decorator.py
[2024-08-05T00:12:14.616+0000] {processor.py:830} INFO - Processing file /home/airflow/.local/lib/python3.12/site-packages/airflow/example_dags/example_task_group_decorator.py for tasks to queue
[2024-08-05T00:12:14.618+0000] {logging_mixin.py:188} INFO - [2024-08-05T00:12:14.618+0000] {dagbag.py:545} INFO - Filling up the DagBag from /home/airflow/.local/lib/python3.12/site-packages/airflow/example_dags/example_task_group_decorator.py
[2024-08-05T00:12:14.631+0000] {processor.py:840} INFO - DAG(s) 'example_task_group_decorator' retrieved from /home/airflow/.local/lib/python3.12/site-packages/airflow/example_dags/example_task_group_decorator.py
[2024-08-05T00:12:14.662+0000] {logging_mixin.py:188} INFO - [2024-08-05T00:12:14.661+0000] {dag.py:3089} INFO - Sync 1 DAGs
[2024-08-05T00:12:14.683+0000] {logging_mixin.py:188} INFO - [2024-08-05T00:12:14.683+0000] {dag.py:3947} INFO - Setting next_dagrun for example_task_group_decorator to 2024-08-04 00:00:00+00:00, run_after=2024-08-05 00:00:00+00:00
[2024-08-05T00:12:14.702+0000] {processor.py:183} INFO - Processing /home/airflow/.local/lib/python3.12/site-packages/airflow/example_dags/example_task_group_decorator.py took 0.091 seconds
[2024-08-05T00:12:44.877+0000] {processor.py:161} INFO - Started process (PID=22489) to work on /home/airflow/.local/lib/python3.12/site-packages/airflow/example_dags/example_task_group_decorator.py
[2024-08-05T00:12:44.878+0000] {processor.py:830} INFO - Processing file /home/airflow/.local/lib/python3.12/site-packages/airflow/example_dags/example_task_group_decorator.py for tasks to queue
[2024-08-05T00:12:44.880+0000] {logging_mixin.py:188} INFO - [2024-08-05T00:12:44.879+0000] {dagbag.py:545} INFO - Filling up the DagBag from /home/airflow/.local/lib/python3.12/site-packages/airflow/example_dags/example_task_group_decorator.py
[2024-08-05T00:12:44.894+0000] {processor.py:840} INFO - DAG(s) 'example_task_group_decorator' retrieved from /home/airflow/.local/lib/python3.12/site-packages/airflow/example_dags/example_task_group_decorator.py
[2024-08-05T00:12:44.921+0000] {logging_mixin.py:188} INFO - [2024-08-05T00:12:44.921+0000] {dag.py:3089} INFO - Sync 1 DAGs
[2024-08-05T00:12:44.946+0000] {logging_mixin.py:188} INFO - [2024-08-05T00:12:44.946+0000] {dag.py:3947} INFO - Setting next_dagrun for example_task_group_decorator to 2024-08-04 00:00:00+00:00, run_after=2024-08-05 00:00:00+00:00
[2024-08-05T00:12:44.965+0000] {processor.py:183} INFO - Processing /home/airflow/.local/lib/python3.12/site-packages/airflow/example_dags/example_task_group_decorator.py took 0.093 seconds
[2024-08-05T00:13:15.019+0000] {processor.py:161} INFO - Started process (PID=22759) to work on /home/airflow/.local/lib/python3.12/site-packages/airflow/example_dags/example_task_group_decorator.py
[2024-08-05T00:13:15.020+0000] {processor.py:830} INFO - Processing file /home/airflow/.local/lib/python3.12/site-packages/airflow/example_dags/example_task_group_decorator.py for tasks to queue
[2024-08-05T00:13:15.022+0000] {logging_mixin.py:188} INFO - [2024-08-05T00:13:15.022+0000] {dagbag.py:545} INFO - Filling up the DagBag from /home/airflow/.local/lib/python3.12/site-packages/airflow/example_dags/example_task_group_decorator.py
[2024-08-05T00:13:15.035+0000] {processor.py:840} INFO - DAG(s) 'example_task_group_decorator' retrieved from /home/airflow/.local/lib/python3.12/site-packages/airflow/example_dags/example_task_group_decorator.py
[2024-08-05T00:13:15.061+0000] {logging_mixin.py:188} INFO - [2024-08-05T00:13:15.061+0000] {dag.py:3089} INFO - Sync 1 DAGs
[2024-08-05T00:13:15.082+0000] {logging_mixin.py:188} INFO - [2024-08-05T00:13:15.082+0000] {dag.py:3947} INFO - Setting next_dagrun for example_task_group_decorator to 2024-08-04 00:00:00+00:00, run_after=2024-08-05 00:00:00+00:00
[2024-08-05T00:13:15.103+0000] {processor.py:183} INFO - Processing /home/airflow/.local/lib/python3.12/site-packages/airflow/example_dags/example_task_group_decorator.py took 0.089 seconds
[2024-08-05T00:13:45.431+0000] {processor.py:161} INFO - Started process (PID=23033) to work on /home/airflow/.local/lib/python3.12/site-packages/airflow/example_dags/example_task_group_decorator.py
[2024-08-05T00:13:45.432+0000] {processor.py:830} INFO - Processing file /home/airflow/.local/lib/python3.12/site-packages/airflow/example_dags/example_task_group_decorator.py for tasks to queue
[2024-08-05T00:13:45.433+0000] {logging_mixin.py:188} INFO - [2024-08-05T00:13:45.433+0000] {dagbag.py:545} INFO - Filling up the DagBag from /home/airflow/.local/lib/python3.12/site-packages/airflow/example_dags/example_task_group_decorator.py
[2024-08-05T00:13:45.446+0000] {processor.py:840} INFO - DAG(s) 'example_task_group_decorator' retrieved from /home/airflow/.local/lib/python3.12/site-packages/airflow/example_dags/example_task_group_decorator.py
[2024-08-05T00:13:45.475+0000] {logging_mixin.py:188} INFO - [2024-08-05T00:13:45.475+0000] {dag.py:3089} INFO - Sync 1 DAGs
[2024-08-05T00:13:45.496+0000] {logging_mixin.py:188} INFO - [2024-08-05T00:13:45.496+0000] {dag.py:3947} INFO - Setting next_dagrun for example_task_group_decorator to 2024-08-04 00:00:00+00:00, run_after=2024-08-05 00:00:00+00:00
[2024-08-05T00:13:45.515+0000] {processor.py:183} INFO - Processing /home/airflow/.local/lib/python3.12/site-packages/airflow/example_dags/example_task_group_decorator.py took 0.089 seconds
[2024-08-05T00:14:16.018+0000] {processor.py:161} INFO - Started process (PID=23305) to work on /home/airflow/.local/lib/python3.12/site-packages/airflow/example_dags/example_task_group_decorator.py
[2024-08-05T00:14:16.019+0000] {processor.py:830} INFO - Processing file /home/airflow/.local/lib/python3.12/site-packages/airflow/example_dags/example_task_group_decorator.py for tasks to queue
[2024-08-05T00:14:16.020+0000] {logging_mixin.py:188} INFO - [2024-08-05T00:14:16.020+0000] {dagbag.py:545} INFO - Filling up the DagBag from /home/airflow/.local/lib/python3.12/site-packages/airflow/example_dags/example_task_group_decorator.py
[2024-08-05T00:14:16.032+0000] {processor.py:840} INFO - DAG(s) 'example_task_group_decorator' retrieved from /home/airflow/.local/lib/python3.12/site-packages/airflow/example_dags/example_task_group_decorator.py
[2024-08-05T00:14:16.060+0000] {logging_mixin.py:188} INFO - [2024-08-05T00:14:16.060+0000] {dag.py:3089} INFO - Sync 1 DAGs
[2024-08-05T00:14:16.077+0000] {logging_mixin.py:188} INFO - [2024-08-05T00:14:16.077+0000] {dag.py:3947} INFO - Setting next_dagrun for example_task_group_decorator to 2024-08-04 00:00:00+00:00, run_after=2024-08-05 00:00:00+00:00
[2024-08-05T00:14:16.095+0000] {processor.py:183} INFO - Processing /home/airflow/.local/lib/python3.12/site-packages/airflow/example_dags/example_task_group_decorator.py took 0.081 seconds
[2024-08-05T00:14:46.332+0000] {processor.py:161} INFO - Started process (PID=23577) to work on /home/airflow/.local/lib/python3.12/site-packages/airflow/example_dags/example_task_group_decorator.py
[2024-08-05T00:14:46.333+0000] {processor.py:830} INFO - Processing file /home/airflow/.local/lib/python3.12/site-packages/airflow/example_dags/example_task_group_decorator.py for tasks to queue
[2024-08-05T00:14:46.335+0000] {logging_mixin.py:188} INFO - [2024-08-05T00:14:46.334+0000] {dagbag.py:545} INFO - Filling up the DagBag from /home/airflow/.local/lib/python3.12/site-packages/airflow/example_dags/example_task_group_decorator.py
[2024-08-05T00:14:46.347+0000] {processor.py:840} INFO - DAG(s) 'example_task_group_decorator' retrieved from /home/airflow/.local/lib/python3.12/site-packages/airflow/example_dags/example_task_group_decorator.py
[2024-08-05T00:14:46.373+0000] {logging_mixin.py:188} INFO - [2024-08-05T00:14:46.373+0000] {dag.py:3089} INFO - Sync 1 DAGs
[2024-08-05T00:14:46.394+0000] {logging_mixin.py:188} INFO - [2024-08-05T00:14:46.393+0000] {dag.py:3947} INFO - Setting next_dagrun for example_task_group_decorator to 2024-08-04 00:00:00+00:00, run_after=2024-08-05 00:00:00+00:00
[2024-08-05T00:14:46.413+0000] {processor.py:183} INFO - Processing /home/airflow/.local/lib/python3.12/site-packages/airflow/example_dags/example_task_group_decorator.py took 0.087 seconds
[2024-08-05T00:15:16.592+0000] {processor.py:161} INFO - Started process (PID=23849) to work on /home/airflow/.local/lib/python3.12/site-packages/airflow/example_dags/example_task_group_decorator.py
[2024-08-05T00:15:16.593+0000] {processor.py:830} INFO - Processing file /home/airflow/.local/lib/python3.12/site-packages/airflow/example_dags/example_task_group_decorator.py for tasks to queue
[2024-08-05T00:15:16.594+0000] {logging_mixin.py:188} INFO - [2024-08-05T00:15:16.594+0000] {dagbag.py:545} INFO - Filling up the DagBag from /home/airflow/.local/lib/python3.12/site-packages/airflow/example_dags/example_task_group_decorator.py
[2024-08-05T00:15:16.609+0000] {processor.py:840} INFO - DAG(s) 'example_task_group_decorator' retrieved from /home/airflow/.local/lib/python3.12/site-packages/airflow/example_dags/example_task_group_decorator.py
[2024-08-05T00:15:16.635+0000] {logging_mixin.py:188} INFO - [2024-08-05T00:15:16.635+0000] {dag.py:3089} INFO - Sync 1 DAGs
[2024-08-05T00:15:16.657+0000] {logging_mixin.py:188} INFO - [2024-08-05T00:15:16.657+0000] {dag.py:3947} INFO - Setting next_dagrun for example_task_group_decorator to 2024-08-04 00:00:00+00:00, run_after=2024-08-05 00:00:00+00:00
[2024-08-05T00:15:16.676+0000] {processor.py:183} INFO - Processing /home/airflow/.local/lib/python3.12/site-packages/airflow/example_dags/example_task_group_decorator.py took 0.088 seconds
[2024-08-05T00:15:46.718+0000] {processor.py:161} INFO - Started process (PID=24119) to work on /home/airflow/.local/lib/python3.12/site-packages/airflow/example_dags/example_task_group_decorator.py
[2024-08-05T00:15:46.718+0000] {processor.py:830} INFO - Processing file /home/airflow/.local/lib/python3.12/site-packages/airflow/example_dags/example_task_group_decorator.py for tasks to queue
[2024-08-05T00:15:46.719+0000] {logging_mixin.py:188} INFO - [2024-08-05T00:15:46.719+0000] {dagbag.py:545} INFO - Filling up the DagBag from /home/airflow/.local/lib/python3.12/site-packages/airflow/example_dags/example_task_group_decorator.py
[2024-08-05T00:15:46.730+0000] {processor.py:840} INFO - DAG(s) 'example_task_group_decorator' retrieved from /home/airflow/.local/lib/python3.12/site-packages/airflow/example_dags/example_task_group_decorator.py
[2024-08-05T00:15:46.759+0000] {logging_mixin.py:188} INFO - [2024-08-05T00:15:46.759+0000] {dag.py:3089} INFO - Sync 1 DAGs
[2024-08-05T00:15:46.776+0000] {logging_mixin.py:188} INFO - [2024-08-05T00:15:46.775+0000] {dag.py:3947} INFO - Setting next_dagrun for example_task_group_decorator to 2024-08-04 00:00:00+00:00, run_after=2024-08-05 00:00:00+00:00
[2024-08-05T00:15:46.794+0000] {processor.py:183} INFO - Processing /home/airflow/.local/lib/python3.12/site-packages/airflow/example_dags/example_task_group_decorator.py took 0.080 seconds
[2024-08-05T00:16:17.234+0000] {processor.py:161} INFO - Started process (PID=24391) to work on /home/airflow/.local/lib/python3.12/site-packages/airflow/example_dags/example_task_group_decorator.py
[2024-08-05T00:16:17.235+0000] {processor.py:830} INFO - Processing file /home/airflow/.local/lib/python3.12/site-packages/airflow/example_dags/example_task_group_decorator.py for tasks to queue
[2024-08-05T00:16:17.236+0000] {logging_mixin.py:188} INFO - [2024-08-05T00:16:17.236+0000] {dagbag.py:545} INFO - Filling up the DagBag from /home/airflow/.local/lib/python3.12/site-packages/airflow/example_dags/example_task_group_decorator.py
[2024-08-05T00:16:17.247+0000] {processor.py:840} INFO - DAG(s) 'example_task_group_decorator' retrieved from /home/airflow/.local/lib/python3.12/site-packages/airflow/example_dags/example_task_group_decorator.py
[2024-08-05T00:16:17.273+0000] {logging_mixin.py:188} INFO - [2024-08-05T00:16:17.273+0000] {dag.py:3089} INFO - Sync 1 DAGs
[2024-08-05T00:16:17.294+0000] {logging_mixin.py:188} INFO - [2024-08-05T00:16:17.294+0000] {dag.py:3947} INFO - Setting next_dagrun for example_task_group_decorator to 2024-08-04 00:00:00+00:00, run_after=2024-08-05 00:00:00+00:00
[2024-08-05T00:16:17.313+0000] {processor.py:183} INFO - Processing /home/airflow/.local/lib/python3.12/site-packages/airflow/example_dags/example_task_group_decorator.py took 0.084 seconds
[2024-08-05T00:16:47.616+0000] {processor.py:161} INFO - Started process (PID=24665) to work on /home/airflow/.local/lib/python3.12/site-packages/airflow/example_dags/example_task_group_decorator.py
[2024-08-05T00:16:47.617+0000] {processor.py:830} INFO - Processing file /home/airflow/.local/lib/python3.12/site-packages/airflow/example_dags/example_task_group_decorator.py for tasks to queue
[2024-08-05T00:16:47.619+0000] {logging_mixin.py:188} INFO - [2024-08-05T00:16:47.618+0000] {dagbag.py:545} INFO - Filling up the DagBag from /home/airflow/.local/lib/python3.12/site-packages/airflow/example_dags/example_task_group_decorator.py
[2024-08-05T00:16:47.632+0000] {processor.py:840} INFO - DAG(s) 'example_task_group_decorator' retrieved from /home/airflow/.local/lib/python3.12/site-packages/airflow/example_dags/example_task_group_decorator.py
[2024-08-05T00:16:47.659+0000] {logging_mixin.py:188} INFO - [2024-08-05T00:16:47.658+0000] {dag.py:3089} INFO - Sync 1 DAGs
[2024-08-05T00:16:47.681+0000] {logging_mixin.py:188} INFO - [2024-08-05T00:16:47.681+0000] {dag.py:3947} INFO - Setting next_dagrun for example_task_group_decorator to 2024-08-04 00:00:00+00:00, run_after=2024-08-05 00:00:00+00:00
[2024-08-05T00:16:47.698+0000] {processor.py:183} INFO - Processing /home/airflow/.local/lib/python3.12/site-packages/airflow/example_dags/example_task_group_decorator.py took 0.087 seconds
[2024-08-05T00:17:17.742+0000] {processor.py:161} INFO - Started process (PID=24935) to work on /home/airflow/.local/lib/python3.12/site-packages/airflow/example_dags/example_task_group_decorator.py
[2024-08-05T00:17:17.744+0000] {processor.py:830} INFO - Processing file /home/airflow/.local/lib/python3.12/site-packages/airflow/example_dags/example_task_group_decorator.py for tasks to queue
[2024-08-05T00:17:17.746+0000] {logging_mixin.py:188} INFO - [2024-08-05T00:17:17.745+0000] {dagbag.py:545} INFO - Filling up the DagBag from /home/airflow/.local/lib/python3.12/site-packages/airflow/example_dags/example_task_group_decorator.py
[2024-08-05T00:17:17.759+0000] {processor.py:840} INFO - DAG(s) 'example_task_group_decorator' retrieved from /home/airflow/.local/lib/python3.12/site-packages/airflow/example_dags/example_task_group_decorator.py
[2024-08-05T00:17:17.787+0000] {logging_mixin.py:188} INFO - [2024-08-05T00:17:17.787+0000] {dag.py:3089} INFO - Sync 1 DAGs
[2024-08-05T00:17:17.806+0000] {logging_mixin.py:188} INFO - [2024-08-05T00:17:17.806+0000] {dag.py:3947} INFO - Setting next_dagrun for example_task_group_decorator to 2024-08-04 00:00:00+00:00, run_after=2024-08-05 00:00:00+00:00
[2024-08-05T00:17:17.823+0000] {processor.py:183} INFO - Processing /home/airflow/.local/lib/python3.12/site-packages/airflow/example_dags/example_task_group_decorator.py took 0.088 seconds
[2024-08-05T00:17:48.256+0000] {processor.py:161} INFO - Started process (PID=25209) to work on /home/airflow/.local/lib/python3.12/site-packages/airflow/example_dags/example_task_group_decorator.py
[2024-08-05T00:17:48.258+0000] {processor.py:830} INFO - Processing file /home/airflow/.local/lib/python3.12/site-packages/airflow/example_dags/example_task_group_decorator.py for tasks to queue
[2024-08-05T00:17:48.260+0000] {logging_mixin.py:188} INFO - [2024-08-05T00:17:48.259+0000] {dagbag.py:545} INFO - Filling up the DagBag from /home/airflow/.local/lib/python3.12/site-packages/airflow/example_dags/example_task_group_decorator.py
[2024-08-05T00:17:48.275+0000] {processor.py:840} INFO - DAG(s) 'example_task_group_decorator' retrieved from /home/airflow/.local/lib/python3.12/site-packages/airflow/example_dags/example_task_group_decorator.py
[2024-08-05T00:17:48.305+0000] {logging_mixin.py:188} INFO - [2024-08-05T00:17:48.305+0000] {dag.py:3089} INFO - Sync 1 DAGs
[2024-08-05T00:17:48.330+0000] {logging_mixin.py:188} INFO - [2024-08-05T00:17:48.330+0000] {dag.py:3947} INFO - Setting next_dagrun for example_task_group_decorator to 2024-08-04 00:00:00+00:00, run_after=2024-08-05 00:00:00+00:00
[2024-08-05T00:17:48.349+0000] {processor.py:183} INFO - Processing /home/airflow/.local/lib/python3.12/site-packages/airflow/example_dags/example_task_group_decorator.py took 0.099 seconds
[2024-08-05T00:18:18.545+0000] {processor.py:161} INFO - Started process (PID=25481) to work on /home/airflow/.local/lib/python3.12/site-packages/airflow/example_dags/example_task_group_decorator.py
[2024-08-05T00:18:18.546+0000] {processor.py:830} INFO - Processing file /home/airflow/.local/lib/python3.12/site-packages/airflow/example_dags/example_task_group_decorator.py for tasks to queue
[2024-08-05T00:18:18.548+0000] {logging_mixin.py:188} INFO - [2024-08-05T00:18:18.548+0000] {dagbag.py:545} INFO - Filling up the DagBag from /home/airflow/.local/lib/python3.12/site-packages/airflow/example_dags/example_task_group_decorator.py
[2024-08-05T00:18:18.559+0000] {processor.py:840} INFO - DAG(s) 'example_task_group_decorator' retrieved from /home/airflow/.local/lib/python3.12/site-packages/airflow/example_dags/example_task_group_decorator.py
[2024-08-05T00:18:18.585+0000] {logging_mixin.py:188} INFO - [2024-08-05T00:18:18.585+0000] {dag.py:3089} INFO - Sync 1 DAGs
[2024-08-05T00:18:18.606+0000] {logging_mixin.py:188} INFO - [2024-08-05T00:18:18.606+0000] {dag.py:3947} INFO - Setting next_dagrun for example_task_group_decorator to 2024-08-04 00:00:00+00:00, run_after=2024-08-05 00:00:00+00:00
[2024-08-05T00:18:18.623+0000] {processor.py:183} INFO - Processing /home/airflow/.local/lib/python3.12/site-packages/airflow/example_dags/example_task_group_decorator.py took 0.083 seconds
[2024-08-05T00:18:48.664+0000] {processor.py:161} INFO - Started process (PID=25753) to work on /home/airflow/.local/lib/python3.12/site-packages/airflow/example_dags/example_task_group_decorator.py
[2024-08-05T00:18:48.665+0000] {processor.py:830} INFO - Processing file /home/airflow/.local/lib/python3.12/site-packages/airflow/example_dags/example_task_group_decorator.py for tasks to queue
[2024-08-05T00:18:48.666+0000] {logging_mixin.py:188} INFO - [2024-08-05T00:18:48.666+0000] {dagbag.py:545} INFO - Filling up the DagBag from /home/airflow/.local/lib/python3.12/site-packages/airflow/example_dags/example_task_group_decorator.py
[2024-08-05T00:18:48.679+0000] {processor.py:840} INFO - DAG(s) 'example_task_group_decorator' retrieved from /home/airflow/.local/lib/python3.12/site-packages/airflow/example_dags/example_task_group_decorator.py
[2024-08-05T00:18:48.704+0000] {logging_mixin.py:188} INFO - [2024-08-05T00:18:48.704+0000] {dag.py:3089} INFO - Sync 1 DAGs
[2024-08-05T00:18:48.724+0000] {logging_mixin.py:188} INFO - [2024-08-05T00:18:48.724+0000] {dag.py:3947} INFO - Setting next_dagrun for example_task_group_decorator to 2024-08-04 00:00:00+00:00, run_after=2024-08-05 00:00:00+00:00
[2024-08-05T00:18:48.742+0000] {processor.py:183} INFO - Processing /home/airflow/.local/lib/python3.12/site-packages/airflow/example_dags/example_task_group_decorator.py took 0.084 seconds
[2024-08-05T00:19:19.071+0000] {processor.py:161} INFO - Started process (PID=26030) to work on /home/airflow/.local/lib/python3.12/site-packages/airflow/example_dags/example_task_group_decorator.py
[2024-08-05T00:19:19.073+0000] {processor.py:830} INFO - Processing file /home/airflow/.local/lib/python3.12/site-packages/airflow/example_dags/example_task_group_decorator.py for tasks to queue
[2024-08-05T00:19:19.074+0000] {logging_mixin.py:188} INFO - [2024-08-05T00:19:19.074+0000] {dagbag.py:545} INFO - Filling up the DagBag from /home/airflow/.local/lib/python3.12/site-packages/airflow/example_dags/example_task_group_decorator.py
[2024-08-05T00:19:19.086+0000] {processor.py:840} INFO - DAG(s) 'example_task_group_decorator' retrieved from /home/airflow/.local/lib/python3.12/site-packages/airflow/example_dags/example_task_group_decorator.py
[2024-08-05T00:19:19.112+0000] {logging_mixin.py:188} INFO - [2024-08-05T00:19:19.112+0000] {dag.py:3089} INFO - Sync 1 DAGs
[2024-08-05T00:19:19.132+0000] {logging_mixin.py:188} INFO - [2024-08-05T00:19:19.131+0000] {dag.py:3947} INFO - Setting next_dagrun for example_task_group_decorator to 2024-08-04 00:00:00+00:00, run_after=2024-08-05 00:00:00+00:00
[2024-08-05T00:19:19.149+0000] {processor.py:183} INFO - Processing /home/airflow/.local/lib/python3.12/site-packages/airflow/example_dags/example_task_group_decorator.py took 0.083 seconds
[2024-08-05T00:19:49.233+0000] {processor.py:161} INFO - Started process (PID=26302) to work on /home/airflow/.local/lib/python3.12/site-packages/airflow/example_dags/example_task_group_decorator.py
[2024-08-05T00:19:49.233+0000] {processor.py:830} INFO - Processing file /home/airflow/.local/lib/python3.12/site-packages/airflow/example_dags/example_task_group_decorator.py for tasks to queue
[2024-08-05T00:19:49.235+0000] {logging_mixin.py:188} INFO - [2024-08-05T00:19:49.234+0000] {dagbag.py:545} INFO - Filling up the DagBag from /home/airflow/.local/lib/python3.12/site-packages/airflow/example_dags/example_task_group_decorator.py
[2024-08-05T00:19:49.248+0000] {processor.py:840} INFO - DAG(s) 'example_task_group_decorator' retrieved from /home/airflow/.local/lib/python3.12/site-packages/airflow/example_dags/example_task_group_decorator.py
[2024-08-05T00:19:49.274+0000] {logging_mixin.py:188} INFO - [2024-08-05T00:19:49.274+0000] {dag.py:3089} INFO - Sync 1 DAGs
[2024-08-05T00:19:49.295+0000] {logging_mixin.py:188} INFO - [2024-08-05T00:19:49.295+0000] {dag.py:3947} INFO - Setting next_dagrun for example_task_group_decorator to 2024-08-04 00:00:00+00:00, run_after=2024-08-05 00:00:00+00:00
[2024-08-05T00:19:49.312+0000] {processor.py:183} INFO - Processing /home/airflow/.local/lib/python3.12/site-packages/airflow/example_dags/example_task_group_decorator.py took 0.085 seconds
[2024-08-05T00:20:19.488+0000] {processor.py:161} INFO - Started process (PID=26578) to work on /home/airflow/.local/lib/python3.12/site-packages/airflow/example_dags/example_task_group_decorator.py
[2024-08-05T00:20:19.489+0000] {processor.py:830} INFO - Processing file /home/airflow/.local/lib/python3.12/site-packages/airflow/example_dags/example_task_group_decorator.py for tasks to queue
[2024-08-05T00:20:19.490+0000] {logging_mixin.py:188} INFO - [2024-08-05T00:20:19.490+0000] {dagbag.py:545} INFO - Filling up the DagBag from /home/airflow/.local/lib/python3.12/site-packages/airflow/example_dags/example_task_group_decorator.py
[2024-08-05T00:20:19.504+0000] {processor.py:840} INFO - DAG(s) 'example_task_group_decorator' retrieved from /home/airflow/.local/lib/python3.12/site-packages/airflow/example_dags/example_task_group_decorator.py
[2024-08-05T00:20:19.533+0000] {logging_mixin.py:188} INFO - [2024-08-05T00:20:19.533+0000] {dag.py:3089} INFO - Sync 1 DAGs
[2024-08-05T00:20:19.553+0000] {logging_mixin.py:188} INFO - [2024-08-05T00:20:19.553+0000] {dag.py:3947} INFO - Setting next_dagrun for example_task_group_decorator to 2024-08-04 00:00:00+00:00, run_after=2024-08-05 00:00:00+00:00
[2024-08-05T00:20:19.572+0000] {processor.py:183} INFO - Processing /home/airflow/.local/lib/python3.12/site-packages/airflow/example_dags/example_task_group_decorator.py took 0.090 seconds
[2024-08-05T00:20:49.981+0000] {processor.py:161} INFO - Started process (PID=26850) to work on /home/airflow/.local/lib/python3.12/site-packages/airflow/example_dags/example_task_group_decorator.py
[2024-08-05T00:20:49.982+0000] {processor.py:830} INFO - Processing file /home/airflow/.local/lib/python3.12/site-packages/airflow/example_dags/example_task_group_decorator.py for tasks to queue
[2024-08-05T00:20:49.984+0000] {logging_mixin.py:188} INFO - [2024-08-05T00:20:49.983+0000] {dagbag.py:545} INFO - Filling up the DagBag from /home/airflow/.local/lib/python3.12/site-packages/airflow/example_dags/example_task_group_decorator.py
[2024-08-05T00:20:49.997+0000] {processor.py:840} INFO - DAG(s) 'example_task_group_decorator' retrieved from /home/airflow/.local/lib/python3.12/site-packages/airflow/example_dags/example_task_group_decorator.py
[2024-08-05T00:20:50.025+0000] {logging_mixin.py:188} INFO - [2024-08-05T00:20:50.025+0000] {dag.py:3089} INFO - Sync 1 DAGs
[2024-08-05T00:20:50.046+0000] {logging_mixin.py:188} INFO - [2024-08-05T00:20:50.046+0000] {dag.py:3947} INFO - Setting next_dagrun for example_task_group_decorator to 2024-08-04 00:00:00+00:00, run_after=2024-08-05 00:00:00+00:00
[2024-08-05T00:20:50.063+0000] {processor.py:183} INFO - Processing /home/airflow/.local/lib/python3.12/site-packages/airflow/example_dags/example_task_group_decorator.py took 0.086 seconds
[2024-08-05T00:21:20.491+0000] {processor.py:161} INFO - Started process (PID=27122) to work on /home/airflow/.local/lib/python3.12/site-packages/airflow/example_dags/example_task_group_decorator.py
[2024-08-05T00:21:20.492+0000] {processor.py:830} INFO - Processing file /home/airflow/.local/lib/python3.12/site-packages/airflow/example_dags/example_task_group_decorator.py for tasks to queue
[2024-08-05T00:21:20.494+0000] {logging_mixin.py:188} INFO - [2024-08-05T00:21:20.494+0000] {dagbag.py:545} INFO - Filling up the DagBag from /home/airflow/.local/lib/python3.12/site-packages/airflow/example_dags/example_task_group_decorator.py
[2024-08-05T00:21:20.507+0000] {processor.py:840} INFO - DAG(s) 'example_task_group_decorator' retrieved from /home/airflow/.local/lib/python3.12/site-packages/airflow/example_dags/example_task_group_decorator.py
[2024-08-05T00:21:20.534+0000] {logging_mixin.py:188} INFO - [2024-08-05T00:21:20.533+0000] {dag.py:3089} INFO - Sync 1 DAGs
[2024-08-05T00:21:20.555+0000] {logging_mixin.py:188} INFO - [2024-08-05T00:21:20.555+0000] {dag.py:3947} INFO - Setting next_dagrun for example_task_group_decorator to 2024-08-04 00:00:00+00:00, run_after=2024-08-05 00:00:00+00:00
[2024-08-05T00:21:20.572+0000] {processor.py:183} INFO - Processing /home/airflow/.local/lib/python3.12/site-packages/airflow/example_dags/example_task_group_decorator.py took 0.086 seconds
[2024-08-05T00:21:50.972+0000] {processor.py:161} INFO - Started process (PID=27399) to work on /home/airflow/.local/lib/python3.12/site-packages/airflow/example_dags/example_task_group_decorator.py
[2024-08-05T00:21:50.973+0000] {processor.py:830} INFO - Processing file /home/airflow/.local/lib/python3.12/site-packages/airflow/example_dags/example_task_group_decorator.py for tasks to queue
[2024-08-05T00:21:50.975+0000] {logging_mixin.py:188} INFO - [2024-08-05T00:21:50.975+0000] {dagbag.py:545} INFO - Filling up the DagBag from /home/airflow/.local/lib/python3.12/site-packages/airflow/example_dags/example_task_group_decorator.py
[2024-08-05T00:21:50.989+0000] {processor.py:840} INFO - DAG(s) 'example_task_group_decorator' retrieved from /home/airflow/.local/lib/python3.12/site-packages/airflow/example_dags/example_task_group_decorator.py
[2024-08-05T00:21:51.015+0000] {logging_mixin.py:188} INFO - [2024-08-05T00:21:51.015+0000] {dag.py:3089} INFO - Sync 1 DAGs
[2024-08-05T00:21:51.036+0000] {logging_mixin.py:188} INFO - [2024-08-05T00:21:51.036+0000] {dag.py:3947} INFO - Setting next_dagrun for example_task_group_decorator to 2024-08-04 00:00:00+00:00, run_after=2024-08-05 00:00:00+00:00
[2024-08-05T00:21:51.053+0000] {processor.py:183} INFO - Processing /home/airflow/.local/lib/python3.12/site-packages/airflow/example_dags/example_task_group_decorator.py took 0.087 seconds
[2024-08-05T00:22:21.389+0000] {processor.py:161} INFO - Started process (PID=27676) to work on /home/airflow/.local/lib/python3.12/site-packages/airflow/example_dags/example_task_group_decorator.py
[2024-08-05T00:22:21.390+0000] {processor.py:830} INFO - Processing file /home/airflow/.local/lib/python3.12/site-packages/airflow/example_dags/example_task_group_decorator.py for tasks to queue
[2024-08-05T00:22:21.391+0000] {logging_mixin.py:188} INFO - [2024-08-05T00:22:21.391+0000] {dagbag.py:545} INFO - Filling up the DagBag from /home/airflow/.local/lib/python3.12/site-packages/airflow/example_dags/example_task_group_decorator.py
[2024-08-05T00:22:21.404+0000] {processor.py:840} INFO - DAG(s) 'example_task_group_decorator' retrieved from /home/airflow/.local/lib/python3.12/site-packages/airflow/example_dags/example_task_group_decorator.py
[2024-08-05T00:22:21.429+0000] {logging_mixin.py:188} INFO - [2024-08-05T00:22:21.429+0000] {dag.py:3089} INFO - Sync 1 DAGs
[2024-08-05T00:22:21.449+0000] {logging_mixin.py:188} INFO - [2024-08-05T00:22:21.449+0000] {dag.py:3947} INFO - Setting next_dagrun for example_task_group_decorator to 2024-08-04 00:00:00+00:00, run_after=2024-08-05 00:00:00+00:00
[2024-08-05T00:22:21.465+0000] {processor.py:183} INFO - Processing /home/airflow/.local/lib/python3.12/site-packages/airflow/example_dags/example_task_group_decorator.py took 0.082 seconds
[2024-08-05T00:22:51.990+0000] {processor.py:161} INFO - Started process (PID=27938) to work on /home/airflow/.local/lib/python3.12/site-packages/airflow/example_dags/example_task_group_decorator.py
[2024-08-05T00:22:51.991+0000] {processor.py:830} INFO - Processing file /home/airflow/.local/lib/python3.12/site-packages/airflow/example_dags/example_task_group_decorator.py for tasks to queue
[2024-08-05T00:22:51.992+0000] {logging_mixin.py:188} INFO - [2024-08-05T00:22:51.992+0000] {dagbag.py:545} INFO - Filling up the DagBag from /home/airflow/.local/lib/python3.12/site-packages/airflow/example_dags/example_task_group_decorator.py
[2024-08-05T00:22:52.005+0000] {processor.py:840} INFO - DAG(s) 'example_task_group_decorator' retrieved from /home/airflow/.local/lib/python3.12/site-packages/airflow/example_dags/example_task_group_decorator.py
[2024-08-05T00:22:52.031+0000] {logging_mixin.py:188} INFO - [2024-08-05T00:22:52.031+0000] {dag.py:3089} INFO - Sync 1 DAGs
[2024-08-05T00:22:52.052+0000] {logging_mixin.py:188} INFO - [2024-08-05T00:22:52.052+0000] {dag.py:3947} INFO - Setting next_dagrun for example_task_group_decorator to 2024-08-04 00:00:00+00:00, run_after=2024-08-05 00:00:00+00:00
[2024-08-05T00:22:52.069+0000] {processor.py:183} INFO - Processing /home/airflow/.local/lib/python3.12/site-packages/airflow/example_dags/example_task_group_decorator.py took 0.085 seconds
[2024-08-05T00:23:22.125+0000] {processor.py:161} INFO - Started process (PID=28208) to work on /home/airflow/.local/lib/python3.12/site-packages/airflow/example_dags/example_task_group_decorator.py
[2024-08-05T00:23:22.125+0000] {processor.py:830} INFO - Processing file /home/airflow/.local/lib/python3.12/site-packages/airflow/example_dags/example_task_group_decorator.py for tasks to queue
[2024-08-05T00:23:22.127+0000] {logging_mixin.py:188} INFO - [2024-08-05T00:23:22.127+0000] {dagbag.py:545} INFO - Filling up the DagBag from /home/airflow/.local/lib/python3.12/site-packages/airflow/example_dags/example_task_group_decorator.py
[2024-08-05T00:23:22.141+0000] {processor.py:840} INFO - DAG(s) 'example_task_group_decorator' retrieved from /home/airflow/.local/lib/python3.12/site-packages/airflow/example_dags/example_task_group_decorator.py
[2024-08-05T00:23:22.171+0000] {logging_mixin.py:188} INFO - [2024-08-05T00:23:22.170+0000] {dag.py:3089} INFO - Sync 1 DAGs
[2024-08-05T00:23:22.329+0000] {logging_mixin.py:188} INFO - [2024-08-05T00:23:22.329+0000] {dag.py:3947} INFO - Setting next_dagrun for example_task_group_decorator to 2024-08-04 00:00:00+00:00, run_after=2024-08-05 00:00:00+00:00
[2024-08-05T00:23:22.347+0000] {processor.py:183} INFO - Processing /home/airflow/.local/lib/python3.12/site-packages/airflow/example_dags/example_task_group_decorator.py took 0.227 seconds
[2024-08-05T00:23:52.815+0000] {processor.py:161} INFO - Started process (PID=28482) to work on /home/airflow/.local/lib/python3.12/site-packages/airflow/example_dags/example_task_group_decorator.py
[2024-08-05T00:23:52.816+0000] {processor.py:830} INFO - Processing file /home/airflow/.local/lib/python3.12/site-packages/airflow/example_dags/example_task_group_decorator.py for tasks to queue
[2024-08-05T00:23:52.817+0000] {logging_mixin.py:188} INFO - [2024-08-05T00:23:52.817+0000] {dagbag.py:545} INFO - Filling up the DagBag from /home/airflow/.local/lib/python3.12/site-packages/airflow/example_dags/example_task_group_decorator.py
[2024-08-05T00:23:52.829+0000] {processor.py:840} INFO - DAG(s) 'example_task_group_decorator' retrieved from /home/airflow/.local/lib/python3.12/site-packages/airflow/example_dags/example_task_group_decorator.py
[2024-08-05T00:23:52.857+0000] {logging_mixin.py:188} INFO - [2024-08-05T00:23:52.857+0000] {dag.py:3089} INFO - Sync 1 DAGs
[2024-08-05T00:23:53.022+0000] {logging_mixin.py:188} INFO - [2024-08-05T00:23:53.021+0000] {dag.py:3947} INFO - Setting next_dagrun for example_task_group_decorator to 2024-08-04 00:00:00+00:00, run_after=2024-08-05 00:00:00+00:00
[2024-08-05T00:23:53.036+0000] {processor.py:183} INFO - Processing /home/airflow/.local/lib/python3.12/site-packages/airflow/example_dags/example_task_group_decorator.py took 0.227 seconds
[2024-08-05T00:24:23.136+0000] {processor.py:161} INFO - Started process (PID=28764) to work on /home/airflow/.local/lib/python3.12/site-packages/airflow/example_dags/example_task_group_decorator.py
[2024-08-05T00:24:23.136+0000] {processor.py:830} INFO - Processing file /home/airflow/.local/lib/python3.12/site-packages/airflow/example_dags/example_task_group_decorator.py for tasks to queue
[2024-08-05T00:24:23.138+0000] {logging_mixin.py:188} INFO - [2024-08-05T00:24:23.137+0000] {dagbag.py:545} INFO - Filling up the DagBag from /home/airflow/.local/lib/python3.12/site-packages/airflow/example_dags/example_task_group_decorator.py
[2024-08-05T00:24:23.148+0000] {processor.py:840} INFO - DAG(s) 'example_task_group_decorator' retrieved from /home/airflow/.local/lib/python3.12/site-packages/airflow/example_dags/example_task_group_decorator.py
[2024-08-05T00:24:23.171+0000] {logging_mixin.py:188} INFO - [2024-08-05T00:24:23.171+0000] {dag.py:3089} INFO - Sync 1 DAGs
[2024-08-05T00:24:23.189+0000] {logging_mixin.py:188} INFO - [2024-08-05T00:24:23.189+0000] {dag.py:3947} INFO - Setting next_dagrun for example_task_group_decorator to 2024-08-04 00:00:00+00:00, run_after=2024-08-05 00:00:00+00:00
[2024-08-05T00:24:23.202+0000] {processor.py:183} INFO - Processing /home/airflow/.local/lib/python3.12/site-packages/airflow/example_dags/example_task_group_decorator.py took 0.071 seconds
[2024-08-05T00:24:53.698+0000] {processor.py:161} INFO - Started process (PID=29032) to work on /home/airflow/.local/lib/python3.12/site-packages/airflow/example_dags/example_task_group_decorator.py
[2024-08-05T00:24:53.698+0000] {processor.py:830} INFO - Processing file /home/airflow/.local/lib/python3.12/site-packages/airflow/example_dags/example_task_group_decorator.py for tasks to queue
[2024-08-05T00:24:53.700+0000] {logging_mixin.py:188} INFO - [2024-08-05T00:24:53.700+0000] {dagbag.py:545} INFO - Filling up the DagBag from /home/airflow/.local/lib/python3.12/site-packages/airflow/example_dags/example_task_group_decorator.py
[2024-08-05T00:24:53.710+0000] {processor.py:840} INFO - DAG(s) 'example_task_group_decorator' retrieved from /home/airflow/.local/lib/python3.12/site-packages/airflow/example_dags/example_task_group_decorator.py
[2024-08-05T00:24:53.731+0000] {logging_mixin.py:188} INFO - [2024-08-05T00:24:53.731+0000] {dag.py:3089} INFO - Sync 1 DAGs
[2024-08-05T00:24:53.748+0000] {logging_mixin.py:188} INFO - [2024-08-05T00:24:53.748+0000] {dag.py:3947} INFO - Setting next_dagrun for example_task_group_decorator to 2024-08-04 00:00:00+00:00, run_after=2024-08-05 00:00:00+00:00
[2024-08-05T00:24:53.761+0000] {processor.py:183} INFO - Processing /home/airflow/.local/lib/python3.12/site-packages/airflow/example_dags/example_task_group_decorator.py took 0.068 seconds
