[2024-08-05T00:00:01.368+0000] {processor.py:161} INFO - Started process (PID=15587) to work on /home/airflow/.local/lib/python3.12/site-packages/airflow/example_dags/example_bash_operator.py
[2024-08-05T00:00:01.369+0000] {processor.py:830} INFO - Processing file /home/airflow/.local/lib/python3.12/site-packages/airflow/example_dags/example_bash_operator.py for tasks to queue
[2024-08-05T00:00:01.370+0000] {logging_mixin.py:188} INFO - [2024-08-05T00:00:01.370+0000] {dagbag.py:545} INFO - Filling up the DagBag from /home/airflow/.local/lib/python3.12/site-packages/airflow/example_dags/example_bash_operator.py
[2024-08-05T00:00:01.379+0000] {processor.py:840} INFO - DAG(s) 'example_bash_operator' retrieved from /home/airflow/.local/lib/python3.12/site-packages/airflow/example_dags/example_bash_operator.py
[2024-08-05T00:00:01.404+0000] {logging_mixin.py:188} INFO - [2024-08-05T00:00:01.404+0000] {dag.py:3089} INFO - Sync 1 DAGs
[2024-08-05T00:00:01.425+0000] {logging_mixin.py:188} INFO - [2024-08-05T00:00:01.425+0000] {dag.py:3947} INFO - Setting next_dagrun for example_bash_operator to 2024-08-04 00:00:00+00:00, run_after=2024-08-05 00:00:00+00:00
[2024-08-05T00:00:01.441+0000] {processor.py:183} INFO - Processing /home/airflow/.local/lib/python3.12/site-packages/airflow/example_dags/example_bash_operator.py took 0.077 seconds
[2024-08-05T00:00:32.171+0000] {processor.py:161} INFO - Started process (PID=15866) to work on /home/airflow/.local/lib/python3.12/site-packages/airflow/example_dags/example_bash_operator.py
[2024-08-05T00:00:32.172+0000] {processor.py:830} INFO - Processing file /home/airflow/.local/lib/python3.12/site-packages/airflow/example_dags/example_bash_operator.py for tasks to queue
[2024-08-05T00:00:32.173+0000] {logging_mixin.py:188} INFO - [2024-08-05T00:00:32.173+0000] {dagbag.py:545} INFO - Filling up the DagBag from /home/airflow/.local/lib/python3.12/site-packages/airflow/example_dags/example_bash_operator.py
[2024-08-05T00:00:32.182+0000] {processor.py:840} INFO - DAG(s) 'example_bash_operator' retrieved from /home/airflow/.local/lib/python3.12/site-packages/airflow/example_dags/example_bash_operator.py
[2024-08-05T00:00:32.211+0000] {logging_mixin.py:188} INFO - [2024-08-05T00:00:32.211+0000] {dag.py:3089} INFO - Sync 1 DAGs
[2024-08-05T00:00:32.231+0000] {logging_mixin.py:188} INFO - [2024-08-05T00:00:32.231+0000] {dag.py:3947} INFO - Setting next_dagrun for example_bash_operator to 2024-08-04 00:00:00+00:00, run_after=2024-08-05 00:00:00+00:00
[2024-08-05T00:00:32.247+0000] {processor.py:183} INFO - Processing /home/airflow/.local/lib/python3.12/site-packages/airflow/example_dags/example_bash_operator.py took 0.081 seconds
[2024-08-05T00:01:02.923+0000] {processor.py:161} INFO - Started process (PID=16138) to work on /home/airflow/.local/lib/python3.12/site-packages/airflow/example_dags/example_bash_operator.py
[2024-08-05T00:01:02.924+0000] {processor.py:830} INFO - Processing file /home/airflow/.local/lib/python3.12/site-packages/airflow/example_dags/example_bash_operator.py for tasks to queue
[2024-08-05T00:01:02.925+0000] {logging_mixin.py:188} INFO - [2024-08-05T00:01:02.925+0000] {dagbag.py:545} INFO - Filling up the DagBag from /home/airflow/.local/lib/python3.12/site-packages/airflow/example_dags/example_bash_operator.py
[2024-08-05T00:01:02.939+0000] {processor.py:840} INFO - DAG(s) 'example_bash_operator' retrieved from /home/airflow/.local/lib/python3.12/site-packages/airflow/example_dags/example_bash_operator.py
[2024-08-05T00:01:02.978+0000] {logging_mixin.py:188} INFO - [2024-08-05T00:01:02.978+0000] {dag.py:3089} INFO - Sync 1 DAGs
[2024-08-05T00:01:03.003+0000] {logging_mixin.py:188} INFO - [2024-08-05T00:01:03.003+0000] {dag.py:3947} INFO - Setting next_dagrun for example_bash_operator to 2024-08-04 00:00:00+00:00, run_after=2024-08-05 00:00:00+00:00
[2024-08-05T00:01:03.023+0000] {processor.py:183} INFO - Processing /home/airflow/.local/lib/python3.12/site-packages/airflow/example_dags/example_bash_operator.py took 0.107 seconds
[2024-08-05T00:01:33.225+0000] {processor.py:161} INFO - Started process (PID=16410) to work on /home/airflow/.local/lib/python3.12/site-packages/airflow/example_dags/example_bash_operator.py
[2024-08-05T00:01:33.226+0000] {processor.py:830} INFO - Processing file /home/airflow/.local/lib/python3.12/site-packages/airflow/example_dags/example_bash_operator.py for tasks to queue
[2024-08-05T00:01:33.227+0000] {logging_mixin.py:188} INFO - [2024-08-05T00:01:33.227+0000] {dagbag.py:545} INFO - Filling up the DagBag from /home/airflow/.local/lib/python3.12/site-packages/airflow/example_dags/example_bash_operator.py
[2024-08-05T00:01:33.238+0000] {processor.py:840} INFO - DAG(s) 'example_bash_operator' retrieved from /home/airflow/.local/lib/python3.12/site-packages/airflow/example_dags/example_bash_operator.py
[2024-08-05T00:01:33.264+0000] {logging_mixin.py:188} INFO - [2024-08-05T00:01:33.264+0000] {dag.py:3089} INFO - Sync 1 DAGs
[2024-08-05T00:01:33.285+0000] {logging_mixin.py:188} INFO - [2024-08-05T00:01:33.285+0000] {dag.py:3947} INFO - Setting next_dagrun for example_bash_operator to 2024-08-04 00:00:00+00:00, run_after=2024-08-05 00:00:00+00:00
[2024-08-05T00:01:33.305+0000] {processor.py:183} INFO - Processing /home/airflow/.local/lib/python3.12/site-packages/airflow/example_dags/example_bash_operator.py took 0.085 seconds
[2024-08-05T00:02:03.362+0000] {processor.py:161} INFO - Started process (PID=16682) to work on /home/airflow/.local/lib/python3.12/site-packages/airflow/example_dags/example_bash_operator.py
[2024-08-05T00:02:03.363+0000] {processor.py:830} INFO - Processing file /home/airflow/.local/lib/python3.12/site-packages/airflow/example_dags/example_bash_operator.py for tasks to queue
[2024-08-05T00:02:03.364+0000] {logging_mixin.py:188} INFO - [2024-08-05T00:02:03.364+0000] {dagbag.py:545} INFO - Filling up the DagBag from /home/airflow/.local/lib/python3.12/site-packages/airflow/example_dags/example_bash_operator.py
[2024-08-05T00:02:03.374+0000] {processor.py:840} INFO - DAG(s) 'example_bash_operator' retrieved from /home/airflow/.local/lib/python3.12/site-packages/airflow/example_dags/example_bash_operator.py
[2024-08-05T00:02:03.400+0000] {logging_mixin.py:188} INFO - [2024-08-05T00:02:03.399+0000] {dag.py:3089} INFO - Sync 1 DAGs
[2024-08-05T00:02:03.421+0000] {logging_mixin.py:188} INFO - [2024-08-05T00:02:03.420+0000] {dag.py:3947} INFO - Setting next_dagrun for example_bash_operator to 2024-08-04 00:00:00+00:00, run_after=2024-08-05 00:00:00+00:00
[2024-08-05T00:02:03.437+0000] {processor.py:183} INFO - Processing /home/airflow/.local/lib/python3.12/site-packages/airflow/example_dags/example_bash_operator.py took 0.080 seconds
[2024-08-05T00:02:33.481+0000] {processor.py:161} INFO - Started process (PID=16954) to work on /home/airflow/.local/lib/python3.12/site-packages/airflow/example_dags/example_bash_operator.py
[2024-08-05T00:02:33.481+0000] {processor.py:830} INFO - Processing file /home/airflow/.local/lib/python3.12/site-packages/airflow/example_dags/example_bash_operator.py for tasks to queue
[2024-08-05T00:02:33.483+0000] {logging_mixin.py:188} INFO - [2024-08-05T00:02:33.483+0000] {dagbag.py:545} INFO - Filling up the DagBag from /home/airflow/.local/lib/python3.12/site-packages/airflow/example_dags/example_bash_operator.py
[2024-08-05T00:02:33.492+0000] {processor.py:840} INFO - DAG(s) 'example_bash_operator' retrieved from /home/airflow/.local/lib/python3.12/site-packages/airflow/example_dags/example_bash_operator.py
[2024-08-05T00:02:33.519+0000] {logging_mixin.py:188} INFO - [2024-08-05T00:02:33.519+0000] {dag.py:3089} INFO - Sync 1 DAGs
[2024-08-05T00:02:33.541+0000] {logging_mixin.py:188} INFO - [2024-08-05T00:02:33.541+0000] {dag.py:3947} INFO - Setting next_dagrun for example_bash_operator to 2024-08-04 00:00:00+00:00, run_after=2024-08-05 00:00:00+00:00
[2024-08-05T00:02:33.559+0000] {processor.py:183} INFO - Processing /home/airflow/.local/lib/python3.12/site-packages/airflow/example_dags/example_bash_operator.py took 0.083 seconds
[2024-08-05T00:03:03.766+0000] {processor.py:161} INFO - Started process (PID=17226) to work on /home/airflow/.local/lib/python3.12/site-packages/airflow/example_dags/example_bash_operator.py
[2024-08-05T00:03:03.767+0000] {processor.py:830} INFO - Processing file /home/airflow/.local/lib/python3.12/site-packages/airflow/example_dags/example_bash_operator.py for tasks to queue
[2024-08-05T00:03:03.769+0000] {logging_mixin.py:188} INFO - [2024-08-05T00:03:03.768+0000] {dagbag.py:545} INFO - Filling up the DagBag from /home/airflow/.local/lib/python3.12/site-packages/airflow/example_dags/example_bash_operator.py
[2024-08-05T00:03:03.778+0000] {processor.py:840} INFO - DAG(s) 'example_bash_operator' retrieved from /home/airflow/.local/lib/python3.12/site-packages/airflow/example_dags/example_bash_operator.py
[2024-08-05T00:03:03.806+0000] {logging_mixin.py:188} INFO - [2024-08-05T00:03:03.806+0000] {dag.py:3089} INFO - Sync 1 DAGs
[2024-08-05T00:03:03.826+0000] {logging_mixin.py:188} INFO - [2024-08-05T00:03:03.825+0000] {dag.py:3947} INFO - Setting next_dagrun for example_bash_operator to 2024-08-04 00:00:00+00:00, run_after=2024-08-05 00:00:00+00:00
[2024-08-05T00:03:03.845+0000] {processor.py:183} INFO - Processing /home/airflow/.local/lib/python3.12/site-packages/airflow/example_dags/example_bash_operator.py took 0.084 seconds
[2024-08-05T00:03:34.155+0000] {processor.py:161} INFO - Started process (PID=17498) to work on /home/airflow/.local/lib/python3.12/site-packages/airflow/example_dags/example_bash_operator.py
[2024-08-05T00:03:34.156+0000] {processor.py:830} INFO - Processing file /home/airflow/.local/lib/python3.12/site-packages/airflow/example_dags/example_bash_operator.py for tasks to queue
[2024-08-05T00:03:34.158+0000] {logging_mixin.py:188} INFO - [2024-08-05T00:03:34.157+0000] {dagbag.py:545} INFO - Filling up the DagBag from /home/airflow/.local/lib/python3.12/site-packages/airflow/example_dags/example_bash_operator.py
[2024-08-05T00:03:34.168+0000] {processor.py:840} INFO - DAG(s) 'example_bash_operator' retrieved from /home/airflow/.local/lib/python3.12/site-packages/airflow/example_dags/example_bash_operator.py
[2024-08-05T00:03:34.194+0000] {logging_mixin.py:188} INFO - [2024-08-05T00:03:34.194+0000] {dag.py:3089} INFO - Sync 1 DAGs
[2024-08-05T00:03:34.215+0000] {logging_mixin.py:188} INFO - [2024-08-05T00:03:34.215+0000] {dag.py:3947} INFO - Setting next_dagrun for example_bash_operator to 2024-08-04 00:00:00+00:00, run_after=2024-08-05 00:00:00+00:00
[2024-08-05T00:03:34.232+0000] {processor.py:183} INFO - Processing /home/airflow/.local/lib/python3.12/site-packages/airflow/example_dags/example_bash_operator.py took 0.081 seconds
[2024-08-05T00:04:04.417+0000] {processor.py:161} INFO - Started process (PID=17770) to work on /home/airflow/.local/lib/python3.12/site-packages/airflow/example_dags/example_bash_operator.py
[2024-08-05T00:04:04.417+0000] {processor.py:830} INFO - Processing file /home/airflow/.local/lib/python3.12/site-packages/airflow/example_dags/example_bash_operator.py for tasks to queue
[2024-08-05T00:04:04.418+0000] {logging_mixin.py:188} INFO - [2024-08-05T00:04:04.418+0000] {dagbag.py:545} INFO - Filling up the DagBag from /home/airflow/.local/lib/python3.12/site-packages/airflow/example_dags/example_bash_operator.py
[2024-08-05T00:04:04.426+0000] {processor.py:840} INFO - DAG(s) 'example_bash_operator' retrieved from /home/airflow/.local/lib/python3.12/site-packages/airflow/example_dags/example_bash_operator.py
[2024-08-05T00:04:04.454+0000] {logging_mixin.py:188} INFO - [2024-08-05T00:04:04.453+0000] {dag.py:3089} INFO - Sync 1 DAGs
[2024-08-05T00:04:04.477+0000] {logging_mixin.py:188} INFO - [2024-08-05T00:04:04.476+0000] {dag.py:3947} INFO - Setting next_dagrun for example_bash_operator to 2024-08-04 00:00:00+00:00, run_after=2024-08-05 00:00:00+00:00
[2024-08-05T00:04:04.491+0000] {processor.py:183} INFO - Processing /home/airflow/.local/lib/python3.12/site-packages/airflow/example_dags/example_bash_operator.py took 0.079 seconds
[2024-08-05T00:04:34.640+0000] {processor.py:161} INFO - Started process (PID=18042) to work on /home/airflow/.local/lib/python3.12/site-packages/airflow/example_dags/example_bash_operator.py
[2024-08-05T00:04:34.640+0000] {processor.py:830} INFO - Processing file /home/airflow/.local/lib/python3.12/site-packages/airflow/example_dags/example_bash_operator.py for tasks to queue
[2024-08-05T00:04:34.641+0000] {logging_mixin.py:188} INFO - [2024-08-05T00:04:34.641+0000] {dagbag.py:545} INFO - Filling up the DagBag from /home/airflow/.local/lib/python3.12/site-packages/airflow/example_dags/example_bash_operator.py
[2024-08-05T00:04:34.652+0000] {processor.py:840} INFO - DAG(s) 'example_bash_operator' retrieved from /home/airflow/.local/lib/python3.12/site-packages/airflow/example_dags/example_bash_operator.py
[2024-08-05T00:04:34.680+0000] {logging_mixin.py:188} INFO - [2024-08-05T00:04:34.680+0000] {dag.py:3089} INFO - Sync 1 DAGs
[2024-08-05T00:04:34.700+0000] {logging_mixin.py:188} INFO - [2024-08-05T00:04:34.700+0000] {dag.py:3947} INFO - Setting next_dagrun for example_bash_operator to 2024-08-04 00:00:00+00:00, run_after=2024-08-05 00:00:00+00:00
[2024-08-05T00:04:34.721+0000] {processor.py:183} INFO - Processing /home/airflow/.local/lib/python3.12/site-packages/airflow/example_dags/example_bash_operator.py took 0.085 seconds
[2024-08-05T00:05:04.919+0000] {processor.py:161} INFO - Started process (PID=18314) to work on /home/airflow/.local/lib/python3.12/site-packages/airflow/example_dags/example_bash_operator.py
[2024-08-05T00:05:04.920+0000] {processor.py:830} INFO - Processing file /home/airflow/.local/lib/python3.12/site-packages/airflow/example_dags/example_bash_operator.py for tasks to queue
[2024-08-05T00:05:04.921+0000] {logging_mixin.py:188} INFO - [2024-08-05T00:05:04.921+0000] {dagbag.py:545} INFO - Filling up the DagBag from /home/airflow/.local/lib/python3.12/site-packages/airflow/example_dags/example_bash_operator.py
[2024-08-05T00:05:04.930+0000] {processor.py:840} INFO - DAG(s) 'example_bash_operator' retrieved from /home/airflow/.local/lib/python3.12/site-packages/airflow/example_dags/example_bash_operator.py
[2024-08-05T00:05:04.959+0000] {logging_mixin.py:188} INFO - [2024-08-05T00:05:04.959+0000] {dag.py:3089} INFO - Sync 1 DAGs
[2024-08-05T00:05:04.977+0000] {logging_mixin.py:188} INFO - [2024-08-05T00:05:04.977+0000] {dag.py:3947} INFO - Setting next_dagrun for example_bash_operator to 2024-08-04 00:00:00+00:00, run_after=2024-08-05 00:00:00+00:00
[2024-08-05T00:05:04.995+0000] {processor.py:183} INFO - Processing /home/airflow/.local/lib/python3.12/site-packages/airflow/example_dags/example_bash_operator.py took 0.080 seconds
[2024-08-05T00:05:35.209+0000] {processor.py:161} INFO - Started process (PID=18586) to work on /home/airflow/.local/lib/python3.12/site-packages/airflow/example_dags/example_bash_operator.py
[2024-08-05T00:05:35.211+0000] {processor.py:830} INFO - Processing file /home/airflow/.local/lib/python3.12/site-packages/airflow/example_dags/example_bash_operator.py for tasks to queue
[2024-08-05T00:05:35.212+0000] {logging_mixin.py:188} INFO - [2024-08-05T00:05:35.212+0000] {dagbag.py:545} INFO - Filling up the DagBag from /home/airflow/.local/lib/python3.12/site-packages/airflow/example_dags/example_bash_operator.py
[2024-08-05T00:05:35.223+0000] {processor.py:840} INFO - DAG(s) 'example_bash_operator' retrieved from /home/airflow/.local/lib/python3.12/site-packages/airflow/example_dags/example_bash_operator.py
[2024-08-05T00:05:35.250+0000] {logging_mixin.py:188} INFO - [2024-08-05T00:05:35.250+0000] {dag.py:3089} INFO - Sync 1 DAGs
[2024-08-05T00:05:35.271+0000] {logging_mixin.py:188} INFO - [2024-08-05T00:05:35.271+0000] {dag.py:3947} INFO - Setting next_dagrun for example_bash_operator to 2024-08-04 00:00:00+00:00, run_after=2024-08-05 00:00:00+00:00
[2024-08-05T00:05:35.293+0000] {processor.py:183} INFO - Processing /home/airflow/.local/lib/python3.12/site-packages/airflow/example_dags/example_bash_operator.py took 0.090 seconds
[2024-08-05T00:06:06.088+0000] {processor.py:161} INFO - Started process (PID=18852) to work on /home/airflow/.local/lib/python3.12/site-packages/airflow/example_dags/example_bash_operator.py
[2024-08-05T00:06:06.089+0000] {processor.py:830} INFO - Processing file /home/airflow/.local/lib/python3.12/site-packages/airflow/example_dags/example_bash_operator.py for tasks to queue
[2024-08-05T00:06:06.090+0000] {logging_mixin.py:188} INFO - [2024-08-05T00:06:06.090+0000] {dagbag.py:545} INFO - Filling up the DagBag from /home/airflow/.local/lib/python3.12/site-packages/airflow/example_dags/example_bash_operator.py
[2024-08-05T00:06:06.100+0000] {processor.py:840} INFO - DAG(s) 'example_bash_operator' retrieved from /home/airflow/.local/lib/python3.12/site-packages/airflow/example_dags/example_bash_operator.py
[2024-08-05T00:06:06.129+0000] {logging_mixin.py:188} INFO - [2024-08-05T00:06:06.128+0000] {dag.py:3089} INFO - Sync 1 DAGs
[2024-08-05T00:06:06.151+0000] {logging_mixin.py:188} INFO - [2024-08-05T00:06:06.151+0000] {dag.py:3947} INFO - Setting next_dagrun for example_bash_operator to 2024-08-04 00:00:00+00:00, run_after=2024-08-05 00:00:00+00:00
[2024-08-05T00:06:06.170+0000] {processor.py:183} INFO - Processing /home/airflow/.local/lib/python3.12/site-packages/airflow/example_dags/example_bash_operator.py took 0.087 seconds
[2024-08-05T00:06:36.329+0000] {processor.py:161} INFO - Started process (PID=19124) to work on /home/airflow/.local/lib/python3.12/site-packages/airflow/example_dags/example_bash_operator.py
[2024-08-05T00:06:36.330+0000] {processor.py:830} INFO - Processing file /home/airflow/.local/lib/python3.12/site-packages/airflow/example_dags/example_bash_operator.py for tasks to queue
[2024-08-05T00:06:36.332+0000] {logging_mixin.py:188} INFO - [2024-08-05T00:06:36.331+0000] {dagbag.py:545} INFO - Filling up the DagBag from /home/airflow/.local/lib/python3.12/site-packages/airflow/example_dags/example_bash_operator.py
[2024-08-05T00:06:36.341+0000] {processor.py:840} INFO - DAG(s) 'example_bash_operator' retrieved from /home/airflow/.local/lib/python3.12/site-packages/airflow/example_dags/example_bash_operator.py
[2024-08-05T00:06:36.370+0000] {logging_mixin.py:188} INFO - [2024-08-05T00:06:36.369+0000] {dag.py:3089} INFO - Sync 1 DAGs
[2024-08-05T00:06:36.391+0000] {logging_mixin.py:188} INFO - [2024-08-05T00:06:36.390+0000] {dag.py:3947} INFO - Setting next_dagrun for example_bash_operator to 2024-08-04 00:00:00+00:00, run_after=2024-08-05 00:00:00+00:00
[2024-08-05T00:06:36.408+0000] {processor.py:183} INFO - Processing /home/airflow/.local/lib/python3.12/site-packages/airflow/example_dags/example_bash_operator.py took 0.085 seconds
[2024-08-05T00:07:07.326+0000] {processor.py:161} INFO - Started process (PID=19396) to work on /home/airflow/.local/lib/python3.12/site-packages/airflow/example_dags/example_bash_operator.py
[2024-08-05T00:07:07.326+0000] {processor.py:830} INFO - Processing file /home/airflow/.local/lib/python3.12/site-packages/airflow/example_dags/example_bash_operator.py for tasks to queue
[2024-08-05T00:07:07.328+0000] {logging_mixin.py:188} INFO - [2024-08-05T00:07:07.328+0000] {dagbag.py:545} INFO - Filling up the DagBag from /home/airflow/.local/lib/python3.12/site-packages/airflow/example_dags/example_bash_operator.py
[2024-08-05T00:07:07.338+0000] {processor.py:840} INFO - DAG(s) 'example_bash_operator' retrieved from /home/airflow/.local/lib/python3.12/site-packages/airflow/example_dags/example_bash_operator.py
[2024-08-05T00:07:07.365+0000] {logging_mixin.py:188} INFO - [2024-08-05T00:07:07.364+0000] {dag.py:3089} INFO - Sync 1 DAGs
[2024-08-05T00:07:07.388+0000] {logging_mixin.py:188} INFO - [2024-08-05T00:07:07.387+0000] {dag.py:3947} INFO - Setting next_dagrun for example_bash_operator to 2024-08-04 00:00:00+00:00, run_after=2024-08-05 00:00:00+00:00
[2024-08-05T00:07:07.405+0000] {processor.py:183} INFO - Processing /home/airflow/.local/lib/python3.12/site-packages/airflow/example_dags/example_bash_operator.py took 0.084 seconds
[2024-08-05T00:07:37.668+0000] {processor.py:161} INFO - Started process (PID=19668) to work on /home/airflow/.local/lib/python3.12/site-packages/airflow/example_dags/example_bash_operator.py
[2024-08-05T00:07:37.669+0000] {processor.py:830} INFO - Processing file /home/airflow/.local/lib/python3.12/site-packages/airflow/example_dags/example_bash_operator.py for tasks to queue
[2024-08-05T00:07:37.670+0000] {logging_mixin.py:188} INFO - [2024-08-05T00:07:37.670+0000] {dagbag.py:545} INFO - Filling up the DagBag from /home/airflow/.local/lib/python3.12/site-packages/airflow/example_dags/example_bash_operator.py
[2024-08-05T00:07:37.680+0000] {processor.py:840} INFO - DAG(s) 'example_bash_operator' retrieved from /home/airflow/.local/lib/python3.12/site-packages/airflow/example_dags/example_bash_operator.py
[2024-08-05T00:07:37.708+0000] {logging_mixin.py:188} INFO - [2024-08-05T00:07:37.707+0000] {dag.py:3089} INFO - Sync 1 DAGs
[2024-08-05T00:07:37.732+0000] {logging_mixin.py:188} INFO - [2024-08-05T00:07:37.732+0000] {dag.py:3947} INFO - Setting next_dagrun for example_bash_operator to 2024-08-04 00:00:00+00:00, run_after=2024-08-05 00:00:00+00:00
[2024-08-05T00:07:37.749+0000] {processor.py:183} INFO - Processing /home/airflow/.local/lib/python3.12/site-packages/airflow/example_dags/example_bash_operator.py took 0.087 seconds
[2024-08-05T00:08:07.872+0000] {processor.py:161} INFO - Started process (PID=19940) to work on /home/airflow/.local/lib/python3.12/site-packages/airflow/example_dags/example_bash_operator.py
[2024-08-05T00:08:07.872+0000] {processor.py:830} INFO - Processing file /home/airflow/.local/lib/python3.12/site-packages/airflow/example_dags/example_bash_operator.py for tasks to queue
[2024-08-05T00:08:07.874+0000] {logging_mixin.py:188} INFO - [2024-08-05T00:08:07.874+0000] {dagbag.py:545} INFO - Filling up the DagBag from /home/airflow/.local/lib/python3.12/site-packages/airflow/example_dags/example_bash_operator.py
[2024-08-05T00:08:07.884+0000] {processor.py:840} INFO - DAG(s) 'example_bash_operator' retrieved from /home/airflow/.local/lib/python3.12/site-packages/airflow/example_dags/example_bash_operator.py
[2024-08-05T00:08:07.912+0000] {logging_mixin.py:188} INFO - [2024-08-05T00:08:07.911+0000] {dag.py:3089} INFO - Sync 1 DAGs
[2024-08-05T00:08:07.933+0000] {logging_mixin.py:188} INFO - [2024-08-05T00:08:07.933+0000] {dag.py:3947} INFO - Setting next_dagrun for example_bash_operator to 2024-08-04 00:00:00+00:00, run_after=2024-08-05 00:00:00+00:00
[2024-08-05T00:08:07.950+0000] {processor.py:183} INFO - Processing /home/airflow/.local/lib/python3.12/site-packages/airflow/example_dags/example_bash_operator.py took 0.084 seconds
[2024-08-05T00:08:38.299+0000] {processor.py:161} INFO - Started process (PID=20212) to work on /home/airflow/.local/lib/python3.12/site-packages/airflow/example_dags/example_bash_operator.py
[2024-08-05T00:08:38.299+0000] {processor.py:830} INFO - Processing file /home/airflow/.local/lib/python3.12/site-packages/airflow/example_dags/example_bash_operator.py for tasks to queue
[2024-08-05T00:08:38.301+0000] {logging_mixin.py:188} INFO - [2024-08-05T00:08:38.300+0000] {dagbag.py:545} INFO - Filling up the DagBag from /home/airflow/.local/lib/python3.12/site-packages/airflow/example_dags/example_bash_operator.py
[2024-08-05T00:08:38.310+0000] {processor.py:840} INFO - DAG(s) 'example_bash_operator' retrieved from /home/airflow/.local/lib/python3.12/site-packages/airflow/example_dags/example_bash_operator.py
[2024-08-05T00:08:38.334+0000] {logging_mixin.py:188} INFO - [2024-08-05T00:08:38.334+0000] {dag.py:3089} INFO - Sync 1 DAGs
[2024-08-05T00:08:38.354+0000] {logging_mixin.py:188} INFO - [2024-08-05T00:08:38.354+0000] {dag.py:3947} INFO - Setting next_dagrun for example_bash_operator to 2024-08-04 00:00:00+00:00, run_after=2024-08-05 00:00:00+00:00
[2024-08-05T00:08:38.370+0000] {processor.py:183} INFO - Processing /home/airflow/.local/lib/python3.12/site-packages/airflow/example_dags/example_bash_operator.py took 0.075 seconds
[2024-08-05T00:09:08.432+0000] {processor.py:161} INFO - Started process (PID=20484) to work on /home/airflow/.local/lib/python3.12/site-packages/airflow/example_dags/example_bash_operator.py
[2024-08-05T00:09:08.432+0000] {processor.py:830} INFO - Processing file /home/airflow/.local/lib/python3.12/site-packages/airflow/example_dags/example_bash_operator.py for tasks to queue
[2024-08-05T00:09:08.434+0000] {logging_mixin.py:188} INFO - [2024-08-05T00:09:08.434+0000] {dagbag.py:545} INFO - Filling up the DagBag from /home/airflow/.local/lib/python3.12/site-packages/airflow/example_dags/example_bash_operator.py
[2024-08-05T00:09:08.443+0000] {processor.py:840} INFO - DAG(s) 'example_bash_operator' retrieved from /home/airflow/.local/lib/python3.12/site-packages/airflow/example_dags/example_bash_operator.py
[2024-08-05T00:09:08.468+0000] {logging_mixin.py:188} INFO - [2024-08-05T00:09:08.467+0000] {dag.py:3089} INFO - Sync 1 DAGs
[2024-08-05T00:09:08.487+0000] {logging_mixin.py:188} INFO - [2024-08-05T00:09:08.487+0000] {dag.py:3947} INFO - Setting next_dagrun for example_bash_operator to 2024-08-04 00:00:00+00:00, run_after=2024-08-05 00:00:00+00:00
[2024-08-05T00:09:08.501+0000] {processor.py:183} INFO - Processing /home/airflow/.local/lib/python3.12/site-packages/airflow/example_dags/example_bash_operator.py took 0.074 seconds
[2024-08-05T00:09:39.149+0000] {processor.py:161} INFO - Started process (PID=20756) to work on /home/airflow/.local/lib/python3.12/site-packages/airflow/example_dags/example_bash_operator.py
[2024-08-05T00:09:39.149+0000] {processor.py:830} INFO - Processing file /home/airflow/.local/lib/python3.12/site-packages/airflow/example_dags/example_bash_operator.py for tasks to queue
[2024-08-05T00:09:39.151+0000] {logging_mixin.py:188} INFO - [2024-08-05T00:09:39.150+0000] {dagbag.py:545} INFO - Filling up the DagBag from /home/airflow/.local/lib/python3.12/site-packages/airflow/example_dags/example_bash_operator.py
[2024-08-05T00:09:39.160+0000] {processor.py:840} INFO - DAG(s) 'example_bash_operator' retrieved from /home/airflow/.local/lib/python3.12/site-packages/airflow/example_dags/example_bash_operator.py
[2024-08-05T00:09:39.187+0000] {logging_mixin.py:188} INFO - [2024-08-05T00:09:39.187+0000] {dag.py:3089} INFO - Sync 1 DAGs
[2024-08-05T00:09:39.209+0000] {logging_mixin.py:188} INFO - [2024-08-05T00:09:39.208+0000] {dag.py:3947} INFO - Setting next_dagrun for example_bash_operator to 2024-08-04 00:00:00+00:00, run_after=2024-08-05 00:00:00+00:00
[2024-08-05T00:09:39.223+0000] {processor.py:183} INFO - Processing /home/airflow/.local/lib/python3.12/site-packages/airflow/example_dags/example_bash_operator.py took 0.079 seconds
[2024-08-05T00:10:09.801+0000] {processor.py:161} INFO - Started process (PID=21034) to work on /home/airflow/.local/lib/python3.12/site-packages/airflow/example_dags/example_bash_operator.py
[2024-08-05T00:10:09.802+0000] {processor.py:830} INFO - Processing file /home/airflow/.local/lib/python3.12/site-packages/airflow/example_dags/example_bash_operator.py for tasks to queue
[2024-08-05T00:10:09.803+0000] {logging_mixin.py:188} INFO - [2024-08-05T00:10:09.803+0000] {dagbag.py:545} INFO - Filling up the DagBag from /home/airflow/.local/lib/python3.12/site-packages/airflow/example_dags/example_bash_operator.py
[2024-08-05T00:10:09.812+0000] {processor.py:840} INFO - DAG(s) 'example_bash_operator' retrieved from /home/airflow/.local/lib/python3.12/site-packages/airflow/example_dags/example_bash_operator.py
[2024-08-05T00:10:09.838+0000] {logging_mixin.py:188} INFO - [2024-08-05T00:10:09.837+0000] {dag.py:3089} INFO - Sync 1 DAGs
[2024-08-05T00:10:09.859+0000] {logging_mixin.py:188} INFO - [2024-08-05T00:10:09.859+0000] {dag.py:3947} INFO - Setting next_dagrun for example_bash_operator to 2024-08-04 00:00:00+00:00, run_after=2024-08-05 00:00:00+00:00
[2024-08-05T00:10:09.877+0000] {processor.py:183} INFO - Processing /home/airflow/.local/lib/python3.12/site-packages/airflow/example_dags/example_bash_operator.py took 0.081 seconds
[2024-08-05T00:10:40.583+0000] {processor.py:161} INFO - Started process (PID=21309) to work on /home/airflow/.local/lib/python3.12/site-packages/airflow/example_dags/example_bash_operator.py
[2024-08-05T00:10:40.584+0000] {processor.py:830} INFO - Processing file /home/airflow/.local/lib/python3.12/site-packages/airflow/example_dags/example_bash_operator.py for tasks to queue
[2024-08-05T00:10:40.585+0000] {logging_mixin.py:188} INFO - [2024-08-05T00:10:40.585+0000] {dagbag.py:545} INFO - Filling up the DagBag from /home/airflow/.local/lib/python3.12/site-packages/airflow/example_dags/example_bash_operator.py
[2024-08-05T00:10:40.596+0000] {processor.py:840} INFO - DAG(s) 'example_bash_operator' retrieved from /home/airflow/.local/lib/python3.12/site-packages/airflow/example_dags/example_bash_operator.py
[2024-08-05T00:10:40.623+0000] {logging_mixin.py:188} INFO - [2024-08-05T00:10:40.623+0000] {dag.py:3089} INFO - Sync 1 DAGs
[2024-08-05T00:10:40.644+0000] {logging_mixin.py:188} INFO - [2024-08-05T00:10:40.644+0000] {dag.py:3947} INFO - Setting next_dagrun for example_bash_operator to 2024-08-04 00:00:00+00:00, run_after=2024-08-05 00:00:00+00:00
[2024-08-05T00:10:40.660+0000] {processor.py:183} INFO - Processing /home/airflow/.local/lib/python3.12/site-packages/airflow/example_dags/example_bash_operator.py took 0.082 seconds
[2024-08-05T00:11:11.293+0000] {processor.py:161} INFO - Started process (PID=21581) to work on /home/airflow/.local/lib/python3.12/site-packages/airflow/example_dags/example_bash_operator.py
[2024-08-05T00:11:11.294+0000] {processor.py:830} INFO - Processing file /home/airflow/.local/lib/python3.12/site-packages/airflow/example_dags/example_bash_operator.py for tasks to queue
[2024-08-05T00:11:11.295+0000] {logging_mixin.py:188} INFO - [2024-08-05T00:11:11.295+0000] {dagbag.py:545} INFO - Filling up the DagBag from /home/airflow/.local/lib/python3.12/site-packages/airflow/example_dags/example_bash_operator.py
[2024-08-05T00:11:11.304+0000] {processor.py:840} INFO - DAG(s) 'example_bash_operator' retrieved from /home/airflow/.local/lib/python3.12/site-packages/airflow/example_dags/example_bash_operator.py
[2024-08-05T00:11:11.330+0000] {logging_mixin.py:188} INFO - [2024-08-05T00:11:11.330+0000] {dag.py:3089} INFO - Sync 1 DAGs
[2024-08-05T00:11:11.350+0000] {logging_mixin.py:188} INFO - [2024-08-05T00:11:11.350+0000] {dag.py:3947} INFO - Setting next_dagrun for example_bash_operator to 2024-08-04 00:00:00+00:00, run_after=2024-08-05 00:00:00+00:00
[2024-08-05T00:11:11.367+0000] {processor.py:183} INFO - Processing /home/airflow/.local/lib/python3.12/site-packages/airflow/example_dags/example_bash_operator.py took 0.080 seconds
[2024-08-05T00:11:42.216+0000] {processor.py:161} INFO - Started process (PID=21853) to work on /home/airflow/.local/lib/python3.12/site-packages/airflow/example_dags/example_bash_operator.py
[2024-08-05T00:11:42.216+0000] {processor.py:830} INFO - Processing file /home/airflow/.local/lib/python3.12/site-packages/airflow/example_dags/example_bash_operator.py for tasks to queue
[2024-08-05T00:11:42.218+0000] {logging_mixin.py:188} INFO - [2024-08-05T00:11:42.218+0000] {dagbag.py:545} INFO - Filling up the DagBag from /home/airflow/.local/lib/python3.12/site-packages/airflow/example_dags/example_bash_operator.py
[2024-08-05T00:11:42.228+0000] {processor.py:840} INFO - DAG(s) 'example_bash_operator' retrieved from /home/airflow/.local/lib/python3.12/site-packages/airflow/example_dags/example_bash_operator.py
[2024-08-05T00:11:42.254+0000] {logging_mixin.py:188} INFO - [2024-08-05T00:11:42.254+0000] {dag.py:3089} INFO - Sync 1 DAGs
[2024-08-05T00:11:42.276+0000] {logging_mixin.py:188} INFO - [2024-08-05T00:11:42.276+0000] {dag.py:3947} INFO - Setting next_dagrun for example_bash_operator to 2024-08-04 00:00:00+00:00, run_after=2024-08-05 00:00:00+00:00
[2024-08-05T00:11:42.293+0000] {processor.py:183} INFO - Processing /home/airflow/.local/lib/python3.12/site-packages/airflow/example_dags/example_bash_operator.py took 0.082 seconds
[2024-08-05T00:12:12.475+0000] {processor.py:161} INFO - Started process (PID=22125) to work on /home/airflow/.local/lib/python3.12/site-packages/airflow/example_dags/example_bash_operator.py
[2024-08-05T00:12:12.476+0000] {processor.py:830} INFO - Processing file /home/airflow/.local/lib/python3.12/site-packages/airflow/example_dags/example_bash_operator.py for tasks to queue
[2024-08-05T00:12:12.477+0000] {logging_mixin.py:188} INFO - [2024-08-05T00:12:12.477+0000] {dagbag.py:545} INFO - Filling up the DagBag from /home/airflow/.local/lib/python3.12/site-packages/airflow/example_dags/example_bash_operator.py
[2024-08-05T00:12:12.487+0000] {processor.py:840} INFO - DAG(s) 'example_bash_operator' retrieved from /home/airflow/.local/lib/python3.12/site-packages/airflow/example_dags/example_bash_operator.py
[2024-08-05T00:12:12.514+0000] {logging_mixin.py:188} INFO - [2024-08-05T00:12:12.513+0000] {dag.py:3089} INFO - Sync 1 DAGs
[2024-08-05T00:12:12.533+0000] {logging_mixin.py:188} INFO - [2024-08-05T00:12:12.533+0000] {dag.py:3947} INFO - Setting next_dagrun for example_bash_operator to 2024-08-04 00:00:00+00:00, run_after=2024-08-05 00:00:00+00:00
[2024-08-05T00:12:12.550+0000] {processor.py:183} INFO - Processing /home/airflow/.local/lib/python3.12/site-packages/airflow/example_dags/example_bash_operator.py took 0.080 seconds
[2024-08-05T00:12:42.707+0000] {processor.py:161} INFO - Started process (PID=22397) to work on /home/airflow/.local/lib/python3.12/site-packages/airflow/example_dags/example_bash_operator.py
[2024-08-05T00:12:42.707+0000] {processor.py:830} INFO - Processing file /home/airflow/.local/lib/python3.12/site-packages/airflow/example_dags/example_bash_operator.py for tasks to queue
[2024-08-05T00:12:42.709+0000] {logging_mixin.py:188} INFO - [2024-08-05T00:12:42.709+0000] {dagbag.py:545} INFO - Filling up the DagBag from /home/airflow/.local/lib/python3.12/site-packages/airflow/example_dags/example_bash_operator.py
[2024-08-05T00:12:42.719+0000] {processor.py:840} INFO - DAG(s) 'example_bash_operator' retrieved from /home/airflow/.local/lib/python3.12/site-packages/airflow/example_dags/example_bash_operator.py
[2024-08-05T00:12:42.747+0000] {logging_mixin.py:188} INFO - [2024-08-05T00:12:42.747+0000] {dag.py:3089} INFO - Sync 1 DAGs
[2024-08-05T00:12:42.770+0000] {logging_mixin.py:188} INFO - [2024-08-05T00:12:42.769+0000] {dag.py:3947} INFO - Setting next_dagrun for example_bash_operator to 2024-08-04 00:00:00+00:00, run_after=2024-08-05 00:00:00+00:00
[2024-08-05T00:12:42.787+0000] {processor.py:183} INFO - Processing /home/airflow/.local/lib/python3.12/site-packages/airflow/example_dags/example_bash_operator.py took 0.085 seconds
[2024-08-05T00:13:12.954+0000] {processor.py:161} INFO - Started process (PID=22669) to work on /home/airflow/.local/lib/python3.12/site-packages/airflow/example_dags/example_bash_operator.py
[2024-08-05T00:13:12.955+0000] {processor.py:830} INFO - Processing file /home/airflow/.local/lib/python3.12/site-packages/airflow/example_dags/example_bash_operator.py for tasks to queue
[2024-08-05T00:13:12.956+0000] {logging_mixin.py:188} INFO - [2024-08-05T00:13:12.956+0000] {dagbag.py:545} INFO - Filling up the DagBag from /home/airflow/.local/lib/python3.12/site-packages/airflow/example_dags/example_bash_operator.py
[2024-08-05T00:13:12.965+0000] {processor.py:840} INFO - DAG(s) 'example_bash_operator' retrieved from /home/airflow/.local/lib/python3.12/site-packages/airflow/example_dags/example_bash_operator.py
[2024-08-05T00:13:12.993+0000] {logging_mixin.py:188} INFO - [2024-08-05T00:13:12.993+0000] {dag.py:3089} INFO - Sync 1 DAGs
[2024-08-05T00:13:13.016+0000] {logging_mixin.py:188} INFO - [2024-08-05T00:13:13.016+0000] {dag.py:3947} INFO - Setting next_dagrun for example_bash_operator to 2024-08-04 00:00:00+00:00, run_after=2024-08-05 00:00:00+00:00
[2024-08-05T00:13:13.033+0000] {processor.py:183} INFO - Processing /home/airflow/.local/lib/python3.12/site-packages/airflow/example_dags/example_bash_operator.py took 0.085 seconds
[2024-08-05T00:13:43.353+0000] {processor.py:161} INFO - Started process (PID=22941) to work on /home/airflow/.local/lib/python3.12/site-packages/airflow/example_dags/example_bash_operator.py
[2024-08-05T00:13:43.354+0000] {processor.py:830} INFO - Processing file /home/airflow/.local/lib/python3.12/site-packages/airflow/example_dags/example_bash_operator.py for tasks to queue
[2024-08-05T00:13:43.356+0000] {logging_mixin.py:188} INFO - [2024-08-05T00:13:43.356+0000] {dagbag.py:545} INFO - Filling up the DagBag from /home/airflow/.local/lib/python3.12/site-packages/airflow/example_dags/example_bash_operator.py
[2024-08-05T00:13:43.369+0000] {processor.py:840} INFO - DAG(s) 'example_bash_operator' retrieved from /home/airflow/.local/lib/python3.12/site-packages/airflow/example_dags/example_bash_operator.py
[2024-08-05T00:13:43.394+0000] {logging_mixin.py:188} INFO - [2024-08-05T00:13:43.394+0000] {dag.py:3089} INFO - Sync 1 DAGs
[2024-08-05T00:13:43.417+0000] {logging_mixin.py:188} INFO - [2024-08-05T00:13:43.417+0000] {dag.py:3947} INFO - Setting next_dagrun for example_bash_operator to 2024-08-04 00:00:00+00:00, run_after=2024-08-05 00:00:00+00:00
[2024-08-05T00:13:43.434+0000] {processor.py:183} INFO - Processing /home/airflow/.local/lib/python3.12/site-packages/airflow/example_dags/example_bash_operator.py took 0.087 seconds
[2024-08-05T00:14:13.870+0000] {processor.py:161} INFO - Started process (PID=23213) to work on /home/airflow/.local/lib/python3.12/site-packages/airflow/example_dags/example_bash_operator.py
[2024-08-05T00:14:13.872+0000] {processor.py:830} INFO - Processing file /home/airflow/.local/lib/python3.12/site-packages/airflow/example_dags/example_bash_operator.py for tasks to queue
[2024-08-05T00:14:13.873+0000] {logging_mixin.py:188} INFO - [2024-08-05T00:14:13.873+0000] {dagbag.py:545} INFO - Filling up the DagBag from /home/airflow/.local/lib/python3.12/site-packages/airflow/example_dags/example_bash_operator.py
[2024-08-05T00:14:13.883+0000] {processor.py:840} INFO - DAG(s) 'example_bash_operator' retrieved from /home/airflow/.local/lib/python3.12/site-packages/airflow/example_dags/example_bash_operator.py
[2024-08-05T00:14:13.913+0000] {logging_mixin.py:188} INFO - [2024-08-05T00:14:13.913+0000] {dag.py:3089} INFO - Sync 1 DAGs
[2024-08-05T00:14:13.937+0000] {logging_mixin.py:188} INFO - [2024-08-05T00:14:13.937+0000] {dag.py:3947} INFO - Setting next_dagrun for example_bash_operator to 2024-08-04 00:00:00+00:00, run_after=2024-08-05 00:00:00+00:00
[2024-08-05T00:14:13.956+0000] {processor.py:183} INFO - Processing /home/airflow/.local/lib/python3.12/site-packages/airflow/example_dags/example_bash_operator.py took 0.091 seconds
[2024-08-05T00:14:44.167+0000] {processor.py:161} INFO - Started process (PID=23485) to work on /home/airflow/.local/lib/python3.12/site-packages/airflow/example_dags/example_bash_operator.py
[2024-08-05T00:14:44.168+0000] {processor.py:830} INFO - Processing file /home/airflow/.local/lib/python3.12/site-packages/airflow/example_dags/example_bash_operator.py for tasks to queue
[2024-08-05T00:14:44.170+0000] {logging_mixin.py:188} INFO - [2024-08-05T00:14:44.170+0000] {dagbag.py:545} INFO - Filling up the DagBag from /home/airflow/.local/lib/python3.12/site-packages/airflow/example_dags/example_bash_operator.py
[2024-08-05T00:14:44.179+0000] {processor.py:840} INFO - DAG(s) 'example_bash_operator' retrieved from /home/airflow/.local/lib/python3.12/site-packages/airflow/example_dags/example_bash_operator.py
[2024-08-05T00:14:44.205+0000] {logging_mixin.py:188} INFO - [2024-08-05T00:14:44.205+0000] {dag.py:3089} INFO - Sync 1 DAGs
[2024-08-05T00:14:44.227+0000] {logging_mixin.py:188} INFO - [2024-08-05T00:14:44.227+0000] {dag.py:3947} INFO - Setting next_dagrun for example_bash_operator to 2024-08-04 00:00:00+00:00, run_after=2024-08-05 00:00:00+00:00
[2024-08-05T00:14:44.245+0000] {processor.py:183} INFO - Processing /home/airflow/.local/lib/python3.12/site-packages/airflow/example_dags/example_bash_operator.py took 0.083 seconds
[2024-08-05T00:15:14.349+0000] {processor.py:161} INFO - Started process (PID=23757) to work on /home/airflow/.local/lib/python3.12/site-packages/airflow/example_dags/example_bash_operator.py
[2024-08-05T00:15:14.350+0000] {processor.py:830} INFO - Processing file /home/airflow/.local/lib/python3.12/site-packages/airflow/example_dags/example_bash_operator.py for tasks to queue
[2024-08-05T00:15:14.352+0000] {logging_mixin.py:188} INFO - [2024-08-05T00:15:14.352+0000] {dagbag.py:545} INFO - Filling up the DagBag from /home/airflow/.local/lib/python3.12/site-packages/airflow/example_dags/example_bash_operator.py
[2024-08-05T00:15:14.362+0000] {processor.py:840} INFO - DAG(s) 'example_bash_operator' retrieved from /home/airflow/.local/lib/python3.12/site-packages/airflow/example_dags/example_bash_operator.py
[2024-08-05T00:15:14.387+0000] {logging_mixin.py:188} INFO - [2024-08-05T00:15:14.387+0000] {dag.py:3089} INFO - Sync 1 DAGs
[2024-08-05T00:15:14.409+0000] {logging_mixin.py:188} INFO - [2024-08-05T00:15:14.408+0000] {dag.py:3947} INFO - Setting next_dagrun for example_bash_operator to 2024-08-04 00:00:00+00:00, run_after=2024-08-05 00:00:00+00:00
[2024-08-05T00:15:14.426+0000] {processor.py:183} INFO - Processing /home/airflow/.local/lib/python3.12/site-packages/airflow/example_dags/example_bash_operator.py took 0.083 seconds
[2024-08-05T00:15:44.591+0000] {processor.py:161} INFO - Started process (PID=24029) to work on /home/airflow/.local/lib/python3.12/site-packages/airflow/example_dags/example_bash_operator.py
[2024-08-05T00:15:44.592+0000] {processor.py:830} INFO - Processing file /home/airflow/.local/lib/python3.12/site-packages/airflow/example_dags/example_bash_operator.py for tasks to queue
[2024-08-05T00:15:44.593+0000] {logging_mixin.py:188} INFO - [2024-08-05T00:15:44.593+0000] {dagbag.py:545} INFO - Filling up the DagBag from /home/airflow/.local/lib/python3.12/site-packages/airflow/example_dags/example_bash_operator.py
[2024-08-05T00:15:44.601+0000] {processor.py:840} INFO - DAG(s) 'example_bash_operator' retrieved from /home/airflow/.local/lib/python3.12/site-packages/airflow/example_dags/example_bash_operator.py
[2024-08-05T00:15:44.628+0000] {logging_mixin.py:188} INFO - [2024-08-05T00:15:44.628+0000] {dag.py:3089} INFO - Sync 1 DAGs
[2024-08-05T00:15:44.650+0000] {logging_mixin.py:188} INFO - [2024-08-05T00:15:44.650+0000] {dag.py:3947} INFO - Setting next_dagrun for example_bash_operator to 2024-08-04 00:00:00+00:00, run_after=2024-08-05 00:00:00+00:00
[2024-08-05T00:15:44.667+0000] {processor.py:183} INFO - Processing /home/airflow/.local/lib/python3.12/site-packages/airflow/example_dags/example_bash_operator.py took 0.081 seconds
[2024-08-05T00:16:15.158+0000] {processor.py:161} INFO - Started process (PID=24301) to work on /home/airflow/.local/lib/python3.12/site-packages/airflow/example_dags/example_bash_operator.py
[2024-08-05T00:16:15.159+0000] {processor.py:830} INFO - Processing file /home/airflow/.local/lib/python3.12/site-packages/airflow/example_dags/example_bash_operator.py for tasks to queue
[2024-08-05T00:16:15.160+0000] {logging_mixin.py:188} INFO - [2024-08-05T00:16:15.160+0000] {dagbag.py:545} INFO - Filling up the DagBag from /home/airflow/.local/lib/python3.12/site-packages/airflow/example_dags/example_bash_operator.py
[2024-08-05T00:16:15.169+0000] {processor.py:840} INFO - DAG(s) 'example_bash_operator' retrieved from /home/airflow/.local/lib/python3.12/site-packages/airflow/example_dags/example_bash_operator.py
[2024-08-05T00:16:15.195+0000] {logging_mixin.py:188} INFO - [2024-08-05T00:16:15.195+0000] {dag.py:3089} INFO - Sync 1 DAGs
[2024-08-05T00:16:15.215+0000] {logging_mixin.py:188} INFO - [2024-08-05T00:16:15.215+0000] {dag.py:3947} INFO - Setting next_dagrun for example_bash_operator to 2024-08-04 00:00:00+00:00, run_after=2024-08-05 00:00:00+00:00
[2024-08-05T00:16:15.230+0000] {processor.py:183} INFO - Processing /home/airflow/.local/lib/python3.12/site-packages/airflow/example_dags/example_bash_operator.py took 0.077 seconds
[2024-08-05T00:16:45.477+0000] {processor.py:161} INFO - Started process (PID=24573) to work on /home/airflow/.local/lib/python3.12/site-packages/airflow/example_dags/example_bash_operator.py
[2024-08-05T00:16:45.478+0000] {processor.py:830} INFO - Processing file /home/airflow/.local/lib/python3.12/site-packages/airflow/example_dags/example_bash_operator.py for tasks to queue
[2024-08-05T00:16:45.480+0000] {logging_mixin.py:188} INFO - [2024-08-05T00:16:45.480+0000] {dagbag.py:545} INFO - Filling up the DagBag from /home/airflow/.local/lib/python3.12/site-packages/airflow/example_dags/example_bash_operator.py
[2024-08-05T00:16:45.490+0000] {processor.py:840} INFO - DAG(s) 'example_bash_operator' retrieved from /home/airflow/.local/lib/python3.12/site-packages/airflow/example_dags/example_bash_operator.py
[2024-08-05T00:16:45.520+0000] {logging_mixin.py:188} INFO - [2024-08-05T00:16:45.520+0000] {dag.py:3089} INFO - Sync 1 DAGs
[2024-08-05T00:16:45.542+0000] {logging_mixin.py:188} INFO - [2024-08-05T00:16:45.542+0000] {dag.py:3947} INFO - Setting next_dagrun for example_bash_operator to 2024-08-04 00:00:00+00:00, run_after=2024-08-05 00:00:00+00:00
[2024-08-05T00:16:45.560+0000] {processor.py:183} INFO - Processing /home/airflow/.local/lib/python3.12/site-packages/airflow/example_dags/example_bash_operator.py took 0.089 seconds
[2024-08-05T00:17:15.805+0000] {processor.py:161} INFO - Started process (PID=24845) to work on /home/airflow/.local/lib/python3.12/site-packages/airflow/example_dags/example_bash_operator.py
[2024-08-05T00:17:15.806+0000] {processor.py:830} INFO - Processing file /home/airflow/.local/lib/python3.12/site-packages/airflow/example_dags/example_bash_operator.py for tasks to queue
[2024-08-05T00:17:15.807+0000] {logging_mixin.py:188} INFO - [2024-08-05T00:17:15.807+0000] {dagbag.py:545} INFO - Filling up the DagBag from /home/airflow/.local/lib/python3.12/site-packages/airflow/example_dags/example_bash_operator.py
[2024-08-05T00:17:15.819+0000] {processor.py:840} INFO - DAG(s) 'example_bash_operator' retrieved from /home/airflow/.local/lib/python3.12/site-packages/airflow/example_dags/example_bash_operator.py
[2024-08-05T00:17:15.846+0000] {logging_mixin.py:188} INFO - [2024-08-05T00:17:15.846+0000] {dag.py:3089} INFO - Sync 1 DAGs
[2024-08-05T00:17:15.869+0000] {logging_mixin.py:188} INFO - [2024-08-05T00:17:15.869+0000] {dag.py:3947} INFO - Setting next_dagrun for example_bash_operator to 2024-08-04 00:00:00+00:00, run_after=2024-08-05 00:00:00+00:00
[2024-08-05T00:17:15.886+0000] {processor.py:183} INFO - Processing /home/airflow/.local/lib/python3.12/site-packages/airflow/example_dags/example_bash_operator.py took 0.086 seconds
[2024-08-05T00:17:46.141+0000] {processor.py:161} INFO - Started process (PID=25117) to work on /home/airflow/.local/lib/python3.12/site-packages/airflow/example_dags/example_bash_operator.py
[2024-08-05T00:17:46.142+0000] {processor.py:830} INFO - Processing file /home/airflow/.local/lib/python3.12/site-packages/airflow/example_dags/example_bash_operator.py for tasks to queue
[2024-08-05T00:17:46.144+0000] {logging_mixin.py:188} INFO - [2024-08-05T00:17:46.143+0000] {dagbag.py:545} INFO - Filling up the DagBag from /home/airflow/.local/lib/python3.12/site-packages/airflow/example_dags/example_bash_operator.py
[2024-08-05T00:17:46.154+0000] {processor.py:840} INFO - DAG(s) 'example_bash_operator' retrieved from /home/airflow/.local/lib/python3.12/site-packages/airflow/example_dags/example_bash_operator.py
[2024-08-05T00:17:46.181+0000] {logging_mixin.py:188} INFO - [2024-08-05T00:17:46.181+0000] {dag.py:3089} INFO - Sync 1 DAGs
[2024-08-05T00:17:46.202+0000] {logging_mixin.py:188} INFO - [2024-08-05T00:17:46.202+0000] {dag.py:3947} INFO - Setting next_dagrun for example_bash_operator to 2024-08-04 00:00:00+00:00, run_after=2024-08-05 00:00:00+00:00
[2024-08-05T00:17:46.218+0000] {processor.py:183} INFO - Processing /home/airflow/.local/lib/python3.12/site-packages/airflow/example_dags/example_bash_operator.py took 0.082 seconds
[2024-08-05T00:18:16.428+0000] {processor.py:161} INFO - Started process (PID=25389) to work on /home/airflow/.local/lib/python3.12/site-packages/airflow/example_dags/example_bash_operator.py
[2024-08-05T00:18:16.429+0000] {processor.py:830} INFO - Processing file /home/airflow/.local/lib/python3.12/site-packages/airflow/example_dags/example_bash_operator.py for tasks to queue
[2024-08-05T00:18:16.430+0000] {logging_mixin.py:188} INFO - [2024-08-05T00:18:16.430+0000] {dagbag.py:545} INFO - Filling up the DagBag from /home/airflow/.local/lib/python3.12/site-packages/airflow/example_dags/example_bash_operator.py
[2024-08-05T00:18:16.440+0000] {processor.py:840} INFO - DAG(s) 'example_bash_operator' retrieved from /home/airflow/.local/lib/python3.12/site-packages/airflow/example_dags/example_bash_operator.py
[2024-08-05T00:18:16.467+0000] {logging_mixin.py:188} INFO - [2024-08-05T00:18:16.466+0000] {dag.py:3089} INFO - Sync 1 DAGs
[2024-08-05T00:18:16.489+0000] {logging_mixin.py:188} INFO - [2024-08-05T00:18:16.488+0000] {dag.py:3947} INFO - Setting next_dagrun for example_bash_operator to 2024-08-04 00:00:00+00:00, run_after=2024-08-05 00:00:00+00:00
[2024-08-05T00:18:16.505+0000] {processor.py:183} INFO - Processing /home/airflow/.local/lib/python3.12/site-packages/airflow/example_dags/example_bash_operator.py took 0.083 seconds
[2024-08-05T00:18:46.568+0000] {processor.py:161} INFO - Started process (PID=25661) to work on /home/airflow/.local/lib/python3.12/site-packages/airflow/example_dags/example_bash_operator.py
[2024-08-05T00:18:46.569+0000] {processor.py:830} INFO - Processing file /home/airflow/.local/lib/python3.12/site-packages/airflow/example_dags/example_bash_operator.py for tasks to queue
[2024-08-05T00:18:46.571+0000] {logging_mixin.py:188} INFO - [2024-08-05T00:18:46.570+0000] {dagbag.py:545} INFO - Filling up the DagBag from /home/airflow/.local/lib/python3.12/site-packages/airflow/example_dags/example_bash_operator.py
[2024-08-05T00:18:46.583+0000] {processor.py:840} INFO - DAG(s) 'example_bash_operator' retrieved from /home/airflow/.local/lib/python3.12/site-packages/airflow/example_dags/example_bash_operator.py
[2024-08-05T00:18:46.609+0000] {logging_mixin.py:188} INFO - [2024-08-05T00:18:46.609+0000] {dag.py:3089} INFO - Sync 1 DAGs
[2024-08-05T00:18:46.630+0000] {logging_mixin.py:188} INFO - [2024-08-05T00:18:46.629+0000] {dag.py:3947} INFO - Setting next_dagrun for example_bash_operator to 2024-08-04 00:00:00+00:00, run_after=2024-08-05 00:00:00+00:00
[2024-08-05T00:18:46.646+0000] {processor.py:183} INFO - Processing /home/airflow/.local/lib/python3.12/site-packages/airflow/example_dags/example_bash_operator.py took 0.083 seconds
[2024-08-05T00:19:16.789+0000] {processor.py:161} INFO - Started process (PID=25933) to work on /home/airflow/.local/lib/python3.12/site-packages/airflow/example_dags/example_bash_operator.py
[2024-08-05T00:19:16.790+0000] {processor.py:830} INFO - Processing file /home/airflow/.local/lib/python3.12/site-packages/airflow/example_dags/example_bash_operator.py for tasks to queue
[2024-08-05T00:19:16.792+0000] {logging_mixin.py:188} INFO - [2024-08-05T00:19:16.791+0000] {dagbag.py:545} INFO - Filling up the DagBag from /home/airflow/.local/lib/python3.12/site-packages/airflow/example_dags/example_bash_operator.py
[2024-08-05T00:19:16.801+0000] {processor.py:840} INFO - DAG(s) 'example_bash_operator' retrieved from /home/airflow/.local/lib/python3.12/site-packages/airflow/example_dags/example_bash_operator.py
[2024-08-05T00:19:16.827+0000] {logging_mixin.py:188} INFO - [2024-08-05T00:19:16.826+0000] {dag.py:3089} INFO - Sync 1 DAGs
[2024-08-05T00:19:16.848+0000] {logging_mixin.py:188} INFO - [2024-08-05T00:19:16.848+0000] {dag.py:3947} INFO - Setting next_dagrun for example_bash_operator to 2024-08-04 00:00:00+00:00, run_after=2024-08-05 00:00:00+00:00
[2024-08-05T00:19:16.864+0000] {processor.py:183} INFO - Processing /home/airflow/.local/lib/python3.12/site-packages/airflow/example_dags/example_bash_operator.py took 0.080 seconds
[2024-08-05T00:19:47.075+0000] {processor.py:161} INFO - Started process (PID=26205) to work on /home/airflow/.local/lib/python3.12/site-packages/airflow/example_dags/example_bash_operator.py
[2024-08-05T00:19:47.076+0000] {processor.py:830} INFO - Processing file /home/airflow/.local/lib/python3.12/site-packages/airflow/example_dags/example_bash_operator.py for tasks to queue
[2024-08-05T00:19:47.077+0000] {logging_mixin.py:188} INFO - [2024-08-05T00:19:47.077+0000] {dagbag.py:545} INFO - Filling up the DagBag from /home/airflow/.local/lib/python3.12/site-packages/airflow/example_dags/example_bash_operator.py
[2024-08-05T00:19:47.088+0000] {processor.py:840} INFO - DAG(s) 'example_bash_operator' retrieved from /home/airflow/.local/lib/python3.12/site-packages/airflow/example_dags/example_bash_operator.py
[2024-08-05T00:19:47.115+0000] {logging_mixin.py:188} INFO - [2024-08-05T00:19:47.115+0000] {dag.py:3089} INFO - Sync 1 DAGs
[2024-08-05T00:19:47.137+0000] {logging_mixin.py:188} INFO - [2024-08-05T00:19:47.137+0000] {dag.py:3947} INFO - Setting next_dagrun for example_bash_operator to 2024-08-04 00:00:00+00:00, run_after=2024-08-05 00:00:00+00:00
[2024-08-05T00:19:47.154+0000] {processor.py:183} INFO - Processing /home/airflow/.local/lib/python3.12/site-packages/airflow/example_dags/example_bash_operator.py took 0.084 seconds
[2024-08-05T00:20:17.324+0000] {processor.py:161} INFO - Started process (PID=26486) to work on /home/airflow/.local/lib/python3.12/site-packages/airflow/example_dags/example_bash_operator.py
[2024-08-05T00:20:17.325+0000] {processor.py:830} INFO - Processing file /home/airflow/.local/lib/python3.12/site-packages/airflow/example_dags/example_bash_operator.py for tasks to queue
[2024-08-05T00:20:17.326+0000] {logging_mixin.py:188} INFO - [2024-08-05T00:20:17.326+0000] {dagbag.py:545} INFO - Filling up the DagBag from /home/airflow/.local/lib/python3.12/site-packages/airflow/example_dags/example_bash_operator.py
[2024-08-05T00:20:17.336+0000] {processor.py:840} INFO - DAG(s) 'example_bash_operator' retrieved from /home/airflow/.local/lib/python3.12/site-packages/airflow/example_dags/example_bash_operator.py
[2024-08-05T00:20:17.365+0000] {logging_mixin.py:188} INFO - [2024-08-05T00:20:17.365+0000] {dag.py:3089} INFO - Sync 1 DAGs
[2024-08-05T00:20:17.387+0000] {logging_mixin.py:188} INFO - [2024-08-05T00:20:17.387+0000] {dag.py:3947} INFO - Setting next_dagrun for example_bash_operator to 2024-08-04 00:00:00+00:00, run_after=2024-08-05 00:00:00+00:00
[2024-08-05T00:20:17.404+0000] {processor.py:183} INFO - Processing /home/airflow/.local/lib/python3.12/site-packages/airflow/example_dags/example_bash_operator.py took 0.086 seconds
[2024-08-05T00:20:47.865+0000] {processor.py:161} INFO - Started process (PID=26758) to work on /home/airflow/.local/lib/python3.12/site-packages/airflow/example_dags/example_bash_operator.py
[2024-08-05T00:20:47.866+0000] {processor.py:830} INFO - Processing file /home/airflow/.local/lib/python3.12/site-packages/airflow/example_dags/example_bash_operator.py for tasks to queue
[2024-08-05T00:20:47.867+0000] {logging_mixin.py:188} INFO - [2024-08-05T00:20:47.867+0000] {dagbag.py:545} INFO - Filling up the DagBag from /home/airflow/.local/lib/python3.12/site-packages/airflow/example_dags/example_bash_operator.py
[2024-08-05T00:20:47.878+0000] {processor.py:840} INFO - DAG(s) 'example_bash_operator' retrieved from /home/airflow/.local/lib/python3.12/site-packages/airflow/example_dags/example_bash_operator.py
[2024-08-05T00:20:47.906+0000] {logging_mixin.py:188} INFO - [2024-08-05T00:20:47.905+0000] {dag.py:3089} INFO - Sync 1 DAGs
[2024-08-05T00:20:47.928+0000] {logging_mixin.py:188} INFO - [2024-08-05T00:20:47.928+0000] {dag.py:3947} INFO - Setting next_dagrun for example_bash_operator to 2024-08-04 00:00:00+00:00, run_after=2024-08-05 00:00:00+00:00
[2024-08-05T00:20:47.945+0000] {processor.py:183} INFO - Processing /home/airflow/.local/lib/python3.12/site-packages/airflow/example_dags/example_bash_operator.py took 0.084 seconds
[2024-08-05T00:21:18.365+0000] {processor.py:161} INFO - Started process (PID=27030) to work on /home/airflow/.local/lib/python3.12/site-packages/airflow/example_dags/example_bash_operator.py
[2024-08-05T00:21:18.366+0000] {processor.py:830} INFO - Processing file /home/airflow/.local/lib/python3.12/site-packages/airflow/example_dags/example_bash_operator.py for tasks to queue
[2024-08-05T00:21:18.368+0000] {logging_mixin.py:188} INFO - [2024-08-05T00:21:18.367+0000] {dagbag.py:545} INFO - Filling up the DagBag from /home/airflow/.local/lib/python3.12/site-packages/airflow/example_dags/example_bash_operator.py
[2024-08-05T00:21:18.378+0000] {processor.py:840} INFO - DAG(s) 'example_bash_operator' retrieved from /home/airflow/.local/lib/python3.12/site-packages/airflow/example_dags/example_bash_operator.py
[2024-08-05T00:21:18.405+0000] {logging_mixin.py:188} INFO - [2024-08-05T00:21:18.405+0000] {dag.py:3089} INFO - Sync 1 DAGs
[2024-08-05T00:21:18.429+0000] {logging_mixin.py:188} INFO - [2024-08-05T00:21:18.429+0000] {dag.py:3947} INFO - Setting next_dagrun for example_bash_operator to 2024-08-04 00:00:00+00:00, run_after=2024-08-05 00:00:00+00:00
[2024-08-05T00:21:18.448+0000] {processor.py:183} INFO - Processing /home/airflow/.local/lib/python3.12/site-packages/airflow/example_dags/example_bash_operator.py took 0.087 seconds
[2024-08-05T00:21:48.798+0000] {processor.py:161} INFO - Started process (PID=27302) to work on /home/airflow/.local/lib/python3.12/site-packages/airflow/example_dags/example_bash_operator.py
[2024-08-05T00:21:48.799+0000] {processor.py:830} INFO - Processing file /home/airflow/.local/lib/python3.12/site-packages/airflow/example_dags/example_bash_operator.py for tasks to queue
[2024-08-05T00:21:48.801+0000] {logging_mixin.py:188} INFO - [2024-08-05T00:21:48.801+0000] {dagbag.py:545} INFO - Filling up the DagBag from /home/airflow/.local/lib/python3.12/site-packages/airflow/example_dags/example_bash_operator.py
[2024-08-05T00:21:48.811+0000] {processor.py:840} INFO - DAG(s) 'example_bash_operator' retrieved from /home/airflow/.local/lib/python3.12/site-packages/airflow/example_dags/example_bash_operator.py
[2024-08-05T00:21:48.841+0000] {logging_mixin.py:188} INFO - [2024-08-05T00:21:48.841+0000] {dag.py:3089} INFO - Sync 1 DAGs
[2024-08-05T00:21:48.867+0000] {logging_mixin.py:188} INFO - [2024-08-05T00:21:48.867+0000] {dag.py:3947} INFO - Setting next_dagrun for example_bash_operator to 2024-08-04 00:00:00+00:00, run_after=2024-08-05 00:00:00+00:00
[2024-08-05T00:21:49.025+0000] {processor.py:183} INFO - Processing /home/airflow/.local/lib/python3.12/site-packages/airflow/example_dags/example_bash_operator.py took 0.231 seconds
[2024-08-05T00:22:19.131+0000] {processor.py:161} INFO - Started process (PID=27574) to work on /home/airflow/.local/lib/python3.12/site-packages/airflow/example_dags/example_bash_operator.py
[2024-08-05T00:22:19.132+0000] {processor.py:830} INFO - Processing file /home/airflow/.local/lib/python3.12/site-packages/airflow/example_dags/example_bash_operator.py for tasks to queue
[2024-08-05T00:22:19.133+0000] {logging_mixin.py:188} INFO - [2024-08-05T00:22:19.133+0000] {dagbag.py:545} INFO - Filling up the DagBag from /home/airflow/.local/lib/python3.12/site-packages/airflow/example_dags/example_bash_operator.py
[2024-08-05T00:22:19.143+0000] {processor.py:840} INFO - DAG(s) 'example_bash_operator' retrieved from /home/airflow/.local/lib/python3.12/site-packages/airflow/example_dags/example_bash_operator.py
[2024-08-05T00:22:19.170+0000] {logging_mixin.py:188} INFO - [2024-08-05T00:22:19.170+0000] {dag.py:3089} INFO - Sync 1 DAGs
[2024-08-05T00:22:19.192+0000] {logging_mixin.py:188} INFO - [2024-08-05T00:22:19.192+0000] {dag.py:3947} INFO - Setting next_dagrun for example_bash_operator to 2024-08-04 00:00:00+00:00, run_after=2024-08-05 00:00:00+00:00
[2024-08-05T00:22:19.340+0000] {processor.py:183} INFO - Processing /home/airflow/.local/lib/python3.12/site-packages/airflow/example_dags/example_bash_operator.py took 0.214 seconds
[2024-08-05T00:22:49.435+0000] {processor.py:161} INFO - Started process (PID=27846) to work on /home/airflow/.local/lib/python3.12/site-packages/airflow/example_dags/example_bash_operator.py
[2024-08-05T00:22:49.436+0000] {processor.py:830} INFO - Processing file /home/airflow/.local/lib/python3.12/site-packages/airflow/example_dags/example_bash_operator.py for tasks to queue
[2024-08-05T00:22:49.438+0000] {logging_mixin.py:188} INFO - [2024-08-05T00:22:49.438+0000] {dagbag.py:545} INFO - Filling up the DagBag from /home/airflow/.local/lib/python3.12/site-packages/airflow/example_dags/example_bash_operator.py
[2024-08-05T00:22:49.447+0000] {processor.py:840} INFO - DAG(s) 'example_bash_operator' retrieved from /home/airflow/.local/lib/python3.12/site-packages/airflow/example_dags/example_bash_operator.py
[2024-08-05T00:22:49.475+0000] {logging_mixin.py:188} INFO - [2024-08-05T00:22:49.475+0000] {dag.py:3089} INFO - Sync 1 DAGs
[2024-08-05T00:22:49.498+0000] {logging_mixin.py:188} INFO - [2024-08-05T00:22:49.497+0000] {dag.py:3947} INFO - Setting next_dagrun for example_bash_operator to 2024-08-04 00:00:00+00:00, run_after=2024-08-05 00:00:00+00:00
[2024-08-05T00:22:49.516+0000] {processor.py:183} INFO - Processing /home/airflow/.local/lib/python3.12/site-packages/airflow/example_dags/example_bash_operator.py took 0.085 seconds
[2024-08-05T00:23:20.038+0000] {processor.py:161} INFO - Started process (PID=28118) to work on /home/airflow/.local/lib/python3.12/site-packages/airflow/example_dags/example_bash_operator.py
[2024-08-05T00:23:20.039+0000] {processor.py:830} INFO - Processing file /home/airflow/.local/lib/python3.12/site-packages/airflow/example_dags/example_bash_operator.py for tasks to queue
[2024-08-05T00:23:20.041+0000] {logging_mixin.py:188} INFO - [2024-08-05T00:23:20.041+0000] {dagbag.py:545} INFO - Filling up the DagBag from /home/airflow/.local/lib/python3.12/site-packages/airflow/example_dags/example_bash_operator.py
[2024-08-05T00:23:20.055+0000] {processor.py:840} INFO - DAG(s) 'example_bash_operator' retrieved from /home/airflow/.local/lib/python3.12/site-packages/airflow/example_dags/example_bash_operator.py
[2024-08-05T00:23:20.088+0000] {logging_mixin.py:188} INFO - [2024-08-05T00:23:20.088+0000] {dag.py:3089} INFO - Sync 1 DAGs
[2024-08-05T00:23:20.111+0000] {logging_mixin.py:188} INFO - [2024-08-05T00:23:20.110+0000] {dag.py:3947} INFO - Setting next_dagrun for example_bash_operator to 2024-08-04 00:00:00+00:00, run_after=2024-08-05 00:00:00+00:00
[2024-08-05T00:23:20.128+0000] {processor.py:183} INFO - Processing /home/airflow/.local/lib/python3.12/site-packages/airflow/example_dags/example_bash_operator.py took 0.097 seconds
[2024-08-05T00:23:50.494+0000] {processor.py:161} INFO - Started process (PID=28390) to work on /home/airflow/.local/lib/python3.12/site-packages/airflow/example_dags/example_bash_operator.py
[2024-08-05T00:23:50.496+0000] {processor.py:830} INFO - Processing file /home/airflow/.local/lib/python3.12/site-packages/airflow/example_dags/example_bash_operator.py for tasks to queue
[2024-08-05T00:23:50.497+0000] {logging_mixin.py:188} INFO - [2024-08-05T00:23:50.497+0000] {dagbag.py:545} INFO - Filling up the DagBag from /home/airflow/.local/lib/python3.12/site-packages/airflow/example_dags/example_bash_operator.py
[2024-08-05T00:23:50.507+0000] {processor.py:840} INFO - DAG(s) 'example_bash_operator' retrieved from /home/airflow/.local/lib/python3.12/site-packages/airflow/example_dags/example_bash_operator.py
[2024-08-05T00:23:50.534+0000] {logging_mixin.py:188} INFO - [2024-08-05T00:23:50.534+0000] {dag.py:3089} INFO - Sync 1 DAGs
[2024-08-05T00:23:50.556+0000] {logging_mixin.py:188} INFO - [2024-08-05T00:23:50.555+0000] {dag.py:3947} INFO - Setting next_dagrun for example_bash_operator to 2024-08-04 00:00:00+00:00, run_after=2024-08-05 00:00:00+00:00
[2024-08-05T00:23:50.571+0000] {processor.py:183} INFO - Processing /home/airflow/.local/lib/python3.12/site-packages/airflow/example_dags/example_bash_operator.py took 0.083 seconds
[2024-08-05T00:24:21.150+0000] {processor.py:161} INFO - Started process (PID=28662) to work on /home/airflow/.local/lib/python3.12/site-packages/airflow/example_dags/example_bash_operator.py
[2024-08-05T00:24:21.150+0000] {processor.py:830} INFO - Processing file /home/airflow/.local/lib/python3.12/site-packages/airflow/example_dags/example_bash_operator.py for tasks to queue
[2024-08-05T00:24:21.152+0000] {logging_mixin.py:188} INFO - [2024-08-05T00:24:21.151+0000] {dagbag.py:545} INFO - Filling up the DagBag from /home/airflow/.local/lib/python3.12/site-packages/airflow/example_dags/example_bash_operator.py
[2024-08-05T00:24:21.160+0000] {processor.py:840} INFO - DAG(s) 'example_bash_operator' retrieved from /home/airflow/.local/lib/python3.12/site-packages/airflow/example_dags/example_bash_operator.py
[2024-08-05T00:24:21.181+0000] {logging_mixin.py:188} INFO - [2024-08-05T00:24:21.181+0000] {dag.py:3089} INFO - Sync 1 DAGs
[2024-08-05T00:24:21.199+0000] {logging_mixin.py:188} INFO - [2024-08-05T00:24:21.199+0000] {dag.py:3947} INFO - Setting next_dagrun for example_bash_operator to 2024-08-04 00:00:00+00:00, run_after=2024-08-05 00:00:00+00:00
[2024-08-05T00:24:21.212+0000] {processor.py:183} INFO - Processing /home/airflow/.local/lib/python3.12/site-packages/airflow/example_dags/example_bash_operator.py took 0.066 seconds
[2024-08-05T00:24:51.745+0000] {processor.py:161} INFO - Started process (PID=28934) to work on /home/airflow/.local/lib/python3.12/site-packages/airflow/example_dags/example_bash_operator.py
[2024-08-05T00:24:51.745+0000] {processor.py:830} INFO - Processing file /home/airflow/.local/lib/python3.12/site-packages/airflow/example_dags/example_bash_operator.py for tasks to queue
[2024-08-05T00:24:51.747+0000] {logging_mixin.py:188} INFO - [2024-08-05T00:24:51.747+0000] {dagbag.py:545} INFO - Filling up the DagBag from /home/airflow/.local/lib/python3.12/site-packages/airflow/example_dags/example_bash_operator.py
[2024-08-05T00:24:51.755+0000] {processor.py:840} INFO - DAG(s) 'example_bash_operator' retrieved from /home/airflow/.local/lib/python3.12/site-packages/airflow/example_dags/example_bash_operator.py
[2024-08-05T00:24:51.777+0000] {logging_mixin.py:188} INFO - [2024-08-05T00:24:51.776+0000] {dag.py:3089} INFO - Sync 1 DAGs
[2024-08-05T00:24:51.795+0000] {logging_mixin.py:188} INFO - [2024-08-05T00:24:51.795+0000] {dag.py:3947} INFO - Setting next_dagrun for example_bash_operator to 2024-08-04 00:00:00+00:00, run_after=2024-08-05 00:00:00+00:00
[2024-08-05T00:24:51.809+0000] {processor.py:183} INFO - Processing /home/airflow/.local/lib/python3.12/site-packages/airflow/example_dags/example_bash_operator.py took 0.068 seconds
