[2024-08-05T00:00:00.024+0000] {processor.py:161} INFO - Started process (PID=15550) to work on /home/airflow/.local/lib/python3.12/site-packages/airflow/example_dags/example_latest_only_with_trigger.py
[2024-08-05T00:00:00.025+0000] {processor.py:830} INFO - Processing file /home/airflow/.local/lib/python3.12/site-packages/airflow/example_dags/example_latest_only_with_trigger.py for tasks to queue
[2024-08-05T00:00:00.027+0000] {logging_mixin.py:188} INFO - [2024-08-05T00:00:00.026+0000] {dagbag.py:545} INFO - Filling up the DagBag from /home/airflow/.local/lib/python3.12/site-packages/airflow/example_dags/example_latest_only_with_trigger.py
[2024-08-05T00:00:00.031+0000] {processor.py:840} INFO - DAG(s) 'latest_only_with_trigger' retrieved from /home/airflow/.local/lib/python3.12/site-packages/airflow/example_dags/example_latest_only_with_trigger.py
[2024-08-05T00:00:00.051+0000] {logging_mixin.py:188} INFO - [2024-08-05T00:00:00.051+0000] {dag.py:3089} INFO - Sync 1 DAGs
[2024-08-05T00:00:00.072+0000] {logging_mixin.py:188} INFO - [2024-08-05T00:00:00.071+0000] {dag.py:3947} INFO - Setting next_dagrun for latest_only_with_trigger to 2024-08-04 20:00:00+00:00, run_after=2024-08-05 00:00:00+00:00
[2024-08-05T00:00:00.089+0000] {processor.py:183} INFO - Processing /home/airflow/.local/lib/python3.12/site-packages/airflow/example_dags/example_latest_only_with_trigger.py took 0.071 seconds
[2024-08-05T00:00:30.845+0000] {processor.py:161} INFO - Started process (PID=15831) to work on /home/airflow/.local/lib/python3.12/site-packages/airflow/example_dags/example_latest_only_with_trigger.py
[2024-08-05T00:00:30.846+0000] {processor.py:830} INFO - Processing file /home/airflow/.local/lib/python3.12/site-packages/airflow/example_dags/example_latest_only_with_trigger.py for tasks to queue
[2024-08-05T00:00:30.847+0000] {logging_mixin.py:188} INFO - [2024-08-05T00:00:30.847+0000] {dagbag.py:545} INFO - Filling up the DagBag from /home/airflow/.local/lib/python3.12/site-packages/airflow/example_dags/example_latest_only_with_trigger.py
[2024-08-05T00:00:30.852+0000] {processor.py:840} INFO - DAG(s) 'latest_only_with_trigger' retrieved from /home/airflow/.local/lib/python3.12/site-packages/airflow/example_dags/example_latest_only_with_trigger.py
[2024-08-05T00:00:30.871+0000] {logging_mixin.py:188} INFO - [2024-08-05T00:00:30.870+0000] {dag.py:3089} INFO - Sync 1 DAGs
[2024-08-05T00:00:30.889+0000] {logging_mixin.py:188} INFO - [2024-08-05T00:00:30.889+0000] {dag.py:3947} INFO - Setting next_dagrun for latest_only_with_trigger to 2024-08-04 20:00:00+00:00, run_after=2024-08-05 00:00:00+00:00
[2024-08-05T00:00:30.904+0000] {processor.py:183} INFO - Processing /home/airflow/.local/lib/python3.12/site-packages/airflow/example_dags/example_latest_only_with_trigger.py took 0.063 seconds
[2024-08-05T00:01:01.569+0000] {processor.py:161} INFO - Started process (PID=16103) to work on /home/airflow/.local/lib/python3.12/site-packages/airflow/example_dags/example_latest_only_with_trigger.py
[2024-08-05T00:01:01.570+0000] {processor.py:830} INFO - Processing file /home/airflow/.local/lib/python3.12/site-packages/airflow/example_dags/example_latest_only_with_trigger.py for tasks to queue
[2024-08-05T00:01:01.572+0000] {logging_mixin.py:188} INFO - [2024-08-05T00:01:01.572+0000] {dagbag.py:545} INFO - Filling up the DagBag from /home/airflow/.local/lib/python3.12/site-packages/airflow/example_dags/example_latest_only_with_trigger.py
[2024-08-05T00:01:01.577+0000] {processor.py:840} INFO - DAG(s) 'latest_only_with_trigger' retrieved from /home/airflow/.local/lib/python3.12/site-packages/airflow/example_dags/example_latest_only_with_trigger.py
[2024-08-05T00:01:01.596+0000] {logging_mixin.py:188} INFO - [2024-08-05T00:01:01.596+0000] {dag.py:3089} INFO - Sync 1 DAGs
[2024-08-05T00:01:01.615+0000] {logging_mixin.py:188} INFO - [2024-08-05T00:01:01.615+0000] {dag.py:3947} INFO - Setting next_dagrun for latest_only_with_trigger to 2024-08-04 20:00:00+00:00, run_after=2024-08-05 00:00:00+00:00
[2024-08-05T00:01:01.632+0000] {processor.py:183} INFO - Processing /home/airflow/.local/lib/python3.12/site-packages/airflow/example_dags/example_latest_only_with_trigger.py took 0.067 seconds
[2024-08-05T00:01:31.850+0000] {processor.py:161} INFO - Started process (PID=16375) to work on /home/airflow/.local/lib/python3.12/site-packages/airflow/example_dags/example_latest_only_with_trigger.py
[2024-08-05T00:01:31.851+0000] {processor.py:830} INFO - Processing file /home/airflow/.local/lib/python3.12/site-packages/airflow/example_dags/example_latest_only_with_trigger.py for tasks to queue
[2024-08-05T00:01:31.853+0000] {logging_mixin.py:188} INFO - [2024-08-05T00:01:31.852+0000] {dagbag.py:545} INFO - Filling up the DagBag from /home/airflow/.local/lib/python3.12/site-packages/airflow/example_dags/example_latest_only_with_trigger.py
[2024-08-05T00:01:31.857+0000] {processor.py:840} INFO - DAG(s) 'latest_only_with_trigger' retrieved from /home/airflow/.local/lib/python3.12/site-packages/airflow/example_dags/example_latest_only_with_trigger.py
[2024-08-05T00:01:31.876+0000] {logging_mixin.py:188} INFO - [2024-08-05T00:01:31.876+0000] {dag.py:3089} INFO - Sync 1 DAGs
[2024-08-05T00:01:31.895+0000] {logging_mixin.py:188} INFO - [2024-08-05T00:01:31.895+0000] {dag.py:3947} INFO - Setting next_dagrun for latest_only_with_trigger to 2024-08-04 20:00:00+00:00, run_after=2024-08-05 00:00:00+00:00
[2024-08-05T00:01:31.910+0000] {processor.py:183} INFO - Processing /home/airflow/.local/lib/python3.12/site-packages/airflow/example_dags/example_latest_only_with_trigger.py took 0.064 seconds
[2024-08-05T00:02:02.012+0000] {processor.py:161} INFO - Started process (PID=16647) to work on /home/airflow/.local/lib/python3.12/site-packages/airflow/example_dags/example_latest_only_with_trigger.py
[2024-08-05T00:02:02.013+0000] {processor.py:830} INFO - Processing file /home/airflow/.local/lib/python3.12/site-packages/airflow/example_dags/example_latest_only_with_trigger.py for tasks to queue
[2024-08-05T00:02:02.015+0000] {logging_mixin.py:188} INFO - [2024-08-05T00:02:02.014+0000] {dagbag.py:545} INFO - Filling up the DagBag from /home/airflow/.local/lib/python3.12/site-packages/airflow/example_dags/example_latest_only_with_trigger.py
[2024-08-05T00:02:02.019+0000] {processor.py:840} INFO - DAG(s) 'latest_only_with_trigger' retrieved from /home/airflow/.local/lib/python3.12/site-packages/airflow/example_dags/example_latest_only_with_trigger.py
[2024-08-05T00:02:02.040+0000] {logging_mixin.py:188} INFO - [2024-08-05T00:02:02.039+0000] {dag.py:3089} INFO - Sync 1 DAGs
[2024-08-05T00:02:02.058+0000] {logging_mixin.py:188} INFO - [2024-08-05T00:02:02.058+0000] {dag.py:3947} INFO - Setting next_dagrun for latest_only_with_trigger to 2024-08-04 20:00:00+00:00, run_after=2024-08-05 00:00:00+00:00
[2024-08-05T00:02:02.074+0000] {processor.py:183} INFO - Processing /home/airflow/.local/lib/python3.12/site-packages/airflow/example_dags/example_latest_only_with_trigger.py took 0.065 seconds
[2024-08-05T00:02:32.131+0000] {processor.py:161} INFO - Started process (PID=16919) to work on /home/airflow/.local/lib/python3.12/site-packages/airflow/example_dags/example_latest_only_with_trigger.py
[2024-08-05T00:02:32.132+0000] {processor.py:830} INFO - Processing file /home/airflow/.local/lib/python3.12/site-packages/airflow/example_dags/example_latest_only_with_trigger.py for tasks to queue
[2024-08-05T00:02:32.134+0000] {logging_mixin.py:188} INFO - [2024-08-05T00:02:32.134+0000] {dagbag.py:545} INFO - Filling up the DagBag from /home/airflow/.local/lib/python3.12/site-packages/airflow/example_dags/example_latest_only_with_trigger.py
[2024-08-05T00:02:32.139+0000] {processor.py:840} INFO - DAG(s) 'latest_only_with_trigger' retrieved from /home/airflow/.local/lib/python3.12/site-packages/airflow/example_dags/example_latest_only_with_trigger.py
[2024-08-05T00:02:32.159+0000] {logging_mixin.py:188} INFO - [2024-08-05T00:02:32.159+0000] {dag.py:3089} INFO - Sync 1 DAGs
[2024-08-05T00:02:32.177+0000] {logging_mixin.py:188} INFO - [2024-08-05T00:02:32.177+0000] {dag.py:3947} INFO - Setting next_dagrun for latest_only_with_trigger to 2024-08-04 20:00:00+00:00, run_after=2024-08-05 00:00:00+00:00
[2024-08-05T00:02:32.195+0000] {processor.py:183} INFO - Processing /home/airflow/.local/lib/python3.12/site-packages/airflow/example_dags/example_latest_only_with_trigger.py took 0.067 seconds
[2024-08-05T00:03:02.418+0000] {processor.py:161} INFO - Started process (PID=17191) to work on /home/airflow/.local/lib/python3.12/site-packages/airflow/example_dags/example_latest_only_with_trigger.py
[2024-08-05T00:03:02.419+0000] {processor.py:830} INFO - Processing file /home/airflow/.local/lib/python3.12/site-packages/airflow/example_dags/example_latest_only_with_trigger.py for tasks to queue
[2024-08-05T00:03:02.421+0000] {logging_mixin.py:188} INFO - [2024-08-05T00:03:02.420+0000] {dagbag.py:545} INFO - Filling up the DagBag from /home/airflow/.local/lib/python3.12/site-packages/airflow/example_dags/example_latest_only_with_trigger.py
[2024-08-05T00:03:02.425+0000] {processor.py:840} INFO - DAG(s) 'latest_only_with_trigger' retrieved from /home/airflow/.local/lib/python3.12/site-packages/airflow/example_dags/example_latest_only_with_trigger.py
[2024-08-05T00:03:02.444+0000] {logging_mixin.py:188} INFO - [2024-08-05T00:03:02.444+0000] {dag.py:3089} INFO - Sync 1 DAGs
[2024-08-05T00:03:02.463+0000] {logging_mixin.py:188} INFO - [2024-08-05T00:03:02.462+0000] {dag.py:3947} INFO - Setting next_dagrun for latest_only_with_trigger to 2024-08-04 20:00:00+00:00, run_after=2024-08-05 00:00:00+00:00
[2024-08-05T00:03:02.479+0000] {processor.py:183} INFO - Processing /home/airflow/.local/lib/python3.12/site-packages/airflow/example_dags/example_latest_only_with_trigger.py took 0.066 seconds
[2024-08-05T00:03:32.817+0000] {processor.py:161} INFO - Started process (PID=17463) to work on /home/airflow/.local/lib/python3.12/site-packages/airflow/example_dags/example_latest_only_with_trigger.py
[2024-08-05T00:03:32.818+0000] {processor.py:830} INFO - Processing file /home/airflow/.local/lib/python3.12/site-packages/airflow/example_dags/example_latest_only_with_trigger.py for tasks to queue
[2024-08-05T00:03:32.819+0000] {logging_mixin.py:188} INFO - [2024-08-05T00:03:32.819+0000] {dagbag.py:545} INFO - Filling up the DagBag from /home/airflow/.local/lib/python3.12/site-packages/airflow/example_dags/example_latest_only_with_trigger.py
[2024-08-05T00:03:32.824+0000] {processor.py:840} INFO - DAG(s) 'latest_only_with_trigger' retrieved from /home/airflow/.local/lib/python3.12/site-packages/airflow/example_dags/example_latest_only_with_trigger.py
[2024-08-05T00:03:32.843+0000] {logging_mixin.py:188} INFO - [2024-08-05T00:03:32.843+0000] {dag.py:3089} INFO - Sync 1 DAGs
[2024-08-05T00:03:32.861+0000] {logging_mixin.py:188} INFO - [2024-08-05T00:03:32.861+0000] {dag.py:3947} INFO - Setting next_dagrun for latest_only_with_trigger to 2024-08-04 20:00:00+00:00, run_after=2024-08-05 00:00:00+00:00
[2024-08-05T00:03:32.878+0000] {processor.py:183} INFO - Processing /home/airflow/.local/lib/python3.12/site-packages/airflow/example_dags/example_latest_only_with_trigger.py took 0.066 seconds
[2024-08-05T00:04:03.014+0000] {processor.py:161} INFO - Started process (PID=17735) to work on /home/airflow/.local/lib/python3.12/site-packages/airflow/example_dags/example_latest_only_with_trigger.py
[2024-08-05T00:04:03.014+0000] {processor.py:830} INFO - Processing file /home/airflow/.local/lib/python3.12/site-packages/airflow/example_dags/example_latest_only_with_trigger.py for tasks to queue
[2024-08-05T00:04:03.016+0000] {logging_mixin.py:188} INFO - [2024-08-05T00:04:03.016+0000] {dagbag.py:545} INFO - Filling up the DagBag from /home/airflow/.local/lib/python3.12/site-packages/airflow/example_dags/example_latest_only_with_trigger.py
[2024-08-05T00:04:03.021+0000] {processor.py:840} INFO - DAG(s) 'latest_only_with_trigger' retrieved from /home/airflow/.local/lib/python3.12/site-packages/airflow/example_dags/example_latest_only_with_trigger.py
[2024-08-05T00:04:03.042+0000] {logging_mixin.py:188} INFO - [2024-08-05T00:04:03.042+0000] {dag.py:3089} INFO - Sync 1 DAGs
[2024-08-05T00:04:03.062+0000] {logging_mixin.py:188} INFO - [2024-08-05T00:04:03.061+0000] {dag.py:3947} INFO - Setting next_dagrun for latest_only_with_trigger to 2024-08-04 20:00:00+00:00, run_after=2024-08-05 00:00:00+00:00
[2024-08-05T00:04:03.077+0000] {processor.py:183} INFO - Processing /home/airflow/.local/lib/python3.12/site-packages/airflow/example_dags/example_latest_only_with_trigger.py took 0.068 seconds
[2024-08-05T00:04:33.277+0000] {processor.py:161} INFO - Started process (PID=18007) to work on /home/airflow/.local/lib/python3.12/site-packages/airflow/example_dags/example_latest_only_with_trigger.py
[2024-08-05T00:04:33.278+0000] {processor.py:830} INFO - Processing file /home/airflow/.local/lib/python3.12/site-packages/airflow/example_dags/example_latest_only_with_trigger.py for tasks to queue
[2024-08-05T00:04:33.280+0000] {logging_mixin.py:188} INFO - [2024-08-05T00:04:33.279+0000] {dagbag.py:545} INFO - Filling up the DagBag from /home/airflow/.local/lib/python3.12/site-packages/airflow/example_dags/example_latest_only_with_trigger.py
[2024-08-05T00:04:33.285+0000] {processor.py:840} INFO - DAG(s) 'latest_only_with_trigger' retrieved from /home/airflow/.local/lib/python3.12/site-packages/airflow/example_dags/example_latest_only_with_trigger.py
[2024-08-05T00:04:33.308+0000] {logging_mixin.py:188} INFO - [2024-08-05T00:04:33.308+0000] {dag.py:3089} INFO - Sync 1 DAGs
[2024-08-05T00:04:33.328+0000] {logging_mixin.py:188} INFO - [2024-08-05T00:04:33.327+0000] {dag.py:3947} INFO - Setting next_dagrun for latest_only_with_trigger to 2024-08-04 20:00:00+00:00, run_after=2024-08-05 00:00:00+00:00
[2024-08-05T00:04:33.346+0000] {processor.py:183} INFO - Processing /home/airflow/.local/lib/python3.12/site-packages/airflow/example_dags/example_latest_only_with_trigger.py took 0.073 seconds
[2024-08-05T00:05:03.564+0000] {processor.py:161} INFO - Started process (PID=18279) to work on /home/airflow/.local/lib/python3.12/site-packages/airflow/example_dags/example_latest_only_with_trigger.py
[2024-08-05T00:05:03.564+0000] {processor.py:830} INFO - Processing file /home/airflow/.local/lib/python3.12/site-packages/airflow/example_dags/example_latest_only_with_trigger.py for tasks to queue
[2024-08-05T00:05:03.566+0000] {logging_mixin.py:188} INFO - [2024-08-05T00:05:03.566+0000] {dagbag.py:545} INFO - Filling up the DagBag from /home/airflow/.local/lib/python3.12/site-packages/airflow/example_dags/example_latest_only_with_trigger.py
[2024-08-05T00:05:03.571+0000] {processor.py:840} INFO - DAG(s) 'latest_only_with_trigger' retrieved from /home/airflow/.local/lib/python3.12/site-packages/airflow/example_dags/example_latest_only_with_trigger.py
[2024-08-05T00:05:03.593+0000] {logging_mixin.py:188} INFO - [2024-08-05T00:05:03.592+0000] {dag.py:3089} INFO - Sync 1 DAGs
[2024-08-05T00:05:03.615+0000] {logging_mixin.py:188} INFO - [2024-08-05T00:05:03.614+0000] {dag.py:3947} INFO - Setting next_dagrun for latest_only_with_trigger to 2024-08-04 20:00:00+00:00, run_after=2024-08-05 00:00:00+00:00
[2024-08-05T00:05:03.632+0000] {processor.py:183} INFO - Processing /home/airflow/.local/lib/python3.12/site-packages/airflow/example_dags/example_latest_only_with_trigger.py took 0.074 seconds
[2024-08-05T00:05:34.449+0000] {processor.py:161} INFO - Started process (PID=18545) to work on /home/airflow/.local/lib/python3.12/site-packages/airflow/example_dags/example_latest_only_with_trigger.py
[2024-08-05T00:05:34.449+0000] {processor.py:830} INFO - Processing file /home/airflow/.local/lib/python3.12/site-packages/airflow/example_dags/example_latest_only_with_trigger.py for tasks to queue
[2024-08-05T00:05:34.451+0000] {logging_mixin.py:188} INFO - [2024-08-05T00:05:34.451+0000] {dagbag.py:545} INFO - Filling up the DagBag from /home/airflow/.local/lib/python3.12/site-packages/airflow/example_dags/example_latest_only_with_trigger.py
[2024-08-05T00:05:34.455+0000] {processor.py:840} INFO - DAG(s) 'latest_only_with_trigger' retrieved from /home/airflow/.local/lib/python3.12/site-packages/airflow/example_dags/example_latest_only_with_trigger.py
[2024-08-05T00:05:34.476+0000] {logging_mixin.py:188} INFO - [2024-08-05T00:05:34.475+0000] {dag.py:3089} INFO - Sync 1 DAGs
[2024-08-05T00:05:34.495+0000] {logging_mixin.py:188} INFO - [2024-08-05T00:05:34.494+0000] {dag.py:3947} INFO - Setting next_dagrun for latest_only_with_trigger to 2024-08-04 20:00:00+00:00, run_after=2024-08-05 00:00:00+00:00
[2024-08-05T00:05:34.511+0000] {processor.py:183} INFO - Processing /home/airflow/.local/lib/python3.12/site-packages/airflow/example_dags/example_latest_only_with_trigger.py took 0.068 seconds
[2024-08-05T00:06:04.735+0000] {processor.py:161} INFO - Started process (PID=18817) to work on /home/airflow/.local/lib/python3.12/site-packages/airflow/example_dags/example_latest_only_with_trigger.py
[2024-08-05T00:06:04.735+0000] {processor.py:830} INFO - Processing file /home/airflow/.local/lib/python3.12/site-packages/airflow/example_dags/example_latest_only_with_trigger.py for tasks to queue
[2024-08-05T00:06:04.737+0000] {logging_mixin.py:188} INFO - [2024-08-05T00:06:04.736+0000] {dagbag.py:545} INFO - Filling up the DagBag from /home/airflow/.local/lib/python3.12/site-packages/airflow/example_dags/example_latest_only_with_trigger.py
[2024-08-05T00:06:04.741+0000] {processor.py:840} INFO - DAG(s) 'latest_only_with_trigger' retrieved from /home/airflow/.local/lib/python3.12/site-packages/airflow/example_dags/example_latest_only_with_trigger.py
[2024-08-05T00:06:04.761+0000] {logging_mixin.py:188} INFO - [2024-08-05T00:06:04.761+0000] {dag.py:3089} INFO - Sync 1 DAGs
[2024-08-05T00:06:04.783+0000] {logging_mixin.py:188} INFO - [2024-08-05T00:06:04.783+0000] {dag.py:3947} INFO - Setting next_dagrun for latest_only_with_trigger to 2024-08-04 20:00:00+00:00, run_after=2024-08-05 00:00:00+00:00
[2024-08-05T00:06:04.800+0000] {processor.py:183} INFO - Processing /home/airflow/.local/lib/python3.12/site-packages/airflow/example_dags/example_latest_only_with_trigger.py took 0.072 seconds
[2024-08-05T00:06:34.984+0000] {processor.py:161} INFO - Started process (PID=19089) to work on /home/airflow/.local/lib/python3.12/site-packages/airflow/example_dags/example_latest_only_with_trigger.py
[2024-08-05T00:06:34.985+0000] {processor.py:830} INFO - Processing file /home/airflow/.local/lib/python3.12/site-packages/airflow/example_dags/example_latest_only_with_trigger.py for tasks to queue
[2024-08-05T00:06:34.986+0000] {logging_mixin.py:188} INFO - [2024-08-05T00:06:34.986+0000] {dagbag.py:545} INFO - Filling up the DagBag from /home/airflow/.local/lib/python3.12/site-packages/airflow/example_dags/example_latest_only_with_trigger.py
[2024-08-05T00:06:34.990+0000] {processor.py:840} INFO - DAG(s) 'latest_only_with_trigger' retrieved from /home/airflow/.local/lib/python3.12/site-packages/airflow/example_dags/example_latest_only_with_trigger.py
[2024-08-05T00:06:35.010+0000] {logging_mixin.py:188} INFO - [2024-08-05T00:06:35.010+0000] {dag.py:3089} INFO - Sync 1 DAGs
[2024-08-05T00:06:35.032+0000] {logging_mixin.py:188} INFO - [2024-08-05T00:06:35.031+0000] {dag.py:3947} INFO - Setting next_dagrun for latest_only_with_trigger to 2024-08-04 20:00:00+00:00, run_after=2024-08-05 00:00:00+00:00
[2024-08-05T00:06:35.049+0000] {processor.py:183} INFO - Processing /home/airflow/.local/lib/python3.12/site-packages/airflow/example_dags/example_latest_only_with_trigger.py took 0.069 seconds
[2024-08-05T00:07:05.978+0000] {processor.py:161} INFO - Started process (PID=19361) to work on /home/airflow/.local/lib/python3.12/site-packages/airflow/example_dags/example_latest_only_with_trigger.py
[2024-08-05T00:07:05.978+0000] {processor.py:830} INFO - Processing file /home/airflow/.local/lib/python3.12/site-packages/airflow/example_dags/example_latest_only_with_trigger.py for tasks to queue
[2024-08-05T00:07:05.979+0000] {logging_mixin.py:188} INFO - [2024-08-05T00:07:05.979+0000] {dagbag.py:545} INFO - Filling up the DagBag from /home/airflow/.local/lib/python3.12/site-packages/airflow/example_dags/example_latest_only_with_trigger.py
[2024-08-05T00:07:05.983+0000] {processor.py:840} INFO - DAG(s) 'latest_only_with_trigger' retrieved from /home/airflow/.local/lib/python3.12/site-packages/airflow/example_dags/example_latest_only_with_trigger.py
[2024-08-05T00:07:06.005+0000] {logging_mixin.py:188} INFO - [2024-08-05T00:07:06.005+0000] {dag.py:3089} INFO - Sync 1 DAGs
[2024-08-05T00:07:06.026+0000] {logging_mixin.py:188} INFO - [2024-08-05T00:07:06.025+0000] {dag.py:3947} INFO - Setting next_dagrun for latest_only_with_trigger to 2024-08-04 20:00:00+00:00, run_after=2024-08-05 00:00:00+00:00
[2024-08-05T00:07:06.039+0000] {processor.py:183} INFO - Processing /home/airflow/.local/lib/python3.12/site-packages/airflow/example_dags/example_latest_only_with_trigger.py took 0.066 seconds
[2024-08-05T00:07:36.312+0000] {processor.py:161} INFO - Started process (PID=19633) to work on /home/airflow/.local/lib/python3.12/site-packages/airflow/example_dags/example_latest_only_with_trigger.py
[2024-08-05T00:07:36.312+0000] {processor.py:830} INFO - Processing file /home/airflow/.local/lib/python3.12/site-packages/airflow/example_dags/example_latest_only_with_trigger.py for tasks to queue
[2024-08-05T00:07:36.314+0000] {logging_mixin.py:188} INFO - [2024-08-05T00:07:36.313+0000] {dagbag.py:545} INFO - Filling up the DagBag from /home/airflow/.local/lib/python3.12/site-packages/airflow/example_dags/example_latest_only_with_trigger.py
[2024-08-05T00:07:36.318+0000] {processor.py:840} INFO - DAG(s) 'latest_only_with_trigger' retrieved from /home/airflow/.local/lib/python3.12/site-packages/airflow/example_dags/example_latest_only_with_trigger.py
[2024-08-05T00:07:36.338+0000] {logging_mixin.py:188} INFO - [2024-08-05T00:07:36.338+0000] {dag.py:3089} INFO - Sync 1 DAGs
[2024-08-05T00:07:36.358+0000] {logging_mixin.py:188} INFO - [2024-08-05T00:07:36.358+0000] {dag.py:3947} INFO - Setting next_dagrun for latest_only_with_trigger to 2024-08-04 20:00:00+00:00, run_after=2024-08-05 00:00:00+00:00
[2024-08-05T00:07:36.375+0000] {processor.py:183} INFO - Processing /home/airflow/.local/lib/python3.12/site-packages/airflow/example_dags/example_latest_only_with_trigger.py took 0.068 seconds
[2024-08-05T00:08:06.517+0000] {processor.py:161} INFO - Started process (PID=19905) to work on /home/airflow/.local/lib/python3.12/site-packages/airflow/example_dags/example_latest_only_with_trigger.py
[2024-08-05T00:08:06.518+0000] {processor.py:830} INFO - Processing file /home/airflow/.local/lib/python3.12/site-packages/airflow/example_dags/example_latest_only_with_trigger.py for tasks to queue
[2024-08-05T00:08:06.519+0000] {logging_mixin.py:188} INFO - [2024-08-05T00:08:06.519+0000] {dagbag.py:545} INFO - Filling up the DagBag from /home/airflow/.local/lib/python3.12/site-packages/airflow/example_dags/example_latest_only_with_trigger.py
[2024-08-05T00:08:06.524+0000] {processor.py:840} INFO - DAG(s) 'latest_only_with_trigger' retrieved from /home/airflow/.local/lib/python3.12/site-packages/airflow/example_dags/example_latest_only_with_trigger.py
[2024-08-05T00:08:06.543+0000] {logging_mixin.py:188} INFO - [2024-08-05T00:08:06.543+0000] {dag.py:3089} INFO - Sync 1 DAGs
[2024-08-05T00:08:06.561+0000] {logging_mixin.py:188} INFO - [2024-08-05T00:08:06.561+0000] {dag.py:3947} INFO - Setting next_dagrun for latest_only_with_trigger to 2024-08-04 20:00:00+00:00, run_after=2024-08-05 00:00:00+00:00
[2024-08-05T00:08:06.579+0000] {processor.py:183} INFO - Processing /home/airflow/.local/lib/python3.12/site-packages/airflow/example_dags/example_latest_only_with_trigger.py took 0.066 seconds
[2024-08-05T00:08:36.967+0000] {processor.py:161} INFO - Started process (PID=20177) to work on /home/airflow/.local/lib/python3.12/site-packages/airflow/example_dags/example_latest_only_with_trigger.py
[2024-08-05T00:08:36.968+0000] {processor.py:830} INFO - Processing file /home/airflow/.local/lib/python3.12/site-packages/airflow/example_dags/example_latest_only_with_trigger.py for tasks to queue
[2024-08-05T00:08:36.969+0000] {logging_mixin.py:188} INFO - [2024-08-05T00:08:36.969+0000] {dagbag.py:545} INFO - Filling up the DagBag from /home/airflow/.local/lib/python3.12/site-packages/airflow/example_dags/example_latest_only_with_trigger.py
[2024-08-05T00:08:36.973+0000] {processor.py:840} INFO - DAG(s) 'latest_only_with_trigger' retrieved from /home/airflow/.local/lib/python3.12/site-packages/airflow/example_dags/example_latest_only_with_trigger.py
[2024-08-05T00:08:36.992+0000] {logging_mixin.py:188} INFO - [2024-08-05T00:08:36.992+0000] {dag.py:3089} INFO - Sync 1 DAGs
[2024-08-05T00:08:37.009+0000] {logging_mixin.py:188} INFO - [2024-08-05T00:08:37.009+0000] {dag.py:3947} INFO - Setting next_dagrun for latest_only_with_trigger to 2024-08-04 20:00:00+00:00, run_after=2024-08-05 00:00:00+00:00
[2024-08-05T00:08:37.024+0000] {processor.py:183} INFO - Processing /home/airflow/.local/lib/python3.12/site-packages/airflow/example_dags/example_latest_only_with_trigger.py took 0.061 seconds
[2024-08-05T00:09:07.100+0000] {processor.py:161} INFO - Started process (PID=20449) to work on /home/airflow/.local/lib/python3.12/site-packages/airflow/example_dags/example_latest_only_with_trigger.py
[2024-08-05T00:09:07.101+0000] {processor.py:830} INFO - Processing file /home/airflow/.local/lib/python3.12/site-packages/airflow/example_dags/example_latest_only_with_trigger.py for tasks to queue
[2024-08-05T00:09:07.102+0000] {logging_mixin.py:188} INFO - [2024-08-05T00:09:07.102+0000] {dagbag.py:545} INFO - Filling up the DagBag from /home/airflow/.local/lib/python3.12/site-packages/airflow/example_dags/example_latest_only_with_trigger.py
[2024-08-05T00:09:07.107+0000] {processor.py:840} INFO - DAG(s) 'latest_only_with_trigger' retrieved from /home/airflow/.local/lib/python3.12/site-packages/airflow/example_dags/example_latest_only_with_trigger.py
[2024-08-05T00:09:07.125+0000] {logging_mixin.py:188} INFO - [2024-08-05T00:09:07.125+0000] {dag.py:3089} INFO - Sync 1 DAGs
[2024-08-05T00:09:07.147+0000] {logging_mixin.py:188} INFO - [2024-08-05T00:09:07.147+0000] {dag.py:3947} INFO - Setting next_dagrun for latest_only_with_trigger to 2024-08-04 20:00:00+00:00, run_after=2024-08-05 00:00:00+00:00
[2024-08-05T00:09:07.163+0000] {processor.py:183} INFO - Processing /home/airflow/.local/lib/python3.12/site-packages/airflow/example_dags/example_latest_only_with_trigger.py took 0.067 seconds
[2024-08-05T00:09:37.832+0000] {processor.py:161} INFO - Started process (PID=20721) to work on /home/airflow/.local/lib/python3.12/site-packages/airflow/example_dags/example_latest_only_with_trigger.py
[2024-08-05T00:09:37.833+0000] {processor.py:830} INFO - Processing file /home/airflow/.local/lib/python3.12/site-packages/airflow/example_dags/example_latest_only_with_trigger.py for tasks to queue
[2024-08-05T00:09:37.834+0000] {logging_mixin.py:188} INFO - [2024-08-05T00:09:37.834+0000] {dagbag.py:545} INFO - Filling up the DagBag from /home/airflow/.local/lib/python3.12/site-packages/airflow/example_dags/example_latest_only_with_trigger.py
[2024-08-05T00:09:37.838+0000] {processor.py:840} INFO - DAG(s) 'latest_only_with_trigger' retrieved from /home/airflow/.local/lib/python3.12/site-packages/airflow/example_dags/example_latest_only_with_trigger.py
[2024-08-05T00:09:37.857+0000] {logging_mixin.py:188} INFO - [2024-08-05T00:09:37.857+0000] {dag.py:3089} INFO - Sync 1 DAGs
[2024-08-05T00:09:37.875+0000] {logging_mixin.py:188} INFO - [2024-08-05T00:09:37.875+0000] {dag.py:3947} INFO - Setting next_dagrun for latest_only_with_trigger to 2024-08-04 20:00:00+00:00, run_after=2024-08-05 00:00:00+00:00
[2024-08-05T00:09:37.891+0000] {processor.py:183} INFO - Processing /home/airflow/.local/lib/python3.12/site-packages/airflow/example_dags/example_latest_only_with_trigger.py took 0.063 seconds
[2024-08-05T00:10:08.475+0000] {processor.py:161} INFO - Started process (PID=20999) to work on /home/airflow/.local/lib/python3.12/site-packages/airflow/example_dags/example_latest_only_with_trigger.py
[2024-08-05T00:10:08.476+0000] {processor.py:830} INFO - Processing file /home/airflow/.local/lib/python3.12/site-packages/airflow/example_dags/example_latest_only_with_trigger.py for tasks to queue
[2024-08-05T00:10:08.477+0000] {logging_mixin.py:188} INFO - [2024-08-05T00:10:08.477+0000] {dagbag.py:545} INFO - Filling up the DagBag from /home/airflow/.local/lib/python3.12/site-packages/airflow/example_dags/example_latest_only_with_trigger.py
[2024-08-05T00:10:08.481+0000] {processor.py:840} INFO - DAG(s) 'latest_only_with_trigger' retrieved from /home/airflow/.local/lib/python3.12/site-packages/airflow/example_dags/example_latest_only_with_trigger.py
[2024-08-05T00:10:08.500+0000] {logging_mixin.py:188} INFO - [2024-08-05T00:10:08.500+0000] {dag.py:3089} INFO - Sync 1 DAGs
[2024-08-05T00:10:08.518+0000] {logging_mixin.py:188} INFO - [2024-08-05T00:10:08.518+0000] {dag.py:3947} INFO - Setting next_dagrun for latest_only_with_trigger to 2024-08-04 20:00:00+00:00, run_after=2024-08-05 00:00:00+00:00
[2024-08-05T00:10:08.534+0000] {processor.py:183} INFO - Processing /home/airflow/.local/lib/python3.12/site-packages/airflow/example_dags/example_latest_only_with_trigger.py took 0.063 seconds
[2024-08-05T00:10:39.236+0000] {processor.py:161} INFO - Started process (PID=21274) to work on /home/airflow/.local/lib/python3.12/site-packages/airflow/example_dags/example_latest_only_with_trigger.py
[2024-08-05T00:10:39.237+0000] {processor.py:830} INFO - Processing file /home/airflow/.local/lib/python3.12/site-packages/airflow/example_dags/example_latest_only_with_trigger.py for tasks to queue
[2024-08-05T00:10:39.238+0000] {logging_mixin.py:188} INFO - [2024-08-05T00:10:39.238+0000] {dagbag.py:545} INFO - Filling up the DagBag from /home/airflow/.local/lib/python3.12/site-packages/airflow/example_dags/example_latest_only_with_trigger.py
[2024-08-05T00:10:39.245+0000] {processor.py:840} INFO - DAG(s) 'latest_only_with_trigger' retrieved from /home/airflow/.local/lib/python3.12/site-packages/airflow/example_dags/example_latest_only_with_trigger.py
[2024-08-05T00:10:39.265+0000] {logging_mixin.py:188} INFO - [2024-08-05T00:10:39.265+0000] {dag.py:3089} INFO - Sync 1 DAGs
[2024-08-05T00:10:39.285+0000] {logging_mixin.py:188} INFO - [2024-08-05T00:10:39.285+0000] {dag.py:3947} INFO - Setting next_dagrun for latest_only_with_trigger to 2024-08-04 20:00:00+00:00, run_after=2024-08-05 00:00:00+00:00
[2024-08-05T00:10:39.302+0000] {processor.py:183} INFO - Processing /home/airflow/.local/lib/python3.12/site-packages/airflow/example_dags/example_latest_only_with_trigger.py took 0.070 seconds
[2024-08-05T00:11:09.961+0000] {processor.py:161} INFO - Started process (PID=21546) to work on /home/airflow/.local/lib/python3.12/site-packages/airflow/example_dags/example_latest_only_with_trigger.py
[2024-08-05T00:11:09.962+0000] {processor.py:830} INFO - Processing file /home/airflow/.local/lib/python3.12/site-packages/airflow/example_dags/example_latest_only_with_trigger.py for tasks to queue
[2024-08-05T00:11:09.963+0000] {logging_mixin.py:188} INFO - [2024-08-05T00:11:09.963+0000] {dagbag.py:545} INFO - Filling up the DagBag from /home/airflow/.local/lib/python3.12/site-packages/airflow/example_dags/example_latest_only_with_trigger.py
[2024-08-05T00:11:09.967+0000] {processor.py:840} INFO - DAG(s) 'latest_only_with_trigger' retrieved from /home/airflow/.local/lib/python3.12/site-packages/airflow/example_dags/example_latest_only_with_trigger.py
[2024-08-05T00:11:09.987+0000] {logging_mixin.py:188} INFO - [2024-08-05T00:11:09.987+0000] {dag.py:3089} INFO - Sync 1 DAGs
[2024-08-05T00:11:10.006+0000] {logging_mixin.py:188} INFO - [2024-08-05T00:11:10.006+0000] {dag.py:3947} INFO - Setting next_dagrun for latest_only_with_trigger to 2024-08-04 20:00:00+00:00, run_after=2024-08-05 00:00:00+00:00
[2024-08-05T00:11:10.022+0000] {processor.py:183} INFO - Processing /home/airflow/.local/lib/python3.12/site-packages/airflow/example_dags/example_latest_only_with_trigger.py took 0.065 seconds
[2024-08-05T00:11:40.876+0000] {processor.py:161} INFO - Started process (PID=21818) to work on /home/airflow/.local/lib/python3.12/site-packages/airflow/example_dags/example_latest_only_with_trigger.py
[2024-08-05T00:11:40.877+0000] {processor.py:830} INFO - Processing file /home/airflow/.local/lib/python3.12/site-packages/airflow/example_dags/example_latest_only_with_trigger.py for tasks to queue
[2024-08-05T00:11:40.878+0000] {logging_mixin.py:188} INFO - [2024-08-05T00:11:40.878+0000] {dagbag.py:545} INFO - Filling up the DagBag from /home/airflow/.local/lib/python3.12/site-packages/airflow/example_dags/example_latest_only_with_trigger.py
[2024-08-05T00:11:40.883+0000] {processor.py:840} INFO - DAG(s) 'latest_only_with_trigger' retrieved from /home/airflow/.local/lib/python3.12/site-packages/airflow/example_dags/example_latest_only_with_trigger.py
[2024-08-05T00:11:40.903+0000] {logging_mixin.py:188} INFO - [2024-08-05T00:11:40.902+0000] {dag.py:3089} INFO - Sync 1 DAGs
[2024-08-05T00:11:40.922+0000] {logging_mixin.py:188} INFO - [2024-08-05T00:11:40.922+0000] {dag.py:3947} INFO - Setting next_dagrun for latest_only_with_trigger to 2024-08-04 20:00:00+00:00, run_after=2024-08-05 00:00:00+00:00
[2024-08-05T00:11:40.938+0000] {processor.py:183} INFO - Processing /home/airflow/.local/lib/python3.12/site-packages/airflow/example_dags/example_latest_only_with_trigger.py took 0.066 seconds
[2024-08-05T00:12:11.115+0000] {processor.py:161} INFO - Started process (PID=22090) to work on /home/airflow/.local/lib/python3.12/site-packages/airflow/example_dags/example_latest_only_with_trigger.py
[2024-08-05T00:12:11.116+0000] {processor.py:830} INFO - Processing file /home/airflow/.local/lib/python3.12/site-packages/airflow/example_dags/example_latest_only_with_trigger.py for tasks to queue
[2024-08-05T00:12:11.118+0000] {logging_mixin.py:188} INFO - [2024-08-05T00:12:11.117+0000] {dagbag.py:545} INFO - Filling up the DagBag from /home/airflow/.local/lib/python3.12/site-packages/airflow/example_dags/example_latest_only_with_trigger.py
[2024-08-05T00:12:11.124+0000] {processor.py:840} INFO - DAG(s) 'latest_only_with_trigger' retrieved from /home/airflow/.local/lib/python3.12/site-packages/airflow/example_dags/example_latest_only_with_trigger.py
[2024-08-05T00:12:11.146+0000] {logging_mixin.py:188} INFO - [2024-08-05T00:12:11.146+0000] {dag.py:3089} INFO - Sync 1 DAGs
[2024-08-05T00:12:11.168+0000] {logging_mixin.py:188} INFO - [2024-08-05T00:12:11.168+0000] {dag.py:3947} INFO - Setting next_dagrun for latest_only_with_trigger to 2024-08-04 20:00:00+00:00, run_after=2024-08-05 00:00:00+00:00
[2024-08-05T00:12:11.188+0000] {processor.py:183} INFO - Processing /home/airflow/.local/lib/python3.12/site-packages/airflow/example_dags/example_latest_only_with_trigger.py took 0.079 seconds
[2024-08-05T00:12:41.362+0000] {processor.py:161} INFO - Started process (PID=22362) to work on /home/airflow/.local/lib/python3.12/site-packages/airflow/example_dags/example_latest_only_with_trigger.py
[2024-08-05T00:12:41.363+0000] {processor.py:830} INFO - Processing file /home/airflow/.local/lib/python3.12/site-packages/airflow/example_dags/example_latest_only_with_trigger.py for tasks to queue
[2024-08-05T00:12:41.364+0000] {logging_mixin.py:188} INFO - [2024-08-05T00:12:41.364+0000] {dagbag.py:545} INFO - Filling up the DagBag from /home/airflow/.local/lib/python3.12/site-packages/airflow/example_dags/example_latest_only_with_trigger.py
[2024-08-05T00:12:41.369+0000] {processor.py:840} INFO - DAG(s) 'latest_only_with_trigger' retrieved from /home/airflow/.local/lib/python3.12/site-packages/airflow/example_dags/example_latest_only_with_trigger.py
[2024-08-05T00:12:41.389+0000] {logging_mixin.py:188} INFO - [2024-08-05T00:12:41.389+0000] {dag.py:3089} INFO - Sync 1 DAGs
[2024-08-05T00:12:41.409+0000] {logging_mixin.py:188} INFO - [2024-08-05T00:12:41.409+0000] {dag.py:3947} INFO - Setting next_dagrun for latest_only_with_trigger to 2024-08-04 20:00:00+00:00, run_after=2024-08-05 00:00:00+00:00
[2024-08-05T00:12:41.425+0000] {processor.py:183} INFO - Processing /home/airflow/.local/lib/python3.12/site-packages/airflow/example_dags/example_latest_only_with_trigger.py took 0.067 seconds
[2024-08-05T00:13:11.601+0000] {processor.py:161} INFO - Started process (PID=22634) to work on /home/airflow/.local/lib/python3.12/site-packages/airflow/example_dags/example_latest_only_with_trigger.py
[2024-08-05T00:13:11.602+0000] {processor.py:830} INFO - Processing file /home/airflow/.local/lib/python3.12/site-packages/airflow/example_dags/example_latest_only_with_trigger.py for tasks to queue
[2024-08-05T00:13:11.603+0000] {logging_mixin.py:188} INFO - [2024-08-05T00:13:11.603+0000] {dagbag.py:545} INFO - Filling up the DagBag from /home/airflow/.local/lib/python3.12/site-packages/airflow/example_dags/example_latest_only_with_trigger.py
[2024-08-05T00:13:11.608+0000] {processor.py:840} INFO - DAG(s) 'latest_only_with_trigger' retrieved from /home/airflow/.local/lib/python3.12/site-packages/airflow/example_dags/example_latest_only_with_trigger.py
[2024-08-05T00:13:11.627+0000] {logging_mixin.py:188} INFO - [2024-08-05T00:13:11.627+0000] {dag.py:3089} INFO - Sync 1 DAGs
[2024-08-05T00:13:11.647+0000] {logging_mixin.py:188} INFO - [2024-08-05T00:13:11.647+0000] {dag.py:3947} INFO - Setting next_dagrun for latest_only_with_trigger to 2024-08-04 20:00:00+00:00, run_after=2024-08-05 00:00:00+00:00
[2024-08-05T00:13:11.664+0000] {processor.py:183} INFO - Processing /home/airflow/.local/lib/python3.12/site-packages/airflow/example_dags/example_latest_only_with_trigger.py took 0.068 seconds
[2024-08-05T00:13:41.826+0000] {processor.py:161} INFO - Started process (PID=22906) to work on /home/airflow/.local/lib/python3.12/site-packages/airflow/example_dags/example_latest_only_with_trigger.py
[2024-08-05T00:13:41.837+0000] {processor.py:830} INFO - Processing file /home/airflow/.local/lib/python3.12/site-packages/airflow/example_dags/example_latest_only_with_trigger.py for tasks to queue
[2024-08-05T00:13:41.840+0000] {logging_mixin.py:188} INFO - [2024-08-05T00:13:41.839+0000] {dagbag.py:545} INFO - Filling up the DagBag from /home/airflow/.local/lib/python3.12/site-packages/airflow/example_dags/example_latest_only_with_trigger.py
[2024-08-05T00:13:41.847+0000] {processor.py:840} INFO - DAG(s) 'latest_only_with_trigger' retrieved from /home/airflow/.local/lib/python3.12/site-packages/airflow/example_dags/example_latest_only_with_trigger.py
[2024-08-05T00:13:41.904+0000] {logging_mixin.py:188} INFO - [2024-08-05T00:13:41.904+0000] {dag.py:3089} INFO - Sync 1 DAGs
[2024-08-05T00:13:41.974+0000] {logging_mixin.py:188} INFO - [2024-08-05T00:13:41.974+0000] {dag.py:3947} INFO - Setting next_dagrun for latest_only_with_trigger to 2024-08-04 20:00:00+00:00, run_after=2024-08-05 00:00:00+00:00
[2024-08-05T00:13:42.042+0000] {processor.py:183} INFO - Processing /home/airflow/.local/lib/python3.12/site-packages/airflow/example_dags/example_latest_only_with_trigger.py took 0.234 seconds
[2024-08-05T00:14:12.504+0000] {processor.py:161} INFO - Started process (PID=23178) to work on /home/airflow/.local/lib/python3.12/site-packages/airflow/example_dags/example_latest_only_with_trigger.py
[2024-08-05T00:14:12.505+0000] {processor.py:830} INFO - Processing file /home/airflow/.local/lib/python3.12/site-packages/airflow/example_dags/example_latest_only_with_trigger.py for tasks to queue
[2024-08-05T00:14:12.506+0000] {logging_mixin.py:188} INFO - [2024-08-05T00:14:12.506+0000] {dagbag.py:545} INFO - Filling up the DagBag from /home/airflow/.local/lib/python3.12/site-packages/airflow/example_dags/example_latest_only_with_trigger.py
[2024-08-05T00:14:12.510+0000] {processor.py:840} INFO - DAG(s) 'latest_only_with_trigger' retrieved from /home/airflow/.local/lib/python3.12/site-packages/airflow/example_dags/example_latest_only_with_trigger.py
[2024-08-05T00:14:12.531+0000] {logging_mixin.py:188} INFO - [2024-08-05T00:14:12.531+0000] {dag.py:3089} INFO - Sync 1 DAGs
[2024-08-05T00:14:12.552+0000] {logging_mixin.py:188} INFO - [2024-08-05T00:14:12.552+0000] {dag.py:3947} INFO - Setting next_dagrun for latest_only_with_trigger to 2024-08-04 20:00:00+00:00, run_after=2024-08-05 00:00:00+00:00
[2024-08-05T00:14:12.569+0000] {processor.py:183} INFO - Processing /home/airflow/.local/lib/python3.12/site-packages/airflow/example_dags/example_latest_only_with_trigger.py took 0.070 seconds
[2024-08-05T00:14:42.808+0000] {processor.py:161} INFO - Started process (PID=23452) to work on /home/airflow/.local/lib/python3.12/site-packages/airflow/example_dags/example_latest_only_with_trigger.py
[2024-08-05T00:14:42.809+0000] {processor.py:830} INFO - Processing file /home/airflow/.local/lib/python3.12/site-packages/airflow/example_dags/example_latest_only_with_trigger.py for tasks to queue
[2024-08-05T00:14:42.810+0000] {logging_mixin.py:188} INFO - [2024-08-05T00:14:42.810+0000] {dagbag.py:545} INFO - Filling up the DagBag from /home/airflow/.local/lib/python3.12/site-packages/airflow/example_dags/example_latest_only_with_trigger.py
[2024-08-05T00:14:42.815+0000] {processor.py:840} INFO - DAG(s) 'latest_only_with_trigger' retrieved from /home/airflow/.local/lib/python3.12/site-packages/airflow/example_dags/example_latest_only_with_trigger.py
[2024-08-05T00:14:42.837+0000] {logging_mixin.py:188} INFO - [2024-08-05T00:14:42.836+0000] {dag.py:3089} INFO - Sync 1 DAGs
[2024-08-05T00:14:42.858+0000] {logging_mixin.py:188} INFO - [2024-08-05T00:14:42.857+0000] {dag.py:3947} INFO - Setting next_dagrun for latest_only_with_trigger to 2024-08-04 20:00:00+00:00, run_after=2024-08-05 00:00:00+00:00
[2024-08-05T00:14:42.874+0000] {processor.py:183} INFO - Processing /home/airflow/.local/lib/python3.12/site-packages/airflow/example_dags/example_latest_only_with_trigger.py took 0.071 seconds
[2024-08-05T00:15:13.002+0000] {processor.py:161} INFO - Started process (PID=23724) to work on /home/airflow/.local/lib/python3.12/site-packages/airflow/example_dags/example_latest_only_with_trigger.py
[2024-08-05T00:15:13.004+0000] {processor.py:830} INFO - Processing file /home/airflow/.local/lib/python3.12/site-packages/airflow/example_dags/example_latest_only_with_trigger.py for tasks to queue
[2024-08-05T00:15:13.005+0000] {logging_mixin.py:188} INFO - [2024-08-05T00:15:13.005+0000] {dagbag.py:545} INFO - Filling up the DagBag from /home/airflow/.local/lib/python3.12/site-packages/airflow/example_dags/example_latest_only_with_trigger.py
[2024-08-05T00:15:13.010+0000] {processor.py:840} INFO - DAG(s) 'latest_only_with_trigger' retrieved from /home/airflow/.local/lib/python3.12/site-packages/airflow/example_dags/example_latest_only_with_trigger.py
[2024-08-05T00:15:13.031+0000] {logging_mixin.py:188} INFO - [2024-08-05T00:15:13.031+0000] {dag.py:3089} INFO - Sync 1 DAGs
[2024-08-05T00:15:13.051+0000] {logging_mixin.py:188} INFO - [2024-08-05T00:15:13.051+0000] {dag.py:3947} INFO - Setting next_dagrun for latest_only_with_trigger to 2024-08-04 20:00:00+00:00, run_after=2024-08-05 00:00:00+00:00
[2024-08-05T00:15:13.067+0000] {processor.py:183} INFO - Processing /home/airflow/.local/lib/python3.12/site-packages/airflow/example_dags/example_latest_only_with_trigger.py took 0.070 seconds
[2024-08-05T00:15:43.255+0000] {processor.py:161} INFO - Started process (PID=23996) to work on /home/airflow/.local/lib/python3.12/site-packages/airflow/example_dags/example_latest_only_with_trigger.py
[2024-08-05T00:15:43.256+0000] {processor.py:830} INFO - Processing file /home/airflow/.local/lib/python3.12/site-packages/airflow/example_dags/example_latest_only_with_trigger.py for tasks to queue
[2024-08-05T00:15:43.258+0000] {logging_mixin.py:188} INFO - [2024-08-05T00:15:43.257+0000] {dagbag.py:545} INFO - Filling up the DagBag from /home/airflow/.local/lib/python3.12/site-packages/airflow/example_dags/example_latest_only_with_trigger.py
[2024-08-05T00:15:43.262+0000] {processor.py:840} INFO - DAG(s) 'latest_only_with_trigger' retrieved from /home/airflow/.local/lib/python3.12/site-packages/airflow/example_dags/example_latest_only_with_trigger.py
[2024-08-05T00:15:43.282+0000] {logging_mixin.py:188} INFO - [2024-08-05T00:15:43.281+0000] {dag.py:3089} INFO - Sync 1 DAGs
[2024-08-05T00:15:43.300+0000] {logging_mixin.py:188} INFO - [2024-08-05T00:15:43.300+0000] {dag.py:3947} INFO - Setting next_dagrun for latest_only_with_trigger to 2024-08-04 20:00:00+00:00, run_after=2024-08-05 00:00:00+00:00
[2024-08-05T00:15:43.317+0000] {processor.py:183} INFO - Processing /home/airflow/.local/lib/python3.12/site-packages/airflow/example_dags/example_latest_only_with_trigger.py took 0.067 seconds
[2024-08-05T00:16:13.814+0000] {processor.py:161} INFO - Started process (PID=24266) to work on /home/airflow/.local/lib/python3.12/site-packages/airflow/example_dags/example_latest_only_with_trigger.py
[2024-08-05T00:16:13.815+0000] {processor.py:830} INFO - Processing file /home/airflow/.local/lib/python3.12/site-packages/airflow/example_dags/example_latest_only_with_trigger.py for tasks to queue
[2024-08-05T00:16:13.817+0000] {logging_mixin.py:188} INFO - [2024-08-05T00:16:13.816+0000] {dagbag.py:545} INFO - Filling up the DagBag from /home/airflow/.local/lib/python3.12/site-packages/airflow/example_dags/example_latest_only_with_trigger.py
[2024-08-05T00:16:13.823+0000] {processor.py:840} INFO - DAG(s) 'latest_only_with_trigger' retrieved from /home/airflow/.local/lib/python3.12/site-packages/airflow/example_dags/example_latest_only_with_trigger.py
[2024-08-05T00:16:13.845+0000] {logging_mixin.py:188} INFO - [2024-08-05T00:16:13.844+0000] {dag.py:3089} INFO - Sync 1 DAGs
[2024-08-05T00:16:13.869+0000] {logging_mixin.py:188} INFO - [2024-08-05T00:16:13.868+0000] {dag.py:3947} INFO - Setting next_dagrun for latest_only_with_trigger to 2024-08-04 20:00:00+00:00, run_after=2024-08-05 00:00:00+00:00
[2024-08-05T00:16:13.886+0000] {processor.py:183} INFO - Processing /home/airflow/.local/lib/python3.12/site-packages/airflow/example_dags/example_latest_only_with_trigger.py took 0.078 seconds
[2024-08-05T00:16:44.108+0000] {processor.py:161} INFO - Started process (PID=24538) to work on /home/airflow/.local/lib/python3.12/site-packages/airflow/example_dags/example_latest_only_with_trigger.py
[2024-08-05T00:16:44.109+0000] {processor.py:830} INFO - Processing file /home/airflow/.local/lib/python3.12/site-packages/airflow/example_dags/example_latest_only_with_trigger.py for tasks to queue
[2024-08-05T00:16:44.111+0000] {logging_mixin.py:188} INFO - [2024-08-05T00:16:44.111+0000] {dagbag.py:545} INFO - Filling up the DagBag from /home/airflow/.local/lib/python3.12/site-packages/airflow/example_dags/example_latest_only_with_trigger.py
[2024-08-05T00:16:44.116+0000] {processor.py:840} INFO - DAG(s) 'latest_only_with_trigger' retrieved from /home/airflow/.local/lib/python3.12/site-packages/airflow/example_dags/example_latest_only_with_trigger.py
[2024-08-05T00:16:44.135+0000] {logging_mixin.py:188} INFO - [2024-08-05T00:16:44.135+0000] {dag.py:3089} INFO - Sync 1 DAGs
[2024-08-05T00:16:44.154+0000] {logging_mixin.py:188} INFO - [2024-08-05T00:16:44.154+0000] {dag.py:3947} INFO - Setting next_dagrun for latest_only_with_trigger to 2024-08-04 20:00:00+00:00, run_after=2024-08-05 00:00:00+00:00
[2024-08-05T00:16:44.171+0000] {processor.py:183} INFO - Processing /home/airflow/.local/lib/python3.12/site-packages/airflow/example_dags/example_latest_only_with_trigger.py took 0.068 seconds
[2024-08-05T00:17:14.456+0000] {processor.py:161} INFO - Started process (PID=24810) to work on /home/airflow/.local/lib/python3.12/site-packages/airflow/example_dags/example_latest_only_with_trigger.py
[2024-08-05T00:17:14.457+0000] {processor.py:830} INFO - Processing file /home/airflow/.local/lib/python3.12/site-packages/airflow/example_dags/example_latest_only_with_trigger.py for tasks to queue
[2024-08-05T00:17:14.458+0000] {logging_mixin.py:188} INFO - [2024-08-05T00:17:14.458+0000] {dagbag.py:545} INFO - Filling up the DagBag from /home/airflow/.local/lib/python3.12/site-packages/airflow/example_dags/example_latest_only_with_trigger.py
[2024-08-05T00:17:14.463+0000] {processor.py:840} INFO - DAG(s) 'latest_only_with_trigger' retrieved from /home/airflow/.local/lib/python3.12/site-packages/airflow/example_dags/example_latest_only_with_trigger.py
[2024-08-05T00:17:14.485+0000] {logging_mixin.py:188} INFO - [2024-08-05T00:17:14.485+0000] {dag.py:3089} INFO - Sync 1 DAGs
[2024-08-05T00:17:14.506+0000] {logging_mixin.py:188} INFO - [2024-08-05T00:17:14.505+0000] {dag.py:3947} INFO - Setting next_dagrun for latest_only_with_trigger to 2024-08-04 20:00:00+00:00, run_after=2024-08-05 00:00:00+00:00
[2024-08-05T00:17:14.522+0000] {processor.py:183} INFO - Processing /home/airflow/.local/lib/python3.12/site-packages/airflow/example_dags/example_latest_only_with_trigger.py took 0.071 seconds
[2024-08-05T00:17:44.781+0000] {processor.py:161} INFO - Started process (PID=25082) to work on /home/airflow/.local/lib/python3.12/site-packages/airflow/example_dags/example_latest_only_with_trigger.py
[2024-08-05T00:17:44.782+0000] {processor.py:830} INFO - Processing file /home/airflow/.local/lib/python3.12/site-packages/airflow/example_dags/example_latest_only_with_trigger.py for tasks to queue
[2024-08-05T00:17:44.783+0000] {logging_mixin.py:188} INFO - [2024-08-05T00:17:44.783+0000] {dagbag.py:545} INFO - Filling up the DagBag from /home/airflow/.local/lib/python3.12/site-packages/airflow/example_dags/example_latest_only_with_trigger.py
[2024-08-05T00:17:44.788+0000] {processor.py:840} INFO - DAG(s) 'latest_only_with_trigger' retrieved from /home/airflow/.local/lib/python3.12/site-packages/airflow/example_dags/example_latest_only_with_trigger.py
[2024-08-05T00:17:44.807+0000] {logging_mixin.py:188} INFO - [2024-08-05T00:17:44.807+0000] {dag.py:3089} INFO - Sync 1 DAGs
[2024-08-05T00:17:44.827+0000] {logging_mixin.py:188} INFO - [2024-08-05T00:17:44.827+0000] {dag.py:3947} INFO - Setting next_dagrun for latest_only_with_trigger to 2024-08-04 20:00:00+00:00, run_after=2024-08-05 00:00:00+00:00
[2024-08-05T00:17:44.844+0000] {processor.py:183} INFO - Processing /home/airflow/.local/lib/python3.12/site-packages/airflow/example_dags/example_latest_only_with_trigger.py took 0.068 seconds
[2024-08-05T00:18:15.069+0000] {processor.py:161} INFO - Started process (PID=25354) to work on /home/airflow/.local/lib/python3.12/site-packages/airflow/example_dags/example_latest_only_with_trigger.py
[2024-08-05T00:18:15.070+0000] {processor.py:830} INFO - Processing file /home/airflow/.local/lib/python3.12/site-packages/airflow/example_dags/example_latest_only_with_trigger.py for tasks to queue
[2024-08-05T00:18:15.071+0000] {logging_mixin.py:188} INFO - [2024-08-05T00:18:15.071+0000] {dagbag.py:545} INFO - Filling up the DagBag from /home/airflow/.local/lib/python3.12/site-packages/airflow/example_dags/example_latest_only_with_trigger.py
[2024-08-05T00:18:15.076+0000] {processor.py:840} INFO - DAG(s) 'latest_only_with_trigger' retrieved from /home/airflow/.local/lib/python3.12/site-packages/airflow/example_dags/example_latest_only_with_trigger.py
[2024-08-05T00:18:15.096+0000] {logging_mixin.py:188} INFO - [2024-08-05T00:18:15.096+0000] {dag.py:3089} INFO - Sync 1 DAGs
[2024-08-05T00:18:15.117+0000] {logging_mixin.py:188} INFO - [2024-08-05T00:18:15.116+0000] {dag.py:3947} INFO - Setting next_dagrun for latest_only_with_trigger to 2024-08-04 20:00:00+00:00, run_after=2024-08-05 00:00:00+00:00
[2024-08-05T00:18:15.132+0000] {processor.py:183} INFO - Processing /home/airflow/.local/lib/python3.12/site-packages/airflow/example_dags/example_latest_only_with_trigger.py took 0.068 seconds
[2024-08-05T00:18:45.216+0000] {processor.py:161} INFO - Started process (PID=25626) to work on /home/airflow/.local/lib/python3.12/site-packages/airflow/example_dags/example_latest_only_with_trigger.py
[2024-08-05T00:18:45.217+0000] {processor.py:830} INFO - Processing file /home/airflow/.local/lib/python3.12/site-packages/airflow/example_dags/example_latest_only_with_trigger.py for tasks to queue
[2024-08-05T00:18:45.219+0000] {logging_mixin.py:188} INFO - [2024-08-05T00:18:45.218+0000] {dagbag.py:545} INFO - Filling up the DagBag from /home/airflow/.local/lib/python3.12/site-packages/airflow/example_dags/example_latest_only_with_trigger.py
[2024-08-05T00:18:45.223+0000] {processor.py:840} INFO - DAG(s) 'latest_only_with_trigger' retrieved from /home/airflow/.local/lib/python3.12/site-packages/airflow/example_dags/example_latest_only_with_trigger.py
[2024-08-05T00:18:45.244+0000] {logging_mixin.py:188} INFO - [2024-08-05T00:18:45.244+0000] {dag.py:3089} INFO - Sync 1 DAGs
[2024-08-05T00:18:45.267+0000] {logging_mixin.py:188} INFO - [2024-08-05T00:18:45.267+0000] {dag.py:3947} INFO - Setting next_dagrun for latest_only_with_trigger to 2024-08-04 20:00:00+00:00, run_after=2024-08-05 00:00:00+00:00
[2024-08-05T00:18:45.283+0000] {processor.py:183} INFO - Processing /home/airflow/.local/lib/python3.12/site-packages/airflow/example_dags/example_latest_only_with_trigger.py took 0.072 seconds
[2024-08-05T00:19:15.454+0000] {processor.py:161} INFO - Started process (PID=25898) to work on /home/airflow/.local/lib/python3.12/site-packages/airflow/example_dags/example_latest_only_with_trigger.py
[2024-08-05T00:19:15.455+0000] {processor.py:830} INFO - Processing file /home/airflow/.local/lib/python3.12/site-packages/airflow/example_dags/example_latest_only_with_trigger.py for tasks to queue
[2024-08-05T00:19:15.456+0000] {logging_mixin.py:188} INFO - [2024-08-05T00:19:15.456+0000] {dagbag.py:545} INFO - Filling up the DagBag from /home/airflow/.local/lib/python3.12/site-packages/airflow/example_dags/example_latest_only_with_trigger.py
[2024-08-05T00:19:15.462+0000] {processor.py:840} INFO - DAG(s) 'latest_only_with_trigger' retrieved from /home/airflow/.local/lib/python3.12/site-packages/airflow/example_dags/example_latest_only_with_trigger.py
[2024-08-05T00:19:15.483+0000] {logging_mixin.py:188} INFO - [2024-08-05T00:19:15.482+0000] {dag.py:3089} INFO - Sync 1 DAGs
[2024-08-05T00:19:15.501+0000] {logging_mixin.py:188} INFO - [2024-08-05T00:19:15.501+0000] {dag.py:3947} INFO - Setting next_dagrun for latest_only_with_trigger to 2024-08-04 20:00:00+00:00, run_after=2024-08-05 00:00:00+00:00
[2024-08-05T00:19:15.517+0000] {processor.py:183} INFO - Processing /home/airflow/.local/lib/python3.12/site-packages/airflow/example_dags/example_latest_only_with_trigger.py took 0.067 seconds
[2024-08-05T00:19:45.726+0000] {processor.py:161} INFO - Started process (PID=26170) to work on /home/airflow/.local/lib/python3.12/site-packages/airflow/example_dags/example_latest_only_with_trigger.py
[2024-08-05T00:19:45.727+0000] {processor.py:830} INFO - Processing file /home/airflow/.local/lib/python3.12/site-packages/airflow/example_dags/example_latest_only_with_trigger.py for tasks to queue
[2024-08-05T00:19:45.729+0000] {logging_mixin.py:188} INFO - [2024-08-05T00:19:45.728+0000] {dagbag.py:545} INFO - Filling up the DagBag from /home/airflow/.local/lib/python3.12/site-packages/airflow/example_dags/example_latest_only_with_trigger.py
[2024-08-05T00:19:45.733+0000] {processor.py:840} INFO - DAG(s) 'latest_only_with_trigger' retrieved from /home/airflow/.local/lib/python3.12/site-packages/airflow/example_dags/example_latest_only_with_trigger.py
[2024-08-05T00:19:45.752+0000] {logging_mixin.py:188} INFO - [2024-08-05T00:19:45.752+0000] {dag.py:3089} INFO - Sync 1 DAGs
[2024-08-05T00:19:45.772+0000] {logging_mixin.py:188} INFO - [2024-08-05T00:19:45.772+0000] {dag.py:3947} INFO - Setting next_dagrun for latest_only_with_trigger to 2024-08-04 20:00:00+00:00, run_after=2024-08-05 00:00:00+00:00
[2024-08-05T00:19:45.792+0000] {processor.py:183} INFO - Processing /home/airflow/.local/lib/python3.12/site-packages/airflow/example_dags/example_latest_only_with_trigger.py took 0.071 seconds
[2024-08-05T00:20:15.963+0000] {processor.py:161} INFO - Started process (PID=26449) to work on /home/airflow/.local/lib/python3.12/site-packages/airflow/example_dags/example_latest_only_with_trigger.py
[2024-08-05T00:20:15.964+0000] {processor.py:830} INFO - Processing file /home/airflow/.local/lib/python3.12/site-packages/airflow/example_dags/example_latest_only_with_trigger.py for tasks to queue
[2024-08-05T00:20:15.965+0000] {logging_mixin.py:188} INFO - [2024-08-05T00:20:15.965+0000] {dagbag.py:545} INFO - Filling up the DagBag from /home/airflow/.local/lib/python3.12/site-packages/airflow/example_dags/example_latest_only_with_trigger.py
[2024-08-05T00:20:15.969+0000] {processor.py:840} INFO - DAG(s) 'latest_only_with_trigger' retrieved from /home/airflow/.local/lib/python3.12/site-packages/airflow/example_dags/example_latest_only_with_trigger.py
[2024-08-05T00:20:15.989+0000] {logging_mixin.py:188} INFO - [2024-08-05T00:20:15.988+0000] {dag.py:3089} INFO - Sync 1 DAGs
[2024-08-05T00:20:16.009+0000] {logging_mixin.py:188} INFO - [2024-08-05T00:20:16.009+0000] {dag.py:3947} INFO - Setting next_dagrun for latest_only_with_trigger to 2024-08-04 20:00:00+00:00, run_after=2024-08-05 00:00:00+00:00
[2024-08-05T00:20:16.025+0000] {processor.py:183} INFO - Processing /home/airflow/.local/lib/python3.12/site-packages/airflow/example_dags/example_latest_only_with_trigger.py took 0.067 seconds
[2024-08-05T00:20:46.514+0000] {processor.py:161} INFO - Started process (PID=26723) to work on /home/airflow/.local/lib/python3.12/site-packages/airflow/example_dags/example_latest_only_with_trigger.py
[2024-08-05T00:20:46.515+0000] {processor.py:830} INFO - Processing file /home/airflow/.local/lib/python3.12/site-packages/airflow/example_dags/example_latest_only_with_trigger.py for tasks to queue
[2024-08-05T00:20:46.516+0000] {logging_mixin.py:188} INFO - [2024-08-05T00:20:46.516+0000] {dagbag.py:545} INFO - Filling up the DagBag from /home/airflow/.local/lib/python3.12/site-packages/airflow/example_dags/example_latest_only_with_trigger.py
[2024-08-05T00:20:46.522+0000] {processor.py:840} INFO - DAG(s) 'latest_only_with_trigger' retrieved from /home/airflow/.local/lib/python3.12/site-packages/airflow/example_dags/example_latest_only_with_trigger.py
[2024-08-05T00:20:46.545+0000] {logging_mixin.py:188} INFO - [2024-08-05T00:20:46.544+0000] {dag.py:3089} INFO - Sync 1 DAGs
[2024-08-05T00:20:46.566+0000] {logging_mixin.py:188} INFO - [2024-08-05T00:20:46.566+0000] {dag.py:3947} INFO - Setting next_dagrun for latest_only_with_trigger to 2024-08-04 20:00:00+00:00, run_after=2024-08-05 00:00:00+00:00
[2024-08-05T00:20:46.583+0000] {processor.py:183} INFO - Processing /home/airflow/.local/lib/python3.12/site-packages/airflow/example_dags/example_latest_only_with_trigger.py took 0.074 seconds
[2024-08-05T00:21:17.017+0000] {processor.py:161} INFO - Started process (PID=26995) to work on /home/airflow/.local/lib/python3.12/site-packages/airflow/example_dags/example_latest_only_with_trigger.py
[2024-08-05T00:21:17.018+0000] {processor.py:830} INFO - Processing file /home/airflow/.local/lib/python3.12/site-packages/airflow/example_dags/example_latest_only_with_trigger.py for tasks to queue
[2024-08-05T00:21:17.020+0000] {logging_mixin.py:188} INFO - [2024-08-05T00:21:17.019+0000] {dagbag.py:545} INFO - Filling up the DagBag from /home/airflow/.local/lib/python3.12/site-packages/airflow/example_dags/example_latest_only_with_trigger.py
[2024-08-05T00:21:17.025+0000] {processor.py:840} INFO - DAG(s) 'latest_only_with_trigger' retrieved from /home/airflow/.local/lib/python3.12/site-packages/airflow/example_dags/example_latest_only_with_trigger.py
[2024-08-05T00:21:17.046+0000] {logging_mixin.py:188} INFO - [2024-08-05T00:21:17.045+0000] {dag.py:3089} INFO - Sync 1 DAGs
[2024-08-05T00:21:17.065+0000] {logging_mixin.py:188} INFO - [2024-08-05T00:21:17.065+0000] {dag.py:3947} INFO - Setting next_dagrun for latest_only_with_trigger to 2024-08-04 20:00:00+00:00, run_after=2024-08-05 00:00:00+00:00
[2024-08-05T00:21:17.081+0000] {processor.py:183} INFO - Processing /home/airflow/.local/lib/python3.12/site-packages/airflow/example_dags/example_latest_only_with_trigger.py took 0.069 seconds
[2024-08-05T00:21:47.280+0000] {processor.py:161} INFO - Started process (PID=27267) to work on /home/airflow/.local/lib/python3.12/site-packages/airflow/example_dags/example_latest_only_with_trigger.py
[2024-08-05T00:21:47.281+0000] {processor.py:830} INFO - Processing file /home/airflow/.local/lib/python3.12/site-packages/airflow/example_dags/example_latest_only_with_trigger.py for tasks to queue
[2024-08-05T00:21:47.282+0000] {logging_mixin.py:188} INFO - [2024-08-05T00:21:47.282+0000] {dagbag.py:545} INFO - Filling up the DagBag from /home/airflow/.local/lib/python3.12/site-packages/airflow/example_dags/example_latest_only_with_trigger.py
[2024-08-05T00:21:47.288+0000] {processor.py:840} INFO - DAG(s) 'latest_only_with_trigger' retrieved from /home/airflow/.local/lib/python3.12/site-packages/airflow/example_dags/example_latest_only_with_trigger.py
[2024-08-05T00:21:47.309+0000] {logging_mixin.py:188} INFO - [2024-08-05T00:21:47.309+0000] {dag.py:3089} INFO - Sync 1 DAGs
[2024-08-05T00:21:47.328+0000] {logging_mixin.py:188} INFO - [2024-08-05T00:21:47.328+0000] {dag.py:3947} INFO - Setting next_dagrun for latest_only_with_trigger to 2024-08-04 20:00:00+00:00, run_after=2024-08-05 00:00:00+00:00
[2024-08-05T00:21:47.345+0000] {processor.py:183} INFO - Processing /home/airflow/.local/lib/python3.12/site-packages/airflow/example_dags/example_latest_only_with_trigger.py took 0.070 seconds
[2024-08-05T00:22:17.574+0000] {processor.py:161} INFO - Started process (PID=27539) to work on /home/airflow/.local/lib/python3.12/site-packages/airflow/example_dags/example_latest_only_with_trigger.py
[2024-08-05T00:22:17.575+0000] {processor.py:830} INFO - Processing file /home/airflow/.local/lib/python3.12/site-packages/airflow/example_dags/example_latest_only_with_trigger.py for tasks to queue
[2024-08-05T00:22:17.576+0000] {logging_mixin.py:188} INFO - [2024-08-05T00:22:17.576+0000] {dagbag.py:545} INFO - Filling up the DagBag from /home/airflow/.local/lib/python3.12/site-packages/airflow/example_dags/example_latest_only_with_trigger.py
[2024-08-05T00:22:17.581+0000] {processor.py:840} INFO - DAG(s) 'latest_only_with_trigger' retrieved from /home/airflow/.local/lib/python3.12/site-packages/airflow/example_dags/example_latest_only_with_trigger.py
[2024-08-05T00:22:17.600+0000] {logging_mixin.py:188} INFO - [2024-08-05T00:22:17.600+0000] {dag.py:3089} INFO - Sync 1 DAGs
[2024-08-05T00:22:17.620+0000] {logging_mixin.py:188} INFO - [2024-08-05T00:22:17.619+0000] {dag.py:3947} INFO - Setting next_dagrun for latest_only_with_trigger to 2024-08-04 20:00:00+00:00, run_after=2024-08-05 00:00:00+00:00
[2024-08-05T00:22:17.634+0000] {processor.py:183} INFO - Processing /home/airflow/.local/lib/python3.12/site-packages/airflow/example_dags/example_latest_only_with_trigger.py took 0.065 seconds
[2024-08-05T00:22:48.096+0000] {processor.py:161} INFO - Started process (PID=27811) to work on /home/airflow/.local/lib/python3.12/site-packages/airflow/example_dags/example_latest_only_with_trigger.py
[2024-08-05T00:22:48.097+0000] {processor.py:830} INFO - Processing file /home/airflow/.local/lib/python3.12/site-packages/airflow/example_dags/example_latest_only_with_trigger.py for tasks to queue
[2024-08-05T00:22:48.098+0000] {logging_mixin.py:188} INFO - [2024-08-05T00:22:48.098+0000] {dagbag.py:545} INFO - Filling up the DagBag from /home/airflow/.local/lib/python3.12/site-packages/airflow/example_dags/example_latest_only_with_trigger.py
[2024-08-05T00:22:48.104+0000] {processor.py:840} INFO - DAG(s) 'latest_only_with_trigger' retrieved from /home/airflow/.local/lib/python3.12/site-packages/airflow/example_dags/example_latest_only_with_trigger.py
[2024-08-05T00:22:48.124+0000] {logging_mixin.py:188} INFO - [2024-08-05T00:22:48.124+0000] {dag.py:3089} INFO - Sync 1 DAGs
[2024-08-05T00:22:48.143+0000] {logging_mixin.py:188} INFO - [2024-08-05T00:22:48.143+0000] {dag.py:3947} INFO - Setting next_dagrun for latest_only_with_trigger to 2024-08-04 20:00:00+00:00, run_after=2024-08-05 00:00:00+00:00
[2024-08-05T00:22:48.159+0000] {processor.py:183} INFO - Processing /home/airflow/.local/lib/python3.12/site-packages/airflow/example_dags/example_latest_only_with_trigger.py took 0.068 seconds
[2024-08-05T00:23:18.674+0000] {processor.py:161} INFO - Started process (PID=28083) to work on /home/airflow/.local/lib/python3.12/site-packages/airflow/example_dags/example_latest_only_with_trigger.py
[2024-08-05T00:23:18.675+0000] {processor.py:830} INFO - Processing file /home/airflow/.local/lib/python3.12/site-packages/airflow/example_dags/example_latest_only_with_trigger.py for tasks to queue
[2024-08-05T00:23:18.677+0000] {logging_mixin.py:188} INFO - [2024-08-05T00:23:18.676+0000] {dagbag.py:545} INFO - Filling up the DagBag from /home/airflow/.local/lib/python3.12/site-packages/airflow/example_dags/example_latest_only_with_trigger.py
[2024-08-05T00:23:18.681+0000] {processor.py:840} INFO - DAG(s) 'latest_only_with_trigger' retrieved from /home/airflow/.local/lib/python3.12/site-packages/airflow/example_dags/example_latest_only_with_trigger.py
[2024-08-05T00:23:18.699+0000] {logging_mixin.py:188} INFO - [2024-08-05T00:23:18.699+0000] {dag.py:3089} INFO - Sync 1 DAGs
[2024-08-05T00:23:18.721+0000] {logging_mixin.py:188} INFO - [2024-08-05T00:23:18.720+0000] {dag.py:3947} INFO - Setting next_dagrun for latest_only_with_trigger to 2024-08-04 20:00:00+00:00, run_after=2024-08-05 00:00:00+00:00
[2024-08-05T00:23:18.739+0000] {processor.py:183} INFO - Processing /home/airflow/.local/lib/python3.12/site-packages/airflow/example_dags/example_latest_only_with_trigger.py took 0.071 seconds
[2024-08-05T00:23:49.155+0000] {processor.py:161} INFO - Started process (PID=28355) to work on /home/airflow/.local/lib/python3.12/site-packages/airflow/example_dags/example_latest_only_with_trigger.py
[2024-08-05T00:23:49.156+0000] {processor.py:830} INFO - Processing file /home/airflow/.local/lib/python3.12/site-packages/airflow/example_dags/example_latest_only_with_trigger.py for tasks to queue
[2024-08-05T00:23:49.158+0000] {logging_mixin.py:188} INFO - [2024-08-05T00:23:49.157+0000] {dagbag.py:545} INFO - Filling up the DagBag from /home/airflow/.local/lib/python3.12/site-packages/airflow/example_dags/example_latest_only_with_trigger.py
[2024-08-05T00:23:49.162+0000] {processor.py:840} INFO - DAG(s) 'latest_only_with_trigger' retrieved from /home/airflow/.local/lib/python3.12/site-packages/airflow/example_dags/example_latest_only_with_trigger.py
[2024-08-05T00:23:49.183+0000] {logging_mixin.py:188} INFO - [2024-08-05T00:23:49.182+0000] {dag.py:3089} INFO - Sync 1 DAGs
[2024-08-05T00:23:49.203+0000] {logging_mixin.py:188} INFO - [2024-08-05T00:23:49.203+0000] {dag.py:3947} INFO - Setting next_dagrun for latest_only_with_trigger to 2024-08-04 20:00:00+00:00, run_after=2024-08-05 00:00:00+00:00
[2024-08-05T00:23:49.218+0000] {processor.py:183} INFO - Processing /home/airflow/.local/lib/python3.12/site-packages/airflow/example_dags/example_latest_only_with_trigger.py took 0.067 seconds
[2024-08-05T00:24:19.671+0000] {processor.py:161} INFO - Started process (PID=28629) to work on /home/airflow/.local/lib/python3.12/site-packages/airflow/example_dags/example_latest_only_with_trigger.py
[2024-08-05T00:24:19.671+0000] {processor.py:830} INFO - Processing file /home/airflow/.local/lib/python3.12/site-packages/airflow/example_dags/example_latest_only_with_trigger.py for tasks to queue
[2024-08-05T00:24:19.673+0000] {logging_mixin.py:188} INFO - [2024-08-05T00:24:19.672+0000] {dagbag.py:545} INFO - Filling up the DagBag from /home/airflow/.local/lib/python3.12/site-packages/airflow/example_dags/example_latest_only_with_trigger.py
[2024-08-05T00:24:19.772+0000] {processor.py:840} INFO - DAG(s) 'latest_only_with_trigger' retrieved from /home/airflow/.local/lib/python3.12/site-packages/airflow/example_dags/example_latest_only_with_trigger.py
[2024-08-05T00:24:19.787+0000] {logging_mixin.py:188} INFO - [2024-08-05T00:24:19.787+0000] {dag.py:3089} INFO - Sync 1 DAGs
[2024-08-05T00:24:19.801+0000] {logging_mixin.py:188} INFO - [2024-08-05T00:24:19.801+0000] {dag.py:3947} INFO - Setting next_dagrun for latest_only_with_trigger to 2024-08-04 20:00:00+00:00, run_after=2024-08-05 00:00:00+00:00
[2024-08-05T00:24:19.812+0000] {processor.py:183} INFO - Processing /home/airflow/.local/lib/python3.12/site-packages/airflow/example_dags/example_latest_only_with_trigger.py took 0.146 seconds
[2024-08-05T00:24:50.471+0000] {processor.py:161} INFO - Started process (PID=28899) to work on /home/airflow/.local/lib/python3.12/site-packages/airflow/example_dags/example_latest_only_with_trigger.py
[2024-08-05T00:24:50.471+0000] {processor.py:830} INFO - Processing file /home/airflow/.local/lib/python3.12/site-packages/airflow/example_dags/example_latest_only_with_trigger.py for tasks to queue
[2024-08-05T00:24:50.473+0000] {logging_mixin.py:188} INFO - [2024-08-05T00:24:50.473+0000] {dagbag.py:545} INFO - Filling up the DagBag from /home/airflow/.local/lib/python3.12/site-packages/airflow/example_dags/example_latest_only_with_trigger.py
[2024-08-05T00:24:50.477+0000] {processor.py:840} INFO - DAG(s) 'latest_only_with_trigger' retrieved from /home/airflow/.local/lib/python3.12/site-packages/airflow/example_dags/example_latest_only_with_trigger.py
[2024-08-05T00:24:50.493+0000] {logging_mixin.py:188} INFO - [2024-08-05T00:24:50.493+0000] {dag.py:3089} INFO - Sync 1 DAGs
[2024-08-05T00:24:50.508+0000] {logging_mixin.py:188} INFO - [2024-08-05T00:24:50.508+0000] {dag.py:3947} INFO - Setting next_dagrun for latest_only_with_trigger to 2024-08-04 20:00:00+00:00, run_after=2024-08-05 00:00:00+00:00
[2024-08-05T00:24:50.520+0000] {processor.py:183} INFO - Processing /home/airflow/.local/lib/python3.12/site-packages/airflow/example_dags/example_latest_only_with_trigger.py took 0.054 seconds
