[2024-08-05T00:00:01.251+0000] {processor.py:161} INFO - Started process (PID=15577) to work on /home/airflow/.local/lib/python3.12/site-packages/airflow/example_dags/example_branch_operator.py
[2024-08-05T00:00:01.252+0000] {processor.py:830} INFO - Processing file /home/airflow/.local/lib/python3.12/site-packages/airflow/example_dags/example_branch_operator.py for tasks to queue
[2024-08-05T00:00:01.254+0000] {logging_mixin.py:188} INFO - [2024-08-05T00:00:01.253+0000] {dagbag.py:545} INFO - Filling up the DagBag from /home/airflow/.local/lib/python3.12/site-packages/airflow/example_dags/example_branch_operator.py
[2024-08-05T00:00:01.269+0000] {processor.py:840} INFO - DAG(s) 'example_branch_operator' retrieved from /home/airflow/.local/lib/python3.12/site-packages/airflow/example_dags/example_branch_operator.py
[2024-08-05T00:00:01.296+0000] {logging_mixin.py:188} INFO - [2024-08-05T00:00:01.296+0000] {dag.py:3089} INFO - Sync 1 DAGs
[2024-08-05T00:00:01.317+0000] {logging_mixin.py:188} INFO - [2024-08-05T00:00:01.317+0000] {dag.py:3947} INFO - Setting next_dagrun for example_branch_operator to 2024-08-04 00:00:00+00:00, run_after=2024-08-05 00:00:00+00:00
[2024-08-05T00:00:01.336+0000] {processor.py:183} INFO - Processing /home/airflow/.local/lib/python3.12/site-packages/airflow/example_dags/example_branch_operator.py took 0.089 seconds
[2024-08-05T00:00:32.060+0000] {processor.py:161} INFO - Started process (PID=15856) to work on /home/airflow/.local/lib/python3.12/site-packages/airflow/example_dags/example_branch_operator.py
[2024-08-05T00:00:32.061+0000] {processor.py:830} INFO - Processing file /home/airflow/.local/lib/python3.12/site-packages/airflow/example_dags/example_branch_operator.py for tasks to queue
[2024-08-05T00:00:32.062+0000] {logging_mixin.py:188} INFO - [2024-08-05T00:00:32.062+0000] {dagbag.py:545} INFO - Filling up the DagBag from /home/airflow/.local/lib/python3.12/site-packages/airflow/example_dags/example_branch_operator.py
[2024-08-05T00:00:32.076+0000] {processor.py:840} INFO - DAG(s) 'example_branch_operator' retrieved from /home/airflow/.local/lib/python3.12/site-packages/airflow/example_dags/example_branch_operator.py
[2024-08-05T00:00:32.103+0000] {logging_mixin.py:188} INFO - [2024-08-05T00:00:32.103+0000] {dag.py:3089} INFO - Sync 1 DAGs
[2024-08-05T00:00:32.125+0000] {logging_mixin.py:188} INFO - [2024-08-05T00:00:32.124+0000] {dag.py:3947} INFO - Setting next_dagrun for example_branch_operator to 2024-08-04 00:00:00+00:00, run_after=2024-08-05 00:00:00+00:00
[2024-08-05T00:00:32.140+0000] {processor.py:183} INFO - Processing /home/airflow/.local/lib/python3.12/site-packages/airflow/example_dags/example_branch_operator.py took 0.085 seconds
[2024-08-05T00:01:02.797+0000] {processor.py:161} INFO - Started process (PID=16128) to work on /home/airflow/.local/lib/python3.12/site-packages/airflow/example_dags/example_branch_operator.py
[2024-08-05T00:01:02.798+0000] {processor.py:830} INFO - Processing file /home/airflow/.local/lib/python3.12/site-packages/airflow/example_dags/example_branch_operator.py for tasks to queue
[2024-08-05T00:01:02.799+0000] {logging_mixin.py:188} INFO - [2024-08-05T00:01:02.799+0000] {dagbag.py:545} INFO - Filling up the DagBag from /home/airflow/.local/lib/python3.12/site-packages/airflow/example_dags/example_branch_operator.py
[2024-08-05T00:01:02.814+0000] {processor.py:840} INFO - DAG(s) 'example_branch_operator' retrieved from /home/airflow/.local/lib/python3.12/site-packages/airflow/example_dags/example_branch_operator.py
[2024-08-05T00:01:02.843+0000] {logging_mixin.py:188} INFO - [2024-08-05T00:01:02.842+0000] {dag.py:3089} INFO - Sync 1 DAGs
[2024-08-05T00:01:02.866+0000] {logging_mixin.py:188} INFO - [2024-08-05T00:01:02.865+0000] {dag.py:3947} INFO - Setting next_dagrun for example_branch_operator to 2024-08-04 00:00:00+00:00, run_after=2024-08-05 00:00:00+00:00
[2024-08-05T00:01:02.882+0000] {processor.py:183} INFO - Processing /home/airflow/.local/lib/python3.12/site-packages/airflow/example_dags/example_branch_operator.py took 0.090 seconds
[2024-08-05T00:01:33.100+0000] {processor.py:161} INFO - Started process (PID=16400) to work on /home/airflow/.local/lib/python3.12/site-packages/airflow/example_dags/example_branch_operator.py
[2024-08-05T00:01:33.101+0000] {processor.py:830} INFO - Processing file /home/airflow/.local/lib/python3.12/site-packages/airflow/example_dags/example_branch_operator.py for tasks to queue
[2024-08-05T00:01:33.103+0000] {logging_mixin.py:188} INFO - [2024-08-05T00:01:33.102+0000] {dagbag.py:545} INFO - Filling up the DagBag from /home/airflow/.local/lib/python3.12/site-packages/airflow/example_dags/example_branch_operator.py
[2024-08-05T00:01:33.117+0000] {processor.py:840} INFO - DAG(s) 'example_branch_operator' retrieved from /home/airflow/.local/lib/python3.12/site-packages/airflow/example_dags/example_branch_operator.py
[2024-08-05T00:01:33.148+0000] {logging_mixin.py:188} INFO - [2024-08-05T00:01:33.148+0000] {dag.py:3089} INFO - Sync 1 DAGs
[2024-08-05T00:01:33.171+0000] {logging_mixin.py:188} INFO - [2024-08-05T00:01:33.170+0000] {dag.py:3947} INFO - Setting next_dagrun for example_branch_operator to 2024-08-04 00:00:00+00:00, run_after=2024-08-05 00:00:00+00:00
[2024-08-05T00:01:33.189+0000] {processor.py:183} INFO - Processing /home/airflow/.local/lib/python3.12/site-packages/airflow/example_dags/example_branch_operator.py took 0.094 seconds
[2024-08-05T00:02:03.242+0000] {processor.py:161} INFO - Started process (PID=16672) to work on /home/airflow/.local/lib/python3.12/site-packages/airflow/example_dags/example_branch_operator.py
[2024-08-05T00:02:03.243+0000] {processor.py:830} INFO - Processing file /home/airflow/.local/lib/python3.12/site-packages/airflow/example_dags/example_branch_operator.py for tasks to queue
[2024-08-05T00:02:03.244+0000] {logging_mixin.py:188} INFO - [2024-08-05T00:02:03.244+0000] {dagbag.py:545} INFO - Filling up the DagBag from /home/airflow/.local/lib/python3.12/site-packages/airflow/example_dags/example_branch_operator.py
[2024-08-05T00:02:03.260+0000] {processor.py:840} INFO - DAG(s) 'example_branch_operator' retrieved from /home/airflow/.local/lib/python3.12/site-packages/airflow/example_dags/example_branch_operator.py
[2024-08-05T00:02:03.290+0000] {logging_mixin.py:188} INFO - [2024-08-05T00:02:03.290+0000] {dag.py:3089} INFO - Sync 1 DAGs
[2024-08-05T00:02:03.309+0000] {logging_mixin.py:188} INFO - [2024-08-05T00:02:03.309+0000] {dag.py:3947} INFO - Setting next_dagrun for example_branch_operator to 2024-08-04 00:00:00+00:00, run_after=2024-08-05 00:00:00+00:00
[2024-08-05T00:02:03.326+0000] {processor.py:183} INFO - Processing /home/airflow/.local/lib/python3.12/site-packages/airflow/example_dags/example_branch_operator.py took 0.089 seconds
[2024-08-05T00:02:33.361+0000] {processor.py:161} INFO - Started process (PID=16944) to work on /home/airflow/.local/lib/python3.12/site-packages/airflow/example_dags/example_branch_operator.py
[2024-08-05T00:02:33.362+0000] {processor.py:830} INFO - Processing file /home/airflow/.local/lib/python3.12/site-packages/airflow/example_dags/example_branch_operator.py for tasks to queue
[2024-08-05T00:02:33.363+0000] {logging_mixin.py:188} INFO - [2024-08-05T00:02:33.363+0000] {dagbag.py:545} INFO - Filling up the DagBag from /home/airflow/.local/lib/python3.12/site-packages/airflow/example_dags/example_branch_operator.py
[2024-08-05T00:02:33.379+0000] {processor.py:840} INFO - DAG(s) 'example_branch_operator' retrieved from /home/airflow/.local/lib/python3.12/site-packages/airflow/example_dags/example_branch_operator.py
[2024-08-05T00:02:33.409+0000] {logging_mixin.py:188} INFO - [2024-08-05T00:02:33.408+0000] {dag.py:3089} INFO - Sync 1 DAGs
[2024-08-05T00:02:33.430+0000] {logging_mixin.py:188} INFO - [2024-08-05T00:02:33.430+0000] {dag.py:3947} INFO - Setting next_dagrun for example_branch_operator to 2024-08-04 00:00:00+00:00, run_after=2024-08-05 00:00:00+00:00
[2024-08-05T00:02:33.446+0000] {processor.py:183} INFO - Processing /home/airflow/.local/lib/python3.12/site-packages/airflow/example_dags/example_branch_operator.py took 0.090 seconds
[2024-08-05T00:03:03.646+0000] {processor.py:161} INFO - Started process (PID=17216) to work on /home/airflow/.local/lib/python3.12/site-packages/airflow/example_dags/example_branch_operator.py
[2024-08-05T00:03:03.646+0000] {processor.py:830} INFO - Processing file /home/airflow/.local/lib/python3.12/site-packages/airflow/example_dags/example_branch_operator.py for tasks to queue
[2024-08-05T00:03:03.647+0000] {logging_mixin.py:188} INFO - [2024-08-05T00:03:03.647+0000] {dagbag.py:545} INFO - Filling up the DagBag from /home/airflow/.local/lib/python3.12/site-packages/airflow/example_dags/example_branch_operator.py
[2024-08-05T00:03:03.664+0000] {processor.py:840} INFO - DAG(s) 'example_branch_operator' retrieved from /home/airflow/.local/lib/python3.12/site-packages/airflow/example_dags/example_branch_operator.py
[2024-08-05T00:03:03.692+0000] {logging_mixin.py:188} INFO - [2024-08-05T00:03:03.692+0000] {dag.py:3089} INFO - Sync 1 DAGs
[2024-08-05T00:03:03.713+0000] {logging_mixin.py:188} INFO - [2024-08-05T00:03:03.713+0000] {dag.py:3947} INFO - Setting next_dagrun for example_branch_operator to 2024-08-04 00:00:00+00:00, run_after=2024-08-05 00:00:00+00:00
[2024-08-05T00:03:03.732+0000] {processor.py:183} INFO - Processing /home/airflow/.local/lib/python3.12/site-packages/airflow/example_dags/example_branch_operator.py took 0.091 seconds
[2024-08-05T00:03:34.037+0000] {processor.py:161} INFO - Started process (PID=17488) to work on /home/airflow/.local/lib/python3.12/site-packages/airflow/example_dags/example_branch_operator.py
[2024-08-05T00:03:34.039+0000] {processor.py:830} INFO - Processing file /home/airflow/.local/lib/python3.12/site-packages/airflow/example_dags/example_branch_operator.py for tasks to queue
[2024-08-05T00:03:34.040+0000] {logging_mixin.py:188} INFO - [2024-08-05T00:03:34.040+0000] {dagbag.py:545} INFO - Filling up the DagBag from /home/airflow/.local/lib/python3.12/site-packages/airflow/example_dags/example_branch_operator.py
[2024-08-05T00:03:34.054+0000] {processor.py:840} INFO - DAG(s) 'example_branch_operator' retrieved from /home/airflow/.local/lib/python3.12/site-packages/airflow/example_dags/example_branch_operator.py
[2024-08-05T00:03:34.083+0000] {logging_mixin.py:188} INFO - [2024-08-05T00:03:34.083+0000] {dag.py:3089} INFO - Sync 1 DAGs
[2024-08-05T00:03:34.104+0000] {logging_mixin.py:188} INFO - [2024-08-05T00:03:34.104+0000] {dag.py:3947} INFO - Setting next_dagrun for example_branch_operator to 2024-08-04 00:00:00+00:00, run_after=2024-08-05 00:00:00+00:00
[2024-08-05T00:03:34.122+0000] {processor.py:183} INFO - Processing /home/airflow/.local/lib/python3.12/site-packages/airflow/example_dags/example_branch_operator.py took 0.091 seconds
[2024-08-05T00:04:04.296+0000] {processor.py:161} INFO - Started process (PID=17760) to work on /home/airflow/.local/lib/python3.12/site-packages/airflow/example_dags/example_branch_operator.py
[2024-08-05T00:04:04.297+0000] {processor.py:830} INFO - Processing file /home/airflow/.local/lib/python3.12/site-packages/airflow/example_dags/example_branch_operator.py for tasks to queue
[2024-08-05T00:04:04.299+0000] {logging_mixin.py:188} INFO - [2024-08-05T00:04:04.298+0000] {dagbag.py:545} INFO - Filling up the DagBag from /home/airflow/.local/lib/python3.12/site-packages/airflow/example_dags/example_branch_operator.py
[2024-08-05T00:04:04.316+0000] {processor.py:840} INFO - DAG(s) 'example_branch_operator' retrieved from /home/airflow/.local/lib/python3.12/site-packages/airflow/example_dags/example_branch_operator.py
[2024-08-05T00:04:04.345+0000] {logging_mixin.py:188} INFO - [2024-08-05T00:04:04.345+0000] {dag.py:3089} INFO - Sync 1 DAGs
[2024-08-05T00:04:04.368+0000] {logging_mixin.py:188} INFO - [2024-08-05T00:04:04.367+0000] {dag.py:3947} INFO - Setting next_dagrun for example_branch_operator to 2024-08-04 00:00:00+00:00, run_after=2024-08-05 00:00:00+00:00
[2024-08-05T00:04:04.383+0000] {processor.py:183} INFO - Processing /home/airflow/.local/lib/python3.12/site-packages/airflow/example_dags/example_branch_operator.py took 0.094 seconds
[2024-08-05T00:04:34.516+0000] {processor.py:161} INFO - Started process (PID=18032) to work on /home/airflow/.local/lib/python3.12/site-packages/airflow/example_dags/example_branch_operator.py
[2024-08-05T00:04:34.517+0000] {processor.py:830} INFO - Processing file /home/airflow/.local/lib/python3.12/site-packages/airflow/example_dags/example_branch_operator.py for tasks to queue
[2024-08-05T00:04:34.519+0000] {logging_mixin.py:188} INFO - [2024-08-05T00:04:34.518+0000] {dagbag.py:545} INFO - Filling up the DagBag from /home/airflow/.local/lib/python3.12/site-packages/airflow/example_dags/example_branch_operator.py
[2024-08-05T00:04:34.534+0000] {processor.py:840} INFO - DAG(s) 'example_branch_operator' retrieved from /home/airflow/.local/lib/python3.12/site-packages/airflow/example_dags/example_branch_operator.py
[2024-08-05T00:04:34.563+0000] {logging_mixin.py:188} INFO - [2024-08-05T00:04:34.563+0000] {dag.py:3089} INFO - Sync 1 DAGs
[2024-08-05T00:04:34.588+0000] {logging_mixin.py:188} INFO - [2024-08-05T00:04:34.588+0000] {dag.py:3947} INFO - Setting next_dagrun for example_branch_operator to 2024-08-04 00:00:00+00:00, run_after=2024-08-05 00:00:00+00:00
[2024-08-05T00:04:34.604+0000] {processor.py:183} INFO - Processing /home/airflow/.local/lib/python3.12/site-packages/airflow/example_dags/example_branch_operator.py took 0.095 seconds
[2024-08-05T00:05:04.804+0000] {processor.py:161} INFO - Started process (PID=18304) to work on /home/airflow/.local/lib/python3.12/site-packages/airflow/example_dags/example_branch_operator.py
[2024-08-05T00:05:04.805+0000] {processor.py:830} INFO - Processing file /home/airflow/.local/lib/python3.12/site-packages/airflow/example_dags/example_branch_operator.py for tasks to queue
[2024-08-05T00:05:04.807+0000] {logging_mixin.py:188} INFO - [2024-08-05T00:05:04.806+0000] {dagbag.py:545} INFO - Filling up the DagBag from /home/airflow/.local/lib/python3.12/site-packages/airflow/example_dags/example_branch_operator.py
[2024-08-05T00:05:04.820+0000] {processor.py:840} INFO - DAG(s) 'example_branch_operator' retrieved from /home/airflow/.local/lib/python3.12/site-packages/airflow/example_dags/example_branch_operator.py
[2024-08-05T00:05:04.848+0000] {logging_mixin.py:188} INFO - [2024-08-05T00:05:04.848+0000] {dag.py:3089} INFO - Sync 1 DAGs
[2024-08-05T00:05:04.869+0000] {logging_mixin.py:188} INFO - [2024-08-05T00:05:04.869+0000] {dag.py:3947} INFO - Setting next_dagrun for example_branch_operator to 2024-08-04 00:00:00+00:00, run_after=2024-08-05 00:00:00+00:00
[2024-08-05T00:05:04.885+0000] {processor.py:183} INFO - Processing /home/airflow/.local/lib/python3.12/site-packages/airflow/example_dags/example_branch_operator.py took 0.086 seconds
[2024-08-05T00:05:35.088+0000] {processor.py:161} INFO - Started process (PID=18576) to work on /home/airflow/.local/lib/python3.12/site-packages/airflow/example_dags/example_branch_operator.py
[2024-08-05T00:05:35.089+0000] {processor.py:830} INFO - Processing file /home/airflow/.local/lib/python3.12/site-packages/airflow/example_dags/example_branch_operator.py for tasks to queue
[2024-08-05T00:05:35.090+0000] {logging_mixin.py:188} INFO - [2024-08-05T00:05:35.090+0000] {dagbag.py:545} INFO - Filling up the DagBag from /home/airflow/.local/lib/python3.12/site-packages/airflow/example_dags/example_branch_operator.py
[2024-08-05T00:05:35.106+0000] {processor.py:840} INFO - DAG(s) 'example_branch_operator' retrieved from /home/airflow/.local/lib/python3.12/site-packages/airflow/example_dags/example_branch_operator.py
[2024-08-05T00:05:35.136+0000] {logging_mixin.py:188} INFO - [2024-08-05T00:05:35.136+0000] {dag.py:3089} INFO - Sync 1 DAGs
[2024-08-05T00:05:35.157+0000] {logging_mixin.py:188} INFO - [2024-08-05T00:05:35.157+0000] {dag.py:3947} INFO - Setting next_dagrun for example_branch_operator to 2024-08-04 00:00:00+00:00, run_after=2024-08-05 00:00:00+00:00
[2024-08-05T00:05:35.175+0000] {processor.py:183} INFO - Processing /home/airflow/.local/lib/python3.12/site-packages/airflow/example_dags/example_branch_operator.py took 0.092 seconds
[2024-08-05T00:06:05.973+0000] {processor.py:161} INFO - Started process (PID=18842) to work on /home/airflow/.local/lib/python3.12/site-packages/airflow/example_dags/example_branch_operator.py
[2024-08-05T00:06:05.974+0000] {processor.py:830} INFO - Processing file /home/airflow/.local/lib/python3.12/site-packages/airflow/example_dags/example_branch_operator.py for tasks to queue
[2024-08-05T00:06:05.976+0000] {logging_mixin.py:188} INFO - [2024-08-05T00:06:05.975+0000] {dagbag.py:545} INFO - Filling up the DagBag from /home/airflow/.local/lib/python3.12/site-packages/airflow/example_dags/example_branch_operator.py
[2024-08-05T00:06:05.988+0000] {processor.py:840} INFO - DAG(s) 'example_branch_operator' retrieved from /home/airflow/.local/lib/python3.12/site-packages/airflow/example_dags/example_branch_operator.py
[2024-08-05T00:06:06.019+0000] {logging_mixin.py:188} INFO - [2024-08-05T00:06:06.018+0000] {dag.py:3089} INFO - Sync 1 DAGs
[2024-08-05T00:06:06.037+0000] {logging_mixin.py:188} INFO - [2024-08-05T00:06:06.036+0000] {dag.py:3947} INFO - Setting next_dagrun for example_branch_operator to 2024-08-04 00:00:00+00:00, run_after=2024-08-05 00:00:00+00:00
[2024-08-05T00:06:06.053+0000] {processor.py:183} INFO - Processing /home/airflow/.local/lib/python3.12/site-packages/airflow/example_dags/example_branch_operator.py took 0.085 seconds
[2024-08-05T00:06:36.212+0000] {processor.py:161} INFO - Started process (PID=19114) to work on /home/airflow/.local/lib/python3.12/site-packages/airflow/example_dags/example_branch_operator.py
[2024-08-05T00:06:36.213+0000] {processor.py:830} INFO - Processing file /home/airflow/.local/lib/python3.12/site-packages/airflow/example_dags/example_branch_operator.py for tasks to queue
[2024-08-05T00:06:36.215+0000] {logging_mixin.py:188} INFO - [2024-08-05T00:06:36.214+0000] {dagbag.py:545} INFO - Filling up the DagBag from /home/airflow/.local/lib/python3.12/site-packages/airflow/example_dags/example_branch_operator.py
[2024-08-05T00:06:36.229+0000] {processor.py:840} INFO - DAG(s) 'example_branch_operator' retrieved from /home/airflow/.local/lib/python3.12/site-packages/airflow/example_dags/example_branch_operator.py
[2024-08-05T00:06:36.257+0000] {logging_mixin.py:188} INFO - [2024-08-05T00:06:36.257+0000] {dag.py:3089} INFO - Sync 1 DAGs
[2024-08-05T00:06:36.277+0000] {logging_mixin.py:188} INFO - [2024-08-05T00:06:36.277+0000] {dag.py:3947} INFO - Setting next_dagrun for example_branch_operator to 2024-08-04 00:00:00+00:00, run_after=2024-08-05 00:00:00+00:00
[2024-08-05T00:06:36.296+0000] {processor.py:183} INFO - Processing /home/airflow/.local/lib/python3.12/site-packages/airflow/example_dags/example_branch_operator.py took 0.089 seconds
[2024-08-05T00:07:07.210+0000] {processor.py:161} INFO - Started process (PID=19386) to work on /home/airflow/.local/lib/python3.12/site-packages/airflow/example_dags/example_branch_operator.py
[2024-08-05T00:07:07.211+0000] {processor.py:830} INFO - Processing file /home/airflow/.local/lib/python3.12/site-packages/airflow/example_dags/example_branch_operator.py for tasks to queue
[2024-08-05T00:07:07.212+0000] {logging_mixin.py:188} INFO - [2024-08-05T00:07:07.212+0000] {dagbag.py:545} INFO - Filling up the DagBag from /home/airflow/.local/lib/python3.12/site-packages/airflow/example_dags/example_branch_operator.py
[2024-08-05T00:07:07.224+0000] {processor.py:840} INFO - DAG(s) 'example_branch_operator' retrieved from /home/airflow/.local/lib/python3.12/site-packages/airflow/example_dags/example_branch_operator.py
[2024-08-05T00:07:07.253+0000] {logging_mixin.py:188} INFO - [2024-08-05T00:07:07.253+0000] {dag.py:3089} INFO - Sync 1 DAGs
[2024-08-05T00:07:07.274+0000] {logging_mixin.py:188} INFO - [2024-08-05T00:07:07.274+0000] {dag.py:3947} INFO - Setting next_dagrun for example_branch_operator to 2024-08-04 00:00:00+00:00, run_after=2024-08-05 00:00:00+00:00
[2024-08-05T00:07:07.292+0000] {processor.py:183} INFO - Processing /home/airflow/.local/lib/python3.12/site-packages/airflow/example_dags/example_branch_operator.py took 0.087 seconds
[2024-08-05T00:07:37.540+0000] {processor.py:161} INFO - Started process (PID=19658) to work on /home/airflow/.local/lib/python3.12/site-packages/airflow/example_dags/example_branch_operator.py
[2024-08-05T00:07:37.540+0000] {processor.py:830} INFO - Processing file /home/airflow/.local/lib/python3.12/site-packages/airflow/example_dags/example_branch_operator.py for tasks to queue
[2024-08-05T00:07:37.542+0000] {logging_mixin.py:188} INFO - [2024-08-05T00:07:37.542+0000] {dagbag.py:545} INFO - Filling up the DagBag from /home/airflow/.local/lib/python3.12/site-packages/airflow/example_dags/example_branch_operator.py
[2024-08-05T00:07:37.558+0000] {processor.py:840} INFO - DAG(s) 'example_branch_operator' retrieved from /home/airflow/.local/lib/python3.12/site-packages/airflow/example_dags/example_branch_operator.py
[2024-08-05T00:07:37.590+0000] {logging_mixin.py:188} INFO - [2024-08-05T00:07:37.590+0000] {dag.py:3089} INFO - Sync 1 DAGs
[2024-08-05T00:07:37.615+0000] {logging_mixin.py:188} INFO - [2024-08-05T00:07:37.614+0000] {dag.py:3947} INFO - Setting next_dagrun for example_branch_operator to 2024-08-04 00:00:00+00:00, run_after=2024-08-05 00:00:00+00:00
[2024-08-05T00:07:37.633+0000] {processor.py:183} INFO - Processing /home/airflow/.local/lib/python3.12/site-packages/airflow/example_dags/example_branch_operator.py took 0.098 seconds
[2024-08-05T00:08:07.749+0000] {processor.py:161} INFO - Started process (PID=19930) to work on /home/airflow/.local/lib/python3.12/site-packages/airflow/example_dags/example_branch_operator.py
[2024-08-05T00:08:07.750+0000] {processor.py:830} INFO - Processing file /home/airflow/.local/lib/python3.12/site-packages/airflow/example_dags/example_branch_operator.py for tasks to queue
[2024-08-05T00:08:07.751+0000] {logging_mixin.py:188} INFO - [2024-08-05T00:08:07.751+0000] {dagbag.py:545} INFO - Filling up the DagBag from /home/airflow/.local/lib/python3.12/site-packages/airflow/example_dags/example_branch_operator.py
[2024-08-05T00:08:07.766+0000] {processor.py:840} INFO - DAG(s) 'example_branch_operator' retrieved from /home/airflow/.local/lib/python3.12/site-packages/airflow/example_dags/example_branch_operator.py
[2024-08-05T00:08:07.796+0000] {logging_mixin.py:188} INFO - [2024-08-05T00:08:07.796+0000] {dag.py:3089} INFO - Sync 1 DAGs
[2024-08-05T00:08:07.817+0000] {logging_mixin.py:188} INFO - [2024-08-05T00:08:07.817+0000] {dag.py:3947} INFO - Setting next_dagrun for example_branch_operator to 2024-08-04 00:00:00+00:00, run_after=2024-08-05 00:00:00+00:00
[2024-08-05T00:08:07.835+0000] {processor.py:183} INFO - Processing /home/airflow/.local/lib/python3.12/site-packages/airflow/example_dags/example_branch_operator.py took 0.093 seconds
[2024-08-05T00:08:38.190+0000] {processor.py:161} INFO - Started process (PID=20202) to work on /home/airflow/.local/lib/python3.12/site-packages/airflow/example_dags/example_branch_operator.py
[2024-08-05T00:08:38.191+0000] {processor.py:830} INFO - Processing file /home/airflow/.local/lib/python3.12/site-packages/airflow/example_dags/example_branch_operator.py for tasks to queue
[2024-08-05T00:08:38.192+0000] {logging_mixin.py:188} INFO - [2024-08-05T00:08:38.192+0000] {dagbag.py:545} INFO - Filling up the DagBag from /home/airflow/.local/lib/python3.12/site-packages/airflow/example_dags/example_branch_operator.py
[2024-08-05T00:08:38.208+0000] {processor.py:840} INFO - DAG(s) 'example_branch_operator' retrieved from /home/airflow/.local/lib/python3.12/site-packages/airflow/example_dags/example_branch_operator.py
[2024-08-05T00:08:38.235+0000] {logging_mixin.py:188} INFO - [2024-08-05T00:08:38.235+0000] {dag.py:3089} INFO - Sync 1 DAGs
[2024-08-05T00:08:38.254+0000] {logging_mixin.py:188} INFO - [2024-08-05T00:08:38.254+0000] {dag.py:3947} INFO - Setting next_dagrun for example_branch_operator to 2024-08-04 00:00:00+00:00, run_after=2024-08-05 00:00:00+00:00
[2024-08-05T00:08:38.269+0000] {processor.py:183} INFO - Processing /home/airflow/.local/lib/python3.12/site-packages/airflow/example_dags/example_branch_operator.py took 0.084 seconds
[2024-08-05T00:09:08.316+0000] {processor.py:161} INFO - Started process (PID=20474) to work on /home/airflow/.local/lib/python3.12/site-packages/airflow/example_dags/example_branch_operator.py
[2024-08-05T00:09:08.316+0000] {processor.py:830} INFO - Processing file /home/airflow/.local/lib/python3.12/site-packages/airflow/example_dags/example_branch_operator.py for tasks to queue
[2024-08-05T00:09:08.318+0000] {logging_mixin.py:188} INFO - [2024-08-05T00:09:08.317+0000] {dagbag.py:545} INFO - Filling up the DagBag from /home/airflow/.local/lib/python3.12/site-packages/airflow/example_dags/example_branch_operator.py
[2024-08-05T00:09:08.331+0000] {processor.py:840} INFO - DAG(s) 'example_branch_operator' retrieved from /home/airflow/.local/lib/python3.12/site-packages/airflow/example_dags/example_branch_operator.py
[2024-08-05T00:09:08.358+0000] {logging_mixin.py:188} INFO - [2024-08-05T00:09:08.357+0000] {dag.py:3089} INFO - Sync 1 DAGs
[2024-08-05T00:09:08.380+0000] {logging_mixin.py:188} INFO - [2024-08-05T00:09:08.380+0000] {dag.py:3947} INFO - Setting next_dagrun for example_branch_operator to 2024-08-04 00:00:00+00:00, run_after=2024-08-05 00:00:00+00:00
[2024-08-05T00:09:08.398+0000] {processor.py:183} INFO - Processing /home/airflow/.local/lib/python3.12/site-packages/airflow/example_dags/example_branch_operator.py took 0.086 seconds
[2024-08-05T00:09:39.041+0000] {processor.py:161} INFO - Started process (PID=20746) to work on /home/airflow/.local/lib/python3.12/site-packages/airflow/example_dags/example_branch_operator.py
[2024-08-05T00:09:39.042+0000] {processor.py:830} INFO - Processing file /home/airflow/.local/lib/python3.12/site-packages/airflow/example_dags/example_branch_operator.py for tasks to queue
[2024-08-05T00:09:39.044+0000] {logging_mixin.py:188} INFO - [2024-08-05T00:09:39.043+0000] {dagbag.py:545} INFO - Filling up the DagBag from /home/airflow/.local/lib/python3.12/site-packages/airflow/example_dags/example_branch_operator.py
[2024-08-05T00:09:39.057+0000] {processor.py:840} INFO - DAG(s) 'example_branch_operator' retrieved from /home/airflow/.local/lib/python3.12/site-packages/airflow/example_dags/example_branch_operator.py
[2024-08-05T00:09:39.083+0000] {logging_mixin.py:188} INFO - [2024-08-05T00:09:39.083+0000] {dag.py:3089} INFO - Sync 1 DAGs
[2024-08-05T00:09:39.103+0000] {logging_mixin.py:188} INFO - [2024-08-05T00:09:39.102+0000] {dag.py:3947} INFO - Setting next_dagrun for example_branch_operator to 2024-08-04 00:00:00+00:00, run_after=2024-08-05 00:00:00+00:00
[2024-08-05T00:09:39.118+0000] {processor.py:183} INFO - Processing /home/airflow/.local/lib/python3.12/site-packages/airflow/example_dags/example_branch_operator.py took 0.081 seconds
[2024-08-05T00:10:09.684+0000] {processor.py:161} INFO - Started process (PID=21024) to work on /home/airflow/.local/lib/python3.12/site-packages/airflow/example_dags/example_branch_operator.py
[2024-08-05T00:10:09.684+0000] {processor.py:830} INFO - Processing file /home/airflow/.local/lib/python3.12/site-packages/airflow/example_dags/example_branch_operator.py for tasks to queue
[2024-08-05T00:10:09.686+0000] {logging_mixin.py:188} INFO - [2024-08-05T00:10:09.686+0000] {dagbag.py:545} INFO - Filling up the DagBag from /home/airflow/.local/lib/python3.12/site-packages/airflow/example_dags/example_branch_operator.py
[2024-08-05T00:10:09.700+0000] {processor.py:840} INFO - DAG(s) 'example_branch_operator' retrieved from /home/airflow/.local/lib/python3.12/site-packages/airflow/example_dags/example_branch_operator.py
[2024-08-05T00:10:09.728+0000] {logging_mixin.py:188} INFO - [2024-08-05T00:10:09.727+0000] {dag.py:3089} INFO - Sync 1 DAGs
[2024-08-05T00:10:09.754+0000] {logging_mixin.py:188} INFO - [2024-08-05T00:10:09.753+0000] {dag.py:3947} INFO - Setting next_dagrun for example_branch_operator to 2024-08-04 00:00:00+00:00, run_after=2024-08-05 00:00:00+00:00
[2024-08-05T00:10:09.771+0000] {processor.py:183} INFO - Processing /home/airflow/.local/lib/python3.12/site-packages/airflow/example_dags/example_branch_operator.py took 0.091 seconds
[2024-08-05T00:10:40.467+0000] {processor.py:161} INFO - Started process (PID=21299) to work on /home/airflow/.local/lib/python3.12/site-packages/airflow/example_dags/example_branch_operator.py
[2024-08-05T00:10:40.467+0000] {processor.py:830} INFO - Processing file /home/airflow/.local/lib/python3.12/site-packages/airflow/example_dags/example_branch_operator.py for tasks to queue
[2024-08-05T00:10:40.469+0000] {logging_mixin.py:188} INFO - [2024-08-05T00:10:40.469+0000] {dagbag.py:545} INFO - Filling up the DagBag from /home/airflow/.local/lib/python3.12/site-packages/airflow/example_dags/example_branch_operator.py
[2024-08-05T00:10:40.483+0000] {processor.py:840} INFO - DAG(s) 'example_branch_operator' retrieved from /home/airflow/.local/lib/python3.12/site-packages/airflow/example_dags/example_branch_operator.py
[2024-08-05T00:10:40.511+0000] {logging_mixin.py:188} INFO - [2024-08-05T00:10:40.511+0000] {dag.py:3089} INFO - Sync 1 DAGs
[2024-08-05T00:10:40.532+0000] {logging_mixin.py:188} INFO - [2024-08-05T00:10:40.532+0000] {dag.py:3947} INFO - Setting next_dagrun for example_branch_operator to 2024-08-04 00:00:00+00:00, run_after=2024-08-05 00:00:00+00:00
[2024-08-05T00:10:40.550+0000] {processor.py:183} INFO - Processing /home/airflow/.local/lib/python3.12/site-packages/airflow/example_dags/example_branch_operator.py took 0.088 seconds
[2024-08-05T00:11:11.178+0000] {processor.py:161} INFO - Started process (PID=21571) to work on /home/airflow/.local/lib/python3.12/site-packages/airflow/example_dags/example_branch_operator.py
[2024-08-05T00:11:11.178+0000] {processor.py:830} INFO - Processing file /home/airflow/.local/lib/python3.12/site-packages/airflow/example_dags/example_branch_operator.py for tasks to queue
[2024-08-05T00:11:11.180+0000] {logging_mixin.py:188} INFO - [2024-08-05T00:11:11.179+0000] {dagbag.py:545} INFO - Filling up the DagBag from /home/airflow/.local/lib/python3.12/site-packages/airflow/example_dags/example_branch_operator.py
[2024-08-05T00:11:11.194+0000] {processor.py:840} INFO - DAG(s) 'example_branch_operator' retrieved from /home/airflow/.local/lib/python3.12/site-packages/airflow/example_dags/example_branch_operator.py
[2024-08-05T00:11:11.222+0000] {logging_mixin.py:188} INFO - [2024-08-05T00:11:11.222+0000] {dag.py:3089} INFO - Sync 1 DAGs
[2024-08-05T00:11:11.242+0000] {logging_mixin.py:188} INFO - [2024-08-05T00:11:11.242+0000] {dag.py:3947} INFO - Setting next_dagrun for example_branch_operator to 2024-08-04 00:00:00+00:00, run_after=2024-08-05 00:00:00+00:00
[2024-08-05T00:11:11.260+0000] {processor.py:183} INFO - Processing /home/airflow/.local/lib/python3.12/site-packages/airflow/example_dags/example_branch_operator.py took 0.088 seconds
[2024-08-05T00:11:42.100+0000] {processor.py:161} INFO - Started process (PID=21843) to work on /home/airflow/.local/lib/python3.12/site-packages/airflow/example_dags/example_branch_operator.py
[2024-08-05T00:11:42.101+0000] {processor.py:830} INFO - Processing file /home/airflow/.local/lib/python3.12/site-packages/airflow/example_dags/example_branch_operator.py for tasks to queue
[2024-08-05T00:11:42.103+0000] {logging_mixin.py:188} INFO - [2024-08-05T00:11:42.103+0000] {dagbag.py:545} INFO - Filling up the DagBag from /home/airflow/.local/lib/python3.12/site-packages/airflow/example_dags/example_branch_operator.py
[2024-08-05T00:11:42.117+0000] {processor.py:840} INFO - DAG(s) 'example_branch_operator' retrieved from /home/airflow/.local/lib/python3.12/site-packages/airflow/example_dags/example_branch_operator.py
[2024-08-05T00:11:42.145+0000] {logging_mixin.py:188} INFO - [2024-08-05T00:11:42.144+0000] {dag.py:3089} INFO - Sync 1 DAGs
[2024-08-05T00:11:42.165+0000] {logging_mixin.py:188} INFO - [2024-08-05T00:11:42.165+0000] {dag.py:3947} INFO - Setting next_dagrun for example_branch_operator to 2024-08-04 00:00:00+00:00, run_after=2024-08-05 00:00:00+00:00
[2024-08-05T00:11:42.183+0000] {processor.py:183} INFO - Processing /home/airflow/.local/lib/python3.12/site-packages/airflow/example_dags/example_branch_operator.py took 0.087 seconds
[2024-08-05T00:12:12.358+0000] {processor.py:161} INFO - Started process (PID=22115) to work on /home/airflow/.local/lib/python3.12/site-packages/airflow/example_dags/example_branch_operator.py
[2024-08-05T00:12:12.358+0000] {processor.py:830} INFO - Processing file /home/airflow/.local/lib/python3.12/site-packages/airflow/example_dags/example_branch_operator.py for tasks to queue
[2024-08-05T00:12:12.360+0000] {logging_mixin.py:188} INFO - [2024-08-05T00:12:12.360+0000] {dagbag.py:545} INFO - Filling up the DagBag from /home/airflow/.local/lib/python3.12/site-packages/airflow/example_dags/example_branch_operator.py
[2024-08-05T00:12:12.374+0000] {processor.py:840} INFO - DAG(s) 'example_branch_operator' retrieved from /home/airflow/.local/lib/python3.12/site-packages/airflow/example_dags/example_branch_operator.py
[2024-08-05T00:12:12.402+0000] {logging_mixin.py:188} INFO - [2024-08-05T00:12:12.402+0000] {dag.py:3089} INFO - Sync 1 DAGs
[2024-08-05T00:12:12.423+0000] {logging_mixin.py:188} INFO - [2024-08-05T00:12:12.423+0000] {dag.py:3947} INFO - Setting next_dagrun for example_branch_operator to 2024-08-04 00:00:00+00:00, run_after=2024-08-05 00:00:00+00:00
[2024-08-05T00:12:12.441+0000] {processor.py:183} INFO - Processing /home/airflow/.local/lib/python3.12/site-packages/airflow/example_dags/example_branch_operator.py took 0.088 seconds
[2024-08-05T00:12:42.585+0000] {processor.py:161} INFO - Started process (PID=22387) to work on /home/airflow/.local/lib/python3.12/site-packages/airflow/example_dags/example_branch_operator.py
[2024-08-05T00:12:42.586+0000] {processor.py:830} INFO - Processing file /home/airflow/.local/lib/python3.12/site-packages/airflow/example_dags/example_branch_operator.py for tasks to queue
[2024-08-05T00:12:42.588+0000] {logging_mixin.py:188} INFO - [2024-08-05T00:12:42.588+0000] {dagbag.py:545} INFO - Filling up the DagBag from /home/airflow/.local/lib/python3.12/site-packages/airflow/example_dags/example_branch_operator.py
[2024-08-05T00:12:42.604+0000] {processor.py:840} INFO - DAG(s) 'example_branch_operator' retrieved from /home/airflow/.local/lib/python3.12/site-packages/airflow/example_dags/example_branch_operator.py
[2024-08-05T00:12:42.633+0000] {logging_mixin.py:188} INFO - [2024-08-05T00:12:42.633+0000] {dag.py:3089} INFO - Sync 1 DAGs
[2024-08-05T00:12:42.656+0000] {logging_mixin.py:188} INFO - [2024-08-05T00:12:42.656+0000] {dag.py:3947} INFO - Setting next_dagrun for example_branch_operator to 2024-08-04 00:00:00+00:00, run_after=2024-08-05 00:00:00+00:00
[2024-08-05T00:12:42.674+0000] {processor.py:183} INFO - Processing /home/airflow/.local/lib/python3.12/site-packages/airflow/example_dags/example_branch_operator.py took 0.094 seconds
[2024-08-05T00:13:12.834+0000] {processor.py:161} INFO - Started process (PID=22659) to work on /home/airflow/.local/lib/python3.12/site-packages/airflow/example_dags/example_branch_operator.py
[2024-08-05T00:13:12.835+0000] {processor.py:830} INFO - Processing file /home/airflow/.local/lib/python3.12/site-packages/airflow/example_dags/example_branch_operator.py for tasks to queue
[2024-08-05T00:13:12.836+0000] {logging_mixin.py:188} INFO - [2024-08-05T00:13:12.836+0000] {dagbag.py:545} INFO - Filling up the DagBag from /home/airflow/.local/lib/python3.12/site-packages/airflow/example_dags/example_branch_operator.py
[2024-08-05T00:13:12.851+0000] {processor.py:840} INFO - DAG(s) 'example_branch_operator' retrieved from /home/airflow/.local/lib/python3.12/site-packages/airflow/example_dags/example_branch_operator.py
[2024-08-05T00:13:12.881+0000] {logging_mixin.py:188} INFO - [2024-08-05T00:13:12.880+0000] {dag.py:3089} INFO - Sync 1 DAGs
[2024-08-05T00:13:12.902+0000] {logging_mixin.py:188} INFO - [2024-08-05T00:13:12.902+0000] {dag.py:3947} INFO - Setting next_dagrun for example_branch_operator to 2024-08-04 00:00:00+00:00, run_after=2024-08-05 00:00:00+00:00
[2024-08-05T00:13:12.919+0000] {processor.py:183} INFO - Processing /home/airflow/.local/lib/python3.12/site-packages/airflow/example_dags/example_branch_operator.py took 0.091 seconds
[2024-08-05T00:13:43.226+0000] {processor.py:161} INFO - Started process (PID=22931) to work on /home/airflow/.local/lib/python3.12/site-packages/airflow/example_dags/example_branch_operator.py
[2024-08-05T00:13:43.227+0000] {processor.py:830} INFO - Processing file /home/airflow/.local/lib/python3.12/site-packages/airflow/example_dags/example_branch_operator.py for tasks to queue
[2024-08-05T00:13:43.228+0000] {logging_mixin.py:188} INFO - [2024-08-05T00:13:43.228+0000] {dagbag.py:545} INFO - Filling up the DagBag from /home/airflow/.local/lib/python3.12/site-packages/airflow/example_dags/example_branch_operator.py
[2024-08-05T00:13:43.245+0000] {processor.py:840} INFO - DAG(s) 'example_branch_operator' retrieved from /home/airflow/.local/lib/python3.12/site-packages/airflow/example_dags/example_branch_operator.py
[2024-08-05T00:13:43.275+0000] {logging_mixin.py:188} INFO - [2024-08-05T00:13:43.274+0000] {dag.py:3089} INFO - Sync 1 DAGs
[2024-08-05T00:13:43.296+0000] {logging_mixin.py:188} INFO - [2024-08-05T00:13:43.296+0000] {dag.py:3947} INFO - Setting next_dagrun for example_branch_operator to 2024-08-04 00:00:00+00:00, run_after=2024-08-05 00:00:00+00:00
[2024-08-05T00:13:43.317+0000] {processor.py:183} INFO - Processing /home/airflow/.local/lib/python3.12/site-packages/airflow/example_dags/example_branch_operator.py took 0.096 seconds
[2024-08-05T00:14:13.744+0000] {processor.py:161} INFO - Started process (PID=23203) to work on /home/airflow/.local/lib/python3.12/site-packages/airflow/example_dags/example_branch_operator.py
[2024-08-05T00:14:13.745+0000] {processor.py:830} INFO - Processing file /home/airflow/.local/lib/python3.12/site-packages/airflow/example_dags/example_branch_operator.py for tasks to queue
[2024-08-05T00:14:13.746+0000] {logging_mixin.py:188} INFO - [2024-08-05T00:14:13.746+0000] {dagbag.py:545} INFO - Filling up the DagBag from /home/airflow/.local/lib/python3.12/site-packages/airflow/example_dags/example_branch_operator.py
[2024-08-05T00:14:13.763+0000] {processor.py:840} INFO - DAG(s) 'example_branch_operator' retrieved from /home/airflow/.local/lib/python3.12/site-packages/airflow/example_dags/example_branch_operator.py
[2024-08-05T00:14:13.796+0000] {logging_mixin.py:188} INFO - [2024-08-05T00:14:13.796+0000] {dag.py:3089} INFO - Sync 1 DAGs
[2024-08-05T00:14:13.820+0000] {logging_mixin.py:188} INFO - [2024-08-05T00:14:13.820+0000] {dag.py:3947} INFO - Setting next_dagrun for example_branch_operator to 2024-08-04 00:00:00+00:00, run_after=2024-08-05 00:00:00+00:00
[2024-08-05T00:14:13.839+0000] {processor.py:183} INFO - Processing /home/airflow/.local/lib/python3.12/site-packages/airflow/example_dags/example_branch_operator.py took 0.101 seconds
[2024-08-05T00:14:44.045+0000] {processor.py:161} INFO - Started process (PID=23475) to work on /home/airflow/.local/lib/python3.12/site-packages/airflow/example_dags/example_branch_operator.py
[2024-08-05T00:14:44.046+0000] {processor.py:830} INFO - Processing file /home/airflow/.local/lib/python3.12/site-packages/airflow/example_dags/example_branch_operator.py for tasks to queue
[2024-08-05T00:14:44.048+0000] {logging_mixin.py:188} INFO - [2024-08-05T00:14:44.048+0000] {dagbag.py:545} INFO - Filling up the DagBag from /home/airflow/.local/lib/python3.12/site-packages/airflow/example_dags/example_branch_operator.py
[2024-08-05T00:14:44.064+0000] {processor.py:840} INFO - DAG(s) 'example_branch_operator' retrieved from /home/airflow/.local/lib/python3.12/site-packages/airflow/example_dags/example_branch_operator.py
[2024-08-05T00:14:44.092+0000] {logging_mixin.py:188} INFO - [2024-08-05T00:14:44.092+0000] {dag.py:3089} INFO - Sync 1 DAGs
[2024-08-05T00:14:44.113+0000] {logging_mixin.py:188} INFO - [2024-08-05T00:14:44.113+0000] {dag.py:3947} INFO - Setting next_dagrun for example_branch_operator to 2024-08-04 00:00:00+00:00, run_after=2024-08-05 00:00:00+00:00
[2024-08-05T00:14:44.132+0000] {processor.py:183} INFO - Processing /home/airflow/.local/lib/python3.12/site-packages/airflow/example_dags/example_branch_operator.py took 0.092 seconds
[2024-08-05T00:15:14.236+0000] {processor.py:161} INFO - Started process (PID=23747) to work on /home/airflow/.local/lib/python3.12/site-packages/airflow/example_dags/example_branch_operator.py
[2024-08-05T00:15:14.236+0000] {processor.py:830} INFO - Processing file /home/airflow/.local/lib/python3.12/site-packages/airflow/example_dags/example_branch_operator.py for tasks to queue
[2024-08-05T00:15:14.238+0000] {logging_mixin.py:188} INFO - [2024-08-05T00:15:14.237+0000] {dagbag.py:545} INFO - Filling up the DagBag from /home/airflow/.local/lib/python3.12/site-packages/airflow/example_dags/example_branch_operator.py
[2024-08-05T00:15:14.251+0000] {processor.py:840} INFO - DAG(s) 'example_branch_operator' retrieved from /home/airflow/.local/lib/python3.12/site-packages/airflow/example_dags/example_branch_operator.py
[2024-08-05T00:15:14.281+0000] {logging_mixin.py:188} INFO - [2024-08-05T00:15:14.280+0000] {dag.py:3089} INFO - Sync 1 DAGs
[2024-08-05T00:15:14.300+0000] {logging_mixin.py:188} INFO - [2024-08-05T00:15:14.300+0000] {dag.py:3947} INFO - Setting next_dagrun for example_branch_operator to 2024-08-04 00:00:00+00:00, run_after=2024-08-05 00:00:00+00:00
[2024-08-05T00:15:14.319+0000] {processor.py:183} INFO - Processing /home/airflow/.local/lib/python3.12/site-packages/airflow/example_dags/example_branch_operator.py took 0.088 seconds
[2024-08-05T00:15:44.472+0000] {processor.py:161} INFO - Started process (PID=24019) to work on /home/airflow/.local/lib/python3.12/site-packages/airflow/example_dags/example_branch_operator.py
[2024-08-05T00:15:44.472+0000] {processor.py:830} INFO - Processing file /home/airflow/.local/lib/python3.12/site-packages/airflow/example_dags/example_branch_operator.py for tasks to queue
[2024-08-05T00:15:44.474+0000] {logging_mixin.py:188} INFO - [2024-08-05T00:15:44.474+0000] {dagbag.py:545} INFO - Filling up the DagBag from /home/airflow/.local/lib/python3.12/site-packages/airflow/example_dags/example_branch_operator.py
[2024-08-05T00:15:44.489+0000] {processor.py:840} INFO - DAG(s) 'example_branch_operator' retrieved from /home/airflow/.local/lib/python3.12/site-packages/airflow/example_dags/example_branch_operator.py
[2024-08-05T00:15:44.516+0000] {logging_mixin.py:188} INFO - [2024-08-05T00:15:44.515+0000] {dag.py:3089} INFO - Sync 1 DAGs
[2024-08-05T00:15:44.540+0000] {logging_mixin.py:188} INFO - [2024-08-05T00:15:44.540+0000] {dag.py:3947} INFO - Setting next_dagrun for example_branch_operator to 2024-08-04 00:00:00+00:00, run_after=2024-08-05 00:00:00+00:00
[2024-08-05T00:15:44.555+0000] {processor.py:183} INFO - Processing /home/airflow/.local/lib/python3.12/site-packages/airflow/example_dags/example_branch_operator.py took 0.089 seconds
[2024-08-05T00:16:15.041+0000] {processor.py:161} INFO - Started process (PID=24291) to work on /home/airflow/.local/lib/python3.12/site-packages/airflow/example_dags/example_branch_operator.py
[2024-08-05T00:16:15.042+0000] {processor.py:830} INFO - Processing file /home/airflow/.local/lib/python3.12/site-packages/airflow/example_dags/example_branch_operator.py for tasks to queue
[2024-08-05T00:16:15.044+0000] {logging_mixin.py:188} INFO - [2024-08-05T00:16:15.043+0000] {dagbag.py:545} INFO - Filling up the DagBag from /home/airflow/.local/lib/python3.12/site-packages/airflow/example_dags/example_branch_operator.py
[2024-08-05T00:16:15.058+0000] {processor.py:840} INFO - DAG(s) 'example_branch_operator' retrieved from /home/airflow/.local/lib/python3.12/site-packages/airflow/example_dags/example_branch_operator.py
[2024-08-05T00:16:15.088+0000] {logging_mixin.py:188} INFO - [2024-08-05T00:16:15.088+0000] {dag.py:3089} INFO - Sync 1 DAGs
[2024-08-05T00:16:15.109+0000] {logging_mixin.py:188} INFO - [2024-08-05T00:16:15.109+0000] {dag.py:3947} INFO - Setting next_dagrun for example_branch_operator to 2024-08-04 00:00:00+00:00, run_after=2024-08-05 00:00:00+00:00
[2024-08-05T00:16:15.126+0000] {processor.py:183} INFO - Processing /home/airflow/.local/lib/python3.12/site-packages/airflow/example_dags/example_branch_operator.py took 0.089 seconds
[2024-08-05T00:16:45.343+0000] {processor.py:161} INFO - Started process (PID=24563) to work on /home/airflow/.local/lib/python3.12/site-packages/airflow/example_dags/example_branch_operator.py
[2024-08-05T00:16:45.344+0000] {processor.py:830} INFO - Processing file /home/airflow/.local/lib/python3.12/site-packages/airflow/example_dags/example_branch_operator.py for tasks to queue
[2024-08-05T00:16:45.346+0000] {logging_mixin.py:188} INFO - [2024-08-05T00:16:45.346+0000] {dagbag.py:545} INFO - Filling up the DagBag from /home/airflow/.local/lib/python3.12/site-packages/airflow/example_dags/example_branch_operator.py
[2024-08-05T00:16:45.364+0000] {processor.py:840} INFO - DAG(s) 'example_branch_operator' retrieved from /home/airflow/.local/lib/python3.12/site-packages/airflow/example_dags/example_branch_operator.py
[2024-08-05T00:16:45.394+0000] {logging_mixin.py:188} INFO - [2024-08-05T00:16:45.394+0000] {dag.py:3089} INFO - Sync 1 DAGs
[2024-08-05T00:16:45.422+0000] {logging_mixin.py:188} INFO - [2024-08-05T00:16:45.421+0000] {dag.py:3947} INFO - Setting next_dagrun for example_branch_operator to 2024-08-04 00:00:00+00:00, run_after=2024-08-05 00:00:00+00:00
[2024-08-05T00:16:45.440+0000] {processor.py:183} INFO - Processing /home/airflow/.local/lib/python3.12/site-packages/airflow/example_dags/example_branch_operator.py took 0.102 seconds
[2024-08-05T00:17:15.682+0000] {processor.py:161} INFO - Started process (PID=24835) to work on /home/airflow/.local/lib/python3.12/site-packages/airflow/example_dags/example_branch_operator.py
[2024-08-05T00:17:15.683+0000] {processor.py:830} INFO - Processing file /home/airflow/.local/lib/python3.12/site-packages/airflow/example_dags/example_branch_operator.py for tasks to queue
[2024-08-05T00:17:15.684+0000] {logging_mixin.py:188} INFO - [2024-08-05T00:17:15.684+0000] {dagbag.py:545} INFO - Filling up the DagBag from /home/airflow/.local/lib/python3.12/site-packages/airflow/example_dags/example_branch_operator.py
[2024-08-05T00:17:15.700+0000] {processor.py:840} INFO - DAG(s) 'example_branch_operator' retrieved from /home/airflow/.local/lib/python3.12/site-packages/airflow/example_dags/example_branch_operator.py
[2024-08-05T00:17:15.731+0000] {logging_mixin.py:188} INFO - [2024-08-05T00:17:15.731+0000] {dag.py:3089} INFO - Sync 1 DAGs
[2024-08-05T00:17:15.753+0000] {logging_mixin.py:188} INFO - [2024-08-05T00:17:15.752+0000] {dag.py:3947} INFO - Setting next_dagrun for example_branch_operator to 2024-08-04 00:00:00+00:00, run_after=2024-08-05 00:00:00+00:00
[2024-08-05T00:17:15.769+0000] {processor.py:183} INFO - Processing /home/airflow/.local/lib/python3.12/site-packages/airflow/example_dags/example_branch_operator.py took 0.093 seconds
[2024-08-05T00:17:46.020+0000] {processor.py:161} INFO - Started process (PID=25107) to work on /home/airflow/.local/lib/python3.12/site-packages/airflow/example_dags/example_branch_operator.py
[2024-08-05T00:17:46.021+0000] {processor.py:830} INFO - Processing file /home/airflow/.local/lib/python3.12/site-packages/airflow/example_dags/example_branch_operator.py for tasks to queue
[2024-08-05T00:17:46.022+0000] {logging_mixin.py:188} INFO - [2024-08-05T00:17:46.022+0000] {dagbag.py:545} INFO - Filling up the DagBag from /home/airflow/.local/lib/python3.12/site-packages/airflow/example_dags/example_branch_operator.py
[2024-08-05T00:17:46.039+0000] {processor.py:840} INFO - DAG(s) 'example_branch_operator' retrieved from /home/airflow/.local/lib/python3.12/site-packages/airflow/example_dags/example_branch_operator.py
[2024-08-05T00:17:46.068+0000] {logging_mixin.py:188} INFO - [2024-08-05T00:17:46.067+0000] {dag.py:3089} INFO - Sync 1 DAGs
[2024-08-05T00:17:46.089+0000] {logging_mixin.py:188} INFO - [2024-08-05T00:17:46.089+0000] {dag.py:3947} INFO - Setting next_dagrun for example_branch_operator to 2024-08-04 00:00:00+00:00, run_after=2024-08-05 00:00:00+00:00
[2024-08-05T00:17:46.105+0000] {processor.py:183} INFO - Processing /home/airflow/.local/lib/python3.12/site-packages/airflow/example_dags/example_branch_operator.py took 0.090 seconds
[2024-08-05T00:18:16.305+0000] {processor.py:161} INFO - Started process (PID=25379) to work on /home/airflow/.local/lib/python3.12/site-packages/airflow/example_dags/example_branch_operator.py
[2024-08-05T00:18:16.306+0000] {processor.py:830} INFO - Processing file /home/airflow/.local/lib/python3.12/site-packages/airflow/example_dags/example_branch_operator.py for tasks to queue
[2024-08-05T00:18:16.308+0000] {logging_mixin.py:188} INFO - [2024-08-05T00:18:16.308+0000] {dagbag.py:545} INFO - Filling up the DagBag from /home/airflow/.local/lib/python3.12/site-packages/airflow/example_dags/example_branch_operator.py
[2024-08-05T00:18:16.323+0000] {processor.py:840} INFO - DAG(s) 'example_branch_operator' retrieved from /home/airflow/.local/lib/python3.12/site-packages/airflow/example_dags/example_branch_operator.py
[2024-08-05T00:18:16.353+0000] {logging_mixin.py:188} INFO - [2024-08-05T00:18:16.352+0000] {dag.py:3089} INFO - Sync 1 DAGs
[2024-08-05T00:18:16.374+0000] {logging_mixin.py:188} INFO - [2024-08-05T00:18:16.374+0000] {dag.py:3947} INFO - Setting next_dagrun for example_branch_operator to 2024-08-04 00:00:00+00:00, run_after=2024-08-05 00:00:00+00:00
[2024-08-05T00:18:16.391+0000] {processor.py:183} INFO - Processing /home/airflow/.local/lib/python3.12/site-packages/airflow/example_dags/example_branch_operator.py took 0.091 seconds
[2024-08-05T00:18:46.445+0000] {processor.py:161} INFO - Started process (PID=25651) to work on /home/airflow/.local/lib/python3.12/site-packages/airflow/example_dags/example_branch_operator.py
[2024-08-05T00:18:46.446+0000] {processor.py:830} INFO - Processing file /home/airflow/.local/lib/python3.12/site-packages/airflow/example_dags/example_branch_operator.py for tasks to queue
[2024-08-05T00:18:46.448+0000] {logging_mixin.py:188} INFO - [2024-08-05T00:18:46.448+0000] {dagbag.py:545} INFO - Filling up the DagBag from /home/airflow/.local/lib/python3.12/site-packages/airflow/example_dags/example_branch_operator.py
[2024-08-05T00:18:46.464+0000] {processor.py:840} INFO - DAG(s) 'example_branch_operator' retrieved from /home/airflow/.local/lib/python3.12/site-packages/airflow/example_dags/example_branch_operator.py
[2024-08-05T00:18:46.492+0000] {logging_mixin.py:188} INFO - [2024-08-05T00:18:46.492+0000] {dag.py:3089} INFO - Sync 1 DAGs
[2024-08-05T00:18:46.515+0000] {logging_mixin.py:188} INFO - [2024-08-05T00:18:46.514+0000] {dag.py:3947} INFO - Setting next_dagrun for example_branch_operator to 2024-08-04 00:00:00+00:00, run_after=2024-08-05 00:00:00+00:00
[2024-08-05T00:18:46.533+0000] {processor.py:183} INFO - Processing /home/airflow/.local/lib/python3.12/site-packages/airflow/example_dags/example_branch_operator.py took 0.093 seconds
[2024-08-05T00:19:16.675+0000] {processor.py:161} INFO - Started process (PID=25923) to work on /home/airflow/.local/lib/python3.12/site-packages/airflow/example_dags/example_branch_operator.py
[2024-08-05T00:19:16.676+0000] {processor.py:830} INFO - Processing file /home/airflow/.local/lib/python3.12/site-packages/airflow/example_dags/example_branch_operator.py for tasks to queue
[2024-08-05T00:19:16.677+0000] {logging_mixin.py:188} INFO - [2024-08-05T00:19:16.677+0000] {dagbag.py:545} INFO - Filling up the DagBag from /home/airflow/.local/lib/python3.12/site-packages/airflow/example_dags/example_branch_operator.py
[2024-08-05T00:19:16.691+0000] {processor.py:840} INFO - DAG(s) 'example_branch_operator' retrieved from /home/airflow/.local/lib/python3.12/site-packages/airflow/example_dags/example_branch_operator.py
[2024-08-05T00:19:16.719+0000] {logging_mixin.py:188} INFO - [2024-08-05T00:19:16.719+0000] {dag.py:3089} INFO - Sync 1 DAGs
[2024-08-05T00:19:16.739+0000] {logging_mixin.py:188} INFO - [2024-08-05T00:19:16.738+0000] {dag.py:3947} INFO - Setting next_dagrun for example_branch_operator to 2024-08-04 00:00:00+00:00, run_after=2024-08-05 00:00:00+00:00
[2024-08-05T00:19:16.755+0000] {processor.py:183} INFO - Processing /home/airflow/.local/lib/python3.12/site-packages/airflow/example_dags/example_branch_operator.py took 0.085 seconds
[2024-08-05T00:19:46.955+0000] {processor.py:161} INFO - Started process (PID=26195) to work on /home/airflow/.local/lib/python3.12/site-packages/airflow/example_dags/example_branch_operator.py
[2024-08-05T00:19:46.957+0000] {processor.py:830} INFO - Processing file /home/airflow/.local/lib/python3.12/site-packages/airflow/example_dags/example_branch_operator.py for tasks to queue
[2024-08-05T00:19:46.958+0000] {logging_mixin.py:188} INFO - [2024-08-05T00:19:46.958+0000] {dagbag.py:545} INFO - Filling up the DagBag from /home/airflow/.local/lib/python3.12/site-packages/airflow/example_dags/example_branch_operator.py
[2024-08-05T00:19:46.973+0000] {processor.py:840} INFO - DAG(s) 'example_branch_operator' retrieved from /home/airflow/.local/lib/python3.12/site-packages/airflow/example_dags/example_branch_operator.py
[2024-08-05T00:19:47.003+0000] {logging_mixin.py:188} INFO - [2024-08-05T00:19:47.003+0000] {dag.py:3089} INFO - Sync 1 DAGs
[2024-08-05T00:19:47.025+0000] {logging_mixin.py:188} INFO - [2024-08-05T00:19:47.025+0000] {dag.py:3947} INFO - Setting next_dagrun for example_branch_operator to 2024-08-04 00:00:00+00:00, run_after=2024-08-05 00:00:00+00:00
[2024-08-05T00:19:47.042+0000] {processor.py:183} INFO - Processing /home/airflow/.local/lib/python3.12/site-packages/airflow/example_dags/example_branch_operator.py took 0.091 seconds
[2024-08-05T00:20:17.205+0000] {processor.py:161} INFO - Started process (PID=26476) to work on /home/airflow/.local/lib/python3.12/site-packages/airflow/example_dags/example_branch_operator.py
[2024-08-05T00:20:17.206+0000] {processor.py:830} INFO - Processing file /home/airflow/.local/lib/python3.12/site-packages/airflow/example_dags/example_branch_operator.py for tasks to queue
[2024-08-05T00:20:17.207+0000] {logging_mixin.py:188} INFO - [2024-08-05T00:20:17.207+0000] {dagbag.py:545} INFO - Filling up the DagBag from /home/airflow/.local/lib/python3.12/site-packages/airflow/example_dags/example_branch_operator.py
[2024-08-05T00:20:17.222+0000] {processor.py:840} INFO - DAG(s) 'example_branch_operator' retrieved from /home/airflow/.local/lib/python3.12/site-packages/airflow/example_dags/example_branch_operator.py
[2024-08-05T00:20:17.252+0000] {logging_mixin.py:188} INFO - [2024-08-05T00:20:17.252+0000] {dag.py:3089} INFO - Sync 1 DAGs
[2024-08-05T00:20:17.274+0000] {logging_mixin.py:188} INFO - [2024-08-05T00:20:17.274+0000] {dag.py:3947} INFO - Setting next_dagrun for example_branch_operator to 2024-08-04 00:00:00+00:00, run_after=2024-08-05 00:00:00+00:00
[2024-08-05T00:20:17.290+0000] {processor.py:183} INFO - Processing /home/airflow/.local/lib/python3.12/site-packages/airflow/example_dags/example_branch_operator.py took 0.091 seconds
[2024-08-05T00:20:47.748+0000] {processor.py:161} INFO - Started process (PID=26748) to work on /home/airflow/.local/lib/python3.12/site-packages/airflow/example_dags/example_branch_operator.py
[2024-08-05T00:20:47.749+0000] {processor.py:830} INFO - Processing file /home/airflow/.local/lib/python3.12/site-packages/airflow/example_dags/example_branch_operator.py for tasks to queue
[2024-08-05T00:20:47.751+0000] {logging_mixin.py:188} INFO - [2024-08-05T00:20:47.750+0000] {dagbag.py:545} INFO - Filling up the DagBag from /home/airflow/.local/lib/python3.12/site-packages/airflow/example_dags/example_branch_operator.py
[2024-08-05T00:20:47.765+0000] {processor.py:840} INFO - DAG(s) 'example_branch_operator' retrieved from /home/airflow/.local/lib/python3.12/site-packages/airflow/example_dags/example_branch_operator.py
[2024-08-05T00:20:47.794+0000] {logging_mixin.py:188} INFO - [2024-08-05T00:20:47.794+0000] {dag.py:3089} INFO - Sync 1 DAGs
[2024-08-05T00:20:47.814+0000] {logging_mixin.py:188} INFO - [2024-08-05T00:20:47.814+0000] {dag.py:3947} INFO - Setting next_dagrun for example_branch_operator to 2024-08-04 00:00:00+00:00, run_after=2024-08-05 00:00:00+00:00
[2024-08-05T00:20:47.831+0000] {processor.py:183} INFO - Processing /home/airflow/.local/lib/python3.12/site-packages/airflow/example_dags/example_branch_operator.py took 0.088 seconds
[2024-08-05T00:21:18.246+0000] {processor.py:161} INFO - Started process (PID=27020) to work on /home/airflow/.local/lib/python3.12/site-packages/airflow/example_dags/example_branch_operator.py
[2024-08-05T00:21:18.247+0000] {processor.py:830} INFO - Processing file /home/airflow/.local/lib/python3.12/site-packages/airflow/example_dags/example_branch_operator.py for tasks to queue
[2024-08-05T00:21:18.248+0000] {logging_mixin.py:188} INFO - [2024-08-05T00:21:18.248+0000] {dagbag.py:545} INFO - Filling up the DagBag from /home/airflow/.local/lib/python3.12/site-packages/airflow/example_dags/example_branch_operator.py
[2024-08-05T00:21:18.263+0000] {processor.py:840} INFO - DAG(s) 'example_branch_operator' retrieved from /home/airflow/.local/lib/python3.12/site-packages/airflow/example_dags/example_branch_operator.py
[2024-08-05T00:21:18.292+0000] {logging_mixin.py:188} INFO - [2024-08-05T00:21:18.291+0000] {dag.py:3089} INFO - Sync 1 DAGs
[2024-08-05T00:21:18.314+0000] {logging_mixin.py:188} INFO - [2024-08-05T00:21:18.314+0000] {dag.py:3947} INFO - Setting next_dagrun for example_branch_operator to 2024-08-04 00:00:00+00:00, run_after=2024-08-05 00:00:00+00:00
[2024-08-05T00:21:18.332+0000] {processor.py:183} INFO - Processing /home/airflow/.local/lib/python3.12/site-packages/airflow/example_dags/example_branch_operator.py took 0.092 seconds
[2024-08-05T00:21:48.514+0000] {processor.py:161} INFO - Started process (PID=27292) to work on /home/airflow/.local/lib/python3.12/site-packages/airflow/example_dags/example_branch_operator.py
[2024-08-05T00:21:48.514+0000] {processor.py:830} INFO - Processing file /home/airflow/.local/lib/python3.12/site-packages/airflow/example_dags/example_branch_operator.py for tasks to queue
[2024-08-05T00:21:48.516+0000] {logging_mixin.py:188} INFO - [2024-08-05T00:21:48.516+0000] {dagbag.py:545} INFO - Filling up the DagBag from /home/airflow/.local/lib/python3.12/site-packages/airflow/example_dags/example_branch_operator.py
[2024-08-05T00:21:48.532+0000] {processor.py:840} INFO - DAG(s) 'example_branch_operator' retrieved from /home/airflow/.local/lib/python3.12/site-packages/airflow/example_dags/example_branch_operator.py
[2024-08-05T00:21:48.563+0000] {logging_mixin.py:188} INFO - [2024-08-05T00:21:48.563+0000] {dag.py:3089} INFO - Sync 1 DAGs
[2024-08-05T00:21:48.742+0000] {logging_mixin.py:188} INFO - [2024-08-05T00:21:48.741+0000] {dag.py:3947} INFO - Setting next_dagrun for example_branch_operator to 2024-08-04 00:00:00+00:00, run_after=2024-08-05 00:00:00+00:00
[2024-08-05T00:21:48.759+0000] {processor.py:183} INFO - Processing /home/airflow/.local/lib/python3.12/site-packages/airflow/example_dags/example_branch_operator.py took 0.250 seconds
[2024-08-05T00:22:18.870+0000] {processor.py:161} INFO - Started process (PID=27564) to work on /home/airflow/.local/lib/python3.12/site-packages/airflow/example_dags/example_branch_operator.py
[2024-08-05T00:22:18.871+0000] {processor.py:830} INFO - Processing file /home/airflow/.local/lib/python3.12/site-packages/airflow/example_dags/example_branch_operator.py for tasks to queue
[2024-08-05T00:22:18.873+0000] {logging_mixin.py:188} INFO - [2024-08-05T00:22:18.872+0000] {dagbag.py:545} INFO - Filling up the DagBag from /home/airflow/.local/lib/python3.12/site-packages/airflow/example_dags/example_branch_operator.py
[2024-08-05T00:22:18.886+0000] {processor.py:840} INFO - DAG(s) 'example_branch_operator' retrieved from /home/airflow/.local/lib/python3.12/site-packages/airflow/example_dags/example_branch_operator.py
[2024-08-05T00:22:18.915+0000] {logging_mixin.py:188} INFO - [2024-08-05T00:22:18.915+0000] {dag.py:3089} INFO - Sync 1 DAGs
[2024-08-05T00:22:18.938+0000] {logging_mixin.py:188} INFO - [2024-08-05T00:22:18.938+0000] {dag.py:3947} INFO - Setting next_dagrun for example_branch_operator to 2024-08-04 00:00:00+00:00, run_after=2024-08-05 00:00:00+00:00
[2024-08-05T00:22:19.093+0000] {processor.py:183} INFO - Processing /home/airflow/.local/lib/python3.12/site-packages/airflow/example_dags/example_branch_operator.py took 0.228 seconds
[2024-08-05T00:22:49.317+0000] {processor.py:161} INFO - Started process (PID=27836) to work on /home/airflow/.local/lib/python3.12/site-packages/airflow/example_dags/example_branch_operator.py
[2024-08-05T00:22:49.318+0000] {processor.py:830} INFO - Processing file /home/airflow/.local/lib/python3.12/site-packages/airflow/example_dags/example_branch_operator.py for tasks to queue
[2024-08-05T00:22:49.320+0000] {logging_mixin.py:188} INFO - [2024-08-05T00:22:49.320+0000] {dagbag.py:545} INFO - Filling up the DagBag from /home/airflow/.local/lib/python3.12/site-packages/airflow/example_dags/example_branch_operator.py
[2024-08-05T00:22:49.335+0000] {processor.py:840} INFO - DAG(s) 'example_branch_operator' retrieved from /home/airflow/.local/lib/python3.12/site-packages/airflow/example_dags/example_branch_operator.py
[2024-08-05T00:22:49.363+0000] {logging_mixin.py:188} INFO - [2024-08-05T00:22:49.363+0000] {dag.py:3089} INFO - Sync 1 DAGs
[2024-08-05T00:22:49.385+0000] {logging_mixin.py:188} INFO - [2024-08-05T00:22:49.384+0000] {dag.py:3947} INFO - Setting next_dagrun for example_branch_operator to 2024-08-04 00:00:00+00:00, run_after=2024-08-05 00:00:00+00:00
[2024-08-05T00:22:49.402+0000] {processor.py:183} INFO - Processing /home/airflow/.local/lib/python3.12/site-packages/airflow/example_dags/example_branch_operator.py took 0.090 seconds
[2024-08-05T00:23:19.913+0000] {processor.py:161} INFO - Started process (PID=28108) to work on /home/airflow/.local/lib/python3.12/site-packages/airflow/example_dags/example_branch_operator.py
[2024-08-05T00:23:19.914+0000] {processor.py:830} INFO - Processing file /home/airflow/.local/lib/python3.12/site-packages/airflow/example_dags/example_branch_operator.py for tasks to queue
[2024-08-05T00:23:19.916+0000] {logging_mixin.py:188} INFO - [2024-08-05T00:23:19.916+0000] {dagbag.py:545} INFO - Filling up the DagBag from /home/airflow/.local/lib/python3.12/site-packages/airflow/example_dags/example_branch_operator.py
[2024-08-05T00:23:19.932+0000] {processor.py:840} INFO - DAG(s) 'example_branch_operator' retrieved from /home/airflow/.local/lib/python3.12/site-packages/airflow/example_dags/example_branch_operator.py
[2024-08-05T00:23:19.961+0000] {logging_mixin.py:188} INFO - [2024-08-05T00:23:19.961+0000] {dag.py:3089} INFO - Sync 1 DAGs
[2024-08-05T00:23:19.984+0000] {logging_mixin.py:188} INFO - [2024-08-05T00:23:19.983+0000] {dag.py:3947} INFO - Setting next_dagrun for example_branch_operator to 2024-08-04 00:00:00+00:00, run_after=2024-08-05 00:00:00+00:00
[2024-08-05T00:23:20.002+0000] {processor.py:183} INFO - Processing /home/airflow/.local/lib/python3.12/site-packages/airflow/example_dags/example_branch_operator.py took 0.094 seconds
[2024-08-05T00:23:50.376+0000] {processor.py:161} INFO - Started process (PID=28380) to work on /home/airflow/.local/lib/python3.12/site-packages/airflow/example_dags/example_branch_operator.py
[2024-08-05T00:23:50.377+0000] {processor.py:830} INFO - Processing file /home/airflow/.local/lib/python3.12/site-packages/airflow/example_dags/example_branch_operator.py for tasks to queue
[2024-08-05T00:23:50.378+0000] {logging_mixin.py:188} INFO - [2024-08-05T00:23:50.378+0000] {dagbag.py:545} INFO - Filling up the DagBag from /home/airflow/.local/lib/python3.12/site-packages/airflow/example_dags/example_branch_operator.py
[2024-08-05T00:23:50.394+0000] {processor.py:840} INFO - DAG(s) 'example_branch_operator' retrieved from /home/airflow/.local/lib/python3.12/site-packages/airflow/example_dags/example_branch_operator.py
[2024-08-05T00:23:50.423+0000] {logging_mixin.py:188} INFO - [2024-08-05T00:23:50.423+0000] {dag.py:3089} INFO - Sync 1 DAGs
[2024-08-05T00:23:50.444+0000] {logging_mixin.py:188} INFO - [2024-08-05T00:23:50.444+0000] {dag.py:3947} INFO - Setting next_dagrun for example_branch_operator to 2024-08-04 00:00:00+00:00, run_after=2024-08-05 00:00:00+00:00
[2024-08-05T00:23:50.462+0000] {processor.py:183} INFO - Processing /home/airflow/.local/lib/python3.12/site-packages/airflow/example_dags/example_branch_operator.py took 0.090 seconds
[2024-08-05T00:24:21.049+0000] {processor.py:161} INFO - Started process (PID=28652) to work on /home/airflow/.local/lib/python3.12/site-packages/airflow/example_dags/example_branch_operator.py
[2024-08-05T00:24:21.050+0000] {processor.py:830} INFO - Processing file /home/airflow/.local/lib/python3.12/site-packages/airflow/example_dags/example_branch_operator.py for tasks to queue
[2024-08-05T00:24:21.051+0000] {logging_mixin.py:188} INFO - [2024-08-05T00:24:21.051+0000] {dagbag.py:545} INFO - Filling up the DagBag from /home/airflow/.local/lib/python3.12/site-packages/airflow/example_dags/example_branch_operator.py
[2024-08-05T00:24:21.063+0000] {processor.py:840} INFO - DAG(s) 'example_branch_operator' retrieved from /home/airflow/.local/lib/python3.12/site-packages/airflow/example_dags/example_branch_operator.py
[2024-08-05T00:24:21.087+0000] {logging_mixin.py:188} INFO - [2024-08-05T00:24:21.086+0000] {dag.py:3089} INFO - Sync 1 DAGs
[2024-08-05T00:24:21.105+0000] {logging_mixin.py:188} INFO - [2024-08-05T00:24:21.105+0000] {dag.py:3947} INFO - Setting next_dagrun for example_branch_operator to 2024-08-04 00:00:00+00:00, run_after=2024-08-05 00:00:00+00:00
[2024-08-05T00:24:21.120+0000] {processor.py:183} INFO - Processing /home/airflow/.local/lib/python3.12/site-packages/airflow/example_dags/example_branch_operator.py took 0.075 seconds
[2024-08-05T00:24:51.649+0000] {processor.py:161} INFO - Started process (PID=28924) to work on /home/airflow/.local/lib/python3.12/site-packages/airflow/example_dags/example_branch_operator.py
[2024-08-05T00:24:51.650+0000] {processor.py:830} INFO - Processing file /home/airflow/.local/lib/python3.12/site-packages/airflow/example_dags/example_branch_operator.py for tasks to queue
[2024-08-05T00:24:51.651+0000] {logging_mixin.py:188} INFO - [2024-08-05T00:24:51.651+0000] {dagbag.py:545} INFO - Filling up the DagBag from /home/airflow/.local/lib/python3.12/site-packages/airflow/example_dags/example_branch_operator.py
[2024-08-05T00:24:51.663+0000] {processor.py:840} INFO - DAG(s) 'example_branch_operator' retrieved from /home/airflow/.local/lib/python3.12/site-packages/airflow/example_dags/example_branch_operator.py
[2024-08-05T00:24:51.687+0000] {logging_mixin.py:188} INFO - [2024-08-05T00:24:51.687+0000] {dag.py:3089} INFO - Sync 1 DAGs
[2024-08-05T00:24:51.704+0000] {logging_mixin.py:188} INFO - [2024-08-05T00:24:51.704+0000] {dag.py:3947} INFO - Setting next_dagrun for example_branch_operator to 2024-08-04 00:00:00+00:00, run_after=2024-08-05 00:00:00+00:00
[2024-08-05T00:24:51.718+0000] {processor.py:183} INFO - Processing /home/airflow/.local/lib/python3.12/site-packages/airflow/example_dags/example_branch_operator.py took 0.073 seconds
