[2024-08-05T00:00:00.024+0000] {processor.py:161} INFO - Started process (PID=15547) to work on /home/airflow/.local/lib/python3.12/site-packages/airflow/example_dags/example_branch_python_dop_operator_3.py
[2024-08-05T00:00:00.025+0000] {processor.py:830} INFO - Processing file /home/airflow/.local/lib/python3.12/site-packages/airflow/example_dags/example_branch_python_dop_operator_3.py for tasks to queue
[2024-08-05T00:00:00.027+0000] {logging_mixin.py:188} INFO - [2024-08-05T00:00:00.026+0000] {dagbag.py:545} INFO - Filling up the DagBag from /home/airflow/.local/lib/python3.12/site-packages/airflow/example_dags/example_branch_python_dop_operator_3.py
[2024-08-05T00:00:00.034+0000] {processor.py:840} INFO - DAG(s) 'example_branch_dop_operator_v3' retrieved from /home/airflow/.local/lib/python3.12/site-packages/airflow/example_dags/example_branch_python_dop_operator_3.py
[2024-08-05T00:00:00.052+0000] {logging_mixin.py:188} INFO - [2024-08-05T00:00:00.051+0000] {dag.py:3089} INFO - Sync 1 DAGs
[2024-08-05T00:00:00.074+0000] {logging_mixin.py:188} INFO - [2024-08-05T00:00:00.074+0000] {dag.py:3947} INFO - Setting next_dagrun for example_branch_dop_operator_v3 to 2024-08-04 23:59:00+00:00, run_after=2024-08-05 00:00:00+00:00
[2024-08-05T00:00:00.090+0000] {processor.py:183} INFO - Processing /home/airflow/.local/lib/python3.12/site-packages/airflow/example_dags/example_branch_python_dop_operator_3.py took 0.071 seconds
[2024-08-05T00:00:30.845+0000] {processor.py:161} INFO - Started process (PID=15828) to work on /home/airflow/.local/lib/python3.12/site-packages/airflow/example_dags/example_branch_python_dop_operator_3.py
[2024-08-05T00:00:30.846+0000] {processor.py:830} INFO - Processing file /home/airflow/.local/lib/python3.12/site-packages/airflow/example_dags/example_branch_python_dop_operator_3.py for tasks to queue
[2024-08-05T00:00:30.848+0000] {logging_mixin.py:188} INFO - [2024-08-05T00:00:30.847+0000] {dagbag.py:545} INFO - Filling up the DagBag from /home/airflow/.local/lib/python3.12/site-packages/airflow/example_dags/example_branch_python_dop_operator_3.py
[2024-08-05T00:00:30.855+0000] {processor.py:840} INFO - DAG(s) 'example_branch_dop_operator_v3' retrieved from /home/airflow/.local/lib/python3.12/site-packages/airflow/example_dags/example_branch_python_dop_operator_3.py
[2024-08-05T00:00:30.872+0000] {logging_mixin.py:188} INFO - [2024-08-05T00:00:30.872+0000] {dag.py:3089} INFO - Sync 1 DAGs
[2024-08-05T00:00:30.893+0000] {logging_mixin.py:188} INFO - [2024-08-05T00:00:30.893+0000] {dag.py:3947} INFO - Setting next_dagrun for example_branch_dop_operator_v3 to 2024-08-04 23:59:00+00:00, run_after=2024-08-05 00:00:00+00:00
[2024-08-05T00:00:30.908+0000] {processor.py:183} INFO - Processing /home/airflow/.local/lib/python3.12/site-packages/airflow/example_dags/example_branch_python_dop_operator_3.py took 0.067 seconds
[2024-08-05T00:01:01.569+0000] {processor.py:161} INFO - Started process (PID=16100) to work on /home/airflow/.local/lib/python3.12/site-packages/airflow/example_dags/example_branch_python_dop_operator_3.py
[2024-08-05T00:01:01.570+0000] {processor.py:830} INFO - Processing file /home/airflow/.local/lib/python3.12/site-packages/airflow/example_dags/example_branch_python_dop_operator_3.py for tasks to queue
[2024-08-05T00:01:01.572+0000] {logging_mixin.py:188} INFO - [2024-08-05T00:01:01.572+0000] {dagbag.py:545} INFO - Filling up the DagBag from /home/airflow/.local/lib/python3.12/site-packages/airflow/example_dags/example_branch_python_dop_operator_3.py
[2024-08-05T00:01:01.579+0000] {processor.py:840} INFO - DAG(s) 'example_branch_dop_operator_v3' retrieved from /home/airflow/.local/lib/python3.12/site-packages/airflow/example_dags/example_branch_python_dop_operator_3.py
[2024-08-05T00:01:01.596+0000] {logging_mixin.py:188} INFO - [2024-08-05T00:01:01.596+0000] {dag.py:3089} INFO - Sync 1 DAGs
[2024-08-05T00:01:01.619+0000] {logging_mixin.py:188} INFO - [2024-08-05T00:01:01.619+0000] {dag.py:3947} INFO - Setting next_dagrun for example_branch_dop_operator_v3 to 2024-08-05 00:00:00+00:00, run_after=2024-08-05 00:01:00+00:00
[2024-08-05T00:01:01.635+0000] {processor.py:183} INFO - Processing /home/airflow/.local/lib/python3.12/site-packages/airflow/example_dags/example_branch_python_dop_operator_3.py took 0.070 seconds
[2024-08-05T00:01:31.849+0000] {processor.py:161} INFO - Started process (PID=16372) to work on /home/airflow/.local/lib/python3.12/site-packages/airflow/example_dags/example_branch_python_dop_operator_3.py
[2024-08-05T00:01:31.850+0000] {processor.py:830} INFO - Processing file /home/airflow/.local/lib/python3.12/site-packages/airflow/example_dags/example_branch_python_dop_operator_3.py for tasks to queue
[2024-08-05T00:01:31.852+0000] {logging_mixin.py:188} INFO - [2024-08-05T00:01:31.852+0000] {dagbag.py:545} INFO - Filling up the DagBag from /home/airflow/.local/lib/python3.12/site-packages/airflow/example_dags/example_branch_python_dop_operator_3.py
[2024-08-05T00:01:31.860+0000] {processor.py:840} INFO - DAG(s) 'example_branch_dop_operator_v3' retrieved from /home/airflow/.local/lib/python3.12/site-packages/airflow/example_dags/example_branch_python_dop_operator_3.py
[2024-08-05T00:01:31.876+0000] {logging_mixin.py:188} INFO - [2024-08-05T00:01:31.876+0000] {dag.py:3089} INFO - Sync 1 DAGs
[2024-08-05T00:01:31.897+0000] {logging_mixin.py:188} INFO - [2024-08-05T00:01:31.897+0000] {dag.py:3947} INFO - Setting next_dagrun for example_branch_dop_operator_v3 to 2024-08-05 00:00:00+00:00, run_after=2024-08-05 00:01:00+00:00
[2024-08-05T00:01:31.912+0000] {processor.py:183} INFO - Processing /home/airflow/.local/lib/python3.12/site-packages/airflow/example_dags/example_branch_python_dop_operator_3.py took 0.068 seconds
[2024-08-05T00:02:02.012+0000] {processor.py:161} INFO - Started process (PID=16644) to work on /home/airflow/.local/lib/python3.12/site-packages/airflow/example_dags/example_branch_python_dop_operator_3.py
[2024-08-05T00:02:02.013+0000] {processor.py:830} INFO - Processing file /home/airflow/.local/lib/python3.12/site-packages/airflow/example_dags/example_branch_python_dop_operator_3.py for tasks to queue
[2024-08-05T00:02:02.015+0000] {logging_mixin.py:188} INFO - [2024-08-05T00:02:02.014+0000] {dagbag.py:545} INFO - Filling up the DagBag from /home/airflow/.local/lib/python3.12/site-packages/airflow/example_dags/example_branch_python_dop_operator_3.py
[2024-08-05T00:02:02.022+0000] {processor.py:840} INFO - DAG(s) 'example_branch_dop_operator_v3' retrieved from /home/airflow/.local/lib/python3.12/site-packages/airflow/example_dags/example_branch_python_dop_operator_3.py
[2024-08-05T00:02:02.039+0000] {logging_mixin.py:188} INFO - [2024-08-05T00:02:02.039+0000] {dag.py:3089} INFO - Sync 1 DAGs
[2024-08-05T00:02:02.060+0000] {logging_mixin.py:188} INFO - [2024-08-05T00:02:02.060+0000] {dag.py:3947} INFO - Setting next_dagrun for example_branch_dop_operator_v3 to 2024-08-05 00:01:00+00:00, run_after=2024-08-05 00:02:00+00:00
[2024-08-05T00:02:02.076+0000] {processor.py:183} INFO - Processing /home/airflow/.local/lib/python3.12/site-packages/airflow/example_dags/example_branch_python_dop_operator_3.py took 0.068 seconds
[2024-08-05T00:02:32.131+0000] {processor.py:161} INFO - Started process (PID=16916) to work on /home/airflow/.local/lib/python3.12/site-packages/airflow/example_dags/example_branch_python_dop_operator_3.py
[2024-08-05T00:02:32.132+0000] {processor.py:830} INFO - Processing file /home/airflow/.local/lib/python3.12/site-packages/airflow/example_dags/example_branch_python_dop_operator_3.py for tasks to queue
[2024-08-05T00:02:32.134+0000] {logging_mixin.py:188} INFO - [2024-08-05T00:02:32.133+0000] {dagbag.py:545} INFO - Filling up the DagBag from /home/airflow/.local/lib/python3.12/site-packages/airflow/example_dags/example_branch_python_dop_operator_3.py
[2024-08-05T00:02:32.141+0000] {processor.py:840} INFO - DAG(s) 'example_branch_dop_operator_v3' retrieved from /home/airflow/.local/lib/python3.12/site-packages/airflow/example_dags/example_branch_python_dop_operator_3.py
[2024-08-05T00:02:32.159+0000] {logging_mixin.py:188} INFO - [2024-08-05T00:02:32.158+0000] {dag.py:3089} INFO - Sync 1 DAGs
[2024-08-05T00:02:32.180+0000] {logging_mixin.py:188} INFO - [2024-08-05T00:02:32.180+0000] {dag.py:3947} INFO - Setting next_dagrun for example_branch_dop_operator_v3 to 2024-08-05 00:01:00+00:00, run_after=2024-08-05 00:02:00+00:00
[2024-08-05T00:02:32.197+0000] {processor.py:183} INFO - Processing /home/airflow/.local/lib/python3.12/site-packages/airflow/example_dags/example_branch_python_dop_operator_3.py took 0.071 seconds
[2024-08-05T00:03:02.418+0000] {processor.py:161} INFO - Started process (PID=17188) to work on /home/airflow/.local/lib/python3.12/site-packages/airflow/example_dags/example_branch_python_dop_operator_3.py
[2024-08-05T00:03:02.419+0000] {processor.py:830} INFO - Processing file /home/airflow/.local/lib/python3.12/site-packages/airflow/example_dags/example_branch_python_dop_operator_3.py for tasks to queue
[2024-08-05T00:03:02.421+0000] {logging_mixin.py:188} INFO - [2024-08-05T00:03:02.420+0000] {dagbag.py:545} INFO - Filling up the DagBag from /home/airflow/.local/lib/python3.12/site-packages/airflow/example_dags/example_branch_python_dop_operator_3.py
[2024-08-05T00:03:02.427+0000] {processor.py:840} INFO - DAG(s) 'example_branch_dop_operator_v3' retrieved from /home/airflow/.local/lib/python3.12/site-packages/airflow/example_dags/example_branch_python_dop_operator_3.py
[2024-08-05T00:03:02.444+0000] {logging_mixin.py:188} INFO - [2024-08-05T00:03:02.444+0000] {dag.py:3089} INFO - Sync 1 DAGs
[2024-08-05T00:03:02.466+0000] {logging_mixin.py:188} INFO - [2024-08-05T00:03:02.466+0000] {dag.py:3947} INFO - Setting next_dagrun for example_branch_dop_operator_v3 to 2024-08-05 00:02:00+00:00, run_after=2024-08-05 00:03:00+00:00
[2024-08-05T00:03:02.482+0000] {processor.py:183} INFO - Processing /home/airflow/.local/lib/python3.12/site-packages/airflow/example_dags/example_branch_python_dop_operator_3.py took 0.070 seconds
[2024-08-05T00:03:32.817+0000] {processor.py:161} INFO - Started process (PID=17460) to work on /home/airflow/.local/lib/python3.12/site-packages/airflow/example_dags/example_branch_python_dop_operator_3.py
[2024-08-05T00:03:32.818+0000] {processor.py:830} INFO - Processing file /home/airflow/.local/lib/python3.12/site-packages/airflow/example_dags/example_branch_python_dop_operator_3.py for tasks to queue
[2024-08-05T00:03:32.819+0000] {logging_mixin.py:188} INFO - [2024-08-05T00:03:32.819+0000] {dagbag.py:545} INFO - Filling up the DagBag from /home/airflow/.local/lib/python3.12/site-packages/airflow/example_dags/example_branch_python_dop_operator_3.py
[2024-08-05T00:03:32.826+0000] {processor.py:840} INFO - DAG(s) 'example_branch_dop_operator_v3' retrieved from /home/airflow/.local/lib/python3.12/site-packages/airflow/example_dags/example_branch_python_dop_operator_3.py
[2024-08-05T00:03:32.843+0000] {logging_mixin.py:188} INFO - [2024-08-05T00:03:32.843+0000] {dag.py:3089} INFO - Sync 1 DAGs
[2024-08-05T00:03:32.864+0000] {logging_mixin.py:188} INFO - [2024-08-05T00:03:32.864+0000] {dag.py:3947} INFO - Setting next_dagrun for example_branch_dop_operator_v3 to 2024-08-05 00:02:00+00:00, run_after=2024-08-05 00:03:00+00:00
[2024-08-05T00:03:32.880+0000] {processor.py:183} INFO - Processing /home/airflow/.local/lib/python3.12/site-packages/airflow/example_dags/example_branch_python_dop_operator_3.py took 0.068 seconds
[2024-08-05T00:04:03.013+0000] {processor.py:161} INFO - Started process (PID=17732) to work on /home/airflow/.local/lib/python3.12/site-packages/airflow/example_dags/example_branch_python_dop_operator_3.py
[2024-08-05T00:04:03.014+0000] {processor.py:830} INFO - Processing file /home/airflow/.local/lib/python3.12/site-packages/airflow/example_dags/example_branch_python_dop_operator_3.py for tasks to queue
[2024-08-05T00:04:03.016+0000] {logging_mixin.py:188} INFO - [2024-08-05T00:04:03.016+0000] {dagbag.py:545} INFO - Filling up the DagBag from /home/airflow/.local/lib/python3.12/site-packages/airflow/example_dags/example_branch_python_dop_operator_3.py
[2024-08-05T00:04:03.024+0000] {processor.py:840} INFO - DAG(s) 'example_branch_dop_operator_v3' retrieved from /home/airflow/.local/lib/python3.12/site-packages/airflow/example_dags/example_branch_python_dop_operator_3.py
[2024-08-05T00:04:03.042+0000] {logging_mixin.py:188} INFO - [2024-08-05T00:04:03.042+0000] {dag.py:3089} INFO - Sync 1 DAGs
[2024-08-05T00:04:03.064+0000] {logging_mixin.py:188} INFO - [2024-08-05T00:04:03.064+0000] {dag.py:3947} INFO - Setting next_dagrun for example_branch_dop_operator_v3 to 2024-08-05 00:03:00+00:00, run_after=2024-08-05 00:04:00+00:00
[2024-08-05T00:04:03.078+0000] {processor.py:183} INFO - Processing /home/airflow/.local/lib/python3.12/site-packages/airflow/example_dags/example_branch_python_dop_operator_3.py took 0.070 seconds
[2024-08-05T00:04:33.277+0000] {processor.py:161} INFO - Started process (PID=18004) to work on /home/airflow/.local/lib/python3.12/site-packages/airflow/example_dags/example_branch_python_dop_operator_3.py
[2024-08-05T00:04:33.278+0000] {processor.py:830} INFO - Processing file /home/airflow/.local/lib/python3.12/site-packages/airflow/example_dags/example_branch_python_dop_operator_3.py for tasks to queue
[2024-08-05T00:04:33.280+0000] {logging_mixin.py:188} INFO - [2024-08-05T00:04:33.279+0000] {dagbag.py:545} INFO - Filling up the DagBag from /home/airflow/.local/lib/python3.12/site-packages/airflow/example_dags/example_branch_python_dop_operator_3.py
[2024-08-05T00:04:33.288+0000] {processor.py:840} INFO - DAG(s) 'example_branch_dop_operator_v3' retrieved from /home/airflow/.local/lib/python3.12/site-packages/airflow/example_dags/example_branch_python_dop_operator_3.py
[2024-08-05T00:04:33.308+0000] {logging_mixin.py:188} INFO - [2024-08-05T00:04:33.308+0000] {dag.py:3089} INFO - Sync 1 DAGs
[2024-08-05T00:04:33.331+0000] {logging_mixin.py:188} INFO - [2024-08-05T00:04:33.331+0000] {dag.py:3947} INFO - Setting next_dagrun for example_branch_dop_operator_v3 to 2024-08-05 00:03:00+00:00, run_after=2024-08-05 00:04:00+00:00
[2024-08-05T00:04:33.349+0000] {processor.py:183} INFO - Processing /home/airflow/.local/lib/python3.12/site-packages/airflow/example_dags/example_branch_python_dop_operator_3.py took 0.077 seconds
[2024-08-05T00:05:03.563+0000] {processor.py:161} INFO - Started process (PID=18276) to work on /home/airflow/.local/lib/python3.12/site-packages/airflow/example_dags/example_branch_python_dop_operator_3.py
[2024-08-05T00:05:03.564+0000] {processor.py:830} INFO - Processing file /home/airflow/.local/lib/python3.12/site-packages/airflow/example_dags/example_branch_python_dop_operator_3.py for tasks to queue
[2024-08-05T00:05:03.566+0000] {logging_mixin.py:188} INFO - [2024-08-05T00:05:03.566+0000] {dagbag.py:545} INFO - Filling up the DagBag from /home/airflow/.local/lib/python3.12/site-packages/airflow/example_dags/example_branch_python_dop_operator_3.py
[2024-08-05T00:05:03.575+0000] {processor.py:840} INFO - DAG(s) 'example_branch_dop_operator_v3' retrieved from /home/airflow/.local/lib/python3.12/site-packages/airflow/example_dags/example_branch_python_dop_operator_3.py
[2024-08-05T00:05:03.596+0000] {logging_mixin.py:188} INFO - [2024-08-05T00:05:03.596+0000] {dag.py:3089} INFO - Sync 1 DAGs
[2024-08-05T00:05:03.621+0000] {logging_mixin.py:188} INFO - [2024-08-05T00:05:03.621+0000] {dag.py:3947} INFO - Setting next_dagrun for example_branch_dop_operator_v3 to 2024-08-05 00:04:00+00:00, run_after=2024-08-05 00:05:00+00:00
[2024-08-05T00:05:03.641+0000] {processor.py:183} INFO - Processing /home/airflow/.local/lib/python3.12/site-packages/airflow/example_dags/example_branch_python_dop_operator_3.py took 0.084 seconds
[2024-08-05T00:05:34.447+0000] {processor.py:161} INFO - Started process (PID=18542) to work on /home/airflow/.local/lib/python3.12/site-packages/airflow/example_dags/example_branch_python_dop_operator_3.py
[2024-08-05T00:05:34.449+0000] {processor.py:830} INFO - Processing file /home/airflow/.local/lib/python3.12/site-packages/airflow/example_dags/example_branch_python_dop_operator_3.py for tasks to queue
[2024-08-05T00:05:34.450+0000] {logging_mixin.py:188} INFO - [2024-08-05T00:05:34.450+0000] {dagbag.py:545} INFO - Filling up the DagBag from /home/airflow/.local/lib/python3.12/site-packages/airflow/example_dags/example_branch_python_dop_operator_3.py
[2024-08-05T00:05:34.457+0000] {processor.py:840} INFO - DAG(s) 'example_branch_dop_operator_v3' retrieved from /home/airflow/.local/lib/python3.12/site-packages/airflow/example_dags/example_branch_python_dop_operator_3.py
[2024-08-05T00:05:34.475+0000] {logging_mixin.py:188} INFO - [2024-08-05T00:05:34.475+0000] {dag.py:3089} INFO - Sync 1 DAGs
[2024-08-05T00:05:34.498+0000] {logging_mixin.py:188} INFO - [2024-08-05T00:05:34.498+0000] {dag.py:3947} INFO - Setting next_dagrun for example_branch_dop_operator_v3 to 2024-08-05 00:04:00+00:00, run_after=2024-08-05 00:05:00+00:00
[2024-08-05T00:05:34.513+0000] {processor.py:183} INFO - Processing /home/airflow/.local/lib/python3.12/site-packages/airflow/example_dags/example_branch_python_dop_operator_3.py took 0.072 seconds
[2024-08-05T00:06:04.733+0000] {processor.py:161} INFO - Started process (PID=18814) to work on /home/airflow/.local/lib/python3.12/site-packages/airflow/example_dags/example_branch_python_dop_operator_3.py
[2024-08-05T00:06:04.735+0000] {processor.py:830} INFO - Processing file /home/airflow/.local/lib/python3.12/site-packages/airflow/example_dags/example_branch_python_dop_operator_3.py for tasks to queue
[2024-08-05T00:06:04.736+0000] {logging_mixin.py:188} INFO - [2024-08-05T00:06:04.736+0000] {dagbag.py:545} INFO - Filling up the DagBag from /home/airflow/.local/lib/python3.12/site-packages/airflow/example_dags/example_branch_python_dop_operator_3.py
[2024-08-05T00:06:04.743+0000] {processor.py:840} INFO - DAG(s) 'example_branch_dop_operator_v3' retrieved from /home/airflow/.local/lib/python3.12/site-packages/airflow/example_dags/example_branch_python_dop_operator_3.py
[2024-08-05T00:06:04.761+0000] {logging_mixin.py:188} INFO - [2024-08-05T00:06:04.761+0000] {dag.py:3089} INFO - Sync 1 DAGs
[2024-08-05T00:06:04.786+0000] {logging_mixin.py:188} INFO - [2024-08-05T00:06:04.786+0000] {dag.py:3947} INFO - Setting next_dagrun for example_branch_dop_operator_v3 to 2024-08-05 00:05:00+00:00, run_after=2024-08-05 00:06:00+00:00
[2024-08-05T00:06:04.802+0000] {processor.py:183} INFO - Processing /home/airflow/.local/lib/python3.12/site-packages/airflow/example_dags/example_branch_python_dop_operator_3.py took 0.076 seconds
[2024-08-05T00:06:34.983+0000] {processor.py:161} INFO - Started process (PID=19086) to work on /home/airflow/.local/lib/python3.12/site-packages/airflow/example_dags/example_branch_python_dop_operator_3.py
[2024-08-05T00:06:34.984+0000] {processor.py:830} INFO - Processing file /home/airflow/.local/lib/python3.12/site-packages/airflow/example_dags/example_branch_python_dop_operator_3.py for tasks to queue
[2024-08-05T00:06:34.986+0000] {logging_mixin.py:188} INFO - [2024-08-05T00:06:34.986+0000] {dagbag.py:545} INFO - Filling up the DagBag from /home/airflow/.local/lib/python3.12/site-packages/airflow/example_dags/example_branch_python_dop_operator_3.py
[2024-08-05T00:06:34.993+0000] {processor.py:840} INFO - DAG(s) 'example_branch_dop_operator_v3' retrieved from /home/airflow/.local/lib/python3.12/site-packages/airflow/example_dags/example_branch_python_dop_operator_3.py
[2024-08-05T00:06:35.010+0000] {logging_mixin.py:188} INFO - [2024-08-05T00:06:35.010+0000] {dag.py:3089} INFO - Sync 1 DAGs
[2024-08-05T00:06:35.035+0000] {logging_mixin.py:188} INFO - [2024-08-05T00:06:35.034+0000] {dag.py:3947} INFO - Setting next_dagrun for example_branch_dop_operator_v3 to 2024-08-05 00:05:00+00:00, run_after=2024-08-05 00:06:00+00:00
[2024-08-05T00:06:35.052+0000] {processor.py:183} INFO - Processing /home/airflow/.local/lib/python3.12/site-packages/airflow/example_dags/example_branch_python_dop_operator_3.py took 0.075 seconds
[2024-08-05T00:07:05.977+0000] {processor.py:161} INFO - Started process (PID=19358) to work on /home/airflow/.local/lib/python3.12/site-packages/airflow/example_dags/example_branch_python_dop_operator_3.py
[2024-08-05T00:07:05.978+0000] {processor.py:830} INFO - Processing file /home/airflow/.local/lib/python3.12/site-packages/airflow/example_dags/example_branch_python_dop_operator_3.py for tasks to queue
[2024-08-05T00:07:05.979+0000] {logging_mixin.py:188} INFO - [2024-08-05T00:07:05.979+0000] {dagbag.py:545} INFO - Filling up the DagBag from /home/airflow/.local/lib/python3.12/site-packages/airflow/example_dags/example_branch_python_dop_operator_3.py
[2024-08-05T00:07:05.985+0000] {processor.py:840} INFO - DAG(s) 'example_branch_dop_operator_v3' retrieved from /home/airflow/.local/lib/python3.12/site-packages/airflow/example_dags/example_branch_python_dop_operator_3.py
[2024-08-05T00:07:06.005+0000] {logging_mixin.py:188} INFO - [2024-08-05T00:07:06.005+0000] {dag.py:3089} INFO - Sync 1 DAGs
[2024-08-05T00:07:06.028+0000] {logging_mixin.py:188} INFO - [2024-08-05T00:07:06.028+0000] {dag.py:3947} INFO - Setting next_dagrun for example_branch_dop_operator_v3 to 2024-08-05 00:06:00+00:00, run_after=2024-08-05 00:07:00+00:00
[2024-08-05T00:07:06.041+0000] {processor.py:183} INFO - Processing /home/airflow/.local/lib/python3.12/site-packages/airflow/example_dags/example_branch_python_dop_operator_3.py took 0.069 seconds
[2024-08-05T00:07:36.311+0000] {processor.py:161} INFO - Started process (PID=19630) to work on /home/airflow/.local/lib/python3.12/site-packages/airflow/example_dags/example_branch_python_dop_operator_3.py
[2024-08-05T00:07:36.312+0000] {processor.py:830} INFO - Processing file /home/airflow/.local/lib/python3.12/site-packages/airflow/example_dags/example_branch_python_dop_operator_3.py for tasks to queue
[2024-08-05T00:07:36.314+0000] {logging_mixin.py:188} INFO - [2024-08-05T00:07:36.313+0000] {dagbag.py:545} INFO - Filling up the DagBag from /home/airflow/.local/lib/python3.12/site-packages/airflow/example_dags/example_branch_python_dop_operator_3.py
[2024-08-05T00:07:36.320+0000] {processor.py:840} INFO - DAG(s) 'example_branch_dop_operator_v3' retrieved from /home/airflow/.local/lib/python3.12/site-packages/airflow/example_dags/example_branch_python_dop_operator_3.py
[2024-08-05T00:07:36.338+0000] {logging_mixin.py:188} INFO - [2024-08-05T00:07:36.338+0000] {dag.py:3089} INFO - Sync 1 DAGs
[2024-08-05T00:07:36.362+0000] {logging_mixin.py:188} INFO - [2024-08-05T00:07:36.362+0000] {dag.py:3947} INFO - Setting next_dagrun for example_branch_dop_operator_v3 to 2024-08-05 00:06:00+00:00, run_after=2024-08-05 00:07:00+00:00
[2024-08-05T00:07:36.377+0000] {processor.py:183} INFO - Processing /home/airflow/.local/lib/python3.12/site-packages/airflow/example_dags/example_branch_python_dop_operator_3.py took 0.071 seconds
[2024-08-05T00:08:06.517+0000] {processor.py:161} INFO - Started process (PID=19902) to work on /home/airflow/.local/lib/python3.12/site-packages/airflow/example_dags/example_branch_python_dop_operator_3.py
[2024-08-05T00:08:06.518+0000] {processor.py:830} INFO - Processing file /home/airflow/.local/lib/python3.12/site-packages/airflow/example_dags/example_branch_python_dop_operator_3.py for tasks to queue
[2024-08-05T00:08:06.519+0000] {logging_mixin.py:188} INFO - [2024-08-05T00:08:06.519+0000] {dagbag.py:545} INFO - Filling up the DagBag from /home/airflow/.local/lib/python3.12/site-packages/airflow/example_dags/example_branch_python_dop_operator_3.py
[2024-08-05T00:08:06.527+0000] {processor.py:840} INFO - DAG(s) 'example_branch_dop_operator_v3' retrieved from /home/airflow/.local/lib/python3.12/site-packages/airflow/example_dags/example_branch_python_dop_operator_3.py
[2024-08-05T00:08:06.543+0000] {logging_mixin.py:188} INFO - [2024-08-05T00:08:06.543+0000] {dag.py:3089} INFO - Sync 1 DAGs
[2024-08-05T00:08:06.565+0000] {logging_mixin.py:188} INFO - [2024-08-05T00:08:06.564+0000] {dag.py:3947} INFO - Setting next_dagrun for example_branch_dop_operator_v3 to 2024-08-05 00:07:00+00:00, run_after=2024-08-05 00:08:00+00:00
[2024-08-05T00:08:06.580+0000] {processor.py:183} INFO - Processing /home/airflow/.local/lib/python3.12/site-packages/airflow/example_dags/example_branch_python_dop_operator_3.py took 0.069 seconds
[2024-08-05T00:08:36.967+0000] {processor.py:161} INFO - Started process (PID=20174) to work on /home/airflow/.local/lib/python3.12/site-packages/airflow/example_dags/example_branch_python_dop_operator_3.py
[2024-08-05T00:08:36.967+0000] {processor.py:830} INFO - Processing file /home/airflow/.local/lib/python3.12/site-packages/airflow/example_dags/example_branch_python_dop_operator_3.py for tasks to queue
[2024-08-05T00:08:36.969+0000] {logging_mixin.py:188} INFO - [2024-08-05T00:08:36.968+0000] {dagbag.py:545} INFO - Filling up the DagBag from /home/airflow/.local/lib/python3.12/site-packages/airflow/example_dags/example_branch_python_dop_operator_3.py
[2024-08-05T00:08:36.976+0000] {processor.py:840} INFO - DAG(s) 'example_branch_dop_operator_v3' retrieved from /home/airflow/.local/lib/python3.12/site-packages/airflow/example_dags/example_branch_python_dop_operator_3.py
[2024-08-05T00:08:36.992+0000] {logging_mixin.py:188} INFO - [2024-08-05T00:08:36.991+0000] {dag.py:3089} INFO - Sync 1 DAGs
[2024-08-05T00:08:37.011+0000] {logging_mixin.py:188} INFO - [2024-08-05T00:08:37.011+0000] {dag.py:3947} INFO - Setting next_dagrun for example_branch_dop_operator_v3 to 2024-08-05 00:07:00+00:00, run_after=2024-08-05 00:08:00+00:00
[2024-08-05T00:08:37.026+0000] {processor.py:183} INFO - Processing /home/airflow/.local/lib/python3.12/site-packages/airflow/example_dags/example_branch_python_dop_operator_3.py took 0.063 seconds
[2024-08-05T00:09:07.100+0000] {processor.py:161} INFO - Started process (PID=20446) to work on /home/airflow/.local/lib/python3.12/site-packages/airflow/example_dags/example_branch_python_dop_operator_3.py
[2024-08-05T00:09:07.101+0000] {processor.py:830} INFO - Processing file /home/airflow/.local/lib/python3.12/site-packages/airflow/example_dags/example_branch_python_dop_operator_3.py for tasks to queue
[2024-08-05T00:09:07.102+0000] {logging_mixin.py:188} INFO - [2024-08-05T00:09:07.102+0000] {dagbag.py:545} INFO - Filling up the DagBag from /home/airflow/.local/lib/python3.12/site-packages/airflow/example_dags/example_branch_python_dop_operator_3.py
[2024-08-05T00:09:07.109+0000] {processor.py:840} INFO - DAG(s) 'example_branch_dop_operator_v3' retrieved from /home/airflow/.local/lib/python3.12/site-packages/airflow/example_dags/example_branch_python_dop_operator_3.py
[2024-08-05T00:09:07.125+0000] {logging_mixin.py:188} INFO - [2024-08-05T00:09:07.125+0000] {dag.py:3089} INFO - Sync 1 DAGs
[2024-08-05T00:09:07.149+0000] {logging_mixin.py:188} INFO - [2024-08-05T00:09:07.149+0000] {dag.py:3947} INFO - Setting next_dagrun for example_branch_dop_operator_v3 to 2024-08-05 00:08:00+00:00, run_after=2024-08-05 00:09:00+00:00
[2024-08-05T00:09:07.165+0000] {processor.py:183} INFO - Processing /home/airflow/.local/lib/python3.12/site-packages/airflow/example_dags/example_branch_python_dop_operator_3.py took 0.070 seconds
[2024-08-05T00:09:37.832+0000] {processor.py:161} INFO - Started process (PID=20718) to work on /home/airflow/.local/lib/python3.12/site-packages/airflow/example_dags/example_branch_python_dop_operator_3.py
[2024-08-05T00:09:37.832+0000] {processor.py:830} INFO - Processing file /home/airflow/.local/lib/python3.12/site-packages/airflow/example_dags/example_branch_python_dop_operator_3.py for tasks to queue
[2024-08-05T00:09:37.834+0000] {logging_mixin.py:188} INFO - [2024-08-05T00:09:37.834+0000] {dagbag.py:545} INFO - Filling up the DagBag from /home/airflow/.local/lib/python3.12/site-packages/airflow/example_dags/example_branch_python_dop_operator_3.py
[2024-08-05T00:09:37.841+0000] {processor.py:840} INFO - DAG(s) 'example_branch_dop_operator_v3' retrieved from /home/airflow/.local/lib/python3.12/site-packages/airflow/example_dags/example_branch_python_dop_operator_3.py
[2024-08-05T00:09:37.857+0000] {logging_mixin.py:188} INFO - [2024-08-05T00:09:37.856+0000] {dag.py:3089} INFO - Sync 1 DAGs
[2024-08-05T00:09:37.878+0000] {logging_mixin.py:188} INFO - [2024-08-05T00:09:37.877+0000] {dag.py:3947} INFO - Setting next_dagrun for example_branch_dop_operator_v3 to 2024-08-05 00:08:00+00:00, run_after=2024-08-05 00:09:00+00:00
[2024-08-05T00:09:37.891+0000] {processor.py:183} INFO - Processing /home/airflow/.local/lib/python3.12/site-packages/airflow/example_dags/example_branch_python_dop_operator_3.py took 0.064 seconds
[2024-08-05T00:10:08.474+0000] {processor.py:161} INFO - Started process (PID=20996) to work on /home/airflow/.local/lib/python3.12/site-packages/airflow/example_dags/example_branch_python_dop_operator_3.py
[2024-08-05T00:10:08.475+0000] {processor.py:830} INFO - Processing file /home/airflow/.local/lib/python3.12/site-packages/airflow/example_dags/example_branch_python_dop_operator_3.py for tasks to queue
[2024-08-05T00:10:08.476+0000] {logging_mixin.py:188} INFO - [2024-08-05T00:10:08.476+0000] {dagbag.py:545} INFO - Filling up the DagBag from /home/airflow/.local/lib/python3.12/site-packages/airflow/example_dags/example_branch_python_dop_operator_3.py
[2024-08-05T00:10:08.483+0000] {processor.py:840} INFO - DAG(s) 'example_branch_dop_operator_v3' retrieved from /home/airflow/.local/lib/python3.12/site-packages/airflow/example_dags/example_branch_python_dop_operator_3.py
[2024-08-05T00:10:08.500+0000] {logging_mixin.py:188} INFO - [2024-08-05T00:10:08.500+0000] {dag.py:3089} INFO - Sync 1 DAGs
[2024-08-05T00:10:08.521+0000] {logging_mixin.py:188} INFO - [2024-08-05T00:10:08.521+0000] {dag.py:3947} INFO - Setting next_dagrun for example_branch_dop_operator_v3 to 2024-08-05 00:09:00+00:00, run_after=2024-08-05 00:10:00+00:00
[2024-08-05T00:10:08.537+0000] {processor.py:183} INFO - Processing /home/airflow/.local/lib/python3.12/site-packages/airflow/example_dags/example_branch_python_dop_operator_3.py took 0.068 seconds
[2024-08-05T00:10:39.235+0000] {processor.py:161} INFO - Started process (PID=21271) to work on /home/airflow/.local/lib/python3.12/site-packages/airflow/example_dags/example_branch_python_dop_operator_3.py
[2024-08-05T00:10:39.235+0000] {processor.py:830} INFO - Processing file /home/airflow/.local/lib/python3.12/site-packages/airflow/example_dags/example_branch_python_dop_operator_3.py for tasks to queue
[2024-08-05T00:10:39.237+0000] {logging_mixin.py:188} INFO - [2024-08-05T00:10:39.237+0000] {dagbag.py:545} INFO - Filling up the DagBag from /home/airflow/.local/lib/python3.12/site-packages/airflow/example_dags/example_branch_python_dop_operator_3.py
[2024-08-05T00:10:39.247+0000] {processor.py:840} INFO - DAG(s) 'example_branch_dop_operator_v3' retrieved from /home/airflow/.local/lib/python3.12/site-packages/airflow/example_dags/example_branch_python_dop_operator_3.py
[2024-08-05T00:10:39.264+0000] {logging_mixin.py:188} INFO - [2024-08-05T00:10:39.264+0000] {dag.py:3089} INFO - Sync 1 DAGs
[2024-08-05T00:10:39.287+0000] {logging_mixin.py:188} INFO - [2024-08-05T00:10:39.287+0000] {dag.py:3947} INFO - Setting next_dagrun for example_branch_dop_operator_v3 to 2024-08-05 00:09:00+00:00, run_after=2024-08-05 00:10:00+00:00
[2024-08-05T00:10:39.304+0000] {processor.py:183} INFO - Processing /home/airflow/.local/lib/python3.12/site-packages/airflow/example_dags/example_branch_python_dop_operator_3.py took 0.074 seconds
[2024-08-05T00:11:09.961+0000] {processor.py:161} INFO - Started process (PID=21543) to work on /home/airflow/.local/lib/python3.12/site-packages/airflow/example_dags/example_branch_python_dop_operator_3.py
[2024-08-05T00:11:09.962+0000] {processor.py:830} INFO - Processing file /home/airflow/.local/lib/python3.12/site-packages/airflow/example_dags/example_branch_python_dop_operator_3.py for tasks to queue
[2024-08-05T00:11:09.963+0000] {logging_mixin.py:188} INFO - [2024-08-05T00:11:09.963+0000] {dagbag.py:545} INFO - Filling up the DagBag from /home/airflow/.local/lib/python3.12/site-packages/airflow/example_dags/example_branch_python_dop_operator_3.py
[2024-08-05T00:11:09.970+0000] {processor.py:840} INFO - DAG(s) 'example_branch_dop_operator_v3' retrieved from /home/airflow/.local/lib/python3.12/site-packages/airflow/example_dags/example_branch_python_dop_operator_3.py
[2024-08-05T00:11:09.987+0000] {logging_mixin.py:188} INFO - [2024-08-05T00:11:09.987+0000] {dag.py:3089} INFO - Sync 1 DAGs
[2024-08-05T00:11:10.010+0000] {logging_mixin.py:188} INFO - [2024-08-05T00:11:10.009+0000] {dag.py:3947} INFO - Setting next_dagrun for example_branch_dop_operator_v3 to 2024-08-05 00:10:00+00:00, run_after=2024-08-05 00:11:00+00:00
[2024-08-05T00:11:10.026+0000] {processor.py:183} INFO - Processing /home/airflow/.local/lib/python3.12/site-packages/airflow/example_dags/example_branch_python_dop_operator_3.py took 0.070 seconds
[2024-08-05T00:11:40.876+0000] {processor.py:161} INFO - Started process (PID=21815) to work on /home/airflow/.local/lib/python3.12/site-packages/airflow/example_dags/example_branch_python_dop_operator_3.py
[2024-08-05T00:11:40.877+0000] {processor.py:830} INFO - Processing file /home/airflow/.local/lib/python3.12/site-packages/airflow/example_dags/example_branch_python_dop_operator_3.py for tasks to queue
[2024-08-05T00:11:40.878+0000] {logging_mixin.py:188} INFO - [2024-08-05T00:11:40.878+0000] {dagbag.py:545} INFO - Filling up the DagBag from /home/airflow/.local/lib/python3.12/site-packages/airflow/example_dags/example_branch_python_dop_operator_3.py
[2024-08-05T00:11:40.885+0000] {processor.py:840} INFO - DAG(s) 'example_branch_dop_operator_v3' retrieved from /home/airflow/.local/lib/python3.12/site-packages/airflow/example_dags/example_branch_python_dop_operator_3.py
[2024-08-05T00:11:40.903+0000] {logging_mixin.py:188} INFO - [2024-08-05T00:11:40.903+0000] {dag.py:3089} INFO - Sync 1 DAGs
[2024-08-05T00:11:40.924+0000] {logging_mixin.py:188} INFO - [2024-08-05T00:11:40.924+0000] {dag.py:3947} INFO - Setting next_dagrun for example_branch_dop_operator_v3 to 2024-08-05 00:10:00+00:00, run_after=2024-08-05 00:11:00+00:00
[2024-08-05T00:11:40.939+0000] {processor.py:183} INFO - Processing /home/airflow/.local/lib/python3.12/site-packages/airflow/example_dags/example_branch_python_dop_operator_3.py took 0.069 seconds
[2024-08-05T00:12:11.115+0000] {processor.py:161} INFO - Started process (PID=22087) to work on /home/airflow/.local/lib/python3.12/site-packages/airflow/example_dags/example_branch_python_dop_operator_3.py
[2024-08-05T00:12:11.116+0000] {processor.py:830} INFO - Processing file /home/airflow/.local/lib/python3.12/site-packages/airflow/example_dags/example_branch_python_dop_operator_3.py for tasks to queue
[2024-08-05T00:12:11.118+0000] {logging_mixin.py:188} INFO - [2024-08-05T00:12:11.117+0000] {dagbag.py:545} INFO - Filling up the DagBag from /home/airflow/.local/lib/python3.12/site-packages/airflow/example_dags/example_branch_python_dop_operator_3.py
[2024-08-05T00:12:11.127+0000] {processor.py:840} INFO - DAG(s) 'example_branch_dop_operator_v3' retrieved from /home/airflow/.local/lib/python3.12/site-packages/airflow/example_dags/example_branch_python_dop_operator_3.py
[2024-08-05T00:12:11.146+0000] {logging_mixin.py:188} INFO - [2024-08-05T00:12:11.146+0000] {dag.py:3089} INFO - Sync 1 DAGs
[2024-08-05T00:12:11.172+0000] {logging_mixin.py:188} INFO - [2024-08-05T00:12:11.171+0000] {dag.py:3947} INFO - Setting next_dagrun for example_branch_dop_operator_v3 to 2024-08-05 00:11:00+00:00, run_after=2024-08-05 00:12:00+00:00
[2024-08-05T00:12:11.189+0000] {processor.py:183} INFO - Processing /home/airflow/.local/lib/python3.12/site-packages/airflow/example_dags/example_branch_python_dop_operator_3.py took 0.081 seconds
[2024-08-05T00:12:41.361+0000] {processor.py:161} INFO - Started process (PID=22359) to work on /home/airflow/.local/lib/python3.12/site-packages/airflow/example_dags/example_branch_python_dop_operator_3.py
[2024-08-05T00:12:41.361+0000] {processor.py:830} INFO - Processing file /home/airflow/.local/lib/python3.12/site-packages/airflow/example_dags/example_branch_python_dop_operator_3.py for tasks to queue
[2024-08-05T00:12:41.363+0000] {logging_mixin.py:188} INFO - [2024-08-05T00:12:41.363+0000] {dagbag.py:545} INFO - Filling up the DagBag from /home/airflow/.local/lib/python3.12/site-packages/airflow/example_dags/example_branch_python_dop_operator_3.py
[2024-08-05T00:12:41.370+0000] {processor.py:840} INFO - DAG(s) 'example_branch_dop_operator_v3' retrieved from /home/airflow/.local/lib/python3.12/site-packages/airflow/example_dags/example_branch_python_dop_operator_3.py
[2024-08-05T00:12:41.389+0000] {logging_mixin.py:188} INFO - [2024-08-05T00:12:41.389+0000] {dag.py:3089} INFO - Sync 1 DAGs
[2024-08-05T00:12:41.411+0000] {logging_mixin.py:188} INFO - [2024-08-05T00:12:41.411+0000] {dag.py:3947} INFO - Setting next_dagrun for example_branch_dop_operator_v3 to 2024-08-05 00:11:00+00:00, run_after=2024-08-05 00:12:00+00:00
[2024-08-05T00:12:41.426+0000] {processor.py:183} INFO - Processing /home/airflow/.local/lib/python3.12/site-packages/airflow/example_dags/example_branch_python_dop_operator_3.py took 0.071 seconds
[2024-08-05T00:13:11.600+0000] {processor.py:161} INFO - Started process (PID=22631) to work on /home/airflow/.local/lib/python3.12/site-packages/airflow/example_dags/example_branch_python_dop_operator_3.py
[2024-08-05T00:13:11.601+0000] {processor.py:830} INFO - Processing file /home/airflow/.local/lib/python3.12/site-packages/airflow/example_dags/example_branch_python_dop_operator_3.py for tasks to queue
[2024-08-05T00:13:11.603+0000] {logging_mixin.py:188} INFO - [2024-08-05T00:13:11.602+0000] {dagbag.py:545} INFO - Filling up the DagBag from /home/airflow/.local/lib/python3.12/site-packages/airflow/example_dags/example_branch_python_dop_operator_3.py
[2024-08-05T00:13:11.610+0000] {processor.py:840} INFO - DAG(s) 'example_branch_dop_operator_v3' retrieved from /home/airflow/.local/lib/python3.12/site-packages/airflow/example_dags/example_branch_python_dop_operator_3.py
[2024-08-05T00:13:11.627+0000] {logging_mixin.py:188} INFO - [2024-08-05T00:13:11.627+0000] {dag.py:3089} INFO - Sync 1 DAGs
[2024-08-05T00:13:11.649+0000] {logging_mixin.py:188} INFO - [2024-08-05T00:13:11.649+0000] {dag.py:3947} INFO - Setting next_dagrun for example_branch_dop_operator_v3 to 2024-08-05 00:12:00+00:00, run_after=2024-08-05 00:13:00+00:00
[2024-08-05T00:13:11.665+0000] {processor.py:183} INFO - Processing /home/airflow/.local/lib/python3.12/site-packages/airflow/example_dags/example_branch_python_dop_operator_3.py took 0.070 seconds
[2024-08-05T00:13:41.751+0000] {processor.py:161} INFO - Started process (PID=22901) to work on /home/airflow/.local/lib/python3.12/site-packages/airflow/example_dags/example_branch_python_dop_operator_3.py
[2024-08-05T00:13:41.753+0000] {processor.py:830} INFO - Processing file /home/airflow/.local/lib/python3.12/site-packages/airflow/example_dags/example_branch_python_dop_operator_3.py for tasks to queue
[2024-08-05T00:13:41.765+0000] {logging_mixin.py:188} INFO - [2024-08-05T00:13:41.764+0000] {dagbag.py:545} INFO - Filling up the DagBag from /home/airflow/.local/lib/python3.12/site-packages/airflow/example_dags/example_branch_python_dop_operator_3.py
[2024-08-05T00:13:41.787+0000] {processor.py:840} INFO - DAG(s) 'example_branch_dop_operator_v3' retrieved from /home/airflow/.local/lib/python3.12/site-packages/airflow/example_dags/example_branch_python_dop_operator_3.py
[2024-08-05T00:13:41.848+0000] {logging_mixin.py:188} INFO - [2024-08-05T00:13:41.848+0000] {dag.py:3089} INFO - Sync 1 DAGs
[2024-08-05T00:13:41.927+0000] {logging_mixin.py:188} INFO - [2024-08-05T00:13:41.927+0000] {dag.py:3947} INFO - Setting next_dagrun for example_branch_dop_operator_v3 to 2024-08-05 00:12:00+00:00, run_after=2024-08-05 00:13:00+00:00
[2024-08-05T00:13:41.996+0000] {processor.py:183} INFO - Processing /home/airflow/.local/lib/python3.12/site-packages/airflow/example_dags/example_branch_python_dop_operator_3.py took 0.261 seconds
[2024-08-05T00:14:12.493+0000] {processor.py:161} INFO - Started process (PID=23175) to work on /home/airflow/.local/lib/python3.12/site-packages/airflow/example_dags/example_branch_python_dop_operator_3.py
[2024-08-05T00:14:12.494+0000] {processor.py:830} INFO - Processing file /home/airflow/.local/lib/python3.12/site-packages/airflow/example_dags/example_branch_python_dop_operator_3.py for tasks to queue
[2024-08-05T00:14:12.495+0000] {logging_mixin.py:188} INFO - [2024-08-05T00:14:12.495+0000] {dagbag.py:545} INFO - Filling up the DagBag from /home/airflow/.local/lib/python3.12/site-packages/airflow/example_dags/example_branch_python_dop_operator_3.py
[2024-08-05T00:14:12.502+0000] {processor.py:840} INFO - DAG(s) 'example_branch_dop_operator_v3' retrieved from /home/airflow/.local/lib/python3.12/site-packages/airflow/example_dags/example_branch_python_dop_operator_3.py
[2024-08-05T00:14:12.521+0000] {logging_mixin.py:188} INFO - [2024-08-05T00:14:12.521+0000] {dag.py:3089} INFO - Sync 1 DAGs
[2024-08-05T00:14:12.545+0000] {logging_mixin.py:188} INFO - [2024-08-05T00:14:12.545+0000] {dag.py:3947} INFO - Setting next_dagrun for example_branch_dop_operator_v3 to 2024-08-05 00:13:00+00:00, run_after=2024-08-05 00:14:00+00:00
[2024-08-05T00:14:12.562+0000] {processor.py:183} INFO - Processing /home/airflow/.local/lib/python3.12/site-packages/airflow/example_dags/example_branch_python_dop_operator_3.py took 0.074 seconds
[2024-08-05T00:14:42.697+0000] {processor.py:161} INFO - Started process (PID=23445) to work on /home/airflow/.local/lib/python3.12/site-packages/airflow/example_dags/example_branch_python_dop_operator_3.py
[2024-08-05T00:14:42.698+0000] {processor.py:830} INFO - Processing file /home/airflow/.local/lib/python3.12/site-packages/airflow/example_dags/example_branch_python_dop_operator_3.py for tasks to queue
[2024-08-05T00:14:42.700+0000] {logging_mixin.py:188} INFO - [2024-08-05T00:14:42.700+0000] {dagbag.py:545} INFO - Filling up the DagBag from /home/airflow/.local/lib/python3.12/site-packages/airflow/example_dags/example_branch_python_dop_operator_3.py
[2024-08-05T00:14:42.708+0000] {processor.py:840} INFO - DAG(s) 'example_branch_dop_operator_v3' retrieved from /home/airflow/.local/lib/python3.12/site-packages/airflow/example_dags/example_branch_python_dop_operator_3.py
[2024-08-05T00:14:42.727+0000] {logging_mixin.py:188} INFO - [2024-08-05T00:14:42.727+0000] {dag.py:3089} INFO - Sync 1 DAGs
[2024-08-05T00:14:42.751+0000] {logging_mixin.py:188} INFO - [2024-08-05T00:14:42.751+0000] {dag.py:3947} INFO - Setting next_dagrun for example_branch_dop_operator_v3 to 2024-08-05 00:13:00+00:00, run_after=2024-08-05 00:14:00+00:00
[2024-08-05T00:14:42.768+0000] {processor.py:183} INFO - Processing /home/airflow/.local/lib/python3.12/site-packages/airflow/example_dags/example_branch_python_dop_operator_3.py took 0.076 seconds
[2024-08-05T00:15:12.895+0000] {processor.py:161} INFO - Started process (PID=23717) to work on /home/airflow/.local/lib/python3.12/site-packages/airflow/example_dags/example_branch_python_dop_operator_3.py
[2024-08-05T00:15:12.896+0000] {processor.py:830} INFO - Processing file /home/airflow/.local/lib/python3.12/site-packages/airflow/example_dags/example_branch_python_dop_operator_3.py for tasks to queue
[2024-08-05T00:15:12.897+0000] {logging_mixin.py:188} INFO - [2024-08-05T00:15:12.897+0000] {dagbag.py:545} INFO - Filling up the DagBag from /home/airflow/.local/lib/python3.12/site-packages/airflow/example_dags/example_branch_python_dop_operator_3.py
[2024-08-05T00:15:12.905+0000] {processor.py:840} INFO - DAG(s) 'example_branch_dop_operator_v3' retrieved from /home/airflow/.local/lib/python3.12/site-packages/airflow/example_dags/example_branch_python_dop_operator_3.py
[2024-08-05T00:15:12.926+0000] {logging_mixin.py:188} INFO - [2024-08-05T00:15:12.926+0000] {dag.py:3089} INFO - Sync 1 DAGs
[2024-08-05T00:15:12.945+0000] {logging_mixin.py:188} INFO - [2024-08-05T00:15:12.945+0000] {dag.py:3947} INFO - Setting next_dagrun for example_branch_dop_operator_v3 to 2024-08-05 00:14:00+00:00, run_after=2024-08-05 00:15:00+00:00
[2024-08-05T00:15:12.962+0000] {processor.py:183} INFO - Processing /home/airflow/.local/lib/python3.12/site-packages/airflow/example_dags/example_branch_python_dop_operator_3.py took 0.071 seconds
[2024-08-05T00:15:43.149+0000] {processor.py:161} INFO - Started process (PID=23989) to work on /home/airflow/.local/lib/python3.12/site-packages/airflow/example_dags/example_branch_python_dop_operator_3.py
[2024-08-05T00:15:43.150+0000] {processor.py:830} INFO - Processing file /home/airflow/.local/lib/python3.12/site-packages/airflow/example_dags/example_branch_python_dop_operator_3.py for tasks to queue
[2024-08-05T00:15:43.151+0000] {logging_mixin.py:188} INFO - [2024-08-05T00:15:43.151+0000] {dagbag.py:545} INFO - Filling up the DagBag from /home/airflow/.local/lib/python3.12/site-packages/airflow/example_dags/example_branch_python_dop_operator_3.py
[2024-08-05T00:15:43.159+0000] {processor.py:840} INFO - DAG(s) 'example_branch_dop_operator_v3' retrieved from /home/airflow/.local/lib/python3.12/site-packages/airflow/example_dags/example_branch_python_dop_operator_3.py
[2024-08-05T00:15:43.179+0000] {logging_mixin.py:188} INFO - [2024-08-05T00:15:43.179+0000] {dag.py:3089} INFO - Sync 1 DAGs
[2024-08-05T00:15:43.201+0000] {logging_mixin.py:188} INFO - [2024-08-05T00:15:43.200+0000] {dag.py:3947} INFO - Setting next_dagrun for example_branch_dop_operator_v3 to 2024-08-05 00:14:00+00:00, run_after=2024-08-05 00:15:00+00:00
[2024-08-05T00:15:43.219+0000] {processor.py:183} INFO - Processing /home/airflow/.local/lib/python3.12/site-packages/airflow/example_dags/example_branch_python_dop_operator_3.py took 0.076 seconds
[2024-08-05T00:16:13.800+0000] {processor.py:161} INFO - Started process (PID=24263) to work on /home/airflow/.local/lib/python3.12/site-packages/airflow/example_dags/example_branch_python_dop_operator_3.py
[2024-08-05T00:16:13.802+0000] {processor.py:830} INFO - Processing file /home/airflow/.local/lib/python3.12/site-packages/airflow/example_dags/example_branch_python_dop_operator_3.py for tasks to queue
[2024-08-05T00:16:13.803+0000] {logging_mixin.py:188} INFO - [2024-08-05T00:16:13.803+0000] {dagbag.py:545} INFO - Filling up the DagBag from /home/airflow/.local/lib/python3.12/site-packages/airflow/example_dags/example_branch_python_dop_operator_3.py
[2024-08-05T00:16:13.811+0000] {processor.py:840} INFO - DAG(s) 'example_branch_dop_operator_v3' retrieved from /home/airflow/.local/lib/python3.12/site-packages/airflow/example_dags/example_branch_python_dop_operator_3.py
[2024-08-05T00:16:13.833+0000] {logging_mixin.py:188} INFO - [2024-08-05T00:16:13.832+0000] {dag.py:3089} INFO - Sync 1 DAGs
[2024-08-05T00:16:13.857+0000] {logging_mixin.py:188} INFO - [2024-08-05T00:16:13.857+0000] {dag.py:3947} INFO - Setting next_dagrun for example_branch_dop_operator_v3 to 2024-08-05 00:15:00+00:00, run_after=2024-08-05 00:16:00+00:00
[2024-08-05T00:16:13.876+0000] {processor.py:183} INFO - Processing /home/airflow/.local/lib/python3.12/site-packages/airflow/example_dags/example_branch_python_dop_operator_3.py took 0.081 seconds
[2024-08-05T00:16:44.103+0000] {processor.py:161} INFO - Started process (PID=24535) to work on /home/airflow/.local/lib/python3.12/site-packages/airflow/example_dags/example_branch_python_dop_operator_3.py
[2024-08-05T00:16:44.104+0000] {processor.py:830} INFO - Processing file /home/airflow/.local/lib/python3.12/site-packages/airflow/example_dags/example_branch_python_dop_operator_3.py for tasks to queue
[2024-08-05T00:16:44.105+0000] {logging_mixin.py:188} INFO - [2024-08-05T00:16:44.105+0000] {dagbag.py:545} INFO - Filling up the DagBag from /home/airflow/.local/lib/python3.12/site-packages/airflow/example_dags/example_branch_python_dop_operator_3.py
[2024-08-05T00:16:44.113+0000] {processor.py:840} INFO - DAG(s) 'example_branch_dop_operator_v3' retrieved from /home/airflow/.local/lib/python3.12/site-packages/airflow/example_dags/example_branch_python_dop_operator_3.py
[2024-08-05T00:16:44.133+0000] {logging_mixin.py:188} INFO - [2024-08-05T00:16:44.133+0000] {dag.py:3089} INFO - Sync 1 DAGs
[2024-08-05T00:16:44.156+0000] {logging_mixin.py:188} INFO - [2024-08-05T00:16:44.156+0000] {dag.py:3947} INFO - Setting next_dagrun for example_branch_dop_operator_v3 to 2024-08-05 00:15:00+00:00, run_after=2024-08-05 00:16:00+00:00
[2024-08-05T00:16:44.173+0000] {processor.py:183} INFO - Processing /home/airflow/.local/lib/python3.12/site-packages/airflow/example_dags/example_branch_python_dop_operator_3.py took 0.075 seconds
[2024-08-05T00:17:14.438+0000] {processor.py:161} INFO - Started process (PID=24806) to work on /home/airflow/.local/lib/python3.12/site-packages/airflow/example_dags/example_branch_python_dop_operator_3.py
[2024-08-05T00:17:14.439+0000] {processor.py:830} INFO - Processing file /home/airflow/.local/lib/python3.12/site-packages/airflow/example_dags/example_branch_python_dop_operator_3.py for tasks to queue
[2024-08-05T00:17:14.440+0000] {logging_mixin.py:188} INFO - [2024-08-05T00:17:14.440+0000] {dagbag.py:545} INFO - Filling up the DagBag from /home/airflow/.local/lib/python3.12/site-packages/airflow/example_dags/example_branch_python_dop_operator_3.py
[2024-08-05T00:17:14.448+0000] {processor.py:840} INFO - DAG(s) 'example_branch_dop_operator_v3' retrieved from /home/airflow/.local/lib/python3.12/site-packages/airflow/example_dags/example_branch_python_dop_operator_3.py
[2024-08-05T00:17:14.469+0000] {logging_mixin.py:188} INFO - [2024-08-05T00:17:14.469+0000] {dag.py:3089} INFO - Sync 1 DAGs
[2024-08-05T00:17:14.492+0000] {logging_mixin.py:188} INFO - [2024-08-05T00:17:14.492+0000] {dag.py:3947} INFO - Setting next_dagrun for example_branch_dop_operator_v3 to 2024-08-05 00:16:00+00:00, run_after=2024-08-05 00:17:00+00:00
[2024-08-05T00:17:14.510+0000] {processor.py:183} INFO - Processing /home/airflow/.local/lib/python3.12/site-packages/airflow/example_dags/example_branch_python_dop_operator_3.py took 0.078 seconds
[2024-08-05T00:17:44.770+0000] {processor.py:161} INFO - Started process (PID=25079) to work on /home/airflow/.local/lib/python3.12/site-packages/airflow/example_dags/example_branch_python_dop_operator_3.py
[2024-08-05T00:17:44.771+0000] {processor.py:830} INFO - Processing file /home/airflow/.local/lib/python3.12/site-packages/airflow/example_dags/example_branch_python_dop_operator_3.py for tasks to queue
[2024-08-05T00:17:44.773+0000] {logging_mixin.py:188} INFO - [2024-08-05T00:17:44.772+0000] {dagbag.py:545} INFO - Filling up the DagBag from /home/airflow/.local/lib/python3.12/site-packages/airflow/example_dags/example_branch_python_dop_operator_3.py
[2024-08-05T00:17:44.781+0000] {processor.py:840} INFO - DAG(s) 'example_branch_dop_operator_v3' retrieved from /home/airflow/.local/lib/python3.12/site-packages/airflow/example_dags/example_branch_python_dop_operator_3.py
[2024-08-05T00:17:44.802+0000] {logging_mixin.py:188} INFO - [2024-08-05T00:17:44.801+0000] {dag.py:3089} INFO - Sync 1 DAGs
[2024-08-05T00:17:44.827+0000] {logging_mixin.py:188} INFO - [2024-08-05T00:17:44.827+0000] {dag.py:3947} INFO - Setting next_dagrun for example_branch_dop_operator_v3 to 2024-08-05 00:16:00+00:00, run_after=2024-08-05 00:17:00+00:00
[2024-08-05T00:17:44.845+0000] {processor.py:183} INFO - Processing /home/airflow/.local/lib/python3.12/site-packages/airflow/example_dags/example_branch_python_dop_operator_3.py took 0.080 seconds
[2024-08-05T00:18:15.058+0000] {processor.py:161} INFO - Started process (PID=25351) to work on /home/airflow/.local/lib/python3.12/site-packages/airflow/example_dags/example_branch_python_dop_operator_3.py
[2024-08-05T00:18:15.059+0000] {processor.py:830} INFO - Processing file /home/airflow/.local/lib/python3.12/site-packages/airflow/example_dags/example_branch_python_dop_operator_3.py for tasks to queue
[2024-08-05T00:18:15.060+0000] {logging_mixin.py:188} INFO - [2024-08-05T00:18:15.060+0000] {dagbag.py:545} INFO - Filling up the DagBag from /home/airflow/.local/lib/python3.12/site-packages/airflow/example_dags/example_branch_python_dop_operator_3.py
[2024-08-05T00:18:15.068+0000] {processor.py:840} INFO - DAG(s) 'example_branch_dop_operator_v3' retrieved from /home/airflow/.local/lib/python3.12/site-packages/airflow/example_dags/example_branch_python_dop_operator_3.py
[2024-08-05T00:18:15.088+0000] {logging_mixin.py:188} INFO - [2024-08-05T00:18:15.087+0000] {dag.py:3089} INFO - Sync 1 DAGs
[2024-08-05T00:18:15.111+0000] {logging_mixin.py:188} INFO - [2024-08-05T00:18:15.111+0000] {dag.py:3947} INFO - Setting next_dagrun for example_branch_dop_operator_v3 to 2024-08-05 00:17:00+00:00, run_after=2024-08-05 00:18:00+00:00
[2024-08-05T00:18:15.127+0000] {processor.py:183} INFO - Processing /home/airflow/.local/lib/python3.12/site-packages/airflow/example_dags/example_branch_python_dop_operator_3.py took 0.074 seconds
[2024-08-05T00:18:45.209+0000] {processor.py:161} INFO - Started process (PID=25623) to work on /home/airflow/.local/lib/python3.12/site-packages/airflow/example_dags/example_branch_python_dop_operator_3.py
[2024-08-05T00:18:45.210+0000] {processor.py:830} INFO - Processing file /home/airflow/.local/lib/python3.12/site-packages/airflow/example_dags/example_branch_python_dop_operator_3.py for tasks to queue
[2024-08-05T00:18:45.211+0000] {logging_mixin.py:188} INFO - [2024-08-05T00:18:45.211+0000] {dagbag.py:545} INFO - Filling up the DagBag from /home/airflow/.local/lib/python3.12/site-packages/airflow/example_dags/example_branch_python_dop_operator_3.py
[2024-08-05T00:18:45.219+0000] {processor.py:840} INFO - DAG(s) 'example_branch_dop_operator_v3' retrieved from /home/airflow/.local/lib/python3.12/site-packages/airflow/example_dags/example_branch_python_dop_operator_3.py
[2024-08-05T00:18:45.238+0000] {logging_mixin.py:188} INFO - [2024-08-05T00:18:45.238+0000] {dag.py:3089} INFO - Sync 1 DAGs
[2024-08-05T00:18:45.264+0000] {logging_mixin.py:188} INFO - [2024-08-05T00:18:45.264+0000] {dag.py:3947} INFO - Setting next_dagrun for example_branch_dop_operator_v3 to 2024-08-05 00:17:00+00:00, run_after=2024-08-05 00:18:00+00:00
[2024-08-05T00:18:45.282+0000] {processor.py:183} INFO - Processing /home/airflow/.local/lib/python3.12/site-packages/airflow/example_dags/example_branch_python_dop_operator_3.py took 0.078 seconds
[2024-08-05T00:19:15.446+0000] {processor.py:161} INFO - Started process (PID=25895) to work on /home/airflow/.local/lib/python3.12/site-packages/airflow/example_dags/example_branch_python_dop_operator_3.py
[2024-08-05T00:19:15.447+0000] {processor.py:830} INFO - Processing file /home/airflow/.local/lib/python3.12/site-packages/airflow/example_dags/example_branch_python_dop_operator_3.py for tasks to queue
[2024-08-05T00:19:15.449+0000] {logging_mixin.py:188} INFO - [2024-08-05T00:19:15.448+0000] {dagbag.py:545} INFO - Filling up the DagBag from /home/airflow/.local/lib/python3.12/site-packages/airflow/example_dags/example_branch_python_dop_operator_3.py
[2024-08-05T00:19:15.456+0000] {processor.py:840} INFO - DAG(s) 'example_branch_dop_operator_v3' retrieved from /home/airflow/.local/lib/python3.12/site-packages/airflow/example_dags/example_branch_python_dop_operator_3.py
[2024-08-05T00:19:15.476+0000] {logging_mixin.py:188} INFO - [2024-08-05T00:19:15.475+0000] {dag.py:3089} INFO - Sync 1 DAGs
[2024-08-05T00:19:15.498+0000] {logging_mixin.py:188} INFO - [2024-08-05T00:19:15.498+0000] {dag.py:3947} INFO - Setting next_dagrun for example_branch_dop_operator_v3 to 2024-08-05 00:18:00+00:00, run_after=2024-08-05 00:19:00+00:00
[2024-08-05T00:19:15.514+0000] {processor.py:183} INFO - Processing /home/airflow/.local/lib/python3.12/site-packages/airflow/example_dags/example_branch_python_dop_operator_3.py took 0.073 seconds
[2024-08-05T00:19:45.719+0000] {processor.py:161} INFO - Started process (PID=26167) to work on /home/airflow/.local/lib/python3.12/site-packages/airflow/example_dags/example_branch_python_dop_operator_3.py
[2024-08-05T00:19:45.720+0000] {processor.py:830} INFO - Processing file /home/airflow/.local/lib/python3.12/site-packages/airflow/example_dags/example_branch_python_dop_operator_3.py for tasks to queue
[2024-08-05T00:19:45.722+0000] {logging_mixin.py:188} INFO - [2024-08-05T00:19:45.721+0000] {dagbag.py:545} INFO - Filling up the DagBag from /home/airflow/.local/lib/python3.12/site-packages/airflow/example_dags/example_branch_python_dop_operator_3.py
[2024-08-05T00:19:45.730+0000] {processor.py:840} INFO - DAG(s) 'example_branch_dop_operator_v3' retrieved from /home/airflow/.local/lib/python3.12/site-packages/airflow/example_dags/example_branch_python_dop_operator_3.py
[2024-08-05T00:19:45.750+0000] {logging_mixin.py:188} INFO - [2024-08-05T00:19:45.750+0000] {dag.py:3089} INFO - Sync 1 DAGs
[2024-08-05T00:19:45.773+0000] {logging_mixin.py:188} INFO - [2024-08-05T00:19:45.773+0000] {dag.py:3947} INFO - Setting next_dagrun for example_branch_dop_operator_v3 to 2024-08-05 00:18:00+00:00, run_after=2024-08-05 00:19:00+00:00
[2024-08-05T00:19:45.791+0000] {processor.py:183} INFO - Processing /home/airflow/.local/lib/python3.12/site-packages/airflow/example_dags/example_branch_python_dop_operator_3.py took 0.076 seconds
[2024-08-05T00:20:15.956+0000] {processor.py:161} INFO - Started process (PID=26446) to work on /home/airflow/.local/lib/python3.12/site-packages/airflow/example_dags/example_branch_python_dop_operator_3.py
[2024-08-05T00:20:15.956+0000] {processor.py:830} INFO - Processing file /home/airflow/.local/lib/python3.12/site-packages/airflow/example_dags/example_branch_python_dop_operator_3.py for tasks to queue
[2024-08-05T00:20:15.958+0000] {logging_mixin.py:188} INFO - [2024-08-05T00:20:15.958+0000] {dagbag.py:545} INFO - Filling up the DagBag from /home/airflow/.local/lib/python3.12/site-packages/airflow/example_dags/example_branch_python_dop_operator_3.py
[2024-08-05T00:20:15.965+0000] {processor.py:840} INFO - DAG(s) 'example_branch_dop_operator_v3' retrieved from /home/airflow/.local/lib/python3.12/site-packages/airflow/example_dags/example_branch_python_dop_operator_3.py
[2024-08-05T00:20:15.985+0000] {logging_mixin.py:188} INFO - [2024-08-05T00:20:15.984+0000] {dag.py:3089} INFO - Sync 1 DAGs
[2024-08-05T00:20:16.007+0000] {logging_mixin.py:188} INFO - [2024-08-05T00:20:16.007+0000] {dag.py:3947} INFO - Setting next_dagrun for example_branch_dop_operator_v3 to 2024-08-05 00:19:00+00:00, run_after=2024-08-05 00:20:00+00:00
[2024-08-05T00:20:16.024+0000] {processor.py:183} INFO - Processing /home/airflow/.local/lib/python3.12/site-packages/airflow/example_dags/example_branch_python_dop_operator_3.py took 0.074 seconds
[2024-08-05T00:20:46.496+0000] {processor.py:161} INFO - Started process (PID=26719) to work on /home/airflow/.local/lib/python3.12/site-packages/airflow/example_dags/example_branch_python_dop_operator_3.py
[2024-08-05T00:20:46.497+0000] {processor.py:830} INFO - Processing file /home/airflow/.local/lib/python3.12/site-packages/airflow/example_dags/example_branch_python_dop_operator_3.py for tasks to queue
[2024-08-05T00:20:46.498+0000] {logging_mixin.py:188} INFO - [2024-08-05T00:20:46.498+0000] {dagbag.py:545} INFO - Filling up the DagBag from /home/airflow/.local/lib/python3.12/site-packages/airflow/example_dags/example_branch_python_dop_operator_3.py
[2024-08-05T00:20:46.506+0000] {processor.py:840} INFO - DAG(s) 'example_branch_dop_operator_v3' retrieved from /home/airflow/.local/lib/python3.12/site-packages/airflow/example_dags/example_branch_python_dop_operator_3.py
[2024-08-05T00:20:46.526+0000] {logging_mixin.py:188} INFO - [2024-08-05T00:20:46.525+0000] {dag.py:3089} INFO - Sync 1 DAGs
[2024-08-05T00:20:46.551+0000] {logging_mixin.py:188} INFO - [2024-08-05T00:20:46.551+0000] {dag.py:3947} INFO - Setting next_dagrun for example_branch_dop_operator_v3 to 2024-08-05 00:19:00+00:00, run_after=2024-08-05 00:20:00+00:00
[2024-08-05T00:20:46.567+0000] {processor.py:183} INFO - Processing /home/airflow/.local/lib/python3.12/site-packages/airflow/example_dags/example_branch_python_dop_operator_3.py took 0.076 seconds
[2024-08-05T00:21:17.001+0000] {processor.py:161} INFO - Started process (PID=26992) to work on /home/airflow/.local/lib/python3.12/site-packages/airflow/example_dags/example_branch_python_dop_operator_3.py
[2024-08-05T00:21:17.003+0000] {processor.py:830} INFO - Processing file /home/airflow/.local/lib/python3.12/site-packages/airflow/example_dags/example_branch_python_dop_operator_3.py for tasks to queue
[2024-08-05T00:21:17.005+0000] {logging_mixin.py:188} INFO - [2024-08-05T00:21:17.004+0000] {dagbag.py:545} INFO - Filling up the DagBag from /home/airflow/.local/lib/python3.12/site-packages/airflow/example_dags/example_branch_python_dop_operator_3.py
[2024-08-05T00:21:17.012+0000] {processor.py:840} INFO - DAG(s) 'example_branch_dop_operator_v3' retrieved from /home/airflow/.local/lib/python3.12/site-packages/airflow/example_dags/example_branch_python_dop_operator_3.py
[2024-08-05T00:21:17.032+0000] {logging_mixin.py:188} INFO - [2024-08-05T00:21:17.032+0000] {dag.py:3089} INFO - Sync 1 DAGs
[2024-08-05T00:21:17.055+0000] {logging_mixin.py:188} INFO - [2024-08-05T00:21:17.055+0000] {dag.py:3947} INFO - Setting next_dagrun for example_branch_dop_operator_v3 to 2024-08-05 00:20:00+00:00, run_after=2024-08-05 00:21:00+00:00
[2024-08-05T00:21:17.072+0000] {processor.py:183} INFO - Processing /home/airflow/.local/lib/python3.12/site-packages/airflow/example_dags/example_branch_python_dop_operator_3.py took 0.075 seconds
[2024-08-05T00:21:47.280+0000] {processor.py:161} INFO - Started process (PID=27264) to work on /home/airflow/.local/lib/python3.12/site-packages/airflow/example_dags/example_branch_python_dop_operator_3.py
[2024-08-05T00:21:47.281+0000] {processor.py:830} INFO - Processing file /home/airflow/.local/lib/python3.12/site-packages/airflow/example_dags/example_branch_python_dop_operator_3.py for tasks to queue
[2024-08-05T00:21:47.282+0000] {logging_mixin.py:188} INFO - [2024-08-05T00:21:47.282+0000] {dagbag.py:545} INFO - Filling up the DagBag from /home/airflow/.local/lib/python3.12/site-packages/airflow/example_dags/example_branch_python_dop_operator_3.py
[2024-08-05T00:21:47.290+0000] {processor.py:840} INFO - DAG(s) 'example_branch_dop_operator_v3' retrieved from /home/airflow/.local/lib/python3.12/site-packages/airflow/example_dags/example_branch_python_dop_operator_3.py
[2024-08-05T00:21:47.309+0000] {logging_mixin.py:188} INFO - [2024-08-05T00:21:47.309+0000] {dag.py:3089} INFO - Sync 1 DAGs
[2024-08-05T00:21:47.331+0000] {logging_mixin.py:188} INFO - [2024-08-05T00:21:47.331+0000] {dag.py:3947} INFO - Setting next_dagrun for example_branch_dop_operator_v3 to 2024-08-05 00:20:00+00:00, run_after=2024-08-05 00:21:00+00:00
[2024-08-05T00:21:47.347+0000] {processor.py:183} INFO - Processing /home/airflow/.local/lib/python3.12/site-packages/airflow/example_dags/example_branch_python_dop_operator_3.py took 0.072 seconds
[2024-08-05T00:22:17.564+0000] {processor.py:161} INFO - Started process (PID=27536) to work on /home/airflow/.local/lib/python3.12/site-packages/airflow/example_dags/example_branch_python_dop_operator_3.py
[2024-08-05T00:22:17.565+0000] {processor.py:830} INFO - Processing file /home/airflow/.local/lib/python3.12/site-packages/airflow/example_dags/example_branch_python_dop_operator_3.py for tasks to queue
[2024-08-05T00:22:17.567+0000] {logging_mixin.py:188} INFO - [2024-08-05T00:22:17.566+0000] {dagbag.py:545} INFO - Filling up the DagBag from /home/airflow/.local/lib/python3.12/site-packages/airflow/example_dags/example_branch_python_dop_operator_3.py
[2024-08-05T00:22:17.574+0000] {processor.py:840} INFO - DAG(s) 'example_branch_dop_operator_v3' retrieved from /home/airflow/.local/lib/python3.12/site-packages/airflow/example_dags/example_branch_python_dop_operator_3.py
[2024-08-05T00:22:17.594+0000] {logging_mixin.py:188} INFO - [2024-08-05T00:22:17.593+0000] {dag.py:3089} INFO - Sync 1 DAGs
[2024-08-05T00:22:17.615+0000] {logging_mixin.py:188} INFO - [2024-08-05T00:22:17.615+0000] {dag.py:3947} INFO - Setting next_dagrun for example_branch_dop_operator_v3 to 2024-08-05 00:21:00+00:00, run_after=2024-08-05 00:22:00+00:00
[2024-08-05T00:22:17.632+0000] {processor.py:183} INFO - Processing /home/airflow/.local/lib/python3.12/site-packages/airflow/example_dags/example_branch_python_dop_operator_3.py took 0.072 seconds
[2024-08-05T00:22:48.080+0000] {processor.py:161} INFO - Started process (PID=27808) to work on /home/airflow/.local/lib/python3.12/site-packages/airflow/example_dags/example_branch_python_dop_operator_3.py
[2024-08-05T00:22:48.081+0000] {processor.py:830} INFO - Processing file /home/airflow/.local/lib/python3.12/site-packages/airflow/example_dags/example_branch_python_dop_operator_3.py for tasks to queue
[2024-08-05T00:22:48.082+0000] {logging_mixin.py:188} INFO - [2024-08-05T00:22:48.082+0000] {dagbag.py:545} INFO - Filling up the DagBag from /home/airflow/.local/lib/python3.12/site-packages/airflow/example_dags/example_branch_python_dop_operator_3.py
[2024-08-05T00:22:48.090+0000] {processor.py:840} INFO - DAG(s) 'example_branch_dop_operator_v3' retrieved from /home/airflow/.local/lib/python3.12/site-packages/airflow/example_dags/example_branch_python_dop_operator_3.py
[2024-08-05T00:22:48.110+0000] {logging_mixin.py:188} INFO - [2024-08-05T00:22:48.109+0000] {dag.py:3089} INFO - Sync 1 DAGs
[2024-08-05T00:22:48.133+0000] {logging_mixin.py:188} INFO - [2024-08-05T00:22:48.133+0000] {dag.py:3947} INFO - Setting next_dagrun for example_branch_dop_operator_v3 to 2024-08-05 00:21:00+00:00, run_after=2024-08-05 00:22:00+00:00
[2024-08-05T00:22:48.149+0000] {processor.py:183} INFO - Processing /home/airflow/.local/lib/python3.12/site-packages/airflow/example_dags/example_branch_python_dop_operator_3.py took 0.074 seconds
[2024-08-05T00:23:18.656+0000] {processor.py:161} INFO - Started process (PID=28080) to work on /home/airflow/.local/lib/python3.12/site-packages/airflow/example_dags/example_branch_python_dop_operator_3.py
[2024-08-05T00:23:18.657+0000] {processor.py:830} INFO - Processing file /home/airflow/.local/lib/python3.12/site-packages/airflow/example_dags/example_branch_python_dop_operator_3.py for tasks to queue
[2024-08-05T00:23:18.659+0000] {logging_mixin.py:188} INFO - [2024-08-05T00:23:18.659+0000] {dagbag.py:545} INFO - Filling up the DagBag from /home/airflow/.local/lib/python3.12/site-packages/airflow/example_dags/example_branch_python_dop_operator_3.py
[2024-08-05T00:23:18.668+0000] {processor.py:840} INFO - DAG(s) 'example_branch_dop_operator_v3' retrieved from /home/airflow/.local/lib/python3.12/site-packages/airflow/example_dags/example_branch_python_dop_operator_3.py
[2024-08-05T00:23:18.687+0000] {logging_mixin.py:188} INFO - [2024-08-05T00:23:18.687+0000] {dag.py:3089} INFO - Sync 1 DAGs
[2024-08-05T00:23:18.710+0000] {logging_mixin.py:188} INFO - [2024-08-05T00:23:18.709+0000] {dag.py:3947} INFO - Setting next_dagrun for example_branch_dop_operator_v3 to 2024-08-05 00:22:00+00:00, run_after=2024-08-05 00:23:00+00:00
[2024-08-05T00:23:18.727+0000] {processor.py:183} INFO - Processing /home/airflow/.local/lib/python3.12/site-packages/airflow/example_dags/example_branch_python_dop_operator_3.py took 0.077 seconds
[2024-08-05T00:23:49.142+0000] {processor.py:161} INFO - Started process (PID=28352) to work on /home/airflow/.local/lib/python3.12/site-packages/airflow/example_dags/example_branch_python_dop_operator_3.py
[2024-08-05T00:23:49.143+0000] {processor.py:830} INFO - Processing file /home/airflow/.local/lib/python3.12/site-packages/airflow/example_dags/example_branch_python_dop_operator_3.py for tasks to queue
[2024-08-05T00:23:49.145+0000] {logging_mixin.py:188} INFO - [2024-08-05T00:23:49.144+0000] {dagbag.py:545} INFO - Filling up the DagBag from /home/airflow/.local/lib/python3.12/site-packages/airflow/example_dags/example_branch_python_dop_operator_3.py
[2024-08-05T00:23:49.152+0000] {processor.py:840} INFO - DAG(s) 'example_branch_dop_operator_v3' retrieved from /home/airflow/.local/lib/python3.12/site-packages/airflow/example_dags/example_branch_python_dop_operator_3.py
[2024-08-05T00:23:49.170+0000] {logging_mixin.py:188} INFO - [2024-08-05T00:23:49.170+0000] {dag.py:3089} INFO - Sync 1 DAGs
[2024-08-05T00:23:49.195+0000] {logging_mixin.py:188} INFO - [2024-08-05T00:23:49.195+0000] {dag.py:3947} INFO - Setting next_dagrun for example_branch_dop_operator_v3 to 2024-08-05 00:22:00+00:00, run_after=2024-08-05 00:23:00+00:00
[2024-08-05T00:23:49.211+0000] {processor.py:183} INFO - Processing /home/airflow/.local/lib/python3.12/site-packages/airflow/example_dags/example_branch_python_dop_operator_3.py took 0.073 seconds
[2024-08-05T00:24:19.485+0000] {processor.py:161} INFO - Started process (PID=28622) to work on /home/airflow/.local/lib/python3.12/site-packages/airflow/example_dags/example_branch_python_dop_operator_3.py
[2024-08-05T00:24:19.486+0000] {processor.py:830} INFO - Processing file /home/airflow/.local/lib/python3.12/site-packages/airflow/example_dags/example_branch_python_dop_operator_3.py for tasks to queue
[2024-08-05T00:24:19.487+0000] {logging_mixin.py:188} INFO - [2024-08-05T00:24:19.487+0000] {dagbag.py:545} INFO - Filling up the DagBag from /home/airflow/.local/lib/python3.12/site-packages/airflow/example_dags/example_branch_python_dop_operator_3.py
[2024-08-05T00:24:19.600+0000] {processor.py:840} INFO - DAG(s) 'example_branch_dop_operator_v3' retrieved from /home/airflow/.local/lib/python3.12/site-packages/airflow/example_dags/example_branch_python_dop_operator_3.py
[2024-08-05T00:24:19.615+0000] {logging_mixin.py:188} INFO - [2024-08-05T00:24:19.615+0000] {dag.py:3089} INFO - Sync 1 DAGs
[2024-08-05T00:24:19.631+0000] {logging_mixin.py:188} INFO - [2024-08-05T00:24:19.631+0000] {dag.py:3947} INFO - Setting next_dagrun for example_branch_dop_operator_v3 to 2024-08-05 00:23:00+00:00, run_after=2024-08-05 00:24:00+00:00
[2024-08-05T00:24:19.643+0000] {processor.py:183} INFO - Processing /home/airflow/.local/lib/python3.12/site-packages/airflow/example_dags/example_branch_python_dop_operator_3.py took 0.162 seconds
[2024-08-05T00:24:50.465+0000] {processor.py:161} INFO - Started process (PID=28896) to work on /home/airflow/.local/lib/python3.12/site-packages/airflow/example_dags/example_branch_python_dop_operator_3.py
[2024-08-05T00:24:50.466+0000] {processor.py:830} INFO - Processing file /home/airflow/.local/lib/python3.12/site-packages/airflow/example_dags/example_branch_python_dop_operator_3.py for tasks to queue
[2024-08-05T00:24:50.467+0000] {logging_mixin.py:188} INFO - [2024-08-05T00:24:50.467+0000] {dagbag.py:545} INFO - Filling up the DagBag from /home/airflow/.local/lib/python3.12/site-packages/airflow/example_dags/example_branch_python_dop_operator_3.py
[2024-08-05T00:24:50.473+0000] {processor.py:840} INFO - DAG(s) 'example_branch_dop_operator_v3' retrieved from /home/airflow/.local/lib/python3.12/site-packages/airflow/example_dags/example_branch_python_dop_operator_3.py
[2024-08-05T00:24:50.489+0000] {logging_mixin.py:188} INFO - [2024-08-05T00:24:50.489+0000] {dag.py:3089} INFO - Sync 1 DAGs
[2024-08-05T00:24:50.507+0000] {logging_mixin.py:188} INFO - [2024-08-05T00:24:50.506+0000] {dag.py:3947} INFO - Setting next_dagrun for example_branch_dop_operator_v3 to 2024-08-05 00:23:00+00:00, run_after=2024-08-05 00:24:00+00:00
[2024-08-05T00:24:50.519+0000] {processor.py:183} INFO - Processing /home/airflow/.local/lib/python3.12/site-packages/airflow/example_dags/example_branch_python_dop_operator_3.py took 0.058 seconds
