[2024-08-05T00:00:28.557+0000] {processor.py:161} INFO - Started process (PID=15796) to work on /home/airflow/.local/lib/python3.12/site-packages/airflow/example_dags/example_latest_only.py
[2024-08-05T00:00:28.558+0000] {processor.py:830} INFO - Processing file /home/airflow/.local/lib/python3.12/site-packages/airflow/example_dags/example_latest_only.py for tasks to queue
[2024-08-05T00:00:28.560+0000] {logging_mixin.py:188} INFO - [2024-08-05T00:00:28.560+0000] {dagbag.py:545} INFO - Filling up the DagBag from /home/airflow/.local/lib/python3.12/site-packages/airflow/example_dags/example_latest_only.py
[2024-08-05T00:00:28.565+0000] {processor.py:840} INFO - DAG(s) 'latest_only' retrieved from /home/airflow/.local/lib/python3.12/site-packages/airflow/example_dags/example_latest_only.py
[2024-08-05T00:00:28.585+0000] {logging_mixin.py:188} INFO - [2024-08-05T00:00:28.585+0000] {dag.py:3089} INFO - Sync 1 DAGs
[2024-08-05T00:00:28.607+0000] {logging_mixin.py:188} INFO - [2024-08-05T00:00:28.607+0000] {dag.py:3947} INFO - Setting next_dagrun for latest_only to 2024-08-04 20:00:00+00:00, run_after=2024-08-05 00:00:00+00:00
[2024-08-05T00:00:28.621+0000] {processor.py:183} INFO - Processing /home/airflow/.local/lib/python3.12/site-packages/airflow/example_dags/example_latest_only.py took 0.071 seconds
[2024-08-05T00:00:59.276+0000] {processor.py:161} INFO - Started process (PID=16068) to work on /home/airflow/.local/lib/python3.12/site-packages/airflow/example_dags/example_latest_only.py
[2024-08-05T00:00:59.277+0000] {processor.py:830} INFO - Processing file /home/airflow/.local/lib/python3.12/site-packages/airflow/example_dags/example_latest_only.py for tasks to queue
[2024-08-05T00:00:59.278+0000] {logging_mixin.py:188} INFO - [2024-08-05T00:00:59.278+0000] {dagbag.py:545} INFO - Filling up the DagBag from /home/airflow/.local/lib/python3.12/site-packages/airflow/example_dags/example_latest_only.py
[2024-08-05T00:00:59.282+0000] {processor.py:840} INFO - DAG(s) 'latest_only' retrieved from /home/airflow/.local/lib/python3.12/site-packages/airflow/example_dags/example_latest_only.py
[2024-08-05T00:00:59.302+0000] {logging_mixin.py:188} INFO - [2024-08-05T00:00:59.302+0000] {dag.py:3089} INFO - Sync 1 DAGs
[2024-08-05T00:00:59.322+0000] {logging_mixin.py:188} INFO - [2024-08-05T00:00:59.322+0000] {dag.py:3947} INFO - Setting next_dagrun for latest_only to 2024-08-04 20:00:00+00:00, run_after=2024-08-05 00:00:00+00:00
[2024-08-05T00:00:59.338+0000] {processor.py:183} INFO - Processing /home/airflow/.local/lib/python3.12/site-packages/airflow/example_dags/example_latest_only.py took 0.066 seconds
[2024-08-05T00:01:29.563+0000] {processor.py:161} INFO - Started process (PID=16342) to work on /home/airflow/.local/lib/python3.12/site-packages/airflow/example_dags/example_latest_only.py
[2024-08-05T00:01:29.563+0000] {processor.py:830} INFO - Processing file /home/airflow/.local/lib/python3.12/site-packages/airflow/example_dags/example_latest_only.py for tasks to queue
[2024-08-05T00:01:29.565+0000] {logging_mixin.py:188} INFO - [2024-08-05T00:01:29.564+0000] {dagbag.py:545} INFO - Filling up the DagBag from /home/airflow/.local/lib/python3.12/site-packages/airflow/example_dags/example_latest_only.py
[2024-08-05T00:01:29.568+0000] {processor.py:840} INFO - DAG(s) 'latest_only' retrieved from /home/airflow/.local/lib/python3.12/site-packages/airflow/example_dags/example_latest_only.py
[2024-08-05T00:01:29.588+0000] {logging_mixin.py:188} INFO - [2024-08-05T00:01:29.587+0000] {dag.py:3089} INFO - Sync 1 DAGs
[2024-08-05T00:01:29.606+0000] {logging_mixin.py:188} INFO - [2024-08-05T00:01:29.606+0000] {dag.py:3947} INFO - Setting next_dagrun for latest_only to 2024-08-04 20:00:00+00:00, run_after=2024-08-05 00:00:00+00:00
[2024-08-05T00:01:29.621+0000] {processor.py:183} INFO - Processing /home/airflow/.local/lib/python3.12/site-packages/airflow/example_dags/example_latest_only.py took 0.063 seconds
[2024-08-05T00:01:59.730+0000] {processor.py:161} INFO - Started process (PID=16614) to work on /home/airflow/.local/lib/python3.12/site-packages/airflow/example_dags/example_latest_only.py
[2024-08-05T00:01:59.731+0000] {processor.py:830} INFO - Processing file /home/airflow/.local/lib/python3.12/site-packages/airflow/example_dags/example_latest_only.py for tasks to queue
[2024-08-05T00:01:59.732+0000] {logging_mixin.py:188} INFO - [2024-08-05T00:01:59.732+0000] {dagbag.py:545} INFO - Filling up the DagBag from /home/airflow/.local/lib/python3.12/site-packages/airflow/example_dags/example_latest_only.py
[2024-08-05T00:01:59.737+0000] {processor.py:840} INFO - DAG(s) 'latest_only' retrieved from /home/airflow/.local/lib/python3.12/site-packages/airflow/example_dags/example_latest_only.py
[2024-08-05T00:01:59.756+0000] {logging_mixin.py:188} INFO - [2024-08-05T00:01:59.756+0000] {dag.py:3089} INFO - Sync 1 DAGs
[2024-08-05T00:01:59.774+0000] {logging_mixin.py:188} INFO - [2024-08-05T00:01:59.774+0000] {dag.py:3947} INFO - Setting next_dagrun for latest_only to 2024-08-04 20:00:00+00:00, run_after=2024-08-05 00:00:00+00:00
[2024-08-05T00:01:59.789+0000] {processor.py:183} INFO - Processing /home/airflow/.local/lib/python3.12/site-packages/airflow/example_dags/example_latest_only.py took 0.064 seconds
[2024-08-05T00:02:29.840+0000] {processor.py:161} INFO - Started process (PID=16884) to work on /home/airflow/.local/lib/python3.12/site-packages/airflow/example_dags/example_latest_only.py
[2024-08-05T00:02:29.841+0000] {processor.py:830} INFO - Processing file /home/airflow/.local/lib/python3.12/site-packages/airflow/example_dags/example_latest_only.py for tasks to queue
[2024-08-05T00:02:29.843+0000] {logging_mixin.py:188} INFO - [2024-08-05T00:02:29.842+0000] {dagbag.py:545} INFO - Filling up the DagBag from /home/airflow/.local/lib/python3.12/site-packages/airflow/example_dags/example_latest_only.py
[2024-08-05T00:02:29.846+0000] {processor.py:840} INFO - DAG(s) 'latest_only' retrieved from /home/airflow/.local/lib/python3.12/site-packages/airflow/example_dags/example_latest_only.py
[2024-08-05T00:02:29.865+0000] {logging_mixin.py:188} INFO - [2024-08-05T00:02:29.865+0000] {dag.py:3089} INFO - Sync 1 DAGs
[2024-08-05T00:02:29.884+0000] {logging_mixin.py:188} INFO - [2024-08-05T00:02:29.883+0000] {dag.py:3947} INFO - Setting next_dagrun for latest_only to 2024-08-04 20:00:00+00:00, run_after=2024-08-05 00:00:00+00:00
[2024-08-05T00:02:29.900+0000] {processor.py:183} INFO - Processing /home/airflow/.local/lib/python3.12/site-packages/airflow/example_dags/example_latest_only.py took 0.066 seconds
[2024-08-05T00:03:00.120+0000] {processor.py:161} INFO - Started process (PID=17156) to work on /home/airflow/.local/lib/python3.12/site-packages/airflow/example_dags/example_latest_only.py
[2024-08-05T00:03:00.121+0000] {processor.py:830} INFO - Processing file /home/airflow/.local/lib/python3.12/site-packages/airflow/example_dags/example_latest_only.py for tasks to queue
[2024-08-05T00:03:00.123+0000] {logging_mixin.py:188} INFO - [2024-08-05T00:03:00.122+0000] {dagbag.py:545} INFO - Filling up the DagBag from /home/airflow/.local/lib/python3.12/site-packages/airflow/example_dags/example_latest_only.py
[2024-08-05T00:03:00.126+0000] {processor.py:840} INFO - DAG(s) 'latest_only' retrieved from /home/airflow/.local/lib/python3.12/site-packages/airflow/example_dags/example_latest_only.py
[2024-08-05T00:03:00.146+0000] {logging_mixin.py:188} INFO - [2024-08-05T00:03:00.145+0000] {dag.py:3089} INFO - Sync 1 DAGs
[2024-08-05T00:03:00.164+0000] {logging_mixin.py:188} INFO - [2024-08-05T00:03:00.164+0000] {dag.py:3947} INFO - Setting next_dagrun for latest_only to 2024-08-04 20:00:00+00:00, run_after=2024-08-05 00:00:00+00:00
[2024-08-05T00:03:00.180+0000] {processor.py:183} INFO - Processing /home/airflow/.local/lib/python3.12/site-packages/airflow/example_dags/example_latest_only.py took 0.066 seconds
[2024-08-05T00:03:30.517+0000] {processor.py:161} INFO - Started process (PID=17428) to work on /home/airflow/.local/lib/python3.12/site-packages/airflow/example_dags/example_latest_only.py
[2024-08-05T00:03:30.518+0000] {processor.py:830} INFO - Processing file /home/airflow/.local/lib/python3.12/site-packages/airflow/example_dags/example_latest_only.py for tasks to queue
[2024-08-05T00:03:30.519+0000] {logging_mixin.py:188} INFO - [2024-08-05T00:03:30.519+0000] {dagbag.py:545} INFO - Filling up the DagBag from /home/airflow/.local/lib/python3.12/site-packages/airflow/example_dags/example_latest_only.py
[2024-08-05T00:03:30.523+0000] {processor.py:840} INFO - DAG(s) 'latest_only' retrieved from /home/airflow/.local/lib/python3.12/site-packages/airflow/example_dags/example_latest_only.py
[2024-08-05T00:03:30.544+0000] {logging_mixin.py:188} INFO - [2024-08-05T00:03:30.544+0000] {dag.py:3089} INFO - Sync 1 DAGs
[2024-08-05T00:03:30.564+0000] {logging_mixin.py:188} INFO - [2024-08-05T00:03:30.563+0000] {dag.py:3947} INFO - Setting next_dagrun for latest_only to 2024-08-04 20:00:00+00:00, run_after=2024-08-05 00:00:00+00:00
[2024-08-05T00:03:30.580+0000] {processor.py:183} INFO - Processing /home/airflow/.local/lib/python3.12/site-packages/airflow/example_dags/example_latest_only.py took 0.069 seconds
[2024-08-05T00:04:00.707+0000] {processor.py:161} INFO - Started process (PID=17700) to work on /home/airflow/.local/lib/python3.12/site-packages/airflow/example_dags/example_latest_only.py
[2024-08-05T00:04:00.708+0000] {processor.py:830} INFO - Processing file /home/airflow/.local/lib/python3.12/site-packages/airflow/example_dags/example_latest_only.py for tasks to queue
[2024-08-05T00:04:00.709+0000] {logging_mixin.py:188} INFO - [2024-08-05T00:04:00.709+0000] {dagbag.py:545} INFO - Filling up the DagBag from /home/airflow/.local/lib/python3.12/site-packages/airflow/example_dags/example_latest_only.py
[2024-08-05T00:04:00.713+0000] {processor.py:840} INFO - DAG(s) 'latest_only' retrieved from /home/airflow/.local/lib/python3.12/site-packages/airflow/example_dags/example_latest_only.py
[2024-08-05T00:04:00.735+0000] {logging_mixin.py:188} INFO - [2024-08-05T00:04:00.734+0000] {dag.py:3089} INFO - Sync 1 DAGs
[2024-08-05T00:04:00.757+0000] {logging_mixin.py:188} INFO - [2024-08-05T00:04:00.757+0000] {dag.py:3947} INFO - Setting next_dagrun for latest_only to 2024-08-04 20:00:00+00:00, run_after=2024-08-05 00:00:00+00:00
[2024-08-05T00:04:00.774+0000] {processor.py:183} INFO - Processing /home/airflow/.local/lib/python3.12/site-packages/airflow/example_dags/example_latest_only.py took 0.072 seconds
[2024-08-05T00:04:31.610+0000] {processor.py:161} INFO - Started process (PID=17966) to work on /home/airflow/.local/lib/python3.12/site-packages/airflow/example_dags/example_latest_only.py
[2024-08-05T00:04:31.611+0000] {processor.py:830} INFO - Processing file /home/airflow/.local/lib/python3.12/site-packages/airflow/example_dags/example_latest_only.py for tasks to queue
[2024-08-05T00:04:31.613+0000] {logging_mixin.py:188} INFO - [2024-08-05T00:04:31.613+0000] {dagbag.py:545} INFO - Filling up the DagBag from /home/airflow/.local/lib/python3.12/site-packages/airflow/example_dags/example_latest_only.py
[2024-08-05T00:04:31.618+0000] {processor.py:840} INFO - DAG(s) 'latest_only' retrieved from /home/airflow/.local/lib/python3.12/site-packages/airflow/example_dags/example_latest_only.py
[2024-08-05T00:04:31.640+0000] {logging_mixin.py:188} INFO - [2024-08-05T00:04:31.639+0000] {dag.py:3089} INFO - Sync 1 DAGs
[2024-08-05T00:04:31.661+0000] {logging_mixin.py:188} INFO - [2024-08-05T00:04:31.661+0000] {dag.py:3947} INFO - Setting next_dagrun for latest_only to 2024-08-04 20:00:00+00:00, run_after=2024-08-05 00:00:00+00:00
[2024-08-05T00:04:31.678+0000] {processor.py:183} INFO - Processing /home/airflow/.local/lib/python3.12/site-packages/airflow/example_dags/example_latest_only.py took 0.073 seconds
[2024-08-05T00:05:01.899+0000] {processor.py:161} INFO - Started process (PID=18238) to work on /home/airflow/.local/lib/python3.12/site-packages/airflow/example_dags/example_latest_only.py
[2024-08-05T00:05:01.900+0000] {processor.py:830} INFO - Processing file /home/airflow/.local/lib/python3.12/site-packages/airflow/example_dags/example_latest_only.py for tasks to queue
[2024-08-05T00:05:01.901+0000] {logging_mixin.py:188} INFO - [2024-08-05T00:05:01.901+0000] {dagbag.py:545} INFO - Filling up the DagBag from /home/airflow/.local/lib/python3.12/site-packages/airflow/example_dags/example_latest_only.py
[2024-08-05T00:05:01.905+0000] {processor.py:840} INFO - DAG(s) 'latest_only' retrieved from /home/airflow/.local/lib/python3.12/site-packages/airflow/example_dags/example_latest_only.py
[2024-08-05T00:05:01.926+0000] {logging_mixin.py:188} INFO - [2024-08-05T00:05:01.926+0000] {dag.py:3089} INFO - Sync 1 DAGs
[2024-08-05T00:05:01.947+0000] {logging_mixin.py:188} INFO - [2024-08-05T00:05:01.947+0000] {dag.py:3947} INFO - Setting next_dagrun for latest_only to 2024-08-04 20:00:00+00:00, run_after=2024-08-05 00:00:00+00:00
[2024-08-05T00:05:01.966+0000] {processor.py:183} INFO - Processing /home/airflow/.local/lib/python3.12/site-packages/airflow/example_dags/example_latest_only.py took 0.072 seconds
[2024-08-05T00:05:32.126+0000] {processor.py:161} INFO - Started process (PID=18510) to work on /home/airflow/.local/lib/python3.12/site-packages/airflow/example_dags/example_latest_only.py
[2024-08-05T00:05:32.126+0000] {processor.py:830} INFO - Processing file /home/airflow/.local/lib/python3.12/site-packages/airflow/example_dags/example_latest_only.py for tasks to queue
[2024-08-05T00:05:32.128+0000] {logging_mixin.py:188} INFO - [2024-08-05T00:05:32.128+0000] {dagbag.py:545} INFO - Filling up the DagBag from /home/airflow/.local/lib/python3.12/site-packages/airflow/example_dags/example_latest_only.py
[2024-08-05T00:05:32.132+0000] {processor.py:840} INFO - DAG(s) 'latest_only' retrieved from /home/airflow/.local/lib/python3.12/site-packages/airflow/example_dags/example_latest_only.py
[2024-08-05T00:05:32.154+0000] {logging_mixin.py:188} INFO - [2024-08-05T00:05:32.154+0000] {dag.py:3089} INFO - Sync 1 DAGs
[2024-08-05T00:05:32.176+0000] {logging_mixin.py:188} INFO - [2024-08-05T00:05:32.175+0000] {dag.py:3947} INFO - Setting next_dagrun for latest_only to 2024-08-04 20:00:00+00:00, run_after=2024-08-05 00:00:00+00:00
[2024-08-05T00:05:32.194+0000] {processor.py:183} INFO - Processing /home/airflow/.local/lib/python3.12/site-packages/airflow/example_dags/example_latest_only.py took 0.074 seconds
[2024-08-05T00:06:02.427+0000] {processor.py:161} INFO - Started process (PID=18782) to work on /home/airflow/.local/lib/python3.12/site-packages/airflow/example_dags/example_latest_only.py
[2024-08-05T00:06:02.428+0000] {processor.py:830} INFO - Processing file /home/airflow/.local/lib/python3.12/site-packages/airflow/example_dags/example_latest_only.py for tasks to queue
[2024-08-05T00:06:02.430+0000] {logging_mixin.py:188} INFO - [2024-08-05T00:06:02.429+0000] {dagbag.py:545} INFO - Filling up the DagBag from /home/airflow/.local/lib/python3.12/site-packages/airflow/example_dags/example_latest_only.py
[2024-08-05T00:06:02.434+0000] {processor.py:840} INFO - DAG(s) 'latest_only' retrieved from /home/airflow/.local/lib/python3.12/site-packages/airflow/example_dags/example_latest_only.py
[2024-08-05T00:06:02.455+0000] {logging_mixin.py:188} INFO - [2024-08-05T00:06:02.454+0000] {dag.py:3089} INFO - Sync 1 DAGs
[2024-08-05T00:06:02.476+0000] {logging_mixin.py:188} INFO - [2024-08-05T00:06:02.476+0000] {dag.py:3947} INFO - Setting next_dagrun for latest_only to 2024-08-04 20:00:00+00:00, run_after=2024-08-05 00:00:00+00:00
[2024-08-05T00:06:02.493+0000] {processor.py:183} INFO - Processing /home/airflow/.local/lib/python3.12/site-packages/airflow/example_dags/example_latest_only.py took 0.071 seconds
[2024-08-05T00:06:32.628+0000] {processor.py:161} INFO - Started process (PID=19054) to work on /home/airflow/.local/lib/python3.12/site-packages/airflow/example_dags/example_latest_only.py
[2024-08-05T00:06:32.629+0000] {processor.py:830} INFO - Processing file /home/airflow/.local/lib/python3.12/site-packages/airflow/example_dags/example_latest_only.py for tasks to queue
[2024-08-05T00:06:32.632+0000] {logging_mixin.py:188} INFO - [2024-08-05T00:06:32.631+0000] {dagbag.py:545} INFO - Filling up the DagBag from /home/airflow/.local/lib/python3.12/site-packages/airflow/example_dags/example_latest_only.py
[2024-08-05T00:06:32.636+0000] {processor.py:840} INFO - DAG(s) 'latest_only' retrieved from /home/airflow/.local/lib/python3.12/site-packages/airflow/example_dags/example_latest_only.py
[2024-08-05T00:06:32.657+0000] {logging_mixin.py:188} INFO - [2024-08-05T00:06:32.657+0000] {dag.py:3089} INFO - Sync 1 DAGs
[2024-08-05T00:06:32.679+0000] {logging_mixin.py:188} INFO - [2024-08-05T00:06:32.679+0000] {dag.py:3947} INFO - Setting next_dagrun for latest_only to 2024-08-04 20:00:00+00:00, run_after=2024-08-05 00:00:00+00:00
[2024-08-05T00:06:32.696+0000] {processor.py:183} INFO - Processing /home/airflow/.local/lib/python3.12/site-packages/airflow/example_dags/example_latest_only.py took 0.073 seconds
[2024-08-05T00:07:03.662+0000] {processor.py:161} INFO - Started process (PID=19326) to work on /home/airflow/.local/lib/python3.12/site-packages/airflow/example_dags/example_latest_only.py
[2024-08-05T00:07:03.663+0000] {processor.py:830} INFO - Processing file /home/airflow/.local/lib/python3.12/site-packages/airflow/example_dags/example_latest_only.py for tasks to queue
[2024-08-05T00:07:03.664+0000] {logging_mixin.py:188} INFO - [2024-08-05T00:07:03.664+0000] {dagbag.py:545} INFO - Filling up the DagBag from /home/airflow/.local/lib/python3.12/site-packages/airflow/example_dags/example_latest_only.py
[2024-08-05T00:07:03.668+0000] {processor.py:840} INFO - DAG(s) 'latest_only' retrieved from /home/airflow/.local/lib/python3.12/site-packages/airflow/example_dags/example_latest_only.py
[2024-08-05T00:07:03.690+0000] {logging_mixin.py:188} INFO - [2024-08-05T00:07:03.689+0000] {dag.py:3089} INFO - Sync 1 DAGs
[2024-08-05T00:07:03.711+0000] {logging_mixin.py:188} INFO - [2024-08-05T00:07:03.711+0000] {dag.py:3947} INFO - Setting next_dagrun for latest_only to 2024-08-04 20:00:00+00:00, run_after=2024-08-05 00:00:00+00:00
[2024-08-05T00:07:03.728+0000] {processor.py:183} INFO - Processing /home/airflow/.local/lib/python3.12/site-packages/airflow/example_dags/example_latest_only.py took 0.073 seconds
[2024-08-05T00:07:34.000+0000] {processor.py:161} INFO - Started process (PID=19598) to work on /home/airflow/.local/lib/python3.12/site-packages/airflow/example_dags/example_latest_only.py
[2024-08-05T00:07:34.001+0000] {processor.py:830} INFO - Processing file /home/airflow/.local/lib/python3.12/site-packages/airflow/example_dags/example_latest_only.py for tasks to queue
[2024-08-05T00:07:34.002+0000] {logging_mixin.py:188} INFO - [2024-08-05T00:07:34.002+0000] {dagbag.py:545} INFO - Filling up the DagBag from /home/airflow/.local/lib/python3.12/site-packages/airflow/example_dags/example_latest_only.py
[2024-08-05T00:07:34.006+0000] {processor.py:840} INFO - DAG(s) 'latest_only' retrieved from /home/airflow/.local/lib/python3.12/site-packages/airflow/example_dags/example_latest_only.py
[2024-08-05T00:07:34.027+0000] {logging_mixin.py:188} INFO - [2024-08-05T00:07:34.027+0000] {dag.py:3089} INFO - Sync 1 DAGs
[2024-08-05T00:07:34.049+0000] {logging_mixin.py:188} INFO - [2024-08-05T00:07:34.049+0000] {dag.py:3947} INFO - Setting next_dagrun for latest_only to 2024-08-04 20:00:00+00:00, run_after=2024-08-05 00:00:00+00:00
[2024-08-05T00:07:34.065+0000] {processor.py:183} INFO - Processing /home/airflow/.local/lib/python3.12/site-packages/airflow/example_dags/example_latest_only.py took 0.070 seconds
[2024-08-05T00:08:04.203+0000] {processor.py:161} INFO - Started process (PID=19870) to work on /home/airflow/.local/lib/python3.12/site-packages/airflow/example_dags/example_latest_only.py
[2024-08-05T00:08:04.204+0000] {processor.py:830} INFO - Processing file /home/airflow/.local/lib/python3.12/site-packages/airflow/example_dags/example_latest_only.py for tasks to queue
[2024-08-05T00:08:04.206+0000] {logging_mixin.py:188} INFO - [2024-08-05T00:08:04.205+0000] {dagbag.py:545} INFO - Filling up the DagBag from /home/airflow/.local/lib/python3.12/site-packages/airflow/example_dags/example_latest_only.py
[2024-08-05T00:08:04.211+0000] {processor.py:840} INFO - DAG(s) 'latest_only' retrieved from /home/airflow/.local/lib/python3.12/site-packages/airflow/example_dags/example_latest_only.py
[2024-08-05T00:08:04.231+0000] {logging_mixin.py:188} INFO - [2024-08-05T00:08:04.231+0000] {dag.py:3089} INFO - Sync 1 DAGs
[2024-08-05T00:08:04.252+0000] {logging_mixin.py:188} INFO - [2024-08-05T00:08:04.252+0000] {dag.py:3947} INFO - Setting next_dagrun for latest_only to 2024-08-04 20:00:00+00:00, run_after=2024-08-05 00:00:00+00:00
[2024-08-05T00:08:04.268+0000] {processor.py:183} INFO - Processing /home/airflow/.local/lib/python3.12/site-packages/airflow/example_dags/example_latest_only.py took 0.069 seconds
[2024-08-05T00:08:34.662+0000] {processor.py:161} INFO - Started process (PID=20144) to work on /home/airflow/.local/lib/python3.12/site-packages/airflow/example_dags/example_latest_only.py
[2024-08-05T00:08:34.662+0000] {processor.py:830} INFO - Processing file /home/airflow/.local/lib/python3.12/site-packages/airflow/example_dags/example_latest_only.py for tasks to queue
[2024-08-05T00:08:34.664+0000] {logging_mixin.py:188} INFO - [2024-08-05T00:08:34.664+0000] {dagbag.py:545} INFO - Filling up the DagBag from /home/airflow/.local/lib/python3.12/site-packages/airflow/example_dags/example_latest_only.py
[2024-08-05T00:08:34.667+0000] {processor.py:840} INFO - DAG(s) 'latest_only' retrieved from /home/airflow/.local/lib/python3.12/site-packages/airflow/example_dags/example_latest_only.py
[2024-08-05T00:08:34.686+0000] {logging_mixin.py:188} INFO - [2024-08-05T00:08:34.686+0000] {dag.py:3089} INFO - Sync 1 DAGs
[2024-08-05T00:08:34.706+0000] {logging_mixin.py:188} INFO - [2024-08-05T00:08:34.705+0000] {dag.py:3947} INFO - Setting next_dagrun for latest_only to 2024-08-04 20:00:00+00:00, run_after=2024-08-05 00:00:00+00:00
[2024-08-05T00:08:34.723+0000] {processor.py:183} INFO - Processing /home/airflow/.local/lib/python3.12/site-packages/airflow/example_dags/example_latest_only.py took 0.067 seconds
[2024-08-05T00:09:04.823+0000] {processor.py:161} INFO - Started process (PID=20414) to work on /home/airflow/.local/lib/python3.12/site-packages/airflow/example_dags/example_latest_only.py
[2024-08-05T00:09:04.824+0000] {processor.py:830} INFO - Processing file /home/airflow/.local/lib/python3.12/site-packages/airflow/example_dags/example_latest_only.py for tasks to queue
[2024-08-05T00:09:04.825+0000] {logging_mixin.py:188} INFO - [2024-08-05T00:09:04.825+0000] {dagbag.py:545} INFO - Filling up the DagBag from /home/airflow/.local/lib/python3.12/site-packages/airflow/example_dags/example_latest_only.py
[2024-08-05T00:09:04.829+0000] {processor.py:840} INFO - DAG(s) 'latest_only' retrieved from /home/airflow/.local/lib/python3.12/site-packages/airflow/example_dags/example_latest_only.py
[2024-08-05T00:09:04.848+0000] {logging_mixin.py:188} INFO - [2024-08-05T00:09:04.847+0000] {dag.py:3089} INFO - Sync 1 DAGs
[2024-08-05T00:09:04.866+0000] {logging_mixin.py:188} INFO - [2024-08-05T00:09:04.866+0000] {dag.py:3947} INFO - Setting next_dagrun for latest_only to 2024-08-04 20:00:00+00:00, run_after=2024-08-05 00:00:00+00:00
[2024-08-05T00:09:04.882+0000] {processor.py:183} INFO - Processing /home/airflow/.local/lib/python3.12/site-packages/airflow/example_dags/example_latest_only.py took 0.064 seconds
[2024-08-05T00:09:35.561+0000] {processor.py:161} INFO - Started process (PID=20686) to work on /home/airflow/.local/lib/python3.12/site-packages/airflow/example_dags/example_latest_only.py
[2024-08-05T00:09:35.561+0000] {processor.py:830} INFO - Processing file /home/airflow/.local/lib/python3.12/site-packages/airflow/example_dags/example_latest_only.py for tasks to queue
[2024-08-05T00:09:35.563+0000] {logging_mixin.py:188} INFO - [2024-08-05T00:09:35.563+0000] {dagbag.py:545} INFO - Filling up the DagBag from /home/airflow/.local/lib/python3.12/site-packages/airflow/example_dags/example_latest_only.py
[2024-08-05T00:09:35.566+0000] {processor.py:840} INFO - DAG(s) 'latest_only' retrieved from /home/airflow/.local/lib/python3.12/site-packages/airflow/example_dags/example_latest_only.py
[2024-08-05T00:09:35.584+0000] {logging_mixin.py:188} INFO - [2024-08-05T00:09:35.584+0000] {dag.py:3089} INFO - Sync 1 DAGs
[2024-08-05T00:09:35.602+0000] {logging_mixin.py:188} INFO - [2024-08-05T00:09:35.602+0000] {dag.py:3947} INFO - Setting next_dagrun for latest_only to 2024-08-04 20:00:00+00:00, run_after=2024-08-05 00:00:00+00:00
[2024-08-05T00:09:35.616+0000] {processor.py:183} INFO - Processing /home/airflow/.local/lib/python3.12/site-packages/airflow/example_dags/example_latest_only.py took 0.060 seconds
[2024-08-05T00:10:06.199+0000] {processor.py:161} INFO - Started process (PID=20964) to work on /home/airflow/.local/lib/python3.12/site-packages/airflow/example_dags/example_latest_only.py
[2024-08-05T00:10:06.200+0000] {processor.py:830} INFO - Processing file /home/airflow/.local/lib/python3.12/site-packages/airflow/example_dags/example_latest_only.py for tasks to queue
[2024-08-05T00:10:06.201+0000] {logging_mixin.py:188} INFO - [2024-08-05T00:10:06.201+0000] {dagbag.py:545} INFO - Filling up the DagBag from /home/airflow/.local/lib/python3.12/site-packages/airflow/example_dags/example_latest_only.py
[2024-08-05T00:10:06.205+0000] {processor.py:840} INFO - DAG(s) 'latest_only' retrieved from /home/airflow/.local/lib/python3.12/site-packages/airflow/example_dags/example_latest_only.py
[2024-08-05T00:10:06.225+0000] {logging_mixin.py:188} INFO - [2024-08-05T00:10:06.224+0000] {dag.py:3089} INFO - Sync 1 DAGs
[2024-08-05T00:10:06.243+0000] {logging_mixin.py:188} INFO - [2024-08-05T00:10:06.243+0000] {dag.py:3947} INFO - Setting next_dagrun for latest_only to 2024-08-04 20:00:00+00:00, run_after=2024-08-05 00:00:00+00:00
[2024-08-05T00:10:06.258+0000] {processor.py:183} INFO - Processing /home/airflow/.local/lib/python3.12/site-packages/airflow/example_dags/example_latest_only.py took 0.063 seconds
[2024-08-05T00:10:36.929+0000] {processor.py:161} INFO - Started process (PID=21239) to work on /home/airflow/.local/lib/python3.12/site-packages/airflow/example_dags/example_latest_only.py
[2024-08-05T00:10:36.930+0000] {processor.py:830} INFO - Processing file /home/airflow/.local/lib/python3.12/site-packages/airflow/example_dags/example_latest_only.py for tasks to queue
[2024-08-05T00:10:36.931+0000] {logging_mixin.py:188} INFO - [2024-08-05T00:10:36.931+0000] {dagbag.py:545} INFO - Filling up the DagBag from /home/airflow/.local/lib/python3.12/site-packages/airflow/example_dags/example_latest_only.py
[2024-08-05T00:10:36.935+0000] {processor.py:840} INFO - DAG(s) 'latest_only' retrieved from /home/airflow/.local/lib/python3.12/site-packages/airflow/example_dags/example_latest_only.py
[2024-08-05T00:10:36.956+0000] {logging_mixin.py:188} INFO - [2024-08-05T00:10:36.956+0000] {dag.py:3089} INFO - Sync 1 DAGs
[2024-08-05T00:10:36.978+0000] {logging_mixin.py:188} INFO - [2024-08-05T00:10:36.978+0000] {dag.py:3947} INFO - Setting next_dagrun for latest_only to 2024-08-04 20:00:00+00:00, run_after=2024-08-05 00:00:00+00:00
[2024-08-05T00:10:36.994+0000] {processor.py:183} INFO - Processing /home/airflow/.local/lib/python3.12/site-packages/airflow/example_dags/example_latest_only.py took 0.071 seconds
[2024-08-05T00:11:07.667+0000] {processor.py:161} INFO - Started process (PID=21511) to work on /home/airflow/.local/lib/python3.12/site-packages/airflow/example_dags/example_latest_only.py
[2024-08-05T00:11:07.667+0000] {processor.py:830} INFO - Processing file /home/airflow/.local/lib/python3.12/site-packages/airflow/example_dags/example_latest_only.py for tasks to queue
[2024-08-05T00:11:07.669+0000] {logging_mixin.py:188} INFO - [2024-08-05T00:11:07.669+0000] {dagbag.py:545} INFO - Filling up the DagBag from /home/airflow/.local/lib/python3.12/site-packages/airflow/example_dags/example_latest_only.py
[2024-08-05T00:11:07.673+0000] {processor.py:840} INFO - DAG(s) 'latest_only' retrieved from /home/airflow/.local/lib/python3.12/site-packages/airflow/example_dags/example_latest_only.py
[2024-08-05T00:11:07.694+0000] {logging_mixin.py:188} INFO - [2024-08-05T00:11:07.693+0000] {dag.py:3089} INFO - Sync 1 DAGs
[2024-08-05T00:11:07.715+0000] {logging_mixin.py:188} INFO - [2024-08-05T00:11:07.714+0000] {dag.py:3947} INFO - Setting next_dagrun for latest_only to 2024-08-04 20:00:00+00:00, run_after=2024-08-05 00:00:00+00:00
[2024-08-05T00:11:07.733+0000] {processor.py:183} INFO - Processing /home/airflow/.local/lib/python3.12/site-packages/airflow/example_dags/example_latest_only.py took 0.071 seconds
[2024-08-05T00:11:38.555+0000] {processor.py:161} INFO - Started process (PID=21783) to work on /home/airflow/.local/lib/python3.12/site-packages/airflow/example_dags/example_latest_only.py
[2024-08-05T00:11:38.555+0000] {processor.py:830} INFO - Processing file /home/airflow/.local/lib/python3.12/site-packages/airflow/example_dags/example_latest_only.py for tasks to queue
[2024-08-05T00:11:38.557+0000] {logging_mixin.py:188} INFO - [2024-08-05T00:11:38.557+0000] {dagbag.py:545} INFO - Filling up the DagBag from /home/airflow/.local/lib/python3.12/site-packages/airflow/example_dags/example_latest_only.py
[2024-08-05T00:11:38.560+0000] {processor.py:840} INFO - DAG(s) 'latest_only' retrieved from /home/airflow/.local/lib/python3.12/site-packages/airflow/example_dags/example_latest_only.py
[2024-08-05T00:11:38.580+0000] {logging_mixin.py:188} INFO - [2024-08-05T00:11:38.580+0000] {dag.py:3089} INFO - Sync 1 DAGs
[2024-08-05T00:11:38.604+0000] {logging_mixin.py:188} INFO - [2024-08-05T00:11:38.603+0000] {dag.py:3947} INFO - Setting next_dagrun for latest_only to 2024-08-04 20:00:00+00:00, run_after=2024-08-05 00:00:00+00:00
[2024-08-05T00:11:38.624+0000] {processor.py:183} INFO - Processing /home/airflow/.local/lib/python3.12/site-packages/airflow/example_dags/example_latest_only.py took 0.075 seconds
[2024-08-05T00:12:08.800+0000] {processor.py:161} INFO - Started process (PID=22055) to work on /home/airflow/.local/lib/python3.12/site-packages/airflow/example_dags/example_latest_only.py
[2024-08-05T00:12:08.802+0000] {processor.py:830} INFO - Processing file /home/airflow/.local/lib/python3.12/site-packages/airflow/example_dags/example_latest_only.py for tasks to queue
[2024-08-05T00:12:08.804+0000] {logging_mixin.py:188} INFO - [2024-08-05T00:12:08.804+0000] {dagbag.py:545} INFO - Filling up the DagBag from /home/airflow/.local/lib/python3.12/site-packages/airflow/example_dags/example_latest_only.py
[2024-08-05T00:12:08.808+0000] {processor.py:840} INFO - DAG(s) 'latest_only' retrieved from /home/airflow/.local/lib/python3.12/site-packages/airflow/example_dags/example_latest_only.py
[2024-08-05T00:12:08.829+0000] {logging_mixin.py:188} INFO - [2024-08-05T00:12:08.829+0000] {dag.py:3089} INFO - Sync 1 DAGs
[2024-08-05T00:12:08.850+0000] {logging_mixin.py:188} INFO - [2024-08-05T00:12:08.849+0000] {dag.py:3947} INFO - Setting next_dagrun for latest_only to 2024-08-04 20:00:00+00:00, run_after=2024-08-05 00:00:00+00:00
[2024-08-05T00:12:08.866+0000] {processor.py:183} INFO - Processing /home/airflow/.local/lib/python3.12/site-packages/airflow/example_dags/example_latest_only.py took 0.070 seconds
[2024-08-05T00:12:39.061+0000] {processor.py:161} INFO - Started process (PID=22327) to work on /home/airflow/.local/lib/python3.12/site-packages/airflow/example_dags/example_latest_only.py
[2024-08-05T00:12:39.062+0000] {processor.py:830} INFO - Processing file /home/airflow/.local/lib/python3.12/site-packages/airflow/example_dags/example_latest_only.py for tasks to queue
[2024-08-05T00:12:39.063+0000] {logging_mixin.py:188} INFO - [2024-08-05T00:12:39.063+0000] {dagbag.py:545} INFO - Filling up the DagBag from /home/airflow/.local/lib/python3.12/site-packages/airflow/example_dags/example_latest_only.py
[2024-08-05T00:12:39.068+0000] {processor.py:840} INFO - DAG(s) 'latest_only' retrieved from /home/airflow/.local/lib/python3.12/site-packages/airflow/example_dags/example_latest_only.py
[2024-08-05T00:12:39.089+0000] {logging_mixin.py:188} INFO - [2024-08-05T00:12:39.088+0000] {dag.py:3089} INFO - Sync 1 DAGs
[2024-08-05T00:12:39.109+0000] {logging_mixin.py:188} INFO - [2024-08-05T00:12:39.109+0000] {dag.py:3947} INFO - Setting next_dagrun for latest_only to 2024-08-04 20:00:00+00:00, run_after=2024-08-05 00:00:00+00:00
[2024-08-05T00:12:39.126+0000] {processor.py:183} INFO - Processing /home/airflow/.local/lib/python3.12/site-packages/airflow/example_dags/example_latest_only.py took 0.069 seconds
[2024-08-05T00:13:09.285+0000] {processor.py:161} INFO - Started process (PID=22599) to work on /home/airflow/.local/lib/python3.12/site-packages/airflow/example_dags/example_latest_only.py
[2024-08-05T00:13:09.286+0000] {processor.py:830} INFO - Processing file /home/airflow/.local/lib/python3.12/site-packages/airflow/example_dags/example_latest_only.py for tasks to queue
[2024-08-05T00:13:09.288+0000] {logging_mixin.py:188} INFO - [2024-08-05T00:13:09.287+0000] {dagbag.py:545} INFO - Filling up the DagBag from /home/airflow/.local/lib/python3.12/site-packages/airflow/example_dags/example_latest_only.py
[2024-08-05T00:13:09.292+0000] {processor.py:840} INFO - DAG(s) 'latest_only' retrieved from /home/airflow/.local/lib/python3.12/site-packages/airflow/example_dags/example_latest_only.py
[2024-08-05T00:13:09.315+0000] {logging_mixin.py:188} INFO - [2024-08-05T00:13:09.314+0000] {dag.py:3089} INFO - Sync 1 DAGs
[2024-08-05T00:13:09.336+0000] {logging_mixin.py:188} INFO - [2024-08-05T00:13:09.335+0000] {dag.py:3947} INFO - Setting next_dagrun for latest_only to 2024-08-04 20:00:00+00:00, run_after=2024-08-05 00:00:00+00:00
[2024-08-05T00:13:09.353+0000] {processor.py:183} INFO - Processing /home/airflow/.local/lib/python3.12/site-packages/airflow/example_dags/example_latest_only.py took 0.074 seconds
[2024-08-05T00:13:40.848+0000] {processor.py:161} INFO - Started process (PID=22871) to work on /home/airflow/.local/lib/python3.12/site-packages/airflow/example_dags/example_latest_only.py
[2024-08-05T00:13:40.850+0000] {processor.py:830} INFO - Processing file /home/airflow/.local/lib/python3.12/site-packages/airflow/example_dags/example_latest_only.py for tasks to queue
[2024-08-05T00:13:40.853+0000] {logging_mixin.py:188} INFO - [2024-08-05T00:13:40.852+0000] {dagbag.py:545} INFO - Filling up the DagBag from /home/airflow/.local/lib/python3.12/site-packages/airflow/example_dags/example_latest_only.py
[2024-08-05T00:13:40.870+0000] {processor.py:840} INFO - DAG(s) 'latest_only' retrieved from /home/airflow/.local/lib/python3.12/site-packages/airflow/example_dags/example_latest_only.py
[2024-08-05T00:13:40.923+0000] {logging_mixin.py:188} INFO - [2024-08-05T00:13:40.923+0000] {dag.py:3089} INFO - Sync 1 DAGs
[2024-08-05T00:13:40.997+0000] {logging_mixin.py:188} INFO - [2024-08-05T00:13:40.997+0000] {dag.py:3947} INFO - Setting next_dagrun for latest_only to 2024-08-04 20:00:00+00:00, run_after=2024-08-05 00:00:00+00:00
[2024-08-05T00:13:41.055+0000] {processor.py:183} INFO - Processing /home/airflow/.local/lib/python3.12/site-packages/airflow/example_dags/example_latest_only.py took 0.223 seconds
[2024-08-05T00:14:11.256+0000] {processor.py:161} INFO - Started process (PID=23145) to work on /home/airflow/.local/lib/python3.12/site-packages/airflow/example_dags/example_latest_only.py
[2024-08-05T00:14:11.257+0000] {processor.py:830} INFO - Processing file /home/airflow/.local/lib/python3.12/site-packages/airflow/example_dags/example_latest_only.py for tasks to queue
[2024-08-05T00:14:11.258+0000] {logging_mixin.py:188} INFO - [2024-08-05T00:14:11.258+0000] {dagbag.py:545} INFO - Filling up the DagBag from /home/airflow/.local/lib/python3.12/site-packages/airflow/example_dags/example_latest_only.py
[2024-08-05T00:14:11.262+0000] {processor.py:840} INFO - DAG(s) 'latest_only' retrieved from /home/airflow/.local/lib/python3.12/site-packages/airflow/example_dags/example_latest_only.py
[2024-08-05T00:14:11.279+0000] {logging_mixin.py:188} INFO - [2024-08-05T00:14:11.279+0000] {dag.py:3089} INFO - Sync 1 DAGs
[2024-08-05T00:14:11.300+0000] {logging_mixin.py:188} INFO - [2024-08-05T00:14:11.299+0000] {dag.py:3947} INFO - Setting next_dagrun for latest_only to 2024-08-04 20:00:00+00:00, run_after=2024-08-05 00:00:00+00:00
[2024-08-05T00:14:11.315+0000] {processor.py:183} INFO - Processing /home/airflow/.local/lib/python3.12/site-packages/airflow/example_dags/example_latest_only.py took 0.065 seconds
[2024-08-05T00:14:41.378+0000] {processor.py:161} INFO - Started process (PID=23417) to work on /home/airflow/.local/lib/python3.12/site-packages/airflow/example_dags/example_latest_only.py
[2024-08-05T00:14:41.379+0000] {processor.py:830} INFO - Processing file /home/airflow/.local/lib/python3.12/site-packages/airflow/example_dags/example_latest_only.py for tasks to queue
[2024-08-05T00:14:41.381+0000] {logging_mixin.py:188} INFO - [2024-08-05T00:14:41.381+0000] {dagbag.py:545} INFO - Filling up the DagBag from /home/airflow/.local/lib/python3.12/site-packages/airflow/example_dags/example_latest_only.py
[2024-08-05T00:14:41.387+0000] {processor.py:840} INFO - DAG(s) 'latest_only' retrieved from /home/airflow/.local/lib/python3.12/site-packages/airflow/example_dags/example_latest_only.py
[2024-08-05T00:14:41.404+0000] {logging_mixin.py:188} INFO - [2024-08-05T00:14:41.404+0000] {dag.py:3089} INFO - Sync 1 DAGs
[2024-08-05T00:14:41.424+0000] {logging_mixin.py:188} INFO - [2024-08-05T00:14:41.424+0000] {dag.py:3947} INFO - Setting next_dagrun for latest_only to 2024-08-04 20:00:00+00:00, run_after=2024-08-05 00:00:00+00:00
[2024-08-05T00:14:41.441+0000] {processor.py:183} INFO - Processing /home/airflow/.local/lib/python3.12/site-packages/airflow/example_dags/example_latest_only.py took 0.068 seconds
[2024-08-05T00:15:11.583+0000] {processor.py:161} INFO - Started process (PID=23689) to work on /home/airflow/.local/lib/python3.12/site-packages/airflow/example_dags/example_latest_only.py
[2024-08-05T00:15:11.584+0000] {processor.py:830} INFO - Processing file /home/airflow/.local/lib/python3.12/site-packages/airflow/example_dags/example_latest_only.py for tasks to queue
[2024-08-05T00:15:11.586+0000] {logging_mixin.py:188} INFO - [2024-08-05T00:15:11.585+0000] {dagbag.py:545} INFO - Filling up the DagBag from /home/airflow/.local/lib/python3.12/site-packages/airflow/example_dags/example_latest_only.py
[2024-08-05T00:15:11.589+0000] {processor.py:840} INFO - DAG(s) 'latest_only' retrieved from /home/airflow/.local/lib/python3.12/site-packages/airflow/example_dags/example_latest_only.py
[2024-08-05T00:15:11.609+0000] {logging_mixin.py:188} INFO - [2024-08-05T00:15:11.609+0000] {dag.py:3089} INFO - Sync 1 DAGs
[2024-08-05T00:15:11.630+0000] {logging_mixin.py:188} INFO - [2024-08-05T00:15:11.629+0000] {dag.py:3947} INFO - Setting next_dagrun for latest_only to 2024-08-04 20:00:00+00:00, run_after=2024-08-05 00:00:00+00:00
[2024-08-05T00:15:11.647+0000] {processor.py:183} INFO - Processing /home/airflow/.local/lib/python3.12/site-packages/airflow/example_dags/example_latest_only.py took 0.070 seconds
[2024-08-05T00:15:41.853+0000] {processor.py:161} INFO - Started process (PID=23959) to work on /home/airflow/.local/lib/python3.12/site-packages/airflow/example_dags/example_latest_only.py
[2024-08-05T00:15:41.854+0000] {processor.py:830} INFO - Processing file /home/airflow/.local/lib/python3.12/site-packages/airflow/example_dags/example_latest_only.py for tasks to queue
[2024-08-05T00:15:41.855+0000] {logging_mixin.py:188} INFO - [2024-08-05T00:15:41.855+0000] {dagbag.py:545} INFO - Filling up the DagBag from /home/airflow/.local/lib/python3.12/site-packages/airflow/example_dags/example_latest_only.py
[2024-08-05T00:15:41.859+0000] {processor.py:840} INFO - DAG(s) 'latest_only' retrieved from /home/airflow/.local/lib/python3.12/site-packages/airflow/example_dags/example_latest_only.py
[2024-08-05T00:15:41.879+0000] {logging_mixin.py:188} INFO - [2024-08-05T00:15:41.879+0000] {dag.py:3089} INFO - Sync 1 DAGs
[2024-08-05T00:15:41.896+0000] {logging_mixin.py:188} INFO - [2024-08-05T00:15:41.896+0000] {dag.py:3947} INFO - Setting next_dagrun for latest_only to 2024-08-04 20:00:00+00:00, run_after=2024-08-05 00:00:00+00:00
[2024-08-05T00:15:41.914+0000] {processor.py:183} INFO - Processing /home/airflow/.local/lib/python3.12/site-packages/airflow/example_dags/example_latest_only.py took 0.067 seconds
[2024-08-05T00:16:12.473+0000] {processor.py:161} INFO - Started process (PID=24233) to work on /home/airflow/.local/lib/python3.12/site-packages/airflow/example_dags/example_latest_only.py
[2024-08-05T00:16:12.474+0000] {processor.py:830} INFO - Processing file /home/airflow/.local/lib/python3.12/site-packages/airflow/example_dags/example_latest_only.py for tasks to queue
[2024-08-05T00:16:12.475+0000] {logging_mixin.py:188} INFO - [2024-08-05T00:16:12.475+0000] {dagbag.py:545} INFO - Filling up the DagBag from /home/airflow/.local/lib/python3.12/site-packages/airflow/example_dags/example_latest_only.py
[2024-08-05T00:16:12.479+0000] {processor.py:840} INFO - DAG(s) 'latest_only' retrieved from /home/airflow/.local/lib/python3.12/site-packages/airflow/example_dags/example_latest_only.py
[2024-08-05T00:16:12.500+0000] {logging_mixin.py:188} INFO - [2024-08-05T00:16:12.499+0000] {dag.py:3089} INFO - Sync 1 DAGs
[2024-08-05T00:16:12.519+0000] {logging_mixin.py:188} INFO - [2024-08-05T00:16:12.519+0000] {dag.py:3947} INFO - Setting next_dagrun for latest_only to 2024-08-04 20:00:00+00:00, run_after=2024-08-05 00:00:00+00:00
[2024-08-05T00:16:12.535+0000] {processor.py:183} INFO - Processing /home/airflow/.local/lib/python3.12/site-packages/airflow/example_dags/example_latest_only.py took 0.067 seconds
[2024-08-05T00:16:42.766+0000] {processor.py:161} INFO - Started process (PID=24505) to work on /home/airflow/.local/lib/python3.12/site-packages/airflow/example_dags/example_latest_only.py
[2024-08-05T00:16:42.767+0000] {processor.py:830} INFO - Processing file /home/airflow/.local/lib/python3.12/site-packages/airflow/example_dags/example_latest_only.py for tasks to queue
[2024-08-05T00:16:42.768+0000] {logging_mixin.py:188} INFO - [2024-08-05T00:16:42.768+0000] {dagbag.py:545} INFO - Filling up the DagBag from /home/airflow/.local/lib/python3.12/site-packages/airflow/example_dags/example_latest_only.py
[2024-08-05T00:16:42.772+0000] {processor.py:840} INFO - DAG(s) 'latest_only' retrieved from /home/airflow/.local/lib/python3.12/site-packages/airflow/example_dags/example_latest_only.py
[2024-08-05T00:16:42.792+0000] {logging_mixin.py:188} INFO - [2024-08-05T00:16:42.791+0000] {dag.py:3089} INFO - Sync 1 DAGs
[2024-08-05T00:16:42.812+0000] {logging_mixin.py:188} INFO - [2024-08-05T00:16:42.812+0000] {dag.py:3947} INFO - Setting next_dagrun for latest_only to 2024-08-04 20:00:00+00:00, run_after=2024-08-05 00:00:00+00:00
[2024-08-05T00:16:42.828+0000] {processor.py:183} INFO - Processing /home/airflow/.local/lib/python3.12/site-packages/airflow/example_dags/example_latest_only.py took 0.067 seconds
[2024-08-05T00:17:13.132+0000] {processor.py:161} INFO - Started process (PID=24775) to work on /home/airflow/.local/lib/python3.12/site-packages/airflow/example_dags/example_latest_only.py
[2024-08-05T00:17:13.133+0000] {processor.py:830} INFO - Processing file /home/airflow/.local/lib/python3.12/site-packages/airflow/example_dags/example_latest_only.py for tasks to queue
[2024-08-05T00:17:13.135+0000] {logging_mixin.py:188} INFO - [2024-08-05T00:17:13.134+0000] {dagbag.py:545} INFO - Filling up the DagBag from /home/airflow/.local/lib/python3.12/site-packages/airflow/example_dags/example_latest_only.py
[2024-08-05T00:17:13.138+0000] {processor.py:840} INFO - DAG(s) 'latest_only' retrieved from /home/airflow/.local/lib/python3.12/site-packages/airflow/example_dags/example_latest_only.py
[2024-08-05T00:17:13.157+0000] {logging_mixin.py:188} INFO - [2024-08-05T00:17:13.157+0000] {dag.py:3089} INFO - Sync 1 DAGs
[2024-08-05T00:17:13.178+0000] {logging_mixin.py:188} INFO - [2024-08-05T00:17:13.177+0000] {dag.py:3947} INFO - Setting next_dagrun for latest_only to 2024-08-04 20:00:00+00:00, run_after=2024-08-05 00:00:00+00:00
[2024-08-05T00:17:13.195+0000] {processor.py:183} INFO - Processing /home/airflow/.local/lib/python3.12/site-packages/airflow/example_dags/example_latest_only.py took 0.068 seconds
[2024-08-05T00:17:43.460+0000] {processor.py:161} INFO - Started process (PID=25049) to work on /home/airflow/.local/lib/python3.12/site-packages/airflow/example_dags/example_latest_only.py
[2024-08-05T00:17:43.462+0000] {processor.py:830} INFO - Processing file /home/airflow/.local/lib/python3.12/site-packages/airflow/example_dags/example_latest_only.py for tasks to queue
[2024-08-05T00:17:43.463+0000] {logging_mixin.py:188} INFO - [2024-08-05T00:17:43.463+0000] {dagbag.py:545} INFO - Filling up the DagBag from /home/airflow/.local/lib/python3.12/site-packages/airflow/example_dags/example_latest_only.py
[2024-08-05T00:17:43.468+0000] {processor.py:840} INFO - DAG(s) 'latest_only' retrieved from /home/airflow/.local/lib/python3.12/site-packages/airflow/example_dags/example_latest_only.py
[2024-08-05T00:17:43.491+0000] {logging_mixin.py:188} INFO - [2024-08-05T00:17:43.490+0000] {dag.py:3089} INFO - Sync 1 DAGs
[2024-08-05T00:17:43.512+0000] {logging_mixin.py:188} INFO - [2024-08-05T00:17:43.512+0000] {dag.py:3947} INFO - Setting next_dagrun for latest_only to 2024-08-04 20:00:00+00:00, run_after=2024-08-05 00:00:00+00:00
[2024-08-05T00:17:43.528+0000] {processor.py:183} INFO - Processing /home/airflow/.local/lib/python3.12/site-packages/airflow/example_dags/example_latest_only.py took 0.074 seconds
[2024-08-05T00:18:13.777+0000] {processor.py:161} INFO - Started process (PID=25321) to work on /home/airflow/.local/lib/python3.12/site-packages/airflow/example_dags/example_latest_only.py
[2024-08-05T00:18:13.778+0000] {processor.py:830} INFO - Processing file /home/airflow/.local/lib/python3.12/site-packages/airflow/example_dags/example_latest_only.py for tasks to queue
[2024-08-05T00:18:13.779+0000] {logging_mixin.py:188} INFO - [2024-08-05T00:18:13.779+0000] {dagbag.py:545} INFO - Filling up the DagBag from /home/airflow/.local/lib/python3.12/site-packages/airflow/example_dags/example_latest_only.py
[2024-08-05T00:18:13.783+0000] {processor.py:840} INFO - DAG(s) 'latest_only' retrieved from /home/airflow/.local/lib/python3.12/site-packages/airflow/example_dags/example_latest_only.py
[2024-08-05T00:18:13.802+0000] {logging_mixin.py:188} INFO - [2024-08-05T00:18:13.801+0000] {dag.py:3089} INFO - Sync 1 DAGs
[2024-08-05T00:18:13.821+0000] {logging_mixin.py:188} INFO - [2024-08-05T00:18:13.820+0000] {dag.py:3947} INFO - Setting next_dagrun for latest_only to 2024-08-04 20:00:00+00:00, run_after=2024-08-05 00:00:00+00:00
[2024-08-05T00:18:13.836+0000] {processor.py:183} INFO - Processing /home/airflow/.local/lib/python3.12/site-packages/airflow/example_dags/example_latest_only.py took 0.065 seconds
[2024-08-05T00:18:43.922+0000] {processor.py:161} INFO - Started process (PID=25593) to work on /home/airflow/.local/lib/python3.12/site-packages/airflow/example_dags/example_latest_only.py
[2024-08-05T00:18:43.923+0000] {processor.py:830} INFO - Processing file /home/airflow/.local/lib/python3.12/site-packages/airflow/example_dags/example_latest_only.py for tasks to queue
[2024-08-05T00:18:43.924+0000] {logging_mixin.py:188} INFO - [2024-08-05T00:18:43.924+0000] {dagbag.py:545} INFO - Filling up the DagBag from /home/airflow/.local/lib/python3.12/site-packages/airflow/example_dags/example_latest_only.py
[2024-08-05T00:18:43.928+0000] {processor.py:840} INFO - DAG(s) 'latest_only' retrieved from /home/airflow/.local/lib/python3.12/site-packages/airflow/example_dags/example_latest_only.py
[2024-08-05T00:18:43.949+0000] {logging_mixin.py:188} INFO - [2024-08-05T00:18:43.949+0000] {dag.py:3089} INFO - Sync 1 DAGs
[2024-08-05T00:18:43.968+0000] {logging_mixin.py:188} INFO - [2024-08-05T00:18:43.968+0000] {dag.py:3947} INFO - Setting next_dagrun for latest_only to 2024-08-04 20:00:00+00:00, run_after=2024-08-05 00:00:00+00:00
[2024-08-05T00:18:43.984+0000] {processor.py:183} INFO - Processing /home/airflow/.local/lib/python3.12/site-packages/airflow/example_dags/example_latest_only.py took 0.067 seconds
[2024-08-05T00:19:14.161+0000] {processor.py:161} INFO - Started process (PID=25865) to work on /home/airflow/.local/lib/python3.12/site-packages/airflow/example_dags/example_latest_only.py
[2024-08-05T00:19:14.162+0000] {processor.py:830} INFO - Processing file /home/airflow/.local/lib/python3.12/site-packages/airflow/example_dags/example_latest_only.py for tasks to queue
[2024-08-05T00:19:14.163+0000] {logging_mixin.py:188} INFO - [2024-08-05T00:19:14.163+0000] {dagbag.py:545} INFO - Filling up the DagBag from /home/airflow/.local/lib/python3.12/site-packages/airflow/example_dags/example_latest_only.py
[2024-08-05T00:19:14.167+0000] {processor.py:840} INFO - DAG(s) 'latest_only' retrieved from /home/airflow/.local/lib/python3.12/site-packages/airflow/example_dags/example_latest_only.py
[2024-08-05T00:19:14.186+0000] {logging_mixin.py:188} INFO - [2024-08-05T00:19:14.186+0000] {dag.py:3089} INFO - Sync 1 DAGs
[2024-08-05T00:19:14.206+0000] {logging_mixin.py:188} INFO - [2024-08-05T00:19:14.206+0000] {dag.py:3947} INFO - Setting next_dagrun for latest_only to 2024-08-04 20:00:00+00:00, run_after=2024-08-05 00:00:00+00:00
[2024-08-05T00:19:14.222+0000] {processor.py:183} INFO - Processing /home/airflow/.local/lib/python3.12/site-packages/airflow/example_dags/example_latest_only.py took 0.067 seconds
[2024-08-05T00:19:44.425+0000] {processor.py:161} INFO - Started process (PID=26137) to work on /home/airflow/.local/lib/python3.12/site-packages/airflow/example_dags/example_latest_only.py
[2024-08-05T00:19:44.426+0000] {processor.py:830} INFO - Processing file /home/airflow/.local/lib/python3.12/site-packages/airflow/example_dags/example_latest_only.py for tasks to queue
[2024-08-05T00:19:44.428+0000] {logging_mixin.py:188} INFO - [2024-08-05T00:19:44.427+0000] {dagbag.py:545} INFO - Filling up the DagBag from /home/airflow/.local/lib/python3.12/site-packages/airflow/example_dags/example_latest_only.py
[2024-08-05T00:19:44.431+0000] {processor.py:840} INFO - DAG(s) 'latest_only' retrieved from /home/airflow/.local/lib/python3.12/site-packages/airflow/example_dags/example_latest_only.py
[2024-08-05T00:19:44.450+0000] {logging_mixin.py:188} INFO - [2024-08-05T00:19:44.450+0000] {dag.py:3089} INFO - Sync 1 DAGs
[2024-08-05T00:19:44.469+0000] {logging_mixin.py:188} INFO - [2024-08-05T00:19:44.469+0000] {dag.py:3947} INFO - Setting next_dagrun for latest_only to 2024-08-04 20:00:00+00:00, run_after=2024-08-05 00:00:00+00:00
[2024-08-05T00:19:44.485+0000] {processor.py:183} INFO - Processing /home/airflow/.local/lib/python3.12/site-packages/airflow/example_dags/example_latest_only.py took 0.065 seconds
[2024-08-05T00:20:14.673+0000] {processor.py:161} INFO - Started process (PID=26415) to work on /home/airflow/.local/lib/python3.12/site-packages/airflow/example_dags/example_latest_only.py
[2024-08-05T00:20:14.674+0000] {processor.py:830} INFO - Processing file /home/airflow/.local/lib/python3.12/site-packages/airflow/example_dags/example_latest_only.py for tasks to queue
[2024-08-05T00:20:14.675+0000] {logging_mixin.py:188} INFO - [2024-08-05T00:20:14.675+0000] {dagbag.py:545} INFO - Filling up the DagBag from /home/airflow/.local/lib/python3.12/site-packages/airflow/example_dags/example_latest_only.py
[2024-08-05T00:20:14.679+0000] {processor.py:840} INFO - DAG(s) 'latest_only' retrieved from /home/airflow/.local/lib/python3.12/site-packages/airflow/example_dags/example_latest_only.py
[2024-08-05T00:20:14.697+0000] {logging_mixin.py:188} INFO - [2024-08-05T00:20:14.697+0000] {dag.py:3089} INFO - Sync 1 DAGs
[2024-08-05T00:20:14.716+0000] {logging_mixin.py:188} INFO - [2024-08-05T00:20:14.716+0000] {dag.py:3947} INFO - Setting next_dagrun for latest_only to 2024-08-04 20:00:00+00:00, run_after=2024-08-05 00:00:00+00:00
[2024-08-05T00:20:14.731+0000] {processor.py:183} INFO - Processing /home/airflow/.local/lib/python3.12/site-packages/airflow/example_dags/example_latest_only.py took 0.064 seconds
[2024-08-05T00:20:45.196+0000] {processor.py:161} INFO - Started process (PID=26688) to work on /home/airflow/.local/lib/python3.12/site-packages/airflow/example_dags/example_latest_only.py
[2024-08-05T00:20:45.196+0000] {processor.py:830} INFO - Processing file /home/airflow/.local/lib/python3.12/site-packages/airflow/example_dags/example_latest_only.py for tasks to queue
[2024-08-05T00:20:45.198+0000] {logging_mixin.py:188} INFO - [2024-08-05T00:20:45.198+0000] {dagbag.py:545} INFO - Filling up the DagBag from /home/airflow/.local/lib/python3.12/site-packages/airflow/example_dags/example_latest_only.py
[2024-08-05T00:20:45.201+0000] {processor.py:840} INFO - DAG(s) 'latest_only' retrieved from /home/airflow/.local/lib/python3.12/site-packages/airflow/example_dags/example_latest_only.py
[2024-08-05T00:20:45.222+0000] {logging_mixin.py:188} INFO - [2024-08-05T00:20:45.222+0000] {dag.py:3089} INFO - Sync 1 DAGs
[2024-08-05T00:20:45.243+0000] {logging_mixin.py:188} INFO - [2024-08-05T00:20:45.243+0000] {dag.py:3947} INFO - Setting next_dagrun for latest_only to 2024-08-04 20:00:00+00:00, run_after=2024-08-05 00:00:00+00:00
[2024-08-05T00:20:45.258+0000] {processor.py:183} INFO - Processing /home/airflow/.local/lib/python3.12/site-packages/airflow/example_dags/example_latest_only.py took 0.068 seconds
[2024-08-05T00:21:15.646+0000] {processor.py:161} INFO - Started process (PID=26960) to work on /home/airflow/.local/lib/python3.12/site-packages/airflow/example_dags/example_latest_only.py
[2024-08-05T00:21:15.647+0000] {processor.py:830} INFO - Processing file /home/airflow/.local/lib/python3.12/site-packages/airflow/example_dags/example_latest_only.py for tasks to queue
[2024-08-05T00:21:15.649+0000] {logging_mixin.py:188} INFO - [2024-08-05T00:21:15.648+0000] {dagbag.py:545} INFO - Filling up the DagBag from /home/airflow/.local/lib/python3.12/site-packages/airflow/example_dags/example_latest_only.py
[2024-08-05T00:21:15.654+0000] {processor.py:840} INFO - DAG(s) 'latest_only' retrieved from /home/airflow/.local/lib/python3.12/site-packages/airflow/example_dags/example_latest_only.py
[2024-08-05T00:21:15.678+0000] {logging_mixin.py:188} INFO - [2024-08-05T00:21:15.678+0000] {dag.py:3089} INFO - Sync 1 DAGs
[2024-08-05T00:21:15.699+0000] {logging_mixin.py:188} INFO - [2024-08-05T00:21:15.699+0000] {dag.py:3947} INFO - Setting next_dagrun for latest_only to 2024-08-04 20:00:00+00:00, run_after=2024-08-05 00:00:00+00:00
[2024-08-05T00:21:15.717+0000] {processor.py:183} INFO - Processing /home/airflow/.local/lib/python3.12/site-packages/airflow/example_dags/example_latest_only.py took 0.078 seconds
[2024-08-05T00:21:45.777+0000] {processor.py:161} INFO - Started process (PID=27227) to work on /home/airflow/.local/lib/python3.12/site-packages/airflow/example_dags/example_latest_only.py
[2024-08-05T00:21:45.777+0000] {processor.py:830} INFO - Processing file /home/airflow/.local/lib/python3.12/site-packages/airflow/example_dags/example_latest_only.py for tasks to queue
[2024-08-05T00:21:45.779+0000] {logging_mixin.py:188} INFO - [2024-08-05T00:21:45.778+0000] {dagbag.py:545} INFO - Filling up the DagBag from /home/airflow/.local/lib/python3.12/site-packages/airflow/example_dags/example_latest_only.py
[2024-08-05T00:21:45.782+0000] {processor.py:840} INFO - DAG(s) 'latest_only' retrieved from /home/airflow/.local/lib/python3.12/site-packages/airflow/example_dags/example_latest_only.py
[2024-08-05T00:21:45.801+0000] {logging_mixin.py:188} INFO - [2024-08-05T00:21:45.801+0000] {dag.py:3089} INFO - Sync 1 DAGs
[2024-08-05T00:21:45.821+0000] {logging_mixin.py:188} INFO - [2024-08-05T00:21:45.821+0000] {dag.py:3947} INFO - Setting next_dagrun for latest_only to 2024-08-04 20:00:00+00:00, run_after=2024-08-05 00:00:00+00:00
[2024-08-05T00:21:45.837+0000] {processor.py:183} INFO - Processing /home/airflow/.local/lib/python3.12/site-packages/airflow/example_dags/example_latest_only.py took 0.066 seconds
[2024-08-05T00:22:16.271+0000] {processor.py:161} INFO - Started process (PID=27504) to work on /home/airflow/.local/lib/python3.12/site-packages/airflow/example_dags/example_latest_only.py
[2024-08-05T00:22:16.272+0000] {processor.py:830} INFO - Processing file /home/airflow/.local/lib/python3.12/site-packages/airflow/example_dags/example_latest_only.py for tasks to queue
[2024-08-05T00:22:16.273+0000] {logging_mixin.py:188} INFO - [2024-08-05T00:22:16.273+0000] {dagbag.py:545} INFO - Filling up the DagBag from /home/airflow/.local/lib/python3.12/site-packages/airflow/example_dags/example_latest_only.py
[2024-08-05T00:22:16.277+0000] {processor.py:840} INFO - DAG(s) 'latest_only' retrieved from /home/airflow/.local/lib/python3.12/site-packages/airflow/example_dags/example_latest_only.py
[2024-08-05T00:22:16.296+0000] {logging_mixin.py:188} INFO - [2024-08-05T00:22:16.296+0000] {dag.py:3089} INFO - Sync 1 DAGs
[2024-08-05T00:22:16.314+0000] {logging_mixin.py:188} INFO - [2024-08-05T00:22:16.314+0000] {dag.py:3947} INFO - Setting next_dagrun for latest_only to 2024-08-04 20:00:00+00:00, run_after=2024-08-05 00:00:00+00:00
[2024-08-05T00:22:16.330+0000] {processor.py:183} INFO - Processing /home/airflow/.local/lib/python3.12/site-packages/airflow/example_dags/example_latest_only.py took 0.064 seconds
[2024-08-05T00:22:46.796+0000] {processor.py:161} INFO - Started process (PID=27778) to work on /home/airflow/.local/lib/python3.12/site-packages/airflow/example_dags/example_latest_only.py
[2024-08-05T00:22:46.797+0000] {processor.py:830} INFO - Processing file /home/airflow/.local/lib/python3.12/site-packages/airflow/example_dags/example_latest_only.py for tasks to queue
[2024-08-05T00:22:46.798+0000] {logging_mixin.py:188} INFO - [2024-08-05T00:22:46.798+0000] {dagbag.py:545} INFO - Filling up the DagBag from /home/airflow/.local/lib/python3.12/site-packages/airflow/example_dags/example_latest_only.py
[2024-08-05T00:22:46.803+0000] {processor.py:840} INFO - DAG(s) 'latest_only' retrieved from /home/airflow/.local/lib/python3.12/site-packages/airflow/example_dags/example_latest_only.py
[2024-08-05T00:22:46.824+0000] {logging_mixin.py:188} INFO - [2024-08-05T00:22:46.824+0000] {dag.py:3089} INFO - Sync 1 DAGs
[2024-08-05T00:22:46.844+0000] {logging_mixin.py:188} INFO - [2024-08-05T00:22:46.843+0000] {dag.py:3947} INFO - Setting next_dagrun for latest_only to 2024-08-04 20:00:00+00:00, run_after=2024-08-05 00:00:00+00:00
[2024-08-05T00:22:46.861+0000] {processor.py:183} INFO - Processing /home/airflow/.local/lib/python3.12/site-packages/airflow/example_dags/example_latest_only.py took 0.071 seconds
[2024-08-05T00:23:17.369+0000] {processor.py:161} INFO - Started process (PID=28050) to work on /home/airflow/.local/lib/python3.12/site-packages/airflow/example_dags/example_latest_only.py
[2024-08-05T00:23:17.369+0000] {processor.py:830} INFO - Processing file /home/airflow/.local/lib/python3.12/site-packages/airflow/example_dags/example_latest_only.py for tasks to queue
[2024-08-05T00:23:17.371+0000] {logging_mixin.py:188} INFO - [2024-08-05T00:23:17.371+0000] {dagbag.py:545} INFO - Filling up the DagBag from /home/airflow/.local/lib/python3.12/site-packages/airflow/example_dags/example_latest_only.py
[2024-08-05T00:23:17.374+0000] {processor.py:840} INFO - DAG(s) 'latest_only' retrieved from /home/airflow/.local/lib/python3.12/site-packages/airflow/example_dags/example_latest_only.py
[2024-08-05T00:23:17.395+0000] {logging_mixin.py:188} INFO - [2024-08-05T00:23:17.395+0000] {dag.py:3089} INFO - Sync 1 DAGs
[2024-08-05T00:23:17.416+0000] {logging_mixin.py:188} INFO - [2024-08-05T00:23:17.415+0000] {dag.py:3947} INFO - Setting next_dagrun for latest_only to 2024-08-04 20:00:00+00:00, run_after=2024-08-05 00:00:00+00:00
[2024-08-05T00:23:17.434+0000] {processor.py:183} INFO - Processing /home/airflow/.local/lib/python3.12/site-packages/airflow/example_dags/example_latest_only.py took 0.070 seconds
[2024-08-05T00:23:47.949+0000] {processor.py:161} INFO - Started process (PID=28322) to work on /home/airflow/.local/lib/python3.12/site-packages/airflow/example_dags/example_latest_only.py
[2024-08-05T00:23:47.950+0000] {processor.py:830} INFO - Processing file /home/airflow/.local/lib/python3.12/site-packages/airflow/example_dags/example_latest_only.py for tasks to queue
[2024-08-05T00:23:47.951+0000] {logging_mixin.py:188} INFO - [2024-08-05T00:23:47.951+0000] {dagbag.py:545} INFO - Filling up the DagBag from /home/airflow/.local/lib/python3.12/site-packages/airflow/example_dags/example_latest_only.py
[2024-08-05T00:23:47.955+0000] {processor.py:840} INFO - DAG(s) 'latest_only' retrieved from /home/airflow/.local/lib/python3.12/site-packages/airflow/example_dags/example_latest_only.py
[2024-08-05T00:23:47.974+0000] {logging_mixin.py:188} INFO - [2024-08-05T00:23:47.974+0000] {dag.py:3089} INFO - Sync 1 DAGs
[2024-08-05T00:23:47.994+0000] {logging_mixin.py:188} INFO - [2024-08-05T00:23:47.993+0000] {dag.py:3947} INFO - Setting next_dagrun for latest_only to 2024-08-04 20:00:00+00:00, run_after=2024-08-05 00:00:00+00:00
[2024-08-05T00:23:48.009+0000] {processor.py:183} INFO - Processing /home/airflow/.local/lib/python3.12/site-packages/airflow/example_dags/example_latest_only.py took 0.065 seconds
[2024-08-05T00:24:18.906+0000] {processor.py:161} INFO - Started process (PID=28594) to work on /home/airflow/.local/lib/python3.12/site-packages/airflow/example_dags/example_latest_only.py
[2024-08-05T00:24:18.907+0000] {processor.py:830} INFO - Processing file /home/airflow/.local/lib/python3.12/site-packages/airflow/example_dags/example_latest_only.py for tasks to queue
[2024-08-05T00:24:18.908+0000] {logging_mixin.py:188} INFO - [2024-08-05T00:24:18.908+0000] {dagbag.py:545} INFO - Filling up the DagBag from /home/airflow/.local/lib/python3.12/site-packages/airflow/example_dags/example_latest_only.py
[2024-08-05T00:24:18.911+0000] {processor.py:840} INFO - DAG(s) 'latest_only' retrieved from /home/airflow/.local/lib/python3.12/site-packages/airflow/example_dags/example_latest_only.py
[2024-08-05T00:24:19.043+0000] {logging_mixin.py:188} INFO - [2024-08-05T00:24:19.043+0000] {dag.py:3089} INFO - Sync 1 DAGs
[2024-08-05T00:24:19.059+0000] {logging_mixin.py:188} INFO - [2024-08-05T00:24:19.058+0000] {dag.py:3947} INFO - Setting next_dagrun for latest_only to 2024-08-04 20:00:00+00:00, run_after=2024-08-05 00:00:00+00:00
[2024-08-05T00:24:19.073+0000] {processor.py:183} INFO - Processing /home/airflow/.local/lib/python3.12/site-packages/airflow/example_dags/example_latest_only.py took 0.171 seconds
[2024-08-05T00:24:49.217+0000] {processor.py:161} INFO - Started process (PID=28866) to work on /home/airflow/.local/lib/python3.12/site-packages/airflow/example_dags/example_latest_only.py
[2024-08-05T00:24:49.218+0000] {processor.py:830} INFO - Processing file /home/airflow/.local/lib/python3.12/site-packages/airflow/example_dags/example_latest_only.py for tasks to queue
[2024-08-05T00:24:49.220+0000] {logging_mixin.py:188} INFO - [2024-08-05T00:24:49.219+0000] {dagbag.py:545} INFO - Filling up the DagBag from /home/airflow/.local/lib/python3.12/site-packages/airflow/example_dags/example_latest_only.py
[2024-08-05T00:24:49.223+0000] {processor.py:840} INFO - DAG(s) 'latest_only' retrieved from /home/airflow/.local/lib/python3.12/site-packages/airflow/example_dags/example_latest_only.py
[2024-08-05T00:24:49.240+0000] {logging_mixin.py:188} INFO - [2024-08-05T00:24:49.239+0000] {dag.py:3089} INFO - Sync 1 DAGs
[2024-08-05T00:24:49.256+0000] {logging_mixin.py:188} INFO - [2024-08-05T00:24:49.256+0000] {dag.py:3947} INFO - Setting next_dagrun for latest_only to 2024-08-04 20:00:00+00:00, run_after=2024-08-05 00:00:00+00:00
[2024-08-05T00:24:49.269+0000] {processor.py:183} INFO - Processing /home/airflow/.local/lib/python3.12/site-packages/airflow/example_dags/example_latest_only.py took 0.056 seconds
