[2024-08-05T00:00:03.076+0000] {processor.py:161} INFO - Started process (PID=15656) to work on /home/airflow/.local/lib/python3.12/site-packages/airflow/example_dags/example_sla_dag.py
[2024-08-05T00:00:03.077+0000] {processor.py:830} INFO - Processing file /home/airflow/.local/lib/python3.12/site-packages/airflow/example_dags/example_sla_dag.py for tasks to queue
[2024-08-05T00:00:03.079+0000] {logging_mixin.py:188} INFO - [2024-08-05T00:00:03.078+0000] {dagbag.py:545} INFO - Filling up the DagBag from /home/airflow/.local/lib/python3.12/site-packages/airflow/example_dags/example_sla_dag.py
[2024-08-05T00:00:03.087+0000] {processor.py:840} INFO - DAG(s) 'example_sla_dag' retrieved from /home/airflow/.local/lib/python3.12/site-packages/airflow/example_dags/example_sla_dag.py
[2024-08-05T00:00:03.106+0000] {logging_mixin.py:188} INFO - [2024-08-05T00:00:03.106+0000] {dag.py:3089} INFO - Sync 1 DAGs
[2024-08-05T00:00:03.127+0000] {logging_mixin.py:188} INFO - [2024-08-05T00:00:03.126+0000] {dag.py:3947} INFO - Setting next_dagrun for example_sla_dag to 2024-08-04 23:58:00+00:00, run_after=2024-08-05 00:00:00+00:00
[2024-08-05T00:00:03.142+0000] {processor.py:183} INFO - Processing /home/airflow/.local/lib/python3.12/site-packages/airflow/example_dags/example_sla_dag.py took 0.071 seconds
[2024-08-05T00:00:33.918+0000] {processor.py:161} INFO - Started process (PID=15933) to work on /home/airflow/.local/lib/python3.12/site-packages/airflow/example_dags/example_sla_dag.py
[2024-08-05T00:00:33.919+0000] {processor.py:830} INFO - Processing file /home/airflow/.local/lib/python3.12/site-packages/airflow/example_dags/example_sla_dag.py for tasks to queue
[2024-08-05T00:00:33.921+0000] {logging_mixin.py:188} INFO - [2024-08-05T00:00:33.921+0000] {dagbag.py:545} INFO - Filling up the DagBag from /home/airflow/.local/lib/python3.12/site-packages/airflow/example_dags/example_sla_dag.py
[2024-08-05T00:00:33.927+0000] {processor.py:840} INFO - DAG(s) 'example_sla_dag' retrieved from /home/airflow/.local/lib/python3.12/site-packages/airflow/example_dags/example_sla_dag.py
[2024-08-05T00:00:33.945+0000] {logging_mixin.py:188} INFO - [2024-08-05T00:00:33.945+0000] {dag.py:3089} INFO - Sync 1 DAGs
[2024-08-05T00:00:33.965+0000] {logging_mixin.py:188} INFO - [2024-08-05T00:00:33.965+0000] {dag.py:3947} INFO - Setting next_dagrun for example_sla_dag to 2024-08-04 23:58:00+00:00, run_after=2024-08-05 00:00:00+00:00
[2024-08-05T00:00:33.980+0000] {processor.py:183} INFO - Processing /home/airflow/.local/lib/python3.12/site-packages/airflow/example_dags/example_sla_dag.py took 0.067 seconds
[2024-08-05T00:01:04.783+0000] {processor.py:161} INFO - Started process (PID=16205) to work on /home/airflow/.local/lib/python3.12/site-packages/airflow/example_dags/example_sla_dag.py
[2024-08-05T00:01:04.784+0000] {processor.py:830} INFO - Processing file /home/airflow/.local/lib/python3.12/site-packages/airflow/example_dags/example_sla_dag.py for tasks to queue
[2024-08-05T00:01:04.786+0000] {logging_mixin.py:188} INFO - [2024-08-05T00:01:04.785+0000] {dagbag.py:545} INFO - Filling up the DagBag from /home/airflow/.local/lib/python3.12/site-packages/airflow/example_dags/example_sla_dag.py
[2024-08-05T00:01:04.797+0000] {processor.py:840} INFO - DAG(s) 'example_sla_dag' retrieved from /home/airflow/.local/lib/python3.12/site-packages/airflow/example_dags/example_sla_dag.py
[2024-08-05T00:01:04.820+0000] {logging_mixin.py:188} INFO - [2024-08-05T00:01:04.820+0000] {dag.py:3089} INFO - Sync 1 DAGs
[2024-08-05T00:01:04.847+0000] {logging_mixin.py:188} INFO - [2024-08-05T00:01:04.847+0000] {dag.py:3947} INFO - Setting next_dagrun for example_sla_dag to 2024-08-04 23:58:00+00:00, run_after=2024-08-05 00:00:00+00:00
[2024-08-05T00:01:04.879+0000] {processor.py:183} INFO - Processing /home/airflow/.local/lib/python3.12/site-packages/airflow/example_dags/example_sla_dag.py took 0.102 seconds
[2024-08-05T00:01:35.171+0000] {processor.py:161} INFO - Started process (PID=16477) to work on /home/airflow/.local/lib/python3.12/site-packages/airflow/example_dags/example_sla_dag.py
[2024-08-05T00:01:35.172+0000] {processor.py:830} INFO - Processing file /home/airflow/.local/lib/python3.12/site-packages/airflow/example_dags/example_sla_dag.py for tasks to queue
[2024-08-05T00:01:35.174+0000] {logging_mixin.py:188} INFO - [2024-08-05T00:01:35.173+0000] {dagbag.py:545} INFO - Filling up the DagBag from /home/airflow/.local/lib/python3.12/site-packages/airflow/example_dags/example_sla_dag.py
[2024-08-05T00:01:35.180+0000] {processor.py:840} INFO - DAG(s) 'example_sla_dag' retrieved from /home/airflow/.local/lib/python3.12/site-packages/airflow/example_dags/example_sla_dag.py
[2024-08-05T00:01:35.199+0000] {logging_mixin.py:188} INFO - [2024-08-05T00:01:35.198+0000] {dag.py:3089} INFO - Sync 1 DAGs
[2024-08-05T00:01:35.220+0000] {logging_mixin.py:188} INFO - [2024-08-05T00:01:35.220+0000] {dag.py:3947} INFO - Setting next_dagrun for example_sla_dag to 2024-08-04 23:58:00+00:00, run_after=2024-08-05 00:00:00+00:00
[2024-08-05T00:01:35.235+0000] {processor.py:183} INFO - Processing /home/airflow/.local/lib/python3.12/site-packages/airflow/example_dags/example_sla_dag.py took 0.070 seconds
[2024-08-05T00:02:05.326+0000] {processor.py:161} INFO - Started process (PID=16749) to work on /home/airflow/.local/lib/python3.12/site-packages/airflow/example_dags/example_sla_dag.py
[2024-08-05T00:02:05.327+0000] {processor.py:830} INFO - Processing file /home/airflow/.local/lib/python3.12/site-packages/airflow/example_dags/example_sla_dag.py for tasks to queue
[2024-08-05T00:02:05.328+0000] {logging_mixin.py:188} INFO - [2024-08-05T00:02:05.328+0000] {dagbag.py:545} INFO - Filling up the DagBag from /home/airflow/.local/lib/python3.12/site-packages/airflow/example_dags/example_sla_dag.py
[2024-08-05T00:02:05.336+0000] {processor.py:840} INFO - DAG(s) 'example_sla_dag' retrieved from /home/airflow/.local/lib/python3.12/site-packages/airflow/example_dags/example_sla_dag.py
[2024-08-05T00:02:05.354+0000] {logging_mixin.py:188} INFO - [2024-08-05T00:02:05.354+0000] {dag.py:3089} INFO - Sync 1 DAGs
[2024-08-05T00:02:05.376+0000] {logging_mixin.py:188} INFO - [2024-08-05T00:02:05.375+0000] {dag.py:3947} INFO - Setting next_dagrun for example_sla_dag to 2024-08-05 00:00:00+00:00, run_after=2024-08-05 00:02:00+00:00
[2024-08-05T00:02:05.391+0000] {processor.py:183} INFO - Processing /home/airflow/.local/lib/python3.12/site-packages/airflow/example_dags/example_sla_dag.py took 0.070 seconds
[2024-08-05T00:02:35.476+0000] {processor.py:161} INFO - Started process (PID=17021) to work on /home/airflow/.local/lib/python3.12/site-packages/airflow/example_dags/example_sla_dag.py
[2024-08-05T00:02:35.477+0000] {processor.py:830} INFO - Processing file /home/airflow/.local/lib/python3.12/site-packages/airflow/example_dags/example_sla_dag.py for tasks to queue
[2024-08-05T00:02:35.479+0000] {logging_mixin.py:188} INFO - [2024-08-05T00:02:35.478+0000] {dagbag.py:545} INFO - Filling up the DagBag from /home/airflow/.local/lib/python3.12/site-packages/airflow/example_dags/example_sla_dag.py
[2024-08-05T00:02:35.487+0000] {processor.py:840} INFO - DAG(s) 'example_sla_dag' retrieved from /home/airflow/.local/lib/python3.12/site-packages/airflow/example_dags/example_sla_dag.py
[2024-08-05T00:02:35.506+0000] {logging_mixin.py:188} INFO - [2024-08-05T00:02:35.506+0000] {dag.py:3089} INFO - Sync 1 DAGs
[2024-08-05T00:02:35.526+0000] {logging_mixin.py:188} INFO - [2024-08-05T00:02:35.526+0000] {dag.py:3947} INFO - Setting next_dagrun for example_sla_dag to 2024-08-05 00:00:00+00:00, run_after=2024-08-05 00:02:00+00:00
[2024-08-05T00:02:35.542+0000] {processor.py:183} INFO - Processing /home/airflow/.local/lib/python3.12/site-packages/airflow/example_dags/example_sla_dag.py took 0.070 seconds
[2024-08-05T00:03:05.603+0000] {processor.py:161} INFO - Started process (PID=17296) to work on /home/airflow/.local/lib/python3.12/site-packages/airflow/example_dags/example_sla_dag.py
[2024-08-05T00:03:05.604+0000] {processor.py:830} INFO - Processing file /home/airflow/.local/lib/python3.12/site-packages/airflow/example_dags/example_sla_dag.py for tasks to queue
[2024-08-05T00:03:05.606+0000] {logging_mixin.py:188} INFO - [2024-08-05T00:03:05.605+0000] {dagbag.py:545} INFO - Filling up the DagBag from /home/airflow/.local/lib/python3.12/site-packages/airflow/example_dags/example_sla_dag.py
[2024-08-05T00:03:05.613+0000] {processor.py:840} INFO - DAG(s) 'example_sla_dag' retrieved from /home/airflow/.local/lib/python3.12/site-packages/airflow/example_dags/example_sla_dag.py
[2024-08-05T00:03:05.638+0000] {logging_mixin.py:188} INFO - [2024-08-05T00:03:05.638+0000] {dag.py:3089} INFO - Sync 1 DAGs
[2024-08-05T00:03:05.662+0000] {logging_mixin.py:188} INFO - [2024-08-05T00:03:05.662+0000] {dag.py:3947} INFO - Setting next_dagrun for example_sla_dag to 2024-08-05 00:00:00+00:00, run_after=2024-08-05 00:02:00+00:00
[2024-08-05T00:03:05.684+0000] {processor.py:183} INFO - Processing /home/airflow/.local/lib/python3.12/site-packages/airflow/example_dags/example_sla_dag.py took 0.087 seconds
[2024-08-05T00:03:35.958+0000] {processor.py:161} INFO - Started process (PID=17565) to work on /home/airflow/.local/lib/python3.12/site-packages/airflow/example_dags/example_sla_dag.py
[2024-08-05T00:03:35.959+0000] {processor.py:830} INFO - Processing file /home/airflow/.local/lib/python3.12/site-packages/airflow/example_dags/example_sla_dag.py for tasks to queue
[2024-08-05T00:03:35.961+0000] {logging_mixin.py:188} INFO - [2024-08-05T00:03:35.960+0000] {dagbag.py:545} INFO - Filling up the DagBag from /home/airflow/.local/lib/python3.12/site-packages/airflow/example_dags/example_sla_dag.py
[2024-08-05T00:03:35.969+0000] {processor.py:840} INFO - DAG(s) 'example_sla_dag' retrieved from /home/airflow/.local/lib/python3.12/site-packages/airflow/example_dags/example_sla_dag.py
[2024-08-05T00:03:35.990+0000] {logging_mixin.py:188} INFO - [2024-08-05T00:03:35.989+0000] {dag.py:3089} INFO - Sync 1 DAGs
[2024-08-05T00:03:36.013+0000] {logging_mixin.py:188} INFO - [2024-08-05T00:03:36.013+0000] {dag.py:3947} INFO - Setting next_dagrun for example_sla_dag to 2024-08-05 00:00:00+00:00, run_after=2024-08-05 00:02:00+00:00
[2024-08-05T00:03:36.030+0000] {processor.py:183} INFO - Processing /home/airflow/.local/lib/python3.12/site-packages/airflow/example_dags/example_sla_dag.py took 0.076 seconds
[2024-08-05T00:04:06.271+0000] {processor.py:161} INFO - Started process (PID=17837) to work on /home/airflow/.local/lib/python3.12/site-packages/airflow/example_dags/example_sla_dag.py
[2024-08-05T00:04:06.272+0000] {processor.py:830} INFO - Processing file /home/airflow/.local/lib/python3.12/site-packages/airflow/example_dags/example_sla_dag.py for tasks to queue
[2024-08-05T00:04:06.274+0000] {logging_mixin.py:188} INFO - [2024-08-05T00:04:06.273+0000] {dagbag.py:545} INFO - Filling up the DagBag from /home/airflow/.local/lib/python3.12/site-packages/airflow/example_dags/example_sla_dag.py
[2024-08-05T00:04:06.281+0000] {processor.py:840} INFO - DAG(s) 'example_sla_dag' retrieved from /home/airflow/.local/lib/python3.12/site-packages/airflow/example_dags/example_sla_dag.py
[2024-08-05T00:04:06.301+0000] {logging_mixin.py:188} INFO - [2024-08-05T00:04:06.301+0000] {dag.py:3089} INFO - Sync 1 DAGs
[2024-08-05T00:04:06.325+0000] {logging_mixin.py:188} INFO - [2024-08-05T00:04:06.324+0000] {dag.py:3947} INFO - Setting next_dagrun for example_sla_dag to 2024-08-05 00:02:00+00:00, run_after=2024-08-05 00:04:00+00:00
[2024-08-05T00:04:06.343+0000] {processor.py:183} INFO - Processing /home/airflow/.local/lib/python3.12/site-packages/airflow/example_dags/example_sla_dag.py took 0.078 seconds
[2024-08-05T00:04:36.435+0000] {processor.py:161} INFO - Started process (PID=18109) to work on /home/airflow/.local/lib/python3.12/site-packages/airflow/example_dags/example_sla_dag.py
[2024-08-05T00:04:36.436+0000] {processor.py:830} INFO - Processing file /home/airflow/.local/lib/python3.12/site-packages/airflow/example_dags/example_sla_dag.py for tasks to queue
[2024-08-05T00:04:36.438+0000] {logging_mixin.py:188} INFO - [2024-08-05T00:04:36.438+0000] {dagbag.py:545} INFO - Filling up the DagBag from /home/airflow/.local/lib/python3.12/site-packages/airflow/example_dags/example_sla_dag.py
[2024-08-05T00:04:36.447+0000] {processor.py:840} INFO - DAG(s) 'example_sla_dag' retrieved from /home/airflow/.local/lib/python3.12/site-packages/airflow/example_dags/example_sla_dag.py
[2024-08-05T00:04:36.467+0000] {logging_mixin.py:188} INFO - [2024-08-05T00:04:36.467+0000] {dag.py:3089} INFO - Sync 1 DAGs
[2024-08-05T00:04:36.489+0000] {logging_mixin.py:188} INFO - [2024-08-05T00:04:36.489+0000] {dag.py:3947} INFO - Setting next_dagrun for example_sla_dag to 2024-08-05 00:02:00+00:00, run_after=2024-08-05 00:04:00+00:00
[2024-08-05T00:04:36.510+0000] {processor.py:183} INFO - Processing /home/airflow/.local/lib/python3.12/site-packages/airflow/example_dags/example_sla_dag.py took 0.081 seconds
[2024-08-05T00:05:06.715+0000] {processor.py:161} INFO - Started process (PID=18381) to work on /home/airflow/.local/lib/python3.12/site-packages/airflow/example_dags/example_sla_dag.py
[2024-08-05T00:05:06.716+0000] {processor.py:830} INFO - Processing file /home/airflow/.local/lib/python3.12/site-packages/airflow/example_dags/example_sla_dag.py for tasks to queue
[2024-08-05T00:05:06.718+0000] {logging_mixin.py:188} INFO - [2024-08-05T00:05:06.718+0000] {dagbag.py:545} INFO - Filling up the DagBag from /home/airflow/.local/lib/python3.12/site-packages/airflow/example_dags/example_sla_dag.py
[2024-08-05T00:05:06.725+0000] {processor.py:840} INFO - DAG(s) 'example_sla_dag' retrieved from /home/airflow/.local/lib/python3.12/site-packages/airflow/example_dags/example_sla_dag.py
[2024-08-05T00:05:06.741+0000] {logging_mixin.py:188} INFO - [2024-08-05T00:05:06.740+0000] {dag.py:3089} INFO - Sync 1 DAGs
[2024-08-05T00:05:06.762+0000] {logging_mixin.py:188} INFO - [2024-08-05T00:05:06.761+0000] {dag.py:3947} INFO - Setting next_dagrun for example_sla_dag to 2024-08-05 00:02:00+00:00, run_after=2024-08-05 00:04:00+00:00
[2024-08-05T00:05:06.778+0000] {processor.py:183} INFO - Processing /home/airflow/.local/lib/python3.12/site-packages/airflow/example_dags/example_sla_dag.py took 0.069 seconds
[2024-08-05T00:05:37.068+0000] {processor.py:161} INFO - Started process (PID=18653) to work on /home/airflow/.local/lib/python3.12/site-packages/airflow/example_dags/example_sla_dag.py
[2024-08-05T00:05:37.069+0000] {processor.py:830} INFO - Processing file /home/airflow/.local/lib/python3.12/site-packages/airflow/example_dags/example_sla_dag.py for tasks to queue
[2024-08-05T00:05:37.071+0000] {logging_mixin.py:188} INFO - [2024-08-05T00:05:37.070+0000] {dagbag.py:545} INFO - Filling up the DagBag from /home/airflow/.local/lib/python3.12/site-packages/airflow/example_dags/example_sla_dag.py
[2024-08-05T00:05:37.077+0000] {processor.py:840} INFO - DAG(s) 'example_sla_dag' retrieved from /home/airflow/.local/lib/python3.12/site-packages/airflow/example_dags/example_sla_dag.py
[2024-08-05T00:05:37.096+0000] {logging_mixin.py:188} INFO - [2024-08-05T00:05:37.096+0000] {dag.py:3089} INFO - Sync 1 DAGs
[2024-08-05T00:05:37.119+0000] {logging_mixin.py:188} INFO - [2024-08-05T00:05:37.118+0000] {dag.py:3947} INFO - Setting next_dagrun for example_sla_dag to 2024-08-05 00:02:00+00:00, run_after=2024-08-05 00:04:00+00:00
[2024-08-05T00:05:37.135+0000] {processor.py:183} INFO - Processing /home/airflow/.local/lib/python3.12/site-packages/airflow/example_dags/example_sla_dag.py took 0.072 seconds
[2024-08-05T00:06:08.079+0000] {processor.py:161} INFO - Started process (PID=18925) to work on /home/airflow/.local/lib/python3.12/site-packages/airflow/example_dags/example_sla_dag.py
[2024-08-05T00:06:08.081+0000] {processor.py:830} INFO - Processing file /home/airflow/.local/lib/python3.12/site-packages/airflow/example_dags/example_sla_dag.py for tasks to queue
[2024-08-05T00:06:08.082+0000] {logging_mixin.py:188} INFO - [2024-08-05T00:06:08.082+0000] {dagbag.py:545} INFO - Filling up the DagBag from /home/airflow/.local/lib/python3.12/site-packages/airflow/example_dags/example_sla_dag.py
[2024-08-05T00:06:08.091+0000] {processor.py:840} INFO - DAG(s) 'example_sla_dag' retrieved from /home/airflow/.local/lib/python3.12/site-packages/airflow/example_dags/example_sla_dag.py
[2024-08-05T00:06:08.119+0000] {logging_mixin.py:188} INFO - [2024-08-05T00:06:08.118+0000] {dag.py:3089} INFO - Sync 1 DAGs
[2024-08-05T00:06:08.143+0000] {logging_mixin.py:188} INFO - [2024-08-05T00:06:08.143+0000] {dag.py:3947} INFO - Setting next_dagrun for example_sla_dag to 2024-08-05 00:04:00+00:00, run_after=2024-08-05 00:06:00+00:00
[2024-08-05T00:06:08.160+0000] {processor.py:183} INFO - Processing /home/airflow/.local/lib/python3.12/site-packages/airflow/example_dags/example_sla_dag.py took 0.085 seconds
[2024-08-05T00:06:38.206+0000] {processor.py:161} INFO - Started process (PID=19197) to work on /home/airflow/.local/lib/python3.12/site-packages/airflow/example_dags/example_sla_dag.py
[2024-08-05T00:06:38.206+0000] {processor.py:830} INFO - Processing file /home/airflow/.local/lib/python3.12/site-packages/airflow/example_dags/example_sla_dag.py for tasks to queue
[2024-08-05T00:06:38.208+0000] {logging_mixin.py:188} INFO - [2024-08-05T00:06:38.208+0000] {dagbag.py:545} INFO - Filling up the DagBag from /home/airflow/.local/lib/python3.12/site-packages/airflow/example_dags/example_sla_dag.py
[2024-08-05T00:06:38.216+0000] {processor.py:840} INFO - DAG(s) 'example_sla_dag' retrieved from /home/airflow/.local/lib/python3.12/site-packages/airflow/example_dags/example_sla_dag.py
[2024-08-05T00:06:38.235+0000] {logging_mixin.py:188} INFO - [2024-08-05T00:06:38.235+0000] {dag.py:3089} INFO - Sync 1 DAGs
[2024-08-05T00:06:38.256+0000] {logging_mixin.py:188} INFO - [2024-08-05T00:06:38.256+0000] {dag.py:3947} INFO - Setting next_dagrun for example_sla_dag to 2024-08-05 00:04:00+00:00, run_after=2024-08-05 00:06:00+00:00
[2024-08-05T00:06:38.272+0000] {processor.py:183} INFO - Processing /home/airflow/.local/lib/python3.12/site-packages/airflow/example_dags/example_sla_dag.py took 0.071 seconds
[2024-08-05T00:07:08.587+0000] {processor.py:161} INFO - Started process (PID=19469) to work on /home/airflow/.local/lib/python3.12/site-packages/airflow/example_dags/example_sla_dag.py
[2024-08-05T00:07:08.588+0000] {processor.py:830} INFO - Processing file /home/airflow/.local/lib/python3.12/site-packages/airflow/example_dags/example_sla_dag.py for tasks to queue
[2024-08-05T00:07:08.589+0000] {logging_mixin.py:188} INFO - [2024-08-05T00:07:08.589+0000] {dagbag.py:545} INFO - Filling up the DagBag from /home/airflow/.local/lib/python3.12/site-packages/airflow/example_dags/example_sla_dag.py
[2024-08-05T00:07:08.597+0000] {processor.py:840} INFO - DAG(s) 'example_sla_dag' retrieved from /home/airflow/.local/lib/python3.12/site-packages/airflow/example_dags/example_sla_dag.py
[2024-08-05T00:07:08.617+0000] {logging_mixin.py:188} INFO - [2024-08-05T00:07:08.617+0000] {dag.py:3089} INFO - Sync 1 DAGs
[2024-08-05T00:07:08.640+0000] {logging_mixin.py:188} INFO - [2024-08-05T00:07:08.639+0000] {dag.py:3947} INFO - Setting next_dagrun for example_sla_dag to 2024-08-05 00:04:00+00:00, run_after=2024-08-05 00:06:00+00:00
[2024-08-05T00:07:08.657+0000] {processor.py:183} INFO - Processing /home/airflow/.local/lib/python3.12/site-packages/airflow/example_dags/example_sla_dag.py took 0.075 seconds
[2024-08-05T00:07:39.490+0000] {processor.py:161} INFO - Started process (PID=19735) to work on /home/airflow/.local/lib/python3.12/site-packages/airflow/example_dags/example_sla_dag.py
[2024-08-05T00:07:39.491+0000] {processor.py:830} INFO - Processing file /home/airflow/.local/lib/python3.12/site-packages/airflow/example_dags/example_sla_dag.py for tasks to queue
[2024-08-05T00:07:39.493+0000] {logging_mixin.py:188} INFO - [2024-08-05T00:07:39.492+0000] {dagbag.py:545} INFO - Filling up the DagBag from /home/airflow/.local/lib/python3.12/site-packages/airflow/example_dags/example_sla_dag.py
[2024-08-05T00:07:39.500+0000] {processor.py:840} INFO - DAG(s) 'example_sla_dag' retrieved from /home/airflow/.local/lib/python3.12/site-packages/airflow/example_dags/example_sla_dag.py
[2024-08-05T00:07:39.519+0000] {logging_mixin.py:188} INFO - [2024-08-05T00:07:39.518+0000] {dag.py:3089} INFO - Sync 1 DAGs
[2024-08-05T00:07:39.539+0000] {logging_mixin.py:188} INFO - [2024-08-05T00:07:39.539+0000] {dag.py:3947} INFO - Setting next_dagrun for example_sla_dag to 2024-08-05 00:04:00+00:00, run_after=2024-08-05 00:06:00+00:00
[2024-08-05T00:07:39.556+0000] {processor.py:183} INFO - Processing /home/airflow/.local/lib/python3.12/site-packages/airflow/example_dags/example_sla_dag.py took 0.071 seconds
[2024-08-05T00:08:09.687+0000] {processor.py:161} INFO - Started process (PID=20007) to work on /home/airflow/.local/lib/python3.12/site-packages/airflow/example_dags/example_sla_dag.py
[2024-08-05T00:08:09.688+0000] {processor.py:830} INFO - Processing file /home/airflow/.local/lib/python3.12/site-packages/airflow/example_dags/example_sla_dag.py for tasks to queue
[2024-08-05T00:08:09.690+0000] {logging_mixin.py:188} INFO - [2024-08-05T00:08:09.689+0000] {dagbag.py:545} INFO - Filling up the DagBag from /home/airflow/.local/lib/python3.12/site-packages/airflow/example_dags/example_sla_dag.py
[2024-08-05T00:08:09.697+0000] {processor.py:840} INFO - DAG(s) 'example_sla_dag' retrieved from /home/airflow/.local/lib/python3.12/site-packages/airflow/example_dags/example_sla_dag.py
[2024-08-05T00:08:09.715+0000] {logging_mixin.py:188} INFO - [2024-08-05T00:08:09.715+0000] {dag.py:3089} INFO - Sync 1 DAGs
[2024-08-05T00:08:09.737+0000] {logging_mixin.py:188} INFO - [2024-08-05T00:08:09.736+0000] {dag.py:3947} INFO - Setting next_dagrun for example_sla_dag to 2024-08-05 00:06:00+00:00, run_after=2024-08-05 00:08:00+00:00
[2024-08-05T00:08:09.753+0000] {processor.py:183} INFO - Processing /home/airflow/.local/lib/python3.12/site-packages/airflow/example_dags/example_sla_dag.py took 0.070 seconds
[2024-08-05T00:08:40.063+0000] {processor.py:161} INFO - Started process (PID=20279) to work on /home/airflow/.local/lib/python3.12/site-packages/airflow/example_dags/example_sla_dag.py
[2024-08-05T00:08:40.064+0000] {processor.py:830} INFO - Processing file /home/airflow/.local/lib/python3.12/site-packages/airflow/example_dags/example_sla_dag.py for tasks to queue
[2024-08-05T00:08:40.066+0000] {logging_mixin.py:188} INFO - [2024-08-05T00:08:40.066+0000] {dagbag.py:545} INFO - Filling up the DagBag from /home/airflow/.local/lib/python3.12/site-packages/airflow/example_dags/example_sla_dag.py
[2024-08-05T00:08:40.072+0000] {processor.py:840} INFO - DAG(s) 'example_sla_dag' retrieved from /home/airflow/.local/lib/python3.12/site-packages/airflow/example_dags/example_sla_dag.py
[2024-08-05T00:08:40.089+0000] {logging_mixin.py:188} INFO - [2024-08-05T00:08:40.089+0000] {dag.py:3089} INFO - Sync 1 DAGs
[2024-08-05T00:08:40.110+0000] {logging_mixin.py:188} INFO - [2024-08-05T00:08:40.110+0000] {dag.py:3947} INFO - Setting next_dagrun for example_sla_dag to 2024-08-05 00:06:00+00:00, run_after=2024-08-05 00:08:00+00:00
[2024-08-05T00:08:40.126+0000] {processor.py:183} INFO - Processing /home/airflow/.local/lib/python3.12/site-packages/airflow/example_dags/example_sla_dag.py took 0.069 seconds
[2024-08-05T00:09:10.178+0000] {processor.py:161} INFO - Started process (PID=20551) to work on /home/airflow/.local/lib/python3.12/site-packages/airflow/example_dags/example_sla_dag.py
[2024-08-05T00:09:10.179+0000] {processor.py:830} INFO - Processing file /home/airflow/.local/lib/python3.12/site-packages/airflow/example_dags/example_sla_dag.py for tasks to queue
[2024-08-05T00:09:10.180+0000] {logging_mixin.py:188} INFO - [2024-08-05T00:09:10.180+0000] {dagbag.py:545} INFO - Filling up the DagBag from /home/airflow/.local/lib/python3.12/site-packages/airflow/example_dags/example_sla_dag.py
[2024-08-05T00:09:10.187+0000] {processor.py:840} INFO - DAG(s) 'example_sla_dag' retrieved from /home/airflow/.local/lib/python3.12/site-packages/airflow/example_dags/example_sla_dag.py
[2024-08-05T00:09:10.206+0000] {logging_mixin.py:188} INFO - [2024-08-05T00:09:10.206+0000] {dag.py:3089} INFO - Sync 1 DAGs
[2024-08-05T00:09:10.226+0000] {logging_mixin.py:188} INFO - [2024-08-05T00:09:10.226+0000] {dag.py:3947} INFO - Setting next_dagrun for example_sla_dag to 2024-08-05 00:06:00+00:00, run_after=2024-08-05 00:08:00+00:00
[2024-08-05T00:09:10.240+0000] {processor.py:183} INFO - Processing /home/airflow/.local/lib/python3.12/site-packages/airflow/example_dags/example_sla_dag.py took 0.067 seconds
[2024-08-05T00:09:40.863+0000] {processor.py:161} INFO - Started process (PID=20823) to work on /home/airflow/.local/lib/python3.12/site-packages/airflow/example_dags/example_sla_dag.py
[2024-08-05T00:09:40.864+0000] {processor.py:830} INFO - Processing file /home/airflow/.local/lib/python3.12/site-packages/airflow/example_dags/example_sla_dag.py for tasks to queue
[2024-08-05T00:09:40.865+0000] {logging_mixin.py:188} INFO - [2024-08-05T00:09:40.865+0000] {dagbag.py:545} INFO - Filling up the DagBag from /home/airflow/.local/lib/python3.12/site-packages/airflow/example_dags/example_sla_dag.py
[2024-08-05T00:09:40.872+0000] {processor.py:840} INFO - DAG(s) 'example_sla_dag' retrieved from /home/airflow/.local/lib/python3.12/site-packages/airflow/example_dags/example_sla_dag.py
[2024-08-05T00:09:40.889+0000] {logging_mixin.py:188} INFO - [2024-08-05T00:09:40.888+0000] {dag.py:3089} INFO - Sync 1 DAGs
[2024-08-05T00:09:40.908+0000] {logging_mixin.py:188} INFO - [2024-08-05T00:09:40.908+0000] {dag.py:3947} INFO - Setting next_dagrun for example_sla_dag to 2024-08-05 00:06:00+00:00, run_after=2024-08-05 00:08:00+00:00
[2024-08-05T00:09:40.922+0000] {processor.py:183} INFO - Processing /home/airflow/.local/lib/python3.12/site-packages/airflow/example_dags/example_sla_dag.py took 0.063 seconds
[2024-08-05T00:10:11.546+0000] {processor.py:161} INFO - Started process (PID=21101) to work on /home/airflow/.local/lib/python3.12/site-packages/airflow/example_dags/example_sla_dag.py
[2024-08-05T00:10:11.547+0000] {processor.py:830} INFO - Processing file /home/airflow/.local/lib/python3.12/site-packages/airflow/example_dags/example_sla_dag.py for tasks to queue
[2024-08-05T00:10:11.548+0000] {logging_mixin.py:188} INFO - [2024-08-05T00:10:11.548+0000] {dagbag.py:545} INFO - Filling up the DagBag from /home/airflow/.local/lib/python3.12/site-packages/airflow/example_dags/example_sla_dag.py
[2024-08-05T00:10:11.555+0000] {processor.py:840} INFO - DAG(s) 'example_sla_dag' retrieved from /home/airflow/.local/lib/python3.12/site-packages/airflow/example_dags/example_sla_dag.py
[2024-08-05T00:10:11.573+0000] {logging_mixin.py:188} INFO - [2024-08-05T00:10:11.573+0000] {dag.py:3089} INFO - Sync 1 DAGs
[2024-08-05T00:10:11.593+0000] {logging_mixin.py:188} INFO - [2024-08-05T00:10:11.593+0000] {dag.py:3947} INFO - Setting next_dagrun for example_sla_dag to 2024-08-05 00:08:00+00:00, run_after=2024-08-05 00:10:00+00:00
[2024-08-05T00:10:11.608+0000] {processor.py:183} INFO - Processing /home/airflow/.local/lib/python3.12/site-packages/airflow/example_dags/example_sla_dag.py took 0.066 seconds
[2024-08-05T00:10:42.383+0000] {processor.py:161} INFO - Started process (PID=21376) to work on /home/airflow/.local/lib/python3.12/site-packages/airflow/example_dags/example_sla_dag.py
[2024-08-05T00:10:42.384+0000] {processor.py:830} INFO - Processing file /home/airflow/.local/lib/python3.12/site-packages/airflow/example_dags/example_sla_dag.py for tasks to queue
[2024-08-05T00:10:42.386+0000] {logging_mixin.py:188} INFO - [2024-08-05T00:10:42.385+0000] {dagbag.py:545} INFO - Filling up the DagBag from /home/airflow/.local/lib/python3.12/site-packages/airflow/example_dags/example_sla_dag.py
[2024-08-05T00:10:42.393+0000] {processor.py:840} INFO - DAG(s) 'example_sla_dag' retrieved from /home/airflow/.local/lib/python3.12/site-packages/airflow/example_dags/example_sla_dag.py
[2024-08-05T00:10:42.411+0000] {logging_mixin.py:188} INFO - [2024-08-05T00:10:42.411+0000] {dag.py:3089} INFO - Sync 1 DAGs
[2024-08-05T00:10:42.431+0000] {logging_mixin.py:188} INFO - [2024-08-05T00:10:42.431+0000] {dag.py:3947} INFO - Setting next_dagrun for example_sla_dag to 2024-08-05 00:08:00+00:00, run_after=2024-08-05 00:10:00+00:00
[2024-08-05T00:10:42.448+0000] {processor.py:183} INFO - Processing /home/airflow/.local/lib/python3.12/site-packages/airflow/example_dags/example_sla_dag.py took 0.069 seconds
[2024-08-05T00:11:13.087+0000] {processor.py:161} INFO - Started process (PID=21648) to work on /home/airflow/.local/lib/python3.12/site-packages/airflow/example_dags/example_sla_dag.py
[2024-08-05T00:11:13.088+0000] {processor.py:830} INFO - Processing file /home/airflow/.local/lib/python3.12/site-packages/airflow/example_dags/example_sla_dag.py for tasks to queue
[2024-08-05T00:11:13.089+0000] {logging_mixin.py:188} INFO - [2024-08-05T00:11:13.089+0000] {dagbag.py:545} INFO - Filling up the DagBag from /home/airflow/.local/lib/python3.12/site-packages/airflow/example_dags/example_sla_dag.py
[2024-08-05T00:11:13.096+0000] {processor.py:840} INFO - DAG(s) 'example_sla_dag' retrieved from /home/airflow/.local/lib/python3.12/site-packages/airflow/example_dags/example_sla_dag.py
[2024-08-05T00:11:13.114+0000] {logging_mixin.py:188} INFO - [2024-08-05T00:11:13.114+0000] {dag.py:3089} INFO - Sync 1 DAGs
[2024-08-05T00:11:13.135+0000] {logging_mixin.py:188} INFO - [2024-08-05T00:11:13.135+0000] {dag.py:3947} INFO - Setting next_dagrun for example_sla_dag to 2024-08-05 00:08:00+00:00, run_after=2024-08-05 00:10:00+00:00
[2024-08-05T00:11:13.150+0000] {processor.py:183} INFO - Processing /home/airflow/.local/lib/python3.12/site-packages/airflow/example_dags/example_sla_dag.py took 0.068 seconds
[2024-08-05T00:11:44.027+0000] {processor.py:161} INFO - Started process (PID=21920) to work on /home/airflow/.local/lib/python3.12/site-packages/airflow/example_dags/example_sla_dag.py
[2024-08-05T00:11:44.028+0000] {processor.py:830} INFO - Processing file /home/airflow/.local/lib/python3.12/site-packages/airflow/example_dags/example_sla_dag.py for tasks to queue
[2024-08-05T00:11:44.030+0000] {logging_mixin.py:188} INFO - [2024-08-05T00:11:44.029+0000] {dagbag.py:545} INFO - Filling up the DagBag from /home/airflow/.local/lib/python3.12/site-packages/airflow/example_dags/example_sla_dag.py
[2024-08-05T00:11:44.036+0000] {processor.py:840} INFO - DAG(s) 'example_sla_dag' retrieved from /home/airflow/.local/lib/python3.12/site-packages/airflow/example_dags/example_sla_dag.py
[2024-08-05T00:11:44.054+0000] {logging_mixin.py:188} INFO - [2024-08-05T00:11:44.054+0000] {dag.py:3089} INFO - Sync 1 DAGs
[2024-08-05T00:11:44.079+0000] {logging_mixin.py:188} INFO - [2024-08-05T00:11:44.078+0000] {dag.py:3947} INFO - Setting next_dagrun for example_sla_dag to 2024-08-05 00:08:00+00:00, run_after=2024-08-05 00:10:00+00:00
[2024-08-05T00:11:44.094+0000] {processor.py:183} INFO - Processing /home/airflow/.local/lib/python3.12/site-packages/airflow/example_dags/example_sla_dag.py took 0.072 seconds
[2024-08-05T00:12:14.280+0000] {processor.py:161} INFO - Started process (PID=22192) to work on /home/airflow/.local/lib/python3.12/site-packages/airflow/example_dags/example_sla_dag.py
[2024-08-05T00:12:14.281+0000] {processor.py:830} INFO - Processing file /home/airflow/.local/lib/python3.12/site-packages/airflow/example_dags/example_sla_dag.py for tasks to queue
[2024-08-05T00:12:14.282+0000] {logging_mixin.py:188} INFO - [2024-08-05T00:12:14.282+0000] {dagbag.py:545} INFO - Filling up the DagBag from /home/airflow/.local/lib/python3.12/site-packages/airflow/example_dags/example_sla_dag.py
[2024-08-05T00:12:14.289+0000] {processor.py:840} INFO - DAG(s) 'example_sla_dag' retrieved from /home/airflow/.local/lib/python3.12/site-packages/airflow/example_dags/example_sla_dag.py
[2024-08-05T00:12:14.311+0000] {logging_mixin.py:188} INFO - [2024-08-05T00:12:14.311+0000] {dag.py:3089} INFO - Sync 1 DAGs
[2024-08-05T00:12:14.344+0000] {logging_mixin.py:188} INFO - [2024-08-05T00:12:14.344+0000] {dag.py:3947} INFO - Setting next_dagrun for example_sla_dag to 2024-08-05 00:10:00+00:00, run_after=2024-08-05 00:12:00+00:00
[2024-08-05T00:12:14.367+0000] {processor.py:183} INFO - Processing /home/airflow/.local/lib/python3.12/site-packages/airflow/example_dags/example_sla_dag.py took 0.092 seconds
[2024-08-05T00:12:44.547+0000] {processor.py:161} INFO - Started process (PID=22464) to work on /home/airflow/.local/lib/python3.12/site-packages/airflow/example_dags/example_sla_dag.py
[2024-08-05T00:12:44.548+0000] {processor.py:830} INFO - Processing file /home/airflow/.local/lib/python3.12/site-packages/airflow/example_dags/example_sla_dag.py for tasks to queue
[2024-08-05T00:12:44.550+0000] {logging_mixin.py:188} INFO - [2024-08-05T00:12:44.549+0000] {dagbag.py:545} INFO - Filling up the DagBag from /home/airflow/.local/lib/python3.12/site-packages/airflow/example_dags/example_sla_dag.py
[2024-08-05T00:12:44.558+0000] {processor.py:840} INFO - DAG(s) 'example_sla_dag' retrieved from /home/airflow/.local/lib/python3.12/site-packages/airflow/example_dags/example_sla_dag.py
[2024-08-05T00:12:44.578+0000] {logging_mixin.py:188} INFO - [2024-08-05T00:12:44.578+0000] {dag.py:3089} INFO - Sync 1 DAGs
[2024-08-05T00:12:44.599+0000] {logging_mixin.py:188} INFO - [2024-08-05T00:12:44.599+0000] {dag.py:3947} INFO - Setting next_dagrun for example_sla_dag to 2024-08-05 00:10:00+00:00, run_after=2024-08-05 00:12:00+00:00
[2024-08-05T00:12:44.617+0000] {processor.py:183} INFO - Processing /home/airflow/.local/lib/python3.12/site-packages/airflow/example_dags/example_sla_dag.py took 0.074 seconds
[2024-08-05T00:13:14.806+0000] {processor.py:161} INFO - Started process (PID=22736) to work on /home/airflow/.local/lib/python3.12/site-packages/airflow/example_dags/example_sla_dag.py
[2024-08-05T00:13:14.807+0000] {processor.py:830} INFO - Processing file /home/airflow/.local/lib/python3.12/site-packages/airflow/example_dags/example_sla_dag.py for tasks to queue
[2024-08-05T00:13:14.808+0000] {logging_mixin.py:188} INFO - [2024-08-05T00:13:14.808+0000] {dagbag.py:545} INFO - Filling up the DagBag from /home/airflow/.local/lib/python3.12/site-packages/airflow/example_dags/example_sla_dag.py
[2024-08-05T00:13:14.816+0000] {processor.py:840} INFO - DAG(s) 'example_sla_dag' retrieved from /home/airflow/.local/lib/python3.12/site-packages/airflow/example_dags/example_sla_dag.py
[2024-08-05T00:13:14.836+0000] {logging_mixin.py:188} INFO - [2024-08-05T00:13:14.835+0000] {dag.py:3089} INFO - Sync 1 DAGs
[2024-08-05T00:13:14.860+0000] {logging_mixin.py:188} INFO - [2024-08-05T00:13:14.859+0000] {dag.py:3947} INFO - Setting next_dagrun for example_sla_dag to 2024-08-05 00:10:00+00:00, run_after=2024-08-05 00:12:00+00:00
[2024-08-05T00:13:14.875+0000] {processor.py:183} INFO - Processing /home/airflow/.local/lib/python3.12/site-packages/airflow/example_dags/example_sla_dag.py took 0.075 seconds
[2024-08-05T00:13:45.111+0000] {processor.py:161} INFO - Started process (PID=23008) to work on /home/airflow/.local/lib/python3.12/site-packages/airflow/example_dags/example_sla_dag.py
[2024-08-05T00:13:45.112+0000] {processor.py:830} INFO - Processing file /home/airflow/.local/lib/python3.12/site-packages/airflow/example_dags/example_sla_dag.py for tasks to queue
[2024-08-05T00:13:45.113+0000] {logging_mixin.py:188} INFO - [2024-08-05T00:13:45.113+0000] {dagbag.py:545} INFO - Filling up the DagBag from /home/airflow/.local/lib/python3.12/site-packages/airflow/example_dags/example_sla_dag.py
[2024-08-05T00:13:45.121+0000] {processor.py:840} INFO - DAG(s) 'example_sla_dag' retrieved from /home/airflow/.local/lib/python3.12/site-packages/airflow/example_dags/example_sla_dag.py
[2024-08-05T00:13:45.140+0000] {logging_mixin.py:188} INFO - [2024-08-05T00:13:45.140+0000] {dag.py:3089} INFO - Sync 1 DAGs
[2024-08-05T00:13:45.162+0000] {logging_mixin.py:188} INFO - [2024-08-05T00:13:45.162+0000] {dag.py:3947} INFO - Setting next_dagrun for example_sla_dag to 2024-08-05 00:10:00+00:00, run_after=2024-08-05 00:12:00+00:00
[2024-08-05T00:13:45.179+0000] {processor.py:183} INFO - Processing /home/airflow/.local/lib/python3.12/site-packages/airflow/example_dags/example_sla_dag.py took 0.073 seconds
[2024-08-05T00:14:15.715+0000] {processor.py:161} INFO - Started process (PID=23280) to work on /home/airflow/.local/lib/python3.12/site-packages/airflow/example_dags/example_sla_dag.py
[2024-08-05T00:14:15.715+0000] {processor.py:830} INFO - Processing file /home/airflow/.local/lib/python3.12/site-packages/airflow/example_dags/example_sla_dag.py for tasks to queue
[2024-08-05T00:14:15.717+0000] {logging_mixin.py:188} INFO - [2024-08-05T00:14:15.717+0000] {dagbag.py:545} INFO - Filling up the DagBag from /home/airflow/.local/lib/python3.12/site-packages/airflow/example_dags/example_sla_dag.py
[2024-08-05T00:14:15.723+0000] {processor.py:840} INFO - DAG(s) 'example_sla_dag' retrieved from /home/airflow/.local/lib/python3.12/site-packages/airflow/example_dags/example_sla_dag.py
[2024-08-05T00:14:15.745+0000] {logging_mixin.py:188} INFO - [2024-08-05T00:14:15.745+0000] {dag.py:3089} INFO - Sync 1 DAGs
[2024-08-05T00:14:15.768+0000] {logging_mixin.py:188} INFO - [2024-08-05T00:14:15.768+0000] {dag.py:3947} INFO - Setting next_dagrun for example_sla_dag to 2024-08-05 00:12:00+00:00, run_after=2024-08-05 00:14:00+00:00
[2024-08-05T00:14:15.782+0000] {processor.py:183} INFO - Processing /home/airflow/.local/lib/python3.12/site-packages/airflow/example_dags/example_sla_dag.py took 0.072 seconds
[2024-08-05T00:14:45.998+0000] {processor.py:161} INFO - Started process (PID=23552) to work on /home/airflow/.local/lib/python3.12/site-packages/airflow/example_dags/example_sla_dag.py
[2024-08-05T00:14:45.999+0000] {processor.py:830} INFO - Processing file /home/airflow/.local/lib/python3.12/site-packages/airflow/example_dags/example_sla_dag.py for tasks to queue
[2024-08-05T00:14:46.001+0000] {logging_mixin.py:188} INFO - [2024-08-05T00:14:46.000+0000] {dagbag.py:545} INFO - Filling up the DagBag from /home/airflow/.local/lib/python3.12/site-packages/airflow/example_dags/example_sla_dag.py
[2024-08-05T00:14:46.008+0000] {processor.py:840} INFO - DAG(s) 'example_sla_dag' retrieved from /home/airflow/.local/lib/python3.12/site-packages/airflow/example_dags/example_sla_dag.py
[2024-08-05T00:14:46.027+0000] {logging_mixin.py:188} INFO - [2024-08-05T00:14:46.026+0000] {dag.py:3089} INFO - Sync 1 DAGs
[2024-08-05T00:14:46.050+0000] {logging_mixin.py:188} INFO - [2024-08-05T00:14:46.050+0000] {dag.py:3947} INFO - Setting next_dagrun for example_sla_dag to 2024-08-05 00:12:00+00:00, run_after=2024-08-05 00:14:00+00:00
[2024-08-05T00:14:46.067+0000] {processor.py:183} INFO - Processing /home/airflow/.local/lib/python3.12/site-packages/airflow/example_dags/example_sla_dag.py took 0.074 seconds
[2024-08-05T00:15:16.264+0000] {processor.py:161} INFO - Started process (PID=23824) to work on /home/airflow/.local/lib/python3.12/site-packages/airflow/example_dags/example_sla_dag.py
[2024-08-05T00:15:16.265+0000] {processor.py:830} INFO - Processing file /home/airflow/.local/lib/python3.12/site-packages/airflow/example_dags/example_sla_dag.py for tasks to queue
[2024-08-05T00:15:16.267+0000] {logging_mixin.py:188} INFO - [2024-08-05T00:15:16.266+0000] {dagbag.py:545} INFO - Filling up the DagBag from /home/airflow/.local/lib/python3.12/site-packages/airflow/example_dags/example_sla_dag.py
[2024-08-05T00:15:16.274+0000] {processor.py:840} INFO - DAG(s) 'example_sla_dag' retrieved from /home/airflow/.local/lib/python3.12/site-packages/airflow/example_dags/example_sla_dag.py
[2024-08-05T00:15:16.290+0000] {logging_mixin.py:188} INFO - [2024-08-05T00:15:16.290+0000] {dag.py:3089} INFO - Sync 1 DAGs
[2024-08-05T00:15:16.311+0000] {logging_mixin.py:188} INFO - [2024-08-05T00:15:16.311+0000] {dag.py:3947} INFO - Setting next_dagrun for example_sla_dag to 2024-08-05 00:12:00+00:00, run_after=2024-08-05 00:14:00+00:00
[2024-08-05T00:15:16.328+0000] {processor.py:183} INFO - Processing /home/airflow/.local/lib/python3.12/site-packages/airflow/example_dags/example_sla_dag.py took 0.070 seconds
[2024-08-05T00:15:46.399+0000] {processor.py:161} INFO - Started process (PID=24096) to work on /home/airflow/.local/lib/python3.12/site-packages/airflow/example_dags/example_sla_dag.py
[2024-08-05T00:15:46.400+0000] {processor.py:830} INFO - Processing file /home/airflow/.local/lib/python3.12/site-packages/airflow/example_dags/example_sla_dag.py for tasks to queue
[2024-08-05T00:15:46.402+0000] {logging_mixin.py:188} INFO - [2024-08-05T00:15:46.401+0000] {dagbag.py:545} INFO - Filling up the DagBag from /home/airflow/.local/lib/python3.12/site-packages/airflow/example_dags/example_sla_dag.py
[2024-08-05T00:15:46.408+0000] {processor.py:840} INFO - DAG(s) 'example_sla_dag' retrieved from /home/airflow/.local/lib/python3.12/site-packages/airflow/example_dags/example_sla_dag.py
[2024-08-05T00:15:46.427+0000] {logging_mixin.py:188} INFO - [2024-08-05T00:15:46.427+0000] {dag.py:3089} INFO - Sync 1 DAGs
[2024-08-05T00:15:46.449+0000] {logging_mixin.py:188} INFO - [2024-08-05T00:15:46.449+0000] {dag.py:3947} INFO - Setting next_dagrun for example_sla_dag to 2024-08-05 00:12:00+00:00, run_after=2024-08-05 00:14:00+00:00
[2024-08-05T00:15:46.466+0000] {processor.py:183} INFO - Processing /home/airflow/.local/lib/python3.12/site-packages/airflow/example_dags/example_sla_dag.py took 0.072 seconds
[2024-08-05T00:16:17.017+0000] {processor.py:161} INFO - Started process (PID=24368) to work on /home/airflow/.local/lib/python3.12/site-packages/airflow/example_dags/example_sla_dag.py
[2024-08-05T00:16:17.018+0000] {processor.py:830} INFO - Processing file /home/airflow/.local/lib/python3.12/site-packages/airflow/example_dags/example_sla_dag.py for tasks to queue
[2024-08-05T00:16:17.020+0000] {logging_mixin.py:188} INFO - [2024-08-05T00:16:17.020+0000] {dagbag.py:545} INFO - Filling up the DagBag from /home/airflow/.local/lib/python3.12/site-packages/airflow/example_dags/example_sla_dag.py
[2024-08-05T00:16:17.027+0000] {processor.py:840} INFO - DAG(s) 'example_sla_dag' retrieved from /home/airflow/.local/lib/python3.12/site-packages/airflow/example_dags/example_sla_dag.py
[2024-08-05T00:16:17.048+0000] {logging_mixin.py:188} INFO - [2024-08-05T00:16:17.048+0000] {dag.py:3089} INFO - Sync 1 DAGs
[2024-08-05T00:16:17.072+0000] {logging_mixin.py:188} INFO - [2024-08-05T00:16:17.071+0000] {dag.py:3947} INFO - Setting next_dagrun for example_sla_dag to 2024-08-05 00:14:00+00:00, run_after=2024-08-05 00:16:00+00:00
[2024-08-05T00:16:17.090+0000] {processor.py:183} INFO - Processing /home/airflow/.local/lib/python3.12/site-packages/airflow/example_dags/example_sla_dag.py took 0.079 seconds
[2024-08-05T00:16:47.297+0000] {processor.py:161} INFO - Started process (PID=24640) to work on /home/airflow/.local/lib/python3.12/site-packages/airflow/example_dags/example_sla_dag.py
[2024-08-05T00:16:47.298+0000] {processor.py:830} INFO - Processing file /home/airflow/.local/lib/python3.12/site-packages/airflow/example_dags/example_sla_dag.py for tasks to queue
[2024-08-05T00:16:47.299+0000] {logging_mixin.py:188} INFO - [2024-08-05T00:16:47.299+0000] {dagbag.py:545} INFO - Filling up the DagBag from /home/airflow/.local/lib/python3.12/site-packages/airflow/example_dags/example_sla_dag.py
[2024-08-05T00:16:47.306+0000] {processor.py:840} INFO - DAG(s) 'example_sla_dag' retrieved from /home/airflow/.local/lib/python3.12/site-packages/airflow/example_dags/example_sla_dag.py
[2024-08-05T00:16:47.325+0000] {logging_mixin.py:188} INFO - [2024-08-05T00:16:47.325+0000] {dag.py:3089} INFO - Sync 1 DAGs
[2024-08-05T00:16:47.350+0000] {logging_mixin.py:188} INFO - [2024-08-05T00:16:47.350+0000] {dag.py:3947} INFO - Setting next_dagrun for example_sla_dag to 2024-08-05 00:14:00+00:00, run_after=2024-08-05 00:16:00+00:00
[2024-08-05T00:16:47.368+0000] {processor.py:183} INFO - Processing /home/airflow/.local/lib/python3.12/site-packages/airflow/example_dags/example_sla_dag.py took 0.077 seconds
[2024-08-05T00:17:17.515+0000] {processor.py:161} INFO - Started process (PID=24912) to work on /home/airflow/.local/lib/python3.12/site-packages/airflow/example_dags/example_sla_dag.py
[2024-08-05T00:17:17.516+0000] {processor.py:830} INFO - Processing file /home/airflow/.local/lib/python3.12/site-packages/airflow/example_dags/example_sla_dag.py for tasks to queue
[2024-08-05T00:17:17.517+0000] {logging_mixin.py:188} INFO - [2024-08-05T00:17:17.517+0000] {dagbag.py:545} INFO - Filling up the DagBag from /home/airflow/.local/lib/python3.12/site-packages/airflow/example_dags/example_sla_dag.py
[2024-08-05T00:17:17.524+0000] {processor.py:840} INFO - DAG(s) 'example_sla_dag' retrieved from /home/airflow/.local/lib/python3.12/site-packages/airflow/example_dags/example_sla_dag.py
[2024-08-05T00:17:17.546+0000] {logging_mixin.py:188} INFO - [2024-08-05T00:17:17.546+0000] {dag.py:3089} INFO - Sync 1 DAGs
[2024-08-05T00:17:17.568+0000] {logging_mixin.py:188} INFO - [2024-08-05T00:17:17.568+0000] {dag.py:3947} INFO - Setting next_dagrun for example_sla_dag to 2024-08-05 00:14:00+00:00, run_after=2024-08-05 00:16:00+00:00
[2024-08-05T00:17:17.584+0000] {processor.py:183} INFO - Processing /home/airflow/.local/lib/python3.12/site-packages/airflow/example_dags/example_sla_dag.py took 0.074 seconds
[2024-08-05T00:17:47.943+0000] {processor.py:161} INFO - Started process (PID=25184) to work on /home/airflow/.local/lib/python3.12/site-packages/airflow/example_dags/example_sla_dag.py
[2024-08-05T00:17:47.944+0000] {processor.py:830} INFO - Processing file /home/airflow/.local/lib/python3.12/site-packages/airflow/example_dags/example_sla_dag.py for tasks to queue
[2024-08-05T00:17:47.945+0000] {logging_mixin.py:188} INFO - [2024-08-05T00:17:47.945+0000] {dagbag.py:545} INFO - Filling up the DagBag from /home/airflow/.local/lib/python3.12/site-packages/airflow/example_dags/example_sla_dag.py
[2024-08-05T00:17:47.952+0000] {processor.py:840} INFO - DAG(s) 'example_sla_dag' retrieved from /home/airflow/.local/lib/python3.12/site-packages/airflow/example_dags/example_sla_dag.py
[2024-08-05T00:17:47.971+0000] {logging_mixin.py:188} INFO - [2024-08-05T00:17:47.971+0000] {dag.py:3089} INFO - Sync 1 DAGs
[2024-08-05T00:17:47.993+0000] {logging_mixin.py:188} INFO - [2024-08-05T00:17:47.993+0000] {dag.py:3947} INFO - Setting next_dagrun for example_sla_dag to 2024-08-05 00:14:00+00:00, run_after=2024-08-05 00:16:00+00:00
[2024-08-05T00:17:48.010+0000] {processor.py:183} INFO - Processing /home/airflow/.local/lib/python3.12/site-packages/airflow/example_dags/example_sla_dag.py took 0.072 seconds
[2024-08-05T00:18:18.237+0000] {processor.py:161} INFO - Started process (PID=25456) to work on /home/airflow/.local/lib/python3.12/site-packages/airflow/example_dags/example_sla_dag.py
[2024-08-05T00:18:18.238+0000] {processor.py:830} INFO - Processing file /home/airflow/.local/lib/python3.12/site-packages/airflow/example_dags/example_sla_dag.py for tasks to queue
[2024-08-05T00:18:18.239+0000] {logging_mixin.py:188} INFO - [2024-08-05T00:18:18.239+0000] {dagbag.py:545} INFO - Filling up the DagBag from /home/airflow/.local/lib/python3.12/site-packages/airflow/example_dags/example_sla_dag.py
[2024-08-05T00:18:18.246+0000] {processor.py:840} INFO - DAG(s) 'example_sla_dag' retrieved from /home/airflow/.local/lib/python3.12/site-packages/airflow/example_dags/example_sla_dag.py
[2024-08-05T00:18:18.265+0000] {logging_mixin.py:188} INFO - [2024-08-05T00:18:18.265+0000] {dag.py:3089} INFO - Sync 1 DAGs
[2024-08-05T00:18:18.287+0000] {logging_mixin.py:188} INFO - [2024-08-05T00:18:18.286+0000] {dag.py:3947} INFO - Setting next_dagrun for example_sla_dag to 2024-08-05 00:16:00+00:00, run_after=2024-08-05 00:18:00+00:00
[2024-08-05T00:18:18.304+0000] {processor.py:183} INFO - Processing /home/airflow/.local/lib/python3.12/site-packages/airflow/example_dags/example_sla_dag.py took 0.073 seconds
[2024-08-05T00:18:48.354+0000] {processor.py:161} INFO - Started process (PID=25728) to work on /home/airflow/.local/lib/python3.12/site-packages/airflow/example_dags/example_sla_dag.py
[2024-08-05T00:18:48.355+0000] {processor.py:830} INFO - Processing file /home/airflow/.local/lib/python3.12/site-packages/airflow/example_dags/example_sla_dag.py for tasks to queue
[2024-08-05T00:18:48.356+0000] {logging_mixin.py:188} INFO - [2024-08-05T00:18:48.356+0000] {dagbag.py:545} INFO - Filling up the DagBag from /home/airflow/.local/lib/python3.12/site-packages/airflow/example_dags/example_sla_dag.py
[2024-08-05T00:18:48.364+0000] {processor.py:840} INFO - DAG(s) 'example_sla_dag' retrieved from /home/airflow/.local/lib/python3.12/site-packages/airflow/example_dags/example_sla_dag.py
[2024-08-05T00:18:48.382+0000] {logging_mixin.py:188} INFO - [2024-08-05T00:18:48.382+0000] {dag.py:3089} INFO - Sync 1 DAGs
[2024-08-05T00:18:48.403+0000] {logging_mixin.py:188} INFO - [2024-08-05T00:18:48.403+0000] {dag.py:3947} INFO - Setting next_dagrun for example_sla_dag to 2024-08-05 00:16:00+00:00, run_after=2024-08-05 00:18:00+00:00
[2024-08-05T00:18:48.422+0000] {processor.py:183} INFO - Processing /home/airflow/.local/lib/python3.12/site-packages/airflow/example_dags/example_sla_dag.py took 0.073 seconds
[2024-08-05T00:19:18.718+0000] {processor.py:161} INFO - Started process (PID=26000) to work on /home/airflow/.local/lib/python3.12/site-packages/airflow/example_dags/example_sla_dag.py
[2024-08-05T00:19:18.719+0000] {processor.py:830} INFO - Processing file /home/airflow/.local/lib/python3.12/site-packages/airflow/example_dags/example_sla_dag.py for tasks to queue
[2024-08-05T00:19:18.720+0000] {logging_mixin.py:188} INFO - [2024-08-05T00:19:18.720+0000] {dagbag.py:545} INFO - Filling up the DagBag from /home/airflow/.local/lib/python3.12/site-packages/airflow/example_dags/example_sla_dag.py
[2024-08-05T00:19:18.727+0000] {processor.py:840} INFO - DAG(s) 'example_sla_dag' retrieved from /home/airflow/.local/lib/python3.12/site-packages/airflow/example_dags/example_sla_dag.py
[2024-08-05T00:19:18.746+0000] {logging_mixin.py:188} INFO - [2024-08-05T00:19:18.746+0000] {dag.py:3089} INFO - Sync 1 DAGs
[2024-08-05T00:19:18.768+0000] {logging_mixin.py:188} INFO - [2024-08-05T00:19:18.768+0000] {dag.py:3947} INFO - Setting next_dagrun for example_sla_dag to 2024-08-05 00:16:00+00:00, run_after=2024-08-05 00:18:00+00:00
[2024-08-05T00:19:18.784+0000] {processor.py:183} INFO - Processing /home/airflow/.local/lib/python3.12/site-packages/airflow/example_dags/example_sla_dag.py took 0.070 seconds
[2024-08-05T00:19:48.881+0000] {processor.py:161} INFO - Started process (PID=26272) to work on /home/airflow/.local/lib/python3.12/site-packages/airflow/example_dags/example_sla_dag.py
[2024-08-05T00:19:48.881+0000] {processor.py:830} INFO - Processing file /home/airflow/.local/lib/python3.12/site-packages/airflow/example_dags/example_sla_dag.py for tasks to queue
[2024-08-05T00:19:48.883+0000] {logging_mixin.py:188} INFO - [2024-08-05T00:19:48.883+0000] {dagbag.py:545} INFO - Filling up the DagBag from /home/airflow/.local/lib/python3.12/site-packages/airflow/example_dags/example_sla_dag.py
[2024-08-05T00:19:48.890+0000] {processor.py:840} INFO - DAG(s) 'example_sla_dag' retrieved from /home/airflow/.local/lib/python3.12/site-packages/airflow/example_dags/example_sla_dag.py
[2024-08-05T00:19:48.909+0000] {logging_mixin.py:188} INFO - [2024-08-05T00:19:48.908+0000] {dag.py:3089} INFO - Sync 1 DAGs
[2024-08-05T00:19:48.930+0000] {logging_mixin.py:188} INFO - [2024-08-05T00:19:48.930+0000] {dag.py:3947} INFO - Setting next_dagrun for example_sla_dag to 2024-08-05 00:16:00+00:00, run_after=2024-08-05 00:18:00+00:00
[2024-08-05T00:19:48.946+0000] {processor.py:183} INFO - Processing /home/airflow/.local/lib/python3.12/site-packages/airflow/example_dags/example_sla_dag.py took 0.070 seconds
[2024-08-05T00:20:19.167+0000] {processor.py:161} INFO - Started process (PID=26553) to work on /home/airflow/.local/lib/python3.12/site-packages/airflow/example_dags/example_sla_dag.py
[2024-08-05T00:20:19.168+0000] {processor.py:830} INFO - Processing file /home/airflow/.local/lib/python3.12/site-packages/airflow/example_dags/example_sla_dag.py for tasks to queue
[2024-08-05T00:20:19.170+0000] {logging_mixin.py:188} INFO - [2024-08-05T00:20:19.170+0000] {dagbag.py:545} INFO - Filling up the DagBag from /home/airflow/.local/lib/python3.12/site-packages/airflow/example_dags/example_sla_dag.py
[2024-08-05T00:20:19.180+0000] {processor.py:840} INFO - DAG(s) 'example_sla_dag' retrieved from /home/airflow/.local/lib/python3.12/site-packages/airflow/example_dags/example_sla_dag.py
[2024-08-05T00:20:19.204+0000] {logging_mixin.py:188} INFO - [2024-08-05T00:20:19.204+0000] {dag.py:3089} INFO - Sync 1 DAGs
[2024-08-05T00:20:19.227+0000] {logging_mixin.py:188} INFO - [2024-08-05T00:20:19.227+0000] {dag.py:3947} INFO - Setting next_dagrun for example_sla_dag to 2024-08-05 00:18:00+00:00, run_after=2024-08-05 00:20:00+00:00
[2024-08-05T00:20:19.244+0000] {processor.py:183} INFO - Processing /home/airflow/.local/lib/python3.12/site-packages/airflow/example_dags/example_sla_dag.py took 0.084 seconds
[2024-08-05T00:20:49.682+0000] {processor.py:161} INFO - Started process (PID=26825) to work on /home/airflow/.local/lib/python3.12/site-packages/airflow/example_dags/example_sla_dag.py
[2024-08-05T00:20:49.683+0000] {processor.py:830} INFO - Processing file /home/airflow/.local/lib/python3.12/site-packages/airflow/example_dags/example_sla_dag.py for tasks to queue
[2024-08-05T00:20:49.684+0000] {logging_mixin.py:188} INFO - [2024-08-05T00:20:49.684+0000] {dagbag.py:545} INFO - Filling up the DagBag from /home/airflow/.local/lib/python3.12/site-packages/airflow/example_dags/example_sla_dag.py
[2024-08-05T00:20:49.692+0000] {processor.py:840} INFO - DAG(s) 'example_sla_dag' retrieved from /home/airflow/.local/lib/python3.12/site-packages/airflow/example_dags/example_sla_dag.py
[2024-08-05T00:20:49.711+0000] {logging_mixin.py:188} INFO - [2024-08-05T00:20:49.711+0000] {dag.py:3089} INFO - Sync 1 DAGs
[2024-08-05T00:20:49.732+0000] {logging_mixin.py:188} INFO - [2024-08-05T00:20:49.732+0000] {dag.py:3947} INFO - Setting next_dagrun for example_sla_dag to 2024-08-05 00:18:00+00:00, run_after=2024-08-05 00:20:00+00:00
[2024-08-05T00:20:49.748+0000] {processor.py:183} INFO - Processing /home/airflow/.local/lib/python3.12/site-packages/airflow/example_dags/example_sla_dag.py took 0.072 seconds
[2024-08-05T00:21:20.181+0000] {processor.py:161} INFO - Started process (PID=27097) to work on /home/airflow/.local/lib/python3.12/site-packages/airflow/example_dags/example_sla_dag.py
[2024-08-05T00:21:20.182+0000] {processor.py:830} INFO - Processing file /home/airflow/.local/lib/python3.12/site-packages/airflow/example_dags/example_sla_dag.py for tasks to queue
[2024-08-05T00:21:20.183+0000] {logging_mixin.py:188} INFO - [2024-08-05T00:21:20.183+0000] {dagbag.py:545} INFO - Filling up the DagBag from /home/airflow/.local/lib/python3.12/site-packages/airflow/example_dags/example_sla_dag.py
[2024-08-05T00:21:20.191+0000] {processor.py:840} INFO - DAG(s) 'example_sla_dag' retrieved from /home/airflow/.local/lib/python3.12/site-packages/airflow/example_dags/example_sla_dag.py
[2024-08-05T00:21:20.211+0000] {logging_mixin.py:188} INFO - [2024-08-05T00:21:20.211+0000] {dag.py:3089} INFO - Sync 1 DAGs
[2024-08-05T00:21:20.232+0000] {logging_mixin.py:188} INFO - [2024-08-05T00:21:20.231+0000] {dag.py:3947} INFO - Setting next_dagrun for example_sla_dag to 2024-08-05 00:18:00+00:00, run_after=2024-08-05 00:20:00+00:00
[2024-08-05T00:21:20.248+0000] {processor.py:183} INFO - Processing /home/airflow/.local/lib/python3.12/site-packages/airflow/example_dags/example_sla_dag.py took 0.071 seconds
[2024-08-05T00:21:50.598+0000] {processor.py:161} INFO - Started process (PID=27369) to work on /home/airflow/.local/lib/python3.12/site-packages/airflow/example_dags/example_sla_dag.py
[2024-08-05T00:21:50.598+0000] {processor.py:830} INFO - Processing file /home/airflow/.local/lib/python3.12/site-packages/airflow/example_dags/example_sla_dag.py for tasks to queue
[2024-08-05T00:21:50.600+0000] {logging_mixin.py:188} INFO - [2024-08-05T00:21:50.600+0000] {dagbag.py:545} INFO - Filling up the DagBag from /home/airflow/.local/lib/python3.12/site-packages/airflow/example_dags/example_sla_dag.py
[2024-08-05T00:21:50.608+0000] {processor.py:840} INFO - DAG(s) 'example_sla_dag' retrieved from /home/airflow/.local/lib/python3.12/site-packages/airflow/example_dags/example_sla_dag.py
[2024-08-05T00:21:50.627+0000] {logging_mixin.py:188} INFO - [2024-08-05T00:21:50.626+0000] {dag.py:3089} INFO - Sync 1 DAGs
[2024-08-05T00:21:50.648+0000] {logging_mixin.py:188} INFO - [2024-08-05T00:21:50.648+0000] {dag.py:3947} INFO - Setting next_dagrun for example_sla_dag to 2024-08-05 00:18:00+00:00, run_after=2024-08-05 00:20:00+00:00
[2024-08-05T00:21:50.664+0000] {processor.py:183} INFO - Processing /home/airflow/.local/lib/python3.12/site-packages/airflow/example_dags/example_sla_dag.py took 0.071 seconds
[2024-08-05T00:22:21.034+0000] {processor.py:161} INFO - Started process (PID=27641) to work on /home/airflow/.local/lib/python3.12/site-packages/airflow/example_dags/example_sla_dag.py
[2024-08-05T00:22:21.035+0000] {processor.py:830} INFO - Processing file /home/airflow/.local/lib/python3.12/site-packages/airflow/example_dags/example_sla_dag.py for tasks to queue
[2024-08-05T00:22:21.037+0000] {logging_mixin.py:188} INFO - [2024-08-05T00:22:21.037+0000] {dagbag.py:545} INFO - Filling up the DagBag from /home/airflow/.local/lib/python3.12/site-packages/airflow/example_dags/example_sla_dag.py
[2024-08-05T00:22:21.044+0000] {processor.py:840} INFO - DAG(s) 'example_sla_dag' retrieved from /home/airflow/.local/lib/python3.12/site-packages/airflow/example_dags/example_sla_dag.py
[2024-08-05T00:22:21.063+0000] {logging_mixin.py:188} INFO - [2024-08-05T00:22:21.063+0000] {dag.py:3089} INFO - Sync 1 DAGs
[2024-08-05T00:22:21.085+0000] {logging_mixin.py:188} INFO - [2024-08-05T00:22:21.085+0000] {dag.py:3947} INFO - Setting next_dagrun for example_sla_dag to 2024-08-05 00:20:00+00:00, run_after=2024-08-05 00:22:00+00:00
[2024-08-05T00:22:21.102+0000] {processor.py:183} INFO - Processing /home/airflow/.local/lib/python3.12/site-packages/airflow/example_dags/example_sla_dag.py took 0.072 seconds
[2024-08-05T00:22:51.257+0000] {processor.py:161} INFO - Started process (PID=27913) to work on /home/airflow/.local/lib/python3.12/site-packages/airflow/example_dags/example_sla_dag.py
[2024-08-05T00:22:51.258+0000] {processor.py:830} INFO - Processing file /home/airflow/.local/lib/python3.12/site-packages/airflow/example_dags/example_sla_dag.py for tasks to queue
[2024-08-05T00:22:51.260+0000] {logging_mixin.py:188} INFO - [2024-08-05T00:22:51.260+0000] {dagbag.py:545} INFO - Filling up the DagBag from /home/airflow/.local/lib/python3.12/site-packages/airflow/example_dags/example_sla_dag.py
[2024-08-05T00:22:51.266+0000] {processor.py:840} INFO - DAG(s) 'example_sla_dag' retrieved from /home/airflow/.local/lib/python3.12/site-packages/airflow/example_dags/example_sla_dag.py
[2024-08-05T00:22:51.285+0000] {logging_mixin.py:188} INFO - [2024-08-05T00:22:51.285+0000] {dag.py:3089} INFO - Sync 1 DAGs
[2024-08-05T00:22:51.441+0000] {logging_mixin.py:188} INFO - [2024-08-05T00:22:51.441+0000] {dag.py:3947} INFO - Setting next_dagrun for example_sla_dag to 2024-08-05 00:20:00+00:00, run_after=2024-08-05 00:22:00+00:00
[2024-08-05T00:22:51.456+0000] {processor.py:183} INFO - Processing /home/airflow/.local/lib/python3.12/site-packages/airflow/example_dags/example_sla_dag.py took 0.204 seconds
[2024-08-05T00:23:21.595+0000] {processor.py:161} INFO - Started process (PID=28185) to work on /home/airflow/.local/lib/python3.12/site-packages/airflow/example_dags/example_sla_dag.py
[2024-08-05T00:23:21.596+0000] {processor.py:830} INFO - Processing file /home/airflow/.local/lib/python3.12/site-packages/airflow/example_dags/example_sla_dag.py for tasks to queue
[2024-08-05T00:23:21.597+0000] {logging_mixin.py:188} INFO - [2024-08-05T00:23:21.597+0000] {dagbag.py:545} INFO - Filling up the DagBag from /home/airflow/.local/lib/python3.12/site-packages/airflow/example_dags/example_sla_dag.py
[2024-08-05T00:23:21.605+0000] {processor.py:840} INFO - DAG(s) 'example_sla_dag' retrieved from /home/airflow/.local/lib/python3.12/site-packages/airflow/example_dags/example_sla_dag.py
[2024-08-05T00:23:21.626+0000] {logging_mixin.py:188} INFO - [2024-08-05T00:23:21.626+0000] {dag.py:3089} INFO - Sync 1 DAGs
[2024-08-05T00:23:21.813+0000] {logging_mixin.py:188} INFO - [2024-08-05T00:23:21.812+0000] {dag.py:3947} INFO - Setting next_dagrun for example_sla_dag to 2024-08-05 00:20:00+00:00, run_after=2024-08-05 00:22:00+00:00
[2024-08-05T00:23:21.830+0000] {processor.py:183} INFO - Processing /home/airflow/.local/lib/python3.12/site-packages/airflow/example_dags/example_sla_dag.py took 0.240 seconds
[2024-08-05T00:23:52.084+0000] {processor.py:161} INFO - Started process (PID=28462) to work on /home/airflow/.local/lib/python3.12/site-packages/airflow/example_dags/example_sla_dag.py
[2024-08-05T00:23:52.085+0000] {processor.py:830} INFO - Processing file /home/airflow/.local/lib/python3.12/site-packages/airflow/example_dags/example_sla_dag.py for tasks to queue
[2024-08-05T00:23:52.086+0000] {logging_mixin.py:188} INFO - [2024-08-05T00:23:52.086+0000] {dagbag.py:545} INFO - Filling up the DagBag from /home/airflow/.local/lib/python3.12/site-packages/airflow/example_dags/example_sla_dag.py
[2024-08-05T00:23:52.092+0000] {processor.py:840} INFO - DAG(s) 'example_sla_dag' retrieved from /home/airflow/.local/lib/python3.12/site-packages/airflow/example_dags/example_sla_dag.py
[2024-08-05T00:23:52.111+0000] {logging_mixin.py:188} INFO - [2024-08-05T00:23:52.111+0000] {dag.py:3089} INFO - Sync 1 DAGs
[2024-08-05T00:23:52.271+0000] {logging_mixin.py:188} INFO - [2024-08-05T00:23:52.271+0000] {dag.py:3947} INFO - Setting next_dagrun for example_sla_dag to 2024-08-05 00:20:00+00:00, run_after=2024-08-05 00:22:00+00:00
[2024-08-05T00:23:52.286+0000] {processor.py:183} INFO - Processing /home/airflow/.local/lib/python3.12/site-packages/airflow/example_dags/example_sla_dag.py took 0.207 seconds
[2024-08-05T00:24:22.798+0000] {processor.py:161} INFO - Started process (PID=28727) to work on /home/airflow/.local/lib/python3.12/site-packages/airflow/example_dags/example_sla_dag.py
[2024-08-05T00:24:22.798+0000] {processor.py:830} INFO - Processing file /home/airflow/.local/lib/python3.12/site-packages/airflow/example_dags/example_sla_dag.py for tasks to queue
[2024-08-05T00:24:22.799+0000] {logging_mixin.py:188} INFO - [2024-08-05T00:24:22.799+0000] {dagbag.py:545} INFO - Filling up the DagBag from /home/airflow/.local/lib/python3.12/site-packages/airflow/example_dags/example_sla_dag.py
[2024-08-05T00:24:22.805+0000] {processor.py:840} INFO - DAG(s) 'example_sla_dag' retrieved from /home/airflow/.local/lib/python3.12/site-packages/airflow/example_dags/example_sla_dag.py
[2024-08-05T00:24:22.820+0000] {logging_mixin.py:188} INFO - [2024-08-05T00:24:22.819+0000] {dag.py:3089} INFO - Sync 1 DAGs
[2024-08-05T00:24:22.838+0000] {logging_mixin.py:188} INFO - [2024-08-05T00:24:22.838+0000] {dag.py:3947} INFO - Setting next_dagrun for example_sla_dag to 2024-08-05 00:22:00+00:00, run_after=2024-08-05 00:24:00+00:00
[2024-08-05T00:24:22.851+0000] {processor.py:183} INFO - Processing /home/airflow/.local/lib/python3.12/site-packages/airflow/example_dags/example_sla_dag.py took 0.057 seconds
[2024-08-05T00:24:53.341+0000] {processor.py:161} INFO - Started process (PID=29005) to work on /home/airflow/.local/lib/python3.12/site-packages/airflow/example_dags/example_sla_dag.py
[2024-08-05T00:24:53.342+0000] {processor.py:830} INFO - Processing file /home/airflow/.local/lib/python3.12/site-packages/airflow/example_dags/example_sla_dag.py for tasks to queue
[2024-08-05T00:24:53.343+0000] {logging_mixin.py:188} INFO - [2024-08-05T00:24:53.343+0000] {dagbag.py:545} INFO - Filling up the DagBag from /home/airflow/.local/lib/python3.12/site-packages/airflow/example_dags/example_sla_dag.py
[2024-08-05T00:24:53.351+0000] {processor.py:840} INFO - DAG(s) 'example_sla_dag' retrieved from /home/airflow/.local/lib/python3.12/site-packages/airflow/example_dags/example_sla_dag.py
[2024-08-05T00:24:53.372+0000] {logging_mixin.py:188} INFO - [2024-08-05T00:24:53.372+0000] {dag.py:3089} INFO - Sync 1 DAGs
[2024-08-05T00:24:53.397+0000] {logging_mixin.py:188} INFO - [2024-08-05T00:24:53.397+0000] {dag.py:3947} INFO - Setting next_dagrun for example_sla_dag to 2024-08-05 00:22:00+00:00, run_after=2024-08-05 00:24:00+00:00
[2024-08-05T00:24:53.414+0000] {processor.py:183} INFO - Processing /home/airflow/.local/lib/python3.12/site-packages/airflow/example_dags/example_sla_dag.py took 0.078 seconds
