[2024-08-05T00:00:01.146+0000] {processor.py:161} INFO - Started process (PID=15567) to work on /home/airflow/.local/lib/python3.12/site-packages/airflow/example_dags/example_dynamic_task_mapping.py
[2024-08-05T00:00:01.146+0000] {processor.py:830} INFO - Processing file /home/airflow/.local/lib/python3.12/site-packages/airflow/example_dags/example_dynamic_task_mapping.py for tasks to queue
[2024-08-05T00:00:01.147+0000] {logging_mixin.py:188} INFO - [2024-08-05T00:00:01.147+0000] {dagbag.py:545} INFO - Filling up the DagBag from /home/airflow/.local/lib/python3.12/site-packages/airflow/example_dags/example_dynamic_task_mapping.py
[2024-08-05T00:00:01.152+0000] {processor.py:840} INFO - DAG(s) 'example_dynamic_task_mapping' retrieved from /home/airflow/.local/lib/python3.12/site-packages/airflow/example_dags/example_dynamic_task_mapping.py
[2024-08-05T00:00:01.171+0000] {logging_mixin.py:188} INFO - [2024-08-05T00:00:01.171+0000] {dag.py:3089} INFO - Sync 1 DAGs
[2024-08-05T00:00:01.190+0000] {logging_mixin.py:188} INFO - [2024-08-05T00:00:01.190+0000] {dag.py:3947} INFO - Setting next_dagrun for example_dynamic_task_mapping to 2022-03-04 00:00:00+00:00, run_after=2022-03-05 00:00:00+00:00
[2024-08-05T00:00:01.204+0000] {processor.py:183} INFO - Processing /home/airflow/.local/lib/python3.12/site-packages/airflow/example_dags/example_dynamic_task_mapping.py took 0.063 seconds
[2024-08-05T00:00:31.955+0000] {processor.py:161} INFO - Started process (PID=15846) to work on /home/airflow/.local/lib/python3.12/site-packages/airflow/example_dags/example_dynamic_task_mapping.py
[2024-08-05T00:00:31.956+0000] {processor.py:830} INFO - Processing file /home/airflow/.local/lib/python3.12/site-packages/airflow/example_dags/example_dynamic_task_mapping.py for tasks to queue
[2024-08-05T00:00:31.957+0000] {logging_mixin.py:188} INFO - [2024-08-05T00:00:31.957+0000] {dagbag.py:545} INFO - Filling up the DagBag from /home/airflow/.local/lib/python3.12/site-packages/airflow/example_dags/example_dynamic_task_mapping.py
[2024-08-05T00:00:31.962+0000] {processor.py:840} INFO - DAG(s) 'example_dynamic_task_mapping' retrieved from /home/airflow/.local/lib/python3.12/site-packages/airflow/example_dags/example_dynamic_task_mapping.py
[2024-08-05T00:00:31.980+0000] {logging_mixin.py:188} INFO - [2024-08-05T00:00:31.980+0000] {dag.py:3089} INFO - Sync 1 DAGs
[2024-08-05T00:00:31.998+0000] {logging_mixin.py:188} INFO - [2024-08-05T00:00:31.998+0000] {dag.py:3947} INFO - Setting next_dagrun for example_dynamic_task_mapping to 2022-03-04 00:00:00+00:00, run_after=2022-03-05 00:00:00+00:00
[2024-08-05T00:00:32.013+0000] {processor.py:183} INFO - Processing /home/airflow/.local/lib/python3.12/site-packages/airflow/example_dags/example_dynamic_task_mapping.py took 0.063 seconds
[2024-08-05T00:01:02.683+0000] {processor.py:161} INFO - Started process (PID=16118) to work on /home/airflow/.local/lib/python3.12/site-packages/airflow/example_dags/example_dynamic_task_mapping.py
[2024-08-05T00:01:02.683+0000] {processor.py:830} INFO - Processing file /home/airflow/.local/lib/python3.12/site-packages/airflow/example_dags/example_dynamic_task_mapping.py for tasks to queue
[2024-08-05T00:01:02.685+0000] {logging_mixin.py:188} INFO - [2024-08-05T00:01:02.685+0000] {dagbag.py:545} INFO - Filling up the DagBag from /home/airflow/.local/lib/python3.12/site-packages/airflow/example_dags/example_dynamic_task_mapping.py
[2024-08-05T00:01:02.692+0000] {processor.py:840} INFO - DAG(s) 'example_dynamic_task_mapping' retrieved from /home/airflow/.local/lib/python3.12/site-packages/airflow/example_dags/example_dynamic_task_mapping.py
[2024-08-05T00:01:02.711+0000] {logging_mixin.py:188} INFO - [2024-08-05T00:01:02.711+0000] {dag.py:3089} INFO - Sync 1 DAGs
[2024-08-05T00:01:02.732+0000] {logging_mixin.py:188} INFO - [2024-08-05T00:01:02.731+0000] {dag.py:3947} INFO - Setting next_dagrun for example_dynamic_task_mapping to 2022-03-04 00:00:00+00:00, run_after=2022-03-05 00:00:00+00:00
[2024-08-05T00:01:02.748+0000] {processor.py:183} INFO - Processing /home/airflow/.local/lib/python3.12/site-packages/airflow/example_dags/example_dynamic_task_mapping.py took 0.069 seconds
[2024-08-05T00:01:32.970+0000] {processor.py:161} INFO - Started process (PID=16390) to work on /home/airflow/.local/lib/python3.12/site-packages/airflow/example_dags/example_dynamic_task_mapping.py
[2024-08-05T00:01:32.970+0000] {processor.py:830} INFO - Processing file /home/airflow/.local/lib/python3.12/site-packages/airflow/example_dags/example_dynamic_task_mapping.py for tasks to queue
[2024-08-05T00:01:32.972+0000] {logging_mixin.py:188} INFO - [2024-08-05T00:01:32.972+0000] {dagbag.py:545} INFO - Filling up the DagBag from /home/airflow/.local/lib/python3.12/site-packages/airflow/example_dags/example_dynamic_task_mapping.py
[2024-08-05T00:01:32.979+0000] {processor.py:840} INFO - DAG(s) 'example_dynamic_task_mapping' retrieved from /home/airflow/.local/lib/python3.12/site-packages/airflow/example_dags/example_dynamic_task_mapping.py
[2024-08-05T00:01:33.007+0000] {logging_mixin.py:188} INFO - [2024-08-05T00:01:33.007+0000] {dag.py:3089} INFO - Sync 1 DAGs
[2024-08-05T00:01:33.034+0000] {logging_mixin.py:188} INFO - [2024-08-05T00:01:33.034+0000] {dag.py:3947} INFO - Setting next_dagrun for example_dynamic_task_mapping to 2022-03-04 00:00:00+00:00, run_after=2022-03-05 00:00:00+00:00
[2024-08-05T00:01:33.052+0000] {processor.py:183} INFO - Processing /home/airflow/.local/lib/python3.12/site-packages/airflow/example_dags/example_dynamic_task_mapping.py took 0.090 seconds
[2024-08-05T00:02:03.128+0000] {processor.py:161} INFO - Started process (PID=16662) to work on /home/airflow/.local/lib/python3.12/site-packages/airflow/example_dags/example_dynamic_task_mapping.py
[2024-08-05T00:02:03.129+0000] {processor.py:830} INFO - Processing file /home/airflow/.local/lib/python3.12/site-packages/airflow/example_dags/example_dynamic_task_mapping.py for tasks to queue
[2024-08-05T00:02:03.130+0000] {logging_mixin.py:188} INFO - [2024-08-05T00:02:03.130+0000] {dagbag.py:545} INFO - Filling up the DagBag from /home/airflow/.local/lib/python3.12/site-packages/airflow/example_dags/example_dynamic_task_mapping.py
[2024-08-05T00:02:03.136+0000] {processor.py:840} INFO - DAG(s) 'example_dynamic_task_mapping' retrieved from /home/airflow/.local/lib/python3.12/site-packages/airflow/example_dags/example_dynamic_task_mapping.py
[2024-08-05T00:02:03.157+0000] {logging_mixin.py:188} INFO - [2024-08-05T00:02:03.157+0000] {dag.py:3089} INFO - Sync 1 DAGs
[2024-08-05T00:02:03.176+0000] {logging_mixin.py:188} INFO - [2024-08-05T00:02:03.176+0000] {dag.py:3947} INFO - Setting next_dagrun for example_dynamic_task_mapping to 2022-03-04 00:00:00+00:00, run_after=2022-03-05 00:00:00+00:00
[2024-08-05T00:02:03.192+0000] {processor.py:183} INFO - Processing /home/airflow/.local/lib/python3.12/site-packages/airflow/example_dags/example_dynamic_task_mapping.py took 0.068 seconds
[2024-08-05T00:02:33.250+0000] {processor.py:161} INFO - Started process (PID=16934) to work on /home/airflow/.local/lib/python3.12/site-packages/airflow/example_dags/example_dynamic_task_mapping.py
[2024-08-05T00:02:33.251+0000] {processor.py:830} INFO - Processing file /home/airflow/.local/lib/python3.12/site-packages/airflow/example_dags/example_dynamic_task_mapping.py for tasks to queue
[2024-08-05T00:02:33.253+0000] {logging_mixin.py:188} INFO - [2024-08-05T00:02:33.252+0000] {dagbag.py:545} INFO - Filling up the DagBag from /home/airflow/.local/lib/python3.12/site-packages/airflow/example_dags/example_dynamic_task_mapping.py
[2024-08-05T00:02:33.258+0000] {processor.py:840} INFO - DAG(s) 'example_dynamic_task_mapping' retrieved from /home/airflow/.local/lib/python3.12/site-packages/airflow/example_dags/example_dynamic_task_mapping.py
[2024-08-05T00:02:33.277+0000] {logging_mixin.py:188} INFO - [2024-08-05T00:02:33.276+0000] {dag.py:3089} INFO - Sync 1 DAGs
[2024-08-05T00:02:33.296+0000] {logging_mixin.py:188} INFO - [2024-08-05T00:02:33.295+0000] {dag.py:3947} INFO - Setting next_dagrun for example_dynamic_task_mapping to 2022-03-04 00:00:00+00:00, run_after=2022-03-05 00:00:00+00:00
[2024-08-05T00:02:33.310+0000] {processor.py:183} INFO - Processing /home/airflow/.local/lib/python3.12/site-packages/airflow/example_dags/example_dynamic_task_mapping.py took 0.065 seconds
[2024-08-05T00:03:03.530+0000] {processor.py:161} INFO - Started process (PID=17206) to work on /home/airflow/.local/lib/python3.12/site-packages/airflow/example_dags/example_dynamic_task_mapping.py
[2024-08-05T00:03:03.530+0000] {processor.py:830} INFO - Processing file /home/airflow/.local/lib/python3.12/site-packages/airflow/example_dags/example_dynamic_task_mapping.py for tasks to queue
[2024-08-05T00:03:03.532+0000] {logging_mixin.py:188} INFO - [2024-08-05T00:03:03.531+0000] {dagbag.py:545} INFO - Filling up the DagBag from /home/airflow/.local/lib/python3.12/site-packages/airflow/example_dags/example_dynamic_task_mapping.py
[2024-08-05T00:03:03.537+0000] {processor.py:840} INFO - DAG(s) 'example_dynamic_task_mapping' retrieved from /home/airflow/.local/lib/python3.12/site-packages/airflow/example_dags/example_dynamic_task_mapping.py
[2024-08-05T00:03:03.556+0000] {logging_mixin.py:188} INFO - [2024-08-05T00:03:03.556+0000] {dag.py:3089} INFO - Sync 1 DAGs
[2024-08-05T00:03:03.575+0000] {logging_mixin.py:188} INFO - [2024-08-05T00:03:03.575+0000] {dag.py:3947} INFO - Setting next_dagrun for example_dynamic_task_mapping to 2022-03-04 00:00:00+00:00, run_after=2022-03-05 00:00:00+00:00
[2024-08-05T00:03:03.592+0000] {processor.py:183} INFO - Processing /home/airflow/.local/lib/python3.12/site-packages/airflow/example_dags/example_dynamic_task_mapping.py took 0.067 seconds
[2024-08-05T00:03:33.927+0000] {processor.py:161} INFO - Started process (PID=17478) to work on /home/airflow/.local/lib/python3.12/site-packages/airflow/example_dags/example_dynamic_task_mapping.py
[2024-08-05T00:03:33.928+0000] {processor.py:830} INFO - Processing file /home/airflow/.local/lib/python3.12/site-packages/airflow/example_dags/example_dynamic_task_mapping.py for tasks to queue
[2024-08-05T00:03:33.929+0000] {logging_mixin.py:188} INFO - [2024-08-05T00:03:33.929+0000] {dagbag.py:545} INFO - Filling up the DagBag from /home/airflow/.local/lib/python3.12/site-packages/airflow/example_dags/example_dynamic_task_mapping.py
[2024-08-05T00:03:33.935+0000] {processor.py:840} INFO - DAG(s) 'example_dynamic_task_mapping' retrieved from /home/airflow/.local/lib/python3.12/site-packages/airflow/example_dags/example_dynamic_task_mapping.py
[2024-08-05T00:03:33.954+0000] {logging_mixin.py:188} INFO - [2024-08-05T00:03:33.954+0000] {dag.py:3089} INFO - Sync 1 DAGs
[2024-08-05T00:03:33.973+0000] {logging_mixin.py:188} INFO - [2024-08-05T00:03:33.973+0000] {dag.py:3947} INFO - Setting next_dagrun for example_dynamic_task_mapping to 2022-03-04 00:00:00+00:00, run_after=2022-03-05 00:00:00+00:00
[2024-08-05T00:03:33.994+0000] {processor.py:183} INFO - Processing /home/airflow/.local/lib/python3.12/site-packages/airflow/example_dags/example_dynamic_task_mapping.py took 0.071 seconds
[2024-08-05T00:04:04.134+0000] {processor.py:161} INFO - Started process (PID=17750) to work on /home/airflow/.local/lib/python3.12/site-packages/airflow/example_dags/example_dynamic_task_mapping.py
[2024-08-05T00:04:04.136+0000] {processor.py:830} INFO - Processing file /home/airflow/.local/lib/python3.12/site-packages/airflow/example_dags/example_dynamic_task_mapping.py for tasks to queue
[2024-08-05T00:04:04.138+0000] {logging_mixin.py:188} INFO - [2024-08-05T00:04:04.137+0000] {dagbag.py:545} INFO - Filling up the DagBag from /home/airflow/.local/lib/python3.12/site-packages/airflow/example_dags/example_dynamic_task_mapping.py
[2024-08-05T00:04:04.146+0000] {processor.py:840} INFO - DAG(s) 'example_dynamic_task_mapping' retrieved from /home/airflow/.local/lib/python3.12/site-packages/airflow/example_dags/example_dynamic_task_mapping.py
[2024-08-05T00:04:04.168+0000] {logging_mixin.py:188} INFO - [2024-08-05T00:04:04.168+0000] {dag.py:3089} INFO - Sync 1 DAGs
[2024-08-05T00:04:04.189+0000] {logging_mixin.py:188} INFO - [2024-08-05T00:04:04.189+0000] {dag.py:3947} INFO - Setting next_dagrun for example_dynamic_task_mapping to 2022-03-04 00:00:00+00:00, run_after=2022-03-05 00:00:00+00:00
[2024-08-05T00:04:04.217+0000] {processor.py:183} INFO - Processing /home/airflow/.local/lib/python3.12/site-packages/airflow/example_dags/example_dynamic_task_mapping.py took 0.088 seconds
[2024-08-05T00:04:34.395+0000] {processor.py:161} INFO - Started process (PID=18022) to work on /home/airflow/.local/lib/python3.12/site-packages/airflow/example_dags/example_dynamic_task_mapping.py
[2024-08-05T00:04:34.396+0000] {processor.py:830} INFO - Processing file /home/airflow/.local/lib/python3.12/site-packages/airflow/example_dags/example_dynamic_task_mapping.py for tasks to queue
[2024-08-05T00:04:34.398+0000] {logging_mixin.py:188} INFO - [2024-08-05T00:04:34.398+0000] {dagbag.py:545} INFO - Filling up the DagBag from /home/airflow/.local/lib/python3.12/site-packages/airflow/example_dags/example_dynamic_task_mapping.py
[2024-08-05T00:04:34.405+0000] {processor.py:840} INFO - DAG(s) 'example_dynamic_task_mapping' retrieved from /home/airflow/.local/lib/python3.12/site-packages/airflow/example_dags/example_dynamic_task_mapping.py
[2024-08-05T00:04:34.427+0000] {logging_mixin.py:188} INFO - [2024-08-05T00:04:34.427+0000] {dag.py:3089} INFO - Sync 1 DAGs
[2024-08-05T00:04:34.446+0000] {logging_mixin.py:188} INFO - [2024-08-05T00:04:34.446+0000] {dag.py:3947} INFO - Setting next_dagrun for example_dynamic_task_mapping to 2022-03-04 00:00:00+00:00, run_after=2022-03-05 00:00:00+00:00
[2024-08-05T00:04:34.466+0000] {processor.py:183} INFO - Processing /home/airflow/.local/lib/python3.12/site-packages/airflow/example_dags/example_dynamic_task_mapping.py took 0.075 seconds
[2024-08-05T00:05:04.694+0000] {processor.py:161} INFO - Started process (PID=18294) to work on /home/airflow/.local/lib/python3.12/site-packages/airflow/example_dags/example_dynamic_task_mapping.py
[2024-08-05T00:05:04.695+0000] {processor.py:830} INFO - Processing file /home/airflow/.local/lib/python3.12/site-packages/airflow/example_dags/example_dynamic_task_mapping.py for tasks to queue
[2024-08-05T00:05:04.696+0000] {logging_mixin.py:188} INFO - [2024-08-05T00:05:04.696+0000] {dagbag.py:545} INFO - Filling up the DagBag from /home/airflow/.local/lib/python3.12/site-packages/airflow/example_dags/example_dynamic_task_mapping.py
[2024-08-05T00:05:04.702+0000] {processor.py:840} INFO - DAG(s) 'example_dynamic_task_mapping' retrieved from /home/airflow/.local/lib/python3.12/site-packages/airflow/example_dags/example_dynamic_task_mapping.py
[2024-08-05T00:05:04.720+0000] {logging_mixin.py:188} INFO - [2024-08-05T00:05:04.720+0000] {dag.py:3089} INFO - Sync 1 DAGs
[2024-08-05T00:05:04.741+0000] {logging_mixin.py:188} INFO - [2024-08-05T00:05:04.740+0000] {dag.py:3947} INFO - Setting next_dagrun for example_dynamic_task_mapping to 2022-03-04 00:00:00+00:00, run_after=2022-03-05 00:00:00+00:00
[2024-08-05T00:05:04.757+0000] {processor.py:183} INFO - Processing /home/airflow/.local/lib/python3.12/site-packages/airflow/example_dags/example_dynamic_task_mapping.py took 0.068 seconds
[2024-08-05T00:05:34.975+0000] {processor.py:161} INFO - Started process (PID=18566) to work on /home/airflow/.local/lib/python3.12/site-packages/airflow/example_dags/example_dynamic_task_mapping.py
[2024-08-05T00:05:34.975+0000] {processor.py:830} INFO - Processing file /home/airflow/.local/lib/python3.12/site-packages/airflow/example_dags/example_dynamic_task_mapping.py for tasks to queue
[2024-08-05T00:05:34.976+0000] {logging_mixin.py:188} INFO - [2024-08-05T00:05:34.976+0000] {dagbag.py:545} INFO - Filling up the DagBag from /home/airflow/.local/lib/python3.12/site-packages/airflow/example_dags/example_dynamic_task_mapping.py
[2024-08-05T00:05:34.982+0000] {processor.py:840} INFO - DAG(s) 'example_dynamic_task_mapping' retrieved from /home/airflow/.local/lib/python3.12/site-packages/airflow/example_dags/example_dynamic_task_mapping.py
[2024-08-05T00:05:35.003+0000] {logging_mixin.py:188} INFO - [2024-08-05T00:05:35.002+0000] {dag.py:3089} INFO - Sync 1 DAGs
[2024-08-05T00:05:35.024+0000] {logging_mixin.py:188} INFO - [2024-08-05T00:05:35.024+0000] {dag.py:3947} INFO - Setting next_dagrun for example_dynamic_task_mapping to 2022-03-04 00:00:00+00:00, run_after=2022-03-05 00:00:00+00:00
[2024-08-05T00:05:35.039+0000] {processor.py:183} INFO - Processing /home/airflow/.local/lib/python3.12/site-packages/airflow/example_dags/example_dynamic_task_mapping.py took 0.069 seconds
[2024-08-05T00:06:05.861+0000] {processor.py:161} INFO - Started process (PID=18832) to work on /home/airflow/.local/lib/python3.12/site-packages/airflow/example_dags/example_dynamic_task_mapping.py
[2024-08-05T00:06:05.862+0000] {processor.py:830} INFO - Processing file /home/airflow/.local/lib/python3.12/site-packages/airflow/example_dags/example_dynamic_task_mapping.py for tasks to queue
[2024-08-05T00:06:05.864+0000] {logging_mixin.py:188} INFO - [2024-08-05T00:06:05.863+0000] {dagbag.py:545} INFO - Filling up the DagBag from /home/airflow/.local/lib/python3.12/site-packages/airflow/example_dags/example_dynamic_task_mapping.py
[2024-08-05T00:06:05.870+0000] {processor.py:840} INFO - DAG(s) 'example_dynamic_task_mapping' retrieved from /home/airflow/.local/lib/python3.12/site-packages/airflow/example_dags/example_dynamic_task_mapping.py
[2024-08-05T00:06:05.886+0000] {logging_mixin.py:188} INFO - [2024-08-05T00:06:05.886+0000] {dag.py:3089} INFO - Sync 1 DAGs
[2024-08-05T00:06:05.907+0000] {logging_mixin.py:188} INFO - [2024-08-05T00:06:05.907+0000] {dag.py:3947} INFO - Setting next_dagrun for example_dynamic_task_mapping to 2022-03-04 00:00:00+00:00, run_after=2022-03-05 00:00:00+00:00
[2024-08-05T00:06:05.923+0000] {processor.py:183} INFO - Processing /home/airflow/.local/lib/python3.12/site-packages/airflow/example_dags/example_dynamic_task_mapping.py took 0.068 seconds
[2024-08-05T00:06:36.102+0000] {processor.py:161} INFO - Started process (PID=19104) to work on /home/airflow/.local/lib/python3.12/site-packages/airflow/example_dags/example_dynamic_task_mapping.py
[2024-08-05T00:06:36.103+0000] {processor.py:830} INFO - Processing file /home/airflow/.local/lib/python3.12/site-packages/airflow/example_dags/example_dynamic_task_mapping.py for tasks to queue
[2024-08-05T00:06:36.104+0000] {logging_mixin.py:188} INFO - [2024-08-05T00:06:36.104+0000] {dagbag.py:545} INFO - Filling up the DagBag from /home/airflow/.local/lib/python3.12/site-packages/airflow/example_dags/example_dynamic_task_mapping.py
[2024-08-05T00:06:36.110+0000] {processor.py:840} INFO - DAG(s) 'example_dynamic_task_mapping' retrieved from /home/airflow/.local/lib/python3.12/site-packages/airflow/example_dags/example_dynamic_task_mapping.py
[2024-08-05T00:06:36.130+0000] {logging_mixin.py:188} INFO - [2024-08-05T00:06:36.129+0000] {dag.py:3089} INFO - Sync 1 DAGs
[2024-08-05T00:06:36.150+0000] {logging_mixin.py:188} INFO - [2024-08-05T00:06:36.150+0000] {dag.py:3947} INFO - Setting next_dagrun for example_dynamic_task_mapping to 2022-03-04 00:00:00+00:00, run_after=2022-03-05 00:00:00+00:00
[2024-08-05T00:06:36.167+0000] {processor.py:183} INFO - Processing /home/airflow/.local/lib/python3.12/site-packages/airflow/example_dags/example_dynamic_task_mapping.py took 0.069 seconds
[2024-08-05T00:07:07.091+0000] {processor.py:161} INFO - Started process (PID=19376) to work on /home/airflow/.local/lib/python3.12/site-packages/airflow/example_dags/example_dynamic_task_mapping.py
[2024-08-05T00:07:07.092+0000] {processor.py:830} INFO - Processing file /home/airflow/.local/lib/python3.12/site-packages/airflow/example_dags/example_dynamic_task_mapping.py for tasks to queue
[2024-08-05T00:07:07.094+0000] {logging_mixin.py:188} INFO - [2024-08-05T00:07:07.093+0000] {dagbag.py:545} INFO - Filling up the DagBag from /home/airflow/.local/lib/python3.12/site-packages/airflow/example_dags/example_dynamic_task_mapping.py
[2024-08-05T00:07:07.099+0000] {processor.py:840} INFO - DAG(s) 'example_dynamic_task_mapping' retrieved from /home/airflow/.local/lib/python3.12/site-packages/airflow/example_dags/example_dynamic_task_mapping.py
[2024-08-05T00:07:07.120+0000] {logging_mixin.py:188} INFO - [2024-08-05T00:07:07.120+0000] {dag.py:3089} INFO - Sync 1 DAGs
[2024-08-05T00:07:07.141+0000] {logging_mixin.py:188} INFO - [2024-08-05T00:07:07.141+0000] {dag.py:3947} INFO - Setting next_dagrun for example_dynamic_task_mapping to 2022-03-04 00:00:00+00:00, run_after=2022-03-05 00:00:00+00:00
[2024-08-05T00:07:07.158+0000] {processor.py:183} INFO - Processing /home/airflow/.local/lib/python3.12/site-packages/airflow/example_dags/example_dynamic_task_mapping.py took 0.071 seconds
[2024-08-05T00:07:37.428+0000] {processor.py:161} INFO - Started process (PID=19648) to work on /home/airflow/.local/lib/python3.12/site-packages/airflow/example_dags/example_dynamic_task_mapping.py
[2024-08-05T00:07:37.429+0000] {processor.py:830} INFO - Processing file /home/airflow/.local/lib/python3.12/site-packages/airflow/example_dags/example_dynamic_task_mapping.py for tasks to queue
[2024-08-05T00:07:37.430+0000] {logging_mixin.py:188} INFO - [2024-08-05T00:07:37.430+0000] {dagbag.py:545} INFO - Filling up the DagBag from /home/airflow/.local/lib/python3.12/site-packages/airflow/example_dags/example_dynamic_task_mapping.py
[2024-08-05T00:07:37.436+0000] {processor.py:840} INFO - DAG(s) 'example_dynamic_task_mapping' retrieved from /home/airflow/.local/lib/python3.12/site-packages/airflow/example_dags/example_dynamic_task_mapping.py
[2024-08-05T00:07:37.455+0000] {logging_mixin.py:188} INFO - [2024-08-05T00:07:37.455+0000] {dag.py:3089} INFO - Sync 1 DAGs
[2024-08-05T00:07:37.475+0000] {logging_mixin.py:188} INFO - [2024-08-05T00:07:37.475+0000] {dag.py:3947} INFO - Setting next_dagrun for example_dynamic_task_mapping to 2022-03-04 00:00:00+00:00, run_after=2022-03-05 00:00:00+00:00
[2024-08-05T00:07:37.490+0000] {processor.py:183} INFO - Processing /home/airflow/.local/lib/python3.12/site-packages/airflow/example_dags/example_dynamic_task_mapping.py took 0.068 seconds
[2024-08-05T00:08:07.633+0000] {processor.py:161} INFO - Started process (PID=19920) to work on /home/airflow/.local/lib/python3.12/site-packages/airflow/example_dags/example_dynamic_task_mapping.py
[2024-08-05T00:08:07.633+0000] {processor.py:830} INFO - Processing file /home/airflow/.local/lib/python3.12/site-packages/airflow/example_dags/example_dynamic_task_mapping.py for tasks to queue
[2024-08-05T00:08:07.635+0000] {logging_mixin.py:188} INFO - [2024-08-05T00:08:07.635+0000] {dagbag.py:545} INFO - Filling up the DagBag from /home/airflow/.local/lib/python3.12/site-packages/airflow/example_dags/example_dynamic_task_mapping.py
[2024-08-05T00:08:07.640+0000] {processor.py:840} INFO - DAG(s) 'example_dynamic_task_mapping' retrieved from /home/airflow/.local/lib/python3.12/site-packages/airflow/example_dags/example_dynamic_task_mapping.py
[2024-08-05T00:08:07.660+0000] {logging_mixin.py:188} INFO - [2024-08-05T00:08:07.660+0000] {dag.py:3089} INFO - Sync 1 DAGs
[2024-08-05T00:08:07.684+0000] {logging_mixin.py:188} INFO - [2024-08-05T00:08:07.684+0000] {dag.py:3947} INFO - Setting next_dagrun for example_dynamic_task_mapping to 2022-03-04 00:00:00+00:00, run_after=2022-03-05 00:00:00+00:00
[2024-08-05T00:08:07.699+0000] {processor.py:183} INFO - Processing /home/airflow/.local/lib/python3.12/site-packages/airflow/example_dags/example_dynamic_task_mapping.py took 0.072 seconds
[2024-08-05T00:08:38.082+0000] {processor.py:161} INFO - Started process (PID=20192) to work on /home/airflow/.local/lib/python3.12/site-packages/airflow/example_dags/example_dynamic_task_mapping.py
[2024-08-05T00:08:38.082+0000] {processor.py:830} INFO - Processing file /home/airflow/.local/lib/python3.12/site-packages/airflow/example_dags/example_dynamic_task_mapping.py for tasks to queue
[2024-08-05T00:08:38.084+0000] {logging_mixin.py:188} INFO - [2024-08-05T00:08:38.083+0000] {dagbag.py:545} INFO - Filling up the DagBag from /home/airflow/.local/lib/python3.12/site-packages/airflow/example_dags/example_dynamic_task_mapping.py
[2024-08-05T00:08:38.088+0000] {processor.py:840} INFO - DAG(s) 'example_dynamic_task_mapping' retrieved from /home/airflow/.local/lib/python3.12/site-packages/airflow/example_dags/example_dynamic_task_mapping.py
[2024-08-05T00:08:38.112+0000] {logging_mixin.py:188} INFO - [2024-08-05T00:08:38.111+0000] {dag.py:3089} INFO - Sync 1 DAGs
[2024-08-05T00:08:38.131+0000] {logging_mixin.py:188} INFO - [2024-08-05T00:08:38.131+0000] {dag.py:3947} INFO - Setting next_dagrun for example_dynamic_task_mapping to 2022-03-04 00:00:00+00:00, run_after=2022-03-05 00:00:00+00:00
[2024-08-05T00:08:38.145+0000] {processor.py:183} INFO - Processing /home/airflow/.local/lib/python3.12/site-packages/airflow/example_dags/example_dynamic_task_mapping.py took 0.068 seconds
[2024-08-05T00:09:08.213+0000] {processor.py:161} INFO - Started process (PID=20464) to work on /home/airflow/.local/lib/python3.12/site-packages/airflow/example_dags/example_dynamic_task_mapping.py
[2024-08-05T00:09:08.213+0000] {processor.py:830} INFO - Processing file /home/airflow/.local/lib/python3.12/site-packages/airflow/example_dags/example_dynamic_task_mapping.py for tasks to queue
[2024-08-05T00:09:08.214+0000] {logging_mixin.py:188} INFO - [2024-08-05T00:09:08.214+0000] {dagbag.py:545} INFO - Filling up the DagBag from /home/airflow/.local/lib/python3.12/site-packages/airflow/example_dags/example_dynamic_task_mapping.py
[2024-08-05T00:09:08.219+0000] {processor.py:840} INFO - DAG(s) 'example_dynamic_task_mapping' retrieved from /home/airflow/.local/lib/python3.12/site-packages/airflow/example_dags/example_dynamic_task_mapping.py
[2024-08-05T00:09:08.237+0000] {logging_mixin.py:188} INFO - [2024-08-05T00:09:08.236+0000] {dag.py:3089} INFO - Sync 1 DAGs
[2024-08-05T00:09:08.255+0000] {logging_mixin.py:188} INFO - [2024-08-05T00:09:08.255+0000] {dag.py:3947} INFO - Setting next_dagrun for example_dynamic_task_mapping to 2022-03-04 00:00:00+00:00, run_after=2022-03-05 00:00:00+00:00
[2024-08-05T00:09:08.269+0000] {processor.py:183} INFO - Processing /home/airflow/.local/lib/python3.12/site-packages/airflow/example_dags/example_dynamic_task_mapping.py took 0.061 seconds
[2024-08-05T00:09:38.941+0000] {processor.py:161} INFO - Started process (PID=20736) to work on /home/airflow/.local/lib/python3.12/site-packages/airflow/example_dags/example_dynamic_task_mapping.py
[2024-08-05T00:09:38.942+0000] {processor.py:830} INFO - Processing file /home/airflow/.local/lib/python3.12/site-packages/airflow/example_dags/example_dynamic_task_mapping.py for tasks to queue
[2024-08-05T00:09:38.943+0000] {logging_mixin.py:188} INFO - [2024-08-05T00:09:38.943+0000] {dagbag.py:545} INFO - Filling up the DagBag from /home/airflow/.local/lib/python3.12/site-packages/airflow/example_dags/example_dynamic_task_mapping.py
[2024-08-05T00:09:38.948+0000] {processor.py:840} INFO - DAG(s) 'example_dynamic_task_mapping' retrieved from /home/airflow/.local/lib/python3.12/site-packages/airflow/example_dags/example_dynamic_task_mapping.py
[2024-08-05T00:09:38.966+0000] {logging_mixin.py:188} INFO - [2024-08-05T00:09:38.966+0000] {dag.py:3089} INFO - Sync 1 DAGs
[2024-08-05T00:09:38.984+0000] {logging_mixin.py:188} INFO - [2024-08-05T00:09:38.984+0000] {dag.py:3947} INFO - Setting next_dagrun for example_dynamic_task_mapping to 2022-03-04 00:00:00+00:00, run_after=2022-03-05 00:00:00+00:00
[2024-08-05T00:09:38.999+0000] {processor.py:183} INFO - Processing /home/airflow/.local/lib/python3.12/site-packages/airflow/example_dags/example_dynamic_task_mapping.py took 0.063 seconds
[2024-08-05T00:10:09.581+0000] {processor.py:161} INFO - Started process (PID=21014) to work on /home/airflow/.local/lib/python3.12/site-packages/airflow/example_dags/example_dynamic_task_mapping.py
[2024-08-05T00:10:09.581+0000] {processor.py:830} INFO - Processing file /home/airflow/.local/lib/python3.12/site-packages/airflow/example_dags/example_dynamic_task_mapping.py for tasks to queue
[2024-08-05T00:10:09.582+0000] {logging_mixin.py:188} INFO - [2024-08-05T00:10:09.582+0000] {dagbag.py:545} INFO - Filling up the DagBag from /home/airflow/.local/lib/python3.12/site-packages/airflow/example_dags/example_dynamic_task_mapping.py
[2024-08-05T00:10:09.587+0000] {processor.py:840} INFO - DAG(s) 'example_dynamic_task_mapping' retrieved from /home/airflow/.local/lib/python3.12/site-packages/airflow/example_dags/example_dynamic_task_mapping.py
[2024-08-05T00:10:09.606+0000] {logging_mixin.py:188} INFO - [2024-08-05T00:10:09.605+0000] {dag.py:3089} INFO - Sync 1 DAGs
[2024-08-05T00:10:09.625+0000] {logging_mixin.py:188} INFO - [2024-08-05T00:10:09.625+0000] {dag.py:3947} INFO - Setting next_dagrun for example_dynamic_task_mapping to 2022-03-04 00:00:00+00:00, run_after=2022-03-05 00:00:00+00:00
[2024-08-05T00:10:09.639+0000] {processor.py:183} INFO - Processing /home/airflow/.local/lib/python3.12/site-packages/airflow/example_dags/example_dynamic_task_mapping.py took 0.063 seconds
[2024-08-05T00:10:40.357+0000] {processor.py:161} INFO - Started process (PID=21289) to work on /home/airflow/.local/lib/python3.12/site-packages/airflow/example_dags/example_dynamic_task_mapping.py
[2024-08-05T00:10:40.358+0000] {processor.py:830} INFO - Processing file /home/airflow/.local/lib/python3.12/site-packages/airflow/example_dags/example_dynamic_task_mapping.py for tasks to queue
[2024-08-05T00:10:40.359+0000] {logging_mixin.py:188} INFO - [2024-08-05T00:10:40.359+0000] {dagbag.py:545} INFO - Filling up the DagBag from /home/airflow/.local/lib/python3.12/site-packages/airflow/example_dags/example_dynamic_task_mapping.py
[2024-08-05T00:10:40.364+0000] {processor.py:840} INFO - DAG(s) 'example_dynamic_task_mapping' retrieved from /home/airflow/.local/lib/python3.12/site-packages/airflow/example_dags/example_dynamic_task_mapping.py
[2024-08-05T00:10:40.382+0000] {logging_mixin.py:188} INFO - [2024-08-05T00:10:40.382+0000] {dag.py:3089} INFO - Sync 1 DAGs
[2024-08-05T00:10:40.401+0000] {logging_mixin.py:188} INFO - [2024-08-05T00:10:40.401+0000] {dag.py:3947} INFO - Setting next_dagrun for example_dynamic_task_mapping to 2022-03-04 00:00:00+00:00, run_after=2022-03-05 00:00:00+00:00
[2024-08-05T00:10:40.418+0000] {processor.py:183} INFO - Processing /home/airflow/.local/lib/python3.12/site-packages/airflow/example_dags/example_dynamic_task_mapping.py took 0.066 seconds
[2024-08-05T00:11:11.071+0000] {processor.py:161} INFO - Started process (PID=21561) to work on /home/airflow/.local/lib/python3.12/site-packages/airflow/example_dags/example_dynamic_task_mapping.py
[2024-08-05T00:11:11.072+0000] {processor.py:830} INFO - Processing file /home/airflow/.local/lib/python3.12/site-packages/airflow/example_dags/example_dynamic_task_mapping.py for tasks to queue
[2024-08-05T00:11:11.073+0000] {logging_mixin.py:188} INFO - [2024-08-05T00:11:11.073+0000] {dagbag.py:545} INFO - Filling up the DagBag from /home/airflow/.local/lib/python3.12/site-packages/airflow/example_dags/example_dynamic_task_mapping.py
[2024-08-05T00:11:11.078+0000] {processor.py:840} INFO - DAG(s) 'example_dynamic_task_mapping' retrieved from /home/airflow/.local/lib/python3.12/site-packages/airflow/example_dags/example_dynamic_task_mapping.py
[2024-08-05T00:11:11.096+0000] {logging_mixin.py:188} INFO - [2024-08-05T00:11:11.096+0000] {dag.py:3089} INFO - Sync 1 DAGs
[2024-08-05T00:11:11.115+0000] {logging_mixin.py:188} INFO - [2024-08-05T00:11:11.114+0000] {dag.py:3947} INFO - Setting next_dagrun for example_dynamic_task_mapping to 2022-03-04 00:00:00+00:00, run_after=2022-03-05 00:00:00+00:00
[2024-08-05T00:11:11.130+0000] {processor.py:183} INFO - Processing /home/airflow/.local/lib/python3.12/site-packages/airflow/example_dags/example_dynamic_task_mapping.py took 0.063 seconds
[2024-08-05T00:11:41.988+0000] {processor.py:161} INFO - Started process (PID=21833) to work on /home/airflow/.local/lib/python3.12/site-packages/airflow/example_dags/example_dynamic_task_mapping.py
[2024-08-05T00:11:41.989+0000] {processor.py:830} INFO - Processing file /home/airflow/.local/lib/python3.12/site-packages/airflow/example_dags/example_dynamic_task_mapping.py for tasks to queue
[2024-08-05T00:11:41.990+0000] {logging_mixin.py:188} INFO - [2024-08-05T00:11:41.990+0000] {dagbag.py:545} INFO - Filling up the DagBag from /home/airflow/.local/lib/python3.12/site-packages/airflow/example_dags/example_dynamic_task_mapping.py
[2024-08-05T00:11:41.995+0000] {processor.py:840} INFO - DAG(s) 'example_dynamic_task_mapping' retrieved from /home/airflow/.local/lib/python3.12/site-packages/airflow/example_dags/example_dynamic_task_mapping.py
[2024-08-05T00:11:42.013+0000] {logging_mixin.py:188} INFO - [2024-08-05T00:11:42.013+0000] {dag.py:3089} INFO - Sync 1 DAGs
[2024-08-05T00:11:42.035+0000] {logging_mixin.py:188} INFO - [2024-08-05T00:11:42.034+0000] {dag.py:3947} INFO - Setting next_dagrun for example_dynamic_task_mapping to 2022-03-04 00:00:00+00:00, run_after=2022-03-05 00:00:00+00:00
[2024-08-05T00:11:42.052+0000] {processor.py:183} INFO - Processing /home/airflow/.local/lib/python3.12/site-packages/airflow/example_dags/example_dynamic_task_mapping.py took 0.069 seconds
[2024-08-05T00:12:12.242+0000] {processor.py:161} INFO - Started process (PID=22105) to work on /home/airflow/.local/lib/python3.12/site-packages/airflow/example_dags/example_dynamic_task_mapping.py
[2024-08-05T00:12:12.243+0000] {processor.py:830} INFO - Processing file /home/airflow/.local/lib/python3.12/site-packages/airflow/example_dags/example_dynamic_task_mapping.py for tasks to queue
[2024-08-05T00:12:12.244+0000] {logging_mixin.py:188} INFO - [2024-08-05T00:12:12.244+0000] {dagbag.py:545} INFO - Filling up the DagBag from /home/airflow/.local/lib/python3.12/site-packages/airflow/example_dags/example_dynamic_task_mapping.py
[2024-08-05T00:12:12.249+0000] {processor.py:840} INFO - DAG(s) 'example_dynamic_task_mapping' retrieved from /home/airflow/.local/lib/python3.12/site-packages/airflow/example_dags/example_dynamic_task_mapping.py
[2024-08-05T00:12:12.269+0000] {logging_mixin.py:188} INFO - [2024-08-05T00:12:12.269+0000] {dag.py:3089} INFO - Sync 1 DAGs
[2024-08-05T00:12:12.289+0000] {logging_mixin.py:188} INFO - [2024-08-05T00:12:12.289+0000] {dag.py:3947} INFO - Setting next_dagrun for example_dynamic_task_mapping to 2022-03-04 00:00:00+00:00, run_after=2022-03-05 00:00:00+00:00
[2024-08-05T00:12:12.305+0000] {processor.py:183} INFO - Processing /home/airflow/.local/lib/python3.12/site-packages/airflow/example_dags/example_dynamic_task_mapping.py took 0.067 seconds
[2024-08-05T00:12:42.476+0000] {processor.py:161} INFO - Started process (PID=22377) to work on /home/airflow/.local/lib/python3.12/site-packages/airflow/example_dags/example_dynamic_task_mapping.py
[2024-08-05T00:12:42.476+0000] {processor.py:830} INFO - Processing file /home/airflow/.local/lib/python3.12/site-packages/airflow/example_dags/example_dynamic_task_mapping.py for tasks to queue
[2024-08-05T00:12:42.478+0000] {logging_mixin.py:188} INFO - [2024-08-05T00:12:42.477+0000] {dagbag.py:545} INFO - Filling up the DagBag from /home/airflow/.local/lib/python3.12/site-packages/airflow/example_dags/example_dynamic_task_mapping.py
[2024-08-05T00:12:42.483+0000] {processor.py:840} INFO - DAG(s) 'example_dynamic_task_mapping' retrieved from /home/airflow/.local/lib/python3.12/site-packages/airflow/example_dags/example_dynamic_task_mapping.py
[2024-08-05T00:12:42.502+0000] {logging_mixin.py:188} INFO - [2024-08-05T00:12:42.502+0000] {dag.py:3089} INFO - Sync 1 DAGs
[2024-08-05T00:12:42.522+0000] {logging_mixin.py:188} INFO - [2024-08-05T00:12:42.522+0000] {dag.py:3947} INFO - Setting next_dagrun for example_dynamic_task_mapping to 2022-03-04 00:00:00+00:00, run_after=2022-03-05 00:00:00+00:00
[2024-08-05T00:12:42.538+0000] {processor.py:183} INFO - Processing /home/airflow/.local/lib/python3.12/site-packages/airflow/example_dags/example_dynamic_task_mapping.py took 0.067 seconds
[2024-08-05T00:13:12.718+0000] {processor.py:161} INFO - Started process (PID=22649) to work on /home/airflow/.local/lib/python3.12/site-packages/airflow/example_dags/example_dynamic_task_mapping.py
[2024-08-05T00:13:12.719+0000] {processor.py:830} INFO - Processing file /home/airflow/.local/lib/python3.12/site-packages/airflow/example_dags/example_dynamic_task_mapping.py for tasks to queue
[2024-08-05T00:13:12.721+0000] {logging_mixin.py:188} INFO - [2024-08-05T00:13:12.721+0000] {dagbag.py:545} INFO - Filling up the DagBag from /home/airflow/.local/lib/python3.12/site-packages/airflow/example_dags/example_dynamic_task_mapping.py
[2024-08-05T00:13:12.726+0000] {processor.py:840} INFO - DAG(s) 'example_dynamic_task_mapping' retrieved from /home/airflow/.local/lib/python3.12/site-packages/airflow/example_dags/example_dynamic_task_mapping.py
[2024-08-05T00:13:12.746+0000] {logging_mixin.py:188} INFO - [2024-08-05T00:13:12.746+0000] {dag.py:3089} INFO - Sync 1 DAGs
[2024-08-05T00:13:12.764+0000] {logging_mixin.py:188} INFO - [2024-08-05T00:13:12.764+0000] {dag.py:3947} INFO - Setting next_dagrun for example_dynamic_task_mapping to 2022-03-04 00:00:00+00:00, run_after=2022-03-05 00:00:00+00:00
[2024-08-05T00:13:12.780+0000] {processor.py:183} INFO - Processing /home/airflow/.local/lib/python3.12/site-packages/airflow/example_dags/example_dynamic_task_mapping.py took 0.067 seconds
[2024-08-05T00:13:43.110+0000] {processor.py:161} INFO - Started process (PID=22921) to work on /home/airflow/.local/lib/python3.12/site-packages/airflow/example_dags/example_dynamic_task_mapping.py
[2024-08-05T00:13:43.110+0000] {processor.py:830} INFO - Processing file /home/airflow/.local/lib/python3.12/site-packages/airflow/example_dags/example_dynamic_task_mapping.py for tasks to queue
[2024-08-05T00:13:43.112+0000] {logging_mixin.py:188} INFO - [2024-08-05T00:13:43.111+0000] {dagbag.py:545} INFO - Filling up the DagBag from /home/airflow/.local/lib/python3.12/site-packages/airflow/example_dags/example_dynamic_task_mapping.py
[2024-08-05T00:13:43.118+0000] {processor.py:840} INFO - DAG(s) 'example_dynamic_task_mapping' retrieved from /home/airflow/.local/lib/python3.12/site-packages/airflow/example_dags/example_dynamic_task_mapping.py
[2024-08-05T00:13:43.138+0000] {logging_mixin.py:188} INFO - [2024-08-05T00:13:43.138+0000] {dag.py:3089} INFO - Sync 1 DAGs
[2024-08-05T00:13:43.160+0000] {logging_mixin.py:188} INFO - [2024-08-05T00:13:43.159+0000] {dag.py:3947} INFO - Setting next_dagrun for example_dynamic_task_mapping to 2022-03-04 00:00:00+00:00, run_after=2022-03-05 00:00:00+00:00
[2024-08-05T00:13:43.177+0000] {processor.py:183} INFO - Processing /home/airflow/.local/lib/python3.12/site-packages/airflow/example_dags/example_dynamic_task_mapping.py took 0.072 seconds
[2024-08-05T00:14:13.622+0000] {processor.py:161} INFO - Started process (PID=23193) to work on /home/airflow/.local/lib/python3.12/site-packages/airflow/example_dags/example_dynamic_task_mapping.py
[2024-08-05T00:14:13.622+0000] {processor.py:830} INFO - Processing file /home/airflow/.local/lib/python3.12/site-packages/airflow/example_dags/example_dynamic_task_mapping.py for tasks to queue
[2024-08-05T00:14:13.624+0000] {logging_mixin.py:188} INFO - [2024-08-05T00:14:13.623+0000] {dagbag.py:545} INFO - Filling up the DagBag from /home/airflow/.local/lib/python3.12/site-packages/airflow/example_dags/example_dynamic_task_mapping.py
[2024-08-05T00:14:13.628+0000] {processor.py:840} INFO - DAG(s) 'example_dynamic_task_mapping' retrieved from /home/airflow/.local/lib/python3.12/site-packages/airflow/example_dags/example_dynamic_task_mapping.py
[2024-08-05T00:14:13.652+0000] {logging_mixin.py:188} INFO - [2024-08-05T00:14:13.652+0000] {dag.py:3089} INFO - Sync 1 DAGs
[2024-08-05T00:14:13.672+0000] {logging_mixin.py:188} INFO - [2024-08-05T00:14:13.672+0000] {dag.py:3947} INFO - Setting next_dagrun for example_dynamic_task_mapping to 2022-03-04 00:00:00+00:00, run_after=2022-03-05 00:00:00+00:00
[2024-08-05T00:14:13.688+0000] {processor.py:183} INFO - Processing /home/airflow/.local/lib/python3.12/site-packages/airflow/example_dags/example_dynamic_task_mapping.py took 0.071 seconds
[2024-08-05T00:14:43.931+0000] {processor.py:161} INFO - Started process (PID=23465) to work on /home/airflow/.local/lib/python3.12/site-packages/airflow/example_dags/example_dynamic_task_mapping.py
[2024-08-05T00:14:43.932+0000] {processor.py:830} INFO - Processing file /home/airflow/.local/lib/python3.12/site-packages/airflow/example_dags/example_dynamic_task_mapping.py for tasks to queue
[2024-08-05T00:14:43.934+0000] {logging_mixin.py:188} INFO - [2024-08-05T00:14:43.934+0000] {dagbag.py:545} INFO - Filling up the DagBag from /home/airflow/.local/lib/python3.12/site-packages/airflow/example_dags/example_dynamic_task_mapping.py
[2024-08-05T00:14:43.940+0000] {processor.py:840} INFO - DAG(s) 'example_dynamic_task_mapping' retrieved from /home/airflow/.local/lib/python3.12/site-packages/airflow/example_dags/example_dynamic_task_mapping.py
[2024-08-05T00:14:43.960+0000] {logging_mixin.py:188} INFO - [2024-08-05T00:14:43.960+0000] {dag.py:3089} INFO - Sync 1 DAGs
[2024-08-05T00:14:43.980+0000] {logging_mixin.py:188} INFO - [2024-08-05T00:14:43.980+0000] {dag.py:3947} INFO - Setting next_dagrun for example_dynamic_task_mapping to 2022-03-04 00:00:00+00:00, run_after=2022-03-05 00:00:00+00:00
[2024-08-05T00:14:43.997+0000] {processor.py:183} INFO - Processing /home/airflow/.local/lib/python3.12/site-packages/airflow/example_dags/example_dynamic_task_mapping.py took 0.070 seconds
[2024-08-05T00:15:14.123+0000] {processor.py:161} INFO - Started process (PID=23737) to work on /home/airflow/.local/lib/python3.12/site-packages/airflow/example_dags/example_dynamic_task_mapping.py
[2024-08-05T00:15:14.123+0000] {processor.py:830} INFO - Processing file /home/airflow/.local/lib/python3.12/site-packages/airflow/example_dags/example_dynamic_task_mapping.py for tasks to queue
[2024-08-05T00:15:14.125+0000] {logging_mixin.py:188} INFO - [2024-08-05T00:15:14.124+0000] {dagbag.py:545} INFO - Filling up the DagBag from /home/airflow/.local/lib/python3.12/site-packages/airflow/example_dags/example_dynamic_task_mapping.py
[2024-08-05T00:15:14.130+0000] {processor.py:840} INFO - DAG(s) 'example_dynamic_task_mapping' retrieved from /home/airflow/.local/lib/python3.12/site-packages/airflow/example_dags/example_dynamic_task_mapping.py
[2024-08-05T00:15:14.151+0000] {logging_mixin.py:188} INFO - [2024-08-05T00:15:14.150+0000] {dag.py:3089} INFO - Sync 1 DAGs
[2024-08-05T00:15:14.172+0000] {logging_mixin.py:188} INFO - [2024-08-05T00:15:14.172+0000] {dag.py:3947} INFO - Setting next_dagrun for example_dynamic_task_mapping to 2022-03-04 00:00:00+00:00, run_after=2022-03-05 00:00:00+00:00
[2024-08-05T00:15:14.189+0000] {processor.py:183} INFO - Processing /home/airflow/.local/lib/python3.12/site-packages/airflow/example_dags/example_dynamic_task_mapping.py took 0.072 seconds
[2024-08-05T00:15:44.364+0000] {processor.py:161} INFO - Started process (PID=24009) to work on /home/airflow/.local/lib/python3.12/site-packages/airflow/example_dags/example_dynamic_task_mapping.py
[2024-08-05T00:15:44.365+0000] {processor.py:830} INFO - Processing file /home/airflow/.local/lib/python3.12/site-packages/airflow/example_dags/example_dynamic_task_mapping.py for tasks to queue
[2024-08-05T00:15:44.367+0000] {logging_mixin.py:188} INFO - [2024-08-05T00:15:44.366+0000] {dagbag.py:545} INFO - Filling up the DagBag from /home/airflow/.local/lib/python3.12/site-packages/airflow/example_dags/example_dynamic_task_mapping.py
[2024-08-05T00:15:44.373+0000] {processor.py:840} INFO - DAG(s) 'example_dynamic_task_mapping' retrieved from /home/airflow/.local/lib/python3.12/site-packages/airflow/example_dags/example_dynamic_task_mapping.py
[2024-08-05T00:15:44.393+0000] {logging_mixin.py:188} INFO - [2024-08-05T00:15:44.392+0000] {dag.py:3089} INFO - Sync 1 DAGs
[2024-08-05T00:15:44.409+0000] {logging_mixin.py:188} INFO - [2024-08-05T00:15:44.408+0000] {dag.py:3947} INFO - Setting next_dagrun for example_dynamic_task_mapping to 2022-03-04 00:00:00+00:00, run_after=2022-03-05 00:00:00+00:00
[2024-08-05T00:15:44.425+0000] {processor.py:183} INFO - Processing /home/airflow/.local/lib/python3.12/site-packages/airflow/example_dags/example_dynamic_task_mapping.py took 0.067 seconds
[2024-08-05T00:16:14.938+0000] {processor.py:161} INFO - Started process (PID=24281) to work on /home/airflow/.local/lib/python3.12/site-packages/airflow/example_dags/example_dynamic_task_mapping.py
[2024-08-05T00:16:14.939+0000] {processor.py:830} INFO - Processing file /home/airflow/.local/lib/python3.12/site-packages/airflow/example_dags/example_dynamic_task_mapping.py for tasks to queue
[2024-08-05T00:16:14.941+0000] {logging_mixin.py:188} INFO - [2024-08-05T00:16:14.940+0000] {dagbag.py:545} INFO - Filling up the DagBag from /home/airflow/.local/lib/python3.12/site-packages/airflow/example_dags/example_dynamic_task_mapping.py
[2024-08-05T00:16:14.947+0000] {processor.py:840} INFO - DAG(s) 'example_dynamic_task_mapping' retrieved from /home/airflow/.local/lib/python3.12/site-packages/airflow/example_dags/example_dynamic_task_mapping.py
[2024-08-05T00:16:14.967+0000] {logging_mixin.py:188} INFO - [2024-08-05T00:16:14.967+0000] {dag.py:3089} INFO - Sync 1 DAGs
[2024-08-05T00:16:14.985+0000] {logging_mixin.py:188} INFO - [2024-08-05T00:16:14.985+0000] {dag.py:3947} INFO - Setting next_dagrun for example_dynamic_task_mapping to 2022-03-04 00:00:00+00:00, run_after=2022-03-05 00:00:00+00:00
[2024-08-05T00:16:14.999+0000] {processor.py:183} INFO - Processing /home/airflow/.local/lib/python3.12/site-packages/airflow/example_dags/example_dynamic_task_mapping.py took 0.065 seconds
[2024-08-05T00:16:45.225+0000] {processor.py:161} INFO - Started process (PID=24553) to work on /home/airflow/.local/lib/python3.12/site-packages/airflow/example_dags/example_dynamic_task_mapping.py
[2024-08-05T00:16:45.225+0000] {processor.py:830} INFO - Processing file /home/airflow/.local/lib/python3.12/site-packages/airflow/example_dags/example_dynamic_task_mapping.py for tasks to queue
[2024-08-05T00:16:45.227+0000] {logging_mixin.py:188} INFO - [2024-08-05T00:16:45.226+0000] {dagbag.py:545} INFO - Filling up the DagBag from /home/airflow/.local/lib/python3.12/site-packages/airflow/example_dags/example_dynamic_task_mapping.py
[2024-08-05T00:16:45.233+0000] {processor.py:840} INFO - DAG(s) 'example_dynamic_task_mapping' retrieved from /home/airflow/.local/lib/python3.12/site-packages/airflow/example_dags/example_dynamic_task_mapping.py
[2024-08-05T00:16:45.254+0000] {logging_mixin.py:188} INFO - [2024-08-05T00:16:45.254+0000] {dag.py:3089} INFO - Sync 1 DAGs
[2024-08-05T00:16:45.275+0000] {logging_mixin.py:188} INFO - [2024-08-05T00:16:45.275+0000] {dag.py:3947} INFO - Setting next_dagrun for example_dynamic_task_mapping to 2022-03-04 00:00:00+00:00, run_after=2022-03-05 00:00:00+00:00
[2024-08-05T00:16:45.292+0000] {processor.py:183} INFO - Processing /home/airflow/.local/lib/python3.12/site-packages/airflow/example_dags/example_dynamic_task_mapping.py took 0.072 seconds
[2024-08-05T00:17:15.573+0000] {processor.py:161} INFO - Started process (PID=24825) to work on /home/airflow/.local/lib/python3.12/site-packages/airflow/example_dags/example_dynamic_task_mapping.py
[2024-08-05T00:17:15.574+0000] {processor.py:830} INFO - Processing file /home/airflow/.local/lib/python3.12/site-packages/airflow/example_dags/example_dynamic_task_mapping.py for tasks to queue
[2024-08-05T00:17:15.576+0000] {logging_mixin.py:188} INFO - [2024-08-05T00:17:15.575+0000] {dagbag.py:545} INFO - Filling up the DagBag from /home/airflow/.local/lib/python3.12/site-packages/airflow/example_dags/example_dynamic_task_mapping.py
[2024-08-05T00:17:15.582+0000] {processor.py:840} INFO - DAG(s) 'example_dynamic_task_mapping' retrieved from /home/airflow/.local/lib/python3.12/site-packages/airflow/example_dags/example_dynamic_task_mapping.py
[2024-08-05T00:17:15.601+0000] {logging_mixin.py:188} INFO - [2024-08-05T00:17:15.601+0000] {dag.py:3089} INFO - Sync 1 DAGs
[2024-08-05T00:17:15.620+0000] {logging_mixin.py:188} INFO - [2024-08-05T00:17:15.620+0000] {dag.py:3947} INFO - Setting next_dagrun for example_dynamic_task_mapping to 2022-03-04 00:00:00+00:00, run_after=2022-03-05 00:00:00+00:00
[2024-08-05T00:17:15.635+0000] {processor.py:183} INFO - Processing /home/airflow/.local/lib/python3.12/site-packages/airflow/example_dags/example_dynamic_task_mapping.py took 0.068 seconds
[2024-08-05T00:17:45.906+0000] {processor.py:161} INFO - Started process (PID=25097) to work on /home/airflow/.local/lib/python3.12/site-packages/airflow/example_dags/example_dynamic_task_mapping.py
[2024-08-05T00:17:45.907+0000] {processor.py:830} INFO - Processing file /home/airflow/.local/lib/python3.12/site-packages/airflow/example_dags/example_dynamic_task_mapping.py for tasks to queue
[2024-08-05T00:17:45.909+0000] {logging_mixin.py:188} INFO - [2024-08-05T00:17:45.908+0000] {dagbag.py:545} INFO - Filling up the DagBag from /home/airflow/.local/lib/python3.12/site-packages/airflow/example_dags/example_dynamic_task_mapping.py
[2024-08-05T00:17:45.916+0000] {processor.py:840} INFO - DAG(s) 'example_dynamic_task_mapping' retrieved from /home/airflow/.local/lib/python3.12/site-packages/airflow/example_dags/example_dynamic_task_mapping.py
[2024-08-05T00:17:45.938+0000] {logging_mixin.py:188} INFO - [2024-08-05T00:17:45.937+0000] {dag.py:3089} INFO - Sync 1 DAGs
[2024-08-05T00:17:45.957+0000] {logging_mixin.py:188} INFO - [2024-08-05T00:17:45.957+0000] {dag.py:3947} INFO - Setting next_dagrun for example_dynamic_task_mapping to 2022-03-04 00:00:00+00:00, run_after=2022-03-05 00:00:00+00:00
[2024-08-05T00:17:45.972+0000] {processor.py:183} INFO - Processing /home/airflow/.local/lib/python3.12/site-packages/airflow/example_dags/example_dynamic_task_mapping.py took 0.073 seconds
[2024-08-05T00:18:16.195+0000] {processor.py:161} INFO - Started process (PID=25369) to work on /home/airflow/.local/lib/python3.12/site-packages/airflow/example_dags/example_dynamic_task_mapping.py
[2024-08-05T00:18:16.195+0000] {processor.py:830} INFO - Processing file /home/airflow/.local/lib/python3.12/site-packages/airflow/example_dags/example_dynamic_task_mapping.py for tasks to queue
[2024-08-05T00:18:16.197+0000] {logging_mixin.py:188} INFO - [2024-08-05T00:18:16.196+0000] {dagbag.py:545} INFO - Filling up the DagBag from /home/airflow/.local/lib/python3.12/site-packages/airflow/example_dags/example_dynamic_task_mapping.py
[2024-08-05T00:18:16.202+0000] {processor.py:840} INFO - DAG(s) 'example_dynamic_task_mapping' retrieved from /home/airflow/.local/lib/python3.12/site-packages/airflow/example_dags/example_dynamic_task_mapping.py
[2024-08-05T00:18:16.222+0000] {logging_mixin.py:188} INFO - [2024-08-05T00:18:16.222+0000] {dag.py:3089} INFO - Sync 1 DAGs
[2024-08-05T00:18:16.241+0000] {logging_mixin.py:188} INFO - [2024-08-05T00:18:16.241+0000] {dag.py:3947} INFO - Setting next_dagrun for example_dynamic_task_mapping to 2022-03-04 00:00:00+00:00, run_after=2022-03-05 00:00:00+00:00
[2024-08-05T00:18:16.257+0000] {processor.py:183} INFO - Processing /home/airflow/.local/lib/python3.12/site-packages/airflow/example_dags/example_dynamic_task_mapping.py took 0.067 seconds
[2024-08-05T00:18:46.336+0000] {processor.py:161} INFO - Started process (PID=25641) to work on /home/airflow/.local/lib/python3.12/site-packages/airflow/example_dags/example_dynamic_task_mapping.py
[2024-08-05T00:18:46.337+0000] {processor.py:830} INFO - Processing file /home/airflow/.local/lib/python3.12/site-packages/airflow/example_dags/example_dynamic_task_mapping.py for tasks to queue
[2024-08-05T00:18:46.339+0000] {logging_mixin.py:188} INFO - [2024-08-05T00:18:46.338+0000] {dagbag.py:545} INFO - Filling up the DagBag from /home/airflow/.local/lib/python3.12/site-packages/airflow/example_dags/example_dynamic_task_mapping.py
[2024-08-05T00:18:46.345+0000] {processor.py:840} INFO - DAG(s) 'example_dynamic_task_mapping' retrieved from /home/airflow/.local/lib/python3.12/site-packages/airflow/example_dags/example_dynamic_task_mapping.py
[2024-08-05T00:18:46.364+0000] {logging_mixin.py:188} INFO - [2024-08-05T00:18:46.364+0000] {dag.py:3089} INFO - Sync 1 DAGs
[2024-08-05T00:18:46.384+0000] {logging_mixin.py:188} INFO - [2024-08-05T00:18:46.384+0000] {dag.py:3947} INFO - Setting next_dagrun for example_dynamic_task_mapping to 2022-03-04 00:00:00+00:00, run_after=2022-03-05 00:00:00+00:00
[2024-08-05T00:18:46.399+0000] {processor.py:183} INFO - Processing /home/airflow/.local/lib/python3.12/site-packages/airflow/example_dags/example_dynamic_task_mapping.py took 0.068 seconds
[2024-08-05T00:19:16.566+0000] {processor.py:161} INFO - Started process (PID=25913) to work on /home/airflow/.local/lib/python3.12/site-packages/airflow/example_dags/example_dynamic_task_mapping.py
[2024-08-05T00:19:16.567+0000] {processor.py:830} INFO - Processing file /home/airflow/.local/lib/python3.12/site-packages/airflow/example_dags/example_dynamic_task_mapping.py for tasks to queue
[2024-08-05T00:19:16.569+0000] {logging_mixin.py:188} INFO - [2024-08-05T00:19:16.569+0000] {dagbag.py:545} INFO - Filling up the DagBag from /home/airflow/.local/lib/python3.12/site-packages/airflow/example_dags/example_dynamic_task_mapping.py
[2024-08-05T00:19:16.575+0000] {processor.py:840} INFO - DAG(s) 'example_dynamic_task_mapping' retrieved from /home/airflow/.local/lib/python3.12/site-packages/airflow/example_dags/example_dynamic_task_mapping.py
[2024-08-05T00:19:16.595+0000] {logging_mixin.py:188} INFO - [2024-08-05T00:19:16.594+0000] {dag.py:3089} INFO - Sync 1 DAGs
[2024-08-05T00:19:16.614+0000] {logging_mixin.py:188} INFO - [2024-08-05T00:19:16.614+0000] {dag.py:3947} INFO - Setting next_dagrun for example_dynamic_task_mapping to 2022-03-04 00:00:00+00:00, run_after=2022-03-05 00:00:00+00:00
[2024-08-05T00:19:16.629+0000] {processor.py:183} INFO - Processing /home/airflow/.local/lib/python3.12/site-packages/airflow/example_dags/example_dynamic_task_mapping.py took 0.070 seconds
[2024-08-05T00:19:46.843+0000] {processor.py:161} INFO - Started process (PID=26185) to work on /home/airflow/.local/lib/python3.12/site-packages/airflow/example_dags/example_dynamic_task_mapping.py
[2024-08-05T00:19:46.844+0000] {processor.py:830} INFO - Processing file /home/airflow/.local/lib/python3.12/site-packages/airflow/example_dags/example_dynamic_task_mapping.py for tasks to queue
[2024-08-05T00:19:46.845+0000] {logging_mixin.py:188} INFO - [2024-08-05T00:19:46.845+0000] {dagbag.py:545} INFO - Filling up the DagBag from /home/airflow/.local/lib/python3.12/site-packages/airflow/example_dags/example_dynamic_task_mapping.py
[2024-08-05T00:19:46.850+0000] {processor.py:840} INFO - DAG(s) 'example_dynamic_task_mapping' retrieved from /home/airflow/.local/lib/python3.12/site-packages/airflow/example_dags/example_dynamic_task_mapping.py
[2024-08-05T00:19:46.869+0000] {logging_mixin.py:188} INFO - [2024-08-05T00:19:46.869+0000] {dag.py:3089} INFO - Sync 1 DAGs
[2024-08-05T00:19:46.887+0000] {logging_mixin.py:188} INFO - [2024-08-05T00:19:46.887+0000] {dag.py:3947} INFO - Setting next_dagrun for example_dynamic_task_mapping to 2022-03-04 00:00:00+00:00, run_after=2022-03-05 00:00:00+00:00
[2024-08-05T00:19:46.903+0000] {processor.py:183} INFO - Processing /home/airflow/.local/lib/python3.12/site-packages/airflow/example_dags/example_dynamic_task_mapping.py took 0.066 seconds
[2024-08-05T00:20:17.078+0000] {processor.py:161} INFO - Started process (PID=26466) to work on /home/airflow/.local/lib/python3.12/site-packages/airflow/example_dags/example_dynamic_task_mapping.py
[2024-08-05T00:20:17.079+0000] {processor.py:830} INFO - Processing file /home/airflow/.local/lib/python3.12/site-packages/airflow/example_dags/example_dynamic_task_mapping.py for tasks to queue
[2024-08-05T00:20:17.080+0000] {logging_mixin.py:188} INFO - [2024-08-05T00:20:17.080+0000] {dagbag.py:545} INFO - Filling up the DagBag from /home/airflow/.local/lib/python3.12/site-packages/airflow/example_dags/example_dynamic_task_mapping.py
[2024-08-05T00:20:17.085+0000] {processor.py:840} INFO - DAG(s) 'example_dynamic_task_mapping' retrieved from /home/airflow/.local/lib/python3.12/site-packages/airflow/example_dags/example_dynamic_task_mapping.py
[2024-08-05T00:20:17.109+0000] {logging_mixin.py:188} INFO - [2024-08-05T00:20:17.109+0000] {dag.py:3089} INFO - Sync 1 DAGs
[2024-08-05T00:20:17.130+0000] {logging_mixin.py:188} INFO - [2024-08-05T00:20:17.130+0000] {dag.py:3947} INFO - Setting next_dagrun for example_dynamic_task_mapping to 2022-03-04 00:00:00+00:00, run_after=2022-03-05 00:00:00+00:00
[2024-08-05T00:20:17.147+0000] {processor.py:183} INFO - Processing /home/airflow/.local/lib/python3.12/site-packages/airflow/example_dags/example_dynamic_task_mapping.py took 0.074 seconds
[2024-08-05T00:20:47.632+0000] {processor.py:161} INFO - Started process (PID=26738) to work on /home/airflow/.local/lib/python3.12/site-packages/airflow/example_dags/example_dynamic_task_mapping.py
[2024-08-05T00:20:47.633+0000] {processor.py:830} INFO - Processing file /home/airflow/.local/lib/python3.12/site-packages/airflow/example_dags/example_dynamic_task_mapping.py for tasks to queue
[2024-08-05T00:20:47.634+0000] {logging_mixin.py:188} INFO - [2024-08-05T00:20:47.634+0000] {dagbag.py:545} INFO - Filling up the DagBag from /home/airflow/.local/lib/python3.12/site-packages/airflow/example_dags/example_dynamic_task_mapping.py
[2024-08-05T00:20:47.640+0000] {processor.py:840} INFO - DAG(s) 'example_dynamic_task_mapping' retrieved from /home/airflow/.local/lib/python3.12/site-packages/airflow/example_dags/example_dynamic_task_mapping.py
[2024-08-05T00:20:47.659+0000] {logging_mixin.py:188} INFO - [2024-08-05T00:20:47.659+0000] {dag.py:3089} INFO - Sync 1 DAGs
[2024-08-05T00:20:47.680+0000] {logging_mixin.py:188} INFO - [2024-08-05T00:20:47.679+0000] {dag.py:3947} INFO - Setting next_dagrun for example_dynamic_task_mapping to 2022-03-04 00:00:00+00:00, run_after=2022-03-05 00:00:00+00:00
[2024-08-05T00:20:47.696+0000] {processor.py:183} INFO - Processing /home/airflow/.local/lib/python3.12/site-packages/airflow/example_dags/example_dynamic_task_mapping.py took 0.069 seconds
[2024-08-05T00:21:18.131+0000] {processor.py:161} INFO - Started process (PID=27010) to work on /home/airflow/.local/lib/python3.12/site-packages/airflow/example_dags/example_dynamic_task_mapping.py
[2024-08-05T00:21:18.131+0000] {processor.py:830} INFO - Processing file /home/airflow/.local/lib/python3.12/site-packages/airflow/example_dags/example_dynamic_task_mapping.py for tasks to queue
[2024-08-05T00:21:18.133+0000] {logging_mixin.py:188} INFO - [2024-08-05T00:21:18.133+0000] {dagbag.py:545} INFO - Filling up the DagBag from /home/airflow/.local/lib/python3.12/site-packages/airflow/example_dags/example_dynamic_task_mapping.py
[2024-08-05T00:21:18.139+0000] {processor.py:840} INFO - DAG(s) 'example_dynamic_task_mapping' retrieved from /home/airflow/.local/lib/python3.12/site-packages/airflow/example_dags/example_dynamic_task_mapping.py
[2024-08-05T00:21:18.160+0000] {logging_mixin.py:188} INFO - [2024-08-05T00:21:18.160+0000] {dag.py:3089} INFO - Sync 1 DAGs
[2024-08-05T00:21:18.181+0000] {logging_mixin.py:188} INFO - [2024-08-05T00:21:18.180+0000] {dag.py:3947} INFO - Setting next_dagrun for example_dynamic_task_mapping to 2022-03-04 00:00:00+00:00, run_after=2022-03-05 00:00:00+00:00
[2024-08-05T00:21:18.197+0000] {processor.py:183} INFO - Processing /home/airflow/.local/lib/python3.12/site-packages/airflow/example_dags/example_dynamic_task_mapping.py took 0.072 seconds
[2024-08-05T00:21:48.399+0000] {processor.py:161} INFO - Started process (PID=27282) to work on /home/airflow/.local/lib/python3.12/site-packages/airflow/example_dags/example_dynamic_task_mapping.py
[2024-08-05T00:21:48.399+0000] {processor.py:830} INFO - Processing file /home/airflow/.local/lib/python3.12/site-packages/airflow/example_dags/example_dynamic_task_mapping.py for tasks to queue
[2024-08-05T00:21:48.401+0000] {logging_mixin.py:188} INFO - [2024-08-05T00:21:48.401+0000] {dagbag.py:545} INFO - Filling up the DagBag from /home/airflow/.local/lib/python3.12/site-packages/airflow/example_dags/example_dynamic_task_mapping.py
[2024-08-05T00:21:48.407+0000] {processor.py:840} INFO - DAG(s) 'example_dynamic_task_mapping' retrieved from /home/airflow/.local/lib/python3.12/site-packages/airflow/example_dags/example_dynamic_task_mapping.py
[2024-08-05T00:21:48.426+0000] {logging_mixin.py:188} INFO - [2024-08-05T00:21:48.426+0000] {dag.py:3089} INFO - Sync 1 DAGs
[2024-08-05T00:21:48.446+0000] {logging_mixin.py:188} INFO - [2024-08-05T00:21:48.446+0000] {dag.py:3947} INFO - Setting next_dagrun for example_dynamic_task_mapping to 2022-03-04 00:00:00+00:00, run_after=2022-03-05 00:00:00+00:00
[2024-08-05T00:21:48.463+0000] {processor.py:183} INFO - Processing /home/airflow/.local/lib/python3.12/site-packages/airflow/example_dags/example_dynamic_task_mapping.py took 0.069 seconds
[2024-08-05T00:22:18.681+0000] {processor.py:161} INFO - Started process (PID=27554) to work on /home/airflow/.local/lib/python3.12/site-packages/airflow/example_dags/example_dynamic_task_mapping.py
[2024-08-05T00:22:18.681+0000] {processor.py:830} INFO - Processing file /home/airflow/.local/lib/python3.12/site-packages/airflow/example_dags/example_dynamic_task_mapping.py for tasks to queue
[2024-08-05T00:22:18.683+0000] {logging_mixin.py:188} INFO - [2024-08-05T00:22:18.682+0000] {dagbag.py:545} INFO - Filling up the DagBag from /home/airflow/.local/lib/python3.12/site-packages/airflow/example_dags/example_dynamic_task_mapping.py
[2024-08-05T00:22:18.689+0000] {processor.py:840} INFO - DAG(s) 'example_dynamic_task_mapping' retrieved from /home/airflow/.local/lib/python3.12/site-packages/airflow/example_dags/example_dynamic_task_mapping.py
[2024-08-05T00:22:18.708+0000] {logging_mixin.py:188} INFO - [2024-08-05T00:22:18.708+0000] {dag.py:3089} INFO - Sync 1 DAGs
[2024-08-05T00:22:18.727+0000] {logging_mixin.py:188} INFO - [2024-08-05T00:22:18.727+0000] {dag.py:3947} INFO - Setting next_dagrun for example_dynamic_task_mapping to 2022-03-04 00:00:00+00:00, run_after=2022-03-05 00:00:00+00:00
[2024-08-05T00:22:18.743+0000] {processor.py:183} INFO - Processing /home/airflow/.local/lib/python3.12/site-packages/airflow/example_dags/example_dynamic_task_mapping.py took 0.066 seconds
[2024-08-05T00:22:49.209+0000] {processor.py:161} INFO - Started process (PID=27826) to work on /home/airflow/.local/lib/python3.12/site-packages/airflow/example_dags/example_dynamic_task_mapping.py
[2024-08-05T00:22:49.209+0000] {processor.py:830} INFO - Processing file /home/airflow/.local/lib/python3.12/site-packages/airflow/example_dags/example_dynamic_task_mapping.py for tasks to queue
[2024-08-05T00:22:49.211+0000] {logging_mixin.py:188} INFO - [2024-08-05T00:22:49.211+0000] {dagbag.py:545} INFO - Filling up the DagBag from /home/airflow/.local/lib/python3.12/site-packages/airflow/example_dags/example_dynamic_task_mapping.py
[2024-08-05T00:22:49.216+0000] {processor.py:840} INFO - DAG(s) 'example_dynamic_task_mapping' retrieved from /home/airflow/.local/lib/python3.12/site-packages/airflow/example_dags/example_dynamic_task_mapping.py
[2024-08-05T00:22:49.236+0000] {logging_mixin.py:188} INFO - [2024-08-05T00:22:49.235+0000] {dag.py:3089} INFO - Sync 1 DAGs
[2024-08-05T00:22:49.255+0000] {logging_mixin.py:188} INFO - [2024-08-05T00:22:49.255+0000] {dag.py:3947} INFO - Setting next_dagrun for example_dynamic_task_mapping to 2022-03-04 00:00:00+00:00, run_after=2022-03-05 00:00:00+00:00
[2024-08-05T00:22:49.271+0000] {processor.py:183} INFO - Processing /home/airflow/.local/lib/python3.12/site-packages/airflow/example_dags/example_dynamic_task_mapping.py took 0.067 seconds
[2024-08-05T00:23:19.791+0000] {processor.py:161} INFO - Started process (PID=28098) to work on /home/airflow/.local/lib/python3.12/site-packages/airflow/example_dags/example_dynamic_task_mapping.py
[2024-08-05T00:23:19.792+0000] {processor.py:830} INFO - Processing file /home/airflow/.local/lib/python3.12/site-packages/airflow/example_dags/example_dynamic_task_mapping.py for tasks to queue
[2024-08-05T00:23:19.793+0000] {logging_mixin.py:188} INFO - [2024-08-05T00:23:19.793+0000] {dagbag.py:545} INFO - Filling up the DagBag from /home/airflow/.local/lib/python3.12/site-packages/airflow/example_dags/example_dynamic_task_mapping.py
[2024-08-05T00:23:19.798+0000] {processor.py:840} INFO - DAG(s) 'example_dynamic_task_mapping' retrieved from /home/airflow/.local/lib/python3.12/site-packages/airflow/example_dags/example_dynamic_task_mapping.py
[2024-08-05T00:23:19.819+0000] {logging_mixin.py:188} INFO - [2024-08-05T00:23:19.818+0000] {dag.py:3089} INFO - Sync 1 DAGs
[2024-08-05T00:23:19.842+0000] {logging_mixin.py:188} INFO - [2024-08-05T00:23:19.841+0000] {dag.py:3947} INFO - Setting next_dagrun for example_dynamic_task_mapping to 2022-03-04 00:00:00+00:00, run_after=2022-03-05 00:00:00+00:00
[2024-08-05T00:23:19.859+0000] {processor.py:183} INFO - Processing /home/airflow/.local/lib/python3.12/site-packages/airflow/example_dags/example_dynamic_task_mapping.py took 0.074 seconds
[2024-08-05T00:23:50.264+0000] {processor.py:161} INFO - Started process (PID=28370) to work on /home/airflow/.local/lib/python3.12/site-packages/airflow/example_dags/example_dynamic_task_mapping.py
[2024-08-05T00:23:50.265+0000] {processor.py:830} INFO - Processing file /home/airflow/.local/lib/python3.12/site-packages/airflow/example_dags/example_dynamic_task_mapping.py for tasks to queue
[2024-08-05T00:23:50.266+0000] {logging_mixin.py:188} INFO - [2024-08-05T00:23:50.266+0000] {dagbag.py:545} INFO - Filling up the DagBag from /home/airflow/.local/lib/python3.12/site-packages/airflow/example_dags/example_dynamic_task_mapping.py
[2024-08-05T00:23:50.271+0000] {processor.py:840} INFO - DAG(s) 'example_dynamic_task_mapping' retrieved from /home/airflow/.local/lib/python3.12/site-packages/airflow/example_dags/example_dynamic_task_mapping.py
[2024-08-05T00:23:50.291+0000] {logging_mixin.py:188} INFO - [2024-08-05T00:23:50.291+0000] {dag.py:3089} INFO - Sync 1 DAGs
[2024-08-05T00:23:50.313+0000] {logging_mixin.py:188} INFO - [2024-08-05T00:23:50.313+0000] {dag.py:3947} INFO - Setting next_dagrun for example_dynamic_task_mapping to 2022-03-04 00:00:00+00:00, run_after=2022-03-05 00:00:00+00:00
[2024-08-05T00:23:50.329+0000] {processor.py:183} INFO - Processing /home/airflow/.local/lib/python3.12/site-packages/airflow/example_dags/example_dynamic_task_mapping.py took 0.069 seconds
[2024-08-05T00:24:20.960+0000] {processor.py:161} INFO - Started process (PID=28642) to work on /home/airflow/.local/lib/python3.12/site-packages/airflow/example_dags/example_dynamic_task_mapping.py
[2024-08-05T00:24:20.961+0000] {processor.py:830} INFO - Processing file /home/airflow/.local/lib/python3.12/site-packages/airflow/example_dags/example_dynamic_task_mapping.py for tasks to queue
[2024-08-05T00:24:20.962+0000] {logging_mixin.py:188} INFO - [2024-08-05T00:24:20.962+0000] {dagbag.py:545} INFO - Filling up the DagBag from /home/airflow/.local/lib/python3.12/site-packages/airflow/example_dags/example_dynamic_task_mapping.py
[2024-08-05T00:24:20.967+0000] {processor.py:840} INFO - DAG(s) 'example_dynamic_task_mapping' retrieved from /home/airflow/.local/lib/python3.12/site-packages/airflow/example_dags/example_dynamic_task_mapping.py
[2024-08-05T00:24:20.982+0000] {logging_mixin.py:188} INFO - [2024-08-05T00:24:20.982+0000] {dag.py:3089} INFO - Sync 1 DAGs
[2024-08-05T00:24:20.998+0000] {logging_mixin.py:188} INFO - [2024-08-05T00:24:20.998+0000] {dag.py:3947} INFO - Setting next_dagrun for example_dynamic_task_mapping to 2022-03-04 00:00:00+00:00, run_after=2022-03-05 00:00:00+00:00
[2024-08-05T00:24:21.010+0000] {processor.py:183} INFO - Processing /home/airflow/.local/lib/python3.12/site-packages/airflow/example_dags/example_dynamic_task_mapping.py took 0.054 seconds
[2024-08-05T00:24:51.561+0000] {processor.py:161} INFO - Started process (PID=28914) to work on /home/airflow/.local/lib/python3.12/site-packages/airflow/example_dags/example_dynamic_task_mapping.py
[2024-08-05T00:24:51.562+0000] {processor.py:830} INFO - Processing file /home/airflow/.local/lib/python3.12/site-packages/airflow/example_dags/example_dynamic_task_mapping.py for tasks to queue
[2024-08-05T00:24:51.563+0000] {logging_mixin.py:188} INFO - [2024-08-05T00:24:51.563+0000] {dagbag.py:545} INFO - Filling up the DagBag from /home/airflow/.local/lib/python3.12/site-packages/airflow/example_dags/example_dynamic_task_mapping.py
[2024-08-05T00:24:51.567+0000] {processor.py:840} INFO - DAG(s) 'example_dynamic_task_mapping' retrieved from /home/airflow/.local/lib/python3.12/site-packages/airflow/example_dags/example_dynamic_task_mapping.py
[2024-08-05T00:24:51.582+0000] {logging_mixin.py:188} INFO - [2024-08-05T00:24:51.582+0000] {dag.py:3089} INFO - Sync 1 DAGs
[2024-08-05T00:24:51.597+0000] {logging_mixin.py:188} INFO - [2024-08-05T00:24:51.597+0000] {dag.py:3947} INFO - Setting next_dagrun for example_dynamic_task_mapping to 2022-03-04 00:00:00+00:00, run_after=2022-03-05 00:00:00+00:00
[2024-08-05T00:24:51.610+0000] {processor.py:183} INFO - Processing /home/airflow/.local/lib/python3.12/site-packages/airflow/example_dags/example_dynamic_task_mapping.py took 0.053 seconds
