[2024-08-05T00:00:29.752+0000] {processor.py:161} INFO - Started process (PID=15818) to work on /home/airflow/.local/lib/python3.12/site-packages/airflow/example_dags/example_short_circuit_decorator.py
[2024-08-05T00:00:29.753+0000] {processor.py:830} INFO - Processing file /home/airflow/.local/lib/python3.12/site-packages/airflow/example_dags/example_short_circuit_decorator.py for tasks to queue
[2024-08-05T00:00:29.755+0000] {logging_mixin.py:188} INFO - [2024-08-05T00:00:29.754+0000] {dagbag.py:545} INFO - Filling up the DagBag from /home/airflow/.local/lib/python3.12/site-packages/airflow/example_dags/example_short_circuit_decorator.py
[2024-08-05T00:00:29.762+0000] {processor.py:840} INFO - DAG(s) 'example_short_circuit_decorator' retrieved from /home/airflow/.local/lib/python3.12/site-packages/airflow/example_dags/example_short_circuit_decorator.py
[2024-08-05T00:00:29.783+0000] {logging_mixin.py:188} INFO - [2024-08-05T00:00:29.783+0000] {dag.py:3089} INFO - Sync 1 DAGs
[2024-08-05T00:00:29.802+0000] {logging_mixin.py:188} INFO - [2024-08-05T00:00:29.802+0000] {dag.py:3947} INFO - Setting next_dagrun for example_short_circuit_decorator to 2024-08-04 00:00:00+00:00, run_after=2024-08-05 00:00:00+00:00
[2024-08-05T00:00:29.819+0000] {processor.py:183} INFO - Processing /home/airflow/.local/lib/python3.12/site-packages/airflow/example_dags/example_short_circuit_decorator.py took 0.072 seconds
[2024-08-05T00:01:00.468+0000] {processor.py:161} INFO - Started process (PID=16090) to work on /home/airflow/.local/lib/python3.12/site-packages/airflow/example_dags/example_short_circuit_decorator.py
[2024-08-05T00:01:00.469+0000] {processor.py:830} INFO - Processing file /home/airflow/.local/lib/python3.12/site-packages/airflow/example_dags/example_short_circuit_decorator.py for tasks to queue
[2024-08-05T00:01:00.470+0000] {logging_mixin.py:188} INFO - [2024-08-05T00:01:00.470+0000] {dagbag.py:545} INFO - Filling up the DagBag from /home/airflow/.local/lib/python3.12/site-packages/airflow/example_dags/example_short_circuit_decorator.py
[2024-08-05T00:01:00.478+0000] {processor.py:840} INFO - DAG(s) 'example_short_circuit_decorator' retrieved from /home/airflow/.local/lib/python3.12/site-packages/airflow/example_dags/example_short_circuit_decorator.py
[2024-08-05T00:01:00.498+0000] {logging_mixin.py:188} INFO - [2024-08-05T00:01:00.497+0000] {dag.py:3089} INFO - Sync 1 DAGs
[2024-08-05T00:01:00.518+0000] {logging_mixin.py:188} INFO - [2024-08-05T00:01:00.517+0000] {dag.py:3947} INFO - Setting next_dagrun for example_short_circuit_decorator to 2024-08-04 00:00:00+00:00, run_after=2024-08-05 00:00:00+00:00
[2024-08-05T00:01:00.534+0000] {processor.py:183} INFO - Processing /home/airflow/.local/lib/python3.12/site-packages/airflow/example_dags/example_short_circuit_decorator.py took 0.070 seconds
[2024-08-05T00:01:30.747+0000] {processor.py:161} INFO - Started process (PID=16362) to work on /home/airflow/.local/lib/python3.12/site-packages/airflow/example_dags/example_short_circuit_decorator.py
[2024-08-05T00:01:30.747+0000] {processor.py:830} INFO - Processing file /home/airflow/.local/lib/python3.12/site-packages/airflow/example_dags/example_short_circuit_decorator.py for tasks to queue
[2024-08-05T00:01:30.749+0000] {logging_mixin.py:188} INFO - [2024-08-05T00:01:30.748+0000] {dagbag.py:545} INFO - Filling up the DagBag from /home/airflow/.local/lib/python3.12/site-packages/airflow/example_dags/example_short_circuit_decorator.py
[2024-08-05T00:01:30.756+0000] {processor.py:840} INFO - DAG(s) 'example_short_circuit_decorator' retrieved from /home/airflow/.local/lib/python3.12/site-packages/airflow/example_dags/example_short_circuit_decorator.py
[2024-08-05T00:01:30.777+0000] {logging_mixin.py:188} INFO - [2024-08-05T00:01:30.777+0000] {dag.py:3089} INFO - Sync 1 DAGs
[2024-08-05T00:01:30.796+0000] {logging_mixin.py:188} INFO - [2024-08-05T00:01:30.796+0000] {dag.py:3947} INFO - Setting next_dagrun for example_short_circuit_decorator to 2024-08-04 00:00:00+00:00, run_after=2024-08-05 00:00:00+00:00
[2024-08-05T00:01:30.811+0000] {processor.py:183} INFO - Processing /home/airflow/.local/lib/python3.12/site-packages/airflow/example_dags/example_short_circuit_decorator.py took 0.069 seconds
[2024-08-05T00:02:00.921+0000] {processor.py:161} INFO - Started process (PID=16634) to work on /home/airflow/.local/lib/python3.12/site-packages/airflow/example_dags/example_short_circuit_decorator.py
[2024-08-05T00:02:00.922+0000] {processor.py:830} INFO - Processing file /home/airflow/.local/lib/python3.12/site-packages/airflow/example_dags/example_short_circuit_decorator.py for tasks to queue
[2024-08-05T00:02:00.924+0000] {logging_mixin.py:188} INFO - [2024-08-05T00:02:00.924+0000] {dagbag.py:545} INFO - Filling up the DagBag from /home/airflow/.local/lib/python3.12/site-packages/airflow/example_dags/example_short_circuit_decorator.py
[2024-08-05T00:02:00.930+0000] {processor.py:840} INFO - DAG(s) 'example_short_circuit_decorator' retrieved from /home/airflow/.local/lib/python3.12/site-packages/airflow/example_dags/example_short_circuit_decorator.py
[2024-08-05T00:02:00.951+0000] {logging_mixin.py:188} INFO - [2024-08-05T00:02:00.950+0000] {dag.py:3089} INFO - Sync 1 DAGs
[2024-08-05T00:02:00.969+0000] {logging_mixin.py:188} INFO - [2024-08-05T00:02:00.969+0000] {dag.py:3947} INFO - Setting next_dagrun for example_short_circuit_decorator to 2024-08-04 00:00:00+00:00, run_after=2024-08-05 00:00:00+00:00
[2024-08-05T00:02:00.984+0000] {processor.py:183} INFO - Processing /home/airflow/.local/lib/python3.12/site-packages/airflow/example_dags/example_short_circuit_decorator.py took 0.069 seconds
[2024-08-05T00:02:31.037+0000] {processor.py:161} INFO - Started process (PID=16906) to work on /home/airflow/.local/lib/python3.12/site-packages/airflow/example_dags/example_short_circuit_decorator.py
[2024-08-05T00:02:31.038+0000] {processor.py:830} INFO - Processing file /home/airflow/.local/lib/python3.12/site-packages/airflow/example_dags/example_short_circuit_decorator.py for tasks to queue
[2024-08-05T00:02:31.040+0000] {logging_mixin.py:188} INFO - [2024-08-05T00:02:31.040+0000] {dagbag.py:545} INFO - Filling up the DagBag from /home/airflow/.local/lib/python3.12/site-packages/airflow/example_dags/example_short_circuit_decorator.py
[2024-08-05T00:02:31.046+0000] {processor.py:840} INFO - DAG(s) 'example_short_circuit_decorator' retrieved from /home/airflow/.local/lib/python3.12/site-packages/airflow/example_dags/example_short_circuit_decorator.py
[2024-08-05T00:02:31.067+0000] {logging_mixin.py:188} INFO - [2024-08-05T00:02:31.067+0000] {dag.py:3089} INFO - Sync 1 DAGs
[2024-08-05T00:02:31.086+0000] {logging_mixin.py:188} INFO - [2024-08-05T00:02:31.086+0000] {dag.py:3947} INFO - Setting next_dagrun for example_short_circuit_decorator to 2024-08-04 00:00:00+00:00, run_after=2024-08-05 00:00:00+00:00
[2024-08-05T00:02:31.102+0000] {processor.py:183} INFO - Processing /home/airflow/.local/lib/python3.12/site-packages/airflow/example_dags/example_short_circuit_decorator.py took 0.070 seconds
[2024-08-05T00:03:01.320+0000] {processor.py:161} INFO - Started process (PID=17178) to work on /home/airflow/.local/lib/python3.12/site-packages/airflow/example_dags/example_short_circuit_decorator.py
[2024-08-05T00:03:01.321+0000] {processor.py:830} INFO - Processing file /home/airflow/.local/lib/python3.12/site-packages/airflow/example_dags/example_short_circuit_decorator.py for tasks to queue
[2024-08-05T00:03:01.323+0000] {logging_mixin.py:188} INFO - [2024-08-05T00:03:01.323+0000] {dagbag.py:545} INFO - Filling up the DagBag from /home/airflow/.local/lib/python3.12/site-packages/airflow/example_dags/example_short_circuit_decorator.py
[2024-08-05T00:03:01.330+0000] {processor.py:840} INFO - DAG(s) 'example_short_circuit_decorator' retrieved from /home/airflow/.local/lib/python3.12/site-packages/airflow/example_dags/example_short_circuit_decorator.py
[2024-08-05T00:03:01.350+0000] {logging_mixin.py:188} INFO - [2024-08-05T00:03:01.349+0000] {dag.py:3089} INFO - Sync 1 DAGs
[2024-08-05T00:03:01.369+0000] {logging_mixin.py:188} INFO - [2024-08-05T00:03:01.369+0000] {dag.py:3947} INFO - Setting next_dagrun for example_short_circuit_decorator to 2024-08-04 00:00:00+00:00, run_after=2024-08-05 00:00:00+00:00
[2024-08-05T00:03:01.388+0000] {processor.py:183} INFO - Processing /home/airflow/.local/lib/python3.12/site-packages/airflow/example_dags/example_short_circuit_decorator.py took 0.073 seconds
[2024-08-05T00:03:31.722+0000] {processor.py:161} INFO - Started process (PID=17450) to work on /home/airflow/.local/lib/python3.12/site-packages/airflow/example_dags/example_short_circuit_decorator.py
[2024-08-05T00:03:31.723+0000] {processor.py:830} INFO - Processing file /home/airflow/.local/lib/python3.12/site-packages/airflow/example_dags/example_short_circuit_decorator.py for tasks to queue
[2024-08-05T00:03:31.724+0000] {logging_mixin.py:188} INFO - [2024-08-05T00:03:31.724+0000] {dagbag.py:545} INFO - Filling up the DagBag from /home/airflow/.local/lib/python3.12/site-packages/airflow/example_dags/example_short_circuit_decorator.py
[2024-08-05T00:03:31.732+0000] {processor.py:840} INFO - DAG(s) 'example_short_circuit_decorator' retrieved from /home/airflow/.local/lib/python3.12/site-packages/airflow/example_dags/example_short_circuit_decorator.py
[2024-08-05T00:03:31.753+0000] {logging_mixin.py:188} INFO - [2024-08-05T00:03:31.753+0000] {dag.py:3089} INFO - Sync 1 DAGs
[2024-08-05T00:03:31.773+0000] {logging_mixin.py:188} INFO - [2024-08-05T00:03:31.773+0000] {dag.py:3947} INFO - Setting next_dagrun for example_short_circuit_decorator to 2024-08-04 00:00:00+00:00, run_after=2024-08-05 00:00:00+00:00
[2024-08-05T00:03:31.791+0000] {processor.py:183} INFO - Processing /home/airflow/.local/lib/python3.12/site-packages/airflow/example_dags/example_short_circuit_decorator.py took 0.076 seconds
[2024-08-05T00:04:01.912+0000] {processor.py:161} INFO - Started process (PID=17722) to work on /home/airflow/.local/lib/python3.12/site-packages/airflow/example_dags/example_short_circuit_decorator.py
[2024-08-05T00:04:01.913+0000] {processor.py:830} INFO - Processing file /home/airflow/.local/lib/python3.12/site-packages/airflow/example_dags/example_short_circuit_decorator.py for tasks to queue
[2024-08-05T00:04:01.915+0000] {logging_mixin.py:188} INFO - [2024-08-05T00:04:01.914+0000] {dagbag.py:545} INFO - Filling up the DagBag from /home/airflow/.local/lib/python3.12/site-packages/airflow/example_dags/example_short_circuit_decorator.py
[2024-08-05T00:04:01.923+0000] {processor.py:840} INFO - DAG(s) 'example_short_circuit_decorator' retrieved from /home/airflow/.local/lib/python3.12/site-packages/airflow/example_dags/example_short_circuit_decorator.py
[2024-08-05T00:04:01.944+0000] {logging_mixin.py:188} INFO - [2024-08-05T00:04:01.944+0000] {dag.py:3089} INFO - Sync 1 DAGs
[2024-08-05T00:04:01.962+0000] {logging_mixin.py:188} INFO - [2024-08-05T00:04:01.962+0000] {dag.py:3947} INFO - Setting next_dagrun for example_short_circuit_decorator to 2024-08-04 00:00:00+00:00, run_after=2024-08-05 00:00:00+00:00
[2024-08-05T00:04:01.980+0000] {processor.py:183} INFO - Processing /home/airflow/.local/lib/python3.12/site-packages/airflow/example_dags/example_short_circuit_decorator.py took 0.073 seconds
[2024-08-05T00:04:32.170+0000] {processor.py:161} INFO - Started process (PID=17994) to work on /home/airflow/.local/lib/python3.12/site-packages/airflow/example_dags/example_short_circuit_decorator.py
[2024-08-05T00:04:32.171+0000] {processor.py:830} INFO - Processing file /home/airflow/.local/lib/python3.12/site-packages/airflow/example_dags/example_short_circuit_decorator.py for tasks to queue
[2024-08-05T00:04:32.172+0000] {logging_mixin.py:188} INFO - [2024-08-05T00:04:32.172+0000] {dagbag.py:545} INFO - Filling up the DagBag from /home/airflow/.local/lib/python3.12/site-packages/airflow/example_dags/example_short_circuit_decorator.py
[2024-08-05T00:04:32.180+0000] {processor.py:840} INFO - DAG(s) 'example_short_circuit_decorator' retrieved from /home/airflow/.local/lib/python3.12/site-packages/airflow/example_dags/example_short_circuit_decorator.py
[2024-08-05T00:04:32.204+0000] {logging_mixin.py:188} INFO - [2024-08-05T00:04:32.204+0000] {dag.py:3089} INFO - Sync 1 DAGs
[2024-08-05T00:04:32.224+0000] {logging_mixin.py:188} INFO - [2024-08-05T00:04:32.224+0000] {dag.py:3947} INFO - Setting next_dagrun for example_short_circuit_decorator to 2024-08-04 00:00:00+00:00, run_after=2024-08-05 00:00:00+00:00
[2024-08-05T00:04:32.243+0000] {processor.py:183} INFO - Processing /home/airflow/.local/lib/python3.12/site-packages/airflow/example_dags/example_short_circuit_decorator.py took 0.079 seconds
[2024-08-05T00:05:03.115+0000] {processor.py:161} INFO - Started process (PID=18260) to work on /home/airflow/.local/lib/python3.12/site-packages/airflow/example_dags/example_short_circuit_decorator.py
[2024-08-05T00:05:03.116+0000] {processor.py:830} INFO - Processing file /home/airflow/.local/lib/python3.12/site-packages/airflow/example_dags/example_short_circuit_decorator.py for tasks to queue
[2024-08-05T00:05:03.118+0000] {logging_mixin.py:188} INFO - [2024-08-05T00:05:03.118+0000] {dagbag.py:545} INFO - Filling up the DagBag from /home/airflow/.local/lib/python3.12/site-packages/airflow/example_dags/example_short_circuit_decorator.py
[2024-08-05T00:05:03.128+0000] {processor.py:840} INFO - DAG(s) 'example_short_circuit_decorator' retrieved from /home/airflow/.local/lib/python3.12/site-packages/airflow/example_dags/example_short_circuit_decorator.py
[2024-08-05T00:05:03.155+0000] {logging_mixin.py:188} INFO - [2024-08-05T00:05:03.154+0000] {dag.py:3089} INFO - Sync 1 DAGs
[2024-08-05T00:05:03.177+0000] {logging_mixin.py:188} INFO - [2024-08-05T00:05:03.177+0000] {dag.py:3947} INFO - Setting next_dagrun for example_short_circuit_decorator to 2024-08-04 00:00:00+00:00, run_after=2024-08-05 00:00:00+00:00
[2024-08-05T00:05:03.201+0000] {processor.py:183} INFO - Processing /home/airflow/.local/lib/python3.12/site-packages/airflow/example_dags/example_short_circuit_decorator.py took 0.092 seconds
[2024-08-05T00:05:33.343+0000] {processor.py:161} INFO - Started process (PID=18532) to work on /home/airflow/.local/lib/python3.12/site-packages/airflow/example_dags/example_short_circuit_decorator.py
[2024-08-05T00:05:33.344+0000] {processor.py:830} INFO - Processing file /home/airflow/.local/lib/python3.12/site-packages/airflow/example_dags/example_short_circuit_decorator.py for tasks to queue
[2024-08-05T00:05:33.346+0000] {logging_mixin.py:188} INFO - [2024-08-05T00:05:33.346+0000] {dagbag.py:545} INFO - Filling up the DagBag from /home/airflow/.local/lib/python3.12/site-packages/airflow/example_dags/example_short_circuit_decorator.py
[2024-08-05T00:05:33.355+0000] {processor.py:840} INFO - DAG(s) 'example_short_circuit_decorator' retrieved from /home/airflow/.local/lib/python3.12/site-packages/airflow/example_dags/example_short_circuit_decorator.py
[2024-08-05T00:05:33.376+0000] {logging_mixin.py:188} INFO - [2024-08-05T00:05:33.376+0000] {dag.py:3089} INFO - Sync 1 DAGs
[2024-08-05T00:05:33.395+0000] {logging_mixin.py:188} INFO - [2024-08-05T00:05:33.395+0000] {dag.py:3947} INFO - Setting next_dagrun for example_short_circuit_decorator to 2024-08-04 00:00:00+00:00, run_after=2024-08-05 00:00:00+00:00
[2024-08-05T00:05:33.413+0000] {processor.py:183} INFO - Processing /home/airflow/.local/lib/python3.12/site-packages/airflow/example_dags/example_short_circuit_decorator.py took 0.074 seconds
[2024-08-05T00:06:03.633+0000] {processor.py:161} INFO - Started process (PID=18804) to work on /home/airflow/.local/lib/python3.12/site-packages/airflow/example_dags/example_short_circuit_decorator.py
[2024-08-05T00:06:03.634+0000] {processor.py:830} INFO - Processing file /home/airflow/.local/lib/python3.12/site-packages/airflow/example_dags/example_short_circuit_decorator.py for tasks to queue
[2024-08-05T00:06:03.636+0000] {logging_mixin.py:188} INFO - [2024-08-05T00:06:03.635+0000] {dagbag.py:545} INFO - Filling up the DagBag from /home/airflow/.local/lib/python3.12/site-packages/airflow/example_dags/example_short_circuit_decorator.py
[2024-08-05T00:06:03.642+0000] {processor.py:840} INFO - DAG(s) 'example_short_circuit_decorator' retrieved from /home/airflow/.local/lib/python3.12/site-packages/airflow/example_dags/example_short_circuit_decorator.py
[2024-08-05T00:06:03.664+0000] {logging_mixin.py:188} INFO - [2024-08-05T00:06:03.664+0000] {dag.py:3089} INFO - Sync 1 DAGs
[2024-08-05T00:06:03.684+0000] {logging_mixin.py:188} INFO - [2024-08-05T00:06:03.684+0000] {dag.py:3947} INFO - Setting next_dagrun for example_short_circuit_decorator to 2024-08-04 00:00:00+00:00, run_after=2024-08-05 00:00:00+00:00
[2024-08-05T00:06:03.701+0000] {processor.py:183} INFO - Processing /home/airflow/.local/lib/python3.12/site-packages/airflow/example_dags/example_short_circuit_decorator.py took 0.072 seconds
[2024-08-05T00:06:33.882+0000] {processor.py:161} INFO - Started process (PID=19076) to work on /home/airflow/.local/lib/python3.12/site-packages/airflow/example_dags/example_short_circuit_decorator.py
[2024-08-05T00:06:33.883+0000] {processor.py:830} INFO - Processing file /home/airflow/.local/lib/python3.12/site-packages/airflow/example_dags/example_short_circuit_decorator.py for tasks to queue
[2024-08-05T00:06:33.885+0000] {logging_mixin.py:188} INFO - [2024-08-05T00:06:33.884+0000] {dagbag.py:545} INFO - Filling up the DagBag from /home/airflow/.local/lib/python3.12/site-packages/airflow/example_dags/example_short_circuit_decorator.py
[2024-08-05T00:06:33.891+0000] {processor.py:840} INFO - DAG(s) 'example_short_circuit_decorator' retrieved from /home/airflow/.local/lib/python3.12/site-packages/airflow/example_dags/example_short_circuit_decorator.py
[2024-08-05T00:06:33.913+0000] {logging_mixin.py:188} INFO - [2024-08-05T00:06:33.912+0000] {dag.py:3089} INFO - Sync 1 DAGs
[2024-08-05T00:06:33.934+0000] {logging_mixin.py:188} INFO - [2024-08-05T00:06:33.934+0000] {dag.py:3947} INFO - Setting next_dagrun for example_short_circuit_decorator to 2024-08-04 00:00:00+00:00, run_after=2024-08-05 00:00:00+00:00
[2024-08-05T00:06:33.951+0000] {processor.py:183} INFO - Processing /home/airflow/.local/lib/python3.12/site-packages/airflow/example_dags/example_short_circuit_decorator.py took 0.075 seconds
[2024-08-05T00:07:04.872+0000] {processor.py:161} INFO - Started process (PID=19348) to work on /home/airflow/.local/lib/python3.12/site-packages/airflow/example_dags/example_short_circuit_decorator.py
[2024-08-05T00:07:04.873+0000] {processor.py:830} INFO - Processing file /home/airflow/.local/lib/python3.12/site-packages/airflow/example_dags/example_short_circuit_decorator.py for tasks to queue
[2024-08-05T00:07:04.875+0000] {logging_mixin.py:188} INFO - [2024-08-05T00:07:04.875+0000] {dagbag.py:545} INFO - Filling up the DagBag from /home/airflow/.local/lib/python3.12/site-packages/airflow/example_dags/example_short_circuit_decorator.py
[2024-08-05T00:07:04.885+0000] {processor.py:840} INFO - DAG(s) 'example_short_circuit_decorator' retrieved from /home/airflow/.local/lib/python3.12/site-packages/airflow/example_dags/example_short_circuit_decorator.py
[2024-08-05T00:07:04.905+0000] {logging_mixin.py:188} INFO - [2024-08-05T00:07:04.905+0000] {dag.py:3089} INFO - Sync 1 DAGs
[2024-08-05T00:07:04.926+0000] {logging_mixin.py:188} INFO - [2024-08-05T00:07:04.926+0000] {dag.py:3947} INFO - Setting next_dagrun for example_short_circuit_decorator to 2024-08-04 00:00:00+00:00, run_after=2024-08-05 00:00:00+00:00
[2024-08-05T00:07:04.943+0000] {processor.py:183} INFO - Processing /home/airflow/.local/lib/python3.12/site-packages/airflow/example_dags/example_short_circuit_decorator.py took 0.077 seconds
[2024-08-05T00:07:35.207+0000] {processor.py:161} INFO - Started process (PID=19620) to work on /home/airflow/.local/lib/python3.12/site-packages/airflow/example_dags/example_short_circuit_decorator.py
[2024-08-05T00:07:35.208+0000] {processor.py:830} INFO - Processing file /home/airflow/.local/lib/python3.12/site-packages/airflow/example_dags/example_short_circuit_decorator.py for tasks to queue
[2024-08-05T00:07:35.210+0000] {logging_mixin.py:188} INFO - [2024-08-05T00:07:35.210+0000] {dagbag.py:545} INFO - Filling up the DagBag from /home/airflow/.local/lib/python3.12/site-packages/airflow/example_dags/example_short_circuit_decorator.py
[2024-08-05T00:07:35.220+0000] {processor.py:840} INFO - DAG(s) 'example_short_circuit_decorator' retrieved from /home/airflow/.local/lib/python3.12/site-packages/airflow/example_dags/example_short_circuit_decorator.py
[2024-08-05T00:07:35.243+0000] {logging_mixin.py:188} INFO - [2024-08-05T00:07:35.242+0000] {dag.py:3089} INFO - Sync 1 DAGs
[2024-08-05T00:07:35.265+0000] {logging_mixin.py:188} INFO - [2024-08-05T00:07:35.265+0000] {dag.py:3947} INFO - Setting next_dagrun for example_short_circuit_decorator to 2024-08-04 00:00:00+00:00, run_after=2024-08-05 00:00:00+00:00
[2024-08-05T00:07:35.282+0000] {processor.py:183} INFO - Processing /home/airflow/.local/lib/python3.12/site-packages/airflow/example_dags/example_short_circuit_decorator.py took 0.080 seconds
[2024-08-05T00:08:05.413+0000] {processor.py:161} INFO - Started process (PID=19892) to work on /home/airflow/.local/lib/python3.12/site-packages/airflow/example_dags/example_short_circuit_decorator.py
[2024-08-05T00:08:05.414+0000] {processor.py:830} INFO - Processing file /home/airflow/.local/lib/python3.12/site-packages/airflow/example_dags/example_short_circuit_decorator.py for tasks to queue
[2024-08-05T00:08:05.416+0000] {logging_mixin.py:188} INFO - [2024-08-05T00:08:05.415+0000] {dagbag.py:545} INFO - Filling up the DagBag from /home/airflow/.local/lib/python3.12/site-packages/airflow/example_dags/example_short_circuit_decorator.py
[2024-08-05T00:08:05.423+0000] {processor.py:840} INFO - DAG(s) 'example_short_circuit_decorator' retrieved from /home/airflow/.local/lib/python3.12/site-packages/airflow/example_dags/example_short_circuit_decorator.py
[2024-08-05T00:08:05.449+0000] {logging_mixin.py:188} INFO - [2024-08-05T00:08:05.449+0000] {dag.py:3089} INFO - Sync 1 DAGs
[2024-08-05T00:08:05.469+0000] {logging_mixin.py:188} INFO - [2024-08-05T00:08:05.469+0000] {dag.py:3947} INFO - Setting next_dagrun for example_short_circuit_decorator to 2024-08-04 00:00:00+00:00, run_after=2024-08-05 00:00:00+00:00
[2024-08-05T00:08:05.487+0000] {processor.py:183} INFO - Processing /home/airflow/.local/lib/python3.12/site-packages/airflow/example_dags/example_short_circuit_decorator.py took 0.080 seconds
[2024-08-05T00:08:35.856+0000] {processor.py:161} INFO - Started process (PID=20164) to work on /home/airflow/.local/lib/python3.12/site-packages/airflow/example_dags/example_short_circuit_decorator.py
[2024-08-05T00:08:35.857+0000] {processor.py:830} INFO - Processing file /home/airflow/.local/lib/python3.12/site-packages/airflow/example_dags/example_short_circuit_decorator.py for tasks to queue
[2024-08-05T00:08:35.858+0000] {logging_mixin.py:188} INFO - [2024-08-05T00:08:35.858+0000] {dagbag.py:545} INFO - Filling up the DagBag from /home/airflow/.local/lib/python3.12/site-packages/airflow/example_dags/example_short_circuit_decorator.py
[2024-08-05T00:08:35.867+0000] {processor.py:840} INFO - DAG(s) 'example_short_circuit_decorator' retrieved from /home/airflow/.local/lib/python3.12/site-packages/airflow/example_dags/example_short_circuit_decorator.py
[2024-08-05T00:08:35.894+0000] {logging_mixin.py:188} INFO - [2024-08-05T00:08:35.894+0000] {dag.py:3089} INFO - Sync 1 DAGs
[2024-08-05T00:08:35.917+0000] {logging_mixin.py:188} INFO - [2024-08-05T00:08:35.917+0000] {dag.py:3947} INFO - Setting next_dagrun for example_short_circuit_decorator to 2024-08-04 00:00:00+00:00, run_after=2024-08-05 00:00:00+00:00
[2024-08-05T00:08:35.941+0000] {processor.py:183} INFO - Processing /home/airflow/.local/lib/python3.12/site-packages/airflow/example_dags/example_short_circuit_decorator.py took 0.090 seconds
[2024-08-05T00:09:06.008+0000] {processor.py:161} INFO - Started process (PID=20436) to work on /home/airflow/.local/lib/python3.12/site-packages/airflow/example_dags/example_short_circuit_decorator.py
[2024-08-05T00:09:06.009+0000] {processor.py:830} INFO - Processing file /home/airflow/.local/lib/python3.12/site-packages/airflow/example_dags/example_short_circuit_decorator.py for tasks to queue
[2024-08-05T00:09:06.011+0000] {logging_mixin.py:188} INFO - [2024-08-05T00:09:06.010+0000] {dagbag.py:545} INFO - Filling up the DagBag from /home/airflow/.local/lib/python3.12/site-packages/airflow/example_dags/example_short_circuit_decorator.py
[2024-08-05T00:09:06.017+0000] {processor.py:840} INFO - DAG(s) 'example_short_circuit_decorator' retrieved from /home/airflow/.local/lib/python3.12/site-packages/airflow/example_dags/example_short_circuit_decorator.py
[2024-08-05T00:09:06.037+0000] {logging_mixin.py:188} INFO - [2024-08-05T00:09:06.036+0000] {dag.py:3089} INFO - Sync 1 DAGs
[2024-08-05T00:09:06.054+0000] {logging_mixin.py:188} INFO - [2024-08-05T00:09:06.053+0000] {dag.py:3947} INFO - Setting next_dagrun for example_short_circuit_decorator to 2024-08-04 00:00:00+00:00, run_after=2024-08-05 00:00:00+00:00
[2024-08-05T00:09:06.069+0000] {processor.py:183} INFO - Processing /home/airflow/.local/lib/python3.12/site-packages/airflow/example_dags/example_short_circuit_decorator.py took 0.066 seconds
[2024-08-05T00:09:36.740+0000] {processor.py:161} INFO - Started process (PID=20708) to work on /home/airflow/.local/lib/python3.12/site-packages/airflow/example_dags/example_short_circuit_decorator.py
[2024-08-05T00:09:36.741+0000] {processor.py:830} INFO - Processing file /home/airflow/.local/lib/python3.12/site-packages/airflow/example_dags/example_short_circuit_decorator.py for tasks to queue
[2024-08-05T00:09:36.743+0000] {logging_mixin.py:188} INFO - [2024-08-05T00:09:36.743+0000] {dagbag.py:545} INFO - Filling up the DagBag from /home/airflow/.local/lib/python3.12/site-packages/airflow/example_dags/example_short_circuit_decorator.py
[2024-08-05T00:09:36.750+0000] {processor.py:840} INFO - DAG(s) 'example_short_circuit_decorator' retrieved from /home/airflow/.local/lib/python3.12/site-packages/airflow/example_dags/example_short_circuit_decorator.py
[2024-08-05T00:09:36.769+0000] {logging_mixin.py:188} INFO - [2024-08-05T00:09:36.769+0000] {dag.py:3089} INFO - Sync 1 DAGs
[2024-08-05T00:09:36.787+0000] {logging_mixin.py:188} INFO - [2024-08-05T00:09:36.787+0000] {dag.py:3947} INFO - Setting next_dagrun for example_short_circuit_decorator to 2024-08-04 00:00:00+00:00, run_after=2024-08-05 00:00:00+00:00
[2024-08-05T00:09:36.803+0000] {processor.py:183} INFO - Processing /home/airflow/.local/lib/python3.12/site-packages/airflow/example_dags/example_short_circuit_decorator.py took 0.067 seconds
[2024-08-05T00:10:07.381+0000] {processor.py:161} INFO - Started process (PID=20986) to work on /home/airflow/.local/lib/python3.12/site-packages/airflow/example_dags/example_short_circuit_decorator.py
[2024-08-05T00:10:07.382+0000] {processor.py:830} INFO - Processing file /home/airflow/.local/lib/python3.12/site-packages/airflow/example_dags/example_short_circuit_decorator.py for tasks to queue
[2024-08-05T00:10:07.383+0000] {logging_mixin.py:188} INFO - [2024-08-05T00:10:07.383+0000] {dagbag.py:545} INFO - Filling up the DagBag from /home/airflow/.local/lib/python3.12/site-packages/airflow/example_dags/example_short_circuit_decorator.py
[2024-08-05T00:10:07.391+0000] {processor.py:840} INFO - DAG(s) 'example_short_circuit_decorator' retrieved from /home/airflow/.local/lib/python3.12/site-packages/airflow/example_dags/example_short_circuit_decorator.py
[2024-08-05T00:10:07.410+0000] {logging_mixin.py:188} INFO - [2024-08-05T00:10:07.410+0000] {dag.py:3089} INFO - Sync 1 DAGs
[2024-08-05T00:10:07.427+0000] {logging_mixin.py:188} INFO - [2024-08-05T00:10:07.427+0000] {dag.py:3947} INFO - Setting next_dagrun for example_short_circuit_decorator to 2024-08-04 00:00:00+00:00, run_after=2024-08-05 00:00:00+00:00
[2024-08-05T00:10:07.442+0000] {processor.py:183} INFO - Processing /home/airflow/.local/lib/python3.12/site-packages/airflow/example_dags/example_short_circuit_decorator.py took 0.065 seconds
[2024-08-05T00:10:38.132+0000] {processor.py:161} INFO - Started process (PID=21261) to work on /home/airflow/.local/lib/python3.12/site-packages/airflow/example_dags/example_short_circuit_decorator.py
[2024-08-05T00:10:38.133+0000] {processor.py:830} INFO - Processing file /home/airflow/.local/lib/python3.12/site-packages/airflow/example_dags/example_short_circuit_decorator.py for tasks to queue
[2024-08-05T00:10:38.134+0000] {logging_mixin.py:188} INFO - [2024-08-05T00:10:38.134+0000] {dagbag.py:545} INFO - Filling up the DagBag from /home/airflow/.local/lib/python3.12/site-packages/airflow/example_dags/example_short_circuit_decorator.py
[2024-08-05T00:10:38.142+0000] {processor.py:840} INFO - DAG(s) 'example_short_circuit_decorator' retrieved from /home/airflow/.local/lib/python3.12/site-packages/airflow/example_dags/example_short_circuit_decorator.py
[2024-08-05T00:10:38.163+0000] {logging_mixin.py:188} INFO - [2024-08-05T00:10:38.163+0000] {dag.py:3089} INFO - Sync 1 DAGs
[2024-08-05T00:10:38.183+0000] {logging_mixin.py:188} INFO - [2024-08-05T00:10:38.183+0000] {dag.py:3947} INFO - Setting next_dagrun for example_short_circuit_decorator to 2024-08-04 00:00:00+00:00, run_after=2024-08-05 00:00:00+00:00
[2024-08-05T00:10:38.199+0000] {processor.py:183} INFO - Processing /home/airflow/.local/lib/python3.12/site-packages/airflow/example_dags/example_short_circuit_decorator.py took 0.072 seconds
[2024-08-05T00:11:08.869+0000] {processor.py:161} INFO - Started process (PID=21533) to work on /home/airflow/.local/lib/python3.12/site-packages/airflow/example_dags/example_short_circuit_decorator.py
[2024-08-05T00:11:08.870+0000] {processor.py:830} INFO - Processing file /home/airflow/.local/lib/python3.12/site-packages/airflow/example_dags/example_short_circuit_decorator.py for tasks to queue
[2024-08-05T00:11:08.872+0000] {logging_mixin.py:188} INFO - [2024-08-05T00:11:08.871+0000] {dagbag.py:545} INFO - Filling up the DagBag from /home/airflow/.local/lib/python3.12/site-packages/airflow/example_dags/example_short_circuit_decorator.py
[2024-08-05T00:11:08.879+0000] {processor.py:840} INFO - DAG(s) 'example_short_circuit_decorator' retrieved from /home/airflow/.local/lib/python3.12/site-packages/airflow/example_dags/example_short_circuit_decorator.py
[2024-08-05T00:11:08.899+0000] {logging_mixin.py:188} INFO - [2024-08-05T00:11:08.899+0000] {dag.py:3089} INFO - Sync 1 DAGs
[2024-08-05T00:11:08.918+0000] {logging_mixin.py:188} INFO - [2024-08-05T00:11:08.917+0000] {dag.py:3947} INFO - Setting next_dagrun for example_short_circuit_decorator to 2024-08-04 00:00:00+00:00, run_after=2024-08-05 00:00:00+00:00
[2024-08-05T00:11:08.933+0000] {processor.py:183} INFO - Processing /home/airflow/.local/lib/python3.12/site-packages/airflow/example_dags/example_short_circuit_decorator.py took 0.069 seconds
[2024-08-05T00:11:39.776+0000] {processor.py:161} INFO - Started process (PID=21805) to work on /home/airflow/.local/lib/python3.12/site-packages/airflow/example_dags/example_short_circuit_decorator.py
[2024-08-05T00:11:39.777+0000] {processor.py:830} INFO - Processing file /home/airflow/.local/lib/python3.12/site-packages/airflow/example_dags/example_short_circuit_decorator.py for tasks to queue
[2024-08-05T00:11:39.778+0000] {logging_mixin.py:188} INFO - [2024-08-05T00:11:39.778+0000] {dagbag.py:545} INFO - Filling up the DagBag from /home/airflow/.local/lib/python3.12/site-packages/airflow/example_dags/example_short_circuit_decorator.py
[2024-08-05T00:11:39.786+0000] {processor.py:840} INFO - DAG(s) 'example_short_circuit_decorator' retrieved from /home/airflow/.local/lib/python3.12/site-packages/airflow/example_dags/example_short_circuit_decorator.py
[2024-08-05T00:11:39.807+0000] {logging_mixin.py:188} INFO - [2024-08-05T00:11:39.806+0000] {dag.py:3089} INFO - Sync 1 DAGs
[2024-08-05T00:11:39.825+0000] {logging_mixin.py:188} INFO - [2024-08-05T00:11:39.825+0000] {dag.py:3947} INFO - Setting next_dagrun for example_short_circuit_decorator to 2024-08-04 00:00:00+00:00, run_after=2024-08-05 00:00:00+00:00
[2024-08-05T00:11:39.842+0000] {processor.py:183} INFO - Processing /home/airflow/.local/lib/python3.12/site-packages/airflow/example_dags/example_short_circuit_decorator.py took 0.071 seconds
[2024-08-05T00:12:10.004+0000] {processor.py:161} INFO - Started process (PID=22077) to work on /home/airflow/.local/lib/python3.12/site-packages/airflow/example_dags/example_short_circuit_decorator.py
[2024-08-05T00:12:10.005+0000] {processor.py:830} INFO - Processing file /home/airflow/.local/lib/python3.12/site-packages/airflow/example_dags/example_short_circuit_decorator.py for tasks to queue
[2024-08-05T00:12:10.007+0000] {logging_mixin.py:188} INFO - [2024-08-05T00:12:10.006+0000] {dagbag.py:545} INFO - Filling up the DagBag from /home/airflow/.local/lib/python3.12/site-packages/airflow/example_dags/example_short_circuit_decorator.py
[2024-08-05T00:12:10.014+0000] {processor.py:840} INFO - DAG(s) 'example_short_circuit_decorator' retrieved from /home/airflow/.local/lib/python3.12/site-packages/airflow/example_dags/example_short_circuit_decorator.py
[2024-08-05T00:12:10.038+0000] {logging_mixin.py:188} INFO - [2024-08-05T00:12:10.038+0000] {dag.py:3089} INFO - Sync 1 DAGs
[2024-08-05T00:12:10.060+0000] {logging_mixin.py:188} INFO - [2024-08-05T00:12:10.060+0000] {dag.py:3947} INFO - Setting next_dagrun for example_short_circuit_decorator to 2024-08-04 00:00:00+00:00, run_after=2024-08-05 00:00:00+00:00
[2024-08-05T00:12:10.077+0000] {processor.py:183} INFO - Processing /home/airflow/.local/lib/python3.12/site-packages/airflow/example_dags/example_short_circuit_decorator.py took 0.079 seconds
[2024-08-05T00:12:40.260+0000] {processor.py:161} INFO - Started process (PID=22349) to work on /home/airflow/.local/lib/python3.12/site-packages/airflow/example_dags/example_short_circuit_decorator.py
[2024-08-05T00:12:40.261+0000] {processor.py:830} INFO - Processing file /home/airflow/.local/lib/python3.12/site-packages/airflow/example_dags/example_short_circuit_decorator.py for tasks to queue
[2024-08-05T00:12:40.263+0000] {logging_mixin.py:188} INFO - [2024-08-05T00:12:40.262+0000] {dagbag.py:545} INFO - Filling up the DagBag from /home/airflow/.local/lib/python3.12/site-packages/airflow/example_dags/example_short_circuit_decorator.py
[2024-08-05T00:12:40.271+0000] {processor.py:840} INFO - DAG(s) 'example_short_circuit_decorator' retrieved from /home/airflow/.local/lib/python3.12/site-packages/airflow/example_dags/example_short_circuit_decorator.py
[2024-08-05T00:12:40.294+0000] {logging_mixin.py:188} INFO - [2024-08-05T00:12:40.294+0000] {dag.py:3089} INFO - Sync 1 DAGs
[2024-08-05T00:12:40.315+0000] {logging_mixin.py:188} INFO - [2024-08-05T00:12:40.315+0000] {dag.py:3947} INFO - Setting next_dagrun for example_short_circuit_decorator to 2024-08-04 00:00:00+00:00, run_after=2024-08-05 00:00:00+00:00
[2024-08-05T00:12:40.333+0000] {processor.py:183} INFO - Processing /home/airflow/.local/lib/python3.12/site-packages/airflow/example_dags/example_short_circuit_decorator.py took 0.078 seconds
[2024-08-05T00:13:10.498+0000] {processor.py:161} INFO - Started process (PID=22621) to work on /home/airflow/.local/lib/python3.12/site-packages/airflow/example_dags/example_short_circuit_decorator.py
[2024-08-05T00:13:10.498+0000] {processor.py:830} INFO - Processing file /home/airflow/.local/lib/python3.12/site-packages/airflow/example_dags/example_short_circuit_decorator.py for tasks to queue
[2024-08-05T00:13:10.500+0000] {logging_mixin.py:188} INFO - [2024-08-05T00:13:10.500+0000] {dagbag.py:545} INFO - Filling up the DagBag from /home/airflow/.local/lib/python3.12/site-packages/airflow/example_dags/example_short_circuit_decorator.py
[2024-08-05T00:13:10.509+0000] {processor.py:840} INFO - DAG(s) 'example_short_circuit_decorator' retrieved from /home/airflow/.local/lib/python3.12/site-packages/airflow/example_dags/example_short_circuit_decorator.py
[2024-08-05T00:13:10.529+0000] {logging_mixin.py:188} INFO - [2024-08-05T00:13:10.529+0000] {dag.py:3089} INFO - Sync 1 DAGs
[2024-08-05T00:13:10.548+0000] {logging_mixin.py:188} INFO - [2024-08-05T00:13:10.548+0000] {dag.py:3947} INFO - Setting next_dagrun for example_short_circuit_decorator to 2024-08-04 00:00:00+00:00, run_after=2024-08-05 00:00:00+00:00
[2024-08-05T00:13:10.565+0000] {processor.py:183} INFO - Processing /home/airflow/.local/lib/python3.12/site-packages/airflow/example_dags/example_short_circuit_decorator.py took 0.073 seconds
[2024-08-05T00:13:41.436+0000] {processor.py:161} INFO - Started process (PID=22891) to work on /home/airflow/.local/lib/python3.12/site-packages/airflow/example_dags/example_short_circuit_decorator.py
[2024-08-05T00:13:41.447+0000] {processor.py:830} INFO - Processing file /home/airflow/.local/lib/python3.12/site-packages/airflow/example_dags/example_short_circuit_decorator.py for tasks to queue
[2024-08-05T00:13:41.449+0000] {logging_mixin.py:188} INFO - [2024-08-05T00:13:41.449+0000] {dagbag.py:545} INFO - Filling up the DagBag from /home/airflow/.local/lib/python3.12/site-packages/airflow/example_dags/example_short_circuit_decorator.py
[2024-08-05T00:13:41.480+0000] {processor.py:840} INFO - DAG(s) 'example_short_circuit_decorator' retrieved from /home/airflow/.local/lib/python3.12/site-packages/airflow/example_dags/example_short_circuit_decorator.py
[2024-08-05T00:13:41.550+0000] {logging_mixin.py:188} INFO - [2024-08-05T00:13:41.549+0000] {dag.py:3089} INFO - Sync 1 DAGs
[2024-08-05T00:13:41.621+0000] {logging_mixin.py:188} INFO - [2024-08-05T00:13:41.620+0000] {dag.py:3947} INFO - Setting next_dagrun for example_short_circuit_decorator to 2024-08-04 00:00:00+00:00, run_after=2024-08-05 00:00:00+00:00
[2024-08-05T00:13:41.678+0000] {processor.py:183} INFO - Processing /home/airflow/.local/lib/python3.12/site-packages/airflow/example_dags/example_short_circuit_decorator.py took 0.253 seconds
[2024-08-05T00:14:12.381+0000] {processor.py:161} INFO - Started process (PID=23165) to work on /home/airflow/.local/lib/python3.12/site-packages/airflow/example_dags/example_short_circuit_decorator.py
[2024-08-05T00:14:12.382+0000] {processor.py:830} INFO - Processing file /home/airflow/.local/lib/python3.12/site-packages/airflow/example_dags/example_short_circuit_decorator.py for tasks to queue
[2024-08-05T00:14:12.384+0000] {logging_mixin.py:188} INFO - [2024-08-05T00:14:12.384+0000] {dagbag.py:545} INFO - Filling up the DagBag from /home/airflow/.local/lib/python3.12/site-packages/airflow/example_dags/example_short_circuit_decorator.py
[2024-08-05T00:14:12.395+0000] {processor.py:840} INFO - DAG(s) 'example_short_circuit_decorator' retrieved from /home/airflow/.local/lib/python3.12/site-packages/airflow/example_dags/example_short_circuit_decorator.py
[2024-08-05T00:14:12.420+0000] {logging_mixin.py:188} INFO - [2024-08-05T00:14:12.419+0000] {dag.py:3089} INFO - Sync 1 DAGs
[2024-08-05T00:14:12.450+0000] {logging_mixin.py:188} INFO - [2024-08-05T00:14:12.450+0000] {dag.py:3947} INFO - Setting next_dagrun for example_short_circuit_decorator to 2024-08-04 00:00:00+00:00, run_after=2024-08-05 00:00:00+00:00
[2024-08-05T00:14:12.468+0000] {processor.py:183} INFO - Processing /home/airflow/.local/lib/python3.12/site-packages/airflow/example_dags/example_short_circuit_decorator.py took 0.093 seconds
[2024-08-05T00:14:42.695+0000] {processor.py:161} INFO - Started process (PID=23442) to work on /home/airflow/.local/lib/python3.12/site-packages/airflow/example_dags/example_short_circuit_decorator.py
[2024-08-05T00:14:42.696+0000] {processor.py:830} INFO - Processing file /home/airflow/.local/lib/python3.12/site-packages/airflow/example_dags/example_short_circuit_decorator.py for tasks to queue
[2024-08-05T00:14:42.698+0000] {logging_mixin.py:188} INFO - [2024-08-05T00:14:42.697+0000] {dagbag.py:545} INFO - Filling up the DagBag from /home/airflow/.local/lib/python3.12/site-packages/airflow/example_dags/example_short_circuit_decorator.py
[2024-08-05T00:14:42.707+0000] {processor.py:840} INFO - DAG(s) 'example_short_circuit_decorator' retrieved from /home/airflow/.local/lib/python3.12/site-packages/airflow/example_dags/example_short_circuit_decorator.py
[2024-08-05T00:14:42.730+0000] {logging_mixin.py:188} INFO - [2024-08-05T00:14:42.730+0000] {dag.py:3089} INFO - Sync 1 DAGs
[2024-08-05T00:14:42.751+0000] {logging_mixin.py:188} INFO - [2024-08-05T00:14:42.751+0000] {dag.py:3947} INFO - Setting next_dagrun for example_short_circuit_decorator to 2024-08-04 00:00:00+00:00, run_after=2024-08-05 00:00:00+00:00
[2024-08-05T00:14:42.768+0000] {processor.py:183} INFO - Processing /home/airflow/.local/lib/python3.12/site-packages/airflow/example_dags/example_short_circuit_decorator.py took 0.078 seconds
[2024-08-05T00:15:12.895+0000] {processor.py:161} INFO - Started process (PID=23714) to work on /home/airflow/.local/lib/python3.12/site-packages/airflow/example_dags/example_short_circuit_decorator.py
[2024-08-05T00:15:12.896+0000] {processor.py:830} INFO - Processing file /home/airflow/.local/lib/python3.12/site-packages/airflow/example_dags/example_short_circuit_decorator.py for tasks to queue
[2024-08-05T00:15:12.897+0000] {logging_mixin.py:188} INFO - [2024-08-05T00:15:12.897+0000] {dagbag.py:545} INFO - Filling up the DagBag from /home/airflow/.local/lib/python3.12/site-packages/airflow/example_dags/example_short_circuit_decorator.py
[2024-08-05T00:15:12.907+0000] {processor.py:840} INFO - DAG(s) 'example_short_circuit_decorator' retrieved from /home/airflow/.local/lib/python3.12/site-packages/airflow/example_dags/example_short_circuit_decorator.py
[2024-08-05T00:15:12.928+0000] {logging_mixin.py:188} INFO - [2024-08-05T00:15:12.928+0000] {dag.py:3089} INFO - Sync 1 DAGs
[2024-08-05T00:15:12.944+0000] {logging_mixin.py:188} INFO - [2024-08-05T00:15:12.943+0000] {dag.py:3947} INFO - Setting next_dagrun for example_short_circuit_decorator to 2024-08-04 00:00:00+00:00, run_after=2024-08-05 00:00:00+00:00
[2024-08-05T00:15:12.961+0000] {processor.py:183} INFO - Processing /home/airflow/.local/lib/python3.12/site-packages/airflow/example_dags/example_short_circuit_decorator.py took 0.071 seconds
[2024-08-05T00:15:43.147+0000] {processor.py:161} INFO - Started process (PID=23986) to work on /home/airflow/.local/lib/python3.12/site-packages/airflow/example_dags/example_short_circuit_decorator.py
[2024-08-05T00:15:43.148+0000] {processor.py:830} INFO - Processing file /home/airflow/.local/lib/python3.12/site-packages/airflow/example_dags/example_short_circuit_decorator.py for tasks to queue
[2024-08-05T00:15:43.150+0000] {logging_mixin.py:188} INFO - [2024-08-05T00:15:43.150+0000] {dagbag.py:545} INFO - Filling up the DagBag from /home/airflow/.local/lib/python3.12/site-packages/airflow/example_dags/example_short_circuit_decorator.py
[2024-08-05T00:15:43.158+0000] {processor.py:840} INFO - DAG(s) 'example_short_circuit_decorator' retrieved from /home/airflow/.local/lib/python3.12/site-packages/airflow/example_dags/example_short_circuit_decorator.py
[2024-08-05T00:15:43.182+0000] {logging_mixin.py:188} INFO - [2024-08-05T00:15:43.182+0000] {dag.py:3089} INFO - Sync 1 DAGs
[2024-08-05T00:15:43.201+0000] {logging_mixin.py:188} INFO - [2024-08-05T00:15:43.201+0000] {dag.py:3947} INFO - Setting next_dagrun for example_short_circuit_decorator to 2024-08-04 00:00:00+00:00, run_after=2024-08-05 00:00:00+00:00
[2024-08-05T00:15:43.220+0000] {processor.py:183} INFO - Processing /home/airflow/.local/lib/python3.12/site-packages/airflow/example_dags/example_short_circuit_decorator.py took 0.078 seconds
[2024-08-05T00:16:13.696+0000] {processor.py:161} INFO - Started process (PID=24253) to work on /home/airflow/.local/lib/python3.12/site-packages/airflow/example_dags/example_short_circuit_decorator.py
[2024-08-05T00:16:13.697+0000] {processor.py:830} INFO - Processing file /home/airflow/.local/lib/python3.12/site-packages/airflow/example_dags/example_short_circuit_decorator.py for tasks to queue
[2024-08-05T00:16:13.699+0000] {logging_mixin.py:188} INFO - [2024-08-05T00:16:13.699+0000] {dagbag.py:545} INFO - Filling up the DagBag from /home/airflow/.local/lib/python3.12/site-packages/airflow/example_dags/example_short_circuit_decorator.py
[2024-08-05T00:16:13.709+0000] {processor.py:840} INFO - DAG(s) 'example_short_circuit_decorator' retrieved from /home/airflow/.local/lib/python3.12/site-packages/airflow/example_dags/example_short_circuit_decorator.py
[2024-08-05T00:16:13.738+0000] {logging_mixin.py:188} INFO - [2024-08-05T00:16:13.738+0000] {dag.py:3089} INFO - Sync 1 DAGs
[2024-08-05T00:16:13.760+0000] {logging_mixin.py:188} INFO - [2024-08-05T00:16:13.759+0000] {dag.py:3947} INFO - Setting next_dagrun for example_short_circuit_decorator to 2024-08-04 00:00:00+00:00, run_after=2024-08-05 00:00:00+00:00
[2024-08-05T00:16:13.779+0000] {processor.py:183} INFO - Processing /home/airflow/.local/lib/python3.12/site-packages/airflow/example_dags/example_short_circuit_decorator.py took 0.088 seconds
[2024-08-05T00:16:44.002+0000] {processor.py:161} INFO - Started process (PID=24525) to work on /home/airflow/.local/lib/python3.12/site-packages/airflow/example_dags/example_short_circuit_decorator.py
[2024-08-05T00:16:44.004+0000] {processor.py:830} INFO - Processing file /home/airflow/.local/lib/python3.12/site-packages/airflow/example_dags/example_short_circuit_decorator.py for tasks to queue
[2024-08-05T00:16:44.006+0000] {logging_mixin.py:188} INFO - [2024-08-05T00:16:44.006+0000] {dagbag.py:545} INFO - Filling up the DagBag from /home/airflow/.local/lib/python3.12/site-packages/airflow/example_dags/example_short_circuit_decorator.py
[2024-08-05T00:16:44.014+0000] {processor.py:840} INFO - DAG(s) 'example_short_circuit_decorator' retrieved from /home/airflow/.local/lib/python3.12/site-packages/airflow/example_dags/example_short_circuit_decorator.py
[2024-08-05T00:16:44.035+0000] {logging_mixin.py:188} INFO - [2024-08-05T00:16:44.034+0000] {dag.py:3089} INFO - Sync 1 DAGs
[2024-08-05T00:16:44.056+0000] {logging_mixin.py:188} INFO - [2024-08-05T00:16:44.056+0000] {dag.py:3947} INFO - Setting next_dagrun for example_short_circuit_decorator to 2024-08-04 00:00:00+00:00, run_after=2024-08-05 00:00:00+00:00
[2024-08-05T00:16:44.074+0000] {processor.py:183} INFO - Processing /home/airflow/.local/lib/python3.12/site-packages/airflow/example_dags/example_short_circuit_decorator.py took 0.080 seconds
[2024-08-05T00:17:14.350+0000] {processor.py:161} INFO - Started process (PID=24797) to work on /home/airflow/.local/lib/python3.12/site-packages/airflow/example_dags/example_short_circuit_decorator.py
[2024-08-05T00:17:14.351+0000] {processor.py:830} INFO - Processing file /home/airflow/.local/lib/python3.12/site-packages/airflow/example_dags/example_short_circuit_decorator.py for tasks to queue
[2024-08-05T00:17:14.353+0000] {logging_mixin.py:188} INFO - [2024-08-05T00:17:14.352+0000] {dagbag.py:545} INFO - Filling up the DagBag from /home/airflow/.local/lib/python3.12/site-packages/airflow/example_dags/example_short_circuit_decorator.py
[2024-08-05T00:17:14.361+0000] {processor.py:840} INFO - DAG(s) 'example_short_circuit_decorator' retrieved from /home/airflow/.local/lib/python3.12/site-packages/airflow/example_dags/example_short_circuit_decorator.py
[2024-08-05T00:17:14.384+0000] {logging_mixin.py:188} INFO - [2024-08-05T00:17:14.384+0000] {dag.py:3089} INFO - Sync 1 DAGs
[2024-08-05T00:17:14.404+0000] {logging_mixin.py:188} INFO - [2024-08-05T00:17:14.404+0000] {dag.py:3947} INFO - Setting next_dagrun for example_short_circuit_decorator to 2024-08-04 00:00:00+00:00, run_after=2024-08-05 00:00:00+00:00
[2024-08-05T00:17:14.422+0000] {processor.py:183} INFO - Processing /home/airflow/.local/lib/python3.12/site-packages/airflow/example_dags/example_short_circuit_decorator.py took 0.077 seconds
[2024-08-05T00:17:44.680+0000] {processor.py:161} INFO - Started process (PID=25069) to work on /home/airflow/.local/lib/python3.12/site-packages/airflow/example_dags/example_short_circuit_decorator.py
[2024-08-05T00:17:44.681+0000] {processor.py:830} INFO - Processing file /home/airflow/.local/lib/python3.12/site-packages/airflow/example_dags/example_short_circuit_decorator.py for tasks to queue
[2024-08-05T00:17:44.683+0000] {logging_mixin.py:188} INFO - [2024-08-05T00:17:44.682+0000] {dagbag.py:545} INFO - Filling up the DagBag from /home/airflow/.local/lib/python3.12/site-packages/airflow/example_dags/example_short_circuit_decorator.py
[2024-08-05T00:17:44.689+0000] {processor.py:840} INFO - DAG(s) 'example_short_circuit_decorator' retrieved from /home/airflow/.local/lib/python3.12/site-packages/airflow/example_dags/example_short_circuit_decorator.py
[2024-08-05T00:17:44.711+0000] {logging_mixin.py:188} INFO - [2024-08-05T00:17:44.711+0000] {dag.py:3089} INFO - Sync 1 DAGs
[2024-08-05T00:17:44.730+0000] {logging_mixin.py:188} INFO - [2024-08-05T00:17:44.730+0000] {dag.py:3947} INFO - Setting next_dagrun for example_short_circuit_decorator to 2024-08-04 00:00:00+00:00, run_after=2024-08-05 00:00:00+00:00
[2024-08-05T00:17:44.747+0000] {processor.py:183} INFO - Processing /home/airflow/.local/lib/python3.12/site-packages/airflow/example_dags/example_short_circuit_decorator.py took 0.074 seconds
[2024-08-05T00:18:14.967+0000] {processor.py:161} INFO - Started process (PID=25341) to work on /home/airflow/.local/lib/python3.12/site-packages/airflow/example_dags/example_short_circuit_decorator.py
[2024-08-05T00:18:14.968+0000] {processor.py:830} INFO - Processing file /home/airflow/.local/lib/python3.12/site-packages/airflow/example_dags/example_short_circuit_decorator.py for tasks to queue
[2024-08-05T00:18:14.970+0000] {logging_mixin.py:188} INFO - [2024-08-05T00:18:14.969+0000] {dagbag.py:545} INFO - Filling up the DagBag from /home/airflow/.local/lib/python3.12/site-packages/airflow/example_dags/example_short_circuit_decorator.py
[2024-08-05T00:18:14.977+0000] {processor.py:840} INFO - DAG(s) 'example_short_circuit_decorator' retrieved from /home/airflow/.local/lib/python3.12/site-packages/airflow/example_dags/example_short_circuit_decorator.py
[2024-08-05T00:18:14.998+0000] {logging_mixin.py:188} INFO - [2024-08-05T00:18:14.998+0000] {dag.py:3089} INFO - Sync 1 DAGs
[2024-08-05T00:18:15.018+0000] {logging_mixin.py:188} INFO - [2024-08-05T00:18:15.018+0000] {dag.py:3947} INFO - Setting next_dagrun for example_short_circuit_decorator to 2024-08-04 00:00:00+00:00, run_after=2024-08-05 00:00:00+00:00
[2024-08-05T00:18:15.034+0000] {processor.py:183} INFO - Processing /home/airflow/.local/lib/python3.12/site-packages/airflow/example_dags/example_short_circuit_decorator.py took 0.073 seconds
[2024-08-05T00:18:45.113+0000] {processor.py:161} INFO - Started process (PID=25613) to work on /home/airflow/.local/lib/python3.12/site-packages/airflow/example_dags/example_short_circuit_decorator.py
[2024-08-05T00:18:45.114+0000] {processor.py:830} INFO - Processing file /home/airflow/.local/lib/python3.12/site-packages/airflow/example_dags/example_short_circuit_decorator.py for tasks to queue
[2024-08-05T00:18:45.116+0000] {logging_mixin.py:188} INFO - [2024-08-05T00:18:45.115+0000] {dagbag.py:545} INFO - Filling up the DagBag from /home/airflow/.local/lib/python3.12/site-packages/airflow/example_dags/example_short_circuit_decorator.py
[2024-08-05T00:18:45.123+0000] {processor.py:840} INFO - DAG(s) 'example_short_circuit_decorator' retrieved from /home/airflow/.local/lib/python3.12/site-packages/airflow/example_dags/example_short_circuit_decorator.py
[2024-08-05T00:18:45.144+0000] {logging_mixin.py:188} INFO - [2024-08-05T00:18:45.144+0000] {dag.py:3089} INFO - Sync 1 DAGs
[2024-08-05T00:18:45.166+0000] {logging_mixin.py:188} INFO - [2024-08-05T00:18:45.165+0000] {dag.py:3947} INFO - Setting next_dagrun for example_short_circuit_decorator to 2024-08-04 00:00:00+00:00, run_after=2024-08-05 00:00:00+00:00
[2024-08-05T00:18:45.182+0000] {processor.py:183} INFO - Processing /home/airflow/.local/lib/python3.12/site-packages/airflow/example_dags/example_short_circuit_decorator.py took 0.075 seconds
[2024-08-05T00:19:15.352+0000] {processor.py:161} INFO - Started process (PID=25885) to work on /home/airflow/.local/lib/python3.12/site-packages/airflow/example_dags/example_short_circuit_decorator.py
[2024-08-05T00:19:15.352+0000] {processor.py:830} INFO - Processing file /home/airflow/.local/lib/python3.12/site-packages/airflow/example_dags/example_short_circuit_decorator.py for tasks to queue
[2024-08-05T00:19:15.354+0000] {logging_mixin.py:188} INFO - [2024-08-05T00:19:15.354+0000] {dagbag.py:545} INFO - Filling up the DagBag from /home/airflow/.local/lib/python3.12/site-packages/airflow/example_dags/example_short_circuit_decorator.py
[2024-08-05T00:19:15.361+0000] {processor.py:840} INFO - DAG(s) 'example_short_circuit_decorator' retrieved from /home/airflow/.local/lib/python3.12/site-packages/airflow/example_dags/example_short_circuit_decorator.py
[2024-08-05T00:19:15.383+0000] {logging_mixin.py:188} INFO - [2024-08-05T00:19:15.383+0000] {dag.py:3089} INFO - Sync 1 DAGs
[2024-08-05T00:19:15.404+0000] {logging_mixin.py:188} INFO - [2024-08-05T00:19:15.404+0000] {dag.py:3947} INFO - Setting next_dagrun for example_short_circuit_decorator to 2024-08-04 00:00:00+00:00, run_after=2024-08-05 00:00:00+00:00
[2024-08-05T00:19:15.420+0000] {processor.py:183} INFO - Processing /home/airflow/.local/lib/python3.12/site-packages/airflow/example_dags/example_short_circuit_decorator.py took 0.074 seconds
[2024-08-05T00:19:45.622+0000] {processor.py:161} INFO - Started process (PID=26157) to work on /home/airflow/.local/lib/python3.12/site-packages/airflow/example_dags/example_short_circuit_decorator.py
[2024-08-05T00:19:45.623+0000] {processor.py:830} INFO - Processing file /home/airflow/.local/lib/python3.12/site-packages/airflow/example_dags/example_short_circuit_decorator.py for tasks to queue
[2024-08-05T00:19:45.625+0000] {logging_mixin.py:188} INFO - [2024-08-05T00:19:45.625+0000] {dagbag.py:545} INFO - Filling up the DagBag from /home/airflow/.local/lib/python3.12/site-packages/airflow/example_dags/example_short_circuit_decorator.py
[2024-08-05T00:19:45.632+0000] {processor.py:840} INFO - DAG(s) 'example_short_circuit_decorator' retrieved from /home/airflow/.local/lib/python3.12/site-packages/airflow/example_dags/example_short_circuit_decorator.py
[2024-08-05T00:19:45.653+0000] {logging_mixin.py:188} INFO - [2024-08-05T00:19:45.653+0000] {dag.py:3089} INFO - Sync 1 DAGs
[2024-08-05T00:19:45.674+0000] {logging_mixin.py:188} INFO - [2024-08-05T00:19:45.674+0000] {dag.py:3947} INFO - Setting next_dagrun for example_short_circuit_decorator to 2024-08-04 00:00:00+00:00, run_after=2024-08-05 00:00:00+00:00
[2024-08-05T00:19:45.692+0000] {processor.py:183} INFO - Processing /home/airflow/.local/lib/python3.12/site-packages/airflow/example_dags/example_short_circuit_decorator.py took 0.075 seconds
[2024-08-05T00:20:15.859+0000] {processor.py:161} INFO - Started process (PID=26435) to work on /home/airflow/.local/lib/python3.12/site-packages/airflow/example_dags/example_short_circuit_decorator.py
[2024-08-05T00:20:15.860+0000] {processor.py:830} INFO - Processing file /home/airflow/.local/lib/python3.12/site-packages/airflow/example_dags/example_short_circuit_decorator.py for tasks to queue
[2024-08-05T00:20:15.862+0000] {logging_mixin.py:188} INFO - [2024-08-05T00:20:15.862+0000] {dagbag.py:545} INFO - Filling up the DagBag from /home/airflow/.local/lib/python3.12/site-packages/airflow/example_dags/example_short_circuit_decorator.py
[2024-08-05T00:20:15.869+0000] {processor.py:840} INFO - DAG(s) 'example_short_circuit_decorator' retrieved from /home/airflow/.local/lib/python3.12/site-packages/airflow/example_dags/example_short_circuit_decorator.py
[2024-08-05T00:20:15.891+0000] {logging_mixin.py:188} INFO - [2024-08-05T00:20:15.891+0000] {dag.py:3089} INFO - Sync 1 DAGs
[2024-08-05T00:20:15.912+0000] {logging_mixin.py:188} INFO - [2024-08-05T00:20:15.911+0000] {dag.py:3947} INFO - Setting next_dagrun for example_short_circuit_decorator to 2024-08-04 00:00:00+00:00, run_after=2024-08-05 00:00:00+00:00
[2024-08-05T00:20:15.929+0000] {processor.py:183} INFO - Processing /home/airflow/.local/lib/python3.12/site-packages/airflow/example_dags/example_short_circuit_decorator.py took 0.075 seconds
[2024-08-05T00:20:46.406+0000] {processor.py:161} INFO - Started process (PID=26710) to work on /home/airflow/.local/lib/python3.12/site-packages/airflow/example_dags/example_short_circuit_decorator.py
[2024-08-05T00:20:46.407+0000] {processor.py:830} INFO - Processing file /home/airflow/.local/lib/python3.12/site-packages/airflow/example_dags/example_short_circuit_decorator.py for tasks to queue
[2024-08-05T00:20:46.408+0000] {logging_mixin.py:188} INFO - [2024-08-05T00:20:46.408+0000] {dagbag.py:545} INFO - Filling up the DagBag from /home/airflow/.local/lib/python3.12/site-packages/airflow/example_dags/example_short_circuit_decorator.py
[2024-08-05T00:20:46.417+0000] {processor.py:840} INFO - DAG(s) 'example_short_circuit_decorator' retrieved from /home/airflow/.local/lib/python3.12/site-packages/airflow/example_dags/example_short_circuit_decorator.py
[2024-08-05T00:20:46.441+0000] {logging_mixin.py:188} INFO - [2024-08-05T00:20:46.441+0000] {dag.py:3089} INFO - Sync 1 DAGs
[2024-08-05T00:20:46.463+0000] {logging_mixin.py:188} INFO - [2024-08-05T00:20:46.463+0000] {dag.py:3947} INFO - Setting next_dagrun for example_short_circuit_decorator to 2024-08-04 00:00:00+00:00, run_after=2024-08-05 00:00:00+00:00
[2024-08-05T00:20:46.480+0000] {processor.py:183} INFO - Processing /home/airflow/.local/lib/python3.12/site-packages/airflow/example_dags/example_short_circuit_decorator.py took 0.079 seconds
[2024-08-05T00:21:16.913+0000] {processor.py:161} INFO - Started process (PID=26982) to work on /home/airflow/.local/lib/python3.12/site-packages/airflow/example_dags/example_short_circuit_decorator.py
[2024-08-05T00:21:16.914+0000] {processor.py:830} INFO - Processing file /home/airflow/.local/lib/python3.12/site-packages/airflow/example_dags/example_short_circuit_decorator.py for tasks to queue
[2024-08-05T00:21:16.915+0000] {logging_mixin.py:188} INFO - [2024-08-05T00:21:16.915+0000] {dagbag.py:545} INFO - Filling up the DagBag from /home/airflow/.local/lib/python3.12/site-packages/airflow/example_dags/example_short_circuit_decorator.py
[2024-08-05T00:21:16.923+0000] {processor.py:840} INFO - DAG(s) 'example_short_circuit_decorator' retrieved from /home/airflow/.local/lib/python3.12/site-packages/airflow/example_dags/example_short_circuit_decorator.py
[2024-08-05T00:21:16.945+0000] {logging_mixin.py:188} INFO - [2024-08-05T00:21:16.945+0000] {dag.py:3089} INFO - Sync 1 DAGs
[2024-08-05T00:21:16.965+0000] {logging_mixin.py:188} INFO - [2024-08-05T00:21:16.964+0000] {dag.py:3947} INFO - Setting next_dagrun for example_short_circuit_decorator to 2024-08-04 00:00:00+00:00, run_after=2024-08-05 00:00:00+00:00
[2024-08-05T00:21:16.983+0000] {processor.py:183} INFO - Processing /home/airflow/.local/lib/python3.12/site-packages/airflow/example_dags/example_short_circuit_decorator.py took 0.075 seconds
[2024-08-05T00:21:47.083+0000] {processor.py:161} INFO - Started process (PID=27254) to work on /home/airflow/.local/lib/python3.12/site-packages/airflow/example_dags/example_short_circuit_decorator.py
[2024-08-05T00:21:47.084+0000] {processor.py:830} INFO - Processing file /home/airflow/.local/lib/python3.12/site-packages/airflow/example_dags/example_short_circuit_decorator.py for tasks to queue
[2024-08-05T00:21:47.085+0000] {logging_mixin.py:188} INFO - [2024-08-05T00:21:47.085+0000] {dagbag.py:545} INFO - Filling up the DagBag from /home/airflow/.local/lib/python3.12/site-packages/airflow/example_dags/example_short_circuit_decorator.py
[2024-08-05T00:21:47.093+0000] {processor.py:840} INFO - DAG(s) 'example_short_circuit_decorator' retrieved from /home/airflow/.local/lib/python3.12/site-packages/airflow/example_dags/example_short_circuit_decorator.py
[2024-08-05T00:21:47.115+0000] {logging_mixin.py:188} INFO - [2024-08-05T00:21:47.115+0000] {dag.py:3089} INFO - Sync 1 DAGs
[2024-08-05T00:21:47.134+0000] {logging_mixin.py:188} INFO - [2024-08-05T00:21:47.134+0000] {dag.py:3947} INFO - Setting next_dagrun for example_short_circuit_decorator to 2024-08-04 00:00:00+00:00, run_after=2024-08-05 00:00:00+00:00
[2024-08-05T00:21:47.150+0000] {processor.py:183} INFO - Processing /home/airflow/.local/lib/python3.12/site-packages/airflow/example_dags/example_short_circuit_decorator.py took 0.072 seconds
[2024-08-05T00:22:17.474+0000] {processor.py:161} INFO - Started process (PID=27526) to work on /home/airflow/.local/lib/python3.12/site-packages/airflow/example_dags/example_short_circuit_decorator.py
[2024-08-05T00:22:17.475+0000] {processor.py:830} INFO - Processing file /home/airflow/.local/lib/python3.12/site-packages/airflow/example_dags/example_short_circuit_decorator.py for tasks to queue
[2024-08-05T00:22:17.476+0000] {logging_mixin.py:188} INFO - [2024-08-05T00:22:17.476+0000] {dagbag.py:545} INFO - Filling up the DagBag from /home/airflow/.local/lib/python3.12/site-packages/airflow/example_dags/example_short_circuit_decorator.py
[2024-08-05T00:22:17.483+0000] {processor.py:840} INFO - DAG(s) 'example_short_circuit_decorator' retrieved from /home/airflow/.local/lib/python3.12/site-packages/airflow/example_dags/example_short_circuit_decorator.py
[2024-08-05T00:22:17.505+0000] {logging_mixin.py:188} INFO - [2024-08-05T00:22:17.505+0000] {dag.py:3089} INFO - Sync 1 DAGs
[2024-08-05T00:22:17.524+0000] {logging_mixin.py:188} INFO - [2024-08-05T00:22:17.524+0000] {dag.py:3947} INFO - Setting next_dagrun for example_short_circuit_decorator to 2024-08-04 00:00:00+00:00, run_after=2024-08-05 00:00:00+00:00
[2024-08-05T00:22:17.541+0000] {processor.py:183} INFO - Processing /home/airflow/.local/lib/python3.12/site-packages/airflow/example_dags/example_short_circuit_decorator.py took 0.072 seconds
[2024-08-05T00:22:47.992+0000] {processor.py:161} INFO - Started process (PID=27798) to work on /home/airflow/.local/lib/python3.12/site-packages/airflow/example_dags/example_short_circuit_decorator.py
[2024-08-05T00:22:47.993+0000] {processor.py:830} INFO - Processing file /home/airflow/.local/lib/python3.12/site-packages/airflow/example_dags/example_short_circuit_decorator.py for tasks to queue
[2024-08-05T00:22:47.994+0000] {logging_mixin.py:188} INFO - [2024-08-05T00:22:47.994+0000] {dagbag.py:545} INFO - Filling up the DagBag from /home/airflow/.local/lib/python3.12/site-packages/airflow/example_dags/example_short_circuit_decorator.py
[2024-08-05T00:22:48.003+0000] {processor.py:840} INFO - DAG(s) 'example_short_circuit_decorator' retrieved from /home/airflow/.local/lib/python3.12/site-packages/airflow/example_dags/example_short_circuit_decorator.py
[2024-08-05T00:22:48.026+0000] {logging_mixin.py:188} INFO - [2024-08-05T00:22:48.026+0000] {dag.py:3089} INFO - Sync 1 DAGs
[2024-08-05T00:22:48.045+0000] {logging_mixin.py:188} INFO - [2024-08-05T00:22:48.045+0000] {dag.py:3947} INFO - Setting next_dagrun for example_short_circuit_decorator to 2024-08-04 00:00:00+00:00, run_after=2024-08-05 00:00:00+00:00
[2024-08-05T00:22:48.062+0000] {processor.py:183} INFO - Processing /home/airflow/.local/lib/python3.12/site-packages/airflow/example_dags/example_short_circuit_decorator.py took 0.075 seconds
[2024-08-05T00:23:18.573+0000] {processor.py:161} INFO - Started process (PID=28070) to work on /home/airflow/.local/lib/python3.12/site-packages/airflow/example_dags/example_short_circuit_decorator.py
[2024-08-05T00:23:18.574+0000] {processor.py:830} INFO - Processing file /home/airflow/.local/lib/python3.12/site-packages/airflow/example_dags/example_short_circuit_decorator.py for tasks to queue
[2024-08-05T00:23:18.575+0000] {logging_mixin.py:188} INFO - [2024-08-05T00:23:18.575+0000] {dagbag.py:545} INFO - Filling up the DagBag from /home/airflow/.local/lib/python3.12/site-packages/airflow/example_dags/example_short_circuit_decorator.py
[2024-08-05T00:23:18.582+0000] {processor.py:840} INFO - DAG(s) 'example_short_circuit_decorator' retrieved from /home/airflow/.local/lib/python3.12/site-packages/airflow/example_dags/example_short_circuit_decorator.py
[2024-08-05T00:23:18.602+0000] {logging_mixin.py:188} INFO - [2024-08-05T00:23:18.601+0000] {dag.py:3089} INFO - Sync 1 DAGs
[2024-08-05T00:23:18.624+0000] {logging_mixin.py:188} INFO - [2024-08-05T00:23:18.624+0000] {dag.py:3947} INFO - Setting next_dagrun for example_short_circuit_decorator to 2024-08-04 00:00:00+00:00, run_after=2024-08-05 00:00:00+00:00
[2024-08-05T00:23:18.639+0000] {processor.py:183} INFO - Processing /home/airflow/.local/lib/python3.12/site-packages/airflow/example_dags/example_short_circuit_decorator.py took 0.071 seconds
[2024-08-05T00:23:49.057+0000] {processor.py:161} INFO - Started process (PID=28342) to work on /home/airflow/.local/lib/python3.12/site-packages/airflow/example_dags/example_short_circuit_decorator.py
[2024-08-05T00:23:49.058+0000] {processor.py:830} INFO - Processing file /home/airflow/.local/lib/python3.12/site-packages/airflow/example_dags/example_short_circuit_decorator.py for tasks to queue
[2024-08-05T00:23:49.060+0000] {logging_mixin.py:188} INFO - [2024-08-05T00:23:49.059+0000] {dagbag.py:545} INFO - Filling up the DagBag from /home/airflow/.local/lib/python3.12/site-packages/airflow/example_dags/example_short_circuit_decorator.py
[2024-08-05T00:23:49.067+0000] {processor.py:840} INFO - DAG(s) 'example_short_circuit_decorator' retrieved from /home/airflow/.local/lib/python3.12/site-packages/airflow/example_dags/example_short_circuit_decorator.py
[2024-08-05T00:23:49.089+0000] {logging_mixin.py:188} INFO - [2024-08-05T00:23:49.089+0000] {dag.py:3089} INFO - Sync 1 DAGs
[2024-08-05T00:23:49.106+0000] {logging_mixin.py:188} INFO - [2024-08-05T00:23:49.106+0000] {dag.py:3947} INFO - Setting next_dagrun for example_short_circuit_decorator to 2024-08-04 00:00:00+00:00, run_after=2024-08-05 00:00:00+00:00
[2024-08-05T00:23:49.122+0000] {processor.py:183} INFO - Processing /home/airflow/.local/lib/python3.12/site-packages/airflow/example_dags/example_short_circuit_decorator.py took 0.069 seconds
[2024-08-05T00:24:19.301+0000] {processor.py:161} INFO - Started process (PID=28614) to work on /home/airflow/.local/lib/python3.12/site-packages/airflow/example_dags/example_short_circuit_decorator.py
[2024-08-05T00:24:19.301+0000] {processor.py:830} INFO - Processing file /home/airflow/.local/lib/python3.12/site-packages/airflow/example_dags/example_short_circuit_decorator.py for tasks to queue
[2024-08-05T00:24:19.303+0000] {logging_mixin.py:188} INFO - [2024-08-05T00:24:19.303+0000] {dagbag.py:545} INFO - Filling up the DagBag from /home/airflow/.local/lib/python3.12/site-packages/airflow/example_dags/example_short_circuit_decorator.py
[2024-08-05T00:24:19.408+0000] {processor.py:840} INFO - DAG(s) 'example_short_circuit_decorator' retrieved from /home/airflow/.local/lib/python3.12/site-packages/airflow/example_dags/example_short_circuit_decorator.py
[2024-08-05T00:24:19.424+0000] {logging_mixin.py:188} INFO - [2024-08-05T00:24:19.424+0000] {dag.py:3089} INFO - Sync 1 DAGs
[2024-08-05T00:24:19.439+0000] {logging_mixin.py:188} INFO - [2024-08-05T00:24:19.438+0000] {dag.py:3947} INFO - Setting next_dagrun for example_short_circuit_decorator to 2024-08-04 00:00:00+00:00, run_after=2024-08-05 00:00:00+00:00
[2024-08-05T00:24:19.450+0000] {processor.py:183} INFO - Processing /home/airflow/.local/lib/python3.12/site-packages/airflow/example_dags/example_short_circuit_decorator.py took 0.154 seconds
[2024-08-05T00:24:50.392+0000] {processor.py:161} INFO - Started process (PID=28886) to work on /home/airflow/.local/lib/python3.12/site-packages/airflow/example_dags/example_short_circuit_decorator.py
[2024-08-05T00:24:50.393+0000] {processor.py:830} INFO - Processing file /home/airflow/.local/lib/python3.12/site-packages/airflow/example_dags/example_short_circuit_decorator.py for tasks to queue
[2024-08-05T00:24:50.394+0000] {logging_mixin.py:188} INFO - [2024-08-05T00:24:50.394+0000] {dagbag.py:545} INFO - Filling up the DagBag from /home/airflow/.local/lib/python3.12/site-packages/airflow/example_dags/example_short_circuit_decorator.py
[2024-08-05T00:24:50.400+0000] {processor.py:840} INFO - DAG(s) 'example_short_circuit_decorator' retrieved from /home/airflow/.local/lib/python3.12/site-packages/airflow/example_dags/example_short_circuit_decorator.py
[2024-08-05T00:24:50.418+0000] {logging_mixin.py:188} INFO - [2024-08-05T00:24:50.417+0000] {dag.py:3089} INFO - Sync 1 DAGs
[2024-08-05T00:24:50.433+0000] {logging_mixin.py:188} INFO - [2024-08-05T00:24:50.433+0000] {dag.py:3947} INFO - Setting next_dagrun for example_short_circuit_decorator to 2024-08-04 00:00:00+00:00, run_after=2024-08-05 00:00:00+00:00
[2024-08-05T00:24:50.446+0000] {processor.py:183} INFO - Processing /home/airflow/.local/lib/python3.12/site-packages/airflow/example_dags/example_short_circuit_decorator.py took 0.058 seconds
