[2024-08-05T00:00:28.196+0000] {processor.py:161} INFO - Started process (PID=15761) to work on /home/airflow/.local/lib/python3.12/site-packages/airflow/example_dags/example_branch_labels.py
[2024-08-05T00:00:28.197+0000] {processor.py:830} INFO - Processing file /home/airflow/.local/lib/python3.12/site-packages/airflow/example_dags/example_branch_labels.py for tasks to queue
[2024-08-05T00:00:28.199+0000] {logging_mixin.py:188} INFO - [2024-08-05T00:00:28.198+0000] {dagbag.py:545} INFO - Filling up the DagBag from /home/airflow/.local/lib/python3.12/site-packages/airflow/example_dags/example_branch_labels.py
[2024-08-05T00:00:28.205+0000] {processor.py:840} INFO - DAG(s) 'example_branch_labels' retrieved from /home/airflow/.local/lib/python3.12/site-packages/airflow/example_dags/example_branch_labels.py
[2024-08-05T00:00:28.224+0000] {logging_mixin.py:188} INFO - [2024-08-05T00:00:28.224+0000] {dag.py:3089} INFO - Sync 1 DAGs
[2024-08-05T00:00:28.243+0000] {logging_mixin.py:188} INFO - [2024-08-05T00:00:28.243+0000] {dag.py:3947} INFO - Setting next_dagrun for example_branch_labels to 2024-08-04 00:00:00+00:00, run_after=2024-08-05 00:00:00+00:00
[2024-08-05T00:00:28.259+0000] {processor.py:183} INFO - Processing /home/airflow/.local/lib/python3.12/site-packages/airflow/example_dags/example_branch_labels.py took 0.067 seconds
[2024-08-05T00:00:58.912+0000] {processor.py:161} INFO - Started process (PID=16033) to work on /home/airflow/.local/lib/python3.12/site-packages/airflow/example_dags/example_branch_labels.py
[2024-08-05T00:00:58.913+0000] {processor.py:830} INFO - Processing file /home/airflow/.local/lib/python3.12/site-packages/airflow/example_dags/example_branch_labels.py for tasks to queue
[2024-08-05T00:00:58.915+0000] {logging_mixin.py:188} INFO - [2024-08-05T00:00:58.914+0000] {dagbag.py:545} INFO - Filling up the DagBag from /home/airflow/.local/lib/python3.12/site-packages/airflow/example_dags/example_branch_labels.py
[2024-08-05T00:00:58.923+0000] {processor.py:840} INFO - DAG(s) 'example_branch_labels' retrieved from /home/airflow/.local/lib/python3.12/site-packages/airflow/example_dags/example_branch_labels.py
[2024-08-05T00:00:58.945+0000] {logging_mixin.py:188} INFO - [2024-08-05T00:00:58.945+0000] {dag.py:3089} INFO - Sync 1 DAGs
[2024-08-05T00:00:58.964+0000] {logging_mixin.py:188} INFO - [2024-08-05T00:00:58.964+0000] {dag.py:3947} INFO - Setting next_dagrun for example_branch_labels to 2024-08-04 00:00:00+00:00, run_after=2024-08-05 00:00:00+00:00
[2024-08-05T00:00:58.980+0000] {processor.py:183} INFO - Processing /home/airflow/.local/lib/python3.12/site-packages/airflow/example_dags/example_branch_labels.py took 0.073 seconds
[2024-08-05T00:01:29.063+0000] {processor.py:161} INFO - Started process (PID=16305) to work on /home/airflow/.local/lib/python3.12/site-packages/airflow/example_dags/example_branch_labels.py
[2024-08-05T00:01:29.064+0000] {processor.py:830} INFO - Processing file /home/airflow/.local/lib/python3.12/site-packages/airflow/example_dags/example_branch_labels.py for tasks to queue
[2024-08-05T00:01:29.065+0000] {logging_mixin.py:188} INFO - [2024-08-05T00:01:29.065+0000] {dagbag.py:545} INFO - Filling up the DagBag from /home/airflow/.local/lib/python3.12/site-packages/airflow/example_dags/example_branch_labels.py
[2024-08-05T00:01:29.072+0000] {processor.py:840} INFO - DAG(s) 'example_branch_labels' retrieved from /home/airflow/.local/lib/python3.12/site-packages/airflow/example_dags/example_branch_labels.py
[2024-08-05T00:01:29.092+0000] {logging_mixin.py:188} INFO - [2024-08-05T00:01:29.092+0000] {dag.py:3089} INFO - Sync 1 DAGs
[2024-08-05T00:01:29.111+0000] {logging_mixin.py:188} INFO - [2024-08-05T00:01:29.111+0000] {dag.py:3947} INFO - Setting next_dagrun for example_branch_labels to 2024-08-04 00:00:00+00:00, run_after=2024-08-05 00:00:00+00:00
[2024-08-05T00:01:29.126+0000] {processor.py:183} INFO - Processing /home/airflow/.local/lib/python3.12/site-packages/airflow/example_dags/example_branch_labels.py took 0.068 seconds
[2024-08-05T00:01:59.230+0000] {processor.py:161} INFO - Started process (PID=16577) to work on /home/airflow/.local/lib/python3.12/site-packages/airflow/example_dags/example_branch_labels.py
[2024-08-05T00:01:59.231+0000] {processor.py:830} INFO - Processing file /home/airflow/.local/lib/python3.12/site-packages/airflow/example_dags/example_branch_labels.py for tasks to queue
[2024-08-05T00:01:59.233+0000] {logging_mixin.py:188} INFO - [2024-08-05T00:01:59.232+0000] {dagbag.py:545} INFO - Filling up the DagBag from /home/airflow/.local/lib/python3.12/site-packages/airflow/example_dags/example_branch_labels.py
[2024-08-05T00:01:59.240+0000] {processor.py:840} INFO - DAG(s) 'example_branch_labels' retrieved from /home/airflow/.local/lib/python3.12/site-packages/airflow/example_dags/example_branch_labels.py
[2024-08-05T00:01:59.261+0000] {logging_mixin.py:188} INFO - [2024-08-05T00:01:59.260+0000] {dag.py:3089} INFO - Sync 1 DAGs
[2024-08-05T00:01:59.280+0000] {logging_mixin.py:188} INFO - [2024-08-05T00:01:59.280+0000] {dag.py:3947} INFO - Setting next_dagrun for example_branch_labels to 2024-08-04 00:00:00+00:00, run_after=2024-08-05 00:00:00+00:00
[2024-08-05T00:01:59.296+0000] {processor.py:183} INFO - Processing /home/airflow/.local/lib/python3.12/site-packages/airflow/example_dags/example_branch_labels.py took 0.071 seconds
[2024-08-05T00:02:29.473+0000] {processor.py:161} INFO - Started process (PID=16849) to work on /home/airflow/.local/lib/python3.12/site-packages/airflow/example_dags/example_branch_labels.py
[2024-08-05T00:02:29.474+0000] {processor.py:830} INFO - Processing file /home/airflow/.local/lib/python3.12/site-packages/airflow/example_dags/example_branch_labels.py for tasks to queue
[2024-08-05T00:02:29.475+0000] {logging_mixin.py:188} INFO - [2024-08-05T00:02:29.475+0000] {dagbag.py:545} INFO - Filling up the DagBag from /home/airflow/.local/lib/python3.12/site-packages/airflow/example_dags/example_branch_labels.py
[2024-08-05T00:02:29.481+0000] {processor.py:840} INFO - DAG(s) 'example_branch_labels' retrieved from /home/airflow/.local/lib/python3.12/site-packages/airflow/example_dags/example_branch_labels.py
[2024-08-05T00:02:29.501+0000] {logging_mixin.py:188} INFO - [2024-08-05T00:02:29.501+0000] {dag.py:3089} INFO - Sync 1 DAGs
[2024-08-05T00:02:29.522+0000] {logging_mixin.py:188} INFO - [2024-08-05T00:02:29.522+0000] {dag.py:3947} INFO - Setting next_dagrun for example_branch_labels to 2024-08-04 00:00:00+00:00, run_after=2024-08-05 00:00:00+00:00
[2024-08-05T00:02:29.540+0000] {processor.py:183} INFO - Processing /home/airflow/.local/lib/python3.12/site-packages/airflow/example_dags/example_branch_labels.py took 0.073 seconds
[2024-08-05T00:02:59.746+0000] {processor.py:161} INFO - Started process (PID=17121) to work on /home/airflow/.local/lib/python3.12/site-packages/airflow/example_dags/example_branch_labels.py
[2024-08-05T00:02:59.747+0000] {processor.py:830} INFO - Processing file /home/airflow/.local/lib/python3.12/site-packages/airflow/example_dags/example_branch_labels.py for tasks to queue
[2024-08-05T00:02:59.749+0000] {logging_mixin.py:188} INFO - [2024-08-05T00:02:59.748+0000] {dagbag.py:545} INFO - Filling up the DagBag from /home/airflow/.local/lib/python3.12/site-packages/airflow/example_dags/example_branch_labels.py
[2024-08-05T00:02:59.757+0000] {processor.py:840} INFO - DAG(s) 'example_branch_labels' retrieved from /home/airflow/.local/lib/python3.12/site-packages/airflow/example_dags/example_branch_labels.py
[2024-08-05T00:02:59.779+0000] {logging_mixin.py:188} INFO - [2024-08-05T00:02:59.779+0000] {dag.py:3089} INFO - Sync 1 DAGs
[2024-08-05T00:02:59.799+0000] {logging_mixin.py:188} INFO - [2024-08-05T00:02:59.799+0000] {dag.py:3947} INFO - Setting next_dagrun for example_branch_labels to 2024-08-04 00:00:00+00:00, run_after=2024-08-05 00:00:00+00:00
[2024-08-05T00:02:59.818+0000] {processor.py:183} INFO - Processing /home/airflow/.local/lib/python3.12/site-packages/airflow/example_dags/example_branch_labels.py took 0.076 seconds
[2024-08-05T00:03:30.147+0000] {processor.py:161} INFO - Started process (PID=17393) to work on /home/airflow/.local/lib/python3.12/site-packages/airflow/example_dags/example_branch_labels.py
[2024-08-05T00:03:30.148+0000] {processor.py:830} INFO - Processing file /home/airflow/.local/lib/python3.12/site-packages/airflow/example_dags/example_branch_labels.py for tasks to queue
[2024-08-05T00:03:30.150+0000] {logging_mixin.py:188} INFO - [2024-08-05T00:03:30.149+0000] {dagbag.py:545} INFO - Filling up the DagBag from /home/airflow/.local/lib/python3.12/site-packages/airflow/example_dags/example_branch_labels.py
[2024-08-05T00:03:30.156+0000] {processor.py:840} INFO - DAG(s) 'example_branch_labels' retrieved from /home/airflow/.local/lib/python3.12/site-packages/airflow/example_dags/example_branch_labels.py
[2024-08-05T00:03:30.176+0000] {logging_mixin.py:188} INFO - [2024-08-05T00:03:30.176+0000] {dag.py:3089} INFO - Sync 1 DAGs
[2024-08-05T00:03:30.195+0000] {logging_mixin.py:188} INFO - [2024-08-05T00:03:30.194+0000] {dag.py:3947} INFO - Setting next_dagrun for example_branch_labels to 2024-08-04 00:00:00+00:00, run_after=2024-08-05 00:00:00+00:00
[2024-08-05T00:03:30.211+0000] {processor.py:183} INFO - Processing /home/airflow/.local/lib/python3.12/site-packages/airflow/example_dags/example_branch_labels.py took 0.068 seconds
[2024-08-05T00:04:00.327+0000] {processor.py:161} INFO - Started process (PID=17665) to work on /home/airflow/.local/lib/python3.12/site-packages/airflow/example_dags/example_branch_labels.py
[2024-08-05T00:04:00.328+0000] {processor.py:830} INFO - Processing file /home/airflow/.local/lib/python3.12/site-packages/airflow/example_dags/example_branch_labels.py for tasks to queue
[2024-08-05T00:04:00.329+0000] {logging_mixin.py:188} INFO - [2024-08-05T00:04:00.329+0000] {dagbag.py:545} INFO - Filling up the DagBag from /home/airflow/.local/lib/python3.12/site-packages/airflow/example_dags/example_branch_labels.py
[2024-08-05T00:04:00.337+0000] {processor.py:840} INFO - DAG(s) 'example_branch_labels' retrieved from /home/airflow/.local/lib/python3.12/site-packages/airflow/example_dags/example_branch_labels.py
[2024-08-05T00:04:00.358+0000] {logging_mixin.py:188} INFO - [2024-08-05T00:04:00.358+0000] {dag.py:3089} INFO - Sync 1 DAGs
[2024-08-05T00:04:00.378+0000] {logging_mixin.py:188} INFO - [2024-08-05T00:04:00.378+0000] {dag.py:3947} INFO - Setting next_dagrun for example_branch_labels to 2024-08-04 00:00:00+00:00, run_after=2024-08-05 00:00:00+00:00
[2024-08-05T00:04:00.397+0000] {processor.py:183} INFO - Processing /home/airflow/.local/lib/python3.12/site-packages/airflow/example_dags/example_branch_labels.py took 0.075 seconds
[2024-08-05T00:04:31.235+0000] {processor.py:161} INFO - Started process (PID=17931) to work on /home/airflow/.local/lib/python3.12/site-packages/airflow/example_dags/example_branch_labels.py
[2024-08-05T00:04:31.236+0000] {processor.py:830} INFO - Processing file /home/airflow/.local/lib/python3.12/site-packages/airflow/example_dags/example_branch_labels.py for tasks to queue
[2024-08-05T00:04:31.238+0000] {logging_mixin.py:188} INFO - [2024-08-05T00:04:31.237+0000] {dagbag.py:545} INFO - Filling up the DagBag from /home/airflow/.local/lib/python3.12/site-packages/airflow/example_dags/example_branch_labels.py
[2024-08-05T00:04:31.243+0000] {processor.py:840} INFO - DAG(s) 'example_branch_labels' retrieved from /home/airflow/.local/lib/python3.12/site-packages/airflow/example_dags/example_branch_labels.py
[2024-08-05T00:04:31.264+0000] {logging_mixin.py:188} INFO - [2024-08-05T00:04:31.264+0000] {dag.py:3089} INFO - Sync 1 DAGs
[2024-08-05T00:04:31.285+0000] {logging_mixin.py:188} INFO - [2024-08-05T00:04:31.284+0000] {dag.py:3947} INFO - Setting next_dagrun for example_branch_labels to 2024-08-04 00:00:00+00:00, run_after=2024-08-05 00:00:00+00:00
[2024-08-05T00:04:31.301+0000] {processor.py:183} INFO - Processing /home/airflow/.local/lib/python3.12/site-packages/airflow/example_dags/example_branch_labels.py took 0.073 seconds
[2024-08-05T00:05:01.519+0000] {processor.py:161} INFO - Started process (PID=18203) to work on /home/airflow/.local/lib/python3.12/site-packages/airflow/example_dags/example_branch_labels.py
[2024-08-05T00:05:01.520+0000] {processor.py:830} INFO - Processing file /home/airflow/.local/lib/python3.12/site-packages/airflow/example_dags/example_branch_labels.py for tasks to queue
[2024-08-05T00:05:01.521+0000] {logging_mixin.py:188} INFO - [2024-08-05T00:05:01.521+0000] {dagbag.py:545} INFO - Filling up the DagBag from /home/airflow/.local/lib/python3.12/site-packages/airflow/example_dags/example_branch_labels.py
[2024-08-05T00:05:01.527+0000] {processor.py:840} INFO - DAG(s) 'example_branch_labels' retrieved from /home/airflow/.local/lib/python3.12/site-packages/airflow/example_dags/example_branch_labels.py
[2024-08-05T00:05:01.550+0000] {logging_mixin.py:188} INFO - [2024-08-05T00:05:01.550+0000] {dag.py:3089} INFO - Sync 1 DAGs
[2024-08-05T00:05:01.572+0000] {logging_mixin.py:188} INFO - [2024-08-05T00:05:01.571+0000] {dag.py:3947} INFO - Setting next_dagrun for example_branch_labels to 2024-08-04 00:00:00+00:00, run_after=2024-08-05 00:00:00+00:00
[2024-08-05T00:05:01.589+0000] {processor.py:183} INFO - Processing /home/airflow/.local/lib/python3.12/site-packages/airflow/example_dags/example_branch_labels.py took 0.076 seconds
[2024-08-05T00:05:31.741+0000] {processor.py:161} INFO - Started process (PID=18475) to work on /home/airflow/.local/lib/python3.12/site-packages/airflow/example_dags/example_branch_labels.py
[2024-08-05T00:05:31.741+0000] {processor.py:830} INFO - Processing file /home/airflow/.local/lib/python3.12/site-packages/airflow/example_dags/example_branch_labels.py for tasks to queue
[2024-08-05T00:05:31.743+0000] {logging_mixin.py:188} INFO - [2024-08-05T00:05:31.743+0000] {dagbag.py:545} INFO - Filling up the DagBag from /home/airflow/.local/lib/python3.12/site-packages/airflow/example_dags/example_branch_labels.py
[2024-08-05T00:05:31.750+0000] {processor.py:840} INFO - DAG(s) 'example_branch_labels' retrieved from /home/airflow/.local/lib/python3.12/site-packages/airflow/example_dags/example_branch_labels.py
[2024-08-05T00:05:31.772+0000] {logging_mixin.py:188} INFO - [2024-08-05T00:05:31.772+0000] {dag.py:3089} INFO - Sync 1 DAGs
[2024-08-05T00:05:31.794+0000] {logging_mixin.py:188} INFO - [2024-08-05T00:05:31.793+0000] {dag.py:3947} INFO - Setting next_dagrun for example_branch_labels to 2024-08-04 00:00:00+00:00, run_after=2024-08-05 00:00:00+00:00
[2024-08-05T00:05:31.814+0000] {processor.py:183} INFO - Processing /home/airflow/.local/lib/python3.12/site-packages/airflow/example_dags/example_branch_labels.py took 0.078 seconds
[2024-08-05T00:06:02.053+0000] {processor.py:161} INFO - Started process (PID=18747) to work on /home/airflow/.local/lib/python3.12/site-packages/airflow/example_dags/example_branch_labels.py
[2024-08-05T00:06:02.054+0000] {processor.py:830} INFO - Processing file /home/airflow/.local/lib/python3.12/site-packages/airflow/example_dags/example_branch_labels.py for tasks to queue
[2024-08-05T00:06:02.055+0000] {logging_mixin.py:188} INFO - [2024-08-05T00:06:02.055+0000] {dagbag.py:545} INFO - Filling up the DagBag from /home/airflow/.local/lib/python3.12/site-packages/airflow/example_dags/example_branch_labels.py
[2024-08-05T00:06:02.061+0000] {processor.py:840} INFO - DAG(s) 'example_branch_labels' retrieved from /home/airflow/.local/lib/python3.12/site-packages/airflow/example_dags/example_branch_labels.py
[2024-08-05T00:06:02.083+0000] {logging_mixin.py:188} INFO - [2024-08-05T00:06:02.083+0000] {dag.py:3089} INFO - Sync 1 DAGs
[2024-08-05T00:06:02.105+0000] {logging_mixin.py:188} INFO - [2024-08-05T00:06:02.104+0000] {dag.py:3947} INFO - Setting next_dagrun for example_branch_labels to 2024-08-04 00:00:00+00:00, run_after=2024-08-05 00:00:00+00:00
[2024-08-05T00:06:02.123+0000] {processor.py:183} INFO - Processing /home/airflow/.local/lib/python3.12/site-packages/airflow/example_dags/example_branch_labels.py took 0.075 seconds
[2024-08-05T00:06:32.251+0000] {processor.py:161} INFO - Started process (PID=19019) to work on /home/airflow/.local/lib/python3.12/site-packages/airflow/example_dags/example_branch_labels.py
[2024-08-05T00:06:32.252+0000] {processor.py:830} INFO - Processing file /home/airflow/.local/lib/python3.12/site-packages/airflow/example_dags/example_branch_labels.py for tasks to queue
[2024-08-05T00:06:32.253+0000] {logging_mixin.py:188} INFO - [2024-08-05T00:06:32.253+0000] {dagbag.py:545} INFO - Filling up the DagBag from /home/airflow/.local/lib/python3.12/site-packages/airflow/example_dags/example_branch_labels.py
[2024-08-05T00:06:32.259+0000] {processor.py:840} INFO - DAG(s) 'example_branch_labels' retrieved from /home/airflow/.local/lib/python3.12/site-packages/airflow/example_dags/example_branch_labels.py
[2024-08-05T00:06:32.283+0000] {logging_mixin.py:188} INFO - [2024-08-05T00:06:32.283+0000] {dag.py:3089} INFO - Sync 1 DAGs
[2024-08-05T00:06:32.305+0000] {logging_mixin.py:188} INFO - [2024-08-05T00:06:32.305+0000] {dag.py:3947} INFO - Setting next_dagrun for example_branch_labels to 2024-08-04 00:00:00+00:00, run_after=2024-08-05 00:00:00+00:00
[2024-08-05T00:06:32.323+0000] {processor.py:183} INFO - Processing /home/airflow/.local/lib/python3.12/site-packages/airflow/example_dags/example_branch_labels.py took 0.078 seconds
[2024-08-05T00:07:03.274+0000] {processor.py:161} INFO - Started process (PID=19291) to work on /home/airflow/.local/lib/python3.12/site-packages/airflow/example_dags/example_branch_labels.py
[2024-08-05T00:07:03.275+0000] {processor.py:830} INFO - Processing file /home/airflow/.local/lib/python3.12/site-packages/airflow/example_dags/example_branch_labels.py for tasks to queue
[2024-08-05T00:07:03.280+0000] {logging_mixin.py:188} INFO - [2024-08-05T00:07:03.276+0000] {dagbag.py:545} INFO - Filling up the DagBag from /home/airflow/.local/lib/python3.12/site-packages/airflow/example_dags/example_branch_labels.py
[2024-08-05T00:07:03.288+0000] {processor.py:840} INFO - DAG(s) 'example_branch_labels' retrieved from /home/airflow/.local/lib/python3.12/site-packages/airflow/example_dags/example_branch_labels.py
[2024-08-05T00:07:03.313+0000] {logging_mixin.py:188} INFO - [2024-08-05T00:07:03.312+0000] {dag.py:3089} INFO - Sync 1 DAGs
[2024-08-05T00:07:03.334+0000] {logging_mixin.py:188} INFO - [2024-08-05T00:07:03.333+0000] {dag.py:3947} INFO - Setting next_dagrun for example_branch_labels to 2024-08-04 00:00:00+00:00, run_after=2024-08-05 00:00:00+00:00
[2024-08-05T00:07:03.352+0000] {processor.py:183} INFO - Processing /home/airflow/.local/lib/python3.12/site-packages/airflow/example_dags/example_branch_labels.py took 0.084 seconds
[2024-08-05T00:07:33.618+0000] {processor.py:161} INFO - Started process (PID=19563) to work on /home/airflow/.local/lib/python3.12/site-packages/airflow/example_dags/example_branch_labels.py
[2024-08-05T00:07:33.619+0000] {processor.py:830} INFO - Processing file /home/airflow/.local/lib/python3.12/site-packages/airflow/example_dags/example_branch_labels.py for tasks to queue
[2024-08-05T00:07:33.621+0000] {logging_mixin.py:188} INFO - [2024-08-05T00:07:33.621+0000] {dagbag.py:545} INFO - Filling up the DagBag from /home/airflow/.local/lib/python3.12/site-packages/airflow/example_dags/example_branch_labels.py
[2024-08-05T00:07:33.627+0000] {processor.py:840} INFO - DAG(s) 'example_branch_labels' retrieved from /home/airflow/.local/lib/python3.12/site-packages/airflow/example_dags/example_branch_labels.py
[2024-08-05T00:07:33.649+0000] {logging_mixin.py:188} INFO - [2024-08-05T00:07:33.648+0000] {dag.py:3089} INFO - Sync 1 DAGs
[2024-08-05T00:07:33.669+0000] {logging_mixin.py:188} INFO - [2024-08-05T00:07:33.669+0000] {dag.py:3947} INFO - Setting next_dagrun for example_branch_labels to 2024-08-04 00:00:00+00:00, run_after=2024-08-05 00:00:00+00:00
[2024-08-05T00:07:33.687+0000] {processor.py:183} INFO - Processing /home/airflow/.local/lib/python3.12/site-packages/airflow/example_dags/example_branch_labels.py took 0.074 seconds
[2024-08-05T00:08:03.834+0000] {processor.py:161} INFO - Started process (PID=19835) to work on /home/airflow/.local/lib/python3.12/site-packages/airflow/example_dags/example_branch_labels.py
[2024-08-05T00:08:03.835+0000] {processor.py:830} INFO - Processing file /home/airflow/.local/lib/python3.12/site-packages/airflow/example_dags/example_branch_labels.py for tasks to queue
[2024-08-05T00:08:03.836+0000] {logging_mixin.py:188} INFO - [2024-08-05T00:08:03.836+0000] {dagbag.py:545} INFO - Filling up the DagBag from /home/airflow/.local/lib/python3.12/site-packages/airflow/example_dags/example_branch_labels.py
[2024-08-05T00:08:03.843+0000] {processor.py:840} INFO - DAG(s) 'example_branch_labels' retrieved from /home/airflow/.local/lib/python3.12/site-packages/airflow/example_dags/example_branch_labels.py
[2024-08-05T00:08:03.864+0000] {logging_mixin.py:188} INFO - [2024-08-05T00:08:03.864+0000] {dag.py:3089} INFO - Sync 1 DAGs
[2024-08-05T00:08:03.885+0000] {logging_mixin.py:188} INFO - [2024-08-05T00:08:03.884+0000] {dag.py:3947} INFO - Setting next_dagrun for example_branch_labels to 2024-08-04 00:00:00+00:00, run_after=2024-08-05 00:00:00+00:00
[2024-08-05T00:08:03.903+0000] {processor.py:183} INFO - Processing /home/airflow/.local/lib/python3.12/site-packages/airflow/example_dags/example_branch_labels.py took 0.075 seconds
[2024-08-05T00:08:34.145+0000] {processor.py:161} INFO - Started process (PID=20107) to work on /home/airflow/.local/lib/python3.12/site-packages/airflow/example_dags/example_branch_labels.py
[2024-08-05T00:08:34.146+0000] {processor.py:830} INFO - Processing file /home/airflow/.local/lib/python3.12/site-packages/airflow/example_dags/example_branch_labels.py for tasks to queue
[2024-08-05T00:08:34.147+0000] {logging_mixin.py:188} INFO - [2024-08-05T00:08:34.147+0000] {dagbag.py:545} INFO - Filling up the DagBag from /home/airflow/.local/lib/python3.12/site-packages/airflow/example_dags/example_branch_labels.py
[2024-08-05T00:08:34.152+0000] {processor.py:840} INFO - DAG(s) 'example_branch_labels' retrieved from /home/airflow/.local/lib/python3.12/site-packages/airflow/example_dags/example_branch_labels.py
[2024-08-05T00:08:34.173+0000] {logging_mixin.py:188} INFO - [2024-08-05T00:08:34.173+0000] {dag.py:3089} INFO - Sync 1 DAGs
[2024-08-05T00:08:34.194+0000] {logging_mixin.py:188} INFO - [2024-08-05T00:08:34.193+0000] {dag.py:3947} INFO - Setting next_dagrun for example_branch_labels to 2024-08-04 00:00:00+00:00, run_after=2024-08-05 00:00:00+00:00
[2024-08-05T00:08:34.210+0000] {processor.py:183} INFO - Processing /home/airflow/.local/lib/python3.12/site-packages/airflow/example_dags/example_branch_labels.py took 0.070 seconds
[2024-08-05T00:09:04.484+0000] {processor.py:161} INFO - Started process (PID=20379) to work on /home/airflow/.local/lib/python3.12/site-packages/airflow/example_dags/example_branch_labels.py
[2024-08-05T00:09:04.485+0000] {processor.py:830} INFO - Processing file /home/airflow/.local/lib/python3.12/site-packages/airflow/example_dags/example_branch_labels.py for tasks to queue
[2024-08-05T00:09:04.486+0000] {logging_mixin.py:188} INFO - [2024-08-05T00:09:04.486+0000] {dagbag.py:545} INFO - Filling up the DagBag from /home/airflow/.local/lib/python3.12/site-packages/airflow/example_dags/example_branch_labels.py
[2024-08-05T00:09:04.493+0000] {processor.py:840} INFO - DAG(s) 'example_branch_labels' retrieved from /home/airflow/.local/lib/python3.12/site-packages/airflow/example_dags/example_branch_labels.py
[2024-08-05T00:09:04.512+0000] {logging_mixin.py:188} INFO - [2024-08-05T00:09:04.512+0000] {dag.py:3089} INFO - Sync 1 DAGs
[2024-08-05T00:09:04.530+0000] {logging_mixin.py:188} INFO - [2024-08-05T00:09:04.530+0000] {dag.py:3947} INFO - Setting next_dagrun for example_branch_labels to 2024-08-04 00:00:00+00:00, run_after=2024-08-05 00:00:00+00:00
[2024-08-05T00:09:04.547+0000] {processor.py:183} INFO - Processing /home/airflow/.local/lib/python3.12/site-packages/airflow/example_dags/example_branch_labels.py took 0.067 seconds
[2024-08-05T00:09:35.225+0000] {processor.py:161} INFO - Started process (PID=20651) to work on /home/airflow/.local/lib/python3.12/site-packages/airflow/example_dags/example_branch_labels.py
[2024-08-05T00:09:35.226+0000] {processor.py:830} INFO - Processing file /home/airflow/.local/lib/python3.12/site-packages/airflow/example_dags/example_branch_labels.py for tasks to queue
[2024-08-05T00:09:35.227+0000] {logging_mixin.py:188} INFO - [2024-08-05T00:09:35.227+0000] {dagbag.py:545} INFO - Filling up the DagBag from /home/airflow/.local/lib/python3.12/site-packages/airflow/example_dags/example_branch_labels.py
[2024-08-05T00:09:35.233+0000] {processor.py:840} INFO - DAG(s) 'example_branch_labels' retrieved from /home/airflow/.local/lib/python3.12/site-packages/airflow/example_dags/example_branch_labels.py
[2024-08-05T00:09:35.252+0000] {logging_mixin.py:188} INFO - [2024-08-05T00:09:35.252+0000] {dag.py:3089} INFO - Sync 1 DAGs
[2024-08-05T00:09:35.270+0000] {logging_mixin.py:188} INFO - [2024-08-05T00:09:35.270+0000] {dag.py:3947} INFO - Setting next_dagrun for example_branch_labels to 2024-08-04 00:00:00+00:00, run_after=2024-08-05 00:00:00+00:00
[2024-08-05T00:09:35.285+0000] {processor.py:183} INFO - Processing /home/airflow/.local/lib/python3.12/site-packages/airflow/example_dags/example_branch_labels.py took 0.065 seconds
[2024-08-05T00:10:05.831+0000] {processor.py:161} INFO - Started process (PID=20929) to work on /home/airflow/.local/lib/python3.12/site-packages/airflow/example_dags/example_branch_labels.py
[2024-08-05T00:10:05.832+0000] {processor.py:830} INFO - Processing file /home/airflow/.local/lib/python3.12/site-packages/airflow/example_dags/example_branch_labels.py for tasks to queue
[2024-08-05T00:10:05.834+0000] {logging_mixin.py:188} INFO - [2024-08-05T00:10:05.834+0000] {dagbag.py:545} INFO - Filling up the DagBag from /home/airflow/.local/lib/python3.12/site-packages/airflow/example_dags/example_branch_labels.py
[2024-08-05T00:10:05.844+0000] {processor.py:840} INFO - DAG(s) 'example_branch_labels' retrieved from /home/airflow/.local/lib/python3.12/site-packages/airflow/example_dags/example_branch_labels.py
[2024-08-05T00:10:05.866+0000] {logging_mixin.py:188} INFO - [2024-08-05T00:10:05.865+0000] {dag.py:3089} INFO - Sync 1 DAGs
[2024-08-05T00:10:05.890+0000] {logging_mixin.py:188} INFO - [2024-08-05T00:10:05.890+0000] {dag.py:3947} INFO - Setting next_dagrun for example_branch_labels to 2024-08-04 00:00:00+00:00, run_after=2024-08-05 00:00:00+00:00
[2024-08-05T00:10:05.909+0000] {processor.py:183} INFO - Processing /home/airflow/.local/lib/python3.12/site-packages/airflow/example_dags/example_branch_labels.py took 0.084 seconds
[2024-08-05T00:10:36.546+0000] {processor.py:161} INFO - Started process (PID=21204) to work on /home/airflow/.local/lib/python3.12/site-packages/airflow/example_dags/example_branch_labels.py
[2024-08-05T00:10:36.547+0000] {processor.py:830} INFO - Processing file /home/airflow/.local/lib/python3.12/site-packages/airflow/example_dags/example_branch_labels.py for tasks to queue
[2024-08-05T00:10:36.548+0000] {logging_mixin.py:188} INFO - [2024-08-05T00:10:36.548+0000] {dagbag.py:545} INFO - Filling up the DagBag from /home/airflow/.local/lib/python3.12/site-packages/airflow/example_dags/example_branch_labels.py
[2024-08-05T00:10:36.556+0000] {processor.py:840} INFO - DAG(s) 'example_branch_labels' retrieved from /home/airflow/.local/lib/python3.12/site-packages/airflow/example_dags/example_branch_labels.py
[2024-08-05T00:10:36.578+0000] {logging_mixin.py:188} INFO - [2024-08-05T00:10:36.577+0000] {dag.py:3089} INFO - Sync 1 DAGs
[2024-08-05T00:10:36.599+0000] {logging_mixin.py:188} INFO - [2024-08-05T00:10:36.598+0000] {dag.py:3947} INFO - Setting next_dagrun for example_branch_labels to 2024-08-04 00:00:00+00:00, run_after=2024-08-05 00:00:00+00:00
[2024-08-05T00:10:36.615+0000] {processor.py:183} INFO - Processing /home/airflow/.local/lib/python3.12/site-packages/airflow/example_dags/example_branch_labels.py took 0.075 seconds
[2024-08-05T00:11:07.320+0000] {processor.py:161} INFO - Started process (PID=21476) to work on /home/airflow/.local/lib/python3.12/site-packages/airflow/example_dags/example_branch_labels.py
[2024-08-05T00:11:07.321+0000] {processor.py:830} INFO - Processing file /home/airflow/.local/lib/python3.12/site-packages/airflow/example_dags/example_branch_labels.py for tasks to queue
[2024-08-05T00:11:07.323+0000] {logging_mixin.py:188} INFO - [2024-08-05T00:11:07.323+0000] {dagbag.py:545} INFO - Filling up the DagBag from /home/airflow/.local/lib/python3.12/site-packages/airflow/example_dags/example_branch_labels.py
[2024-08-05T00:11:07.330+0000] {processor.py:840} INFO - DAG(s) 'example_branch_labels' retrieved from /home/airflow/.local/lib/python3.12/site-packages/airflow/example_dags/example_branch_labels.py
[2024-08-05T00:11:07.350+0000] {logging_mixin.py:188} INFO - [2024-08-05T00:11:07.350+0000] {dag.py:3089} INFO - Sync 1 DAGs
[2024-08-05T00:11:07.370+0000] {logging_mixin.py:188} INFO - [2024-08-05T00:11:07.370+0000] {dag.py:3947} INFO - Setting next_dagrun for example_branch_labels to 2024-08-04 00:00:00+00:00, run_after=2024-08-05 00:00:00+00:00
[2024-08-05T00:11:07.386+0000] {processor.py:183} INFO - Processing /home/airflow/.local/lib/python3.12/site-packages/airflow/example_dags/example_branch_labels.py took 0.070 seconds
[2024-08-05T00:11:38.175+0000] {processor.py:161} INFO - Started process (PID=21748) to work on /home/airflow/.local/lib/python3.12/site-packages/airflow/example_dags/example_branch_labels.py
[2024-08-05T00:11:38.176+0000] {processor.py:830} INFO - Processing file /home/airflow/.local/lib/python3.12/site-packages/airflow/example_dags/example_branch_labels.py for tasks to queue
[2024-08-05T00:11:38.178+0000] {logging_mixin.py:188} INFO - [2024-08-05T00:11:38.177+0000] {dagbag.py:545} INFO - Filling up the DagBag from /home/airflow/.local/lib/python3.12/site-packages/airflow/example_dags/example_branch_labels.py
[2024-08-05T00:11:38.186+0000] {processor.py:840} INFO - DAG(s) 'example_branch_labels' retrieved from /home/airflow/.local/lib/python3.12/site-packages/airflow/example_dags/example_branch_labels.py
[2024-08-05T00:11:38.209+0000] {logging_mixin.py:188} INFO - [2024-08-05T00:11:38.209+0000] {dag.py:3089} INFO - Sync 1 DAGs
[2024-08-05T00:11:38.230+0000] {logging_mixin.py:188} INFO - [2024-08-05T00:11:38.230+0000] {dag.py:3947} INFO - Setting next_dagrun for example_branch_labels to 2024-08-04 00:00:00+00:00, run_after=2024-08-05 00:00:00+00:00
[2024-08-05T00:11:38.247+0000] {processor.py:183} INFO - Processing /home/airflow/.local/lib/python3.12/site-packages/airflow/example_dags/example_branch_labels.py took 0.080 seconds
[2024-08-05T00:12:08.409+0000] {processor.py:161} INFO - Started process (PID=22020) to work on /home/airflow/.local/lib/python3.12/site-packages/airflow/example_dags/example_branch_labels.py
[2024-08-05T00:12:08.410+0000] {processor.py:830} INFO - Processing file /home/airflow/.local/lib/python3.12/site-packages/airflow/example_dags/example_branch_labels.py for tasks to queue
[2024-08-05T00:12:08.412+0000] {logging_mixin.py:188} INFO - [2024-08-05T00:12:08.411+0000] {dagbag.py:545} INFO - Filling up the DagBag from /home/airflow/.local/lib/python3.12/site-packages/airflow/example_dags/example_branch_labels.py
[2024-08-05T00:12:08.418+0000] {processor.py:840} INFO - DAG(s) 'example_branch_labels' retrieved from /home/airflow/.local/lib/python3.12/site-packages/airflow/example_dags/example_branch_labels.py
[2024-08-05T00:12:08.440+0000] {logging_mixin.py:188} INFO - [2024-08-05T00:12:08.440+0000] {dag.py:3089} INFO - Sync 1 DAGs
[2024-08-05T00:12:08.462+0000] {logging_mixin.py:188} INFO - [2024-08-05T00:12:08.462+0000] {dag.py:3947} INFO - Setting next_dagrun for example_branch_labels to 2024-08-04 00:00:00+00:00, run_after=2024-08-05 00:00:00+00:00
[2024-08-05T00:12:08.480+0000] {processor.py:183} INFO - Processing /home/airflow/.local/lib/python3.12/site-packages/airflow/example_dags/example_branch_labels.py took 0.076 seconds
[2024-08-05T00:12:38.700+0000] {processor.py:161} INFO - Started process (PID=22292) to work on /home/airflow/.local/lib/python3.12/site-packages/airflow/example_dags/example_branch_labels.py
[2024-08-05T00:12:38.701+0000] {processor.py:830} INFO - Processing file /home/airflow/.local/lib/python3.12/site-packages/airflow/example_dags/example_branch_labels.py for tasks to queue
[2024-08-05T00:12:38.703+0000] {logging_mixin.py:188} INFO - [2024-08-05T00:12:38.703+0000] {dagbag.py:545} INFO - Filling up the DagBag from /home/airflow/.local/lib/python3.12/site-packages/airflow/example_dags/example_branch_labels.py
[2024-08-05T00:12:38.709+0000] {processor.py:840} INFO - DAG(s) 'example_branch_labels' retrieved from /home/airflow/.local/lib/python3.12/site-packages/airflow/example_dags/example_branch_labels.py
[2024-08-05T00:12:38.729+0000] {logging_mixin.py:188} INFO - [2024-08-05T00:12:38.729+0000] {dag.py:3089} INFO - Sync 1 DAGs
[2024-08-05T00:12:38.749+0000] {logging_mixin.py:188} INFO - [2024-08-05T00:12:38.749+0000] {dag.py:3947} INFO - Setting next_dagrun for example_branch_labels to 2024-08-04 00:00:00+00:00, run_after=2024-08-05 00:00:00+00:00
[2024-08-05T00:12:38.766+0000] {processor.py:183} INFO - Processing /home/airflow/.local/lib/python3.12/site-packages/airflow/example_dags/example_branch_labels.py took 0.070 seconds
[2024-08-05T00:13:08.912+0000] {processor.py:161} INFO - Started process (PID=22564) to work on /home/airflow/.local/lib/python3.12/site-packages/airflow/example_dags/example_branch_labels.py
[2024-08-05T00:13:08.913+0000] {processor.py:830} INFO - Processing file /home/airflow/.local/lib/python3.12/site-packages/airflow/example_dags/example_branch_labels.py for tasks to queue
[2024-08-05T00:13:08.914+0000] {logging_mixin.py:188} INFO - [2024-08-05T00:13:08.914+0000] {dagbag.py:545} INFO - Filling up the DagBag from /home/airflow/.local/lib/python3.12/site-packages/airflow/example_dags/example_branch_labels.py
[2024-08-05T00:13:08.919+0000] {processor.py:840} INFO - DAG(s) 'example_branch_labels' retrieved from /home/airflow/.local/lib/python3.12/site-packages/airflow/example_dags/example_branch_labels.py
[2024-08-05T00:13:08.938+0000] {logging_mixin.py:188} INFO - [2024-08-05T00:13:08.938+0000] {dag.py:3089} INFO - Sync 1 DAGs
[2024-08-05T00:13:08.962+0000] {logging_mixin.py:188} INFO - [2024-08-05T00:13:08.962+0000] {dag.py:3947} INFO - Setting next_dagrun for example_branch_labels to 2024-08-04 00:00:00+00:00, run_after=2024-08-05 00:00:00+00:00
[2024-08-05T00:13:08.980+0000] {processor.py:183} INFO - Processing /home/airflow/.local/lib/python3.12/site-packages/airflow/example_dags/example_branch_labels.py took 0.073 seconds
[2024-08-05T00:13:39.707+0000] {processor.py:161} INFO - Started process (PID=22836) to work on /home/airflow/.local/lib/python3.12/site-packages/airflow/example_dags/example_branch_labels.py
[2024-08-05T00:13:39.719+0000] {processor.py:830} INFO - Processing file /home/airflow/.local/lib/python3.12/site-packages/airflow/example_dags/example_branch_labels.py for tasks to queue
[2024-08-05T00:13:39.721+0000] {logging_mixin.py:188} INFO - [2024-08-05T00:13:39.721+0000] {dagbag.py:545} INFO - Filling up the DagBag from /home/airflow/.local/lib/python3.12/site-packages/airflow/example_dags/example_branch_labels.py
[2024-08-05T00:13:39.751+0000] {processor.py:840} INFO - DAG(s) 'example_branch_labels' retrieved from /home/airflow/.local/lib/python3.12/site-packages/airflow/example_dags/example_branch_labels.py
[2024-08-05T00:13:39.820+0000] {logging_mixin.py:188} INFO - [2024-08-05T00:13:39.819+0000] {dag.py:3089} INFO - Sync 1 DAGs
[2024-08-05T00:13:39.932+0000] {logging_mixin.py:188} INFO - [2024-08-05T00:13:39.932+0000] {dag.py:3947} INFO - Setting next_dagrun for example_branch_labels to 2024-08-04 00:00:00+00:00, run_after=2024-08-05 00:00:00+00:00
[2024-08-05T00:13:39.997+0000] {processor.py:183} INFO - Processing /home/airflow/.local/lib/python3.12/site-packages/airflow/example_dags/example_branch_labels.py took 0.302 seconds
[2024-08-05T00:14:10.726+0000] {processor.py:161} INFO - Started process (PID=23108) to work on /home/airflow/.local/lib/python3.12/site-packages/airflow/example_dags/example_branch_labels.py
[2024-08-05T00:14:10.727+0000] {processor.py:830} INFO - Processing file /home/airflow/.local/lib/python3.12/site-packages/airflow/example_dags/example_branch_labels.py for tasks to queue
[2024-08-05T00:14:10.728+0000] {logging_mixin.py:188} INFO - [2024-08-05T00:14:10.728+0000] {dagbag.py:545} INFO - Filling up the DagBag from /home/airflow/.local/lib/python3.12/site-packages/airflow/example_dags/example_branch_labels.py
[2024-08-05T00:14:10.735+0000] {processor.py:840} INFO - DAG(s) 'example_branch_labels' retrieved from /home/airflow/.local/lib/python3.12/site-packages/airflow/example_dags/example_branch_labels.py
[2024-08-05T00:14:10.757+0000] {logging_mixin.py:188} INFO - [2024-08-05T00:14:10.757+0000] {dag.py:3089} INFO - Sync 1 DAGs
[2024-08-05T00:14:10.778+0000] {logging_mixin.py:188} INFO - [2024-08-05T00:14:10.778+0000] {dag.py:3947} INFO - Setting next_dagrun for example_branch_labels to 2024-08-04 00:00:00+00:00, run_after=2024-08-05 00:00:00+00:00
[2024-08-05T00:14:10.796+0000] {processor.py:183} INFO - Processing /home/airflow/.local/lib/python3.12/site-packages/airflow/example_dags/example_branch_labels.py took 0.074 seconds
[2024-08-05T00:14:40.865+0000] {processor.py:161} INFO - Started process (PID=23380) to work on /home/airflow/.local/lib/python3.12/site-packages/airflow/example_dags/example_branch_labels.py
[2024-08-05T00:14:40.866+0000] {processor.py:830} INFO - Processing file /home/airflow/.local/lib/python3.12/site-packages/airflow/example_dags/example_branch_labels.py for tasks to queue
[2024-08-05T00:14:40.868+0000] {logging_mixin.py:188} INFO - [2024-08-05T00:14:40.868+0000] {dagbag.py:545} INFO - Filling up the DagBag from /home/airflow/.local/lib/python3.12/site-packages/airflow/example_dags/example_branch_labels.py
[2024-08-05T00:14:40.874+0000] {processor.py:840} INFO - DAG(s) 'example_branch_labels' retrieved from /home/airflow/.local/lib/python3.12/site-packages/airflow/example_dags/example_branch_labels.py
[2024-08-05T00:14:40.895+0000] {logging_mixin.py:188} INFO - [2024-08-05T00:14:40.895+0000] {dag.py:3089} INFO - Sync 1 DAGs
[2024-08-05T00:14:40.916+0000] {logging_mixin.py:188} INFO - [2024-08-05T00:14:40.916+0000] {dag.py:3947} INFO - Setting next_dagrun for example_branch_labels to 2024-08-04 00:00:00+00:00, run_after=2024-08-05 00:00:00+00:00
[2024-08-05T00:14:40.935+0000] {processor.py:183} INFO - Processing /home/airflow/.local/lib/python3.12/site-packages/airflow/example_dags/example_branch_labels.py took 0.076 seconds
[2024-08-05T00:15:11.143+0000] {processor.py:161} INFO - Started process (PID=23653) to work on /home/airflow/.local/lib/python3.12/site-packages/airflow/example_dags/example_branch_labels.py
[2024-08-05T00:15:11.144+0000] {processor.py:830} INFO - Processing file /home/airflow/.local/lib/python3.12/site-packages/airflow/example_dags/example_branch_labels.py for tasks to queue
[2024-08-05T00:15:11.146+0000] {logging_mixin.py:188} INFO - [2024-08-05T00:15:11.145+0000] {dagbag.py:545} INFO - Filling up the DagBag from /home/airflow/.local/lib/python3.12/site-packages/airflow/example_dags/example_branch_labels.py
[2024-08-05T00:15:11.153+0000] {processor.py:840} INFO - DAG(s) 'example_branch_labels' retrieved from /home/airflow/.local/lib/python3.12/site-packages/airflow/example_dags/example_branch_labels.py
[2024-08-05T00:15:11.174+0000] {logging_mixin.py:188} INFO - [2024-08-05T00:15:11.174+0000] {dag.py:3089} INFO - Sync 1 DAGs
[2024-08-05T00:15:11.196+0000] {logging_mixin.py:188} INFO - [2024-08-05T00:15:11.196+0000] {dag.py:3947} INFO - Setting next_dagrun for example_branch_labels to 2024-08-04 00:00:00+00:00, run_after=2024-08-05 00:00:00+00:00
[2024-08-05T00:15:11.215+0000] {processor.py:183} INFO - Processing /home/airflow/.local/lib/python3.12/site-packages/airflow/example_dags/example_branch_labels.py took 0.076 seconds
[2024-08-05T00:15:41.521+0000] {processor.py:161} INFO - Started process (PID=23924) to work on /home/airflow/.local/lib/python3.12/site-packages/airflow/example_dags/example_branch_labels.py
[2024-08-05T00:15:41.523+0000] {processor.py:830} INFO - Processing file /home/airflow/.local/lib/python3.12/site-packages/airflow/example_dags/example_branch_labels.py for tasks to queue
[2024-08-05T00:15:41.524+0000] {logging_mixin.py:188} INFO - [2024-08-05T00:15:41.524+0000] {dagbag.py:545} INFO - Filling up the DagBag from /home/airflow/.local/lib/python3.12/site-packages/airflow/example_dags/example_branch_labels.py
[2024-08-05T00:15:41.531+0000] {processor.py:840} INFO - DAG(s) 'example_branch_labels' retrieved from /home/airflow/.local/lib/python3.12/site-packages/airflow/example_dags/example_branch_labels.py
[2024-08-05T00:15:41.554+0000] {logging_mixin.py:188} INFO - [2024-08-05T00:15:41.553+0000] {dag.py:3089} INFO - Sync 1 DAGs
[2024-08-05T00:15:41.578+0000] {logging_mixin.py:188} INFO - [2024-08-05T00:15:41.578+0000] {dag.py:3947} INFO - Setting next_dagrun for example_branch_labels to 2024-08-04 00:00:00+00:00, run_after=2024-08-05 00:00:00+00:00
[2024-08-05T00:15:41.592+0000] {processor.py:183} INFO - Processing /home/airflow/.local/lib/python3.12/site-packages/airflow/example_dags/example_branch_labels.py took 0.078 seconds
[2024-08-05T00:16:11.937+0000] {processor.py:161} INFO - Started process (PID=24196) to work on /home/airflow/.local/lib/python3.12/site-packages/airflow/example_dags/example_branch_labels.py
[2024-08-05T00:16:11.938+0000] {processor.py:830} INFO - Processing file /home/airflow/.local/lib/python3.12/site-packages/airflow/example_dags/example_branch_labels.py for tasks to queue
[2024-08-05T00:16:11.940+0000] {logging_mixin.py:188} INFO - [2024-08-05T00:16:11.940+0000] {dagbag.py:545} INFO - Filling up the DagBag from /home/airflow/.local/lib/python3.12/site-packages/airflow/example_dags/example_branch_labels.py
[2024-08-05T00:16:11.949+0000] {processor.py:840} INFO - DAG(s) 'example_branch_labels' retrieved from /home/airflow/.local/lib/python3.12/site-packages/airflow/example_dags/example_branch_labels.py
[2024-08-05T00:16:11.970+0000] {logging_mixin.py:188} INFO - [2024-08-05T00:16:11.970+0000] {dag.py:3089} INFO - Sync 1 DAGs
[2024-08-05T00:16:11.991+0000] {logging_mixin.py:188} INFO - [2024-08-05T00:16:11.990+0000] {dag.py:3947} INFO - Setting next_dagrun for example_branch_labels to 2024-08-04 00:00:00+00:00, run_after=2024-08-05 00:00:00+00:00
[2024-08-05T00:16:12.007+0000] {processor.py:183} INFO - Processing /home/airflow/.local/lib/python3.12/site-packages/airflow/example_dags/example_branch_labels.py took 0.075 seconds
[2024-08-05T00:16:42.339+0000] {processor.py:161} INFO - Started process (PID=24470) to work on /home/airflow/.local/lib/python3.12/site-packages/airflow/example_dags/example_branch_labels.py
[2024-08-05T00:16:42.340+0000] {processor.py:830} INFO - Processing file /home/airflow/.local/lib/python3.12/site-packages/airflow/example_dags/example_branch_labels.py for tasks to queue
[2024-08-05T00:16:42.342+0000] {logging_mixin.py:188} INFO - [2024-08-05T00:16:42.342+0000] {dagbag.py:545} INFO - Filling up the DagBag from /home/airflow/.local/lib/python3.12/site-packages/airflow/example_dags/example_branch_labels.py
[2024-08-05T00:16:42.349+0000] {processor.py:840} INFO - DAG(s) 'example_branch_labels' retrieved from /home/airflow/.local/lib/python3.12/site-packages/airflow/example_dags/example_branch_labels.py
[2024-08-05T00:16:42.370+0000] {logging_mixin.py:188} INFO - [2024-08-05T00:16:42.370+0000] {dag.py:3089} INFO - Sync 1 DAGs
[2024-08-05T00:16:42.391+0000] {logging_mixin.py:188} INFO - [2024-08-05T00:16:42.391+0000] {dag.py:3947} INFO - Setting next_dagrun for example_branch_labels to 2024-08-04 00:00:00+00:00, run_after=2024-08-05 00:00:00+00:00
[2024-08-05T00:16:42.408+0000] {processor.py:183} INFO - Processing /home/airflow/.local/lib/python3.12/site-packages/airflow/example_dags/example_branch_labels.py took 0.074 seconds
[2024-08-05T00:17:12.700+0000] {processor.py:161} INFO - Started process (PID=24740) to work on /home/airflow/.local/lib/python3.12/site-packages/airflow/example_dags/example_branch_labels.py
[2024-08-05T00:17:12.701+0000] {processor.py:830} INFO - Processing file /home/airflow/.local/lib/python3.12/site-packages/airflow/example_dags/example_branch_labels.py for tasks to queue
[2024-08-05T00:17:12.703+0000] {logging_mixin.py:188} INFO - [2024-08-05T00:17:12.702+0000] {dagbag.py:545} INFO - Filling up the DagBag from /home/airflow/.local/lib/python3.12/site-packages/airflow/example_dags/example_branch_labels.py
[2024-08-05T00:17:12.709+0000] {processor.py:840} INFO - DAG(s) 'example_branch_labels' retrieved from /home/airflow/.local/lib/python3.12/site-packages/airflow/example_dags/example_branch_labels.py
[2024-08-05T00:17:12.731+0000] {logging_mixin.py:188} INFO - [2024-08-05T00:17:12.731+0000] {dag.py:3089} INFO - Sync 1 DAGs
[2024-08-05T00:17:12.753+0000] {logging_mixin.py:188} INFO - [2024-08-05T00:17:12.752+0000] {dag.py:3947} INFO - Setting next_dagrun for example_branch_labels to 2024-08-04 00:00:00+00:00, run_after=2024-08-05 00:00:00+00:00
[2024-08-05T00:17:12.771+0000] {processor.py:183} INFO - Processing /home/airflow/.local/lib/python3.12/site-packages/airflow/example_dags/example_branch_labels.py took 0.077 seconds
[2024-08-05T00:17:42.928+0000] {processor.py:161} INFO - Started process (PID=25012) to work on /home/airflow/.local/lib/python3.12/site-packages/airflow/example_dags/example_branch_labels.py
[2024-08-05T00:17:42.929+0000] {processor.py:830} INFO - Processing file /home/airflow/.local/lib/python3.12/site-packages/airflow/example_dags/example_branch_labels.py for tasks to queue
[2024-08-05T00:17:42.930+0000] {logging_mixin.py:188} INFO - [2024-08-05T00:17:42.930+0000] {dagbag.py:545} INFO - Filling up the DagBag from /home/airflow/.local/lib/python3.12/site-packages/airflow/example_dags/example_branch_labels.py
[2024-08-05T00:17:42.937+0000] {processor.py:840} INFO - DAG(s) 'example_branch_labels' retrieved from /home/airflow/.local/lib/python3.12/site-packages/airflow/example_dags/example_branch_labels.py
[2024-08-05T00:17:42.958+0000] {logging_mixin.py:188} INFO - [2024-08-05T00:17:42.958+0000] {dag.py:3089} INFO - Sync 1 DAGs
[2024-08-05T00:17:42.979+0000] {logging_mixin.py:188} INFO - [2024-08-05T00:17:42.979+0000] {dag.py:3947} INFO - Setting next_dagrun for example_branch_labels to 2024-08-04 00:00:00+00:00, run_after=2024-08-05 00:00:00+00:00
[2024-08-05T00:17:42.995+0000] {processor.py:183} INFO - Processing /home/airflow/.local/lib/python3.12/site-packages/airflow/example_dags/example_branch_labels.py took 0.073 seconds
[2024-08-05T00:18:13.246+0000] {processor.py:161} INFO - Started process (PID=25285) to work on /home/airflow/.local/lib/python3.12/site-packages/airflow/example_dags/example_branch_labels.py
[2024-08-05T00:18:13.247+0000] {processor.py:830} INFO - Processing file /home/airflow/.local/lib/python3.12/site-packages/airflow/example_dags/example_branch_labels.py for tasks to queue
[2024-08-05T00:18:13.249+0000] {logging_mixin.py:188} INFO - [2024-08-05T00:18:13.249+0000] {dagbag.py:545} INFO - Filling up the DagBag from /home/airflow/.local/lib/python3.12/site-packages/airflow/example_dags/example_branch_labels.py
[2024-08-05T00:18:13.256+0000] {processor.py:840} INFO - DAG(s) 'example_branch_labels' retrieved from /home/airflow/.local/lib/python3.12/site-packages/airflow/example_dags/example_branch_labels.py
[2024-08-05T00:18:13.280+0000] {logging_mixin.py:188} INFO - [2024-08-05T00:18:13.280+0000] {dag.py:3089} INFO - Sync 1 DAGs
[2024-08-05T00:18:13.301+0000] {logging_mixin.py:188} INFO - [2024-08-05T00:18:13.301+0000] {dag.py:3947} INFO - Setting next_dagrun for example_branch_labels to 2024-08-04 00:00:00+00:00, run_after=2024-08-05 00:00:00+00:00
[2024-08-05T00:18:13.319+0000] {processor.py:183} INFO - Processing /home/airflow/.local/lib/python3.12/site-packages/airflow/example_dags/example_branch_labels.py took 0.079 seconds
[2024-08-05T00:18:43.490+0000] {processor.py:161} INFO - Started process (PID=25556) to work on /home/airflow/.local/lib/python3.12/site-packages/airflow/example_dags/example_branch_labels.py
[2024-08-05T00:18:43.491+0000] {processor.py:830} INFO - Processing file /home/airflow/.local/lib/python3.12/site-packages/airflow/example_dags/example_branch_labels.py for tasks to queue
[2024-08-05T00:18:43.493+0000] {logging_mixin.py:188} INFO - [2024-08-05T00:18:43.493+0000] {dagbag.py:545} INFO - Filling up the DagBag from /home/airflow/.local/lib/python3.12/site-packages/airflow/example_dags/example_branch_labels.py
[2024-08-05T00:18:43.500+0000] {processor.py:840} INFO - DAG(s) 'example_branch_labels' retrieved from /home/airflow/.local/lib/python3.12/site-packages/airflow/example_dags/example_branch_labels.py
[2024-08-05T00:18:43.521+0000] {logging_mixin.py:188} INFO - [2024-08-05T00:18:43.521+0000] {dag.py:3089} INFO - Sync 1 DAGs
[2024-08-05T00:18:43.541+0000] {logging_mixin.py:188} INFO - [2024-08-05T00:18:43.541+0000] {dag.py:3947} INFO - Setting next_dagrun for example_branch_labels to 2024-08-04 00:00:00+00:00, run_after=2024-08-05 00:00:00+00:00
[2024-08-05T00:18:43.556+0000] {processor.py:183} INFO - Processing /home/airflow/.local/lib/python3.12/site-packages/airflow/example_dags/example_branch_labels.py took 0.072 seconds
[2024-08-05T00:19:13.716+0000] {processor.py:161} INFO - Started process (PID=25828) to work on /home/airflow/.local/lib/python3.12/site-packages/airflow/example_dags/example_branch_labels.py
[2024-08-05T00:19:13.717+0000] {processor.py:830} INFO - Processing file /home/airflow/.local/lib/python3.12/site-packages/airflow/example_dags/example_branch_labels.py for tasks to queue
[2024-08-05T00:19:13.720+0000] {logging_mixin.py:188} INFO - [2024-08-05T00:19:13.719+0000] {dagbag.py:545} INFO - Filling up the DagBag from /home/airflow/.local/lib/python3.12/site-packages/airflow/example_dags/example_branch_labels.py
[2024-08-05T00:19:13.730+0000] {processor.py:840} INFO - DAG(s) 'example_branch_labels' retrieved from /home/airflow/.local/lib/python3.12/site-packages/airflow/example_dags/example_branch_labels.py
[2024-08-05T00:19:13.761+0000] {logging_mixin.py:188} INFO - [2024-08-05T00:19:13.760+0000] {dag.py:3089} INFO - Sync 1 DAGs
[2024-08-05T00:19:13.789+0000] {logging_mixin.py:188} INFO - [2024-08-05T00:19:13.789+0000] {dag.py:3947} INFO - Setting next_dagrun for example_branch_labels to 2024-08-04 00:00:00+00:00, run_after=2024-08-05 00:00:00+00:00
[2024-08-05T00:19:13.805+0000] {processor.py:183} INFO - Processing /home/airflow/.local/lib/python3.12/site-packages/airflow/example_dags/example_branch_labels.py took 0.097 seconds
[2024-08-05T00:19:43.992+0000] {processor.py:161} INFO - Started process (PID=26100) to work on /home/airflow/.local/lib/python3.12/site-packages/airflow/example_dags/example_branch_labels.py
[2024-08-05T00:19:43.993+0000] {processor.py:830} INFO - Processing file /home/airflow/.local/lib/python3.12/site-packages/airflow/example_dags/example_branch_labels.py for tasks to queue
[2024-08-05T00:19:43.995+0000] {logging_mixin.py:188} INFO - [2024-08-05T00:19:43.995+0000] {dagbag.py:545} INFO - Filling up the DagBag from /home/airflow/.local/lib/python3.12/site-packages/airflow/example_dags/example_branch_labels.py
[2024-08-05T00:19:44.001+0000] {processor.py:840} INFO - DAG(s) 'example_branch_labels' retrieved from /home/airflow/.local/lib/python3.12/site-packages/airflow/example_dags/example_branch_labels.py
[2024-08-05T00:19:44.024+0000] {logging_mixin.py:188} INFO - [2024-08-05T00:19:44.024+0000] {dag.py:3089} INFO - Sync 1 DAGs
[2024-08-05T00:19:44.051+0000] {logging_mixin.py:188} INFO - [2024-08-05T00:19:44.051+0000] {dag.py:3947} INFO - Setting next_dagrun for example_branch_labels to 2024-08-04 00:00:00+00:00, run_after=2024-08-05 00:00:00+00:00
[2024-08-05T00:19:44.070+0000] {processor.py:183} INFO - Processing /home/airflow/.local/lib/python3.12/site-packages/airflow/example_dags/example_branch_labels.py took 0.083 seconds
[2024-08-05T00:20:14.134+0000] {processor.py:161} INFO - Started process (PID=26380) to work on /home/airflow/.local/lib/python3.12/site-packages/airflow/example_dags/example_branch_labels.py
[2024-08-05T00:20:14.135+0000] {processor.py:830} INFO - Processing file /home/airflow/.local/lib/python3.12/site-packages/airflow/example_dags/example_branch_labels.py for tasks to queue
[2024-08-05T00:20:14.136+0000] {logging_mixin.py:188} INFO - [2024-08-05T00:20:14.136+0000] {dagbag.py:545} INFO - Filling up the DagBag from /home/airflow/.local/lib/python3.12/site-packages/airflow/example_dags/example_branch_labels.py
[2024-08-05T00:20:14.144+0000] {processor.py:840} INFO - DAG(s) 'example_branch_labels' retrieved from /home/airflow/.local/lib/python3.12/site-packages/airflow/example_dags/example_branch_labels.py
[2024-08-05T00:20:14.166+0000] {logging_mixin.py:188} INFO - [2024-08-05T00:20:14.166+0000] {dag.py:3089} INFO - Sync 1 DAGs
[2024-08-05T00:20:14.190+0000] {logging_mixin.py:188} INFO - [2024-08-05T00:20:14.190+0000] {dag.py:3947} INFO - Setting next_dagrun for example_branch_labels to 2024-08-04 00:00:00+00:00, run_after=2024-08-05 00:00:00+00:00
[2024-08-05T00:20:14.208+0000] {processor.py:183} INFO - Processing /home/airflow/.local/lib/python3.12/site-packages/airflow/example_dags/example_branch_labels.py took 0.078 seconds
[2024-08-05T00:20:44.768+0000] {processor.py:161} INFO - Started process (PID=26655) to work on /home/airflow/.local/lib/python3.12/site-packages/airflow/example_dags/example_branch_labels.py
[2024-08-05T00:20:44.769+0000] {processor.py:830} INFO - Processing file /home/airflow/.local/lib/python3.12/site-packages/airflow/example_dags/example_branch_labels.py for tasks to queue
[2024-08-05T00:20:44.770+0000] {logging_mixin.py:188} INFO - [2024-08-05T00:20:44.770+0000] {dagbag.py:545} INFO - Filling up the DagBag from /home/airflow/.local/lib/python3.12/site-packages/airflow/example_dags/example_branch_labels.py
[2024-08-05T00:20:44.778+0000] {processor.py:840} INFO - DAG(s) 'example_branch_labels' retrieved from /home/airflow/.local/lib/python3.12/site-packages/airflow/example_dags/example_branch_labels.py
[2024-08-05T00:20:44.798+0000] {logging_mixin.py:188} INFO - [2024-08-05T00:20:44.798+0000] {dag.py:3089} INFO - Sync 1 DAGs
[2024-08-05T00:20:44.819+0000] {logging_mixin.py:188} INFO - [2024-08-05T00:20:44.818+0000] {dag.py:3947} INFO - Setting next_dagrun for example_branch_labels to 2024-08-04 00:00:00+00:00, run_after=2024-08-05 00:00:00+00:00
[2024-08-05T00:20:44.836+0000] {processor.py:183} INFO - Processing /home/airflow/.local/lib/python3.12/site-packages/airflow/example_dags/example_branch_labels.py took 0.074 seconds
[2024-08-05T00:21:15.215+0000] {processor.py:161} INFO - Started process (PID=26925) to work on /home/airflow/.local/lib/python3.12/site-packages/airflow/example_dags/example_branch_labels.py
[2024-08-05T00:21:15.216+0000] {processor.py:830} INFO - Processing file /home/airflow/.local/lib/python3.12/site-packages/airflow/example_dags/example_branch_labels.py for tasks to queue
[2024-08-05T00:21:15.218+0000] {logging_mixin.py:188} INFO - [2024-08-05T00:21:15.218+0000] {dagbag.py:545} INFO - Filling up the DagBag from /home/airflow/.local/lib/python3.12/site-packages/airflow/example_dags/example_branch_labels.py
[2024-08-05T00:21:15.227+0000] {processor.py:840} INFO - DAG(s) 'example_branch_labels' retrieved from /home/airflow/.local/lib/python3.12/site-packages/airflow/example_dags/example_branch_labels.py
[2024-08-05T00:21:15.251+0000] {logging_mixin.py:188} INFO - [2024-08-05T00:21:15.251+0000] {dag.py:3089} INFO - Sync 1 DAGs
[2024-08-05T00:21:15.273+0000] {logging_mixin.py:188} INFO - [2024-08-05T00:21:15.272+0000] {dag.py:3947} INFO - Setting next_dagrun for example_branch_labels to 2024-08-04 00:00:00+00:00, run_after=2024-08-05 00:00:00+00:00
[2024-08-05T00:21:15.289+0000] {processor.py:183} INFO - Processing /home/airflow/.local/lib/python3.12/site-packages/airflow/example_dags/example_branch_labels.py took 0.078 seconds
[2024-08-05T00:21:45.469+0000] {processor.py:161} INFO - Started process (PID=27199) to work on /home/airflow/.local/lib/python3.12/site-packages/airflow/example_dags/example_branch_labels.py
[2024-08-05T00:21:45.470+0000] {processor.py:830} INFO - Processing file /home/airflow/.local/lib/python3.12/site-packages/airflow/example_dags/example_branch_labels.py for tasks to queue
[2024-08-05T00:21:45.471+0000] {logging_mixin.py:188} INFO - [2024-08-05T00:21:45.471+0000] {dagbag.py:545} INFO - Filling up the DagBag from /home/airflow/.local/lib/python3.12/site-packages/airflow/example_dags/example_branch_labels.py
[2024-08-05T00:21:45.478+0000] {processor.py:840} INFO - DAG(s) 'example_branch_labels' retrieved from /home/airflow/.local/lib/python3.12/site-packages/airflow/example_dags/example_branch_labels.py
[2024-08-05T00:21:45.498+0000] {logging_mixin.py:188} INFO - [2024-08-05T00:21:45.498+0000] {dag.py:3089} INFO - Sync 1 DAGs
[2024-08-05T00:21:45.519+0000] {logging_mixin.py:188} INFO - [2024-08-05T00:21:45.519+0000] {dag.py:3947} INFO - Setting next_dagrun for example_branch_labels to 2024-08-04 00:00:00+00:00, run_after=2024-08-05 00:00:00+00:00
[2024-08-05T00:21:45.535+0000] {processor.py:183} INFO - Processing /home/airflow/.local/lib/python3.12/site-packages/airflow/example_dags/example_branch_labels.py took 0.071 seconds
[2024-08-05T00:22:15.870+0000] {processor.py:161} INFO - Started process (PID=27470) to work on /home/airflow/.local/lib/python3.12/site-packages/airflow/example_dags/example_branch_labels.py
[2024-08-05T00:22:15.871+0000] {processor.py:830} INFO - Processing file /home/airflow/.local/lib/python3.12/site-packages/airflow/example_dags/example_branch_labels.py for tasks to queue
[2024-08-05T00:22:15.873+0000] {logging_mixin.py:188} INFO - [2024-08-05T00:22:15.873+0000] {dagbag.py:545} INFO - Filling up the DagBag from /home/airflow/.local/lib/python3.12/site-packages/airflow/example_dags/example_branch_labels.py
[2024-08-05T00:22:15.879+0000] {processor.py:840} INFO - DAG(s) 'example_branch_labels' retrieved from /home/airflow/.local/lib/python3.12/site-packages/airflow/example_dags/example_branch_labels.py
[2024-08-05T00:22:15.901+0000] {logging_mixin.py:188} INFO - [2024-08-05T00:22:15.900+0000] {dag.py:3089} INFO - Sync 1 DAGs
[2024-08-05T00:22:15.921+0000] {logging_mixin.py:188} INFO - [2024-08-05T00:22:15.921+0000] {dag.py:3947} INFO - Setting next_dagrun for example_branch_labels to 2024-08-04 00:00:00+00:00, run_after=2024-08-05 00:00:00+00:00
[2024-08-05T00:22:15.937+0000] {processor.py:183} INFO - Processing /home/airflow/.local/lib/python3.12/site-packages/airflow/example_dags/example_branch_labels.py took 0.072 seconds
[2024-08-05T00:22:46.339+0000] {processor.py:161} INFO - Started process (PID=27743) to work on /home/airflow/.local/lib/python3.12/site-packages/airflow/example_dags/example_branch_labels.py
[2024-08-05T00:22:46.340+0000] {processor.py:830} INFO - Processing file /home/airflow/.local/lib/python3.12/site-packages/airflow/example_dags/example_branch_labels.py for tasks to queue
[2024-08-05T00:22:46.342+0000] {logging_mixin.py:188} INFO - [2024-08-05T00:22:46.341+0000] {dagbag.py:545} INFO - Filling up the DagBag from /home/airflow/.local/lib/python3.12/site-packages/airflow/example_dags/example_branch_labels.py
[2024-08-05T00:22:46.348+0000] {processor.py:840} INFO - DAG(s) 'example_branch_labels' retrieved from /home/airflow/.local/lib/python3.12/site-packages/airflow/example_dags/example_branch_labels.py
[2024-08-05T00:22:46.370+0000] {logging_mixin.py:188} INFO - [2024-08-05T00:22:46.370+0000] {dag.py:3089} INFO - Sync 1 DAGs
[2024-08-05T00:22:46.391+0000] {logging_mixin.py:188} INFO - [2024-08-05T00:22:46.391+0000] {dag.py:3947} INFO - Setting next_dagrun for example_branch_labels to 2024-08-04 00:00:00+00:00, run_after=2024-08-05 00:00:00+00:00
[2024-08-05T00:22:46.408+0000] {processor.py:183} INFO - Processing /home/airflow/.local/lib/python3.12/site-packages/airflow/example_dags/example_branch_labels.py took 0.075 seconds
[2024-08-05T00:23:16.934+0000] {processor.py:161} INFO - Started process (PID=28015) to work on /home/airflow/.local/lib/python3.12/site-packages/airflow/example_dags/example_branch_labels.py
[2024-08-05T00:23:16.935+0000] {processor.py:830} INFO - Processing file /home/airflow/.local/lib/python3.12/site-packages/airflow/example_dags/example_branch_labels.py for tasks to queue
[2024-08-05T00:23:16.937+0000] {logging_mixin.py:188} INFO - [2024-08-05T00:23:16.937+0000] {dagbag.py:545} INFO - Filling up the DagBag from /home/airflow/.local/lib/python3.12/site-packages/airflow/example_dags/example_branch_labels.py
[2024-08-05T00:23:16.945+0000] {processor.py:840} INFO - DAG(s) 'example_branch_labels' retrieved from /home/airflow/.local/lib/python3.12/site-packages/airflow/example_dags/example_branch_labels.py
[2024-08-05T00:23:16.965+0000] {logging_mixin.py:188} INFO - [2024-08-05T00:23:16.965+0000] {dag.py:3089} INFO - Sync 1 DAGs
[2024-08-05T00:23:16.982+0000] {logging_mixin.py:188} INFO - [2024-08-05T00:23:16.982+0000] {dag.py:3947} INFO - Setting next_dagrun for example_branch_labels to 2024-08-04 00:00:00+00:00, run_after=2024-08-05 00:00:00+00:00
[2024-08-05T00:23:16.999+0000] {processor.py:183} INFO - Processing /home/airflow/.local/lib/python3.12/site-packages/airflow/example_dags/example_branch_labels.py took 0.071 seconds
[2024-08-05T00:23:47.541+0000] {processor.py:161} INFO - Started process (PID=28286) to work on /home/airflow/.local/lib/python3.12/site-packages/airflow/example_dags/example_branch_labels.py
[2024-08-05T00:23:47.542+0000] {processor.py:830} INFO - Processing file /home/airflow/.local/lib/python3.12/site-packages/airflow/example_dags/example_branch_labels.py for tasks to queue
[2024-08-05T00:23:47.543+0000] {logging_mixin.py:188} INFO - [2024-08-05T00:23:47.543+0000] {dagbag.py:545} INFO - Filling up the DagBag from /home/airflow/.local/lib/python3.12/site-packages/airflow/example_dags/example_branch_labels.py
[2024-08-05T00:23:47.550+0000] {processor.py:840} INFO - DAG(s) 'example_branch_labels' retrieved from /home/airflow/.local/lib/python3.12/site-packages/airflow/example_dags/example_branch_labels.py
[2024-08-05T00:23:47.571+0000] {logging_mixin.py:188} INFO - [2024-08-05T00:23:47.571+0000] {dag.py:3089} INFO - Sync 1 DAGs
[2024-08-05T00:23:47.591+0000] {logging_mixin.py:188} INFO - [2024-08-05T00:23:47.590+0000] {dag.py:3947} INFO - Setting next_dagrun for example_branch_labels to 2024-08-04 00:00:00+00:00, run_after=2024-08-05 00:00:00+00:00
[2024-08-05T00:23:47.606+0000] {processor.py:183} INFO - Processing /home/airflow/.local/lib/python3.12/site-packages/airflow/example_dags/example_branch_labels.py took 0.070 seconds
[2024-08-05T00:24:18.112+0000] {processor.py:161} INFO - Started process (PID=28559) to work on /home/airflow/.local/lib/python3.12/site-packages/airflow/example_dags/example_branch_labels.py
[2024-08-05T00:24:18.113+0000] {processor.py:830} INFO - Processing file /home/airflow/.local/lib/python3.12/site-packages/airflow/example_dags/example_branch_labels.py for tasks to queue
[2024-08-05T00:24:18.114+0000] {logging_mixin.py:188} INFO - [2024-08-05T00:24:18.114+0000] {dagbag.py:545} INFO - Filling up the DagBag from /home/airflow/.local/lib/python3.12/site-packages/airflow/example_dags/example_branch_labels.py
[2024-08-05T00:24:18.120+0000] {processor.py:840} INFO - DAG(s) 'example_branch_labels' retrieved from /home/airflow/.local/lib/python3.12/site-packages/airflow/example_dags/example_branch_labels.py
[2024-08-05T00:24:18.250+0000] {logging_mixin.py:188} INFO - [2024-08-05T00:24:18.249+0000] {dag.py:3089} INFO - Sync 1 DAGs
[2024-08-05T00:24:18.265+0000] {logging_mixin.py:188} INFO - [2024-08-05T00:24:18.265+0000] {dag.py:3947} INFO - Setting next_dagrun for example_branch_labels to 2024-08-04 00:00:00+00:00, run_after=2024-08-05 00:00:00+00:00
[2024-08-05T00:24:18.278+0000] {processor.py:183} INFO - Processing /home/airflow/.local/lib/python3.12/site-packages/airflow/example_dags/example_branch_labels.py took 0.170 seconds
[2024-08-05T00:24:48.765+0000] {processor.py:161} INFO - Started process (PID=28829) to work on /home/airflow/.local/lib/python3.12/site-packages/airflow/example_dags/example_branch_labels.py
[2024-08-05T00:24:48.766+0000] {processor.py:830} INFO - Processing file /home/airflow/.local/lib/python3.12/site-packages/airflow/example_dags/example_branch_labels.py for tasks to queue
[2024-08-05T00:24:48.767+0000] {logging_mixin.py:188} INFO - [2024-08-05T00:24:48.767+0000] {dagbag.py:545} INFO - Filling up the DagBag from /home/airflow/.local/lib/python3.12/site-packages/airflow/example_dags/example_branch_labels.py
[2024-08-05T00:24:48.773+0000] {processor.py:840} INFO - DAG(s) 'example_branch_labels' retrieved from /home/airflow/.local/lib/python3.12/site-packages/airflow/example_dags/example_branch_labels.py
[2024-08-05T00:24:48.790+0000] {logging_mixin.py:188} INFO - [2024-08-05T00:24:48.790+0000] {dag.py:3089} INFO - Sync 1 DAGs
[2024-08-05T00:24:48.807+0000] {logging_mixin.py:188} INFO - [2024-08-05T00:24:48.807+0000] {dag.py:3947} INFO - Setting next_dagrun for example_branch_labels to 2024-08-04 00:00:00+00:00, run_after=2024-08-05 00:00:00+00:00
[2024-08-05T00:24:48.819+0000] {processor.py:183} INFO - Processing /home/airflow/.local/lib/python3.12/site-packages/airflow/example_dags/example_branch_labels.py took 0.059 seconds
