[2024-08-05T00:00:03.274+0000] {processor.py:161} INFO - Started process (PID=15677) to work on /home/airflow/.local/lib/python3.12/site-packages/airflow/example_dags/example_xcom.py
[2024-08-05T00:00:03.275+0000] {processor.py:830} INFO - Processing file /home/airflow/.local/lib/python3.12/site-packages/airflow/example_dags/example_xcom.py for tasks to queue
[2024-08-05T00:00:03.277+0000] {logging_mixin.py:188} INFO - [2024-08-05T00:00:03.276+0000] {dagbag.py:545} INFO - Filling up the DagBag from /home/airflow/.local/lib/python3.12/site-packages/airflow/example_dags/example_xcom.py
[2024-08-05T00:00:03.282+0000] {processor.py:840} INFO - DAG(s) 'example_xcom' retrieved from /home/airflow/.local/lib/python3.12/site-packages/airflow/example_dags/example_xcom.py
[2024-08-05T00:00:03.301+0000] {logging_mixin.py:188} INFO - [2024-08-05T00:00:03.301+0000] {dag.py:3089} INFO - Sync 1 DAGs
[2024-08-05T00:00:03.318+0000] {logging_mixin.py:188} INFO - [2024-08-05T00:00:03.318+0000] {dag.py:3947} INFO - Setting next_dagrun for example_xcom to 2021-01-01 00:00:00+00:00, run_after=2021-01-01 00:00:00+00:00
[2024-08-05T00:00:03.334+0000] {processor.py:183} INFO - Processing /home/airflow/.local/lib/python3.12/site-packages/airflow/example_dags/example_xcom.py took 0.065 seconds
[2024-08-05T00:00:34.108+0000] {processor.py:161} INFO - Started process (PID=15953) to work on /home/airflow/.local/lib/python3.12/site-packages/airflow/example_dags/example_xcom.py
[2024-08-05T00:00:34.109+0000] {processor.py:830} INFO - Processing file /home/airflow/.local/lib/python3.12/site-packages/airflow/example_dags/example_xcom.py for tasks to queue
[2024-08-05T00:00:34.110+0000] {logging_mixin.py:188} INFO - [2024-08-05T00:00:34.110+0000] {dagbag.py:545} INFO - Filling up the DagBag from /home/airflow/.local/lib/python3.12/site-packages/airflow/example_dags/example_xcom.py
[2024-08-05T00:00:34.116+0000] {processor.py:840} INFO - DAG(s) 'example_xcom' retrieved from /home/airflow/.local/lib/python3.12/site-packages/airflow/example_dags/example_xcom.py
[2024-08-05T00:00:34.134+0000] {logging_mixin.py:188} INFO - [2024-08-05T00:00:34.134+0000] {dag.py:3089} INFO - Sync 1 DAGs
[2024-08-05T00:00:34.152+0000] {logging_mixin.py:188} INFO - [2024-08-05T00:00:34.152+0000] {dag.py:3947} INFO - Setting next_dagrun for example_xcom to 2021-01-01 00:00:00+00:00, run_after=2021-01-01 00:00:00+00:00
[2024-08-05T00:00:34.167+0000] {processor.py:183} INFO - Processing /home/airflow/.local/lib/python3.12/site-packages/airflow/example_dags/example_xcom.py took 0.064 seconds
[2024-08-05T00:01:05.017+0000] {processor.py:161} INFO - Started process (PID=16223) to work on /home/airflow/.local/lib/python3.12/site-packages/airflow/example_dags/example_xcom.py
[2024-08-05T00:01:05.017+0000] {processor.py:830} INFO - Processing file /home/airflow/.local/lib/python3.12/site-packages/airflow/example_dags/example_xcom.py for tasks to queue
[2024-08-05T00:01:05.019+0000] {logging_mixin.py:188} INFO - [2024-08-05T00:01:05.019+0000] {dagbag.py:545} INFO - Filling up the DagBag from /home/airflow/.local/lib/python3.12/site-packages/airflow/example_dags/example_xcom.py
[2024-08-05T00:01:05.026+0000] {processor.py:840} INFO - DAG(s) 'example_xcom' retrieved from /home/airflow/.local/lib/python3.12/site-packages/airflow/example_dags/example_xcom.py
[2024-08-05T00:01:05.047+0000] {logging_mixin.py:188} INFO - [2024-08-05T00:01:05.046+0000] {dag.py:3089} INFO - Sync 1 DAGs
[2024-08-05T00:01:05.066+0000] {logging_mixin.py:188} INFO - [2024-08-05T00:01:05.066+0000] {dag.py:3947} INFO - Setting next_dagrun for example_xcom to 2021-01-01 00:00:00+00:00, run_after=2021-01-01 00:00:00+00:00
[2024-08-05T00:01:05.083+0000] {processor.py:183} INFO - Processing /home/airflow/.local/lib/python3.12/site-packages/airflow/example_dags/example_xcom.py took 0.071 seconds
[2024-08-05T00:01:35.369+0000] {processor.py:161} INFO - Started process (PID=16497) to work on /home/airflow/.local/lib/python3.12/site-packages/airflow/example_dags/example_xcom.py
[2024-08-05T00:01:35.370+0000] {processor.py:830} INFO - Processing file /home/airflow/.local/lib/python3.12/site-packages/airflow/example_dags/example_xcom.py for tasks to queue
[2024-08-05T00:01:35.372+0000] {logging_mixin.py:188} INFO - [2024-08-05T00:01:35.372+0000] {dagbag.py:545} INFO - Filling up the DagBag from /home/airflow/.local/lib/python3.12/site-packages/airflow/example_dags/example_xcom.py
[2024-08-05T00:01:35.379+0000] {processor.py:840} INFO - DAG(s) 'example_xcom' retrieved from /home/airflow/.local/lib/python3.12/site-packages/airflow/example_dags/example_xcom.py
[2024-08-05T00:01:35.401+0000] {logging_mixin.py:188} INFO - [2024-08-05T00:01:35.401+0000] {dag.py:3089} INFO - Sync 1 DAGs
[2024-08-05T00:01:35.425+0000] {logging_mixin.py:188} INFO - [2024-08-05T00:01:35.424+0000] {dag.py:3947} INFO - Setting next_dagrun for example_xcom to 2021-01-01 00:00:00+00:00, run_after=2021-01-01 00:00:00+00:00
[2024-08-05T00:01:35.441+0000] {processor.py:183} INFO - Processing /home/airflow/.local/lib/python3.12/site-packages/airflow/example_dags/example_xcom.py took 0.078 seconds
[2024-08-05T00:02:05.526+0000] {processor.py:161} INFO - Started process (PID=16769) to work on /home/airflow/.local/lib/python3.12/site-packages/airflow/example_dags/example_xcom.py
[2024-08-05T00:02:05.527+0000] {processor.py:830} INFO - Processing file /home/airflow/.local/lib/python3.12/site-packages/airflow/example_dags/example_xcom.py for tasks to queue
[2024-08-05T00:02:05.528+0000] {logging_mixin.py:188} INFO - [2024-08-05T00:02:05.528+0000] {dagbag.py:545} INFO - Filling up the DagBag from /home/airflow/.local/lib/python3.12/site-packages/airflow/example_dags/example_xcom.py
[2024-08-05T00:02:05.535+0000] {processor.py:840} INFO - DAG(s) 'example_xcom' retrieved from /home/airflow/.local/lib/python3.12/site-packages/airflow/example_dags/example_xcom.py
[2024-08-05T00:02:05.559+0000] {logging_mixin.py:188} INFO - [2024-08-05T00:02:05.558+0000] {dag.py:3089} INFO - Sync 1 DAGs
[2024-08-05T00:02:05.579+0000] {logging_mixin.py:188} INFO - [2024-08-05T00:02:05.579+0000] {dag.py:3947} INFO - Setting next_dagrun for example_xcom to 2021-01-01 00:00:00+00:00, run_after=2021-01-01 00:00:00+00:00
[2024-08-05T00:02:05.595+0000] {processor.py:183} INFO - Processing /home/airflow/.local/lib/python3.12/site-packages/airflow/example_dags/example_xcom.py took 0.074 seconds
[2024-08-05T00:02:35.694+0000] {processor.py:161} INFO - Started process (PID=17041) to work on /home/airflow/.local/lib/python3.12/site-packages/airflow/example_dags/example_xcom.py
[2024-08-05T00:02:35.695+0000] {processor.py:830} INFO - Processing file /home/airflow/.local/lib/python3.12/site-packages/airflow/example_dags/example_xcom.py for tasks to queue
[2024-08-05T00:02:35.696+0000] {logging_mixin.py:188} INFO - [2024-08-05T00:02:35.696+0000] {dagbag.py:545} INFO - Filling up the DagBag from /home/airflow/.local/lib/python3.12/site-packages/airflow/example_dags/example_xcom.py
[2024-08-05T00:02:35.703+0000] {processor.py:840} INFO - DAG(s) 'example_xcom' retrieved from /home/airflow/.local/lib/python3.12/site-packages/airflow/example_dags/example_xcom.py
[2024-08-05T00:02:35.724+0000] {logging_mixin.py:188} INFO - [2024-08-05T00:02:35.724+0000] {dag.py:3089} INFO - Sync 1 DAGs
[2024-08-05T00:02:35.744+0000] {logging_mixin.py:188} INFO - [2024-08-05T00:02:35.743+0000] {dag.py:3947} INFO - Setting next_dagrun for example_xcom to 2021-01-01 00:00:00+00:00, run_after=2021-01-01 00:00:00+00:00
[2024-08-05T00:02:35.760+0000] {processor.py:183} INFO - Processing /home/airflow/.local/lib/python3.12/site-packages/airflow/example_dags/example_xcom.py took 0.070 seconds
[2024-08-05T00:03:05.826+0000] {processor.py:161} INFO - Started process (PID=17313) to work on /home/airflow/.local/lib/python3.12/site-packages/airflow/example_dags/example_xcom.py
[2024-08-05T00:03:05.827+0000] {processor.py:830} INFO - Processing file /home/airflow/.local/lib/python3.12/site-packages/airflow/example_dags/example_xcom.py for tasks to queue
[2024-08-05T00:03:05.828+0000] {logging_mixin.py:188} INFO - [2024-08-05T00:03:05.828+0000] {dagbag.py:545} INFO - Filling up the DagBag from /home/airflow/.local/lib/python3.12/site-packages/airflow/example_dags/example_xcom.py
[2024-08-05T00:03:05.836+0000] {processor.py:840} INFO - DAG(s) 'example_xcom' retrieved from /home/airflow/.local/lib/python3.12/site-packages/airflow/example_dags/example_xcom.py
[2024-08-05T00:03:05.858+0000] {logging_mixin.py:188} INFO - [2024-08-05T00:03:05.857+0000] {dag.py:3089} INFO - Sync 1 DAGs
[2024-08-05T00:03:05.876+0000] {logging_mixin.py:188} INFO - [2024-08-05T00:03:05.876+0000] {dag.py:3947} INFO - Setting next_dagrun for example_xcom to 2021-01-01 00:00:00+00:00, run_after=2021-01-01 00:00:00+00:00
[2024-08-05T00:03:05.891+0000] {processor.py:183} INFO - Processing /home/airflow/.local/lib/python3.12/site-packages/airflow/example_dags/example_xcom.py took 0.070 seconds
[2024-08-05T00:03:36.176+0000] {processor.py:161} INFO - Started process (PID=17585) to work on /home/airflow/.local/lib/python3.12/site-packages/airflow/example_dags/example_xcom.py
[2024-08-05T00:03:36.177+0000] {processor.py:830} INFO - Processing file /home/airflow/.local/lib/python3.12/site-packages/airflow/example_dags/example_xcom.py for tasks to queue
[2024-08-05T00:03:36.178+0000] {logging_mixin.py:188} INFO - [2024-08-05T00:03:36.178+0000] {dagbag.py:545} INFO - Filling up the DagBag from /home/airflow/.local/lib/python3.12/site-packages/airflow/example_dags/example_xcom.py
[2024-08-05T00:03:36.185+0000] {processor.py:840} INFO - DAG(s) 'example_xcom' retrieved from /home/airflow/.local/lib/python3.12/site-packages/airflow/example_dags/example_xcom.py
[2024-08-05T00:03:36.207+0000] {logging_mixin.py:188} INFO - [2024-08-05T00:03:36.207+0000] {dag.py:3089} INFO - Sync 1 DAGs
[2024-08-05T00:03:36.226+0000] {logging_mixin.py:188} INFO - [2024-08-05T00:03:36.226+0000] {dag.py:3947} INFO - Setting next_dagrun for example_xcom to 2021-01-01 00:00:00+00:00, run_after=2021-01-01 00:00:00+00:00
[2024-08-05T00:03:36.242+0000] {processor.py:183} INFO - Processing /home/airflow/.local/lib/python3.12/site-packages/airflow/example_dags/example_xcom.py took 0.071 seconds
[2024-08-05T00:04:06.485+0000] {processor.py:161} INFO - Started process (PID=17857) to work on /home/airflow/.local/lib/python3.12/site-packages/airflow/example_dags/example_xcom.py
[2024-08-05T00:04:06.486+0000] {processor.py:830} INFO - Processing file /home/airflow/.local/lib/python3.12/site-packages/airflow/example_dags/example_xcom.py for tasks to queue
[2024-08-05T00:04:06.488+0000] {logging_mixin.py:188} INFO - [2024-08-05T00:04:06.488+0000] {dagbag.py:545} INFO - Filling up the DagBag from /home/airflow/.local/lib/python3.12/site-packages/airflow/example_dags/example_xcom.py
[2024-08-05T00:04:06.494+0000] {processor.py:840} INFO - DAG(s) 'example_xcom' retrieved from /home/airflow/.local/lib/python3.12/site-packages/airflow/example_dags/example_xcom.py
[2024-08-05T00:04:06.516+0000] {logging_mixin.py:188} INFO - [2024-08-05T00:04:06.516+0000] {dag.py:3089} INFO - Sync 1 DAGs
[2024-08-05T00:04:06.538+0000] {logging_mixin.py:188} INFO - [2024-08-05T00:04:06.538+0000] {dag.py:3947} INFO - Setting next_dagrun for example_xcom to 2021-01-01 00:00:00+00:00, run_after=2021-01-01 00:00:00+00:00
[2024-08-05T00:04:06.556+0000] {processor.py:183} INFO - Processing /home/airflow/.local/lib/python3.12/site-packages/airflow/example_dags/example_xcom.py took 0.077 seconds
[2024-08-05T00:04:36.757+0000] {processor.py:161} INFO - Started process (PID=18129) to work on /home/airflow/.local/lib/python3.12/site-packages/airflow/example_dags/example_xcom.py
[2024-08-05T00:04:36.757+0000] {processor.py:830} INFO - Processing file /home/airflow/.local/lib/python3.12/site-packages/airflow/example_dags/example_xcom.py for tasks to queue
[2024-08-05T00:04:36.759+0000] {logging_mixin.py:188} INFO - [2024-08-05T00:04:36.759+0000] {dagbag.py:545} INFO - Filling up the DagBag from /home/airflow/.local/lib/python3.12/site-packages/airflow/example_dags/example_xcom.py
[2024-08-05T00:04:36.765+0000] {processor.py:840} INFO - DAG(s) 'example_xcom' retrieved from /home/airflow/.local/lib/python3.12/site-packages/airflow/example_dags/example_xcom.py
[2024-08-05T00:04:36.784+0000] {logging_mixin.py:188} INFO - [2024-08-05T00:04:36.783+0000] {dag.py:3089} INFO - Sync 1 DAGs
[2024-08-05T00:04:36.804+0000] {logging_mixin.py:188} INFO - [2024-08-05T00:04:36.804+0000] {dag.py:3947} INFO - Setting next_dagrun for example_xcom to 2021-01-01 00:00:00+00:00, run_after=2021-01-01 00:00:00+00:00
[2024-08-05T00:04:36.821+0000] {processor.py:183} INFO - Processing /home/airflow/.local/lib/python3.12/site-packages/airflow/example_dags/example_xcom.py took 0.071 seconds
[2024-08-05T00:05:06.905+0000] {processor.py:161} INFO - Started process (PID=18401) to work on /home/airflow/.local/lib/python3.12/site-packages/airflow/example_dags/example_xcom.py
[2024-08-05T00:05:06.906+0000] {processor.py:830} INFO - Processing file /home/airflow/.local/lib/python3.12/site-packages/airflow/example_dags/example_xcom.py for tasks to queue
[2024-08-05T00:05:06.907+0000] {logging_mixin.py:188} INFO - [2024-08-05T00:05:06.907+0000] {dagbag.py:545} INFO - Filling up the DagBag from /home/airflow/.local/lib/python3.12/site-packages/airflow/example_dags/example_xcom.py
[2024-08-05T00:05:06.914+0000] {processor.py:840} INFO - DAG(s) 'example_xcom' retrieved from /home/airflow/.local/lib/python3.12/site-packages/airflow/example_dags/example_xcom.py
[2024-08-05T00:05:06.934+0000] {logging_mixin.py:188} INFO - [2024-08-05T00:05:06.934+0000] {dag.py:3089} INFO - Sync 1 DAGs
[2024-08-05T00:05:06.952+0000] {logging_mixin.py:188} INFO - [2024-08-05T00:05:06.952+0000] {dag.py:3947} INFO - Setting next_dagrun for example_xcom to 2021-01-01 00:00:00+00:00, run_after=2021-01-01 00:00:00+00:00
[2024-08-05T00:05:06.970+0000] {processor.py:183} INFO - Processing /home/airflow/.local/lib/python3.12/site-packages/airflow/example_dags/example_xcom.py took 0.070 seconds
[2024-08-05T00:05:37.274+0000] {processor.py:161} INFO - Started process (PID=18673) to work on /home/airflow/.local/lib/python3.12/site-packages/airflow/example_dags/example_xcom.py
[2024-08-05T00:05:37.275+0000] {processor.py:830} INFO - Processing file /home/airflow/.local/lib/python3.12/site-packages/airflow/example_dags/example_xcom.py for tasks to queue
[2024-08-05T00:05:37.276+0000] {logging_mixin.py:188} INFO - [2024-08-05T00:05:37.276+0000] {dagbag.py:545} INFO - Filling up the DagBag from /home/airflow/.local/lib/python3.12/site-packages/airflow/example_dags/example_xcom.py
[2024-08-05T00:05:37.283+0000] {processor.py:840} INFO - DAG(s) 'example_xcom' retrieved from /home/airflow/.local/lib/python3.12/site-packages/airflow/example_dags/example_xcom.py
[2024-08-05T00:05:37.305+0000] {logging_mixin.py:188} INFO - [2024-08-05T00:05:37.305+0000] {dag.py:3089} INFO - Sync 1 DAGs
[2024-08-05T00:05:37.324+0000] {logging_mixin.py:188} INFO - [2024-08-05T00:05:37.324+0000] {dag.py:3947} INFO - Setting next_dagrun for example_xcom to 2021-01-01 00:00:00+00:00, run_after=2021-01-01 00:00:00+00:00
[2024-08-05T00:05:37.340+0000] {processor.py:183} INFO - Processing /home/airflow/.local/lib/python3.12/site-packages/airflow/example_dags/example_xcom.py took 0.070 seconds
[2024-08-05T00:06:08.289+0000] {processor.py:161} INFO - Started process (PID=18945) to work on /home/airflow/.local/lib/python3.12/site-packages/airflow/example_dags/example_xcom.py
[2024-08-05T00:06:08.290+0000] {processor.py:830} INFO - Processing file /home/airflow/.local/lib/python3.12/site-packages/airflow/example_dags/example_xcom.py for tasks to queue
[2024-08-05T00:06:08.291+0000] {logging_mixin.py:188} INFO - [2024-08-05T00:06:08.291+0000] {dagbag.py:545} INFO - Filling up the DagBag from /home/airflow/.local/lib/python3.12/site-packages/airflow/example_dags/example_xcom.py
[2024-08-05T00:06:08.297+0000] {processor.py:840} INFO - DAG(s) 'example_xcom' retrieved from /home/airflow/.local/lib/python3.12/site-packages/airflow/example_dags/example_xcom.py
[2024-08-05T00:06:08.319+0000] {logging_mixin.py:188} INFO - [2024-08-05T00:06:08.319+0000] {dag.py:3089} INFO - Sync 1 DAGs
[2024-08-05T00:06:08.339+0000] {logging_mixin.py:188} INFO - [2024-08-05T00:06:08.338+0000] {dag.py:3947} INFO - Setting next_dagrun for example_xcom to 2021-01-01 00:00:00+00:00, run_after=2021-01-01 00:00:00+00:00
[2024-08-05T00:06:08.355+0000] {processor.py:183} INFO - Processing /home/airflow/.local/lib/python3.12/site-packages/airflow/example_dags/example_xcom.py took 0.071 seconds
[2024-08-05T00:06:38.511+0000] {processor.py:161} INFO - Started process (PID=19217) to work on /home/airflow/.local/lib/python3.12/site-packages/airflow/example_dags/example_xcom.py
[2024-08-05T00:06:38.512+0000] {processor.py:830} INFO - Processing file /home/airflow/.local/lib/python3.12/site-packages/airflow/example_dags/example_xcom.py for tasks to queue
[2024-08-05T00:06:38.514+0000] {logging_mixin.py:188} INFO - [2024-08-05T00:06:38.514+0000] {dagbag.py:545} INFO - Filling up the DagBag from /home/airflow/.local/lib/python3.12/site-packages/airflow/example_dags/example_xcom.py
[2024-08-05T00:06:38.521+0000] {processor.py:840} INFO - DAG(s) 'example_xcom' retrieved from /home/airflow/.local/lib/python3.12/site-packages/airflow/example_dags/example_xcom.py
[2024-08-05T00:06:38.541+0000] {logging_mixin.py:188} INFO - [2024-08-05T00:06:38.541+0000] {dag.py:3089} INFO - Sync 1 DAGs
[2024-08-05T00:06:38.560+0000] {logging_mixin.py:188} INFO - [2024-08-05T00:06:38.560+0000] {dag.py:3947} INFO - Setting next_dagrun for example_xcom to 2021-01-01 00:00:00+00:00, run_after=2021-01-01 00:00:00+00:00
[2024-08-05T00:06:38.576+0000] {processor.py:183} INFO - Processing /home/airflow/.local/lib/python3.12/site-packages/airflow/example_dags/example_xcom.py took 0.070 seconds
[2024-08-05T00:07:08.798+0000] {processor.py:161} INFO - Started process (PID=19489) to work on /home/airflow/.local/lib/python3.12/site-packages/airflow/example_dags/example_xcom.py
[2024-08-05T00:07:08.799+0000] {processor.py:830} INFO - Processing file /home/airflow/.local/lib/python3.12/site-packages/airflow/example_dags/example_xcom.py for tasks to queue
[2024-08-05T00:07:08.800+0000] {logging_mixin.py:188} INFO - [2024-08-05T00:07:08.800+0000] {dagbag.py:545} INFO - Filling up the DagBag from /home/airflow/.local/lib/python3.12/site-packages/airflow/example_dags/example_xcom.py
[2024-08-05T00:07:08.806+0000] {processor.py:840} INFO - DAG(s) 'example_xcom' retrieved from /home/airflow/.local/lib/python3.12/site-packages/airflow/example_dags/example_xcom.py
[2024-08-05T00:07:08.828+0000] {logging_mixin.py:188} INFO - [2024-08-05T00:07:08.828+0000] {dag.py:3089} INFO - Sync 1 DAGs
[2024-08-05T00:07:08.848+0000] {logging_mixin.py:188} INFO - [2024-08-05T00:07:08.848+0000] {dag.py:3947} INFO - Setting next_dagrun for example_xcom to 2021-01-01 00:00:00+00:00, run_after=2021-01-01 00:00:00+00:00
[2024-08-05T00:07:08.864+0000] {processor.py:183} INFO - Processing /home/airflow/.local/lib/python3.12/site-packages/airflow/example_dags/example_xcom.py took 0.072 seconds
[2024-08-05T00:07:39.699+0000] {processor.py:161} INFO - Started process (PID=19755) to work on /home/airflow/.local/lib/python3.12/site-packages/airflow/example_dags/example_xcom.py
[2024-08-05T00:07:39.700+0000] {processor.py:830} INFO - Processing file /home/airflow/.local/lib/python3.12/site-packages/airflow/example_dags/example_xcom.py for tasks to queue
[2024-08-05T00:07:39.702+0000] {logging_mixin.py:188} INFO - [2024-08-05T00:07:39.701+0000] {dagbag.py:545} INFO - Filling up the DagBag from /home/airflow/.local/lib/python3.12/site-packages/airflow/example_dags/example_xcom.py
[2024-08-05T00:07:39.708+0000] {processor.py:840} INFO - DAG(s) 'example_xcom' retrieved from /home/airflow/.local/lib/python3.12/site-packages/airflow/example_dags/example_xcom.py
[2024-08-05T00:07:39.731+0000] {logging_mixin.py:188} INFO - [2024-08-05T00:07:39.730+0000] {dag.py:3089} INFO - Sync 1 DAGs
[2024-08-05T00:07:39.750+0000] {logging_mixin.py:188} INFO - [2024-08-05T00:07:39.750+0000] {dag.py:3947} INFO - Setting next_dagrun for example_xcom to 2021-01-01 00:00:00+00:00, run_after=2021-01-01 00:00:00+00:00
[2024-08-05T00:07:39.765+0000] {processor.py:183} INFO - Processing /home/airflow/.local/lib/python3.12/site-packages/airflow/example_dags/example_xcom.py took 0.071 seconds
[2024-08-05T00:08:09.892+0000] {processor.py:161} INFO - Started process (PID=20027) to work on /home/airflow/.local/lib/python3.12/site-packages/airflow/example_dags/example_xcom.py
[2024-08-05T00:08:09.893+0000] {processor.py:830} INFO - Processing file /home/airflow/.local/lib/python3.12/site-packages/airflow/example_dags/example_xcom.py for tasks to queue
[2024-08-05T00:08:09.895+0000] {logging_mixin.py:188} INFO - [2024-08-05T00:08:09.895+0000] {dagbag.py:545} INFO - Filling up the DagBag from /home/airflow/.local/lib/python3.12/site-packages/airflow/example_dags/example_xcom.py
[2024-08-05T00:08:09.901+0000] {processor.py:840} INFO - DAG(s) 'example_xcom' retrieved from /home/airflow/.local/lib/python3.12/site-packages/airflow/example_dags/example_xcom.py
[2024-08-05T00:08:09.922+0000] {logging_mixin.py:188} INFO - [2024-08-05T00:08:09.922+0000] {dag.py:3089} INFO - Sync 1 DAGs
[2024-08-05T00:08:09.941+0000] {logging_mixin.py:188} INFO - [2024-08-05T00:08:09.941+0000] {dag.py:3947} INFO - Setting next_dagrun for example_xcom to 2021-01-01 00:00:00+00:00, run_after=2021-01-01 00:00:00+00:00
[2024-08-05T00:08:09.958+0000] {processor.py:183} INFO - Processing /home/airflow/.local/lib/python3.12/site-packages/airflow/example_dags/example_xcom.py took 0.071 seconds
[2024-08-05T00:08:40.250+0000] {processor.py:161} INFO - Started process (PID=20299) to work on /home/airflow/.local/lib/python3.12/site-packages/airflow/example_dags/example_xcom.py
[2024-08-05T00:08:40.251+0000] {processor.py:830} INFO - Processing file /home/airflow/.local/lib/python3.12/site-packages/airflow/example_dags/example_xcom.py for tasks to queue
[2024-08-05T00:08:40.252+0000] {logging_mixin.py:188} INFO - [2024-08-05T00:08:40.252+0000] {dagbag.py:545} INFO - Filling up the DagBag from /home/airflow/.local/lib/python3.12/site-packages/airflow/example_dags/example_xcom.py
[2024-08-05T00:08:40.258+0000] {processor.py:840} INFO - DAG(s) 'example_xcom' retrieved from /home/airflow/.local/lib/python3.12/site-packages/airflow/example_dags/example_xcom.py
[2024-08-05T00:08:40.278+0000] {logging_mixin.py:188} INFO - [2024-08-05T00:08:40.277+0000] {dag.py:3089} INFO - Sync 1 DAGs
[2024-08-05T00:08:40.295+0000] {logging_mixin.py:188} INFO - [2024-08-05T00:08:40.295+0000] {dag.py:3947} INFO - Setting next_dagrun for example_xcom to 2021-01-01 00:00:00+00:00, run_after=2021-01-01 00:00:00+00:00
[2024-08-05T00:08:40.310+0000] {processor.py:183} INFO - Processing /home/airflow/.local/lib/python3.12/site-packages/airflow/example_dags/example_xcom.py took 0.064 seconds
[2024-08-05T00:09:10.464+0000] {processor.py:161} INFO - Started process (PID=20571) to work on /home/airflow/.local/lib/python3.12/site-packages/airflow/example_dags/example_xcom.py
[2024-08-05T00:09:10.464+0000] {processor.py:830} INFO - Processing file /home/airflow/.local/lib/python3.12/site-packages/airflow/example_dags/example_xcom.py for tasks to queue
[2024-08-05T00:09:10.466+0000] {logging_mixin.py:188} INFO - [2024-08-05T00:09:10.465+0000] {dagbag.py:545} INFO - Filling up the DagBag from /home/airflow/.local/lib/python3.12/site-packages/airflow/example_dags/example_xcom.py
[2024-08-05T00:09:10.472+0000] {processor.py:840} INFO - DAG(s) 'example_xcom' retrieved from /home/airflow/.local/lib/python3.12/site-packages/airflow/example_dags/example_xcom.py
[2024-08-05T00:09:10.493+0000] {logging_mixin.py:188} INFO - [2024-08-05T00:09:10.492+0000] {dag.py:3089} INFO - Sync 1 DAGs
[2024-08-05T00:09:10.511+0000] {logging_mixin.py:188} INFO - [2024-08-05T00:09:10.511+0000] {dag.py:3947} INFO - Setting next_dagrun for example_xcom to 2021-01-01 00:00:00+00:00, run_after=2021-01-01 00:00:00+00:00
[2024-08-05T00:09:10.525+0000] {processor.py:183} INFO - Processing /home/airflow/.local/lib/python3.12/site-packages/airflow/example_dags/example_xcom.py took 0.067 seconds
[2024-08-05T00:09:41.045+0000] {processor.py:161} INFO - Started process (PID=20843) to work on /home/airflow/.local/lib/python3.12/site-packages/airflow/example_dags/example_xcom.py
[2024-08-05T00:09:41.046+0000] {processor.py:830} INFO - Processing file /home/airflow/.local/lib/python3.12/site-packages/airflow/example_dags/example_xcom.py for tasks to queue
[2024-08-05T00:09:41.047+0000] {logging_mixin.py:188} INFO - [2024-08-05T00:09:41.047+0000] {dagbag.py:545} INFO - Filling up the DagBag from /home/airflow/.local/lib/python3.12/site-packages/airflow/example_dags/example_xcom.py
[2024-08-05T00:09:41.052+0000] {processor.py:840} INFO - DAG(s) 'example_xcom' retrieved from /home/airflow/.local/lib/python3.12/site-packages/airflow/example_dags/example_xcom.py
[2024-08-05T00:09:41.072+0000] {logging_mixin.py:188} INFO - [2024-08-05T00:09:41.071+0000] {dag.py:3089} INFO - Sync 1 DAGs
[2024-08-05T00:09:41.091+0000] {logging_mixin.py:188} INFO - [2024-08-05T00:09:41.090+0000] {dag.py:3947} INFO - Setting next_dagrun for example_xcom to 2021-01-01 00:00:00+00:00, run_after=2021-01-01 00:00:00+00:00
[2024-08-05T00:09:41.106+0000] {processor.py:183} INFO - Processing /home/airflow/.local/lib/python3.12/site-packages/airflow/example_dags/example_xcom.py took 0.066 seconds
[2024-08-05T00:10:11.732+0000] {processor.py:161} INFO - Started process (PID=21121) to work on /home/airflow/.local/lib/python3.12/site-packages/airflow/example_dags/example_xcom.py
[2024-08-05T00:10:11.733+0000] {processor.py:830} INFO - Processing file /home/airflow/.local/lib/python3.12/site-packages/airflow/example_dags/example_xcom.py for tasks to queue
[2024-08-05T00:10:11.734+0000] {logging_mixin.py:188} INFO - [2024-08-05T00:10:11.734+0000] {dagbag.py:545} INFO - Filling up the DagBag from /home/airflow/.local/lib/python3.12/site-packages/airflow/example_dags/example_xcom.py
[2024-08-05T00:10:11.741+0000] {processor.py:840} INFO - DAG(s) 'example_xcom' retrieved from /home/airflow/.local/lib/python3.12/site-packages/airflow/example_dags/example_xcom.py
[2024-08-05T00:10:11.760+0000] {logging_mixin.py:188} INFO - [2024-08-05T00:10:11.759+0000] {dag.py:3089} INFO - Sync 1 DAGs
[2024-08-05T00:10:11.776+0000] {logging_mixin.py:188} INFO - [2024-08-05T00:10:11.776+0000] {dag.py:3947} INFO - Setting next_dagrun for example_xcom to 2021-01-01 00:00:00+00:00, run_after=2021-01-01 00:00:00+00:00
[2024-08-05T00:10:11.791+0000] {processor.py:183} INFO - Processing /home/airflow/.local/lib/python3.12/site-packages/airflow/example_dags/example_xcom.py took 0.062 seconds
[2024-08-05T00:10:42.571+0000] {processor.py:161} INFO - Started process (PID=21396) to work on /home/airflow/.local/lib/python3.12/site-packages/airflow/example_dags/example_xcom.py
[2024-08-05T00:10:42.572+0000] {processor.py:830} INFO - Processing file /home/airflow/.local/lib/python3.12/site-packages/airflow/example_dags/example_xcom.py for tasks to queue
[2024-08-05T00:10:42.574+0000] {logging_mixin.py:188} INFO - [2024-08-05T00:10:42.574+0000] {dagbag.py:545} INFO - Filling up the DagBag from /home/airflow/.local/lib/python3.12/site-packages/airflow/example_dags/example_xcom.py
[2024-08-05T00:10:42.580+0000] {processor.py:840} INFO - DAG(s) 'example_xcom' retrieved from /home/airflow/.local/lib/python3.12/site-packages/airflow/example_dags/example_xcom.py
[2024-08-05T00:10:42.601+0000] {logging_mixin.py:188} INFO - [2024-08-05T00:10:42.600+0000] {dag.py:3089} INFO - Sync 1 DAGs
[2024-08-05T00:10:42.619+0000] {logging_mixin.py:188} INFO - [2024-08-05T00:10:42.619+0000] {dag.py:3947} INFO - Setting next_dagrun for example_xcom to 2021-01-01 00:00:00+00:00, run_after=2021-01-01 00:00:00+00:00
[2024-08-05T00:10:42.635+0000] {processor.py:183} INFO - Processing /home/airflow/.local/lib/python3.12/site-packages/airflow/example_dags/example_xcom.py took 0.069 seconds
[2024-08-05T00:11:13.287+0000] {processor.py:161} INFO - Started process (PID=21668) to work on /home/airflow/.local/lib/python3.12/site-packages/airflow/example_dags/example_xcom.py
[2024-08-05T00:11:13.288+0000] {processor.py:830} INFO - Processing file /home/airflow/.local/lib/python3.12/site-packages/airflow/example_dags/example_xcom.py for tasks to queue
[2024-08-05T00:11:13.290+0000] {logging_mixin.py:188} INFO - [2024-08-05T00:11:13.289+0000] {dagbag.py:545} INFO - Filling up the DagBag from /home/airflow/.local/lib/python3.12/site-packages/airflow/example_dags/example_xcom.py
[2024-08-05T00:11:13.295+0000] {processor.py:840} INFO - DAG(s) 'example_xcom' retrieved from /home/airflow/.local/lib/python3.12/site-packages/airflow/example_dags/example_xcom.py
[2024-08-05T00:11:13.314+0000] {logging_mixin.py:188} INFO - [2024-08-05T00:11:13.314+0000] {dag.py:3089} INFO - Sync 1 DAGs
[2024-08-05T00:11:13.331+0000] {logging_mixin.py:188} INFO - [2024-08-05T00:11:13.331+0000] {dag.py:3947} INFO - Setting next_dagrun for example_xcom to 2021-01-01 00:00:00+00:00, run_after=2021-01-01 00:00:00+00:00
[2024-08-05T00:11:13.346+0000] {processor.py:183} INFO - Processing /home/airflow/.local/lib/python3.12/site-packages/airflow/example_dags/example_xcom.py took 0.064 seconds
[2024-08-05T00:11:44.228+0000] {processor.py:161} INFO - Started process (PID=21940) to work on /home/airflow/.local/lib/python3.12/site-packages/airflow/example_dags/example_xcom.py
[2024-08-05T00:11:44.229+0000] {processor.py:830} INFO - Processing file /home/airflow/.local/lib/python3.12/site-packages/airflow/example_dags/example_xcom.py for tasks to queue
[2024-08-05T00:11:44.230+0000] {logging_mixin.py:188} INFO - [2024-08-05T00:11:44.230+0000] {dagbag.py:545} INFO - Filling up the DagBag from /home/airflow/.local/lib/python3.12/site-packages/airflow/example_dags/example_xcom.py
[2024-08-05T00:11:44.237+0000] {processor.py:840} INFO - DAG(s) 'example_xcom' retrieved from /home/airflow/.local/lib/python3.12/site-packages/airflow/example_dags/example_xcom.py
[2024-08-05T00:11:44.258+0000] {logging_mixin.py:188} INFO - [2024-08-05T00:11:44.258+0000] {dag.py:3089} INFO - Sync 1 DAGs
[2024-08-05T00:11:44.276+0000] {logging_mixin.py:188} INFO - [2024-08-05T00:11:44.276+0000] {dag.py:3947} INFO - Setting next_dagrun for example_xcom to 2021-01-01 00:00:00+00:00, run_after=2021-01-01 00:00:00+00:00
[2024-08-05T00:11:44.292+0000] {processor.py:183} INFO - Processing /home/airflow/.local/lib/python3.12/site-packages/airflow/example_dags/example_xcom.py took 0.069 seconds
[2024-08-05T00:12:14.512+0000] {processor.py:161} INFO - Started process (PID=22212) to work on /home/airflow/.local/lib/python3.12/site-packages/airflow/example_dags/example_xcom.py
[2024-08-05T00:12:14.513+0000] {processor.py:830} INFO - Processing file /home/airflow/.local/lib/python3.12/site-packages/airflow/example_dags/example_xcom.py for tasks to queue
[2024-08-05T00:12:14.514+0000] {logging_mixin.py:188} INFO - [2024-08-05T00:12:14.514+0000] {dagbag.py:545} INFO - Filling up the DagBag from /home/airflow/.local/lib/python3.12/site-packages/airflow/example_dags/example_xcom.py
[2024-08-05T00:12:14.520+0000] {processor.py:840} INFO - DAG(s) 'example_xcom' retrieved from /home/airflow/.local/lib/python3.12/site-packages/airflow/example_dags/example_xcom.py
[2024-08-05T00:12:14.541+0000] {logging_mixin.py:188} INFO - [2024-08-05T00:12:14.541+0000] {dag.py:3089} INFO - Sync 1 DAGs
[2024-08-05T00:12:14.561+0000] {logging_mixin.py:188} INFO - [2024-08-05T00:12:14.560+0000] {dag.py:3947} INFO - Setting next_dagrun for example_xcom to 2021-01-01 00:00:00+00:00, run_after=2021-01-01 00:00:00+00:00
[2024-08-05T00:12:14.577+0000] {processor.py:183} INFO - Processing /home/airflow/.local/lib/python3.12/site-packages/airflow/example_dags/example_xcom.py took 0.070 seconds
[2024-08-05T00:12:44.769+0000] {processor.py:161} INFO - Started process (PID=22484) to work on /home/airflow/.local/lib/python3.12/site-packages/airflow/example_dags/example_xcom.py
[2024-08-05T00:12:44.770+0000] {processor.py:830} INFO - Processing file /home/airflow/.local/lib/python3.12/site-packages/airflow/example_dags/example_xcom.py for tasks to queue
[2024-08-05T00:12:44.772+0000] {logging_mixin.py:188} INFO - [2024-08-05T00:12:44.771+0000] {dagbag.py:545} INFO - Filling up the DagBag from /home/airflow/.local/lib/python3.12/site-packages/airflow/example_dags/example_xcom.py
[2024-08-05T00:12:44.779+0000] {processor.py:840} INFO - DAG(s) 'example_xcom' retrieved from /home/airflow/.local/lib/python3.12/site-packages/airflow/example_dags/example_xcom.py
[2024-08-05T00:12:44.799+0000] {logging_mixin.py:188} INFO - [2024-08-05T00:12:44.799+0000] {dag.py:3089} INFO - Sync 1 DAGs
[2024-08-05T00:12:44.820+0000] {logging_mixin.py:188} INFO - [2024-08-05T00:12:44.819+0000] {dag.py:3947} INFO - Setting next_dagrun for example_xcom to 2021-01-01 00:00:00+00:00, run_after=2021-01-01 00:00:00+00:00
[2024-08-05T00:12:44.838+0000] {processor.py:183} INFO - Processing /home/airflow/.local/lib/python3.12/site-packages/airflow/example_dags/example_xcom.py took 0.075 seconds
[2024-08-05T00:13:15.012+0000] {processor.py:161} INFO - Started process (PID=22756) to work on /home/airflow/.local/lib/python3.12/site-packages/airflow/example_dags/example_xcom.py
[2024-08-05T00:13:15.013+0000] {processor.py:830} INFO - Processing file /home/airflow/.local/lib/python3.12/site-packages/airflow/example_dags/example_xcom.py for tasks to queue
[2024-08-05T00:13:15.014+0000] {logging_mixin.py:188} INFO - [2024-08-05T00:13:15.014+0000] {dagbag.py:545} INFO - Filling up the DagBag from /home/airflow/.local/lib/python3.12/site-packages/airflow/example_dags/example_xcom.py
[2024-08-05T00:13:15.021+0000] {processor.py:840} INFO - DAG(s) 'example_xcom' retrieved from /home/airflow/.local/lib/python3.12/site-packages/airflow/example_dags/example_xcom.py
[2024-08-05T00:13:15.043+0000] {logging_mixin.py:188} INFO - [2024-08-05T00:13:15.043+0000] {dag.py:3089} INFO - Sync 1 DAGs
[2024-08-05T00:13:15.063+0000] {logging_mixin.py:188} INFO - [2024-08-05T00:13:15.062+0000] {dag.py:3947} INFO - Setting next_dagrun for example_xcom to 2021-01-01 00:00:00+00:00, run_after=2021-01-01 00:00:00+00:00
[2024-08-05T00:13:15.080+0000] {processor.py:183} INFO - Processing /home/airflow/.local/lib/python3.12/site-packages/airflow/example_dags/example_xcom.py took 0.073 seconds
[2024-08-05T00:13:45.322+0000] {processor.py:161} INFO - Started process (PID=23028) to work on /home/airflow/.local/lib/python3.12/site-packages/airflow/example_dags/example_xcom.py
[2024-08-05T00:13:45.323+0000] {processor.py:830} INFO - Processing file /home/airflow/.local/lib/python3.12/site-packages/airflow/example_dags/example_xcom.py for tasks to queue
[2024-08-05T00:13:45.324+0000] {logging_mixin.py:188} INFO - [2024-08-05T00:13:45.324+0000] {dagbag.py:545} INFO - Filling up the DagBag from /home/airflow/.local/lib/python3.12/site-packages/airflow/example_dags/example_xcom.py
[2024-08-05T00:13:45.330+0000] {processor.py:840} INFO - DAG(s) 'example_xcom' retrieved from /home/airflow/.local/lib/python3.12/site-packages/airflow/example_dags/example_xcom.py
[2024-08-05T00:13:45.352+0000] {logging_mixin.py:188} INFO - [2024-08-05T00:13:45.351+0000] {dag.py:3089} INFO - Sync 1 DAGs
[2024-08-05T00:13:45.373+0000] {logging_mixin.py:188} INFO - [2024-08-05T00:13:45.373+0000] {dag.py:3947} INFO - Setting next_dagrun for example_xcom to 2021-01-01 00:00:00+00:00, run_after=2021-01-01 00:00:00+00:00
[2024-08-05T00:13:45.392+0000] {processor.py:183} INFO - Processing /home/airflow/.local/lib/python3.12/site-packages/airflow/example_dags/example_xcom.py took 0.075 seconds
[2024-08-05T00:14:15.918+0000] {processor.py:161} INFO - Started process (PID=23300) to work on /home/airflow/.local/lib/python3.12/site-packages/airflow/example_dags/example_xcom.py
[2024-08-05T00:14:15.919+0000] {processor.py:830} INFO - Processing file /home/airflow/.local/lib/python3.12/site-packages/airflow/example_dags/example_xcom.py for tasks to queue
[2024-08-05T00:14:15.920+0000] {logging_mixin.py:188} INFO - [2024-08-05T00:14:15.920+0000] {dagbag.py:545} INFO - Filling up the DagBag from /home/airflow/.local/lib/python3.12/site-packages/airflow/example_dags/example_xcom.py
[2024-08-05T00:14:15.925+0000] {processor.py:840} INFO - DAG(s) 'example_xcom' retrieved from /home/airflow/.local/lib/python3.12/site-packages/airflow/example_dags/example_xcom.py
[2024-08-05T00:14:15.947+0000] {logging_mixin.py:188} INFO - [2024-08-05T00:14:15.946+0000] {dag.py:3089} INFO - Sync 1 DAGs
[2024-08-05T00:14:15.966+0000] {logging_mixin.py:188} INFO - [2024-08-05T00:14:15.966+0000] {dag.py:3947} INFO - Setting next_dagrun for example_xcom to 2021-01-01 00:00:00+00:00, run_after=2021-01-01 00:00:00+00:00
[2024-08-05T00:14:15.980+0000] {processor.py:183} INFO - Processing /home/airflow/.local/lib/python3.12/site-packages/airflow/example_dags/example_xcom.py took 0.066 seconds
[2024-08-05T00:14:46.220+0000] {processor.py:161} INFO - Started process (PID=23572) to work on /home/airflow/.local/lib/python3.12/site-packages/airflow/example_dags/example_xcom.py
[2024-08-05T00:14:46.221+0000] {processor.py:830} INFO - Processing file /home/airflow/.local/lib/python3.12/site-packages/airflow/example_dags/example_xcom.py for tasks to queue
[2024-08-05T00:14:46.223+0000] {logging_mixin.py:188} INFO - [2024-08-05T00:14:46.223+0000] {dagbag.py:545} INFO - Filling up the DagBag from /home/airflow/.local/lib/python3.12/site-packages/airflow/example_dags/example_xcom.py
[2024-08-05T00:14:46.230+0000] {processor.py:840} INFO - DAG(s) 'example_xcom' retrieved from /home/airflow/.local/lib/python3.12/site-packages/airflow/example_dags/example_xcom.py
[2024-08-05T00:14:46.250+0000] {logging_mixin.py:188} INFO - [2024-08-05T00:14:46.250+0000] {dag.py:3089} INFO - Sync 1 DAGs
[2024-08-05T00:14:46.271+0000] {logging_mixin.py:188} INFO - [2024-08-05T00:14:46.271+0000] {dag.py:3947} INFO - Setting next_dagrun for example_xcom to 2021-01-01 00:00:00+00:00, run_after=2021-01-01 00:00:00+00:00
[2024-08-05T00:14:46.291+0000] {processor.py:183} INFO - Processing /home/airflow/.local/lib/python3.12/site-packages/airflow/example_dags/example_xcom.py took 0.079 seconds
[2024-08-05T00:15:16.489+0000] {processor.py:161} INFO - Started process (PID=23844) to work on /home/airflow/.local/lib/python3.12/site-packages/airflow/example_dags/example_xcom.py
[2024-08-05T00:15:16.490+0000] {processor.py:830} INFO - Processing file /home/airflow/.local/lib/python3.12/site-packages/airflow/example_dags/example_xcom.py for tasks to queue
[2024-08-05T00:15:16.492+0000] {logging_mixin.py:188} INFO - [2024-08-05T00:15:16.492+0000] {dagbag.py:545} INFO - Filling up the DagBag from /home/airflow/.local/lib/python3.12/site-packages/airflow/example_dags/example_xcom.py
[2024-08-05T00:15:16.499+0000] {processor.py:840} INFO - DAG(s) 'example_xcom' retrieved from /home/airflow/.local/lib/python3.12/site-packages/airflow/example_dags/example_xcom.py
[2024-08-05T00:15:16.519+0000] {logging_mixin.py:188} INFO - [2024-08-05T00:15:16.518+0000] {dag.py:3089} INFO - Sync 1 DAGs
[2024-08-05T00:15:16.538+0000] {logging_mixin.py:188} INFO - [2024-08-05T00:15:16.538+0000] {dag.py:3947} INFO - Setting next_dagrun for example_xcom to 2021-01-01 00:00:00+00:00, run_after=2021-01-01 00:00:00+00:00
[2024-08-05T00:15:16.556+0000] {processor.py:183} INFO - Processing /home/airflow/.local/lib/python3.12/site-packages/airflow/example_dags/example_xcom.py took 0.074 seconds
[2024-08-05T00:15:46.717+0000] {processor.py:161} INFO - Started process (PID=24116) to work on /home/airflow/.local/lib/python3.12/site-packages/airflow/example_dags/example_xcom.py
[2024-08-05T00:15:46.717+0000] {processor.py:830} INFO - Processing file /home/airflow/.local/lib/python3.12/site-packages/airflow/example_dags/example_xcom.py for tasks to queue
[2024-08-05T00:15:46.718+0000] {logging_mixin.py:188} INFO - [2024-08-05T00:15:46.718+0000] {dagbag.py:545} INFO - Filling up the DagBag from /home/airflow/.local/lib/python3.12/site-packages/airflow/example_dags/example_xcom.py
[2024-08-05T00:15:46.724+0000] {processor.py:840} INFO - DAG(s) 'example_xcom' retrieved from /home/airflow/.local/lib/python3.12/site-packages/airflow/example_dags/example_xcom.py
[2024-08-05T00:15:46.745+0000] {logging_mixin.py:188} INFO - [2024-08-05T00:15:46.745+0000] {dag.py:3089} INFO - Sync 1 DAGs
[2024-08-05T00:15:46.766+0000] {logging_mixin.py:188} INFO - [2024-08-05T00:15:46.765+0000] {dag.py:3947} INFO - Setting next_dagrun for example_xcom to 2021-01-01 00:00:00+00:00, run_after=2021-01-01 00:00:00+00:00
[2024-08-05T00:15:46.783+0000] {processor.py:183} INFO - Processing /home/airflow/.local/lib/python3.12/site-packages/airflow/example_dags/example_xcom.py took 0.071 seconds
[2024-08-05T00:16:17.227+0000] {processor.py:161} INFO - Started process (PID=24388) to work on /home/airflow/.local/lib/python3.12/site-packages/airflow/example_dags/example_xcom.py
[2024-08-05T00:16:17.228+0000] {processor.py:830} INFO - Processing file /home/airflow/.local/lib/python3.12/site-packages/airflow/example_dags/example_xcom.py for tasks to queue
[2024-08-05T00:16:17.229+0000] {logging_mixin.py:188} INFO - [2024-08-05T00:16:17.229+0000] {dagbag.py:545} INFO - Filling up the DagBag from /home/airflow/.local/lib/python3.12/site-packages/airflow/example_dags/example_xcom.py
[2024-08-05T00:16:17.235+0000] {processor.py:840} INFO - DAG(s) 'example_xcom' retrieved from /home/airflow/.local/lib/python3.12/site-packages/airflow/example_dags/example_xcom.py
[2024-08-05T00:16:17.254+0000] {logging_mixin.py:188} INFO - [2024-08-05T00:16:17.254+0000] {dag.py:3089} INFO - Sync 1 DAGs
[2024-08-05T00:16:17.275+0000] {logging_mixin.py:188} INFO - [2024-08-05T00:16:17.275+0000] {dag.py:3947} INFO - Setting next_dagrun for example_xcom to 2021-01-01 00:00:00+00:00, run_after=2021-01-01 00:00:00+00:00
[2024-08-05T00:16:17.293+0000] {processor.py:183} INFO - Processing /home/airflow/.local/lib/python3.12/site-packages/airflow/example_dags/example_xcom.py took 0.071 seconds
[2024-08-05T00:16:47.511+0000] {processor.py:161} INFO - Started process (PID=24660) to work on /home/airflow/.local/lib/python3.12/site-packages/airflow/example_dags/example_xcom.py
[2024-08-05T00:16:47.512+0000] {processor.py:830} INFO - Processing file /home/airflow/.local/lib/python3.12/site-packages/airflow/example_dags/example_xcom.py for tasks to queue
[2024-08-05T00:16:47.513+0000] {logging_mixin.py:188} INFO - [2024-08-05T00:16:47.513+0000] {dagbag.py:545} INFO - Filling up the DagBag from /home/airflow/.local/lib/python3.12/site-packages/airflow/example_dags/example_xcom.py
[2024-08-05T00:16:47.520+0000] {processor.py:840} INFO - DAG(s) 'example_xcom' retrieved from /home/airflow/.local/lib/python3.12/site-packages/airflow/example_dags/example_xcom.py
[2024-08-05T00:16:47.541+0000] {logging_mixin.py:188} INFO - [2024-08-05T00:16:47.541+0000] {dag.py:3089} INFO - Sync 1 DAGs
[2024-08-05T00:16:47.561+0000] {logging_mixin.py:188} INFO - [2024-08-05T00:16:47.561+0000] {dag.py:3947} INFO - Setting next_dagrun for example_xcom to 2021-01-01 00:00:00+00:00, run_after=2021-01-01 00:00:00+00:00
[2024-08-05T00:16:47.578+0000] {processor.py:183} INFO - Processing /home/airflow/.local/lib/python3.12/site-packages/airflow/example_dags/example_xcom.py took 0.072 seconds
[2024-08-05T00:17:17.732+0000] {processor.py:161} INFO - Started process (PID=24932) to work on /home/airflow/.local/lib/python3.12/site-packages/airflow/example_dags/example_xcom.py
[2024-08-05T00:17:17.733+0000] {processor.py:830} INFO - Processing file /home/airflow/.local/lib/python3.12/site-packages/airflow/example_dags/example_xcom.py for tasks to queue
[2024-08-05T00:17:17.734+0000] {logging_mixin.py:188} INFO - [2024-08-05T00:17:17.734+0000] {dagbag.py:545} INFO - Filling up the DagBag from /home/airflow/.local/lib/python3.12/site-packages/airflow/example_dags/example_xcom.py
[2024-08-05T00:17:17.744+0000] {processor.py:840} INFO - DAG(s) 'example_xcom' retrieved from /home/airflow/.local/lib/python3.12/site-packages/airflow/example_dags/example_xcom.py
[2024-08-05T00:17:17.767+0000] {logging_mixin.py:188} INFO - [2024-08-05T00:17:17.767+0000] {dag.py:3089} INFO - Sync 1 DAGs
[2024-08-05T00:17:17.788+0000] {logging_mixin.py:188} INFO - [2024-08-05T00:17:17.788+0000] {dag.py:3947} INFO - Setting next_dagrun for example_xcom to 2021-01-01 00:00:00+00:00, run_after=2021-01-01 00:00:00+00:00
[2024-08-05T00:17:17.803+0000] {processor.py:183} INFO - Processing /home/airflow/.local/lib/python3.12/site-packages/airflow/example_dags/example_xcom.py took 0.076 seconds
[2024-08-05T00:17:48.147+0000] {processor.py:161} INFO - Started process (PID=25204) to work on /home/airflow/.local/lib/python3.12/site-packages/airflow/example_dags/example_xcom.py
[2024-08-05T00:17:48.148+0000] {processor.py:830} INFO - Processing file /home/airflow/.local/lib/python3.12/site-packages/airflow/example_dags/example_xcom.py for tasks to queue
[2024-08-05T00:17:48.149+0000] {logging_mixin.py:188} INFO - [2024-08-05T00:17:48.149+0000] {dagbag.py:545} INFO - Filling up the DagBag from /home/airflow/.local/lib/python3.12/site-packages/airflow/example_dags/example_xcom.py
[2024-08-05T00:17:48.155+0000] {processor.py:840} INFO - DAG(s) 'example_xcom' retrieved from /home/airflow/.local/lib/python3.12/site-packages/airflow/example_dags/example_xcom.py
[2024-08-05T00:17:48.177+0000] {logging_mixin.py:188} INFO - [2024-08-05T00:17:48.177+0000] {dag.py:3089} INFO - Sync 1 DAGs
[2024-08-05T00:17:48.198+0000] {logging_mixin.py:188} INFO - [2024-08-05T00:17:48.198+0000] {dag.py:3947} INFO - Setting next_dagrun for example_xcom to 2021-01-01 00:00:00+00:00, run_after=2021-01-01 00:00:00+00:00
[2024-08-05T00:17:48.214+0000] {processor.py:183} INFO - Processing /home/airflow/.local/lib/python3.12/site-packages/airflow/example_dags/example_xcom.py took 0.073 seconds
[2024-08-05T00:18:18.440+0000] {processor.py:161} INFO - Started process (PID=25476) to work on /home/airflow/.local/lib/python3.12/site-packages/airflow/example_dags/example_xcom.py
[2024-08-05T00:18:18.442+0000] {processor.py:830} INFO - Processing file /home/airflow/.local/lib/python3.12/site-packages/airflow/example_dags/example_xcom.py for tasks to queue
[2024-08-05T00:18:18.443+0000] {logging_mixin.py:188} INFO - [2024-08-05T00:18:18.443+0000] {dagbag.py:545} INFO - Filling up the DagBag from /home/airflow/.local/lib/python3.12/site-packages/airflow/example_dags/example_xcom.py
[2024-08-05T00:18:18.449+0000] {processor.py:840} INFO - DAG(s) 'example_xcom' retrieved from /home/airflow/.local/lib/python3.12/site-packages/airflow/example_dags/example_xcom.py
[2024-08-05T00:18:18.470+0000] {logging_mixin.py:188} INFO - [2024-08-05T00:18:18.470+0000] {dag.py:3089} INFO - Sync 1 DAGs
[2024-08-05T00:18:18.490+0000] {logging_mixin.py:188} INFO - [2024-08-05T00:18:18.489+0000] {dag.py:3947} INFO - Setting next_dagrun for example_xcom to 2021-01-01 00:00:00+00:00, run_after=2021-01-01 00:00:00+00:00
[2024-08-05T00:18:18.505+0000] {processor.py:183} INFO - Processing /home/airflow/.local/lib/python3.12/site-packages/airflow/example_dags/example_xcom.py took 0.069 seconds
[2024-08-05T00:18:48.560+0000] {processor.py:161} INFO - Started process (PID=25748) to work on /home/airflow/.local/lib/python3.12/site-packages/airflow/example_dags/example_xcom.py
[2024-08-05T00:18:48.561+0000] {processor.py:830} INFO - Processing file /home/airflow/.local/lib/python3.12/site-packages/airflow/example_dags/example_xcom.py for tasks to queue
[2024-08-05T00:18:48.563+0000] {logging_mixin.py:188} INFO - [2024-08-05T00:18:48.562+0000] {dagbag.py:545} INFO - Filling up the DagBag from /home/airflow/.local/lib/python3.12/site-packages/airflow/example_dags/example_xcom.py
[2024-08-05T00:18:48.568+0000] {processor.py:840} INFO - DAG(s) 'example_xcom' retrieved from /home/airflow/.local/lib/python3.12/site-packages/airflow/example_dags/example_xcom.py
[2024-08-05T00:18:48.589+0000] {logging_mixin.py:188} INFO - [2024-08-05T00:18:48.588+0000] {dag.py:3089} INFO - Sync 1 DAGs
[2024-08-05T00:18:48.607+0000] {logging_mixin.py:188} INFO - [2024-08-05T00:18:48.606+0000] {dag.py:3947} INFO - Setting next_dagrun for example_xcom to 2021-01-01 00:00:00+00:00, run_after=2021-01-01 00:00:00+00:00
[2024-08-05T00:18:48.624+0000] {processor.py:183} INFO - Processing /home/airflow/.local/lib/python3.12/site-packages/airflow/example_dags/example_xcom.py took 0.069 seconds
[2024-08-05T00:19:18.915+0000] {processor.py:161} INFO - Started process (PID=26020) to work on /home/airflow/.local/lib/python3.12/site-packages/airflow/example_dags/example_xcom.py
[2024-08-05T00:19:18.916+0000] {processor.py:830} INFO - Processing file /home/airflow/.local/lib/python3.12/site-packages/airflow/example_dags/example_xcom.py for tasks to queue
[2024-08-05T00:19:18.917+0000] {logging_mixin.py:188} INFO - [2024-08-05T00:19:18.917+0000] {dagbag.py:545} INFO - Filling up the DagBag from /home/airflow/.local/lib/python3.12/site-packages/airflow/example_dags/example_xcom.py
[2024-08-05T00:19:18.923+0000] {processor.py:840} INFO - DAG(s) 'example_xcom' retrieved from /home/airflow/.local/lib/python3.12/site-packages/airflow/example_dags/example_xcom.py
[2024-08-05T00:19:18.943+0000] {logging_mixin.py:188} INFO - [2024-08-05T00:19:18.943+0000] {dag.py:3089} INFO - Sync 1 DAGs
[2024-08-05T00:19:18.962+0000] {logging_mixin.py:188} INFO - [2024-08-05T00:19:18.961+0000] {dag.py:3947} INFO - Setting next_dagrun for example_xcom to 2021-01-01 00:00:00+00:00, run_after=2021-01-01 00:00:00+00:00
[2024-08-05T00:19:18.978+0000] {processor.py:183} INFO - Processing /home/airflow/.local/lib/python3.12/site-packages/airflow/example_dags/example_xcom.py took 0.068 seconds
[2024-08-05T00:19:49.079+0000] {processor.py:161} INFO - Started process (PID=26292) to work on /home/airflow/.local/lib/python3.12/site-packages/airflow/example_dags/example_xcom.py
[2024-08-05T00:19:49.079+0000] {processor.py:830} INFO - Processing file /home/airflow/.local/lib/python3.12/site-packages/airflow/example_dags/example_xcom.py for tasks to queue
[2024-08-05T00:19:49.081+0000] {logging_mixin.py:188} INFO - [2024-08-05T00:19:49.081+0000] {dagbag.py:545} INFO - Filling up the DagBag from /home/airflow/.local/lib/python3.12/site-packages/airflow/example_dags/example_xcom.py
[2024-08-05T00:19:49.087+0000] {processor.py:840} INFO - DAG(s) 'example_xcom' retrieved from /home/airflow/.local/lib/python3.12/site-packages/airflow/example_dags/example_xcom.py
[2024-08-05T00:19:49.108+0000] {logging_mixin.py:188} INFO - [2024-08-05T00:19:49.108+0000] {dag.py:3089} INFO - Sync 1 DAGs
[2024-08-05T00:19:49.127+0000] {logging_mixin.py:188} INFO - [2024-08-05T00:19:49.126+0000] {dag.py:3947} INFO - Setting next_dagrun for example_xcom to 2021-01-01 00:00:00+00:00, run_after=2021-01-01 00:00:00+00:00
[2024-08-05T00:19:49.142+0000] {processor.py:183} INFO - Processing /home/airflow/.local/lib/python3.12/site-packages/airflow/example_dags/example_xcom.py took 0.068 seconds
[2024-08-05T00:20:19.385+0000] {processor.py:161} INFO - Started process (PID=26573) to work on /home/airflow/.local/lib/python3.12/site-packages/airflow/example_dags/example_xcom.py
[2024-08-05T00:20:19.386+0000] {processor.py:830} INFO - Processing file /home/airflow/.local/lib/python3.12/site-packages/airflow/example_dags/example_xcom.py for tasks to queue
[2024-08-05T00:20:19.388+0000] {logging_mixin.py:188} INFO - [2024-08-05T00:20:19.387+0000] {dagbag.py:545} INFO - Filling up the DagBag from /home/airflow/.local/lib/python3.12/site-packages/airflow/example_dags/example_xcom.py
[2024-08-05T00:20:19.394+0000] {processor.py:840} INFO - DAG(s) 'example_xcom' retrieved from /home/airflow/.local/lib/python3.12/site-packages/airflow/example_dags/example_xcom.py
[2024-08-05T00:20:19.414+0000] {logging_mixin.py:188} INFO - [2024-08-05T00:20:19.414+0000] {dag.py:3089} INFO - Sync 1 DAGs
[2024-08-05T00:20:19.433+0000] {logging_mixin.py:188} INFO - [2024-08-05T00:20:19.433+0000] {dag.py:3947} INFO - Setting next_dagrun for example_xcom to 2021-01-01 00:00:00+00:00, run_after=2021-01-01 00:00:00+00:00
[2024-08-05T00:20:19.448+0000] {processor.py:183} INFO - Processing /home/airflow/.local/lib/python3.12/site-packages/airflow/example_dags/example_xcom.py took 0.069 seconds
[2024-08-05T00:20:49.880+0000] {processor.py:161} INFO - Started process (PID=26845) to work on /home/airflow/.local/lib/python3.12/site-packages/airflow/example_dags/example_xcom.py
[2024-08-05T00:20:49.881+0000] {processor.py:830} INFO - Processing file /home/airflow/.local/lib/python3.12/site-packages/airflow/example_dags/example_xcom.py for tasks to queue
[2024-08-05T00:20:49.882+0000] {logging_mixin.py:188} INFO - [2024-08-05T00:20:49.882+0000] {dagbag.py:545} INFO - Filling up the DagBag from /home/airflow/.local/lib/python3.12/site-packages/airflow/example_dags/example_xcom.py
[2024-08-05T00:20:49.889+0000] {processor.py:840} INFO - DAG(s) 'example_xcom' retrieved from /home/airflow/.local/lib/python3.12/site-packages/airflow/example_dags/example_xcom.py
[2024-08-05T00:20:49.910+0000] {logging_mixin.py:188} INFO - [2024-08-05T00:20:49.910+0000] {dag.py:3089} INFO - Sync 1 DAGs
[2024-08-05T00:20:49.928+0000] {logging_mixin.py:188} INFO - [2024-08-05T00:20:49.928+0000] {dag.py:3947} INFO - Setting next_dagrun for example_xcom to 2021-01-01 00:00:00+00:00, run_after=2021-01-01 00:00:00+00:00
[2024-08-05T00:20:49.943+0000] {processor.py:183} INFO - Processing /home/airflow/.local/lib/python3.12/site-packages/airflow/example_dags/example_xcom.py took 0.068 seconds
[2024-08-05T00:21:20.386+0000] {processor.py:161} INFO - Started process (PID=27117) to work on /home/airflow/.local/lib/python3.12/site-packages/airflow/example_dags/example_xcom.py
[2024-08-05T00:21:20.387+0000] {processor.py:830} INFO - Processing file /home/airflow/.local/lib/python3.12/site-packages/airflow/example_dags/example_xcom.py for tasks to queue
[2024-08-05T00:21:20.389+0000] {logging_mixin.py:188} INFO - [2024-08-05T00:21:20.389+0000] {dagbag.py:545} INFO - Filling up the DagBag from /home/airflow/.local/lib/python3.12/site-packages/airflow/example_dags/example_xcom.py
[2024-08-05T00:21:20.395+0000] {processor.py:840} INFO - DAG(s) 'example_xcom' retrieved from /home/airflow/.local/lib/python3.12/site-packages/airflow/example_dags/example_xcom.py
[2024-08-05T00:21:20.415+0000] {logging_mixin.py:188} INFO - [2024-08-05T00:21:20.415+0000] {dag.py:3089} INFO - Sync 1 DAGs
[2024-08-05T00:21:20.435+0000] {logging_mixin.py:188} INFO - [2024-08-05T00:21:20.434+0000] {dag.py:3947} INFO - Setting next_dagrun for example_xcom to 2021-01-01 00:00:00+00:00, run_after=2021-01-01 00:00:00+00:00
[2024-08-05T00:21:20.452+0000] {processor.py:183} INFO - Processing /home/airflow/.local/lib/python3.12/site-packages/airflow/example_dags/example_xcom.py took 0.071 seconds
[2024-08-05T00:21:50.802+0000] {processor.py:161} INFO - Started process (PID=27389) to work on /home/airflow/.local/lib/python3.12/site-packages/airflow/example_dags/example_xcom.py
[2024-08-05T00:21:50.803+0000] {processor.py:830} INFO - Processing file /home/airflow/.local/lib/python3.12/site-packages/airflow/example_dags/example_xcom.py for tasks to queue
[2024-08-05T00:21:50.804+0000] {logging_mixin.py:188} INFO - [2024-08-05T00:21:50.804+0000] {dagbag.py:545} INFO - Filling up the DagBag from /home/airflow/.local/lib/python3.12/site-packages/airflow/example_dags/example_xcom.py
[2024-08-05T00:21:50.811+0000] {processor.py:840} INFO - DAG(s) 'example_xcom' retrieved from /home/airflow/.local/lib/python3.12/site-packages/airflow/example_dags/example_xcom.py
[2024-08-05T00:21:50.831+0000] {logging_mixin.py:188} INFO - [2024-08-05T00:21:50.831+0000] {dag.py:3089} INFO - Sync 1 DAGs
[2024-08-05T00:21:50.851+0000] {logging_mixin.py:188} INFO - [2024-08-05T00:21:50.851+0000] {dag.py:3947} INFO - Setting next_dagrun for example_xcom to 2021-01-01 00:00:00+00:00, run_after=2021-01-01 00:00:00+00:00
[2024-08-05T00:21:50.867+0000] {processor.py:183} INFO - Processing /home/airflow/.local/lib/python3.12/site-packages/airflow/example_dags/example_xcom.py took 0.071 seconds
[2024-08-05T00:22:21.232+0000] {processor.py:161} INFO - Started process (PID=27661) to work on /home/airflow/.local/lib/python3.12/site-packages/airflow/example_dags/example_xcom.py
[2024-08-05T00:22:21.233+0000] {processor.py:830} INFO - Processing file /home/airflow/.local/lib/python3.12/site-packages/airflow/example_dags/example_xcom.py for tasks to queue
[2024-08-05T00:22:21.234+0000] {logging_mixin.py:188} INFO - [2024-08-05T00:22:21.234+0000] {dagbag.py:545} INFO - Filling up the DagBag from /home/airflow/.local/lib/python3.12/site-packages/airflow/example_dags/example_xcom.py
[2024-08-05T00:22:21.241+0000] {processor.py:840} INFO - DAG(s) 'example_xcom' retrieved from /home/airflow/.local/lib/python3.12/site-packages/airflow/example_dags/example_xcom.py
[2024-08-05T00:22:21.261+0000] {logging_mixin.py:188} INFO - [2024-08-05T00:22:21.261+0000] {dag.py:3089} INFO - Sync 1 DAGs
[2024-08-05T00:22:21.279+0000] {logging_mixin.py:188} INFO - [2024-08-05T00:22:21.279+0000] {dag.py:3947} INFO - Setting next_dagrun for example_xcom to 2021-01-01 00:00:00+00:00, run_after=2021-01-01 00:00:00+00:00
[2024-08-05T00:22:21.295+0000] {processor.py:183} INFO - Processing /home/airflow/.local/lib/python3.12/site-packages/airflow/example_dags/example_xcom.py took 0.068 seconds
[2024-08-05T00:22:51.759+0000] {processor.py:161} INFO - Started process (PID=27933) to work on /home/airflow/.local/lib/python3.12/site-packages/airflow/example_dags/example_xcom.py
[2024-08-05T00:22:51.759+0000] {processor.py:830} INFO - Processing file /home/airflow/.local/lib/python3.12/site-packages/airflow/example_dags/example_xcom.py for tasks to queue
[2024-08-05T00:22:51.761+0000] {logging_mixin.py:188} INFO - [2024-08-05T00:22:51.760+0000] {dagbag.py:545} INFO - Filling up the DagBag from /home/airflow/.local/lib/python3.12/site-packages/airflow/example_dags/example_xcom.py
[2024-08-05T00:22:51.767+0000] {processor.py:840} INFO - DAG(s) 'example_xcom' retrieved from /home/airflow/.local/lib/python3.12/site-packages/airflow/example_dags/example_xcom.py
[2024-08-05T00:22:51.788+0000] {logging_mixin.py:188} INFO - [2024-08-05T00:22:51.788+0000] {dag.py:3089} INFO - Sync 1 DAGs
[2024-08-05T00:22:51.935+0000] {logging_mixin.py:188} INFO - [2024-08-05T00:22:51.934+0000] {dag.py:3947} INFO - Setting next_dagrun for example_xcom to 2021-01-01 00:00:00+00:00, run_after=2021-01-01 00:00:00+00:00
[2024-08-05T00:22:51.949+0000] {processor.py:183} INFO - Processing /home/airflow/.local/lib/python3.12/site-packages/airflow/example_dags/example_xcom.py took 0.195 seconds
[2024-08-05T00:23:22.110+0000] {processor.py:161} INFO - Started process (PID=28205) to work on /home/airflow/.local/lib/python3.12/site-packages/airflow/example_dags/example_xcom.py
[2024-08-05T00:23:22.111+0000] {processor.py:830} INFO - Processing file /home/airflow/.local/lib/python3.12/site-packages/airflow/example_dags/example_xcom.py for tasks to queue
[2024-08-05T00:23:22.113+0000] {logging_mixin.py:188} INFO - [2024-08-05T00:23:22.113+0000] {dagbag.py:545} INFO - Filling up the DagBag from /home/airflow/.local/lib/python3.12/site-packages/airflow/example_dags/example_xcom.py
[2024-08-05T00:23:22.121+0000] {processor.py:840} INFO - DAG(s) 'example_xcom' retrieved from /home/airflow/.local/lib/python3.12/site-packages/airflow/example_dags/example_xcom.py
[2024-08-05T00:23:22.144+0000] {logging_mixin.py:188} INFO - [2024-08-05T00:23:22.144+0000] {dag.py:3089} INFO - Sync 1 DAGs
[2024-08-05T00:23:22.311+0000] {logging_mixin.py:188} INFO - [2024-08-05T00:23:22.311+0000] {dag.py:3947} INFO - Setting next_dagrun for example_xcom to 2021-01-01 00:00:00+00:00, run_after=2021-01-01 00:00:00+00:00
[2024-08-05T00:23:22.328+0000] {processor.py:183} INFO - Processing /home/airflow/.local/lib/python3.12/site-packages/airflow/example_dags/example_xcom.py took 0.223 seconds
[2024-08-05T00:23:52.581+0000] {processor.py:161} INFO - Started process (PID=28477) to work on /home/airflow/.local/lib/python3.12/site-packages/airflow/example_dags/example_xcom.py
[2024-08-05T00:23:52.582+0000] {processor.py:830} INFO - Processing file /home/airflow/.local/lib/python3.12/site-packages/airflow/example_dags/example_xcom.py for tasks to queue
[2024-08-05T00:23:52.584+0000] {logging_mixin.py:188} INFO - [2024-08-05T00:23:52.583+0000] {dagbag.py:545} INFO - Filling up the DagBag from /home/airflow/.local/lib/python3.12/site-packages/airflow/example_dags/example_xcom.py
[2024-08-05T00:23:52.592+0000] {processor.py:840} INFO - DAG(s) 'example_xcom' retrieved from /home/airflow/.local/lib/python3.12/site-packages/airflow/example_dags/example_xcom.py
[2024-08-05T00:23:52.614+0000] {logging_mixin.py:188} INFO - [2024-08-05T00:23:52.614+0000] {dag.py:3089} INFO - Sync 1 DAGs
[2024-08-05T00:23:52.759+0000] {logging_mixin.py:188} INFO - [2024-08-05T00:23:52.759+0000] {dag.py:3947} INFO - Setting next_dagrun for example_xcom to 2021-01-01 00:00:00+00:00, run_after=2021-01-01 00:00:00+00:00
[2024-08-05T00:23:52.774+0000] {processor.py:183} INFO - Processing /home/airflow/.local/lib/python3.12/site-packages/airflow/example_dags/example_xcom.py took 0.199 seconds
[2024-08-05T00:24:22.968+0000] {processor.py:161} INFO - Started process (PID=28747) to work on /home/airflow/.local/lib/python3.12/site-packages/airflow/example_dags/example_xcom.py
[2024-08-05T00:24:22.969+0000] {processor.py:830} INFO - Processing file /home/airflow/.local/lib/python3.12/site-packages/airflow/example_dags/example_xcom.py for tasks to queue
[2024-08-05T00:24:22.970+0000] {logging_mixin.py:188} INFO - [2024-08-05T00:24:22.970+0000] {dagbag.py:545} INFO - Filling up the DagBag from /home/airflow/.local/lib/python3.12/site-packages/airflow/example_dags/example_xcom.py
[2024-08-05T00:24:22.975+0000] {processor.py:840} INFO - DAG(s) 'example_xcom' retrieved from /home/airflow/.local/lib/python3.12/site-packages/airflow/example_dags/example_xcom.py
[2024-08-05T00:24:22.991+0000] {logging_mixin.py:188} INFO - [2024-08-05T00:24:22.991+0000] {dag.py:3089} INFO - Sync 1 DAGs
[2024-08-05T00:24:23.007+0000] {logging_mixin.py:188} INFO - [2024-08-05T00:24:23.007+0000] {dag.py:3947} INFO - Setting next_dagrun for example_xcom to 2021-01-01 00:00:00+00:00, run_after=2021-01-01 00:00:00+00:00
[2024-08-05T00:24:23.020+0000] {processor.py:183} INFO - Processing /home/airflow/.local/lib/python3.12/site-packages/airflow/example_dags/example_xcom.py took 0.057 seconds
[2024-08-05T00:24:53.616+0000] {processor.py:161} INFO - Started process (PID=29027) to work on /home/airflow/.local/lib/python3.12/site-packages/airflow/example_dags/example_xcom.py
[2024-08-05T00:24:53.617+0000] {processor.py:830} INFO - Processing file /home/airflow/.local/lib/python3.12/site-packages/airflow/example_dags/example_xcom.py for tasks to queue
[2024-08-05T00:24:53.618+0000] {logging_mixin.py:188} INFO - [2024-08-05T00:24:53.618+0000] {dagbag.py:545} INFO - Filling up the DagBag from /home/airflow/.local/lib/python3.12/site-packages/airflow/example_dags/example_xcom.py
[2024-08-05T00:24:53.623+0000] {processor.py:840} INFO - DAG(s) 'example_xcom' retrieved from /home/airflow/.local/lib/python3.12/site-packages/airflow/example_dags/example_xcom.py
[2024-08-05T00:24:53.640+0000] {logging_mixin.py:188} INFO - [2024-08-05T00:24:53.640+0000] {dag.py:3089} INFO - Sync 1 DAGs
[2024-08-05T00:24:53.655+0000] {logging_mixin.py:188} INFO - [2024-08-05T00:24:53.655+0000] {dag.py:3947} INFO - Setting next_dagrun for example_xcom to 2021-01-01 00:00:00+00:00, run_after=2021-01-01 00:00:00+00:00
[2024-08-05T00:24:53.668+0000] {processor.py:183} INFO - Processing /home/airflow/.local/lib/python3.12/site-packages/airflow/example_dags/example_xcom.py took 0.056 seconds
