[2024-08-05T00:00:28.597+0000] {processor.py:161} INFO - Started process (PID=15801) to work on /home/airflow/.local/lib/python3.12/site-packages/airflow/example_dags/example_time_delta_sensor_async.py
[2024-08-05T00:00:28.598+0000] {processor.py:830} INFO - Processing file /home/airflow/.local/lib/python3.12/site-packages/airflow/example_dags/example_time_delta_sensor_async.py for tasks to queue
[2024-08-05T00:00:28.600+0000] {logging_mixin.py:188} INFO - [2024-08-05T00:00:28.599+0000] {dagbag.py:545} INFO - Filling up the DagBag from /home/airflow/.local/lib/python3.12/site-packages/airflow/example_dags/example_time_delta_sensor_async.py
[2024-08-05T00:00:28.604+0000] {processor.py:840} INFO - DAG(s) 'example_time_delta_sensor_async' retrieved from /home/airflow/.local/lib/python3.12/site-packages/airflow/example_dags/example_time_delta_sensor_async.py
[2024-08-05T00:00:28.622+0000] {logging_mixin.py:188} INFO - [2024-08-05T00:00:28.622+0000] {dag.py:3089} INFO - Sync 1 DAGs
[2024-08-05T00:00:28.633+0000] {logging_mixin.py:188} INFO - [2024-08-05T00:00:28.633+0000] {dag.py:3947} INFO - Setting next_dagrun for example_time_delta_sensor_async to None, run_after=None
[2024-08-05T00:00:28.649+0000] {processor.py:183} INFO - Processing /home/airflow/.local/lib/python3.12/site-packages/airflow/example_dags/example_time_delta_sensor_async.py took 0.057 seconds
[2024-08-05T00:00:59.307+0000] {processor.py:161} INFO - Started process (PID=16073) to work on /home/airflow/.local/lib/python3.12/site-packages/airflow/example_dags/example_time_delta_sensor_async.py
[2024-08-05T00:00:59.307+0000] {processor.py:830} INFO - Processing file /home/airflow/.local/lib/python3.12/site-packages/airflow/example_dags/example_time_delta_sensor_async.py for tasks to queue
[2024-08-05T00:00:59.309+0000] {logging_mixin.py:188} INFO - [2024-08-05T00:00:59.308+0000] {dagbag.py:545} INFO - Filling up the DagBag from /home/airflow/.local/lib/python3.12/site-packages/airflow/example_dags/example_time_delta_sensor_async.py
[2024-08-05T00:00:59.312+0000] {processor.py:840} INFO - DAG(s) 'example_time_delta_sensor_async' retrieved from /home/airflow/.local/lib/python3.12/site-packages/airflow/example_dags/example_time_delta_sensor_async.py
[2024-08-05T00:00:59.331+0000] {logging_mixin.py:188} INFO - [2024-08-05T00:00:59.331+0000] {dag.py:3089} INFO - Sync 1 DAGs
[2024-08-05T00:00:59.343+0000] {logging_mixin.py:188} INFO - [2024-08-05T00:00:59.342+0000] {dag.py:3947} INFO - Setting next_dagrun for example_time_delta_sensor_async to None, run_after=None
[2024-08-05T00:00:59.360+0000] {processor.py:183} INFO - Processing /home/airflow/.local/lib/python3.12/site-packages/airflow/example_dags/example_time_delta_sensor_async.py took 0.059 seconds
[2024-08-05T00:01:29.563+0000] {processor.py:161} INFO - Started process (PID=16345) to work on /home/airflow/.local/lib/python3.12/site-packages/airflow/example_dags/example_time_delta_sensor_async.py
[2024-08-05T00:01:29.564+0000] {processor.py:830} INFO - Processing file /home/airflow/.local/lib/python3.12/site-packages/airflow/example_dags/example_time_delta_sensor_async.py for tasks to queue
[2024-08-05T00:01:29.565+0000] {logging_mixin.py:188} INFO - [2024-08-05T00:01:29.565+0000] {dagbag.py:545} INFO - Filling up the DagBag from /home/airflow/.local/lib/python3.12/site-packages/airflow/example_dags/example_time_delta_sensor_async.py
[2024-08-05T00:01:29.568+0000] {processor.py:840} INFO - DAG(s) 'example_time_delta_sensor_async' retrieved from /home/airflow/.local/lib/python3.12/site-packages/airflow/example_dags/example_time_delta_sensor_async.py
[2024-08-05T00:01:29.588+0000] {logging_mixin.py:188} INFO - [2024-08-05T00:01:29.587+0000] {dag.py:3089} INFO - Sync 1 DAGs
[2024-08-05T00:01:29.598+0000] {logging_mixin.py:188} INFO - [2024-08-05T00:01:29.598+0000] {dag.py:3947} INFO - Setting next_dagrun for example_time_delta_sensor_async to None, run_after=None
[2024-08-05T00:01:29.614+0000] {processor.py:183} INFO - Processing /home/airflow/.local/lib/python3.12/site-packages/airflow/example_dags/example_time_delta_sensor_async.py took 0.055 seconds
[2024-08-05T00:01:59.730+0000] {processor.py:161} INFO - Started process (PID=16617) to work on /home/airflow/.local/lib/python3.12/site-packages/airflow/example_dags/example_time_delta_sensor_async.py
[2024-08-05T00:01:59.731+0000] {processor.py:830} INFO - Processing file /home/airflow/.local/lib/python3.12/site-packages/airflow/example_dags/example_time_delta_sensor_async.py for tasks to queue
[2024-08-05T00:01:59.732+0000] {logging_mixin.py:188} INFO - [2024-08-05T00:01:59.732+0000] {dagbag.py:545} INFO - Filling up the DagBag from /home/airflow/.local/lib/python3.12/site-packages/airflow/example_dags/example_time_delta_sensor_async.py
[2024-08-05T00:01:59.737+0000] {processor.py:840} INFO - DAG(s) 'example_time_delta_sensor_async' retrieved from /home/airflow/.local/lib/python3.12/site-packages/airflow/example_dags/example_time_delta_sensor_async.py
[2024-08-05T00:01:59.756+0000] {logging_mixin.py:188} INFO - [2024-08-05T00:01:59.756+0000] {dag.py:3089} INFO - Sync 1 DAGs
[2024-08-05T00:01:59.767+0000] {logging_mixin.py:188} INFO - [2024-08-05T00:01:59.766+0000] {dag.py:3947} INFO - Setting next_dagrun for example_time_delta_sensor_async to None, run_after=None
[2024-08-05T00:01:59.782+0000] {processor.py:183} INFO - Processing /home/airflow/.local/lib/python3.12/site-packages/airflow/example_dags/example_time_delta_sensor_async.py took 0.056 seconds
[2024-08-05T00:02:29.864+0000] {processor.py:161} INFO - Started process (PID=16889) to work on /home/airflow/.local/lib/python3.12/site-packages/airflow/example_dags/example_time_delta_sensor_async.py
[2024-08-05T00:02:29.865+0000] {processor.py:830} INFO - Processing file /home/airflow/.local/lib/python3.12/site-packages/airflow/example_dags/example_time_delta_sensor_async.py for tasks to queue
[2024-08-05T00:02:29.866+0000] {logging_mixin.py:188} INFO - [2024-08-05T00:02:29.866+0000] {dagbag.py:545} INFO - Filling up the DagBag from /home/airflow/.local/lib/python3.12/site-packages/airflow/example_dags/example_time_delta_sensor_async.py
[2024-08-05T00:02:29.870+0000] {processor.py:840} INFO - DAG(s) 'example_time_delta_sensor_async' retrieved from /home/airflow/.local/lib/python3.12/site-packages/airflow/example_dags/example_time_delta_sensor_async.py
[2024-08-05T00:02:29.890+0000] {logging_mixin.py:188} INFO - [2024-08-05T00:02:29.889+0000] {dag.py:3089} INFO - Sync 1 DAGs
[2024-08-05T00:02:29.900+0000] {logging_mixin.py:188} INFO - [2024-08-05T00:02:29.900+0000] {dag.py:3947} INFO - Setting next_dagrun for example_time_delta_sensor_async to None, run_after=None
[2024-08-05T00:02:29.918+0000] {processor.py:183} INFO - Processing /home/airflow/.local/lib/python3.12/site-packages/airflow/example_dags/example_time_delta_sensor_async.py took 0.058 seconds
[2024-08-05T00:03:00.149+0000] {processor.py:161} INFO - Started process (PID=17161) to work on /home/airflow/.local/lib/python3.12/site-packages/airflow/example_dags/example_time_delta_sensor_async.py
[2024-08-05T00:03:00.150+0000] {processor.py:830} INFO - Processing file /home/airflow/.local/lib/python3.12/site-packages/airflow/example_dags/example_time_delta_sensor_async.py for tasks to queue
[2024-08-05T00:03:00.152+0000] {logging_mixin.py:188} INFO - [2024-08-05T00:03:00.151+0000] {dagbag.py:545} INFO - Filling up the DagBag from /home/airflow/.local/lib/python3.12/site-packages/airflow/example_dags/example_time_delta_sensor_async.py
[2024-08-05T00:03:00.155+0000] {processor.py:840} INFO - DAG(s) 'example_time_delta_sensor_async' retrieved from /home/airflow/.local/lib/python3.12/site-packages/airflow/example_dags/example_time_delta_sensor_async.py
[2024-08-05T00:03:00.175+0000] {logging_mixin.py:188} INFO - [2024-08-05T00:03:00.175+0000] {dag.py:3089} INFO - Sync 1 DAGs
[2024-08-05T00:03:00.186+0000] {logging_mixin.py:188} INFO - [2024-08-05T00:03:00.186+0000] {dag.py:3947} INFO - Setting next_dagrun for example_time_delta_sensor_async to None, run_after=None
[2024-08-05T00:03:00.203+0000] {processor.py:183} INFO - Processing /home/airflow/.local/lib/python3.12/site-packages/airflow/example_dags/example_time_delta_sensor_async.py took 0.059 seconds
[2024-08-05T00:03:30.548+0000] {processor.py:161} INFO - Started process (PID=17433) to work on /home/airflow/.local/lib/python3.12/site-packages/airflow/example_dags/example_time_delta_sensor_async.py
[2024-08-05T00:03:30.549+0000] {processor.py:830} INFO - Processing file /home/airflow/.local/lib/python3.12/site-packages/airflow/example_dags/example_time_delta_sensor_async.py for tasks to queue
[2024-08-05T00:03:30.551+0000] {logging_mixin.py:188} INFO - [2024-08-05T00:03:30.550+0000] {dagbag.py:545} INFO - Filling up the DagBag from /home/airflow/.local/lib/python3.12/site-packages/airflow/example_dags/example_time_delta_sensor_async.py
[2024-08-05T00:03:30.555+0000] {processor.py:840} INFO - DAG(s) 'example_time_delta_sensor_async' retrieved from /home/airflow/.local/lib/python3.12/site-packages/airflow/example_dags/example_time_delta_sensor_async.py
[2024-08-05T00:03:30.574+0000] {logging_mixin.py:188} INFO - [2024-08-05T00:03:30.573+0000] {dag.py:3089} INFO - Sync 1 DAGs
[2024-08-05T00:03:30.585+0000] {logging_mixin.py:188} INFO - [2024-08-05T00:03:30.585+0000] {dag.py:3947} INFO - Setting next_dagrun for example_time_delta_sensor_async to None, run_after=None
[2024-08-05T00:03:30.604+0000] {processor.py:183} INFO - Processing /home/airflow/.local/lib/python3.12/site-packages/airflow/example_dags/example_time_delta_sensor_async.py took 0.061 seconds
[2024-08-05T00:04:00.740+0000] {processor.py:161} INFO - Started process (PID=17705) to work on /home/airflow/.local/lib/python3.12/site-packages/airflow/example_dags/example_time_delta_sensor_async.py
[2024-08-05T00:04:00.741+0000] {processor.py:830} INFO - Processing file /home/airflow/.local/lib/python3.12/site-packages/airflow/example_dags/example_time_delta_sensor_async.py for tasks to queue
[2024-08-05T00:04:00.742+0000] {logging_mixin.py:188} INFO - [2024-08-05T00:04:00.742+0000] {dagbag.py:545} INFO - Filling up the DagBag from /home/airflow/.local/lib/python3.12/site-packages/airflow/example_dags/example_time_delta_sensor_async.py
[2024-08-05T00:04:00.746+0000] {processor.py:840} INFO - DAG(s) 'example_time_delta_sensor_async' retrieved from /home/airflow/.local/lib/python3.12/site-packages/airflow/example_dags/example_time_delta_sensor_async.py
[2024-08-05T00:04:00.767+0000] {logging_mixin.py:188} INFO - [2024-08-05T00:04:00.766+0000] {dag.py:3089} INFO - Sync 1 DAGs
[2024-08-05T00:04:00.779+0000] {logging_mixin.py:188} INFO - [2024-08-05T00:04:00.779+0000] {dag.py:3947} INFO - Setting next_dagrun for example_time_delta_sensor_async to None, run_after=None
[2024-08-05T00:04:00.798+0000] {processor.py:183} INFO - Processing /home/airflow/.local/lib/python3.12/site-packages/airflow/example_dags/example_time_delta_sensor_async.py took 0.065 seconds
[2024-08-05T00:04:31.655+0000] {processor.py:161} INFO - Started process (PID=17971) to work on /home/airflow/.local/lib/python3.12/site-packages/airflow/example_dags/example_time_delta_sensor_async.py
[2024-08-05T00:04:31.656+0000] {processor.py:830} INFO - Processing file /home/airflow/.local/lib/python3.12/site-packages/airflow/example_dags/example_time_delta_sensor_async.py for tasks to queue
[2024-08-05T00:04:31.657+0000] {logging_mixin.py:188} INFO - [2024-08-05T00:04:31.657+0000] {dagbag.py:545} INFO - Filling up the DagBag from /home/airflow/.local/lib/python3.12/site-packages/airflow/example_dags/example_time_delta_sensor_async.py
[2024-08-05T00:04:31.661+0000] {processor.py:840} INFO - DAG(s) 'example_time_delta_sensor_async' retrieved from /home/airflow/.local/lib/python3.12/site-packages/airflow/example_dags/example_time_delta_sensor_async.py
[2024-08-05T00:04:31.681+0000] {logging_mixin.py:188} INFO - [2024-08-05T00:04:31.680+0000] {dag.py:3089} INFO - Sync 1 DAGs
[2024-08-05T00:04:31.694+0000] {logging_mixin.py:188} INFO - [2024-08-05T00:04:31.694+0000] {dag.py:3947} INFO - Setting next_dagrun for example_time_delta_sensor_async to None, run_after=None
[2024-08-05T00:04:31.714+0000] {processor.py:183} INFO - Processing /home/airflow/.local/lib/python3.12/site-packages/airflow/example_dags/example_time_delta_sensor_async.py took 0.065 seconds
[2024-08-05T00:05:01.932+0000] {processor.py:161} INFO - Started process (PID=18243) to work on /home/airflow/.local/lib/python3.12/site-packages/airflow/example_dags/example_time_delta_sensor_async.py
[2024-08-05T00:05:01.933+0000] {processor.py:830} INFO - Processing file /home/airflow/.local/lib/python3.12/site-packages/airflow/example_dags/example_time_delta_sensor_async.py for tasks to queue
[2024-08-05T00:05:01.935+0000] {logging_mixin.py:188} INFO - [2024-08-05T00:05:01.934+0000] {dagbag.py:545} INFO - Filling up the DagBag from /home/airflow/.local/lib/python3.12/site-packages/airflow/example_dags/example_time_delta_sensor_async.py
[2024-08-05T00:05:01.939+0000] {processor.py:840} INFO - DAG(s) 'example_time_delta_sensor_async' retrieved from /home/airflow/.local/lib/python3.12/site-packages/airflow/example_dags/example_time_delta_sensor_async.py
[2024-08-05T00:05:01.958+0000] {logging_mixin.py:188} INFO - [2024-08-05T00:05:01.958+0000] {dag.py:3089} INFO - Sync 1 DAGs
[2024-08-05T00:05:01.970+0000] {logging_mixin.py:188} INFO - [2024-08-05T00:05:01.970+0000] {dag.py:3947} INFO - Setting next_dagrun for example_time_delta_sensor_async to None, run_after=None
[2024-08-05T00:05:01.989+0000] {processor.py:183} INFO - Processing /home/airflow/.local/lib/python3.12/site-packages/airflow/example_dags/example_time_delta_sensor_async.py took 0.063 seconds
[2024-08-05T00:05:32.159+0000] {processor.py:161} INFO - Started process (PID=18515) to work on /home/airflow/.local/lib/python3.12/site-packages/airflow/example_dags/example_time_delta_sensor_async.py
[2024-08-05T00:05:32.160+0000] {processor.py:830} INFO - Processing file /home/airflow/.local/lib/python3.12/site-packages/airflow/example_dags/example_time_delta_sensor_async.py for tasks to queue
[2024-08-05T00:05:32.162+0000] {logging_mixin.py:188} INFO - [2024-08-05T00:05:32.162+0000] {dagbag.py:545} INFO - Filling up the DagBag from /home/airflow/.local/lib/python3.12/site-packages/airflow/example_dags/example_time_delta_sensor_async.py
[2024-08-05T00:05:32.167+0000] {processor.py:840} INFO - DAG(s) 'example_time_delta_sensor_async' retrieved from /home/airflow/.local/lib/python3.12/site-packages/airflow/example_dags/example_time_delta_sensor_async.py
[2024-08-05T00:05:32.188+0000] {logging_mixin.py:188} INFO - [2024-08-05T00:05:32.188+0000] {dag.py:3089} INFO - Sync 1 DAGs
[2024-08-05T00:05:32.200+0000] {logging_mixin.py:188} INFO - [2024-08-05T00:05:32.200+0000] {dag.py:3947} INFO - Setting next_dagrun for example_time_delta_sensor_async to None, run_after=None
[2024-08-05T00:05:32.219+0000] {processor.py:183} INFO - Processing /home/airflow/.local/lib/python3.12/site-packages/airflow/example_dags/example_time_delta_sensor_async.py took 0.064 seconds
[2024-08-05T00:06:02.463+0000] {processor.py:161} INFO - Started process (PID=18787) to work on /home/airflow/.local/lib/python3.12/site-packages/airflow/example_dags/example_time_delta_sensor_async.py
[2024-08-05T00:06:02.464+0000] {processor.py:830} INFO - Processing file /home/airflow/.local/lib/python3.12/site-packages/airflow/example_dags/example_time_delta_sensor_async.py for tasks to queue
[2024-08-05T00:06:02.466+0000] {logging_mixin.py:188} INFO - [2024-08-05T00:06:02.465+0000] {dagbag.py:545} INFO - Filling up the DagBag from /home/airflow/.local/lib/python3.12/site-packages/airflow/example_dags/example_time_delta_sensor_async.py
[2024-08-05T00:06:02.469+0000] {processor.py:840} INFO - DAG(s) 'example_time_delta_sensor_async' retrieved from /home/airflow/.local/lib/python3.12/site-packages/airflow/example_dags/example_time_delta_sensor_async.py
[2024-08-05T00:06:02.488+0000] {logging_mixin.py:188} INFO - [2024-08-05T00:06:02.488+0000] {dag.py:3089} INFO - Sync 1 DAGs
[2024-08-05T00:06:02.500+0000] {logging_mixin.py:188} INFO - [2024-08-05T00:06:02.500+0000] {dag.py:3947} INFO - Setting next_dagrun for example_time_delta_sensor_async to None, run_after=None
[2024-08-05T00:06:02.519+0000] {processor.py:183} INFO - Processing /home/airflow/.local/lib/python3.12/site-packages/airflow/example_dags/example_time_delta_sensor_async.py took 0.061 seconds
[2024-08-05T00:06:32.659+0000] {processor.py:161} INFO - Started process (PID=19059) to work on /home/airflow/.local/lib/python3.12/site-packages/airflow/example_dags/example_time_delta_sensor_async.py
[2024-08-05T00:06:32.660+0000] {processor.py:830} INFO - Processing file /home/airflow/.local/lib/python3.12/site-packages/airflow/example_dags/example_time_delta_sensor_async.py for tasks to queue
[2024-08-05T00:06:32.662+0000] {logging_mixin.py:188} INFO - [2024-08-05T00:06:32.661+0000] {dagbag.py:545} INFO - Filling up the DagBag from /home/airflow/.local/lib/python3.12/site-packages/airflow/example_dags/example_time_delta_sensor_async.py
[2024-08-05T00:06:32.666+0000] {processor.py:840} INFO - DAG(s) 'example_time_delta_sensor_async' retrieved from /home/airflow/.local/lib/python3.12/site-packages/airflow/example_dags/example_time_delta_sensor_async.py
[2024-08-05T00:06:32.685+0000] {logging_mixin.py:188} INFO - [2024-08-05T00:06:32.685+0000] {dag.py:3089} INFO - Sync 1 DAGs
[2024-08-05T00:06:32.696+0000] {logging_mixin.py:188} INFO - [2024-08-05T00:06:32.696+0000] {dag.py:3947} INFO - Setting next_dagrun for example_time_delta_sensor_async to None, run_after=None
[2024-08-05T00:06:32.715+0000] {processor.py:183} INFO - Processing /home/airflow/.local/lib/python3.12/site-packages/airflow/example_dags/example_time_delta_sensor_async.py took 0.061 seconds
[2024-08-05T00:07:03.694+0000] {processor.py:161} INFO - Started process (PID=19331) to work on /home/airflow/.local/lib/python3.12/site-packages/airflow/example_dags/example_time_delta_sensor_async.py
[2024-08-05T00:07:03.695+0000] {processor.py:830} INFO - Processing file /home/airflow/.local/lib/python3.12/site-packages/airflow/example_dags/example_time_delta_sensor_async.py for tasks to queue
[2024-08-05T00:07:03.697+0000] {logging_mixin.py:188} INFO - [2024-08-05T00:07:03.697+0000] {dagbag.py:545} INFO - Filling up the DagBag from /home/airflow/.local/lib/python3.12/site-packages/airflow/example_dags/example_time_delta_sensor_async.py
[2024-08-05T00:07:03.701+0000] {processor.py:840} INFO - DAG(s) 'example_time_delta_sensor_async' retrieved from /home/airflow/.local/lib/python3.12/site-packages/airflow/example_dags/example_time_delta_sensor_async.py
[2024-08-05T00:07:03.720+0000] {logging_mixin.py:188} INFO - [2024-08-05T00:07:03.720+0000] {dag.py:3089} INFO - Sync 1 DAGs
[2024-08-05T00:07:03.733+0000] {logging_mixin.py:188} INFO - [2024-08-05T00:07:03.733+0000] {dag.py:3947} INFO - Setting next_dagrun for example_time_delta_sensor_async to None, run_after=None
[2024-08-05T00:07:03.753+0000] {processor.py:183} INFO - Processing /home/airflow/.local/lib/python3.12/site-packages/airflow/example_dags/example_time_delta_sensor_async.py took 0.065 seconds
[2024-08-05T00:07:34.034+0000] {processor.py:161} INFO - Started process (PID=19603) to work on /home/airflow/.local/lib/python3.12/site-packages/airflow/example_dags/example_time_delta_sensor_async.py
[2024-08-05T00:07:34.034+0000] {processor.py:830} INFO - Processing file /home/airflow/.local/lib/python3.12/site-packages/airflow/example_dags/example_time_delta_sensor_async.py for tasks to queue
[2024-08-05T00:07:34.036+0000] {logging_mixin.py:188} INFO - [2024-08-05T00:07:34.036+0000] {dagbag.py:545} INFO - Filling up the DagBag from /home/airflow/.local/lib/python3.12/site-packages/airflow/example_dags/example_time_delta_sensor_async.py
[2024-08-05T00:07:34.040+0000] {processor.py:840} INFO - DAG(s) 'example_time_delta_sensor_async' retrieved from /home/airflow/.local/lib/python3.12/site-packages/airflow/example_dags/example_time_delta_sensor_async.py
[2024-08-05T00:07:34.059+0000] {logging_mixin.py:188} INFO - [2024-08-05T00:07:34.059+0000] {dag.py:3089} INFO - Sync 1 DAGs
[2024-08-05T00:07:34.071+0000] {logging_mixin.py:188} INFO - [2024-08-05T00:07:34.071+0000] {dag.py:3947} INFO - Setting next_dagrun for example_time_delta_sensor_async to None, run_after=None
[2024-08-05T00:07:34.091+0000] {processor.py:183} INFO - Processing /home/airflow/.local/lib/python3.12/site-packages/airflow/example_dags/example_time_delta_sensor_async.py took 0.063 seconds
[2024-08-05T00:08:04.242+0000] {processor.py:161} INFO - Started process (PID=19875) to work on /home/airflow/.local/lib/python3.12/site-packages/airflow/example_dags/example_time_delta_sensor_async.py
[2024-08-05T00:08:04.243+0000] {processor.py:830} INFO - Processing file /home/airflow/.local/lib/python3.12/site-packages/airflow/example_dags/example_time_delta_sensor_async.py for tasks to queue
[2024-08-05T00:08:04.245+0000] {logging_mixin.py:188} INFO - [2024-08-05T00:08:04.245+0000] {dagbag.py:545} INFO - Filling up the DagBag from /home/airflow/.local/lib/python3.12/site-packages/airflow/example_dags/example_time_delta_sensor_async.py
[2024-08-05T00:08:04.249+0000] {processor.py:840} INFO - DAG(s) 'example_time_delta_sensor_async' retrieved from /home/airflow/.local/lib/python3.12/site-packages/airflow/example_dags/example_time_delta_sensor_async.py
[2024-08-05T00:08:04.268+0000] {logging_mixin.py:188} INFO - [2024-08-05T00:08:04.267+0000] {dag.py:3089} INFO - Sync 1 DAGs
[2024-08-05T00:08:04.280+0000] {logging_mixin.py:188} INFO - [2024-08-05T00:08:04.279+0000] {dag.py:3947} INFO - Setting next_dagrun for example_time_delta_sensor_async to None, run_after=None
[2024-08-05T00:08:04.298+0000] {processor.py:183} INFO - Processing /home/airflow/.local/lib/python3.12/site-packages/airflow/example_dags/example_time_delta_sensor_async.py took 0.061 seconds
[2024-08-05T00:08:34.661+0000] {processor.py:161} INFO - Started process (PID=20147) to work on /home/airflow/.local/lib/python3.12/site-packages/airflow/example_dags/example_time_delta_sensor_async.py
[2024-08-05T00:08:34.662+0000] {processor.py:830} INFO - Processing file /home/airflow/.local/lib/python3.12/site-packages/airflow/example_dags/example_time_delta_sensor_async.py for tasks to queue
[2024-08-05T00:08:34.664+0000] {logging_mixin.py:188} INFO - [2024-08-05T00:08:34.664+0000] {dagbag.py:545} INFO - Filling up the DagBag from /home/airflow/.local/lib/python3.12/site-packages/airflow/example_dags/example_time_delta_sensor_async.py
[2024-08-05T00:08:34.667+0000] {processor.py:840} INFO - DAG(s) 'example_time_delta_sensor_async' retrieved from /home/airflow/.local/lib/python3.12/site-packages/airflow/example_dags/example_time_delta_sensor_async.py
[2024-08-05T00:08:34.686+0000] {logging_mixin.py:188} INFO - [2024-08-05T00:08:34.686+0000] {dag.py:3089} INFO - Sync 1 DAGs
[2024-08-05T00:08:34.698+0000] {logging_mixin.py:188} INFO - [2024-08-05T00:08:34.698+0000] {dag.py:3947} INFO - Setting next_dagrun for example_time_delta_sensor_async to None, run_after=None
[2024-08-05T00:08:34.715+0000] {processor.py:183} INFO - Processing /home/airflow/.local/lib/python3.12/site-packages/airflow/example_dags/example_time_delta_sensor_async.py took 0.059 seconds
[2024-08-05T00:09:04.853+0000] {processor.py:161} INFO - Started process (PID=20419) to work on /home/airflow/.local/lib/python3.12/site-packages/airflow/example_dags/example_time_delta_sensor_async.py
[2024-08-05T00:09:04.854+0000] {processor.py:830} INFO - Processing file /home/airflow/.local/lib/python3.12/site-packages/airflow/example_dags/example_time_delta_sensor_async.py for tasks to queue
[2024-08-05T00:09:04.855+0000] {logging_mixin.py:188} INFO - [2024-08-05T00:09:04.855+0000] {dagbag.py:545} INFO - Filling up the DagBag from /home/airflow/.local/lib/python3.12/site-packages/airflow/example_dags/example_time_delta_sensor_async.py
[2024-08-05T00:09:04.859+0000] {processor.py:840} INFO - DAG(s) 'example_time_delta_sensor_async' retrieved from /home/airflow/.local/lib/python3.12/site-packages/airflow/example_dags/example_time_delta_sensor_async.py
[2024-08-05T00:09:04.877+0000] {logging_mixin.py:188} INFO - [2024-08-05T00:09:04.877+0000] {dag.py:3089} INFO - Sync 1 DAGs
[2024-08-05T00:09:04.887+0000] {logging_mixin.py:188} INFO - [2024-08-05T00:09:04.887+0000] {dag.py:3947} INFO - Setting next_dagrun for example_time_delta_sensor_async to None, run_after=None
[2024-08-05T00:09:04.903+0000] {processor.py:183} INFO - Processing /home/airflow/.local/lib/python3.12/site-packages/airflow/example_dags/example_time_delta_sensor_async.py took 0.055 seconds
[2024-08-05T00:09:35.590+0000] {processor.py:161} INFO - Started process (PID=20691) to work on /home/airflow/.local/lib/python3.12/site-packages/airflow/example_dags/example_time_delta_sensor_async.py
[2024-08-05T00:09:35.591+0000] {processor.py:830} INFO - Processing file /home/airflow/.local/lib/python3.12/site-packages/airflow/example_dags/example_time_delta_sensor_async.py for tasks to queue
[2024-08-05T00:09:35.592+0000] {logging_mixin.py:188} INFO - [2024-08-05T00:09:35.592+0000] {dagbag.py:545} INFO - Filling up the DagBag from /home/airflow/.local/lib/python3.12/site-packages/airflow/example_dags/example_time_delta_sensor_async.py
[2024-08-05T00:09:35.596+0000] {processor.py:840} INFO - DAG(s) 'example_time_delta_sensor_async' retrieved from /home/airflow/.local/lib/python3.12/site-packages/airflow/example_dags/example_time_delta_sensor_async.py
[2024-08-05T00:09:35.614+0000] {logging_mixin.py:188} INFO - [2024-08-05T00:09:35.613+0000] {dag.py:3089} INFO - Sync 1 DAGs
[2024-08-05T00:09:35.624+0000] {logging_mixin.py:188} INFO - [2024-08-05T00:09:35.624+0000] {dag.py:3947} INFO - Setting next_dagrun for example_time_delta_sensor_async to None, run_after=None
[2024-08-05T00:09:35.641+0000] {processor.py:183} INFO - Processing /home/airflow/.local/lib/python3.12/site-packages/airflow/example_dags/example_time_delta_sensor_async.py took 0.056 seconds
[2024-08-05T00:10:06.233+0000] {processor.py:161} INFO - Started process (PID=20969) to work on /home/airflow/.local/lib/python3.12/site-packages/airflow/example_dags/example_time_delta_sensor_async.py
[2024-08-05T00:10:06.234+0000] {processor.py:830} INFO - Processing file /home/airflow/.local/lib/python3.12/site-packages/airflow/example_dags/example_time_delta_sensor_async.py for tasks to queue
[2024-08-05T00:10:06.235+0000] {logging_mixin.py:188} INFO - [2024-08-05T00:10:06.235+0000] {dagbag.py:545} INFO - Filling up the DagBag from /home/airflow/.local/lib/python3.12/site-packages/airflow/example_dags/example_time_delta_sensor_async.py
[2024-08-05T00:10:06.239+0000] {processor.py:840} INFO - DAG(s) 'example_time_delta_sensor_async' retrieved from /home/airflow/.local/lib/python3.12/site-packages/airflow/example_dags/example_time_delta_sensor_async.py
[2024-08-05T00:10:06.257+0000] {logging_mixin.py:188} INFO - [2024-08-05T00:10:06.257+0000] {dag.py:3089} INFO - Sync 1 DAGs
[2024-08-05T00:10:06.268+0000] {logging_mixin.py:188} INFO - [2024-08-05T00:10:06.268+0000] {dag.py:3947} INFO - Setting next_dagrun for example_time_delta_sensor_async to None, run_after=None
[2024-08-05T00:10:06.284+0000] {processor.py:183} INFO - Processing /home/airflow/.local/lib/python3.12/site-packages/airflow/example_dags/example_time_delta_sensor_async.py took 0.055 seconds
[2024-08-05T00:10:36.970+0000] {processor.py:161} INFO - Started process (PID=21244) to work on /home/airflow/.local/lib/python3.12/site-packages/airflow/example_dags/example_time_delta_sensor_async.py
[2024-08-05T00:10:36.971+0000] {processor.py:830} INFO - Processing file /home/airflow/.local/lib/python3.12/site-packages/airflow/example_dags/example_time_delta_sensor_async.py for tasks to queue
[2024-08-05T00:10:36.973+0000] {logging_mixin.py:188} INFO - [2024-08-05T00:10:36.973+0000] {dagbag.py:545} INFO - Filling up the DagBag from /home/airflow/.local/lib/python3.12/site-packages/airflow/example_dags/example_time_delta_sensor_async.py
[2024-08-05T00:10:36.977+0000] {processor.py:840} INFO - DAG(s) 'example_time_delta_sensor_async' retrieved from /home/airflow/.local/lib/python3.12/site-packages/airflow/example_dags/example_time_delta_sensor_async.py
[2024-08-05T00:10:36.997+0000] {logging_mixin.py:188} INFO - [2024-08-05T00:10:36.996+0000] {dag.py:3089} INFO - Sync 1 DAGs
[2024-08-05T00:10:37.010+0000] {logging_mixin.py:188} INFO - [2024-08-05T00:10:37.010+0000] {dag.py:3947} INFO - Setting next_dagrun for example_time_delta_sensor_async to None, run_after=None
[2024-08-05T00:10:37.027+0000] {processor.py:183} INFO - Processing /home/airflow/.local/lib/python3.12/site-packages/airflow/example_dags/example_time_delta_sensor_async.py took 0.062 seconds
[2024-08-05T00:11:07.701+0000] {processor.py:161} INFO - Started process (PID=21516) to work on /home/airflow/.local/lib/python3.12/site-packages/airflow/example_dags/example_time_delta_sensor_async.py
[2024-08-05T00:11:07.702+0000] {processor.py:830} INFO - Processing file /home/airflow/.local/lib/python3.12/site-packages/airflow/example_dags/example_time_delta_sensor_async.py for tasks to queue
[2024-08-05T00:11:07.704+0000] {logging_mixin.py:188} INFO - [2024-08-05T00:11:07.703+0000] {dagbag.py:545} INFO - Filling up the DagBag from /home/airflow/.local/lib/python3.12/site-packages/airflow/example_dags/example_time_delta_sensor_async.py
[2024-08-05T00:11:07.707+0000] {processor.py:840} INFO - DAG(s) 'example_time_delta_sensor_async' retrieved from /home/airflow/.local/lib/python3.12/site-packages/airflow/example_dags/example_time_delta_sensor_async.py
[2024-08-05T00:11:07.729+0000] {logging_mixin.py:188} INFO - [2024-08-05T00:11:07.728+0000] {dag.py:3089} INFO - Sync 1 DAGs
[2024-08-05T00:11:07.743+0000] {logging_mixin.py:188} INFO - [2024-08-05T00:11:07.742+0000] {dag.py:3947} INFO - Setting next_dagrun for example_time_delta_sensor_async to None, run_after=None
[2024-08-05T00:11:07.762+0000] {processor.py:183} INFO - Processing /home/airflow/.local/lib/python3.12/site-packages/airflow/example_dags/example_time_delta_sensor_async.py took 0.066 seconds
[2024-08-05T00:11:38.585+0000] {processor.py:161} INFO - Started process (PID=21788) to work on /home/airflow/.local/lib/python3.12/site-packages/airflow/example_dags/example_time_delta_sensor_async.py
[2024-08-05T00:11:38.586+0000] {processor.py:830} INFO - Processing file /home/airflow/.local/lib/python3.12/site-packages/airflow/example_dags/example_time_delta_sensor_async.py for tasks to queue
[2024-08-05T00:11:38.588+0000] {logging_mixin.py:188} INFO - [2024-08-05T00:11:38.588+0000] {dagbag.py:545} INFO - Filling up the DagBag from /home/airflow/.local/lib/python3.12/site-packages/airflow/example_dags/example_time_delta_sensor_async.py
[2024-08-05T00:11:38.592+0000] {processor.py:840} INFO - DAG(s) 'example_time_delta_sensor_async' retrieved from /home/airflow/.local/lib/python3.12/site-packages/airflow/example_dags/example_time_delta_sensor_async.py
[2024-08-05T00:11:38.615+0000] {logging_mixin.py:188} INFO - [2024-08-05T00:11:38.614+0000] {dag.py:3089} INFO - Sync 1 DAGs
[2024-08-05T00:11:38.632+0000] {logging_mixin.py:188} INFO - [2024-08-05T00:11:38.631+0000] {dag.py:3947} INFO - Setting next_dagrun for example_time_delta_sensor_async to None, run_after=None
[2024-08-05T00:11:38.653+0000] {processor.py:183} INFO - Processing /home/airflow/.local/lib/python3.12/site-packages/airflow/example_dags/example_time_delta_sensor_async.py took 0.074 seconds
[2024-08-05T00:12:08.838+0000] {processor.py:161} INFO - Started process (PID=22060) to work on /home/airflow/.local/lib/python3.12/site-packages/airflow/example_dags/example_time_delta_sensor_async.py
[2024-08-05T00:12:08.839+0000] {processor.py:830} INFO - Processing file /home/airflow/.local/lib/python3.12/site-packages/airflow/example_dags/example_time_delta_sensor_async.py for tasks to queue
[2024-08-05T00:12:08.840+0000] {logging_mixin.py:188} INFO - [2024-08-05T00:12:08.840+0000] {dagbag.py:545} INFO - Filling up the DagBag from /home/airflow/.local/lib/python3.12/site-packages/airflow/example_dags/example_time_delta_sensor_async.py
[2024-08-05T00:12:08.844+0000] {processor.py:840} INFO - DAG(s) 'example_time_delta_sensor_async' retrieved from /home/airflow/.local/lib/python3.12/site-packages/airflow/example_dags/example_time_delta_sensor_async.py
[2024-08-05T00:12:08.863+0000] {logging_mixin.py:188} INFO - [2024-08-05T00:12:08.863+0000] {dag.py:3089} INFO - Sync 1 DAGs
[2024-08-05T00:12:08.875+0000] {logging_mixin.py:188} INFO - [2024-08-05T00:12:08.875+0000] {dag.py:3947} INFO - Setting next_dagrun for example_time_delta_sensor_async to None, run_after=None
[2024-08-05T00:12:08.892+0000] {processor.py:183} INFO - Processing /home/airflow/.local/lib/python3.12/site-packages/airflow/example_dags/example_time_delta_sensor_async.py took 0.060 seconds
[2024-08-05T00:12:39.095+0000] {processor.py:161} INFO - Started process (PID=22332) to work on /home/airflow/.local/lib/python3.12/site-packages/airflow/example_dags/example_time_delta_sensor_async.py
[2024-08-05T00:12:39.096+0000] {processor.py:830} INFO - Processing file /home/airflow/.local/lib/python3.12/site-packages/airflow/example_dags/example_time_delta_sensor_async.py for tasks to queue
[2024-08-05T00:12:39.098+0000] {logging_mixin.py:188} INFO - [2024-08-05T00:12:39.097+0000] {dagbag.py:545} INFO - Filling up the DagBag from /home/airflow/.local/lib/python3.12/site-packages/airflow/example_dags/example_time_delta_sensor_async.py
[2024-08-05T00:12:39.101+0000] {processor.py:840} INFO - DAG(s) 'example_time_delta_sensor_async' retrieved from /home/airflow/.local/lib/python3.12/site-packages/airflow/example_dags/example_time_delta_sensor_async.py
[2024-08-05T00:12:39.121+0000] {logging_mixin.py:188} INFO - [2024-08-05T00:12:39.120+0000] {dag.py:3089} INFO - Sync 1 DAGs
[2024-08-05T00:12:39.132+0000] {logging_mixin.py:188} INFO - [2024-08-05T00:12:39.132+0000] {dag.py:3947} INFO - Setting next_dagrun for example_time_delta_sensor_async to None, run_after=None
[2024-08-05T00:12:39.149+0000] {processor.py:183} INFO - Processing /home/airflow/.local/lib/python3.12/site-packages/airflow/example_dags/example_time_delta_sensor_async.py took 0.058 seconds
[2024-08-05T00:13:09.324+0000] {processor.py:161} INFO - Started process (PID=22604) to work on /home/airflow/.local/lib/python3.12/site-packages/airflow/example_dags/example_time_delta_sensor_async.py
[2024-08-05T00:13:09.325+0000] {processor.py:830} INFO - Processing file /home/airflow/.local/lib/python3.12/site-packages/airflow/example_dags/example_time_delta_sensor_async.py for tasks to queue
[2024-08-05T00:13:09.326+0000] {logging_mixin.py:188} INFO - [2024-08-05T00:13:09.326+0000] {dagbag.py:545} INFO - Filling up the DagBag from /home/airflow/.local/lib/python3.12/site-packages/airflow/example_dags/example_time_delta_sensor_async.py
[2024-08-05T00:13:09.329+0000] {processor.py:840} INFO - DAG(s) 'example_time_delta_sensor_async' retrieved from /home/airflow/.local/lib/python3.12/site-packages/airflow/example_dags/example_time_delta_sensor_async.py
[2024-08-05T00:13:09.349+0000] {logging_mixin.py:188} INFO - [2024-08-05T00:13:09.349+0000] {dag.py:3089} INFO - Sync 1 DAGs
[2024-08-05T00:13:09.362+0000] {logging_mixin.py:188} INFO - [2024-08-05T00:13:09.362+0000] {dag.py:3947} INFO - Setting next_dagrun for example_time_delta_sensor_async to None, run_after=None
[2024-08-05T00:13:09.380+0000] {processor.py:183} INFO - Processing /home/airflow/.local/lib/python3.12/site-packages/airflow/example_dags/example_time_delta_sensor_async.py took 0.063 seconds
[2024-08-05T00:13:40.984+0000] {processor.py:161} INFO - Started process (PID=22876) to work on /home/airflow/.local/lib/python3.12/site-packages/airflow/example_dags/example_time_delta_sensor_async.py
[2024-08-05T00:13:40.985+0000] {processor.py:830} INFO - Processing file /home/airflow/.local/lib/python3.12/site-packages/airflow/example_dags/example_time_delta_sensor_async.py for tasks to queue
[2024-08-05T00:13:40.988+0000] {logging_mixin.py:188} INFO - [2024-08-05T00:13:40.988+0000] {dagbag.py:545} INFO - Filling up the DagBag from /home/airflow/.local/lib/python3.12/site-packages/airflow/example_dags/example_time_delta_sensor_async.py
[2024-08-05T00:13:41.002+0000] {processor.py:840} INFO - DAG(s) 'example_time_delta_sensor_async' retrieved from /home/airflow/.local/lib/python3.12/site-packages/airflow/example_dags/example_time_delta_sensor_async.py
[2024-08-05T00:13:41.063+0000] {logging_mixin.py:188} INFO - [2024-08-05T00:13:41.063+0000] {dag.py:3089} INFO - Sync 1 DAGs
[2024-08-05T00:13:41.110+0000] {logging_mixin.py:188} INFO - [2024-08-05T00:13:41.110+0000] {dag.py:3947} INFO - Setting next_dagrun for example_time_delta_sensor_async to None, run_after=None
[2024-08-05T00:13:41.179+0000] {processor.py:183} INFO - Processing /home/airflow/.local/lib/python3.12/site-packages/airflow/example_dags/example_time_delta_sensor_async.py took 0.203 seconds
[2024-08-05T00:14:11.259+0000] {processor.py:161} INFO - Started process (PID=23148) to work on /home/airflow/.local/lib/python3.12/site-packages/airflow/example_dags/example_time_delta_sensor_async.py
[2024-08-05T00:14:11.260+0000] {processor.py:830} INFO - Processing file /home/airflow/.local/lib/python3.12/site-packages/airflow/example_dags/example_time_delta_sensor_async.py for tasks to queue
[2024-08-05T00:14:11.261+0000] {logging_mixin.py:188} INFO - [2024-08-05T00:14:11.261+0000] {dagbag.py:545} INFO - Filling up the DagBag from /home/airflow/.local/lib/python3.12/site-packages/airflow/example_dags/example_time_delta_sensor_async.py
[2024-08-05T00:14:11.264+0000] {processor.py:840} INFO - DAG(s) 'example_time_delta_sensor_async' retrieved from /home/airflow/.local/lib/python3.12/site-packages/airflow/example_dags/example_time_delta_sensor_async.py
[2024-08-05T00:14:11.279+0000] {logging_mixin.py:188} INFO - [2024-08-05T00:14:11.279+0000] {dag.py:3089} INFO - Sync 1 DAGs
[2024-08-05T00:14:11.292+0000] {logging_mixin.py:188} INFO - [2024-08-05T00:14:11.292+0000] {dag.py:3947} INFO - Setting next_dagrun for example_time_delta_sensor_async to None, run_after=None
[2024-08-05T00:14:11.310+0000] {processor.py:183} INFO - Processing /home/airflow/.local/lib/python3.12/site-packages/airflow/example_dags/example_time_delta_sensor_async.py took 0.056 seconds
[2024-08-05T00:14:41.379+0000] {processor.py:161} INFO - Started process (PID=23420) to work on /home/airflow/.local/lib/python3.12/site-packages/airflow/example_dags/example_time_delta_sensor_async.py
[2024-08-05T00:14:41.380+0000] {processor.py:830} INFO - Processing file /home/airflow/.local/lib/python3.12/site-packages/airflow/example_dags/example_time_delta_sensor_async.py for tasks to queue
[2024-08-05T00:14:41.381+0000] {logging_mixin.py:188} INFO - [2024-08-05T00:14:41.381+0000] {dagbag.py:545} INFO - Filling up the DagBag from /home/airflow/.local/lib/python3.12/site-packages/airflow/example_dags/example_time_delta_sensor_async.py
[2024-08-05T00:14:41.386+0000] {processor.py:840} INFO - DAG(s) 'example_time_delta_sensor_async' retrieved from /home/airflow/.local/lib/python3.12/site-packages/airflow/example_dags/example_time_delta_sensor_async.py
[2024-08-05T00:14:41.404+0000] {logging_mixin.py:188} INFO - [2024-08-05T00:14:41.404+0000] {dag.py:3089} INFO - Sync 1 DAGs
[2024-08-05T00:14:41.415+0000] {logging_mixin.py:188} INFO - [2024-08-05T00:14:41.414+0000] {dag.py:3947} INFO - Setting next_dagrun for example_time_delta_sensor_async to None, run_after=None
[2024-08-05T00:14:41.432+0000] {processor.py:183} INFO - Processing /home/airflow/.local/lib/python3.12/site-packages/airflow/example_dags/example_time_delta_sensor_async.py took 0.058 seconds
[2024-08-05T00:15:11.584+0000] {processor.py:161} INFO - Started process (PID=23692) to work on /home/airflow/.local/lib/python3.12/site-packages/airflow/example_dags/example_time_delta_sensor_async.py
[2024-08-05T00:15:11.585+0000] {processor.py:830} INFO - Processing file /home/airflow/.local/lib/python3.12/site-packages/airflow/example_dags/example_time_delta_sensor_async.py for tasks to queue
[2024-08-05T00:15:11.586+0000] {logging_mixin.py:188} INFO - [2024-08-05T00:15:11.586+0000] {dagbag.py:545} INFO - Filling up the DagBag from /home/airflow/.local/lib/python3.12/site-packages/airflow/example_dags/example_time_delta_sensor_async.py
[2024-08-05T00:15:11.590+0000] {processor.py:840} INFO - DAG(s) 'example_time_delta_sensor_async' retrieved from /home/airflow/.local/lib/python3.12/site-packages/airflow/example_dags/example_time_delta_sensor_async.py
[2024-08-05T00:15:11.609+0000] {logging_mixin.py:188} INFO - [2024-08-05T00:15:11.609+0000] {dag.py:3089} INFO - Sync 1 DAGs
[2024-08-05T00:15:11.622+0000] {logging_mixin.py:188} INFO - [2024-08-05T00:15:11.621+0000] {dag.py:3947} INFO - Setting next_dagrun for example_time_delta_sensor_async to None, run_after=None
[2024-08-05T00:15:11.640+0000] {processor.py:183} INFO - Processing /home/airflow/.local/lib/python3.12/site-packages/airflow/example_dags/example_time_delta_sensor_async.py took 0.062 seconds
[2024-08-05T00:15:41.949+0000] {processor.py:161} INFO - Started process (PID=23966) to work on /home/airflow/.local/lib/python3.12/site-packages/airflow/example_dags/example_time_delta_sensor_async.py
[2024-08-05T00:15:41.950+0000] {processor.py:830} INFO - Processing file /home/airflow/.local/lib/python3.12/site-packages/airflow/example_dags/example_time_delta_sensor_async.py for tasks to queue
[2024-08-05T00:15:41.952+0000] {logging_mixin.py:188} INFO - [2024-08-05T00:15:41.952+0000] {dagbag.py:545} INFO - Filling up the DagBag from /home/airflow/.local/lib/python3.12/site-packages/airflow/example_dags/example_time_delta_sensor_async.py
[2024-08-05T00:15:41.956+0000] {processor.py:840} INFO - DAG(s) 'example_time_delta_sensor_async' retrieved from /home/airflow/.local/lib/python3.12/site-packages/airflow/example_dags/example_time_delta_sensor_async.py
[2024-08-05T00:15:41.977+0000] {logging_mixin.py:188} INFO - [2024-08-05T00:15:41.977+0000] {dag.py:3089} INFO - Sync 1 DAGs
[2024-08-05T00:15:41.987+0000] {logging_mixin.py:188} INFO - [2024-08-05T00:15:41.987+0000] {dag.py:3947} INFO - Setting next_dagrun for example_time_delta_sensor_async to None, run_after=None
[2024-08-05T00:15:42.004+0000] {processor.py:183} INFO - Processing /home/airflow/.local/lib/python3.12/site-packages/airflow/example_dags/example_time_delta_sensor_async.py took 0.061 seconds
[2024-08-05T00:16:12.475+0000] {processor.py:161} INFO - Started process (PID=24236) to work on /home/airflow/.local/lib/python3.12/site-packages/airflow/example_dags/example_time_delta_sensor_async.py
[2024-08-05T00:16:12.475+0000] {processor.py:830} INFO - Processing file /home/airflow/.local/lib/python3.12/site-packages/airflow/example_dags/example_time_delta_sensor_async.py for tasks to queue
[2024-08-05T00:16:12.477+0000] {logging_mixin.py:188} INFO - [2024-08-05T00:16:12.476+0000] {dagbag.py:545} INFO - Filling up the DagBag from /home/airflow/.local/lib/python3.12/site-packages/airflow/example_dags/example_time_delta_sensor_async.py
[2024-08-05T00:16:12.481+0000] {processor.py:840} INFO - DAG(s) 'example_time_delta_sensor_async' retrieved from /home/airflow/.local/lib/python3.12/site-packages/airflow/example_dags/example_time_delta_sensor_async.py
[2024-08-05T00:16:12.499+0000] {logging_mixin.py:188} INFO - [2024-08-05T00:16:12.499+0000] {dag.py:3089} INFO - Sync 1 DAGs
[2024-08-05T00:16:12.511+0000] {logging_mixin.py:188} INFO - [2024-08-05T00:16:12.511+0000] {dag.py:3947} INFO - Setting next_dagrun for example_time_delta_sensor_async to None, run_after=None
[2024-08-05T00:16:12.528+0000] {processor.py:183} INFO - Processing /home/airflow/.local/lib/python3.12/site-packages/airflow/example_dags/example_time_delta_sensor_async.py took 0.058 seconds
[2024-08-05T00:16:42.766+0000] {processor.py:161} INFO - Started process (PID=24508) to work on /home/airflow/.local/lib/python3.12/site-packages/airflow/example_dags/example_time_delta_sensor_async.py
[2024-08-05T00:16:42.767+0000] {processor.py:830} INFO - Processing file /home/airflow/.local/lib/python3.12/site-packages/airflow/example_dags/example_time_delta_sensor_async.py for tasks to queue
[2024-08-05T00:16:42.768+0000] {logging_mixin.py:188} INFO - [2024-08-05T00:16:42.768+0000] {dagbag.py:545} INFO - Filling up the DagBag from /home/airflow/.local/lib/python3.12/site-packages/airflow/example_dags/example_time_delta_sensor_async.py
[2024-08-05T00:16:42.772+0000] {processor.py:840} INFO - DAG(s) 'example_time_delta_sensor_async' retrieved from /home/airflow/.local/lib/python3.12/site-packages/airflow/example_dags/example_time_delta_sensor_async.py
[2024-08-05T00:16:42.792+0000] {logging_mixin.py:188} INFO - [2024-08-05T00:16:42.791+0000] {dag.py:3089} INFO - Sync 1 DAGs
[2024-08-05T00:16:42.804+0000] {logging_mixin.py:188} INFO - [2024-08-05T00:16:42.804+0000] {dag.py:3947} INFO - Setting next_dagrun for example_time_delta_sensor_async to None, run_after=None
[2024-08-05T00:16:42.821+0000] {processor.py:183} INFO - Processing /home/airflow/.local/lib/python3.12/site-packages/airflow/example_dags/example_time_delta_sensor_async.py took 0.059 seconds
[2024-08-05T00:17:13.236+0000] {processor.py:161} INFO - Started process (PID=24782) to work on /home/airflow/.local/lib/python3.12/site-packages/airflow/example_dags/example_time_delta_sensor_async.py
[2024-08-05T00:17:13.237+0000] {processor.py:830} INFO - Processing file /home/airflow/.local/lib/python3.12/site-packages/airflow/example_dags/example_time_delta_sensor_async.py for tasks to queue
[2024-08-05T00:17:13.239+0000] {logging_mixin.py:188} INFO - [2024-08-05T00:17:13.238+0000] {dagbag.py:545} INFO - Filling up the DagBag from /home/airflow/.local/lib/python3.12/site-packages/airflow/example_dags/example_time_delta_sensor_async.py
[2024-08-05T00:17:13.242+0000] {processor.py:840} INFO - DAG(s) 'example_time_delta_sensor_async' retrieved from /home/airflow/.local/lib/python3.12/site-packages/airflow/example_dags/example_time_delta_sensor_async.py
[2024-08-05T00:17:13.262+0000] {logging_mixin.py:188} INFO - [2024-08-05T00:17:13.262+0000] {dag.py:3089} INFO - Sync 1 DAGs
[2024-08-05T00:17:13.274+0000] {logging_mixin.py:188} INFO - [2024-08-05T00:17:13.274+0000] {dag.py:3947} INFO - Setting next_dagrun for example_time_delta_sensor_async to None, run_after=None
[2024-08-05T00:17:13.291+0000] {processor.py:183} INFO - Processing /home/airflow/.local/lib/python3.12/site-packages/airflow/example_dags/example_time_delta_sensor_async.py took 0.060 seconds
[2024-08-05T00:17:43.568+0000] {processor.py:161} INFO - Started process (PID=25054) to work on /home/airflow/.local/lib/python3.12/site-packages/airflow/example_dags/example_time_delta_sensor_async.py
[2024-08-05T00:17:43.569+0000] {processor.py:830} INFO - Processing file /home/airflow/.local/lib/python3.12/site-packages/airflow/example_dags/example_time_delta_sensor_async.py for tasks to queue
[2024-08-05T00:17:43.570+0000] {logging_mixin.py:188} INFO - [2024-08-05T00:17:43.570+0000] {dagbag.py:545} INFO - Filling up the DagBag from /home/airflow/.local/lib/python3.12/site-packages/airflow/example_dags/example_time_delta_sensor_async.py
[2024-08-05T00:17:43.574+0000] {processor.py:840} INFO - DAG(s) 'example_time_delta_sensor_async' retrieved from /home/airflow/.local/lib/python3.12/site-packages/airflow/example_dags/example_time_delta_sensor_async.py
[2024-08-05T00:17:43.593+0000] {logging_mixin.py:188} INFO - [2024-08-05T00:17:43.592+0000] {dag.py:3089} INFO - Sync 1 DAGs
[2024-08-05T00:17:43.604+0000] {logging_mixin.py:188} INFO - [2024-08-05T00:17:43.604+0000] {dag.py:3947} INFO - Setting next_dagrun for example_time_delta_sensor_async to None, run_after=None
[2024-08-05T00:17:43.621+0000] {processor.py:183} INFO - Processing /home/airflow/.local/lib/python3.12/site-packages/airflow/example_dags/example_time_delta_sensor_async.py took 0.059 seconds
[2024-08-05T00:18:13.778+0000] {processor.py:161} INFO - Started process (PID=25324) to work on /home/airflow/.local/lib/python3.12/site-packages/airflow/example_dags/example_time_delta_sensor_async.py
[2024-08-05T00:18:13.779+0000] {processor.py:830} INFO - Processing file /home/airflow/.local/lib/python3.12/site-packages/airflow/example_dags/example_time_delta_sensor_async.py for tasks to queue
[2024-08-05T00:18:13.780+0000] {logging_mixin.py:188} INFO - [2024-08-05T00:18:13.780+0000] {dagbag.py:545} INFO - Filling up the DagBag from /home/airflow/.local/lib/python3.12/site-packages/airflow/example_dags/example_time_delta_sensor_async.py
[2024-08-05T00:18:13.783+0000] {processor.py:840} INFO - DAG(s) 'example_time_delta_sensor_async' retrieved from /home/airflow/.local/lib/python3.12/site-packages/airflow/example_dags/example_time_delta_sensor_async.py
[2024-08-05T00:18:13.802+0000] {logging_mixin.py:188} INFO - [2024-08-05T00:18:13.801+0000] {dag.py:3089} INFO - Sync 1 DAGs
[2024-08-05T00:18:13.813+0000] {logging_mixin.py:188} INFO - [2024-08-05T00:18:13.813+0000] {dag.py:3947} INFO - Setting next_dagrun for example_time_delta_sensor_async to None, run_after=None
[2024-08-05T00:18:13.829+0000] {processor.py:183} INFO - Processing /home/airflow/.local/lib/python3.12/site-packages/airflow/example_dags/example_time_delta_sensor_async.py took 0.057 seconds
[2024-08-05T00:18:43.923+0000] {processor.py:161} INFO - Started process (PID=25596) to work on /home/airflow/.local/lib/python3.12/site-packages/airflow/example_dags/example_time_delta_sensor_async.py
[2024-08-05T00:18:43.924+0000] {processor.py:830} INFO - Processing file /home/airflow/.local/lib/python3.12/site-packages/airflow/example_dags/example_time_delta_sensor_async.py for tasks to queue
[2024-08-05T00:18:43.925+0000] {logging_mixin.py:188} INFO - [2024-08-05T00:18:43.925+0000] {dagbag.py:545} INFO - Filling up the DagBag from /home/airflow/.local/lib/python3.12/site-packages/airflow/example_dags/example_time_delta_sensor_async.py
[2024-08-05T00:18:43.929+0000] {processor.py:840} INFO - DAG(s) 'example_time_delta_sensor_async' retrieved from /home/airflow/.local/lib/python3.12/site-packages/airflow/example_dags/example_time_delta_sensor_async.py
[2024-08-05T00:18:43.949+0000] {logging_mixin.py:188} INFO - [2024-08-05T00:18:43.949+0000] {dag.py:3089} INFO - Sync 1 DAGs
[2024-08-05T00:18:43.960+0000] {logging_mixin.py:188} INFO - [2024-08-05T00:18:43.960+0000] {dag.py:3947} INFO - Setting next_dagrun for example_time_delta_sensor_async to None, run_after=None
[2024-08-05T00:18:43.976+0000] {processor.py:183} INFO - Processing /home/airflow/.local/lib/python3.12/site-packages/airflow/example_dags/example_time_delta_sensor_async.py took 0.058 seconds
[2024-08-05T00:19:14.162+0000] {processor.py:161} INFO - Started process (PID=25868) to work on /home/airflow/.local/lib/python3.12/site-packages/airflow/example_dags/example_time_delta_sensor_async.py
[2024-08-05T00:19:14.163+0000] {processor.py:830} INFO - Processing file /home/airflow/.local/lib/python3.12/site-packages/airflow/example_dags/example_time_delta_sensor_async.py for tasks to queue
[2024-08-05T00:19:14.164+0000] {logging_mixin.py:188} INFO - [2024-08-05T00:19:14.164+0000] {dagbag.py:545} INFO - Filling up the DagBag from /home/airflow/.local/lib/python3.12/site-packages/airflow/example_dags/example_time_delta_sensor_async.py
[2024-08-05T00:19:14.167+0000] {processor.py:840} INFO - DAG(s) 'example_time_delta_sensor_async' retrieved from /home/airflow/.local/lib/python3.12/site-packages/airflow/example_dags/example_time_delta_sensor_async.py
[2024-08-05T00:19:14.186+0000] {logging_mixin.py:188} INFO - [2024-08-05T00:19:14.186+0000] {dag.py:3089} INFO - Sync 1 DAGs
[2024-08-05T00:19:14.198+0000] {logging_mixin.py:188} INFO - [2024-08-05T00:19:14.198+0000] {dag.py:3947} INFO - Setting next_dagrun for example_time_delta_sensor_async to None, run_after=None
[2024-08-05T00:19:14.214+0000] {processor.py:183} INFO - Processing /home/airflow/.local/lib/python3.12/site-packages/airflow/example_dags/example_time_delta_sensor_async.py took 0.058 seconds
[2024-08-05T00:19:44.426+0000] {processor.py:161} INFO - Started process (PID=26140) to work on /home/airflow/.local/lib/python3.12/site-packages/airflow/example_dags/example_time_delta_sensor_async.py
[2024-08-05T00:19:44.426+0000] {processor.py:830} INFO - Processing file /home/airflow/.local/lib/python3.12/site-packages/airflow/example_dags/example_time_delta_sensor_async.py for tasks to queue
[2024-08-05T00:19:44.428+0000] {logging_mixin.py:188} INFO - [2024-08-05T00:19:44.428+0000] {dagbag.py:545} INFO - Filling up the DagBag from /home/airflow/.local/lib/python3.12/site-packages/airflow/example_dags/example_time_delta_sensor_async.py
[2024-08-05T00:19:44.431+0000] {processor.py:840} INFO - DAG(s) 'example_time_delta_sensor_async' retrieved from /home/airflow/.local/lib/python3.12/site-packages/airflow/example_dags/example_time_delta_sensor_async.py
[2024-08-05T00:19:44.450+0000] {logging_mixin.py:188} INFO - [2024-08-05T00:19:44.450+0000] {dag.py:3089} INFO - Sync 1 DAGs
[2024-08-05T00:19:44.462+0000] {logging_mixin.py:188} INFO - [2024-08-05T00:19:44.462+0000] {dag.py:3947} INFO - Setting next_dagrun for example_time_delta_sensor_async to None, run_after=None
[2024-08-05T00:19:44.479+0000] {processor.py:183} INFO - Processing /home/airflow/.local/lib/python3.12/site-packages/airflow/example_dags/example_time_delta_sensor_async.py took 0.058 seconds
[2024-08-05T00:20:14.674+0000] {processor.py:161} INFO - Started process (PID=26418) to work on /home/airflow/.local/lib/python3.12/site-packages/airflow/example_dags/example_time_delta_sensor_async.py
[2024-08-05T00:20:14.674+0000] {processor.py:830} INFO - Processing file /home/airflow/.local/lib/python3.12/site-packages/airflow/example_dags/example_time_delta_sensor_async.py for tasks to queue
[2024-08-05T00:20:14.676+0000] {logging_mixin.py:188} INFO - [2024-08-05T00:20:14.675+0000] {dagbag.py:545} INFO - Filling up the DagBag from /home/airflow/.local/lib/python3.12/site-packages/airflow/example_dags/example_time_delta_sensor_async.py
[2024-08-05T00:20:14.679+0000] {processor.py:840} INFO - DAG(s) 'example_time_delta_sensor_async' retrieved from /home/airflow/.local/lib/python3.12/site-packages/airflow/example_dags/example_time_delta_sensor_async.py
[2024-08-05T00:20:14.697+0000] {logging_mixin.py:188} INFO - [2024-08-05T00:20:14.697+0000] {dag.py:3089} INFO - Sync 1 DAGs
[2024-08-05T00:20:14.708+0000] {logging_mixin.py:188} INFO - [2024-08-05T00:20:14.708+0000] {dag.py:3947} INFO - Setting next_dagrun for example_time_delta_sensor_async to None, run_after=None
[2024-08-05T00:20:14.725+0000] {processor.py:183} INFO - Processing /home/airflow/.local/lib/python3.12/site-packages/airflow/example_dags/example_time_delta_sensor_async.py took 0.057 seconds
[2024-08-05T00:20:45.297+0000] {processor.py:161} INFO - Started process (PID=26695) to work on /home/airflow/.local/lib/python3.12/site-packages/airflow/example_dags/example_time_delta_sensor_async.py
[2024-08-05T00:20:45.298+0000] {processor.py:830} INFO - Processing file /home/airflow/.local/lib/python3.12/site-packages/airflow/example_dags/example_time_delta_sensor_async.py for tasks to queue
[2024-08-05T00:20:45.300+0000] {logging_mixin.py:188} INFO - [2024-08-05T00:20:45.299+0000] {dagbag.py:545} INFO - Filling up the DagBag from /home/airflow/.local/lib/python3.12/site-packages/airflow/example_dags/example_time_delta_sensor_async.py
[2024-08-05T00:20:45.303+0000] {processor.py:840} INFO - DAG(s) 'example_time_delta_sensor_async' retrieved from /home/airflow/.local/lib/python3.12/site-packages/airflow/example_dags/example_time_delta_sensor_async.py
[2024-08-05T00:20:45.322+0000] {logging_mixin.py:188} INFO - [2024-08-05T00:20:45.322+0000] {dag.py:3089} INFO - Sync 1 DAGs
[2024-08-05T00:20:45.333+0000] {logging_mixin.py:188} INFO - [2024-08-05T00:20:45.333+0000] {dag.py:3947} INFO - Setting next_dagrun for example_time_delta_sensor_async to None, run_after=None
[2024-08-05T00:20:45.350+0000] {processor.py:183} INFO - Processing /home/airflow/.local/lib/python3.12/site-packages/airflow/example_dags/example_time_delta_sensor_async.py took 0.058 seconds
[2024-08-05T00:21:15.750+0000] {processor.py:161} INFO - Started process (PID=26965) to work on /home/airflow/.local/lib/python3.12/site-packages/airflow/example_dags/example_time_delta_sensor_async.py
[2024-08-05T00:21:15.750+0000] {processor.py:830} INFO - Processing file /home/airflow/.local/lib/python3.12/site-packages/airflow/example_dags/example_time_delta_sensor_async.py for tasks to queue
[2024-08-05T00:21:15.752+0000] {logging_mixin.py:188} INFO - [2024-08-05T00:21:15.751+0000] {dagbag.py:545} INFO - Filling up the DagBag from /home/airflow/.local/lib/python3.12/site-packages/airflow/example_dags/example_time_delta_sensor_async.py
[2024-08-05T00:21:15.756+0000] {processor.py:840} INFO - DAG(s) 'example_time_delta_sensor_async' retrieved from /home/airflow/.local/lib/python3.12/site-packages/airflow/example_dags/example_time_delta_sensor_async.py
[2024-08-05T00:21:15.784+0000] {logging_mixin.py:188} INFO - [2024-08-05T00:21:15.783+0000] {dag.py:3089} INFO - Sync 1 DAGs
[2024-08-05T00:21:15.798+0000] {logging_mixin.py:188} INFO - [2024-08-05T00:21:15.798+0000] {dag.py:3947} INFO - Setting next_dagrun for example_time_delta_sensor_async to None, run_after=None
[2024-08-05T00:21:15.815+0000] {processor.py:183} INFO - Processing /home/airflow/.local/lib/python3.12/site-packages/airflow/example_dags/example_time_delta_sensor_async.py took 0.070 seconds
[2024-08-05T00:21:45.976+0000] {processor.py:161} INFO - Started process (PID=27239) to work on /home/airflow/.local/lib/python3.12/site-packages/airflow/example_dags/example_time_delta_sensor_async.py
[2024-08-05T00:21:45.977+0000] {processor.py:830} INFO - Processing file /home/airflow/.local/lib/python3.12/site-packages/airflow/example_dags/example_time_delta_sensor_async.py for tasks to queue
[2024-08-05T00:21:45.979+0000] {logging_mixin.py:188} INFO - [2024-08-05T00:21:45.979+0000] {dagbag.py:545} INFO - Filling up the DagBag from /home/airflow/.local/lib/python3.12/site-packages/airflow/example_dags/example_time_delta_sensor_async.py
[2024-08-05T00:21:45.982+0000] {processor.py:840} INFO - DAG(s) 'example_time_delta_sensor_async' retrieved from /home/airflow/.local/lib/python3.12/site-packages/airflow/example_dags/example_time_delta_sensor_async.py
[2024-08-05T00:21:46.000+0000] {logging_mixin.py:188} INFO - [2024-08-05T00:21:46.000+0000] {dag.py:3089} INFO - Sync 1 DAGs
[2024-08-05T00:21:46.012+0000] {logging_mixin.py:188} INFO - [2024-08-05T00:21:46.012+0000] {dag.py:3947} INFO - Setting next_dagrun for example_time_delta_sensor_async to None, run_after=None
[2024-08-05T00:21:46.028+0000] {processor.py:183} INFO - Processing /home/airflow/.local/lib/python3.12/site-packages/airflow/example_dags/example_time_delta_sensor_async.py took 0.057 seconds
[2024-08-05T00:22:16.366+0000] {processor.py:161} INFO - Started process (PID=27511) to work on /home/airflow/.local/lib/python3.12/site-packages/airflow/example_dags/example_time_delta_sensor_async.py
[2024-08-05T00:22:16.368+0000] {processor.py:830} INFO - Processing file /home/airflow/.local/lib/python3.12/site-packages/airflow/example_dags/example_time_delta_sensor_async.py for tasks to queue
[2024-08-05T00:22:16.369+0000] {logging_mixin.py:188} INFO - [2024-08-05T00:22:16.369+0000] {dagbag.py:545} INFO - Filling up the DagBag from /home/airflow/.local/lib/python3.12/site-packages/airflow/example_dags/example_time_delta_sensor_async.py
[2024-08-05T00:22:16.373+0000] {processor.py:840} INFO - DAG(s) 'example_time_delta_sensor_async' retrieved from /home/airflow/.local/lib/python3.12/site-packages/airflow/example_dags/example_time_delta_sensor_async.py
[2024-08-05T00:22:16.391+0000] {logging_mixin.py:188} INFO - [2024-08-05T00:22:16.391+0000] {dag.py:3089} INFO - Sync 1 DAGs
[2024-08-05T00:22:16.402+0000] {logging_mixin.py:188} INFO - [2024-08-05T00:22:16.402+0000] {dag.py:3947} INFO - Setting next_dagrun for example_time_delta_sensor_async to None, run_after=None
[2024-08-05T00:22:16.417+0000] {processor.py:183} INFO - Processing /home/airflow/.local/lib/python3.12/site-packages/airflow/example_dags/example_time_delta_sensor_async.py took 0.056 seconds
[2024-08-05T00:22:46.795+0000] {processor.py:161} INFO - Started process (PID=27781) to work on /home/airflow/.local/lib/python3.12/site-packages/airflow/example_dags/example_time_delta_sensor_async.py
[2024-08-05T00:22:46.796+0000] {processor.py:830} INFO - Processing file /home/airflow/.local/lib/python3.12/site-packages/airflow/example_dags/example_time_delta_sensor_async.py for tasks to queue
[2024-08-05T00:22:46.798+0000] {logging_mixin.py:188} INFO - [2024-08-05T00:22:46.797+0000] {dagbag.py:545} INFO - Filling up the DagBag from /home/airflow/.local/lib/python3.12/site-packages/airflow/example_dags/example_time_delta_sensor_async.py
[2024-08-05T00:22:46.801+0000] {processor.py:840} INFO - DAG(s) 'example_time_delta_sensor_async' retrieved from /home/airflow/.local/lib/python3.12/site-packages/airflow/example_dags/example_time_delta_sensor_async.py
[2024-08-05T00:22:46.822+0000] {logging_mixin.py:188} INFO - [2024-08-05T00:22:46.822+0000] {dag.py:3089} INFO - Sync 1 DAGs
[2024-08-05T00:22:46.833+0000] {logging_mixin.py:188} INFO - [2024-08-05T00:22:46.833+0000] {dag.py:3947} INFO - Setting next_dagrun for example_time_delta_sensor_async to None, run_after=None
[2024-08-05T00:22:46.850+0000] {processor.py:183} INFO - Processing /home/airflow/.local/lib/python3.12/site-packages/airflow/example_dags/example_time_delta_sensor_async.py took 0.059 seconds
[2024-08-05T00:23:17.370+0000] {processor.py:161} INFO - Started process (PID=28053) to work on /home/airflow/.local/lib/python3.12/site-packages/airflow/example_dags/example_time_delta_sensor_async.py
[2024-08-05T00:23:17.370+0000] {processor.py:830} INFO - Processing file /home/airflow/.local/lib/python3.12/site-packages/airflow/example_dags/example_time_delta_sensor_async.py for tasks to queue
[2024-08-05T00:23:17.372+0000] {logging_mixin.py:188} INFO - [2024-08-05T00:23:17.371+0000] {dagbag.py:545} INFO - Filling up the DagBag from /home/airflow/.local/lib/python3.12/site-packages/airflow/example_dags/example_time_delta_sensor_async.py
[2024-08-05T00:23:17.375+0000] {processor.py:840} INFO - DAG(s) 'example_time_delta_sensor_async' retrieved from /home/airflow/.local/lib/python3.12/site-packages/airflow/example_dags/example_time_delta_sensor_async.py
[2024-08-05T00:23:17.395+0000] {logging_mixin.py:188} INFO - [2024-08-05T00:23:17.395+0000] {dag.py:3089} INFO - Sync 1 DAGs
[2024-08-05T00:23:17.408+0000] {logging_mixin.py:188} INFO - [2024-08-05T00:23:17.408+0000] {dag.py:3947} INFO - Setting next_dagrun for example_time_delta_sensor_async to None, run_after=None
[2024-08-05T00:23:17.426+0000] {processor.py:183} INFO - Processing /home/airflow/.local/lib/python3.12/site-packages/airflow/example_dags/example_time_delta_sensor_async.py took 0.060 seconds
[2024-08-05T00:23:47.949+0000] {processor.py:161} INFO - Started process (PID=28325) to work on /home/airflow/.local/lib/python3.12/site-packages/airflow/example_dags/example_time_delta_sensor_async.py
[2024-08-05T00:23:47.950+0000] {processor.py:830} INFO - Processing file /home/airflow/.local/lib/python3.12/site-packages/airflow/example_dags/example_time_delta_sensor_async.py for tasks to queue
[2024-08-05T00:23:47.951+0000] {logging_mixin.py:188} INFO - [2024-08-05T00:23:47.951+0000] {dagbag.py:545} INFO - Filling up the DagBag from /home/airflow/.local/lib/python3.12/site-packages/airflow/example_dags/example_time_delta_sensor_async.py
[2024-08-05T00:23:47.955+0000] {processor.py:840} INFO - DAG(s) 'example_time_delta_sensor_async' retrieved from /home/airflow/.local/lib/python3.12/site-packages/airflow/example_dags/example_time_delta_sensor_async.py
[2024-08-05T00:23:47.976+0000] {logging_mixin.py:188} INFO - [2024-08-05T00:23:47.975+0000] {dag.py:3089} INFO - Sync 1 DAGs
[2024-08-05T00:23:47.987+0000] {logging_mixin.py:188} INFO - [2024-08-05T00:23:47.987+0000] {dag.py:3947} INFO - Setting next_dagrun for example_time_delta_sensor_async to None, run_after=None
[2024-08-05T00:23:48.004+0000] {processor.py:183} INFO - Processing /home/airflow/.local/lib/python3.12/site-packages/airflow/example_dags/example_time_delta_sensor_async.py took 0.060 seconds
[2024-08-05T00:24:18.906+0000] {processor.py:161} INFO - Started process (PID=28597) to work on /home/airflow/.local/lib/python3.12/site-packages/airflow/example_dags/example_time_delta_sensor_async.py
[2024-08-05T00:24:18.907+0000] {processor.py:830} INFO - Processing file /home/airflow/.local/lib/python3.12/site-packages/airflow/example_dags/example_time_delta_sensor_async.py for tasks to queue
[2024-08-05T00:24:18.908+0000] {logging_mixin.py:188} INFO - [2024-08-05T00:24:18.908+0000] {dagbag.py:545} INFO - Filling up the DagBag from /home/airflow/.local/lib/python3.12/site-packages/airflow/example_dags/example_time_delta_sensor_async.py
[2024-08-05T00:24:18.911+0000] {processor.py:840} INFO - DAG(s) 'example_time_delta_sensor_async' retrieved from /home/airflow/.local/lib/python3.12/site-packages/airflow/example_dags/example_time_delta_sensor_async.py
[2024-08-05T00:24:19.033+0000] {logging_mixin.py:188} INFO - [2024-08-05T00:24:19.032+0000] {dag.py:3089} INFO - Sync 1 DAGs
[2024-08-05T00:24:19.042+0000] {logging_mixin.py:188} INFO - [2024-08-05T00:24:19.041+0000] {dag.py:3947} INFO - Setting next_dagrun for example_time_delta_sensor_async to None, run_after=None
[2024-08-05T00:24:19.055+0000] {processor.py:183} INFO - Processing /home/airflow/.local/lib/python3.12/site-packages/airflow/example_dags/example_time_delta_sensor_async.py took 0.153 seconds
[2024-08-05T00:24:49.218+0000] {processor.py:161} INFO - Started process (PID=28869) to work on /home/airflow/.local/lib/python3.12/site-packages/airflow/example_dags/example_time_delta_sensor_async.py
[2024-08-05T00:24:49.218+0000] {processor.py:830} INFO - Processing file /home/airflow/.local/lib/python3.12/site-packages/airflow/example_dags/example_time_delta_sensor_async.py for tasks to queue
[2024-08-05T00:24:49.219+0000] {logging_mixin.py:188} INFO - [2024-08-05T00:24:49.219+0000] {dagbag.py:545} INFO - Filling up the DagBag from /home/airflow/.local/lib/python3.12/site-packages/airflow/example_dags/example_time_delta_sensor_async.py
[2024-08-05T00:24:49.223+0000] {processor.py:840} INFO - DAG(s) 'example_time_delta_sensor_async' retrieved from /home/airflow/.local/lib/python3.12/site-packages/airflow/example_dags/example_time_delta_sensor_async.py
[2024-08-05T00:24:49.239+0000] {logging_mixin.py:188} INFO - [2024-08-05T00:24:49.239+0000] {dag.py:3089} INFO - Sync 1 DAGs
[2024-08-05T00:24:49.249+0000] {logging_mixin.py:188} INFO - [2024-08-05T00:24:49.249+0000] {dag.py:3947} INFO - Setting next_dagrun for example_time_delta_sensor_async to None, run_after=None
[2024-08-05T00:24:49.263+0000] {processor.py:183} INFO - Processing /home/airflow/.local/lib/python3.12/site-packages/airflow/example_dags/example_time_delta_sensor_async.py took 0.049 seconds
