[2024-08-05T00:00:28.358+0000] {processor.py:161} INFO - Started process (PID=15776) to work on /home/airflow/.local/lib/python3.12/site-packages/airflow/example_dags/example_python_decorator.py
[2024-08-05T00:00:28.359+0000] {processor.py:830} INFO - Processing file /home/airflow/.local/lib/python3.12/site-packages/airflow/example_dags/example_python_decorator.py for tasks to queue
[2024-08-05T00:00:28.360+0000] {logging_mixin.py:188} INFO - [2024-08-05T00:00:28.360+0000] {dagbag.py:545} INFO - Filling up the DagBag from /home/airflow/.local/lib/python3.12/site-packages/airflow/example_dags/example_python_decorator.py
[2024-08-05T00:00:28.371+0000] {processor.py:840} INFO - DAG(s) 'example_python_decorator' retrieved from /home/airflow/.local/lib/python3.12/site-packages/airflow/example_dags/example_python_decorator.py
[2024-08-05T00:00:28.394+0000] {logging_mixin.py:188} INFO - [2024-08-05T00:00:28.394+0000] {dag.py:3089} INFO - Sync 1 DAGs
[2024-08-05T00:00:28.405+0000] {logging_mixin.py:188} INFO - [2024-08-05T00:00:28.405+0000] {dag.py:3947} INFO - Setting next_dagrun for example_python_decorator to None, run_after=None
[2024-08-05T00:00:28.420+0000] {processor.py:183} INFO - Processing /home/airflow/.local/lib/python3.12/site-packages/airflow/example_dags/example_python_decorator.py took 0.068 seconds
[2024-08-05T00:00:59.078+0000] {processor.py:161} INFO - Started process (PID=16048) to work on /home/airflow/.local/lib/python3.12/site-packages/airflow/example_dags/example_python_decorator.py
[2024-08-05T00:00:59.079+0000] {processor.py:830} INFO - Processing file /home/airflow/.local/lib/python3.12/site-packages/airflow/example_dags/example_python_decorator.py for tasks to queue
[2024-08-05T00:00:59.081+0000] {logging_mixin.py:188} INFO - [2024-08-05T00:00:59.080+0000] {dagbag.py:545} INFO - Filling up the DagBag from /home/airflow/.local/lib/python3.12/site-packages/airflow/example_dags/example_python_decorator.py
[2024-08-05T00:00:59.095+0000] {processor.py:840} INFO - DAG(s) 'example_python_decorator' retrieved from /home/airflow/.local/lib/python3.12/site-packages/airflow/example_dags/example_python_decorator.py
[2024-08-05T00:00:59.118+0000] {logging_mixin.py:188} INFO - [2024-08-05T00:00:59.118+0000] {dag.py:3089} INFO - Sync 1 DAGs
[2024-08-05T00:00:59.131+0000] {logging_mixin.py:188} INFO - [2024-08-05T00:00:59.131+0000] {dag.py:3947} INFO - Setting next_dagrun for example_python_decorator to None, run_after=None
[2024-08-05T00:00:59.148+0000] {processor.py:183} INFO - Processing /home/airflow/.local/lib/python3.12/site-packages/airflow/example_dags/example_python_decorator.py took 0.076 seconds
[2024-08-05T00:01:29.362+0000] {processor.py:161} INFO - Started process (PID=16322) to work on /home/airflow/.local/lib/python3.12/site-packages/airflow/example_dags/example_python_decorator.py
[2024-08-05T00:01:29.363+0000] {processor.py:830} INFO - Processing file /home/airflow/.local/lib/python3.12/site-packages/airflow/example_dags/example_python_decorator.py for tasks to queue
[2024-08-05T00:01:29.365+0000] {logging_mixin.py:188} INFO - [2024-08-05T00:01:29.364+0000] {dagbag.py:545} INFO - Filling up the DagBag from /home/airflow/.local/lib/python3.12/site-packages/airflow/example_dags/example_python_decorator.py
[2024-08-05T00:01:29.376+0000] {processor.py:840} INFO - DAG(s) 'example_python_decorator' retrieved from /home/airflow/.local/lib/python3.12/site-packages/airflow/example_dags/example_python_decorator.py
[2024-08-05T00:01:29.397+0000] {logging_mixin.py:188} INFO - [2024-08-05T00:01:29.396+0000] {dag.py:3089} INFO - Sync 1 DAGs
[2024-08-05T00:01:29.409+0000] {logging_mixin.py:188} INFO - [2024-08-05T00:01:29.409+0000] {dag.py:3947} INFO - Setting next_dagrun for example_python_decorator to None, run_after=None
[2024-08-05T00:01:29.424+0000] {processor.py:183} INFO - Processing /home/airflow/.local/lib/python3.12/site-packages/airflow/example_dags/example_python_decorator.py took 0.066 seconds
[2024-08-05T00:01:59.530+0000] {processor.py:161} INFO - Started process (PID=16594) to work on /home/airflow/.local/lib/python3.12/site-packages/airflow/example_dags/example_python_decorator.py
[2024-08-05T00:01:59.531+0000] {processor.py:830} INFO - Processing file /home/airflow/.local/lib/python3.12/site-packages/airflow/example_dags/example_python_decorator.py for tasks to queue
[2024-08-05T00:01:59.533+0000] {logging_mixin.py:188} INFO - [2024-08-05T00:01:59.532+0000] {dagbag.py:545} INFO - Filling up the DagBag from /home/airflow/.local/lib/python3.12/site-packages/airflow/example_dags/example_python_decorator.py
[2024-08-05T00:01:59.543+0000] {processor.py:840} INFO - DAG(s) 'example_python_decorator' retrieved from /home/airflow/.local/lib/python3.12/site-packages/airflow/example_dags/example_python_decorator.py
[2024-08-05T00:01:59.564+0000] {logging_mixin.py:188} INFO - [2024-08-05T00:01:59.564+0000] {dag.py:3089} INFO - Sync 1 DAGs
[2024-08-05T00:01:59.575+0000] {logging_mixin.py:188} INFO - [2024-08-05T00:01:59.575+0000] {dag.py:3947} INFO - Setting next_dagrun for example_python_decorator to None, run_after=None
[2024-08-05T00:01:59.591+0000] {processor.py:183} INFO - Processing /home/airflow/.local/lib/python3.12/site-packages/airflow/example_dags/example_python_decorator.py took 0.065 seconds
[2024-08-05T00:02:29.641+0000] {processor.py:161} INFO - Started process (PID=16864) to work on /home/airflow/.local/lib/python3.12/site-packages/airflow/example_dags/example_python_decorator.py
[2024-08-05T00:02:29.641+0000] {processor.py:830} INFO - Processing file /home/airflow/.local/lib/python3.12/site-packages/airflow/example_dags/example_python_decorator.py for tasks to queue
[2024-08-05T00:02:29.643+0000] {logging_mixin.py:188} INFO - [2024-08-05T00:02:29.642+0000] {dagbag.py:545} INFO - Filling up the DagBag from /home/airflow/.local/lib/python3.12/site-packages/airflow/example_dags/example_python_decorator.py
[2024-08-05T00:02:29.655+0000] {processor.py:840} INFO - DAG(s) 'example_python_decorator' retrieved from /home/airflow/.local/lib/python3.12/site-packages/airflow/example_dags/example_python_decorator.py
[2024-08-05T00:02:29.677+0000] {logging_mixin.py:188} INFO - [2024-08-05T00:02:29.676+0000] {dag.py:3089} INFO - Sync 1 DAGs
[2024-08-05T00:02:29.689+0000] {logging_mixin.py:188} INFO - [2024-08-05T00:02:29.689+0000] {dag.py:3947} INFO - Setting next_dagrun for example_python_decorator to None, run_after=None
[2024-08-05T00:02:29.705+0000] {processor.py:183} INFO - Processing /home/airflow/.local/lib/python3.12/site-packages/airflow/example_dags/example_python_decorator.py took 0.069 seconds
[2024-08-05T00:02:59.916+0000] {processor.py:161} INFO - Started process (PID=17136) to work on /home/airflow/.local/lib/python3.12/site-packages/airflow/example_dags/example_python_decorator.py
[2024-08-05T00:02:59.917+0000] {processor.py:830} INFO - Processing file /home/airflow/.local/lib/python3.12/site-packages/airflow/example_dags/example_python_decorator.py for tasks to queue
[2024-08-05T00:02:59.919+0000] {logging_mixin.py:188} INFO - [2024-08-05T00:02:59.918+0000] {dagbag.py:545} INFO - Filling up the DagBag from /home/airflow/.local/lib/python3.12/site-packages/airflow/example_dags/example_python_decorator.py
[2024-08-05T00:02:59.930+0000] {processor.py:840} INFO - DAG(s) 'example_python_decorator' retrieved from /home/airflow/.local/lib/python3.12/site-packages/airflow/example_dags/example_python_decorator.py
[2024-08-05T00:02:59.953+0000] {logging_mixin.py:188} INFO - [2024-08-05T00:02:59.953+0000] {dag.py:3089} INFO - Sync 1 DAGs
[2024-08-05T00:02:59.964+0000] {logging_mixin.py:188} INFO - [2024-08-05T00:02:59.964+0000] {dag.py:3947} INFO - Setting next_dagrun for example_python_decorator to None, run_after=None
[2024-08-05T00:02:59.980+0000] {processor.py:183} INFO - Processing /home/airflow/.local/lib/python3.12/site-packages/airflow/example_dags/example_python_decorator.py took 0.069 seconds
[2024-08-05T00:03:30.319+0000] {processor.py:161} INFO - Started process (PID=17408) to work on /home/airflow/.local/lib/python3.12/site-packages/airflow/example_dags/example_python_decorator.py
[2024-08-05T00:03:30.320+0000] {processor.py:830} INFO - Processing file /home/airflow/.local/lib/python3.12/site-packages/airflow/example_dags/example_python_decorator.py for tasks to queue
[2024-08-05T00:03:30.322+0000] {logging_mixin.py:188} INFO - [2024-08-05T00:03:30.322+0000] {dagbag.py:545} INFO - Filling up the DagBag from /home/airflow/.local/lib/python3.12/site-packages/airflow/example_dags/example_python_decorator.py
[2024-08-05T00:03:30.333+0000] {processor.py:840} INFO - DAG(s) 'example_python_decorator' retrieved from /home/airflow/.local/lib/python3.12/site-packages/airflow/example_dags/example_python_decorator.py
[2024-08-05T00:03:30.356+0000] {logging_mixin.py:188} INFO - [2024-08-05T00:03:30.356+0000] {dag.py:3089} INFO - Sync 1 DAGs
[2024-08-05T00:03:30.368+0000] {logging_mixin.py:188} INFO - [2024-08-05T00:03:30.367+0000] {dag.py:3947} INFO - Setting next_dagrun for example_python_decorator to None, run_after=None
[2024-08-05T00:03:30.385+0000] {processor.py:183} INFO - Processing /home/airflow/.local/lib/python3.12/site-packages/airflow/example_dags/example_python_decorator.py took 0.071 seconds
[2024-08-05T00:04:00.504+0000] {processor.py:161} INFO - Started process (PID=17680) to work on /home/airflow/.local/lib/python3.12/site-packages/airflow/example_dags/example_python_decorator.py
[2024-08-05T00:04:00.505+0000] {processor.py:830} INFO - Processing file /home/airflow/.local/lib/python3.12/site-packages/airflow/example_dags/example_python_decorator.py for tasks to queue
[2024-08-05T00:04:00.507+0000] {logging_mixin.py:188} INFO - [2024-08-05T00:04:00.506+0000] {dagbag.py:545} INFO - Filling up the DagBag from /home/airflow/.local/lib/python3.12/site-packages/airflow/example_dags/example_python_decorator.py
[2024-08-05T00:04:00.519+0000] {processor.py:840} INFO - DAG(s) 'example_python_decorator' retrieved from /home/airflow/.local/lib/python3.12/site-packages/airflow/example_dags/example_python_decorator.py
[2024-08-05T00:04:00.541+0000] {logging_mixin.py:188} INFO - [2024-08-05T00:04:00.541+0000] {dag.py:3089} INFO - Sync 1 DAGs
[2024-08-05T00:04:00.554+0000] {logging_mixin.py:188} INFO - [2024-08-05T00:04:00.553+0000] {dag.py:3947} INFO - Setting next_dagrun for example_python_decorator to None, run_after=None
[2024-08-05T00:04:00.570+0000] {processor.py:183} INFO - Processing /home/airflow/.local/lib/python3.12/site-packages/airflow/example_dags/example_python_decorator.py took 0.073 seconds
[2024-08-05T00:04:31.406+0000] {processor.py:161} INFO - Started process (PID=17946) to work on /home/airflow/.local/lib/python3.12/site-packages/airflow/example_dags/example_python_decorator.py
[2024-08-05T00:04:31.407+0000] {processor.py:830} INFO - Processing file /home/airflow/.local/lib/python3.12/site-packages/airflow/example_dags/example_python_decorator.py for tasks to queue
[2024-08-05T00:04:31.408+0000] {logging_mixin.py:188} INFO - [2024-08-05T00:04:31.408+0000] {dagbag.py:545} INFO - Filling up the DagBag from /home/airflow/.local/lib/python3.12/site-packages/airflow/example_dags/example_python_decorator.py
[2024-08-05T00:04:31.420+0000] {processor.py:840} INFO - DAG(s) 'example_python_decorator' retrieved from /home/airflow/.local/lib/python3.12/site-packages/airflow/example_dags/example_python_decorator.py
[2024-08-05T00:04:31.443+0000] {logging_mixin.py:188} INFO - [2024-08-05T00:04:31.443+0000] {dag.py:3089} INFO - Sync 1 DAGs
[2024-08-05T00:04:31.456+0000] {logging_mixin.py:188} INFO - [2024-08-05T00:04:31.456+0000] {dag.py:3947} INFO - Setting next_dagrun for example_python_decorator to None, run_after=None
[2024-08-05T00:04:31.474+0000] {processor.py:183} INFO - Processing /home/airflow/.local/lib/python3.12/site-packages/airflow/example_dags/example_python_decorator.py took 0.073 seconds
[2024-08-05T00:05:01.692+0000] {processor.py:161} INFO - Started process (PID=18218) to work on /home/airflow/.local/lib/python3.12/site-packages/airflow/example_dags/example_python_decorator.py
[2024-08-05T00:05:01.693+0000] {processor.py:830} INFO - Processing file /home/airflow/.local/lib/python3.12/site-packages/airflow/example_dags/example_python_decorator.py for tasks to queue
[2024-08-05T00:05:01.695+0000] {logging_mixin.py:188} INFO - [2024-08-05T00:05:01.695+0000] {dagbag.py:545} INFO - Filling up the DagBag from /home/airflow/.local/lib/python3.12/site-packages/airflow/example_dags/example_python_decorator.py
[2024-08-05T00:05:01.707+0000] {processor.py:840} INFO - DAG(s) 'example_python_decorator' retrieved from /home/airflow/.local/lib/python3.12/site-packages/airflow/example_dags/example_python_decorator.py
[2024-08-05T00:05:01.730+0000] {logging_mixin.py:188} INFO - [2024-08-05T00:05:01.729+0000] {dag.py:3089} INFO - Sync 1 DAGs
[2024-08-05T00:05:01.742+0000] {logging_mixin.py:188} INFO - [2024-08-05T00:05:01.741+0000] {dag.py:3947} INFO - Setting next_dagrun for example_python_decorator to None, run_after=None
[2024-08-05T00:05:01.759+0000] {processor.py:183} INFO - Processing /home/airflow/.local/lib/python3.12/site-packages/airflow/example_dags/example_python_decorator.py took 0.071 seconds
[2024-08-05T00:05:31.915+0000] {processor.py:161} INFO - Started process (PID=18490) to work on /home/airflow/.local/lib/python3.12/site-packages/airflow/example_dags/example_python_decorator.py
[2024-08-05T00:05:31.916+0000] {processor.py:830} INFO - Processing file /home/airflow/.local/lib/python3.12/site-packages/airflow/example_dags/example_python_decorator.py for tasks to queue
[2024-08-05T00:05:31.918+0000] {logging_mixin.py:188} INFO - [2024-08-05T00:05:31.918+0000] {dagbag.py:545} INFO - Filling up the DagBag from /home/airflow/.local/lib/python3.12/site-packages/airflow/example_dags/example_python_decorator.py
[2024-08-05T00:05:31.930+0000] {processor.py:840} INFO - DAG(s) 'example_python_decorator' retrieved from /home/airflow/.local/lib/python3.12/site-packages/airflow/example_dags/example_python_decorator.py
[2024-08-05T00:05:31.954+0000] {logging_mixin.py:188} INFO - [2024-08-05T00:05:31.954+0000] {dag.py:3089} INFO - Sync 1 DAGs
[2024-08-05T00:05:31.967+0000] {logging_mixin.py:188} INFO - [2024-08-05T00:05:31.966+0000] {dag.py:3947} INFO - Setting next_dagrun for example_python_decorator to None, run_after=None
[2024-08-05T00:05:31.985+0000] {processor.py:183} INFO - Processing /home/airflow/.local/lib/python3.12/site-packages/airflow/example_dags/example_python_decorator.py took 0.076 seconds
[2024-08-05T00:06:02.226+0000] {processor.py:161} INFO - Started process (PID=18762) to work on /home/airflow/.local/lib/python3.12/site-packages/airflow/example_dags/example_python_decorator.py
[2024-08-05T00:06:02.227+0000] {processor.py:830} INFO - Processing file /home/airflow/.local/lib/python3.12/site-packages/airflow/example_dags/example_python_decorator.py for tasks to queue
[2024-08-05T00:06:02.229+0000] {logging_mixin.py:188} INFO - [2024-08-05T00:06:02.229+0000] {dagbag.py:545} INFO - Filling up the DagBag from /home/airflow/.local/lib/python3.12/site-packages/airflow/example_dags/example_python_decorator.py
[2024-08-05T00:06:02.240+0000] {processor.py:840} INFO - DAG(s) 'example_python_decorator' retrieved from /home/airflow/.local/lib/python3.12/site-packages/airflow/example_dags/example_python_decorator.py
[2024-08-05T00:06:02.263+0000] {logging_mixin.py:188} INFO - [2024-08-05T00:06:02.263+0000] {dag.py:3089} INFO - Sync 1 DAGs
[2024-08-05T00:06:02.274+0000] {logging_mixin.py:188} INFO - [2024-08-05T00:06:02.274+0000] {dag.py:3947} INFO - Setting next_dagrun for example_python_decorator to None, run_after=None
[2024-08-05T00:06:02.292+0000] {processor.py:183} INFO - Processing /home/airflow/.local/lib/python3.12/site-packages/airflow/example_dags/example_python_decorator.py took 0.071 seconds
[2024-08-05T00:06:32.425+0000] {processor.py:161} INFO - Started process (PID=19034) to work on /home/airflow/.local/lib/python3.12/site-packages/airflow/example_dags/example_python_decorator.py
[2024-08-05T00:06:32.426+0000] {processor.py:830} INFO - Processing file /home/airflow/.local/lib/python3.12/site-packages/airflow/example_dags/example_python_decorator.py for tasks to queue
[2024-08-05T00:06:32.428+0000] {logging_mixin.py:188} INFO - [2024-08-05T00:06:32.428+0000] {dagbag.py:545} INFO - Filling up the DagBag from /home/airflow/.local/lib/python3.12/site-packages/airflow/example_dags/example_python_decorator.py
[2024-08-05T00:06:32.440+0000] {processor.py:840} INFO - DAG(s) 'example_python_decorator' retrieved from /home/airflow/.local/lib/python3.12/site-packages/airflow/example_dags/example_python_decorator.py
[2024-08-05T00:06:32.463+0000] {logging_mixin.py:188} INFO - [2024-08-05T00:06:32.463+0000] {dag.py:3089} INFO - Sync 1 DAGs
[2024-08-05T00:06:32.476+0000] {logging_mixin.py:188} INFO - [2024-08-05T00:06:32.475+0000] {dag.py:3947} INFO - Setting next_dagrun for example_python_decorator to None, run_after=None
[2024-08-05T00:06:32.494+0000] {processor.py:183} INFO - Processing /home/airflow/.local/lib/python3.12/site-packages/airflow/example_dags/example_python_decorator.py took 0.074 seconds
[2024-08-05T00:07:03.454+0000] {processor.py:161} INFO - Started process (PID=19306) to work on /home/airflow/.local/lib/python3.12/site-packages/airflow/example_dags/example_python_decorator.py
[2024-08-05T00:07:03.455+0000] {processor.py:830} INFO - Processing file /home/airflow/.local/lib/python3.12/site-packages/airflow/example_dags/example_python_decorator.py for tasks to queue
[2024-08-05T00:07:03.457+0000] {logging_mixin.py:188} INFO - [2024-08-05T00:07:03.456+0000] {dagbag.py:545} INFO - Filling up the DagBag from /home/airflow/.local/lib/python3.12/site-packages/airflow/example_dags/example_python_decorator.py
[2024-08-05T00:07:03.470+0000] {processor.py:840} INFO - DAG(s) 'example_python_decorator' retrieved from /home/airflow/.local/lib/python3.12/site-packages/airflow/example_dags/example_python_decorator.py
[2024-08-05T00:07:03.489+0000] {logging_mixin.py:188} INFO - [2024-08-05T00:07:03.488+0000] {dag.py:3089} INFO - Sync 1 DAGs
[2024-08-05T00:07:03.502+0000] {logging_mixin.py:188} INFO - [2024-08-05T00:07:03.502+0000] {dag.py:3947} INFO - Setting next_dagrun for example_python_decorator to None, run_after=None
[2024-08-05T00:07:03.520+0000] {processor.py:183} INFO - Processing /home/airflow/.local/lib/python3.12/site-packages/airflow/example_dags/example_python_decorator.py took 0.071 seconds
[2024-08-05T00:07:33.801+0000] {processor.py:161} INFO - Started process (PID=19578) to work on /home/airflow/.local/lib/python3.12/site-packages/airflow/example_dags/example_python_decorator.py
[2024-08-05T00:07:33.802+0000] {processor.py:830} INFO - Processing file /home/airflow/.local/lib/python3.12/site-packages/airflow/example_dags/example_python_decorator.py for tasks to queue
[2024-08-05T00:07:33.803+0000] {logging_mixin.py:188} INFO - [2024-08-05T00:07:33.803+0000] {dagbag.py:545} INFO - Filling up the DagBag from /home/airflow/.local/lib/python3.12/site-packages/airflow/example_dags/example_python_decorator.py
[2024-08-05T00:07:33.815+0000] {processor.py:840} INFO - DAG(s) 'example_python_decorator' retrieved from /home/airflow/.local/lib/python3.12/site-packages/airflow/example_dags/example_python_decorator.py
[2024-08-05T00:07:33.837+0000] {logging_mixin.py:188} INFO - [2024-08-05T00:07:33.837+0000] {dag.py:3089} INFO - Sync 1 DAGs
[2024-08-05T00:07:33.850+0000] {logging_mixin.py:188} INFO - [2024-08-05T00:07:33.849+0000] {dag.py:3947} INFO - Setting next_dagrun for example_python_decorator to None, run_after=None
[2024-08-05T00:07:33.867+0000] {processor.py:183} INFO - Processing /home/airflow/.local/lib/python3.12/site-packages/airflow/example_dags/example_python_decorator.py took 0.071 seconds
[2024-08-05T00:08:04.003+0000] {processor.py:161} INFO - Started process (PID=19850) to work on /home/airflow/.local/lib/python3.12/site-packages/airflow/example_dags/example_python_decorator.py
[2024-08-05T00:08:04.004+0000] {processor.py:830} INFO - Processing file /home/airflow/.local/lib/python3.12/site-packages/airflow/example_dags/example_python_decorator.py for tasks to queue
[2024-08-05T00:08:04.006+0000] {logging_mixin.py:188} INFO - [2024-08-05T00:08:04.005+0000] {dagbag.py:545} INFO - Filling up the DagBag from /home/airflow/.local/lib/python3.12/site-packages/airflow/example_dags/example_python_decorator.py
[2024-08-05T00:08:04.018+0000] {processor.py:840} INFO - DAG(s) 'example_python_decorator' retrieved from /home/airflow/.local/lib/python3.12/site-packages/airflow/example_dags/example_python_decorator.py
[2024-08-05T00:08:04.039+0000] {logging_mixin.py:188} INFO - [2024-08-05T00:08:04.039+0000] {dag.py:3089} INFO - Sync 1 DAGs
[2024-08-05T00:08:04.051+0000] {logging_mixin.py:188} INFO - [2024-08-05T00:08:04.051+0000] {dag.py:3947} INFO - Setting next_dagrun for example_python_decorator to None, run_after=None
[2024-08-05T00:08:04.068+0000] {processor.py:183} INFO - Processing /home/airflow/.local/lib/python3.12/site-packages/airflow/example_dags/example_python_decorator.py took 0.070 seconds
[2024-08-05T00:08:34.348+0000] {processor.py:161} INFO - Started process (PID=20122) to work on /home/airflow/.local/lib/python3.12/site-packages/airflow/example_dags/example_python_decorator.py
[2024-08-05T00:08:34.348+0000] {processor.py:830} INFO - Processing file /home/airflow/.local/lib/python3.12/site-packages/airflow/example_dags/example_python_decorator.py for tasks to queue
[2024-08-05T00:08:34.350+0000] {logging_mixin.py:188} INFO - [2024-08-05T00:08:34.350+0000] {dagbag.py:545} INFO - Filling up the DagBag from /home/airflow/.local/lib/python3.12/site-packages/airflow/example_dags/example_python_decorator.py
[2024-08-05T00:08:34.361+0000] {processor.py:840} INFO - DAG(s) 'example_python_decorator' retrieved from /home/airflow/.local/lib/python3.12/site-packages/airflow/example_dags/example_python_decorator.py
[2024-08-05T00:08:34.383+0000] {logging_mixin.py:188} INFO - [2024-08-05T00:08:34.383+0000] {dag.py:3089} INFO - Sync 1 DAGs
[2024-08-05T00:08:34.396+0000] {logging_mixin.py:188} INFO - [2024-08-05T00:08:34.396+0000] {dag.py:3947} INFO - Setting next_dagrun for example_python_decorator to None, run_after=None
[2024-08-05T00:08:34.416+0000] {processor.py:183} INFO - Processing /home/airflow/.local/lib/python3.12/site-packages/airflow/example_dags/example_python_decorator.py took 0.075 seconds
[2024-08-05T00:09:04.637+0000] {processor.py:161} INFO - Started process (PID=20394) to work on /home/airflow/.local/lib/python3.12/site-packages/airflow/example_dags/example_python_decorator.py
[2024-08-05T00:09:04.638+0000] {processor.py:830} INFO - Processing file /home/airflow/.local/lib/python3.12/site-packages/airflow/example_dags/example_python_decorator.py for tasks to queue
[2024-08-05T00:09:04.640+0000] {logging_mixin.py:188} INFO - [2024-08-05T00:09:04.640+0000] {dagbag.py:545} INFO - Filling up the DagBag from /home/airflow/.local/lib/python3.12/site-packages/airflow/example_dags/example_python_decorator.py
[2024-08-05T00:09:04.651+0000] {processor.py:840} INFO - DAG(s) 'example_python_decorator' retrieved from /home/airflow/.local/lib/python3.12/site-packages/airflow/example_dags/example_python_decorator.py
[2024-08-05T00:09:04.672+0000] {logging_mixin.py:188} INFO - [2024-08-05T00:09:04.672+0000] {dag.py:3089} INFO - Sync 1 DAGs
[2024-08-05T00:09:04.684+0000] {logging_mixin.py:188} INFO - [2024-08-05T00:09:04.683+0000] {dag.py:3947} INFO - Setting next_dagrun for example_python_decorator to None, run_after=None
[2024-08-05T00:09:04.700+0000] {processor.py:183} INFO - Processing /home/airflow/.local/lib/python3.12/site-packages/airflow/example_dags/example_python_decorator.py took 0.067 seconds
[2024-08-05T00:09:35.376+0000] {processor.py:161} INFO - Started process (PID=20666) to work on /home/airflow/.local/lib/python3.12/site-packages/airflow/example_dags/example_python_decorator.py
[2024-08-05T00:09:35.377+0000] {processor.py:830} INFO - Processing file /home/airflow/.local/lib/python3.12/site-packages/airflow/example_dags/example_python_decorator.py for tasks to queue
[2024-08-05T00:09:35.378+0000] {logging_mixin.py:188} INFO - [2024-08-05T00:09:35.378+0000] {dagbag.py:545} INFO - Filling up the DagBag from /home/airflow/.local/lib/python3.12/site-packages/airflow/example_dags/example_python_decorator.py
[2024-08-05T00:09:35.393+0000] {processor.py:840} INFO - DAG(s) 'example_python_decorator' retrieved from /home/airflow/.local/lib/python3.12/site-packages/airflow/example_dags/example_python_decorator.py
[2024-08-05T00:09:35.414+0000] {logging_mixin.py:188} INFO - [2024-08-05T00:09:35.413+0000] {dag.py:3089} INFO - Sync 1 DAGs
[2024-08-05T00:09:35.425+0000] {logging_mixin.py:188} INFO - [2024-08-05T00:09:35.424+0000] {dag.py:3947} INFO - Setting next_dagrun for example_python_decorator to None, run_after=None
[2024-08-05T00:09:35.439+0000] {processor.py:183} INFO - Processing /home/airflow/.local/lib/python3.12/site-packages/airflow/example_dags/example_python_decorator.py took 0.069 seconds
[2024-08-05T00:10:06.012+0000] {processor.py:161} INFO - Started process (PID=20944) to work on /home/airflow/.local/lib/python3.12/site-packages/airflow/example_dags/example_python_decorator.py
[2024-08-05T00:10:06.013+0000] {processor.py:830} INFO - Processing file /home/airflow/.local/lib/python3.12/site-packages/airflow/example_dags/example_python_decorator.py for tasks to queue
[2024-08-05T00:10:06.014+0000] {logging_mixin.py:188} INFO - [2024-08-05T00:10:06.014+0000] {dagbag.py:545} INFO - Filling up the DagBag from /home/airflow/.local/lib/python3.12/site-packages/airflow/example_dags/example_python_decorator.py
[2024-08-05T00:10:06.028+0000] {processor.py:840} INFO - DAG(s) 'example_python_decorator' retrieved from /home/airflow/.local/lib/python3.12/site-packages/airflow/example_dags/example_python_decorator.py
[2024-08-05T00:10:06.050+0000] {logging_mixin.py:188} INFO - [2024-08-05T00:10:06.050+0000] {dag.py:3089} INFO - Sync 1 DAGs
[2024-08-05T00:10:06.064+0000] {logging_mixin.py:188} INFO - [2024-08-05T00:10:06.064+0000] {dag.py:3947} INFO - Setting next_dagrun for example_python_decorator to None, run_after=None
[2024-08-05T00:10:06.081+0000] {processor.py:183} INFO - Processing /home/airflow/.local/lib/python3.12/site-packages/airflow/example_dags/example_python_decorator.py took 0.074 seconds
[2024-08-05T00:10:36.717+0000] {processor.py:161} INFO - Started process (PID=21219) to work on /home/airflow/.local/lib/python3.12/site-packages/airflow/example_dags/example_python_decorator.py
[2024-08-05T00:10:36.718+0000] {processor.py:830} INFO - Processing file /home/airflow/.local/lib/python3.12/site-packages/airflow/example_dags/example_python_decorator.py for tasks to queue
[2024-08-05T00:10:36.720+0000] {logging_mixin.py:188} INFO - [2024-08-05T00:10:36.719+0000] {dagbag.py:545} INFO - Filling up the DagBag from /home/airflow/.local/lib/python3.12/site-packages/airflow/example_dags/example_python_decorator.py
[2024-08-05T00:10:36.734+0000] {processor.py:840} INFO - DAG(s) 'example_python_decorator' retrieved from /home/airflow/.local/lib/python3.12/site-packages/airflow/example_dags/example_python_decorator.py
[2024-08-05T00:10:36.758+0000] {logging_mixin.py:188} INFO - [2024-08-05T00:10:36.758+0000] {dag.py:3089} INFO - Sync 1 DAGs
[2024-08-05T00:10:36.769+0000] {logging_mixin.py:188} INFO - [2024-08-05T00:10:36.769+0000] {dag.py:3947} INFO - Setting next_dagrun for example_python_decorator to None, run_after=None
[2024-08-05T00:10:36.790+0000] {processor.py:183} INFO - Processing /home/airflow/.local/lib/python3.12/site-packages/airflow/example_dags/example_python_decorator.py took 0.077 seconds
[2024-08-05T00:11:07.481+0000] {processor.py:161} INFO - Started process (PID=21491) to work on /home/airflow/.local/lib/python3.12/site-packages/airflow/example_dags/example_python_decorator.py
[2024-08-05T00:11:07.482+0000] {processor.py:830} INFO - Processing file /home/airflow/.local/lib/python3.12/site-packages/airflow/example_dags/example_python_decorator.py for tasks to queue
[2024-08-05T00:11:07.483+0000] {logging_mixin.py:188} INFO - [2024-08-05T00:11:07.483+0000] {dagbag.py:545} INFO - Filling up the DagBag from /home/airflow/.local/lib/python3.12/site-packages/airflow/example_dags/example_python_decorator.py
[2024-08-05T00:11:07.495+0000] {processor.py:840} INFO - DAG(s) 'example_python_decorator' retrieved from /home/airflow/.local/lib/python3.12/site-packages/airflow/example_dags/example_python_decorator.py
[2024-08-05T00:11:07.516+0000] {logging_mixin.py:188} INFO - [2024-08-05T00:11:07.516+0000] {dag.py:3089} INFO - Sync 1 DAGs
[2024-08-05T00:11:07.527+0000] {logging_mixin.py:188} INFO - [2024-08-05T00:11:07.527+0000] {dag.py:3947} INFO - Setting next_dagrun for example_python_decorator to None, run_after=None
[2024-08-05T00:11:07.543+0000] {processor.py:183} INFO - Processing /home/airflow/.local/lib/python3.12/site-packages/airflow/example_dags/example_python_decorator.py took 0.067 seconds
[2024-08-05T00:11:38.353+0000] {processor.py:161} INFO - Started process (PID=21763) to work on /home/airflow/.local/lib/python3.12/site-packages/airflow/example_dags/example_python_decorator.py
[2024-08-05T00:11:38.354+0000] {processor.py:830} INFO - Processing file /home/airflow/.local/lib/python3.12/site-packages/airflow/example_dags/example_python_decorator.py for tasks to queue
[2024-08-05T00:11:38.355+0000] {logging_mixin.py:188} INFO - [2024-08-05T00:11:38.355+0000] {dagbag.py:545} INFO - Filling up the DagBag from /home/airflow/.local/lib/python3.12/site-packages/airflow/example_dags/example_python_decorator.py
[2024-08-05T00:11:38.367+0000] {processor.py:840} INFO - DAG(s) 'example_python_decorator' retrieved from /home/airflow/.local/lib/python3.12/site-packages/airflow/example_dags/example_python_decorator.py
[2024-08-05T00:11:38.390+0000] {logging_mixin.py:188} INFO - [2024-08-05T00:11:38.390+0000] {dag.py:3089} INFO - Sync 1 DAGs
[2024-08-05T00:11:38.402+0000] {logging_mixin.py:188} INFO - [2024-08-05T00:11:38.401+0000] {dag.py:3947} INFO - Setting next_dagrun for example_python_decorator to None, run_after=None
[2024-08-05T00:11:38.418+0000] {processor.py:183} INFO - Processing /home/airflow/.local/lib/python3.12/site-packages/airflow/example_dags/example_python_decorator.py took 0.071 seconds
[2024-08-05T00:12:08.587+0000] {processor.py:161} INFO - Started process (PID=22035) to work on /home/airflow/.local/lib/python3.12/site-packages/airflow/example_dags/example_python_decorator.py
[2024-08-05T00:12:08.588+0000] {processor.py:830} INFO - Processing file /home/airflow/.local/lib/python3.12/site-packages/airflow/example_dags/example_python_decorator.py for tasks to queue
[2024-08-05T00:12:08.590+0000] {logging_mixin.py:188} INFO - [2024-08-05T00:12:08.589+0000] {dagbag.py:545} INFO - Filling up the DagBag from /home/airflow/.local/lib/python3.12/site-packages/airflow/example_dags/example_python_decorator.py
[2024-08-05T00:12:08.601+0000] {processor.py:840} INFO - DAG(s) 'example_python_decorator' retrieved from /home/airflow/.local/lib/python3.12/site-packages/airflow/example_dags/example_python_decorator.py
[2024-08-05T00:12:08.628+0000] {logging_mixin.py:188} INFO - [2024-08-05T00:12:08.627+0000] {dag.py:3089} INFO - Sync 1 DAGs
[2024-08-05T00:12:08.639+0000] {logging_mixin.py:188} INFO - [2024-08-05T00:12:08.639+0000] {dag.py:3947} INFO - Setting next_dagrun for example_python_decorator to None, run_after=None
[2024-08-05T00:12:08.656+0000] {processor.py:183} INFO - Processing /home/airflow/.local/lib/python3.12/site-packages/airflow/example_dags/example_python_decorator.py took 0.075 seconds
[2024-08-05T00:12:38.861+0000] {processor.py:161} INFO - Started process (PID=22307) to work on /home/airflow/.local/lib/python3.12/site-packages/airflow/example_dags/example_python_decorator.py
[2024-08-05T00:12:38.862+0000] {processor.py:830} INFO - Processing file /home/airflow/.local/lib/python3.12/site-packages/airflow/example_dags/example_python_decorator.py for tasks to queue
[2024-08-05T00:12:38.864+0000] {logging_mixin.py:188} INFO - [2024-08-05T00:12:38.863+0000] {dagbag.py:545} INFO - Filling up the DagBag from /home/airflow/.local/lib/python3.12/site-packages/airflow/example_dags/example_python_decorator.py
[2024-08-05T00:12:38.876+0000] {processor.py:840} INFO - DAG(s) 'example_python_decorator' retrieved from /home/airflow/.local/lib/python3.12/site-packages/airflow/example_dags/example_python_decorator.py
[2024-08-05T00:12:38.899+0000] {logging_mixin.py:188} INFO - [2024-08-05T00:12:38.899+0000] {dag.py:3089} INFO - Sync 1 DAGs
[2024-08-05T00:12:38.911+0000] {logging_mixin.py:188} INFO - [2024-08-05T00:12:38.911+0000] {dag.py:3947} INFO - Setting next_dagrun for example_python_decorator to None, run_after=None
[2024-08-05T00:12:38.928+0000] {processor.py:183} INFO - Processing /home/airflow/.local/lib/python3.12/site-packages/airflow/example_dags/example_python_decorator.py took 0.071 seconds
[2024-08-05T00:13:09.079+0000] {processor.py:161} INFO - Started process (PID=22579) to work on /home/airflow/.local/lib/python3.12/site-packages/airflow/example_dags/example_python_decorator.py
[2024-08-05T00:13:09.080+0000] {processor.py:830} INFO - Processing file /home/airflow/.local/lib/python3.12/site-packages/airflow/example_dags/example_python_decorator.py for tasks to queue
[2024-08-05T00:13:09.082+0000] {logging_mixin.py:188} INFO - [2024-08-05T00:13:09.081+0000] {dagbag.py:545} INFO - Filling up the DagBag from /home/airflow/.local/lib/python3.12/site-packages/airflow/example_dags/example_python_decorator.py
[2024-08-05T00:13:09.093+0000] {processor.py:840} INFO - DAG(s) 'example_python_decorator' retrieved from /home/airflow/.local/lib/python3.12/site-packages/airflow/example_dags/example_python_decorator.py
[2024-08-05T00:13:09.116+0000] {logging_mixin.py:188} INFO - [2024-08-05T00:13:09.116+0000] {dag.py:3089} INFO - Sync 1 DAGs
[2024-08-05T00:13:09.129+0000] {logging_mixin.py:188} INFO - [2024-08-05T00:13:09.129+0000] {dag.py:3947} INFO - Setting next_dagrun for example_python_decorator to None, run_after=None
[2024-08-05T00:13:09.147+0000] {processor.py:183} INFO - Processing /home/airflow/.local/lib/python3.12/site-packages/airflow/example_dags/example_python_decorator.py took 0.072 seconds
[2024-08-05T00:13:40.224+0000] {processor.py:161} INFO - Started process (PID=22851) to work on /home/airflow/.local/lib/python3.12/site-packages/airflow/example_dags/example_python_decorator.py
[2024-08-05T00:13:40.225+0000] {processor.py:830} INFO - Processing file /home/airflow/.local/lib/python3.12/site-packages/airflow/example_dags/example_python_decorator.py for tasks to queue
[2024-08-05T00:13:40.238+0000] {logging_mixin.py:188} INFO - [2024-08-05T00:13:40.237+0000] {dagbag.py:545} INFO - Filling up the DagBag from /home/airflow/.local/lib/python3.12/site-packages/airflow/example_dags/example_python_decorator.py
[2024-08-05T00:13:40.287+0000] {processor.py:840} INFO - DAG(s) 'example_python_decorator' retrieved from /home/airflow/.local/lib/python3.12/site-packages/airflow/example_dags/example_python_decorator.py
[2024-08-05T00:13:40.365+0000] {logging_mixin.py:188} INFO - [2024-08-05T00:13:40.365+0000] {dag.py:3089} INFO - Sync 1 DAGs
[2024-08-05T00:13:40.414+0000] {logging_mixin.py:188} INFO - [2024-08-05T00:13:40.414+0000] {dag.py:3947} INFO - Setting next_dagrun for example_python_decorator to None, run_after=None
[2024-08-05T00:13:40.478+0000] {processor.py:183} INFO - Processing /home/airflow/.local/lib/python3.12/site-packages/airflow/example_dags/example_python_decorator.py took 0.269 seconds
[2024-08-05T00:14:10.936+0000] {processor.py:161} INFO - Started process (PID=23125) to work on /home/airflow/.local/lib/python3.12/site-packages/airflow/example_dags/example_python_decorator.py
[2024-08-05T00:14:10.937+0000] {processor.py:830} INFO - Processing file /home/airflow/.local/lib/python3.12/site-packages/airflow/example_dags/example_python_decorator.py for tasks to queue
[2024-08-05T00:14:10.938+0000] {logging_mixin.py:188} INFO - [2024-08-05T00:14:10.938+0000] {dagbag.py:545} INFO - Filling up the DagBag from /home/airflow/.local/lib/python3.12/site-packages/airflow/example_dags/example_python_decorator.py
[2024-08-05T00:14:10.950+0000] {processor.py:840} INFO - DAG(s) 'example_python_decorator' retrieved from /home/airflow/.local/lib/python3.12/site-packages/airflow/example_dags/example_python_decorator.py
[2024-08-05T00:14:10.974+0000] {logging_mixin.py:188} INFO - [2024-08-05T00:14:10.973+0000] {dag.py:3089} INFO - Sync 1 DAGs
[2024-08-05T00:14:10.987+0000] {logging_mixin.py:188} INFO - [2024-08-05T00:14:10.986+0000] {dag.py:3947} INFO - Setting next_dagrun for example_python_decorator to None, run_after=None
[2024-08-05T00:14:11.006+0000] {processor.py:183} INFO - Processing /home/airflow/.local/lib/python3.12/site-packages/airflow/example_dags/example_python_decorator.py took 0.076 seconds
[2024-08-05T00:14:41.042+0000] {processor.py:161} INFO - Started process (PID=23395) to work on /home/airflow/.local/lib/python3.12/site-packages/airflow/example_dags/example_python_decorator.py
[2024-08-05T00:14:41.043+0000] {processor.py:830} INFO - Processing file /home/airflow/.local/lib/python3.12/site-packages/airflow/example_dags/example_python_decorator.py for tasks to queue
[2024-08-05T00:14:41.044+0000] {logging_mixin.py:188} INFO - [2024-08-05T00:14:41.044+0000] {dagbag.py:545} INFO - Filling up the DagBag from /home/airflow/.local/lib/python3.12/site-packages/airflow/example_dags/example_python_decorator.py
[2024-08-05T00:14:41.056+0000] {processor.py:840} INFO - DAG(s) 'example_python_decorator' retrieved from /home/airflow/.local/lib/python3.12/site-packages/airflow/example_dags/example_python_decorator.py
[2024-08-05T00:14:41.080+0000] {logging_mixin.py:188} INFO - [2024-08-05T00:14:41.080+0000] {dag.py:3089} INFO - Sync 1 DAGs
[2024-08-05T00:14:41.090+0000] {logging_mixin.py:188} INFO - [2024-08-05T00:14:41.090+0000] {dag.py:3947} INFO - Setting next_dagrun for example_python_decorator to None, run_after=None
[2024-08-05T00:14:41.106+0000] {processor.py:183} INFO - Processing /home/airflow/.local/lib/python3.12/site-packages/airflow/example_dags/example_python_decorator.py took 0.068 seconds
[2024-08-05T00:15:11.265+0000] {processor.py:161} INFO - Started process (PID=23667) to work on /home/airflow/.local/lib/python3.12/site-packages/airflow/example_dags/example_python_decorator.py
[2024-08-05T00:15:11.265+0000] {processor.py:830} INFO - Processing file /home/airflow/.local/lib/python3.12/site-packages/airflow/example_dags/example_python_decorator.py for tasks to queue
[2024-08-05T00:15:11.267+0000] {logging_mixin.py:188} INFO - [2024-08-05T00:15:11.267+0000] {dagbag.py:545} INFO - Filling up the DagBag from /home/airflow/.local/lib/python3.12/site-packages/airflow/example_dags/example_python_decorator.py
[2024-08-05T00:15:11.276+0000] {processor.py:840} INFO - DAG(s) 'example_python_decorator' retrieved from /home/airflow/.local/lib/python3.12/site-packages/airflow/example_dags/example_python_decorator.py
[2024-08-05T00:15:11.301+0000] {logging_mixin.py:188} INFO - [2024-08-05T00:15:11.301+0000] {dag.py:3089} INFO - Sync 1 DAGs
[2024-08-05T00:15:11.314+0000] {logging_mixin.py:188} INFO - [2024-08-05T00:15:11.313+0000] {dag.py:3947} INFO - Setting next_dagrun for example_python_decorator to None, run_after=None
[2024-08-05T00:15:11.333+0000] {processor.py:183} INFO - Processing /home/airflow/.local/lib/python3.12/site-packages/airflow/example_dags/example_python_decorator.py took 0.073 seconds
[2024-08-05T00:15:41.635+0000] {processor.py:161} INFO - Started process (PID=23939) to work on /home/airflow/.local/lib/python3.12/site-packages/airflow/example_dags/example_python_decorator.py
[2024-08-05T00:15:41.636+0000] {processor.py:830} INFO - Processing file /home/airflow/.local/lib/python3.12/site-packages/airflow/example_dags/example_python_decorator.py for tasks to queue
[2024-08-05T00:15:41.637+0000] {logging_mixin.py:188} INFO - [2024-08-05T00:15:41.637+0000] {dagbag.py:545} INFO - Filling up the DagBag from /home/airflow/.local/lib/python3.12/site-packages/airflow/example_dags/example_python_decorator.py
[2024-08-05T00:15:41.648+0000] {processor.py:840} INFO - DAG(s) 'example_python_decorator' retrieved from /home/airflow/.local/lib/python3.12/site-packages/airflow/example_dags/example_python_decorator.py
[2024-08-05T00:15:41.673+0000] {logging_mixin.py:188} INFO - [2024-08-05T00:15:41.672+0000] {dag.py:3089} INFO - Sync 1 DAGs
[2024-08-05T00:15:41.683+0000] {logging_mixin.py:188} INFO - [2024-08-05T00:15:41.683+0000] {dag.py:3947} INFO - Setting next_dagrun for example_python_decorator to None, run_after=None
[2024-08-05T00:15:41.699+0000] {processor.py:183} INFO - Processing /home/airflow/.local/lib/python3.12/site-packages/airflow/example_dags/example_python_decorator.py took 0.068 seconds
[2024-08-05T00:16:12.157+0000] {processor.py:161} INFO - Started process (PID=24213) to work on /home/airflow/.local/lib/python3.12/site-packages/airflow/example_dags/example_python_decorator.py
[2024-08-05T00:16:12.157+0000] {processor.py:830} INFO - Processing file /home/airflow/.local/lib/python3.12/site-packages/airflow/example_dags/example_python_decorator.py for tasks to queue
[2024-08-05T00:16:12.159+0000] {logging_mixin.py:188} INFO - [2024-08-05T00:16:12.158+0000] {dagbag.py:545} INFO - Filling up the DagBag from /home/airflow/.local/lib/python3.12/site-packages/airflow/example_dags/example_python_decorator.py
[2024-08-05T00:16:12.171+0000] {processor.py:840} INFO - DAG(s) 'example_python_decorator' retrieved from /home/airflow/.local/lib/python3.12/site-packages/airflow/example_dags/example_python_decorator.py
[2024-08-05T00:16:12.195+0000] {logging_mixin.py:188} INFO - [2024-08-05T00:16:12.194+0000] {dag.py:3089} INFO - Sync 1 DAGs
[2024-08-05T00:16:12.207+0000] {logging_mixin.py:188} INFO - [2024-08-05T00:16:12.207+0000] {dag.py:3947} INFO - Setting next_dagrun for example_python_decorator to None, run_after=None
[2024-08-05T00:16:12.224+0000] {processor.py:183} INFO - Processing /home/airflow/.local/lib/python3.12/site-packages/airflow/example_dags/example_python_decorator.py took 0.072 seconds
[2024-08-05T00:16:42.555+0000] {processor.py:161} INFO - Started process (PID=24485) to work on /home/airflow/.local/lib/python3.12/site-packages/airflow/example_dags/example_python_decorator.py
[2024-08-05T00:16:42.556+0000] {processor.py:830} INFO - Processing file /home/airflow/.local/lib/python3.12/site-packages/airflow/example_dags/example_python_decorator.py for tasks to queue
[2024-08-05T00:16:42.557+0000] {logging_mixin.py:188} INFO - [2024-08-05T00:16:42.557+0000] {dagbag.py:545} INFO - Filling up the DagBag from /home/airflow/.local/lib/python3.12/site-packages/airflow/example_dags/example_python_decorator.py
[2024-08-05T00:16:42.571+0000] {processor.py:840} INFO - DAG(s) 'example_python_decorator' retrieved from /home/airflow/.local/lib/python3.12/site-packages/airflow/example_dags/example_python_decorator.py
[2024-08-05T00:16:42.592+0000] {logging_mixin.py:188} INFO - [2024-08-05T00:16:42.591+0000] {dag.py:3089} INFO - Sync 1 DAGs
[2024-08-05T00:16:42.603+0000] {logging_mixin.py:188} INFO - [2024-08-05T00:16:42.603+0000] {dag.py:3947} INFO - Setting next_dagrun for example_python_decorator to None, run_after=None
[2024-08-05T00:16:42.620+0000] {processor.py:183} INFO - Processing /home/airflow/.local/lib/python3.12/site-packages/airflow/example_dags/example_python_decorator.py took 0.070 seconds
[2024-08-05T00:17:12.924+0000] {processor.py:161} INFO - Started process (PID=24757) to work on /home/airflow/.local/lib/python3.12/site-packages/airflow/example_dags/example_python_decorator.py
[2024-08-05T00:17:12.924+0000] {processor.py:830} INFO - Processing file /home/airflow/.local/lib/python3.12/site-packages/airflow/example_dags/example_python_decorator.py for tasks to queue
[2024-08-05T00:17:12.926+0000] {logging_mixin.py:188} INFO - [2024-08-05T00:17:12.926+0000] {dagbag.py:545} INFO - Filling up the DagBag from /home/airflow/.local/lib/python3.12/site-packages/airflow/example_dags/example_python_decorator.py
[2024-08-05T00:17:12.938+0000] {processor.py:840} INFO - DAG(s) 'example_python_decorator' retrieved from /home/airflow/.local/lib/python3.12/site-packages/airflow/example_dags/example_python_decorator.py
[2024-08-05T00:17:12.959+0000] {logging_mixin.py:188} INFO - [2024-08-05T00:17:12.959+0000] {dag.py:3089} INFO - Sync 1 DAGs
[2024-08-05T00:17:12.972+0000] {logging_mixin.py:188} INFO - [2024-08-05T00:17:12.971+0000] {dag.py:3947} INFO - Setting next_dagrun for example_python_decorator to None, run_after=None
[2024-08-05T00:17:12.989+0000] {processor.py:183} INFO - Processing /home/airflow/.local/lib/python3.12/site-packages/airflow/example_dags/example_python_decorator.py took 0.070 seconds
[2024-08-05T00:17:43.140+0000] {processor.py:161} INFO - Started process (PID=25029) to work on /home/airflow/.local/lib/python3.12/site-packages/airflow/example_dags/example_python_decorator.py
[2024-08-05T00:17:43.141+0000] {processor.py:830} INFO - Processing file /home/airflow/.local/lib/python3.12/site-packages/airflow/example_dags/example_python_decorator.py for tasks to queue
[2024-08-05T00:17:43.143+0000] {logging_mixin.py:188} INFO - [2024-08-05T00:17:43.142+0000] {dagbag.py:545} INFO - Filling up the DagBag from /home/airflow/.local/lib/python3.12/site-packages/airflow/example_dags/example_python_decorator.py
[2024-08-05T00:17:43.154+0000] {processor.py:840} INFO - DAG(s) 'example_python_decorator' retrieved from /home/airflow/.local/lib/python3.12/site-packages/airflow/example_dags/example_python_decorator.py
[2024-08-05T00:17:43.176+0000] {logging_mixin.py:188} INFO - [2024-08-05T00:17:43.175+0000] {dag.py:3089} INFO - Sync 1 DAGs
[2024-08-05T00:17:43.188+0000] {logging_mixin.py:188} INFO - [2024-08-05T00:17:43.188+0000] {dag.py:3947} INFO - Setting next_dagrun for example_python_decorator to None, run_after=None
[2024-08-05T00:17:43.205+0000] {processor.py:183} INFO - Processing /home/airflow/.local/lib/python3.12/site-packages/airflow/example_dags/example_python_decorator.py took 0.070 seconds
[2024-08-05T00:18:13.461+0000] {processor.py:161} INFO - Started process (PID=25301) to work on /home/airflow/.local/lib/python3.12/site-packages/airflow/example_dags/example_python_decorator.py
[2024-08-05T00:18:13.462+0000] {processor.py:830} INFO - Processing file /home/airflow/.local/lib/python3.12/site-packages/airflow/example_dags/example_python_decorator.py for tasks to queue
[2024-08-05T00:18:13.463+0000] {logging_mixin.py:188} INFO - [2024-08-05T00:18:13.463+0000] {dagbag.py:545} INFO - Filling up the DagBag from /home/airflow/.local/lib/python3.12/site-packages/airflow/example_dags/example_python_decorator.py
[2024-08-05T00:18:13.476+0000] {processor.py:840} INFO - DAG(s) 'example_python_decorator' retrieved from /home/airflow/.local/lib/python3.12/site-packages/airflow/example_dags/example_python_decorator.py
[2024-08-05T00:18:13.497+0000] {logging_mixin.py:188} INFO - [2024-08-05T00:18:13.497+0000] {dag.py:3089} INFO - Sync 1 DAGs
[2024-08-05T00:18:13.509+0000] {logging_mixin.py:188} INFO - [2024-08-05T00:18:13.509+0000] {dag.py:3947} INFO - Setting next_dagrun for example_python_decorator to None, run_after=None
[2024-08-05T00:18:13.527+0000] {processor.py:183} INFO - Processing /home/airflow/.local/lib/python3.12/site-packages/airflow/example_dags/example_python_decorator.py took 0.071 seconds
[2024-08-05T00:18:43.701+0000] {processor.py:161} INFO - Started process (PID=25573) to work on /home/airflow/.local/lib/python3.12/site-packages/airflow/example_dags/example_python_decorator.py
[2024-08-05T00:18:43.702+0000] {processor.py:830} INFO - Processing file /home/airflow/.local/lib/python3.12/site-packages/airflow/example_dags/example_python_decorator.py for tasks to queue
[2024-08-05T00:18:43.703+0000] {logging_mixin.py:188} INFO - [2024-08-05T00:18:43.703+0000] {dagbag.py:545} INFO - Filling up the DagBag from /home/airflow/.local/lib/python3.12/site-packages/airflow/example_dags/example_python_decorator.py
[2024-08-05T00:18:43.715+0000] {processor.py:840} INFO - DAG(s) 'example_python_decorator' retrieved from /home/airflow/.local/lib/python3.12/site-packages/airflow/example_dags/example_python_decorator.py
[2024-08-05T00:18:43.738+0000] {logging_mixin.py:188} INFO - [2024-08-05T00:18:43.737+0000] {dag.py:3089} INFO - Sync 1 DAGs
[2024-08-05T00:18:43.750+0000] {logging_mixin.py:188} INFO - [2024-08-05T00:18:43.750+0000] {dag.py:3947} INFO - Setting next_dagrun for example_python_decorator to None, run_after=None
[2024-08-05T00:18:43.769+0000] {processor.py:183} INFO - Processing /home/airflow/.local/lib/python3.12/site-packages/airflow/example_dags/example_python_decorator.py took 0.073 seconds
[2024-08-05T00:19:13.852+0000] {processor.py:161} INFO - Started process (PID=25843) to work on /home/airflow/.local/lib/python3.12/site-packages/airflow/example_dags/example_python_decorator.py
[2024-08-05T00:19:13.853+0000] {processor.py:830} INFO - Processing file /home/airflow/.local/lib/python3.12/site-packages/airflow/example_dags/example_python_decorator.py for tasks to queue
[2024-08-05T00:19:13.855+0000] {logging_mixin.py:188} INFO - [2024-08-05T00:19:13.854+0000] {dagbag.py:545} INFO - Filling up the DagBag from /home/airflow/.local/lib/python3.12/site-packages/airflow/example_dags/example_python_decorator.py
[2024-08-05T00:19:13.866+0000] {processor.py:840} INFO - DAG(s) 'example_python_decorator' retrieved from /home/airflow/.local/lib/python3.12/site-packages/airflow/example_dags/example_python_decorator.py
[2024-08-05T00:19:13.889+0000] {logging_mixin.py:188} INFO - [2024-08-05T00:19:13.889+0000] {dag.py:3089} INFO - Sync 1 DAGs
[2024-08-05T00:19:13.903+0000] {logging_mixin.py:188} INFO - [2024-08-05T00:19:13.902+0000] {dag.py:3947} INFO - Setting next_dagrun for example_python_decorator to None, run_after=None
[2024-08-05T00:19:13.922+0000] {processor.py:183} INFO - Processing /home/airflow/.local/lib/python3.12/site-packages/airflow/example_dags/example_python_decorator.py took 0.075 seconds
[2024-08-05T00:19:44.223+0000] {processor.py:161} INFO - Started process (PID=26117) to work on /home/airflow/.local/lib/python3.12/site-packages/airflow/example_dags/example_python_decorator.py
[2024-08-05T00:19:44.224+0000] {processor.py:830} INFO - Processing file /home/airflow/.local/lib/python3.12/site-packages/airflow/example_dags/example_python_decorator.py for tasks to queue
[2024-08-05T00:19:44.225+0000] {logging_mixin.py:188} INFO - [2024-08-05T00:19:44.225+0000] {dagbag.py:545} INFO - Filling up the DagBag from /home/airflow/.local/lib/python3.12/site-packages/airflow/example_dags/example_python_decorator.py
[2024-08-05T00:19:44.236+0000] {processor.py:840} INFO - DAG(s) 'example_python_decorator' retrieved from /home/airflow/.local/lib/python3.12/site-packages/airflow/example_dags/example_python_decorator.py
[2024-08-05T00:19:44.257+0000] {logging_mixin.py:188} INFO - [2024-08-05T00:19:44.256+0000] {dag.py:3089} INFO - Sync 1 DAGs
[2024-08-05T00:19:44.268+0000] {logging_mixin.py:188} INFO - [2024-08-05T00:19:44.268+0000] {dag.py:3947} INFO - Setting next_dagrun for example_python_decorator to None, run_after=None
[2024-08-05T00:19:44.284+0000] {processor.py:183} INFO - Processing /home/airflow/.local/lib/python3.12/site-packages/airflow/example_dags/example_python_decorator.py took 0.066 seconds
[2024-08-05T00:20:14.357+0000] {processor.py:161} INFO - Started process (PID=26395) to work on /home/airflow/.local/lib/python3.12/site-packages/airflow/example_dags/example_python_decorator.py
[2024-08-05T00:20:14.358+0000] {processor.py:830} INFO - Processing file /home/airflow/.local/lib/python3.12/site-packages/airflow/example_dags/example_python_decorator.py for tasks to queue
[2024-08-05T00:20:14.360+0000] {logging_mixin.py:188} INFO - [2024-08-05T00:20:14.360+0000] {dagbag.py:545} INFO - Filling up the DagBag from /home/airflow/.local/lib/python3.12/site-packages/airflow/example_dags/example_python_decorator.py
[2024-08-05T00:20:14.371+0000] {processor.py:840} INFO - DAG(s) 'example_python_decorator' retrieved from /home/airflow/.local/lib/python3.12/site-packages/airflow/example_dags/example_python_decorator.py
[2024-08-05T00:20:14.396+0000] {logging_mixin.py:188} INFO - [2024-08-05T00:20:14.396+0000] {dag.py:3089} INFO - Sync 1 DAGs
[2024-08-05T00:20:14.410+0000] {logging_mixin.py:188} INFO - [2024-08-05T00:20:14.410+0000] {dag.py:3947} INFO - Setting next_dagrun for example_python_decorator to None, run_after=None
[2024-08-05T00:20:14.427+0000] {processor.py:183} INFO - Processing /home/airflow/.local/lib/python3.12/site-packages/airflow/example_dags/example_python_decorator.py took 0.076 seconds
[2024-08-05T00:20:44.988+0000] {processor.py:161} INFO - Started process (PID=26670) to work on /home/airflow/.local/lib/python3.12/site-packages/airflow/example_dags/example_python_decorator.py
[2024-08-05T00:20:44.989+0000] {processor.py:830} INFO - Processing file /home/airflow/.local/lib/python3.12/site-packages/airflow/example_dags/example_python_decorator.py for tasks to queue
[2024-08-05T00:20:44.990+0000] {logging_mixin.py:188} INFO - [2024-08-05T00:20:44.990+0000] {dagbag.py:545} INFO - Filling up the DagBag from /home/airflow/.local/lib/python3.12/site-packages/airflow/example_dags/example_python_decorator.py
[2024-08-05T00:20:45.001+0000] {processor.py:840} INFO - DAG(s) 'example_python_decorator' retrieved from /home/airflow/.local/lib/python3.12/site-packages/airflow/example_dags/example_python_decorator.py
[2024-08-05T00:20:45.022+0000] {logging_mixin.py:188} INFO - [2024-08-05T00:20:45.022+0000] {dag.py:3089} INFO - Sync 1 DAGs
[2024-08-05T00:20:45.033+0000] {logging_mixin.py:188} INFO - [2024-08-05T00:20:45.033+0000] {dag.py:3947} INFO - Setting next_dagrun for example_python_decorator to None, run_after=None
[2024-08-05T00:20:45.050+0000] {processor.py:183} INFO - Processing /home/airflow/.local/lib/python3.12/site-packages/airflow/example_dags/example_python_decorator.py took 0.068 seconds
[2024-08-05T00:21:15.432+0000] {processor.py:161} INFO - Started process (PID=26942) to work on /home/airflow/.local/lib/python3.12/site-packages/airflow/example_dags/example_python_decorator.py
[2024-08-05T00:21:15.433+0000] {processor.py:830} INFO - Processing file /home/airflow/.local/lib/python3.12/site-packages/airflow/example_dags/example_python_decorator.py for tasks to queue
[2024-08-05T00:21:15.435+0000] {logging_mixin.py:188} INFO - [2024-08-05T00:21:15.435+0000] {dagbag.py:545} INFO - Filling up the DagBag from /home/airflow/.local/lib/python3.12/site-packages/airflow/example_dags/example_python_decorator.py
[2024-08-05T00:21:15.448+0000] {processor.py:840} INFO - DAG(s) 'example_python_decorator' retrieved from /home/airflow/.local/lib/python3.12/site-packages/airflow/example_dags/example_python_decorator.py
[2024-08-05T00:21:15.469+0000] {logging_mixin.py:188} INFO - [2024-08-05T00:21:15.469+0000] {dag.py:3089} INFO - Sync 1 DAGs
[2024-08-05T00:21:15.481+0000] {logging_mixin.py:188} INFO - [2024-08-05T00:21:15.480+0000] {dag.py:3947} INFO - Setting next_dagrun for example_python_decorator to None, run_after=None
[2024-08-05T00:21:15.498+0000] {processor.py:183} INFO - Processing /home/airflow/.local/lib/python3.12/site-packages/airflow/example_dags/example_python_decorator.py took 0.071 seconds
[2024-08-05T00:21:45.672+0000] {processor.py:161} INFO - Started process (PID=27214) to work on /home/airflow/.local/lib/python3.12/site-packages/airflow/example_dags/example_python_decorator.py
[2024-08-05T00:21:45.672+0000] {processor.py:830} INFO - Processing file /home/airflow/.local/lib/python3.12/site-packages/airflow/example_dags/example_python_decorator.py for tasks to queue
[2024-08-05T00:21:45.674+0000] {logging_mixin.py:188} INFO - [2024-08-05T00:21:45.674+0000] {dagbag.py:545} INFO - Filling up the DagBag from /home/airflow/.local/lib/python3.12/site-packages/airflow/example_dags/example_python_decorator.py
[2024-08-05T00:21:45.685+0000] {processor.py:840} INFO - DAG(s) 'example_python_decorator' retrieved from /home/airflow/.local/lib/python3.12/site-packages/airflow/example_dags/example_python_decorator.py
[2024-08-05T00:21:45.707+0000] {logging_mixin.py:188} INFO - [2024-08-05T00:21:45.707+0000] {dag.py:3089} INFO - Sync 1 DAGs
[2024-08-05T00:21:45.719+0000] {logging_mixin.py:188} INFO - [2024-08-05T00:21:45.718+0000] {dag.py:3947} INFO - Setting next_dagrun for example_python_decorator to None, run_after=None
[2024-08-05T00:21:45.734+0000] {processor.py:183} INFO - Processing /home/airflow/.local/lib/python3.12/site-packages/airflow/example_dags/example_python_decorator.py took 0.068 seconds
[2024-08-05T00:22:16.073+0000] {processor.py:161} INFO - Started process (PID=27486) to work on /home/airflow/.local/lib/python3.12/site-packages/airflow/example_dags/example_python_decorator.py
[2024-08-05T00:22:16.074+0000] {processor.py:830} INFO - Processing file /home/airflow/.local/lib/python3.12/site-packages/airflow/example_dags/example_python_decorator.py for tasks to queue
[2024-08-05T00:22:16.076+0000] {logging_mixin.py:188} INFO - [2024-08-05T00:22:16.075+0000] {dagbag.py:545} INFO - Filling up the DagBag from /home/airflow/.local/lib/python3.12/site-packages/airflow/example_dags/example_python_decorator.py
[2024-08-05T00:22:16.087+0000] {processor.py:840} INFO - DAG(s) 'example_python_decorator' retrieved from /home/airflow/.local/lib/python3.12/site-packages/airflow/example_dags/example_python_decorator.py
[2024-08-05T00:22:16.108+0000] {logging_mixin.py:188} INFO - [2024-08-05T00:22:16.108+0000] {dag.py:3089} INFO - Sync 1 DAGs
[2024-08-05T00:22:16.120+0000] {logging_mixin.py:188} INFO - [2024-08-05T00:22:16.119+0000] {dag.py:3947} INFO - Setting next_dagrun for example_python_decorator to None, run_after=None
[2024-08-05T00:22:16.136+0000] {processor.py:183} INFO - Processing /home/airflow/.local/lib/python3.12/site-packages/airflow/example_dags/example_python_decorator.py took 0.068 seconds
[2024-08-05T00:22:46.559+0000] {processor.py:161} INFO - Started process (PID=27758) to work on /home/airflow/.local/lib/python3.12/site-packages/airflow/example_dags/example_python_decorator.py
[2024-08-05T00:22:46.560+0000] {processor.py:830} INFO - Processing file /home/airflow/.local/lib/python3.12/site-packages/airflow/example_dags/example_python_decorator.py for tasks to queue
[2024-08-05T00:22:46.561+0000] {logging_mixin.py:188} INFO - [2024-08-05T00:22:46.561+0000] {dagbag.py:545} INFO - Filling up the DagBag from /home/airflow/.local/lib/python3.12/site-packages/airflow/example_dags/example_python_decorator.py
[2024-08-05T00:22:46.573+0000] {processor.py:840} INFO - DAG(s) 'example_python_decorator' retrieved from /home/airflow/.local/lib/python3.12/site-packages/airflow/example_dags/example_python_decorator.py
[2024-08-05T00:22:46.595+0000] {logging_mixin.py:188} INFO - [2024-08-05T00:22:46.594+0000] {dag.py:3089} INFO - Sync 1 DAGs
[2024-08-05T00:22:46.605+0000] {logging_mixin.py:188} INFO - [2024-08-05T00:22:46.605+0000] {dag.py:3947} INFO - Setting next_dagrun for example_python_decorator to None, run_after=None
[2024-08-05T00:22:46.623+0000] {processor.py:183} INFO - Processing /home/airflow/.local/lib/python3.12/site-packages/airflow/example_dags/example_python_decorator.py took 0.069 seconds
[2024-08-05T00:23:17.041+0000] {processor.py:161} INFO - Started process (PID=28028) to work on /home/airflow/.local/lib/python3.12/site-packages/airflow/example_dags/example_python_decorator.py
[2024-08-05T00:23:17.043+0000] {processor.py:830} INFO - Processing file /home/airflow/.local/lib/python3.12/site-packages/airflow/example_dags/example_python_decorator.py for tasks to queue
[2024-08-05T00:23:17.044+0000] {logging_mixin.py:188} INFO - [2024-08-05T00:23:17.044+0000] {dagbag.py:545} INFO - Filling up the DagBag from /home/airflow/.local/lib/python3.12/site-packages/airflow/example_dags/example_python_decorator.py
[2024-08-05T00:23:17.056+0000] {processor.py:840} INFO - DAG(s) 'example_python_decorator' retrieved from /home/airflow/.local/lib/python3.12/site-packages/airflow/example_dags/example_python_decorator.py
[2024-08-05T00:23:17.079+0000] {logging_mixin.py:188} INFO - [2024-08-05T00:23:17.079+0000] {dag.py:3089} INFO - Sync 1 DAGs
[2024-08-05T00:23:17.092+0000] {logging_mixin.py:188} INFO - [2024-08-05T00:23:17.091+0000] {dag.py:3947} INFO - Setting next_dagrun for example_python_decorator to None, run_after=None
[2024-08-05T00:23:17.109+0000] {processor.py:183} INFO - Processing /home/airflow/.local/lib/python3.12/site-packages/airflow/example_dags/example_python_decorator.py took 0.074 seconds
[2024-08-05T00:23:47.743+0000] {processor.py:161} INFO - Started process (PID=28302) to work on /home/airflow/.local/lib/python3.12/site-packages/airflow/example_dags/example_python_decorator.py
[2024-08-05T00:23:47.744+0000] {processor.py:830} INFO - Processing file /home/airflow/.local/lib/python3.12/site-packages/airflow/example_dags/example_python_decorator.py for tasks to queue
[2024-08-05T00:23:47.746+0000] {logging_mixin.py:188} INFO - [2024-08-05T00:23:47.745+0000] {dagbag.py:545} INFO - Filling up the DagBag from /home/airflow/.local/lib/python3.12/site-packages/airflow/example_dags/example_python_decorator.py
[2024-08-05T00:23:47.756+0000] {processor.py:840} INFO - DAG(s) 'example_python_decorator' retrieved from /home/airflow/.local/lib/python3.12/site-packages/airflow/example_dags/example_python_decorator.py
[2024-08-05T00:23:47.777+0000] {logging_mixin.py:188} INFO - [2024-08-05T00:23:47.777+0000] {dag.py:3089} INFO - Sync 1 DAGs
[2024-08-05T00:23:47.789+0000] {logging_mixin.py:188} INFO - [2024-08-05T00:23:47.789+0000] {dag.py:3947} INFO - Setting next_dagrun for example_python_decorator to None, run_after=None
[2024-08-05T00:23:47.805+0000] {processor.py:183} INFO - Processing /home/airflow/.local/lib/python3.12/site-packages/airflow/example_dags/example_python_decorator.py took 0.066 seconds
[2024-08-05T00:24:18.503+0000] {processor.py:161} INFO - Started process (PID=28574) to work on /home/airflow/.local/lib/python3.12/site-packages/airflow/example_dags/example_python_decorator.py
[2024-08-05T00:24:18.504+0000] {processor.py:830} INFO - Processing file /home/airflow/.local/lib/python3.12/site-packages/airflow/example_dags/example_python_decorator.py for tasks to queue
[2024-08-05T00:24:18.505+0000] {logging_mixin.py:188} INFO - [2024-08-05T00:24:18.505+0000] {dagbag.py:545} INFO - Filling up the DagBag from /home/airflow/.local/lib/python3.12/site-packages/airflow/example_dags/example_python_decorator.py
[2024-08-05T00:24:18.628+0000] {processor.py:840} INFO - DAG(s) 'example_python_decorator' retrieved from /home/airflow/.local/lib/python3.12/site-packages/airflow/example_dags/example_python_decorator.py
[2024-08-05T00:24:18.644+0000] {logging_mixin.py:188} INFO - [2024-08-05T00:24:18.644+0000] {dag.py:3089} INFO - Sync 1 DAGs
[2024-08-05T00:24:18.652+0000] {logging_mixin.py:188} INFO - [2024-08-05T00:24:18.652+0000] {dag.py:3947} INFO - Setting next_dagrun for example_python_decorator to None, run_after=None
[2024-08-05T00:24:18.665+0000] {processor.py:183} INFO - Processing /home/airflow/.local/lib/python3.12/site-packages/airflow/example_dags/example_python_decorator.py took 0.166 seconds
[2024-08-05T00:24:48.937+0000] {processor.py:161} INFO - Started process (PID=28846) to work on /home/airflow/.local/lib/python3.12/site-packages/airflow/example_dags/example_python_decorator.py
[2024-08-05T00:24:48.937+0000] {processor.py:830} INFO - Processing file /home/airflow/.local/lib/python3.12/site-packages/airflow/example_dags/example_python_decorator.py for tasks to queue
[2024-08-05T00:24:48.939+0000] {logging_mixin.py:188} INFO - [2024-08-05T00:24:48.938+0000] {dagbag.py:545} INFO - Filling up the DagBag from /home/airflow/.local/lib/python3.12/site-packages/airflow/example_dags/example_python_decorator.py
[2024-08-05T00:24:48.948+0000] {processor.py:840} INFO - DAG(s) 'example_python_decorator' retrieved from /home/airflow/.local/lib/python3.12/site-packages/airflow/example_dags/example_python_decorator.py
[2024-08-05T00:24:48.965+0000] {logging_mixin.py:188} INFO - [2024-08-05T00:24:48.965+0000] {dag.py:3089} INFO - Sync 1 DAGs
[2024-08-05T00:24:48.975+0000] {logging_mixin.py:188} INFO - [2024-08-05T00:24:48.975+0000] {dag.py:3947} INFO - Setting next_dagrun for example_python_decorator to None, run_after=None
[2024-08-05T00:24:48.988+0000] {processor.py:183} INFO - Processing /home/airflow/.local/lib/python3.12/site-packages/airflow/example_dags/example_python_decorator.py took 0.056 seconds
