[2024-08-05T00:00:28.269+0000] {processor.py:161} INFO - Started process (PID=15766) to work on /home/airflow/.local/lib/python3.12/site-packages/airflow/example_dags/example_trigger_target_dag.py
[2024-08-05T00:00:28.270+0000] {processor.py:830} INFO - Processing file /home/airflow/.local/lib/python3.12/site-packages/airflow/example_dags/example_trigger_target_dag.py for tasks to queue
[2024-08-05T00:00:28.272+0000] {logging_mixin.py:188} INFO - [2024-08-05T00:00:28.272+0000] {dagbag.py:545} INFO - Filling up the DagBag from /home/airflow/.local/lib/python3.12/site-packages/airflow/example_dags/example_trigger_target_dag.py
[2024-08-05T00:00:28.277+0000] {processor.py:840} INFO - DAG(s) 'example_trigger_target_dag' retrieved from /home/airflow/.local/lib/python3.12/site-packages/airflow/example_dags/example_trigger_target_dag.py
[2024-08-05T00:00:28.297+0000] {logging_mixin.py:188} INFO - [2024-08-05T00:00:28.296+0000] {dag.py:3089} INFO - Sync 1 DAGs
[2024-08-05T00:00:28.308+0000] {logging_mixin.py:188} INFO - [2024-08-05T00:00:28.308+0000] {dag.py:3947} INFO - Setting next_dagrun for example_trigger_target_dag to None, run_after=None
[2024-08-05T00:00:28.324+0000] {processor.py:183} INFO - Processing /home/airflow/.local/lib/python3.12/site-packages/airflow/example_dags/example_trigger_target_dag.py took 0.060 seconds
[2024-08-05T00:00:58.990+0000] {processor.py:161} INFO - Started process (PID=16038) to work on /home/airflow/.local/lib/python3.12/site-packages/airflow/example_dags/example_trigger_target_dag.py
[2024-08-05T00:00:58.991+0000] {processor.py:830} INFO - Processing file /home/airflow/.local/lib/python3.12/site-packages/airflow/example_dags/example_trigger_target_dag.py for tasks to queue
[2024-08-05T00:00:58.992+0000] {logging_mixin.py:188} INFO - [2024-08-05T00:00:58.992+0000] {dagbag.py:545} INFO - Filling up the DagBag from /home/airflow/.local/lib/python3.12/site-packages/airflow/example_dags/example_trigger_target_dag.py
[2024-08-05T00:00:58.997+0000] {processor.py:840} INFO - DAG(s) 'example_trigger_target_dag' retrieved from /home/airflow/.local/lib/python3.12/site-packages/airflow/example_dags/example_trigger_target_dag.py
[2024-08-05T00:00:59.016+0000] {logging_mixin.py:188} INFO - [2024-08-05T00:00:59.015+0000] {dag.py:3089} INFO - Sync 1 DAGs
[2024-08-05T00:00:59.027+0000] {logging_mixin.py:188} INFO - [2024-08-05T00:00:59.027+0000] {dag.py:3947} INFO - Setting next_dagrun for example_trigger_target_dag to None, run_after=None
[2024-08-05T00:00:59.043+0000] {processor.py:183} INFO - Processing /home/airflow/.local/lib/python3.12/site-packages/airflow/example_dags/example_trigger_target_dag.py took 0.060 seconds
[2024-08-05T00:01:29.164+0000] {processor.py:161} INFO - Started process (PID=16312) to work on /home/airflow/.local/lib/python3.12/site-packages/airflow/example_dags/example_trigger_target_dag.py
[2024-08-05T00:01:29.164+0000] {processor.py:830} INFO - Processing file /home/airflow/.local/lib/python3.12/site-packages/airflow/example_dags/example_trigger_target_dag.py for tasks to queue
[2024-08-05T00:01:29.166+0000] {logging_mixin.py:188} INFO - [2024-08-05T00:01:29.165+0000] {dagbag.py:545} INFO - Filling up the DagBag from /home/airflow/.local/lib/python3.12/site-packages/airflow/example_dags/example_trigger_target_dag.py
[2024-08-05T00:01:29.171+0000] {processor.py:840} INFO - DAG(s) 'example_trigger_target_dag' retrieved from /home/airflow/.local/lib/python3.12/site-packages/airflow/example_dags/example_trigger_target_dag.py
[2024-08-05T00:01:29.192+0000] {logging_mixin.py:188} INFO - [2024-08-05T00:01:29.192+0000] {dag.py:3089} INFO - Sync 1 DAGs
[2024-08-05T00:01:29.205+0000] {logging_mixin.py:188} INFO - [2024-08-05T00:01:29.205+0000] {dag.py:3947} INFO - Setting next_dagrun for example_trigger_target_dag to None, run_after=None
[2024-08-05T00:01:29.221+0000] {processor.py:183} INFO - Processing /home/airflow/.local/lib/python3.12/site-packages/airflow/example_dags/example_trigger_target_dag.py took 0.062 seconds
[2024-08-05T00:01:59.333+0000] {processor.py:161} INFO - Started process (PID=16584) to work on /home/airflow/.local/lib/python3.12/site-packages/airflow/example_dags/example_trigger_target_dag.py
[2024-08-05T00:01:59.334+0000] {processor.py:830} INFO - Processing file /home/airflow/.local/lib/python3.12/site-packages/airflow/example_dags/example_trigger_target_dag.py for tasks to queue
[2024-08-05T00:01:59.336+0000] {logging_mixin.py:188} INFO - [2024-08-05T00:01:59.336+0000] {dagbag.py:545} INFO - Filling up the DagBag from /home/airflow/.local/lib/python3.12/site-packages/airflow/example_dags/example_trigger_target_dag.py
[2024-08-05T00:01:59.342+0000] {processor.py:840} INFO - DAG(s) 'example_trigger_target_dag' retrieved from /home/airflow/.local/lib/python3.12/site-packages/airflow/example_dags/example_trigger_target_dag.py
[2024-08-05T00:01:59.361+0000] {logging_mixin.py:188} INFO - [2024-08-05T00:01:59.360+0000] {dag.py:3089} INFO - Sync 1 DAGs
[2024-08-05T00:01:59.372+0000] {logging_mixin.py:188} INFO - [2024-08-05T00:01:59.372+0000] {dag.py:3947} INFO - Setting next_dagrun for example_trigger_target_dag to None, run_after=None
[2024-08-05T00:01:59.388+0000] {processor.py:183} INFO - Processing /home/airflow/.local/lib/python3.12/site-packages/airflow/example_dags/example_trigger_target_dag.py took 0.060 seconds
[2024-08-05T00:02:29.552+0000] {processor.py:161} INFO - Started process (PID=16854) to work on /home/airflow/.local/lib/python3.12/site-packages/airflow/example_dags/example_trigger_target_dag.py
[2024-08-05T00:02:29.553+0000] {processor.py:830} INFO - Processing file /home/airflow/.local/lib/python3.12/site-packages/airflow/example_dags/example_trigger_target_dag.py for tasks to queue
[2024-08-05T00:02:29.555+0000] {logging_mixin.py:188} INFO - [2024-08-05T00:02:29.554+0000] {dagbag.py:545} INFO - Filling up the DagBag from /home/airflow/.local/lib/python3.12/site-packages/airflow/example_dags/example_trigger_target_dag.py
[2024-08-05T00:02:29.559+0000] {processor.py:840} INFO - DAG(s) 'example_trigger_target_dag' retrieved from /home/airflow/.local/lib/python3.12/site-packages/airflow/example_dags/example_trigger_target_dag.py
[2024-08-05T00:02:29.578+0000] {logging_mixin.py:188} INFO - [2024-08-05T00:02:29.578+0000] {dag.py:3089} INFO - Sync 1 DAGs
[2024-08-05T00:02:29.589+0000] {logging_mixin.py:188} INFO - [2024-08-05T00:02:29.589+0000] {dag.py:3947} INFO - Setting next_dagrun for example_trigger_target_dag to None, run_after=None
[2024-08-05T00:02:29.606+0000] {processor.py:183} INFO - Processing /home/airflow/.local/lib/python3.12/site-packages/airflow/example_dags/example_trigger_target_dag.py took 0.060 seconds
[2024-08-05T00:02:59.832+0000] {processor.py:161} INFO - Started process (PID=17126) to work on /home/airflow/.local/lib/python3.12/site-packages/airflow/example_dags/example_trigger_target_dag.py
[2024-08-05T00:02:59.833+0000] {processor.py:830} INFO - Processing file /home/airflow/.local/lib/python3.12/site-packages/airflow/example_dags/example_trigger_target_dag.py for tasks to queue
[2024-08-05T00:02:59.834+0000] {logging_mixin.py:188} INFO - [2024-08-05T00:02:59.834+0000] {dagbag.py:545} INFO - Filling up the DagBag from /home/airflow/.local/lib/python3.12/site-packages/airflow/example_dags/example_trigger_target_dag.py
[2024-08-05T00:02:59.839+0000] {processor.py:840} INFO - DAG(s) 'example_trigger_target_dag' retrieved from /home/airflow/.local/lib/python3.12/site-packages/airflow/example_dags/example_trigger_target_dag.py
[2024-08-05T00:02:59.858+0000] {logging_mixin.py:188} INFO - [2024-08-05T00:02:59.858+0000] {dag.py:3089} INFO - Sync 1 DAGs
[2024-08-05T00:02:59.869+0000] {logging_mixin.py:188} INFO - [2024-08-05T00:02:59.869+0000] {dag.py:3947} INFO - Setting next_dagrun for example_trigger_target_dag to None, run_after=None
[2024-08-05T00:02:59.883+0000] {processor.py:183} INFO - Processing /home/airflow/.local/lib/python3.12/site-packages/airflow/example_dags/example_trigger_target_dag.py took 0.057 seconds
[2024-08-05T00:03:30.225+0000] {processor.py:161} INFO - Started process (PID=17398) to work on /home/airflow/.local/lib/python3.12/site-packages/airflow/example_dags/example_trigger_target_dag.py
[2024-08-05T00:03:30.226+0000] {processor.py:830} INFO - Processing file /home/airflow/.local/lib/python3.12/site-packages/airflow/example_dags/example_trigger_target_dag.py for tasks to queue
[2024-08-05T00:03:30.228+0000] {logging_mixin.py:188} INFO - [2024-08-05T00:03:30.227+0000] {dagbag.py:545} INFO - Filling up the DagBag from /home/airflow/.local/lib/python3.12/site-packages/airflow/example_dags/example_trigger_target_dag.py
[2024-08-05T00:03:30.234+0000] {processor.py:840} INFO - DAG(s) 'example_trigger_target_dag' retrieved from /home/airflow/.local/lib/python3.12/site-packages/airflow/example_dags/example_trigger_target_dag.py
[2024-08-05T00:03:30.255+0000] {logging_mixin.py:188} INFO - [2024-08-05T00:03:30.255+0000] {dag.py:3089} INFO - Sync 1 DAGs
[2024-08-05T00:03:30.267+0000] {logging_mixin.py:188} INFO - [2024-08-05T00:03:30.267+0000] {dag.py:3947} INFO - Setting next_dagrun for example_trigger_target_dag to None, run_after=None
[2024-08-05T00:03:30.284+0000] {processor.py:183} INFO - Processing /home/airflow/.local/lib/python3.12/site-packages/airflow/example_dags/example_trigger_target_dag.py took 0.065 seconds
[2024-08-05T00:04:00.409+0000] {processor.py:161} INFO - Started process (PID=17670) to work on /home/airflow/.local/lib/python3.12/site-packages/airflow/example_dags/example_trigger_target_dag.py
[2024-08-05T00:04:00.410+0000] {processor.py:830} INFO - Processing file /home/airflow/.local/lib/python3.12/site-packages/airflow/example_dags/example_trigger_target_dag.py for tasks to queue
[2024-08-05T00:04:00.411+0000] {logging_mixin.py:188} INFO - [2024-08-05T00:04:00.411+0000] {dagbag.py:545} INFO - Filling up the DagBag from /home/airflow/.local/lib/python3.12/site-packages/airflow/example_dags/example_trigger_target_dag.py
[2024-08-05T00:04:00.416+0000] {processor.py:840} INFO - DAG(s) 'example_trigger_target_dag' retrieved from /home/airflow/.local/lib/python3.12/site-packages/airflow/example_dags/example_trigger_target_dag.py
[2024-08-05T00:04:00.436+0000] {logging_mixin.py:188} INFO - [2024-08-05T00:04:00.436+0000] {dag.py:3089} INFO - Sync 1 DAGs
[2024-08-05T00:04:00.447+0000] {logging_mixin.py:188} INFO - [2024-08-05T00:04:00.447+0000] {dag.py:3947} INFO - Setting next_dagrun for example_trigger_target_dag to None, run_after=None
[2024-08-05T00:04:00.466+0000] {processor.py:183} INFO - Processing /home/airflow/.local/lib/python3.12/site-packages/airflow/example_dags/example_trigger_target_dag.py took 0.062 seconds
[2024-08-05T00:04:31.311+0000] {processor.py:161} INFO - Started process (PID=17936) to work on /home/airflow/.local/lib/python3.12/site-packages/airflow/example_dags/example_trigger_target_dag.py
[2024-08-05T00:04:31.312+0000] {processor.py:830} INFO - Processing file /home/airflow/.local/lib/python3.12/site-packages/airflow/example_dags/example_trigger_target_dag.py for tasks to queue
[2024-08-05T00:04:31.314+0000] {logging_mixin.py:188} INFO - [2024-08-05T00:04:31.313+0000] {dagbag.py:545} INFO - Filling up the DagBag from /home/airflow/.local/lib/python3.12/site-packages/airflow/example_dags/example_trigger_target_dag.py
[2024-08-05T00:04:31.320+0000] {processor.py:840} INFO - DAG(s) 'example_trigger_target_dag' retrieved from /home/airflow/.local/lib/python3.12/site-packages/airflow/example_dags/example_trigger_target_dag.py
[2024-08-05T00:04:31.340+0000] {logging_mixin.py:188} INFO - [2024-08-05T00:04:31.340+0000] {dag.py:3089} INFO - Sync 1 DAGs
[2024-08-05T00:04:31.353+0000] {logging_mixin.py:188} INFO - [2024-08-05T00:04:31.352+0000] {dag.py:3947} INFO - Setting next_dagrun for example_trigger_target_dag to None, run_after=None
[2024-08-05T00:04:31.371+0000] {processor.py:183} INFO - Processing /home/airflow/.local/lib/python3.12/site-packages/airflow/example_dags/example_trigger_target_dag.py took 0.064 seconds
[2024-08-05T00:05:01.600+0000] {processor.py:161} INFO - Started process (PID=18208) to work on /home/airflow/.local/lib/python3.12/site-packages/airflow/example_dags/example_trigger_target_dag.py
[2024-08-05T00:05:01.601+0000] {processor.py:830} INFO - Processing file /home/airflow/.local/lib/python3.12/site-packages/airflow/example_dags/example_trigger_target_dag.py for tasks to queue
[2024-08-05T00:05:01.603+0000] {logging_mixin.py:188} INFO - [2024-08-05T00:05:01.602+0000] {dagbag.py:545} INFO - Filling up the DagBag from /home/airflow/.local/lib/python3.12/site-packages/airflow/example_dags/example_trigger_target_dag.py
[2024-08-05T00:05:01.608+0000] {processor.py:840} INFO - DAG(s) 'example_trigger_target_dag' retrieved from /home/airflow/.local/lib/python3.12/site-packages/airflow/example_dags/example_trigger_target_dag.py
[2024-08-05T00:05:01.630+0000] {logging_mixin.py:188} INFO - [2024-08-05T00:05:01.630+0000] {dag.py:3089} INFO - Sync 1 DAGs
[2024-08-05T00:05:01.642+0000] {logging_mixin.py:188} INFO - [2024-08-05T00:05:01.642+0000] {dag.py:3947} INFO - Setting next_dagrun for example_trigger_target_dag to None, run_after=None
[2024-08-05T00:05:01.658+0000] {processor.py:183} INFO - Processing /home/airflow/.local/lib/python3.12/site-packages/airflow/example_dags/example_trigger_target_dag.py took 0.065 seconds
[2024-08-05T00:05:31.823+0000] {processor.py:161} INFO - Started process (PID=18480) to work on /home/airflow/.local/lib/python3.12/site-packages/airflow/example_dags/example_trigger_target_dag.py
[2024-08-05T00:05:31.824+0000] {processor.py:830} INFO - Processing file /home/airflow/.local/lib/python3.12/site-packages/airflow/example_dags/example_trigger_target_dag.py for tasks to queue
[2024-08-05T00:05:31.825+0000] {logging_mixin.py:188} INFO - [2024-08-05T00:05:31.825+0000] {dagbag.py:545} INFO - Filling up the DagBag from /home/airflow/.local/lib/python3.12/site-packages/airflow/example_dags/example_trigger_target_dag.py
[2024-08-05T00:05:31.831+0000] {processor.py:840} INFO - DAG(s) 'example_trigger_target_dag' retrieved from /home/airflow/.local/lib/python3.12/site-packages/airflow/example_dags/example_trigger_target_dag.py
[2024-08-05T00:05:31.851+0000] {logging_mixin.py:188} INFO - [2024-08-05T00:05:31.851+0000] {dag.py:3089} INFO - Sync 1 DAGs
[2024-08-05T00:05:31.863+0000] {logging_mixin.py:188} INFO - [2024-08-05T00:05:31.863+0000] {dag.py:3947} INFO - Setting next_dagrun for example_trigger_target_dag to None, run_after=None
[2024-08-05T00:05:31.880+0000] {processor.py:183} INFO - Processing /home/airflow/.local/lib/python3.12/site-packages/airflow/example_dags/example_trigger_target_dag.py took 0.062 seconds
[2024-08-05T00:06:02.134+0000] {processor.py:161} INFO - Started process (PID=18752) to work on /home/airflow/.local/lib/python3.12/site-packages/airflow/example_dags/example_trigger_target_dag.py
[2024-08-05T00:06:02.135+0000] {processor.py:830} INFO - Processing file /home/airflow/.local/lib/python3.12/site-packages/airflow/example_dags/example_trigger_target_dag.py for tasks to queue
[2024-08-05T00:06:02.136+0000] {logging_mixin.py:188} INFO - [2024-08-05T00:06:02.136+0000] {dagbag.py:545} INFO - Filling up the DagBag from /home/airflow/.local/lib/python3.12/site-packages/airflow/example_dags/example_trigger_target_dag.py
[2024-08-05T00:06:02.141+0000] {processor.py:840} INFO - DAG(s) 'example_trigger_target_dag' retrieved from /home/airflow/.local/lib/python3.12/site-packages/airflow/example_dags/example_trigger_target_dag.py
[2024-08-05T00:06:02.161+0000] {logging_mixin.py:188} INFO - [2024-08-05T00:06:02.160+0000] {dag.py:3089} INFO - Sync 1 DAGs
[2024-08-05T00:06:02.173+0000] {logging_mixin.py:188} INFO - [2024-08-05T00:06:02.173+0000] {dag.py:3947} INFO - Setting next_dagrun for example_trigger_target_dag to None, run_after=None
[2024-08-05T00:06:02.193+0000] {processor.py:183} INFO - Processing /home/airflow/.local/lib/python3.12/site-packages/airflow/example_dags/example_trigger_target_dag.py took 0.066 seconds
[2024-08-05T00:06:32.338+0000] {processor.py:161} INFO - Started process (PID=19024) to work on /home/airflow/.local/lib/python3.12/site-packages/airflow/example_dags/example_trigger_target_dag.py
[2024-08-05T00:06:32.338+0000] {processor.py:830} INFO - Processing file /home/airflow/.local/lib/python3.12/site-packages/airflow/example_dags/example_trigger_target_dag.py for tasks to queue
[2024-08-05T00:06:32.340+0000] {logging_mixin.py:188} INFO - [2024-08-05T00:06:32.340+0000] {dagbag.py:545} INFO - Filling up the DagBag from /home/airflow/.local/lib/python3.12/site-packages/airflow/example_dags/example_trigger_target_dag.py
[2024-08-05T00:06:32.345+0000] {processor.py:840} INFO - DAG(s) 'example_trigger_target_dag' retrieved from /home/airflow/.local/lib/python3.12/site-packages/airflow/example_dags/example_trigger_target_dag.py
[2024-08-05T00:06:32.365+0000] {logging_mixin.py:188} INFO - [2024-08-05T00:06:32.365+0000] {dag.py:3089} INFO - Sync 1 DAGs
[2024-08-05T00:06:32.377+0000] {logging_mixin.py:188} INFO - [2024-08-05T00:06:32.376+0000] {dag.py:3947} INFO - Setting next_dagrun for example_trigger_target_dag to None, run_after=None
[2024-08-05T00:06:32.392+0000] {processor.py:183} INFO - Processing /home/airflow/.local/lib/python3.12/site-packages/airflow/example_dags/example_trigger_target_dag.py took 0.060 seconds
[2024-08-05T00:07:03.362+0000] {processor.py:161} INFO - Started process (PID=19296) to work on /home/airflow/.local/lib/python3.12/site-packages/airflow/example_dags/example_trigger_target_dag.py
[2024-08-05T00:07:03.363+0000] {processor.py:830} INFO - Processing file /home/airflow/.local/lib/python3.12/site-packages/airflow/example_dags/example_trigger_target_dag.py for tasks to queue
[2024-08-05T00:07:03.365+0000] {logging_mixin.py:188} INFO - [2024-08-05T00:07:03.365+0000] {dagbag.py:545} INFO - Filling up the DagBag from /home/airflow/.local/lib/python3.12/site-packages/airflow/example_dags/example_trigger_target_dag.py
[2024-08-05T00:07:03.371+0000] {processor.py:840} INFO - DAG(s) 'example_trigger_target_dag' retrieved from /home/airflow/.local/lib/python3.12/site-packages/airflow/example_dags/example_trigger_target_dag.py
[2024-08-05T00:07:03.389+0000] {logging_mixin.py:188} INFO - [2024-08-05T00:07:03.389+0000] {dag.py:3089} INFO - Sync 1 DAGs
[2024-08-05T00:07:03.402+0000] {logging_mixin.py:188} INFO - [2024-08-05T00:07:03.402+0000] {dag.py:3947} INFO - Setting next_dagrun for example_trigger_target_dag to None, run_after=None
[2024-08-05T00:07:03.423+0000] {processor.py:183} INFO - Processing /home/airflow/.local/lib/python3.12/site-packages/airflow/example_dags/example_trigger_target_dag.py took 0.067 seconds
[2024-08-05T00:07:33.702+0000] {processor.py:161} INFO - Started process (PID=19568) to work on /home/airflow/.local/lib/python3.12/site-packages/airflow/example_dags/example_trigger_target_dag.py
[2024-08-05T00:07:33.703+0000] {processor.py:830} INFO - Processing file /home/airflow/.local/lib/python3.12/site-packages/airflow/example_dags/example_trigger_target_dag.py for tasks to queue
[2024-08-05T00:07:33.704+0000] {logging_mixin.py:188} INFO - [2024-08-05T00:07:33.704+0000] {dagbag.py:545} INFO - Filling up the DagBag from /home/airflow/.local/lib/python3.12/site-packages/airflow/example_dags/example_trigger_target_dag.py
[2024-08-05T00:07:33.710+0000] {processor.py:840} INFO - DAG(s) 'example_trigger_target_dag' retrieved from /home/airflow/.local/lib/python3.12/site-packages/airflow/example_dags/example_trigger_target_dag.py
[2024-08-05T00:07:33.734+0000] {logging_mixin.py:188} INFO - [2024-08-05T00:07:33.734+0000] {dag.py:3089} INFO - Sync 1 DAGs
[2024-08-05T00:07:33.749+0000] {logging_mixin.py:188} INFO - [2024-08-05T00:07:33.749+0000] {dag.py:3947} INFO - Setting next_dagrun for example_trigger_target_dag to None, run_after=None
[2024-08-05T00:07:33.766+0000] {processor.py:183} INFO - Processing /home/airflow/.local/lib/python3.12/site-packages/airflow/example_dags/example_trigger_target_dag.py took 0.071 seconds
[2024-08-05T00:08:03.910+0000] {processor.py:161} INFO - Started process (PID=19840) to work on /home/airflow/.local/lib/python3.12/site-packages/airflow/example_dags/example_trigger_target_dag.py
[2024-08-05T00:08:03.911+0000] {processor.py:830} INFO - Processing file /home/airflow/.local/lib/python3.12/site-packages/airflow/example_dags/example_trigger_target_dag.py for tasks to queue
[2024-08-05T00:08:03.913+0000] {logging_mixin.py:188} INFO - [2024-08-05T00:08:03.913+0000] {dagbag.py:545} INFO - Filling up the DagBag from /home/airflow/.local/lib/python3.12/site-packages/airflow/example_dags/example_trigger_target_dag.py
[2024-08-05T00:08:03.919+0000] {processor.py:840} INFO - DAG(s) 'example_trigger_target_dag' retrieved from /home/airflow/.local/lib/python3.12/site-packages/airflow/example_dags/example_trigger_target_dag.py
[2024-08-05T00:08:03.940+0000] {logging_mixin.py:188} INFO - [2024-08-05T00:08:03.939+0000] {dag.py:3089} INFO - Sync 1 DAGs
[2024-08-05T00:08:03.952+0000] {logging_mixin.py:188} INFO - [2024-08-05T00:08:03.952+0000] {dag.py:3947} INFO - Setting next_dagrun for example_trigger_target_dag to None, run_after=None
[2024-08-05T00:08:03.969+0000] {processor.py:183} INFO - Processing /home/airflow/.local/lib/python3.12/site-packages/airflow/example_dags/example_trigger_target_dag.py took 0.064 seconds
[2024-08-05T00:08:34.249+0000] {processor.py:161} INFO - Started process (PID=20114) to work on /home/airflow/.local/lib/python3.12/site-packages/airflow/example_dags/example_trigger_target_dag.py
[2024-08-05T00:08:34.249+0000] {processor.py:830} INFO - Processing file /home/airflow/.local/lib/python3.12/site-packages/airflow/example_dags/example_trigger_target_dag.py for tasks to queue
[2024-08-05T00:08:34.251+0000] {logging_mixin.py:188} INFO - [2024-08-05T00:08:34.251+0000] {dagbag.py:545} INFO - Filling up the DagBag from /home/airflow/.local/lib/python3.12/site-packages/airflow/example_dags/example_trigger_target_dag.py
[2024-08-05T00:08:34.255+0000] {processor.py:840} INFO - DAG(s) 'example_trigger_target_dag' retrieved from /home/airflow/.local/lib/python3.12/site-packages/airflow/example_dags/example_trigger_target_dag.py
[2024-08-05T00:08:34.275+0000] {logging_mixin.py:188} INFO - [2024-08-05T00:08:34.274+0000] {dag.py:3089} INFO - Sync 1 DAGs
[2024-08-05T00:08:34.287+0000] {logging_mixin.py:188} INFO - [2024-08-05T00:08:34.286+0000] {dag.py:3947} INFO - Setting next_dagrun for example_trigger_target_dag to None, run_after=None
[2024-08-05T00:08:34.304+0000] {processor.py:183} INFO - Processing /home/airflow/.local/lib/python3.12/site-packages/airflow/example_dags/example_trigger_target_dag.py took 0.061 seconds
[2024-08-05T00:09:04.553+0000] {processor.py:161} INFO - Started process (PID=20384) to work on /home/airflow/.local/lib/python3.12/site-packages/airflow/example_dags/example_trigger_target_dag.py
[2024-08-05T00:09:04.554+0000] {processor.py:830} INFO - Processing file /home/airflow/.local/lib/python3.12/site-packages/airflow/example_dags/example_trigger_target_dag.py for tasks to queue
[2024-08-05T00:09:04.556+0000] {logging_mixin.py:188} INFO - [2024-08-05T00:09:04.556+0000] {dagbag.py:545} INFO - Filling up the DagBag from /home/airflow/.local/lib/python3.12/site-packages/airflow/example_dags/example_trigger_target_dag.py
[2024-08-05T00:09:04.562+0000] {processor.py:840} INFO - DAG(s) 'example_trigger_target_dag' retrieved from /home/airflow/.local/lib/python3.12/site-packages/airflow/example_dags/example_trigger_target_dag.py
[2024-08-05T00:09:04.580+0000] {logging_mixin.py:188} INFO - [2024-08-05T00:09:04.580+0000] {dag.py:3089} INFO - Sync 1 DAGs
[2024-08-05T00:09:04.591+0000] {logging_mixin.py:188} INFO - [2024-08-05T00:09:04.591+0000] {dag.py:3947} INFO - Setting next_dagrun for example_trigger_target_dag to None, run_after=None
[2024-08-05T00:09:04.606+0000] {processor.py:183} INFO - Processing /home/airflow/.local/lib/python3.12/site-packages/airflow/example_dags/example_trigger_target_dag.py took 0.058 seconds
[2024-08-05T00:09:35.294+0000] {processor.py:161} INFO - Started process (PID=20656) to work on /home/airflow/.local/lib/python3.12/site-packages/airflow/example_dags/example_trigger_target_dag.py
[2024-08-05T00:09:35.295+0000] {processor.py:830} INFO - Processing file /home/airflow/.local/lib/python3.12/site-packages/airflow/example_dags/example_trigger_target_dag.py for tasks to queue
[2024-08-05T00:09:35.296+0000] {logging_mixin.py:188} INFO - [2024-08-05T00:09:35.296+0000] {dagbag.py:545} INFO - Filling up the DagBag from /home/airflow/.local/lib/python3.12/site-packages/airflow/example_dags/example_trigger_target_dag.py
[2024-08-05T00:09:35.301+0000] {processor.py:840} INFO - DAG(s) 'example_trigger_target_dag' retrieved from /home/airflow/.local/lib/python3.12/site-packages/airflow/example_dags/example_trigger_target_dag.py
[2024-08-05T00:09:35.319+0000] {logging_mixin.py:188} INFO - [2024-08-05T00:09:35.318+0000] {dag.py:3089} INFO - Sync 1 DAGs
[2024-08-05T00:09:35.330+0000] {logging_mixin.py:188} INFO - [2024-08-05T00:09:35.330+0000] {dag.py:3947} INFO - Setting next_dagrun for example_trigger_target_dag to None, run_after=None
[2024-08-05T00:09:35.345+0000] {processor.py:183} INFO - Processing /home/airflow/.local/lib/python3.12/site-packages/airflow/example_dags/example_trigger_target_dag.py took 0.056 seconds
[2024-08-05T00:10:05.911+0000] {processor.py:161} INFO - Started process (PID=20934) to work on /home/airflow/.local/lib/python3.12/site-packages/airflow/example_dags/example_trigger_target_dag.py
[2024-08-05T00:10:05.912+0000] {processor.py:830} INFO - Processing file /home/airflow/.local/lib/python3.12/site-packages/airflow/example_dags/example_trigger_target_dag.py for tasks to queue
[2024-08-05T00:10:05.914+0000] {logging_mixin.py:188} INFO - [2024-08-05T00:10:05.913+0000] {dagbag.py:545} INFO - Filling up the DagBag from /home/airflow/.local/lib/python3.12/site-packages/airflow/example_dags/example_trigger_target_dag.py
[2024-08-05T00:10:05.920+0000] {processor.py:840} INFO - DAG(s) 'example_trigger_target_dag' retrieved from /home/airflow/.local/lib/python3.12/site-packages/airflow/example_dags/example_trigger_target_dag.py
[2024-08-05T00:10:05.943+0000] {logging_mixin.py:188} INFO - [2024-08-05T00:10:05.943+0000] {dag.py:3089} INFO - Sync 1 DAGs
[2024-08-05T00:10:05.956+0000] {logging_mixin.py:188} INFO - [2024-08-05T00:10:05.955+0000] {dag.py:3947} INFO - Setting next_dagrun for example_trigger_target_dag to None, run_after=None
[2024-08-05T00:10:05.975+0000] {processor.py:183} INFO - Processing /home/airflow/.local/lib/python3.12/site-packages/airflow/example_dags/example_trigger_target_dag.py took 0.069 seconds
[2024-08-05T00:10:36.624+0000] {processor.py:161} INFO - Started process (PID=21209) to work on /home/airflow/.local/lib/python3.12/site-packages/airflow/example_dags/example_trigger_target_dag.py
[2024-08-05T00:10:36.626+0000] {processor.py:830} INFO - Processing file /home/airflow/.local/lib/python3.12/site-packages/airflow/example_dags/example_trigger_target_dag.py for tasks to queue
[2024-08-05T00:10:36.628+0000] {logging_mixin.py:188} INFO - [2024-08-05T00:10:36.627+0000] {dagbag.py:545} INFO - Filling up the DagBag from /home/airflow/.local/lib/python3.12/site-packages/airflow/example_dags/example_trigger_target_dag.py
[2024-08-05T00:10:36.633+0000] {processor.py:840} INFO - DAG(s) 'example_trigger_target_dag' retrieved from /home/airflow/.local/lib/python3.12/site-packages/airflow/example_dags/example_trigger_target_dag.py
[2024-08-05T00:10:36.651+0000] {logging_mixin.py:188} INFO - [2024-08-05T00:10:36.651+0000] {dag.py:3089} INFO - Sync 1 DAGs
[2024-08-05T00:10:36.664+0000] {logging_mixin.py:188} INFO - [2024-08-05T00:10:36.664+0000] {dag.py:3947} INFO - Setting next_dagrun for example_trigger_target_dag to None, run_after=None
[2024-08-05T00:10:36.681+0000] {processor.py:183} INFO - Processing /home/airflow/.local/lib/python3.12/site-packages/airflow/example_dags/example_trigger_target_dag.py took 0.064 seconds
[2024-08-05T00:11:07.396+0000] {processor.py:161} INFO - Started process (PID=21481) to work on /home/airflow/.local/lib/python3.12/site-packages/airflow/example_dags/example_trigger_target_dag.py
[2024-08-05T00:11:07.397+0000] {processor.py:830} INFO - Processing file /home/airflow/.local/lib/python3.12/site-packages/airflow/example_dags/example_trigger_target_dag.py for tasks to queue
[2024-08-05T00:11:07.399+0000] {logging_mixin.py:188} INFO - [2024-08-05T00:11:07.398+0000] {dagbag.py:545} INFO - Filling up the DagBag from /home/airflow/.local/lib/python3.12/site-packages/airflow/example_dags/example_trigger_target_dag.py
[2024-08-05T00:11:07.404+0000] {processor.py:840} INFO - DAG(s) 'example_trigger_target_dag' retrieved from /home/airflow/.local/lib/python3.12/site-packages/airflow/example_dags/example_trigger_target_dag.py
[2024-08-05T00:11:07.422+0000] {logging_mixin.py:188} INFO - [2024-08-05T00:11:07.422+0000] {dag.py:3089} INFO - Sync 1 DAGs
[2024-08-05T00:11:07.433+0000] {logging_mixin.py:188} INFO - [2024-08-05T00:11:07.433+0000] {dag.py:3947} INFO - Setting next_dagrun for example_trigger_target_dag to None, run_after=None
[2024-08-05T00:11:07.448+0000] {processor.py:183} INFO - Processing /home/airflow/.local/lib/python3.12/site-packages/airflow/example_dags/example_trigger_target_dag.py took 0.057 seconds
[2024-08-05T00:11:38.260+0000] {processor.py:161} INFO - Started process (PID=21753) to work on /home/airflow/.local/lib/python3.12/site-packages/airflow/example_dags/example_trigger_target_dag.py
[2024-08-05T00:11:38.261+0000] {processor.py:830} INFO - Processing file /home/airflow/.local/lib/python3.12/site-packages/airflow/example_dags/example_trigger_target_dag.py for tasks to queue
[2024-08-05T00:11:38.262+0000] {logging_mixin.py:188} INFO - [2024-08-05T00:11:38.262+0000] {dagbag.py:545} INFO - Filling up the DagBag from /home/airflow/.local/lib/python3.12/site-packages/airflow/example_dags/example_trigger_target_dag.py
[2024-08-05T00:11:38.267+0000] {processor.py:840} INFO - DAG(s) 'example_trigger_target_dag' retrieved from /home/airflow/.local/lib/python3.12/site-packages/airflow/example_dags/example_trigger_target_dag.py
[2024-08-05T00:11:38.287+0000] {logging_mixin.py:188} INFO - [2024-08-05T00:11:38.287+0000] {dag.py:3089} INFO - Sync 1 DAGs
[2024-08-05T00:11:38.298+0000] {logging_mixin.py:188} INFO - [2024-08-05T00:11:38.298+0000] {dag.py:3947} INFO - Setting next_dagrun for example_trigger_target_dag to None, run_after=None
[2024-08-05T00:11:38.316+0000] {processor.py:183} INFO - Processing /home/airflow/.local/lib/python3.12/site-packages/airflow/example_dags/example_trigger_target_dag.py took 0.061 seconds
[2024-08-05T00:12:08.489+0000] {processor.py:161} INFO - Started process (PID=22025) to work on /home/airflow/.local/lib/python3.12/site-packages/airflow/example_dags/example_trigger_target_dag.py
[2024-08-05T00:12:08.490+0000] {processor.py:830} INFO - Processing file /home/airflow/.local/lib/python3.12/site-packages/airflow/example_dags/example_trigger_target_dag.py for tasks to queue
[2024-08-05T00:12:08.492+0000] {logging_mixin.py:188} INFO - [2024-08-05T00:12:08.492+0000] {dagbag.py:545} INFO - Filling up the DagBag from /home/airflow/.local/lib/python3.12/site-packages/airflow/example_dags/example_trigger_target_dag.py
[2024-08-05T00:12:08.498+0000] {processor.py:840} INFO - DAG(s) 'example_trigger_target_dag' retrieved from /home/airflow/.local/lib/python3.12/site-packages/airflow/example_dags/example_trigger_target_dag.py
[2024-08-05T00:12:08.518+0000] {logging_mixin.py:188} INFO - [2024-08-05T00:12:08.518+0000] {dag.py:3089} INFO - Sync 1 DAGs
[2024-08-05T00:12:08.534+0000] {logging_mixin.py:188} INFO - [2024-08-05T00:12:08.533+0000] {dag.py:3947} INFO - Setting next_dagrun for example_trigger_target_dag to None, run_after=None
[2024-08-05T00:12:08.553+0000] {processor.py:183} INFO - Processing /home/airflow/.local/lib/python3.12/site-packages/airflow/example_dags/example_trigger_target_dag.py took 0.070 seconds
[2024-08-05T00:12:38.772+0000] {processor.py:161} INFO - Started process (PID=22297) to work on /home/airflow/.local/lib/python3.12/site-packages/airflow/example_dags/example_trigger_target_dag.py
[2024-08-05T00:12:38.773+0000] {processor.py:830} INFO - Processing file /home/airflow/.local/lib/python3.12/site-packages/airflow/example_dags/example_trigger_target_dag.py for tasks to queue
[2024-08-05T00:12:38.775+0000] {logging_mixin.py:188} INFO - [2024-08-05T00:12:38.775+0000] {dagbag.py:545} INFO - Filling up the DagBag from /home/airflow/.local/lib/python3.12/site-packages/airflow/example_dags/example_trigger_target_dag.py
[2024-08-05T00:12:38.779+0000] {processor.py:840} INFO - DAG(s) 'example_trigger_target_dag' retrieved from /home/airflow/.local/lib/python3.12/site-packages/airflow/example_dags/example_trigger_target_dag.py
[2024-08-05T00:12:38.799+0000] {logging_mixin.py:188} INFO - [2024-08-05T00:12:38.798+0000] {dag.py:3089} INFO - Sync 1 DAGs
[2024-08-05T00:12:38.811+0000] {logging_mixin.py:188} INFO - [2024-08-05T00:12:38.811+0000] {dag.py:3947} INFO - Setting next_dagrun for example_trigger_target_dag to None, run_after=None
[2024-08-05T00:12:38.827+0000] {processor.py:183} INFO - Processing /home/airflow/.local/lib/python3.12/site-packages/airflow/example_dags/example_trigger_target_dag.py took 0.061 seconds
[2024-08-05T00:13:08.985+0000] {processor.py:161} INFO - Started process (PID=22569) to work on /home/airflow/.local/lib/python3.12/site-packages/airflow/example_dags/example_trigger_target_dag.py
[2024-08-05T00:13:08.987+0000] {processor.py:830} INFO - Processing file /home/airflow/.local/lib/python3.12/site-packages/airflow/example_dags/example_trigger_target_dag.py for tasks to queue
[2024-08-05T00:13:08.988+0000] {logging_mixin.py:188} INFO - [2024-08-05T00:13:08.988+0000] {dagbag.py:545} INFO - Filling up the DagBag from /home/airflow/.local/lib/python3.12/site-packages/airflow/example_dags/example_trigger_target_dag.py
[2024-08-05T00:13:08.994+0000] {processor.py:840} INFO - DAG(s) 'example_trigger_target_dag' retrieved from /home/airflow/.local/lib/python3.12/site-packages/airflow/example_dags/example_trigger_target_dag.py
[2024-08-05T00:13:09.013+0000] {logging_mixin.py:188} INFO - [2024-08-05T00:13:09.013+0000] {dag.py:3089} INFO - Sync 1 DAGs
[2024-08-05T00:13:09.027+0000] {logging_mixin.py:188} INFO - [2024-08-05T00:13:09.026+0000] {dag.py:3947} INFO - Setting next_dagrun for example_trigger_target_dag to None, run_after=None
[2024-08-05T00:13:09.044+0000] {processor.py:183} INFO - Processing /home/airflow/.local/lib/python3.12/site-packages/airflow/example_dags/example_trigger_target_dag.py took 0.064 seconds
[2024-08-05T00:13:39.933+0000] {processor.py:161} INFO - Started process (PID=22841) to work on /home/airflow/.local/lib/python3.12/site-packages/airflow/example_dags/example_trigger_target_dag.py
[2024-08-05T00:13:39.935+0000] {processor.py:830} INFO - Processing file /home/airflow/.local/lib/python3.12/site-packages/airflow/example_dags/example_trigger_target_dag.py for tasks to queue
[2024-08-05T00:13:39.937+0000] {logging_mixin.py:188} INFO - [2024-08-05T00:13:39.937+0000] {dagbag.py:545} INFO - Filling up the DagBag from /home/airflow/.local/lib/python3.12/site-packages/airflow/example_dags/example_trigger_target_dag.py
[2024-08-05T00:13:39.954+0000] {processor.py:840} INFO - DAG(s) 'example_trigger_target_dag' retrieved from /home/airflow/.local/lib/python3.12/site-packages/airflow/example_dags/example_trigger_target_dag.py
[2024-08-05T00:13:40.019+0000] {logging_mixin.py:188} INFO - [2024-08-05T00:13:40.019+0000] {dag.py:3089} INFO - Sync 1 DAGs
[2024-08-05T00:13:40.067+0000] {logging_mixin.py:188} INFO - [2024-08-05T00:13:40.066+0000] {dag.py:3947} INFO - Setting next_dagrun for example_trigger_target_dag to None, run_after=None
[2024-08-05T00:13:40.127+0000] {processor.py:183} INFO - Processing /home/airflow/.local/lib/python3.12/site-packages/airflow/example_dags/example_trigger_target_dag.py took 0.201 seconds
[2024-08-05T00:14:10.836+0000] {processor.py:161} INFO - Started process (PID=23115) to work on /home/airflow/.local/lib/python3.12/site-packages/airflow/example_dags/example_trigger_target_dag.py
[2024-08-05T00:14:10.837+0000] {processor.py:830} INFO - Processing file /home/airflow/.local/lib/python3.12/site-packages/airflow/example_dags/example_trigger_target_dag.py for tasks to queue
[2024-08-05T00:14:10.839+0000] {logging_mixin.py:188} INFO - [2024-08-05T00:14:10.839+0000] {dagbag.py:545} INFO - Filling up the DagBag from /home/airflow/.local/lib/python3.12/site-packages/airflow/example_dags/example_trigger_target_dag.py
[2024-08-05T00:14:10.844+0000] {processor.py:840} INFO - DAG(s) 'example_trigger_target_dag' retrieved from /home/airflow/.local/lib/python3.12/site-packages/airflow/example_dags/example_trigger_target_dag.py
[2024-08-05T00:14:10.866+0000] {logging_mixin.py:188} INFO - [2024-08-05T00:14:10.865+0000] {dag.py:3089} INFO - Sync 1 DAGs
[2024-08-05T00:14:10.878+0000] {logging_mixin.py:188} INFO - [2024-08-05T00:14:10.878+0000] {dag.py:3947} INFO - Setting next_dagrun for example_trigger_target_dag to None, run_after=None
[2024-08-05T00:14:10.896+0000] {processor.py:183} INFO - Processing /home/airflow/.local/lib/python3.12/site-packages/airflow/example_dags/example_trigger_target_dag.py took 0.066 seconds
[2024-08-05T00:14:40.946+0000] {processor.py:161} INFO - Started process (PID=23385) to work on /home/airflow/.local/lib/python3.12/site-packages/airflow/example_dags/example_trigger_target_dag.py
[2024-08-05T00:14:40.947+0000] {processor.py:830} INFO - Processing file /home/airflow/.local/lib/python3.12/site-packages/airflow/example_dags/example_trigger_target_dag.py for tasks to queue
[2024-08-05T00:14:40.949+0000] {logging_mixin.py:188} INFO - [2024-08-05T00:14:40.949+0000] {dagbag.py:545} INFO - Filling up the DagBag from /home/airflow/.local/lib/python3.12/site-packages/airflow/example_dags/example_trigger_target_dag.py
[2024-08-05T00:14:40.954+0000] {processor.py:840} INFO - DAG(s) 'example_trigger_target_dag' retrieved from /home/airflow/.local/lib/python3.12/site-packages/airflow/example_dags/example_trigger_target_dag.py
[2024-08-05T00:14:40.976+0000] {logging_mixin.py:188} INFO - [2024-08-05T00:14:40.976+0000] {dag.py:3089} INFO - Sync 1 DAGs
[2024-08-05T00:14:40.990+0000] {logging_mixin.py:188} INFO - [2024-08-05T00:14:40.990+0000] {dag.py:3947} INFO - Setting next_dagrun for example_trigger_target_dag to None, run_after=None
[2024-08-05T00:14:41.009+0000] {processor.py:183} INFO - Processing /home/airflow/.local/lib/python3.12/site-packages/airflow/example_dags/example_trigger_target_dag.py took 0.067 seconds
[2024-08-05T00:15:11.164+0000] {processor.py:161} INFO - Started process (PID=23657) to work on /home/airflow/.local/lib/python3.12/site-packages/airflow/example_dags/example_trigger_target_dag.py
[2024-08-05T00:15:11.165+0000] {processor.py:830} INFO - Processing file /home/airflow/.local/lib/python3.12/site-packages/airflow/example_dags/example_trigger_target_dag.py for tasks to queue
[2024-08-05T00:15:11.166+0000] {logging_mixin.py:188} INFO - [2024-08-05T00:15:11.166+0000] {dagbag.py:545} INFO - Filling up the DagBag from /home/airflow/.local/lib/python3.12/site-packages/airflow/example_dags/example_trigger_target_dag.py
[2024-08-05T00:15:11.171+0000] {processor.py:840} INFO - DAG(s) 'example_trigger_target_dag' retrieved from /home/airflow/.local/lib/python3.12/site-packages/airflow/example_dags/example_trigger_target_dag.py
[2024-08-05T00:15:11.193+0000] {logging_mixin.py:188} INFO - [2024-08-05T00:15:11.193+0000] {dag.py:3089} INFO - Sync 1 DAGs
[2024-08-05T00:15:11.207+0000] {logging_mixin.py:188} INFO - [2024-08-05T00:15:11.206+0000] {dag.py:3947} INFO - Setting next_dagrun for example_trigger_target_dag to None, run_after=None
[2024-08-05T00:15:11.226+0000] {processor.py:183} INFO - Processing /home/airflow/.local/lib/python3.12/site-packages/airflow/example_dags/example_trigger_target_dag.py took 0.067 seconds
[2024-08-05T00:15:41.539+0000] {processor.py:161} INFO - Started process (PID=23929) to work on /home/airflow/.local/lib/python3.12/site-packages/airflow/example_dags/example_trigger_target_dag.py
[2024-08-05T00:15:41.540+0000] {processor.py:830} INFO - Processing file /home/airflow/.local/lib/python3.12/site-packages/airflow/example_dags/example_trigger_target_dag.py for tasks to queue
[2024-08-05T00:15:41.541+0000] {logging_mixin.py:188} INFO - [2024-08-05T00:15:41.541+0000] {dagbag.py:545} INFO - Filling up the DagBag from /home/airflow/.local/lib/python3.12/site-packages/airflow/example_dags/example_trigger_target_dag.py
[2024-08-05T00:15:41.546+0000] {processor.py:840} INFO - DAG(s) 'example_trigger_target_dag' retrieved from /home/airflow/.local/lib/python3.12/site-packages/airflow/example_dags/example_trigger_target_dag.py
[2024-08-05T00:15:41.569+0000] {logging_mixin.py:188} INFO - [2024-08-05T00:15:41.569+0000] {dag.py:3089} INFO - Sync 1 DAGs
[2024-08-05T00:15:41.580+0000] {logging_mixin.py:188} INFO - [2024-08-05T00:15:41.580+0000] {dag.py:3947} INFO - Setting next_dagrun for example_trigger_target_dag to None, run_after=None
[2024-08-05T00:15:41.594+0000] {processor.py:183} INFO - Processing /home/airflow/.local/lib/python3.12/site-packages/airflow/example_dags/example_trigger_target_dag.py took 0.060 seconds
[2024-08-05T00:16:11.959+0000] {processor.py:161} INFO - Started process (PID=24201) to work on /home/airflow/.local/lib/python3.12/site-packages/airflow/example_dags/example_trigger_target_dag.py
[2024-08-05T00:16:11.960+0000] {processor.py:830} INFO - Processing file /home/airflow/.local/lib/python3.12/site-packages/airflow/example_dags/example_trigger_target_dag.py for tasks to queue
[2024-08-05T00:16:11.962+0000] {logging_mixin.py:188} INFO - [2024-08-05T00:16:11.962+0000] {dagbag.py:545} INFO - Filling up the DagBag from /home/airflow/.local/lib/python3.12/site-packages/airflow/example_dags/example_trigger_target_dag.py
[2024-08-05T00:16:11.967+0000] {processor.py:840} INFO - DAG(s) 'example_trigger_target_dag' retrieved from /home/airflow/.local/lib/python3.12/site-packages/airflow/example_dags/example_trigger_target_dag.py
[2024-08-05T00:16:11.987+0000] {logging_mixin.py:188} INFO - [2024-08-05T00:16:11.987+0000] {dag.py:3089} INFO - Sync 1 DAGs
[2024-08-05T00:16:12.000+0000] {logging_mixin.py:188} INFO - [2024-08-05T00:16:11.999+0000] {dag.py:3947} INFO - Setting next_dagrun for example_trigger_target_dag to None, run_after=None
[2024-08-05T00:16:12.016+0000] {processor.py:183} INFO - Processing /home/airflow/.local/lib/python3.12/site-packages/airflow/example_dags/example_trigger_target_dag.py took 0.062 seconds
[2024-08-05T00:16:42.355+0000] {processor.py:161} INFO - Started process (PID=24473) to work on /home/airflow/.local/lib/python3.12/site-packages/airflow/example_dags/example_trigger_target_dag.py
[2024-08-05T00:16:42.356+0000] {processor.py:830} INFO - Processing file /home/airflow/.local/lib/python3.12/site-packages/airflow/example_dags/example_trigger_target_dag.py for tasks to queue
[2024-08-05T00:16:42.357+0000] {logging_mixin.py:188} INFO - [2024-08-05T00:16:42.357+0000] {dagbag.py:545} INFO - Filling up the DagBag from /home/airflow/.local/lib/python3.12/site-packages/airflow/example_dags/example_trigger_target_dag.py
[2024-08-05T00:16:42.363+0000] {processor.py:840} INFO - DAG(s) 'example_trigger_target_dag' retrieved from /home/airflow/.local/lib/python3.12/site-packages/airflow/example_dags/example_trigger_target_dag.py
[2024-08-05T00:16:42.383+0000] {logging_mixin.py:188} INFO - [2024-08-05T00:16:42.383+0000] {dag.py:3089} INFO - Sync 1 DAGs
[2024-08-05T00:16:42.395+0000] {logging_mixin.py:188} INFO - [2024-08-05T00:16:42.394+0000] {dag.py:3947} INFO - Setting next_dagrun for example_trigger_target_dag to None, run_after=None
[2024-08-05T00:16:42.411+0000] {processor.py:183} INFO - Processing /home/airflow/.local/lib/python3.12/site-packages/airflow/example_dags/example_trigger_target_dag.py took 0.061 seconds
[2024-08-05T00:17:12.719+0000] {processor.py:161} INFO - Started process (PID=24745) to work on /home/airflow/.local/lib/python3.12/site-packages/airflow/example_dags/example_trigger_target_dag.py
[2024-08-05T00:17:12.720+0000] {processor.py:830} INFO - Processing file /home/airflow/.local/lib/python3.12/site-packages/airflow/example_dags/example_trigger_target_dag.py for tasks to queue
[2024-08-05T00:17:12.721+0000] {logging_mixin.py:188} INFO - [2024-08-05T00:17:12.721+0000] {dagbag.py:545} INFO - Filling up the DagBag from /home/airflow/.local/lib/python3.12/site-packages/airflow/example_dags/example_trigger_target_dag.py
[2024-08-05T00:17:12.726+0000] {processor.py:840} INFO - DAG(s) 'example_trigger_target_dag' retrieved from /home/airflow/.local/lib/python3.12/site-packages/airflow/example_dags/example_trigger_target_dag.py
[2024-08-05T00:17:12.746+0000] {logging_mixin.py:188} INFO - [2024-08-05T00:17:12.745+0000] {dag.py:3089} INFO - Sync 1 DAGs
[2024-08-05T00:17:12.758+0000] {logging_mixin.py:188} INFO - [2024-08-05T00:17:12.758+0000] {dag.py:3947} INFO - Setting next_dagrun for example_trigger_target_dag to None, run_after=None
[2024-08-05T00:17:12.778+0000] {processor.py:183} INFO - Processing /home/airflow/.local/lib/python3.12/site-packages/airflow/example_dags/example_trigger_target_dag.py took 0.064 seconds
[2024-08-05T00:17:42.947+0000] {processor.py:161} INFO - Started process (PID=25017) to work on /home/airflow/.local/lib/python3.12/site-packages/airflow/example_dags/example_trigger_target_dag.py
[2024-08-05T00:17:42.948+0000] {processor.py:830} INFO - Processing file /home/airflow/.local/lib/python3.12/site-packages/airflow/example_dags/example_trigger_target_dag.py for tasks to queue
[2024-08-05T00:17:42.950+0000] {logging_mixin.py:188} INFO - [2024-08-05T00:17:42.949+0000] {dagbag.py:545} INFO - Filling up the DagBag from /home/airflow/.local/lib/python3.12/site-packages/airflow/example_dags/example_trigger_target_dag.py
[2024-08-05T00:17:42.954+0000] {processor.py:840} INFO - DAG(s) 'example_trigger_target_dag' retrieved from /home/airflow/.local/lib/python3.12/site-packages/airflow/example_dags/example_trigger_target_dag.py
[2024-08-05T00:17:42.974+0000] {logging_mixin.py:188} INFO - [2024-08-05T00:17:42.973+0000] {dag.py:3089} INFO - Sync 1 DAGs
[2024-08-05T00:17:42.985+0000] {logging_mixin.py:188} INFO - [2024-08-05T00:17:42.985+0000] {dag.py:3947} INFO - Setting next_dagrun for example_trigger_target_dag to None, run_after=None
[2024-08-05T00:17:43.003+0000] {processor.py:183} INFO - Processing /home/airflow/.local/lib/python3.12/site-packages/airflow/example_dags/example_trigger_target_dag.py took 0.061 seconds
[2024-08-05T00:18:13.268+0000] {processor.py:161} INFO - Started process (PID=25289) to work on /home/airflow/.local/lib/python3.12/site-packages/airflow/example_dags/example_trigger_target_dag.py
[2024-08-05T00:18:13.269+0000] {processor.py:830} INFO - Processing file /home/airflow/.local/lib/python3.12/site-packages/airflow/example_dags/example_trigger_target_dag.py for tasks to queue
[2024-08-05T00:18:13.271+0000] {logging_mixin.py:188} INFO - [2024-08-05T00:18:13.270+0000] {dagbag.py:545} INFO - Filling up the DagBag from /home/airflow/.local/lib/python3.12/site-packages/airflow/example_dags/example_trigger_target_dag.py
[2024-08-05T00:18:13.277+0000] {processor.py:840} INFO - DAG(s) 'example_trigger_target_dag' retrieved from /home/airflow/.local/lib/python3.12/site-packages/airflow/example_dags/example_trigger_target_dag.py
[2024-08-05T00:18:13.297+0000] {logging_mixin.py:188} INFO - [2024-08-05T00:18:13.297+0000] {dag.py:3089} INFO - Sync 1 DAGs
[2024-08-05T00:18:13.309+0000] {logging_mixin.py:188} INFO - [2024-08-05T00:18:13.309+0000] {dag.py:3947} INFO - Setting next_dagrun for example_trigger_target_dag to None, run_after=None
[2024-08-05T00:18:13.326+0000] {processor.py:183} INFO - Processing /home/airflow/.local/lib/python3.12/site-packages/airflow/example_dags/example_trigger_target_dag.py took 0.064 seconds
[2024-08-05T00:18:43.511+0000] {processor.py:161} INFO - Started process (PID=25561) to work on /home/airflow/.local/lib/python3.12/site-packages/airflow/example_dags/example_trigger_target_dag.py
[2024-08-05T00:18:43.512+0000] {processor.py:830} INFO - Processing file /home/airflow/.local/lib/python3.12/site-packages/airflow/example_dags/example_trigger_target_dag.py for tasks to queue
[2024-08-05T00:18:43.513+0000] {logging_mixin.py:188} INFO - [2024-08-05T00:18:43.513+0000] {dagbag.py:545} INFO - Filling up the DagBag from /home/airflow/.local/lib/python3.12/site-packages/airflow/example_dags/example_trigger_target_dag.py
[2024-08-05T00:18:43.518+0000] {processor.py:840} INFO - DAG(s) 'example_trigger_target_dag' retrieved from /home/airflow/.local/lib/python3.12/site-packages/airflow/example_dags/example_trigger_target_dag.py
[2024-08-05T00:18:43.537+0000] {logging_mixin.py:188} INFO - [2024-08-05T00:18:43.537+0000] {dag.py:3089} INFO - Sync 1 DAGs
[2024-08-05T00:18:43.549+0000] {logging_mixin.py:188} INFO - [2024-08-05T00:18:43.549+0000] {dag.py:3947} INFO - Setting next_dagrun for example_trigger_target_dag to None, run_after=None
[2024-08-05T00:18:43.566+0000] {processor.py:183} INFO - Processing /home/airflow/.local/lib/python3.12/site-packages/airflow/example_dags/example_trigger_target_dag.py took 0.060 seconds
[2024-08-05T00:19:13.747+0000] {processor.py:161} INFO - Started process (PID=25833) to work on /home/airflow/.local/lib/python3.12/site-packages/airflow/example_dags/example_trigger_target_dag.py
[2024-08-05T00:19:13.749+0000] {processor.py:830} INFO - Processing file /home/airflow/.local/lib/python3.12/site-packages/airflow/example_dags/example_trigger_target_dag.py for tasks to queue
[2024-08-05T00:19:13.753+0000] {logging_mixin.py:188} INFO - [2024-08-05T00:19:13.753+0000] {dagbag.py:545} INFO - Filling up the DagBag from /home/airflow/.local/lib/python3.12/site-packages/airflow/example_dags/example_trigger_target_dag.py
[2024-08-05T00:19:13.761+0000] {processor.py:840} INFO - DAG(s) 'example_trigger_target_dag' retrieved from /home/airflow/.local/lib/python3.12/site-packages/airflow/example_dags/example_trigger_target_dag.py
[2024-08-05T00:19:13.787+0000] {logging_mixin.py:188} INFO - [2024-08-05T00:19:13.787+0000] {dag.py:3089} INFO - Sync 1 DAGs
[2024-08-05T00:19:13.799+0000] {logging_mixin.py:188} INFO - [2024-08-05T00:19:13.799+0000] {dag.py:3947} INFO - Setting next_dagrun for example_trigger_target_dag to None, run_after=None
[2024-08-05T00:19:13.816+0000] {processor.py:183} INFO - Processing /home/airflow/.local/lib/python3.12/site-packages/airflow/example_dags/example_trigger_target_dag.py took 0.076 seconds
[2024-08-05T00:19:44.016+0000] {processor.py:161} INFO - Started process (PID=26105) to work on /home/airflow/.local/lib/python3.12/site-packages/airflow/example_dags/example_trigger_target_dag.py
[2024-08-05T00:19:44.017+0000] {processor.py:830} INFO - Processing file /home/airflow/.local/lib/python3.12/site-packages/airflow/example_dags/example_trigger_target_dag.py for tasks to queue
[2024-08-05T00:19:44.018+0000] {logging_mixin.py:188} INFO - [2024-08-05T00:19:44.018+0000] {dagbag.py:545} INFO - Filling up the DagBag from /home/airflow/.local/lib/python3.12/site-packages/airflow/example_dags/example_trigger_target_dag.py
[2024-08-05T00:19:44.024+0000] {processor.py:840} INFO - DAG(s) 'example_trigger_target_dag' retrieved from /home/airflow/.local/lib/python3.12/site-packages/airflow/example_dags/example_trigger_target_dag.py
[2024-08-05T00:19:44.046+0000] {logging_mixin.py:188} INFO - [2024-08-05T00:19:44.045+0000] {dag.py:3089} INFO - Sync 1 DAGs
[2024-08-05T00:19:44.062+0000] {logging_mixin.py:188} INFO - [2024-08-05T00:19:44.062+0000] {dag.py:3947} INFO - Setting next_dagrun for example_trigger_target_dag to None, run_after=None
[2024-08-05T00:19:44.082+0000] {processor.py:183} INFO - Processing /home/airflow/.local/lib/python3.12/site-packages/airflow/example_dags/example_trigger_target_dag.py took 0.072 seconds
[2024-08-05T00:20:14.152+0000] {processor.py:161} INFO - Started process (PID=26383) to work on /home/airflow/.local/lib/python3.12/site-packages/airflow/example_dags/example_trigger_target_dag.py
[2024-08-05T00:20:14.153+0000] {processor.py:830} INFO - Processing file /home/airflow/.local/lib/python3.12/site-packages/airflow/example_dags/example_trigger_target_dag.py for tasks to queue
[2024-08-05T00:20:14.155+0000] {logging_mixin.py:188} INFO - [2024-08-05T00:20:14.154+0000] {dagbag.py:545} INFO - Filling up the DagBag from /home/airflow/.local/lib/python3.12/site-packages/airflow/example_dags/example_trigger_target_dag.py
[2024-08-05T00:20:14.160+0000] {processor.py:840} INFO - DAG(s) 'example_trigger_target_dag' retrieved from /home/airflow/.local/lib/python3.12/site-packages/airflow/example_dags/example_trigger_target_dag.py
[2024-08-05T00:20:14.181+0000] {logging_mixin.py:188} INFO - [2024-08-05T00:20:14.180+0000] {dag.py:3089} INFO - Sync 1 DAGs
[2024-08-05T00:20:14.195+0000] {logging_mixin.py:188} INFO - [2024-08-05T00:20:14.195+0000] {dag.py:3947} INFO - Setting next_dagrun for example_trigger_target_dag to None, run_after=None
[2024-08-05T00:20:14.215+0000] {processor.py:183} INFO - Processing /home/airflow/.local/lib/python3.12/site-packages/airflow/example_dags/example_trigger_target_dag.py took 0.068 seconds
[2024-08-05T00:20:44.780+0000] {processor.py:161} INFO - Started process (PID=26658) to work on /home/airflow/.local/lib/python3.12/site-packages/airflow/example_dags/example_trigger_target_dag.py
[2024-08-05T00:20:44.781+0000] {processor.py:830} INFO - Processing file /home/airflow/.local/lib/python3.12/site-packages/airflow/example_dags/example_trigger_target_dag.py for tasks to queue
[2024-08-05T00:20:44.782+0000] {logging_mixin.py:188} INFO - [2024-08-05T00:20:44.782+0000] {dagbag.py:545} INFO - Filling up the DagBag from /home/airflow/.local/lib/python3.12/site-packages/airflow/example_dags/example_trigger_target_dag.py
[2024-08-05T00:20:44.787+0000] {processor.py:840} INFO - DAG(s) 'example_trigger_target_dag' retrieved from /home/airflow/.local/lib/python3.12/site-packages/airflow/example_dags/example_trigger_target_dag.py
[2024-08-05T00:20:44.807+0000] {logging_mixin.py:188} INFO - [2024-08-05T00:20:44.807+0000] {dag.py:3089} INFO - Sync 1 DAGs
[2024-08-05T00:20:44.819+0000] {logging_mixin.py:188} INFO - [2024-08-05T00:20:44.819+0000] {dag.py:3947} INFO - Setting next_dagrun for example_trigger_target_dag to None, run_after=None
[2024-08-05T00:20:44.836+0000] {processor.py:183} INFO - Processing /home/airflow/.local/lib/python3.12/site-packages/airflow/example_dags/example_trigger_target_dag.py took 0.061 seconds
[2024-08-05T00:21:15.239+0000] {processor.py:161} INFO - Started process (PID=26930) to work on /home/airflow/.local/lib/python3.12/site-packages/airflow/example_dags/example_trigger_target_dag.py
[2024-08-05T00:21:15.240+0000] {processor.py:830} INFO - Processing file /home/airflow/.local/lib/python3.12/site-packages/airflow/example_dags/example_trigger_target_dag.py for tasks to queue
[2024-08-05T00:21:15.241+0000] {logging_mixin.py:188} INFO - [2024-08-05T00:21:15.241+0000] {dagbag.py:545} INFO - Filling up the DagBag from /home/airflow/.local/lib/python3.12/site-packages/airflow/example_dags/example_trigger_target_dag.py
[2024-08-05T00:21:15.246+0000] {processor.py:840} INFO - DAG(s) 'example_trigger_target_dag' retrieved from /home/airflow/.local/lib/python3.12/site-packages/airflow/example_dags/example_trigger_target_dag.py
[2024-08-05T00:21:15.267+0000] {logging_mixin.py:188} INFO - [2024-08-05T00:21:15.266+0000] {dag.py:3089} INFO - Sync 1 DAGs
[2024-08-05T00:21:15.279+0000] {logging_mixin.py:188} INFO - [2024-08-05T00:21:15.279+0000] {dag.py:3947} INFO - Setting next_dagrun for example_trigger_target_dag to None, run_after=None
[2024-08-05T00:21:15.295+0000] {processor.py:183} INFO - Processing /home/airflow/.local/lib/python3.12/site-packages/airflow/example_dags/example_trigger_target_dag.py took 0.063 seconds
[2024-08-05T00:21:45.475+0000] {processor.py:161} INFO - Started process (PID=27202) to work on /home/airflow/.local/lib/python3.12/site-packages/airflow/example_dags/example_trigger_target_dag.py
[2024-08-05T00:21:45.476+0000] {processor.py:830} INFO - Processing file /home/airflow/.local/lib/python3.12/site-packages/airflow/example_dags/example_trigger_target_dag.py for tasks to queue
[2024-08-05T00:21:45.478+0000] {logging_mixin.py:188} INFO - [2024-08-05T00:21:45.477+0000] {dagbag.py:545} INFO - Filling up the DagBag from /home/airflow/.local/lib/python3.12/site-packages/airflow/example_dags/example_trigger_target_dag.py
[2024-08-05T00:21:45.482+0000] {processor.py:840} INFO - DAG(s) 'example_trigger_target_dag' retrieved from /home/airflow/.local/lib/python3.12/site-packages/airflow/example_dags/example_trigger_target_dag.py
[2024-08-05T00:21:45.501+0000] {logging_mixin.py:188} INFO - [2024-08-05T00:21:45.500+0000] {dag.py:3089} INFO - Sync 1 DAGs
[2024-08-05T00:21:45.512+0000] {logging_mixin.py:188} INFO - [2024-08-05T00:21:45.512+0000] {dag.py:3947} INFO - Setting next_dagrun for example_trigger_target_dag to None, run_after=None
[2024-08-05T00:21:45.528+0000] {processor.py:183} INFO - Processing /home/airflow/.local/lib/python3.12/site-packages/airflow/example_dags/example_trigger_target_dag.py took 0.058 seconds
[2024-08-05T00:22:15.888+0000] {processor.py:161} INFO - Started process (PID=27474) to work on /home/airflow/.local/lib/python3.12/site-packages/airflow/example_dags/example_trigger_target_dag.py
[2024-08-05T00:22:15.889+0000] {processor.py:830} INFO - Processing file /home/airflow/.local/lib/python3.12/site-packages/airflow/example_dags/example_trigger_target_dag.py for tasks to queue
[2024-08-05T00:22:15.890+0000] {logging_mixin.py:188} INFO - [2024-08-05T00:22:15.890+0000] {dagbag.py:545} INFO - Filling up the DagBag from /home/airflow/.local/lib/python3.12/site-packages/airflow/example_dags/example_trigger_target_dag.py
[2024-08-05T00:22:15.895+0000] {processor.py:840} INFO - DAG(s) 'example_trigger_target_dag' retrieved from /home/airflow/.local/lib/python3.12/site-packages/airflow/example_dags/example_trigger_target_dag.py
[2024-08-05T00:22:15.914+0000] {logging_mixin.py:188} INFO - [2024-08-05T00:22:15.913+0000] {dag.py:3089} INFO - Sync 1 DAGs
[2024-08-05T00:22:15.925+0000] {logging_mixin.py:188} INFO - [2024-08-05T00:22:15.925+0000] {dag.py:3947} INFO - Setting next_dagrun for example_trigger_target_dag to None, run_after=None
[2024-08-05T00:22:15.941+0000] {processor.py:183} INFO - Processing /home/airflow/.local/lib/python3.12/site-packages/airflow/example_dags/example_trigger_target_dag.py took 0.059 seconds
[2024-08-05T00:22:46.354+0000] {processor.py:161} INFO - Started process (PID=27746) to work on /home/airflow/.local/lib/python3.12/site-packages/airflow/example_dags/example_trigger_target_dag.py
[2024-08-05T00:22:46.355+0000] {processor.py:830} INFO - Processing file /home/airflow/.local/lib/python3.12/site-packages/airflow/example_dags/example_trigger_target_dag.py for tasks to queue
[2024-08-05T00:22:46.357+0000] {logging_mixin.py:188} INFO - [2024-08-05T00:22:46.357+0000] {dagbag.py:545} INFO - Filling up the DagBag from /home/airflow/.local/lib/python3.12/site-packages/airflow/example_dags/example_trigger_target_dag.py
[2024-08-05T00:22:46.362+0000] {processor.py:840} INFO - DAG(s) 'example_trigger_target_dag' retrieved from /home/airflow/.local/lib/python3.12/site-packages/airflow/example_dags/example_trigger_target_dag.py
[2024-08-05T00:22:46.381+0000] {logging_mixin.py:188} INFO - [2024-08-05T00:22:46.380+0000] {dag.py:3089} INFO - Sync 1 DAGs
[2024-08-05T00:22:46.393+0000] {logging_mixin.py:188} INFO - [2024-08-05T00:22:46.393+0000] {dag.py:3947} INFO - Setting next_dagrun for example_trigger_target_dag to None, run_after=None
[2024-08-05T00:22:46.411+0000] {processor.py:183} INFO - Processing /home/airflow/.local/lib/python3.12/site-packages/airflow/example_dags/example_trigger_target_dag.py took 0.063 seconds
[2024-08-05T00:23:16.955+0000] {processor.py:161} INFO - Started process (PID=28018) to work on /home/airflow/.local/lib/python3.12/site-packages/airflow/example_dags/example_trigger_target_dag.py
[2024-08-05T00:23:16.956+0000] {processor.py:830} INFO - Processing file /home/airflow/.local/lib/python3.12/site-packages/airflow/example_dags/example_trigger_target_dag.py for tasks to queue
[2024-08-05T00:23:16.957+0000] {logging_mixin.py:188} INFO - [2024-08-05T00:23:16.957+0000] {dagbag.py:545} INFO - Filling up the DagBag from /home/airflow/.local/lib/python3.12/site-packages/airflow/example_dags/example_trigger_target_dag.py
[2024-08-05T00:23:16.962+0000] {processor.py:840} INFO - DAG(s) 'example_trigger_target_dag' retrieved from /home/airflow/.local/lib/python3.12/site-packages/airflow/example_dags/example_trigger_target_dag.py
[2024-08-05T00:23:16.978+0000] {logging_mixin.py:188} INFO - [2024-08-05T00:23:16.978+0000] {dag.py:3089} INFO - Sync 1 DAGs
[2024-08-05T00:23:16.991+0000] {logging_mixin.py:188} INFO - [2024-08-05T00:23:16.991+0000] {dag.py:3947} INFO - Setting next_dagrun for example_trigger_target_dag to None, run_after=None
[2024-08-05T00:23:17.010+0000] {processor.py:183} INFO - Processing /home/airflow/.local/lib/python3.12/site-packages/airflow/example_dags/example_trigger_target_dag.py took 0.062 seconds
[2024-08-05T00:23:47.560+0000] {processor.py:161} INFO - Started process (PID=28290) to work on /home/airflow/.local/lib/python3.12/site-packages/airflow/example_dags/example_trigger_target_dag.py
[2024-08-05T00:23:47.561+0000] {processor.py:830} INFO - Processing file /home/airflow/.local/lib/python3.12/site-packages/airflow/example_dags/example_trigger_target_dag.py for tasks to queue
[2024-08-05T00:23:47.562+0000] {logging_mixin.py:188} INFO - [2024-08-05T00:23:47.562+0000] {dagbag.py:545} INFO - Filling up the DagBag from /home/airflow/.local/lib/python3.12/site-packages/airflow/example_dags/example_trigger_target_dag.py
[2024-08-05T00:23:47.567+0000] {processor.py:840} INFO - DAG(s) 'example_trigger_target_dag' retrieved from /home/airflow/.local/lib/python3.12/site-packages/airflow/example_dags/example_trigger_target_dag.py
[2024-08-05T00:23:47.586+0000] {logging_mixin.py:188} INFO - [2024-08-05T00:23:47.586+0000] {dag.py:3089} INFO - Sync 1 DAGs
[2024-08-05T00:23:47.597+0000] {logging_mixin.py:188} INFO - [2024-08-05T00:23:47.596+0000] {dag.py:3947} INFO - Setting next_dagrun for example_trigger_target_dag to None, run_after=None
[2024-08-05T00:23:47.612+0000] {processor.py:183} INFO - Processing /home/airflow/.local/lib/python3.12/site-packages/airflow/example_dags/example_trigger_target_dag.py took 0.058 seconds
[2024-08-05T00:24:18.124+0000] {processor.py:161} INFO - Started process (PID=28562) to work on /home/airflow/.local/lib/python3.12/site-packages/airflow/example_dags/example_trigger_target_dag.py
[2024-08-05T00:24:18.125+0000] {processor.py:830} INFO - Processing file /home/airflow/.local/lib/python3.12/site-packages/airflow/example_dags/example_trigger_target_dag.py for tasks to queue
[2024-08-05T00:24:18.126+0000] {logging_mixin.py:188} INFO - [2024-08-05T00:24:18.126+0000] {dagbag.py:545} INFO - Filling up the DagBag from /home/airflow/.local/lib/python3.12/site-packages/airflow/example_dags/example_trigger_target_dag.py
[2024-08-05T00:24:18.130+0000] {processor.py:840} INFO - DAG(s) 'example_trigger_target_dag' retrieved from /home/airflow/.local/lib/python3.12/site-packages/airflow/example_dags/example_trigger_target_dag.py
[2024-08-05T00:24:18.258+0000] {logging_mixin.py:188} INFO - [2024-08-05T00:24:18.257+0000] {dag.py:3089} INFO - Sync 1 DAGs
[2024-08-05T00:24:18.266+0000] {logging_mixin.py:188} INFO - [2024-08-05T00:24:18.266+0000] {dag.py:3947} INFO - Setting next_dagrun for example_trigger_target_dag to None, run_after=None
[2024-08-05T00:24:18.279+0000] {processor.py:183} INFO - Processing /home/airflow/.local/lib/python3.12/site-packages/airflow/example_dags/example_trigger_target_dag.py took 0.160 seconds
[2024-08-05T00:24:48.780+0000] {processor.py:161} INFO - Started process (PID=28834) to work on /home/airflow/.local/lib/python3.12/site-packages/airflow/example_dags/example_trigger_target_dag.py
[2024-08-05T00:24:48.781+0000] {processor.py:830} INFO - Processing file /home/airflow/.local/lib/python3.12/site-packages/airflow/example_dags/example_trigger_target_dag.py for tasks to queue
[2024-08-05T00:24:48.782+0000] {logging_mixin.py:188} INFO - [2024-08-05T00:24:48.782+0000] {dagbag.py:545} INFO - Filling up the DagBag from /home/airflow/.local/lib/python3.12/site-packages/airflow/example_dags/example_trigger_target_dag.py
[2024-08-05T00:24:48.786+0000] {processor.py:840} INFO - DAG(s) 'example_trigger_target_dag' retrieved from /home/airflow/.local/lib/python3.12/site-packages/airflow/example_dags/example_trigger_target_dag.py
[2024-08-05T00:24:48.802+0000] {logging_mixin.py:188} INFO - [2024-08-05T00:24:48.801+0000] {dag.py:3089} INFO - Sync 1 DAGs
[2024-08-05T00:24:48.811+0000] {logging_mixin.py:188} INFO - [2024-08-05T00:24:48.810+0000] {dag.py:3947} INFO - Setting next_dagrun for example_trigger_target_dag to None, run_after=None
[2024-08-05T00:24:48.824+0000] {processor.py:183} INFO - Processing /home/airflow/.local/lib/python3.12/site-packages/airflow/example_dags/example_trigger_target_dag.py took 0.048 seconds
