[2024-08-05T00:00:03.175+0000] {processor.py:161} INFO - Started process (PID=15670) to work on /home/airflow/.local/lib/python3.12/site-packages/airflow/example_dags/example_bash_decorator.py
[2024-08-05T00:00:03.176+0000] {processor.py:830} INFO - Processing file /home/airflow/.local/lib/python3.12/site-packages/airflow/example_dags/example_bash_decorator.py for tasks to queue
[2024-08-05T00:00:03.177+0000] {logging_mixin.py:188} INFO - [2024-08-05T00:00:03.177+0000] {dagbag.py:545} INFO - Filling up the DagBag from /home/airflow/.local/lib/python3.12/site-packages/airflow/example_dags/example_bash_decorator.py
[2024-08-05T00:00:03.188+0000] {processor.py:840} INFO - DAG(s) 'example_bash_decorator' retrieved from /home/airflow/.local/lib/python3.12/site-packages/airflow/example_dags/example_bash_decorator.py
[2024-08-05T00:00:03.209+0000] {logging_mixin.py:188} INFO - [2024-08-05T00:00:03.209+0000] {dag.py:3089} INFO - Sync 1 DAGs
[2024-08-05T00:00:03.219+0000] {logging_mixin.py:188} INFO - [2024-08-05T00:00:03.219+0000] {dag.py:3947} INFO - Setting next_dagrun for example_bash_decorator to None, run_after=None
[2024-08-05T00:00:03.234+0000] {processor.py:183} INFO - Processing /home/airflow/.local/lib/python3.12/site-packages/airflow/example_dags/example_bash_decorator.py took 0.064 seconds
[2024-08-05T00:00:34.014+0000] {processor.py:161} INFO - Started process (PID=15946) to work on /home/airflow/.local/lib/python3.12/site-packages/airflow/example_dags/example_bash_decorator.py
[2024-08-05T00:00:34.015+0000] {processor.py:830} INFO - Processing file /home/airflow/.local/lib/python3.12/site-packages/airflow/example_dags/example_bash_decorator.py for tasks to queue
[2024-08-05T00:00:34.017+0000] {logging_mixin.py:188} INFO - [2024-08-05T00:00:34.016+0000] {dagbag.py:545} INFO - Filling up the DagBag from /home/airflow/.local/lib/python3.12/site-packages/airflow/example_dags/example_bash_decorator.py
[2024-08-05T00:00:34.029+0000] {processor.py:840} INFO - DAG(s) 'example_bash_decorator' retrieved from /home/airflow/.local/lib/python3.12/site-packages/airflow/example_dags/example_bash_decorator.py
[2024-08-05T00:00:34.050+0000] {logging_mixin.py:188} INFO - [2024-08-05T00:00:34.050+0000] {dag.py:3089} INFO - Sync 1 DAGs
[2024-08-05T00:00:34.061+0000] {logging_mixin.py:188} INFO - [2024-08-05T00:00:34.061+0000] {dag.py:3947} INFO - Setting next_dagrun for example_bash_decorator to None, run_after=None
[2024-08-05T00:00:34.077+0000] {processor.py:183} INFO - Processing /home/airflow/.local/lib/python3.12/site-packages/airflow/example_dags/example_bash_decorator.py took 0.068 seconds
[2024-08-05T00:01:04.927+0000] {processor.py:161} INFO - Started process (PID=16218) to work on /home/airflow/.local/lib/python3.12/site-packages/airflow/example_dags/example_bash_decorator.py
[2024-08-05T00:01:04.928+0000] {processor.py:830} INFO - Processing file /home/airflow/.local/lib/python3.12/site-packages/airflow/example_dags/example_bash_decorator.py for tasks to queue
[2024-08-05T00:01:04.930+0000] {logging_mixin.py:188} INFO - [2024-08-05T00:01:04.930+0000] {dagbag.py:545} INFO - Filling up the DagBag from /home/airflow/.local/lib/python3.12/site-packages/airflow/example_dags/example_bash_decorator.py
[2024-08-05T00:01:04.946+0000] {processor.py:840} INFO - DAG(s) 'example_bash_decorator' retrieved from /home/airflow/.local/lib/python3.12/site-packages/airflow/example_dags/example_bash_decorator.py
[2024-08-05T00:01:04.970+0000] {logging_mixin.py:188} INFO - [2024-08-05T00:01:04.969+0000] {dag.py:3089} INFO - Sync 1 DAGs
[2024-08-05T00:01:04.985+0000] {logging_mixin.py:188} INFO - [2024-08-05T00:01:04.984+0000] {dag.py:3947} INFO - Setting next_dagrun for example_bash_decorator to None, run_after=None
[2024-08-05T00:01:05.002+0000] {processor.py:183} INFO - Processing /home/airflow/.local/lib/python3.12/site-packages/airflow/example_dags/example_bash_decorator.py took 0.082 seconds
[2024-08-05T00:01:35.270+0000] {processor.py:161} INFO - Started process (PID=16490) to work on /home/airflow/.local/lib/python3.12/site-packages/airflow/example_dags/example_bash_decorator.py
[2024-08-05T00:01:35.271+0000] {processor.py:830} INFO - Processing file /home/airflow/.local/lib/python3.12/site-packages/airflow/example_dags/example_bash_decorator.py for tasks to queue
[2024-08-05T00:01:35.273+0000] {logging_mixin.py:188} INFO - [2024-08-05T00:01:35.272+0000] {dagbag.py:545} INFO - Filling up the DagBag from /home/airflow/.local/lib/python3.12/site-packages/airflow/example_dags/example_bash_decorator.py
[2024-08-05T00:01:35.283+0000] {processor.py:840} INFO - DAG(s) 'example_bash_decorator' retrieved from /home/airflow/.local/lib/python3.12/site-packages/airflow/example_dags/example_bash_decorator.py
[2024-08-05T00:01:35.307+0000] {logging_mixin.py:188} INFO - [2024-08-05T00:01:35.307+0000] {dag.py:3089} INFO - Sync 1 DAGs
[2024-08-05T00:01:35.318+0000] {logging_mixin.py:188} INFO - [2024-08-05T00:01:35.318+0000] {dag.py:3947} INFO - Setting next_dagrun for example_bash_decorator to None, run_after=None
[2024-08-05T00:01:35.333+0000] {processor.py:183} INFO - Processing /home/airflow/.local/lib/python3.12/site-packages/airflow/example_dags/example_bash_decorator.py took 0.069 seconds
[2024-08-05T00:02:05.425+0000] {processor.py:161} INFO - Started process (PID=16762) to work on /home/airflow/.local/lib/python3.12/site-packages/airflow/example_dags/example_bash_decorator.py
[2024-08-05T00:02:05.426+0000] {processor.py:830} INFO - Processing file /home/airflow/.local/lib/python3.12/site-packages/airflow/example_dags/example_bash_decorator.py for tasks to queue
[2024-08-05T00:02:05.427+0000] {logging_mixin.py:188} INFO - [2024-08-05T00:02:05.427+0000] {dagbag.py:545} INFO - Filling up the DagBag from /home/airflow/.local/lib/python3.12/site-packages/airflow/example_dags/example_bash_decorator.py
[2024-08-05T00:02:05.439+0000] {processor.py:840} INFO - DAG(s) 'example_bash_decorator' retrieved from /home/airflow/.local/lib/python3.12/site-packages/airflow/example_dags/example_bash_decorator.py
[2024-08-05T00:02:05.463+0000] {logging_mixin.py:188} INFO - [2024-08-05T00:02:05.463+0000] {dag.py:3089} INFO - Sync 1 DAGs
[2024-08-05T00:02:05.474+0000] {logging_mixin.py:188} INFO - [2024-08-05T00:02:05.474+0000] {dag.py:3947} INFO - Setting next_dagrun for example_bash_decorator to None, run_after=None
[2024-08-05T00:02:05.490+0000] {processor.py:183} INFO - Processing /home/airflow/.local/lib/python3.12/site-packages/airflow/example_dags/example_bash_decorator.py took 0.070 seconds
[2024-08-05T00:02:35.582+0000] {processor.py:161} INFO - Started process (PID=17034) to work on /home/airflow/.local/lib/python3.12/site-packages/airflow/example_dags/example_bash_decorator.py
[2024-08-05T00:02:35.583+0000] {processor.py:830} INFO - Processing file /home/airflow/.local/lib/python3.12/site-packages/airflow/example_dags/example_bash_decorator.py for tasks to queue
[2024-08-05T00:02:35.585+0000] {logging_mixin.py:188} INFO - [2024-08-05T00:02:35.585+0000] {dagbag.py:545} INFO - Filling up the DagBag from /home/airflow/.local/lib/python3.12/site-packages/airflow/example_dags/example_bash_decorator.py
[2024-08-05T00:02:35.598+0000] {processor.py:840} INFO - DAG(s) 'example_bash_decorator' retrieved from /home/airflow/.local/lib/python3.12/site-packages/airflow/example_dags/example_bash_decorator.py
[2024-08-05T00:02:35.625+0000] {logging_mixin.py:188} INFO - [2024-08-05T00:02:35.625+0000] {dag.py:3089} INFO - Sync 1 DAGs
[2024-08-05T00:02:35.638+0000] {logging_mixin.py:188} INFO - [2024-08-05T00:02:35.637+0000] {dag.py:3947} INFO - Setting next_dagrun for example_bash_decorator to None, run_after=None
[2024-08-05T00:02:35.656+0000] {processor.py:183} INFO - Processing /home/airflow/.local/lib/python3.12/site-packages/airflow/example_dags/example_bash_decorator.py took 0.078 seconds
[2024-08-05T00:03:05.726+0000] {processor.py:161} INFO - Started process (PID=17306) to work on /home/airflow/.local/lib/python3.12/site-packages/airflow/example_dags/example_bash_decorator.py
[2024-08-05T00:03:05.726+0000] {processor.py:830} INFO - Processing file /home/airflow/.local/lib/python3.12/site-packages/airflow/example_dags/example_bash_decorator.py for tasks to queue
[2024-08-05T00:03:05.728+0000] {logging_mixin.py:188} INFO - [2024-08-05T00:03:05.727+0000] {dagbag.py:545} INFO - Filling up the DagBag from /home/airflow/.local/lib/python3.12/site-packages/airflow/example_dags/example_bash_decorator.py
[2024-08-05T00:03:05.738+0000] {processor.py:840} INFO - DAG(s) 'example_bash_decorator' retrieved from /home/airflow/.local/lib/python3.12/site-packages/airflow/example_dags/example_bash_decorator.py
[2024-08-05T00:03:05.761+0000] {logging_mixin.py:188} INFO - [2024-08-05T00:03:05.761+0000] {dag.py:3089} INFO - Sync 1 DAGs
[2024-08-05T00:03:05.773+0000] {logging_mixin.py:188} INFO - [2024-08-05T00:03:05.772+0000] {dag.py:3947} INFO - Setting next_dagrun for example_bash_decorator to None, run_after=None
[2024-08-05T00:03:05.788+0000] {processor.py:183} INFO - Processing /home/airflow/.local/lib/python3.12/site-packages/airflow/example_dags/example_bash_decorator.py took 0.067 seconds
[2024-08-05T00:03:36.069+0000] {processor.py:161} INFO - Started process (PID=17578) to work on /home/airflow/.local/lib/python3.12/site-packages/airflow/example_dags/example_bash_decorator.py
[2024-08-05T00:03:36.070+0000] {processor.py:830} INFO - Processing file /home/airflow/.local/lib/python3.12/site-packages/airflow/example_dags/example_bash_decorator.py for tasks to queue
[2024-08-05T00:03:36.071+0000] {logging_mixin.py:188} INFO - [2024-08-05T00:03:36.071+0000] {dagbag.py:545} INFO - Filling up the DagBag from /home/airflow/.local/lib/python3.12/site-packages/airflow/example_dags/example_bash_decorator.py
[2024-08-05T00:03:36.083+0000] {processor.py:840} INFO - DAG(s) 'example_bash_decorator' retrieved from /home/airflow/.local/lib/python3.12/site-packages/airflow/example_dags/example_bash_decorator.py
[2024-08-05T00:03:36.107+0000] {logging_mixin.py:188} INFO - [2024-08-05T00:03:36.107+0000] {dag.py:3089} INFO - Sync 1 DAGs
[2024-08-05T00:03:36.120+0000] {logging_mixin.py:188} INFO - [2024-08-05T00:03:36.120+0000] {dag.py:3947} INFO - Setting next_dagrun for example_bash_decorator to None, run_after=None
[2024-08-05T00:03:36.138+0000] {processor.py:183} INFO - Processing /home/airflow/.local/lib/python3.12/site-packages/airflow/example_dags/example_bash_decorator.py took 0.074 seconds
[2024-08-05T00:04:06.380+0000] {processor.py:161} INFO - Started process (PID=17850) to work on /home/airflow/.local/lib/python3.12/site-packages/airflow/example_dags/example_bash_decorator.py
[2024-08-05T00:04:06.381+0000] {processor.py:830} INFO - Processing file /home/airflow/.local/lib/python3.12/site-packages/airflow/example_dags/example_bash_decorator.py for tasks to queue
[2024-08-05T00:04:06.383+0000] {logging_mixin.py:188} INFO - [2024-08-05T00:04:06.382+0000] {dagbag.py:545} INFO - Filling up the DagBag from /home/airflow/.local/lib/python3.12/site-packages/airflow/example_dags/example_bash_decorator.py
[2024-08-05T00:04:06.395+0000] {processor.py:840} INFO - DAG(s) 'example_bash_decorator' retrieved from /home/airflow/.local/lib/python3.12/site-packages/airflow/example_dags/example_bash_decorator.py
[2024-08-05T00:04:06.421+0000] {logging_mixin.py:188} INFO - [2024-08-05T00:04:06.421+0000] {dag.py:3089} INFO - Sync 1 DAGs
[2024-08-05T00:04:06.432+0000] {logging_mixin.py:188} INFO - [2024-08-05T00:04:06.432+0000] {dag.py:3947} INFO - Setting next_dagrun for example_bash_decorator to None, run_after=None
[2024-08-05T00:04:06.450+0000] {processor.py:183} INFO - Processing /home/airflow/.local/lib/python3.12/site-packages/airflow/example_dags/example_bash_decorator.py took 0.076 seconds
[2024-08-05T00:04:36.652+0000] {processor.py:161} INFO - Started process (PID=18124) to work on /home/airflow/.local/lib/python3.12/site-packages/airflow/example_dags/example_bash_decorator.py
[2024-08-05T00:04:36.653+0000] {processor.py:830} INFO - Processing file /home/airflow/.local/lib/python3.12/site-packages/airflow/example_dags/example_bash_decorator.py for tasks to queue
[2024-08-05T00:04:36.655+0000] {logging_mixin.py:188} INFO - [2024-08-05T00:04:36.654+0000] {dagbag.py:545} INFO - Filling up the DagBag from /home/airflow/.local/lib/python3.12/site-packages/airflow/example_dags/example_bash_decorator.py
[2024-08-05T00:04:36.666+0000] {processor.py:840} INFO - DAG(s) 'example_bash_decorator' retrieved from /home/airflow/.local/lib/python3.12/site-packages/airflow/example_dags/example_bash_decorator.py
[2024-08-05T00:04:36.688+0000] {logging_mixin.py:188} INFO - [2024-08-05T00:04:36.688+0000] {dag.py:3089} INFO - Sync 1 DAGs
[2024-08-05T00:04:36.700+0000] {logging_mixin.py:188} INFO - [2024-08-05T00:04:36.700+0000] {dag.py:3947} INFO - Setting next_dagrun for example_bash_decorator to None, run_after=None
[2024-08-05T00:04:36.716+0000] {processor.py:183} INFO - Processing /home/airflow/.local/lib/python3.12/site-packages/airflow/example_dags/example_bash_decorator.py took 0.070 seconds
[2024-08-05T00:05:06.812+0000] {processor.py:161} INFO - Started process (PID=18394) to work on /home/airflow/.local/lib/python3.12/site-packages/airflow/example_dags/example_bash_decorator.py
[2024-08-05T00:05:06.813+0000] {processor.py:830} INFO - Processing file /home/airflow/.local/lib/python3.12/site-packages/airflow/example_dags/example_bash_decorator.py for tasks to queue
[2024-08-05T00:05:06.814+0000] {logging_mixin.py:188} INFO - [2024-08-05T00:05:06.814+0000] {dagbag.py:545} INFO - Filling up the DagBag from /home/airflow/.local/lib/python3.12/site-packages/airflow/example_dags/example_bash_decorator.py
[2024-08-05T00:05:06.827+0000] {processor.py:840} INFO - DAG(s) 'example_bash_decorator' retrieved from /home/airflow/.local/lib/python3.12/site-packages/airflow/example_dags/example_bash_decorator.py
[2024-08-05T00:05:06.848+0000] {logging_mixin.py:188} INFO - [2024-08-05T00:05:06.848+0000] {dag.py:3089} INFO - Sync 1 DAGs
[2024-08-05T00:05:06.860+0000] {logging_mixin.py:188} INFO - [2024-08-05T00:05:06.859+0000] {dag.py:3947} INFO - Setting next_dagrun for example_bash_decorator to None, run_after=None
[2024-08-05T00:05:06.876+0000] {processor.py:183} INFO - Processing /home/airflow/.local/lib/python3.12/site-packages/airflow/example_dags/example_bash_decorator.py took 0.069 seconds
[2024-08-05T00:05:37.173+0000] {processor.py:161} INFO - Started process (PID=18666) to work on /home/airflow/.local/lib/python3.12/site-packages/airflow/example_dags/example_bash_decorator.py
[2024-08-05T00:05:37.174+0000] {processor.py:830} INFO - Processing file /home/airflow/.local/lib/python3.12/site-packages/airflow/example_dags/example_bash_decorator.py for tasks to queue
[2024-08-05T00:05:37.175+0000] {logging_mixin.py:188} INFO - [2024-08-05T00:05:37.175+0000] {dagbag.py:545} INFO - Filling up the DagBag from /home/airflow/.local/lib/python3.12/site-packages/airflow/example_dags/example_bash_decorator.py
[2024-08-05T00:05:37.190+0000] {processor.py:840} INFO - DAG(s) 'example_bash_decorator' retrieved from /home/airflow/.local/lib/python3.12/site-packages/airflow/example_dags/example_bash_decorator.py
[2024-08-05T00:05:37.215+0000] {logging_mixin.py:188} INFO - [2024-08-05T00:05:37.215+0000] {dag.py:3089} INFO - Sync 1 DAGs
[2024-08-05T00:05:37.226+0000] {logging_mixin.py:188} INFO - [2024-08-05T00:05:37.226+0000] {dag.py:3947} INFO - Setting next_dagrun for example_bash_decorator to None, run_after=None
[2024-08-05T00:05:37.243+0000] {processor.py:183} INFO - Processing /home/airflow/.local/lib/python3.12/site-packages/airflow/example_dags/example_bash_decorator.py took 0.076 seconds
[2024-08-05T00:06:08.194+0000] {processor.py:161} INFO - Started process (PID=18938) to work on /home/airflow/.local/lib/python3.12/site-packages/airflow/example_dags/example_bash_decorator.py
[2024-08-05T00:06:08.195+0000] {processor.py:830} INFO - Processing file /home/airflow/.local/lib/python3.12/site-packages/airflow/example_dags/example_bash_decorator.py for tasks to queue
[2024-08-05T00:06:08.197+0000] {logging_mixin.py:188} INFO - [2024-08-05T00:06:08.196+0000] {dagbag.py:545} INFO - Filling up the DagBag from /home/airflow/.local/lib/python3.12/site-packages/airflow/example_dags/example_bash_decorator.py
[2024-08-05T00:06:08.208+0000] {processor.py:840} INFO - DAG(s) 'example_bash_decorator' retrieved from /home/airflow/.local/lib/python3.12/site-packages/airflow/example_dags/example_bash_decorator.py
[2024-08-05T00:06:08.231+0000] {logging_mixin.py:188} INFO - [2024-08-05T00:06:08.231+0000] {dag.py:3089} INFO - Sync 1 DAGs
[2024-08-05T00:06:08.242+0000] {logging_mixin.py:188} INFO - [2024-08-05T00:06:08.242+0000] {dag.py:3947} INFO - Setting next_dagrun for example_bash_decorator to None, run_after=None
[2024-08-05T00:06:08.258+0000] {processor.py:183} INFO - Processing /home/airflow/.local/lib/python3.12/site-packages/airflow/example_dags/example_bash_decorator.py took 0.069 seconds
[2024-08-05T00:06:38.409+0000] {processor.py:161} INFO - Started process (PID=19212) to work on /home/airflow/.local/lib/python3.12/site-packages/airflow/example_dags/example_bash_decorator.py
[2024-08-05T00:06:38.410+0000] {processor.py:830} INFO - Processing file /home/airflow/.local/lib/python3.12/site-packages/airflow/example_dags/example_bash_decorator.py for tasks to queue
[2024-08-05T00:06:38.412+0000] {logging_mixin.py:188} INFO - [2024-08-05T00:06:38.412+0000] {dagbag.py:545} INFO - Filling up the DagBag from /home/airflow/.local/lib/python3.12/site-packages/airflow/example_dags/example_bash_decorator.py
[2024-08-05T00:06:38.423+0000] {processor.py:840} INFO - DAG(s) 'example_bash_decorator' retrieved from /home/airflow/.local/lib/python3.12/site-packages/airflow/example_dags/example_bash_decorator.py
[2024-08-05T00:06:38.445+0000] {logging_mixin.py:188} INFO - [2024-08-05T00:06:38.445+0000] {dag.py:3089} INFO - Sync 1 DAGs
[2024-08-05T00:06:38.457+0000] {logging_mixin.py:188} INFO - [2024-08-05T00:06:38.456+0000] {dag.py:3947} INFO - Setting next_dagrun for example_bash_decorator to None, run_after=None
[2024-08-05T00:06:38.472+0000] {processor.py:183} INFO - Processing /home/airflow/.local/lib/python3.12/site-packages/airflow/example_dags/example_bash_decorator.py took 0.067 seconds
[2024-08-05T00:07:08.694+0000] {processor.py:161} INFO - Started process (PID=19482) to work on /home/airflow/.local/lib/python3.12/site-packages/airflow/example_dags/example_bash_decorator.py
[2024-08-05T00:07:08.695+0000] {processor.py:830} INFO - Processing file /home/airflow/.local/lib/python3.12/site-packages/airflow/example_dags/example_bash_decorator.py for tasks to queue
[2024-08-05T00:07:08.696+0000] {logging_mixin.py:188} INFO - [2024-08-05T00:07:08.696+0000] {dagbag.py:545} INFO - Filling up the DagBag from /home/airflow/.local/lib/python3.12/site-packages/airflow/example_dags/example_bash_decorator.py
[2024-08-05T00:07:08.708+0000] {processor.py:840} INFO - DAG(s) 'example_bash_decorator' retrieved from /home/airflow/.local/lib/python3.12/site-packages/airflow/example_dags/example_bash_decorator.py
[2024-08-05T00:07:08.734+0000] {logging_mixin.py:188} INFO - [2024-08-05T00:07:08.733+0000] {dag.py:3089} INFO - Sync 1 DAGs
[2024-08-05T00:07:08.747+0000] {logging_mixin.py:188} INFO - [2024-08-05T00:07:08.746+0000] {dag.py:3947} INFO - Setting next_dagrun for example_bash_decorator to None, run_after=None
[2024-08-05T00:07:08.764+0000] {processor.py:183} INFO - Processing /home/airflow/.local/lib/python3.12/site-packages/airflow/example_dags/example_bash_decorator.py took 0.076 seconds
[2024-08-05T00:07:39.596+0000] {processor.py:161} INFO - Started process (PID=19748) to work on /home/airflow/.local/lib/python3.12/site-packages/airflow/example_dags/example_bash_decorator.py
[2024-08-05T00:07:39.597+0000] {processor.py:830} INFO - Processing file /home/airflow/.local/lib/python3.12/site-packages/airflow/example_dags/example_bash_decorator.py for tasks to queue
[2024-08-05T00:07:39.598+0000] {logging_mixin.py:188} INFO - [2024-08-05T00:07:39.598+0000] {dagbag.py:545} INFO - Filling up the DagBag from /home/airflow/.local/lib/python3.12/site-packages/airflow/example_dags/example_bash_decorator.py
[2024-08-05T00:07:39.609+0000] {processor.py:840} INFO - DAG(s) 'example_bash_decorator' retrieved from /home/airflow/.local/lib/python3.12/site-packages/airflow/example_dags/example_bash_decorator.py
[2024-08-05T00:07:39.633+0000] {logging_mixin.py:188} INFO - [2024-08-05T00:07:39.633+0000] {dag.py:3089} INFO - Sync 1 DAGs
[2024-08-05T00:07:39.644+0000] {logging_mixin.py:188} INFO - [2024-08-05T00:07:39.644+0000] {dag.py:3947} INFO - Setting next_dagrun for example_bash_decorator to None, run_after=None
[2024-08-05T00:07:39.660+0000] {processor.py:183} INFO - Processing /home/airflow/.local/lib/python3.12/site-packages/airflow/example_dags/example_bash_decorator.py took 0.069 seconds
[2024-08-05T00:08:09.788+0000] {processor.py:161} INFO - Started process (PID=20020) to work on /home/airflow/.local/lib/python3.12/site-packages/airflow/example_dags/example_bash_decorator.py
[2024-08-05T00:08:09.789+0000] {processor.py:830} INFO - Processing file /home/airflow/.local/lib/python3.12/site-packages/airflow/example_dags/example_bash_decorator.py for tasks to queue
[2024-08-05T00:08:09.791+0000] {logging_mixin.py:188} INFO - [2024-08-05T00:08:09.790+0000] {dagbag.py:545} INFO - Filling up the DagBag from /home/airflow/.local/lib/python3.12/site-packages/airflow/example_dags/example_bash_decorator.py
[2024-08-05T00:08:09.803+0000] {processor.py:840} INFO - DAG(s) 'example_bash_decorator' retrieved from /home/airflow/.local/lib/python3.12/site-packages/airflow/example_dags/example_bash_decorator.py
[2024-08-05T00:08:09.827+0000] {logging_mixin.py:188} INFO - [2024-08-05T00:08:09.827+0000] {dag.py:3089} INFO - Sync 1 DAGs
[2024-08-05T00:08:09.838+0000] {logging_mixin.py:188} INFO - [2024-08-05T00:08:09.838+0000] {dag.py:3947} INFO - Setting next_dagrun for example_bash_decorator to None, run_after=None
[2024-08-05T00:08:09.855+0000] {processor.py:183} INFO - Processing /home/airflow/.local/lib/python3.12/site-packages/airflow/example_dags/example_bash_decorator.py took 0.071 seconds
[2024-08-05T00:08:40.161+0000] {processor.py:161} INFO - Started process (PID=20292) to work on /home/airflow/.local/lib/python3.12/site-packages/airflow/example_dags/example_bash_decorator.py
[2024-08-05T00:08:40.161+0000] {processor.py:830} INFO - Processing file /home/airflow/.local/lib/python3.12/site-packages/airflow/example_dags/example_bash_decorator.py for tasks to queue
[2024-08-05T00:08:40.163+0000] {logging_mixin.py:188} INFO - [2024-08-05T00:08:40.162+0000] {dagbag.py:545} INFO - Filling up the DagBag from /home/airflow/.local/lib/python3.12/site-packages/airflow/example_dags/example_bash_decorator.py
[2024-08-05T00:08:40.174+0000] {processor.py:840} INFO - DAG(s) 'example_bash_decorator' retrieved from /home/airflow/.local/lib/python3.12/site-packages/airflow/example_dags/example_bash_decorator.py
[2024-08-05T00:08:40.196+0000] {logging_mixin.py:188} INFO - [2024-08-05T00:08:40.196+0000] {dag.py:3089} INFO - Sync 1 DAGs
[2024-08-05T00:08:40.206+0000] {logging_mixin.py:188} INFO - [2024-08-05T00:08:40.206+0000] {dag.py:3947} INFO - Setting next_dagrun for example_bash_decorator to None, run_after=None
[2024-08-05T00:08:40.222+0000] {processor.py:183} INFO - Processing /home/airflow/.local/lib/python3.12/site-packages/airflow/example_dags/example_bash_decorator.py took 0.067 seconds
[2024-08-05T00:09:10.365+0000] {processor.py:161} INFO - Started process (PID=20566) to work on /home/airflow/.local/lib/python3.12/site-packages/airflow/example_dags/example_bash_decorator.py
[2024-08-05T00:09:10.366+0000] {processor.py:830} INFO - Processing file /home/airflow/.local/lib/python3.12/site-packages/airflow/example_dags/example_bash_decorator.py for tasks to queue
[2024-08-05T00:09:10.367+0000] {logging_mixin.py:188} INFO - [2024-08-05T00:09:10.367+0000] {dagbag.py:545} INFO - Filling up the DagBag from /home/airflow/.local/lib/python3.12/site-packages/airflow/example_dags/example_bash_decorator.py
[2024-08-05T00:09:10.378+0000] {processor.py:840} INFO - DAG(s) 'example_bash_decorator' retrieved from /home/airflow/.local/lib/python3.12/site-packages/airflow/example_dags/example_bash_decorator.py
[2024-08-05T00:09:10.399+0000] {logging_mixin.py:188} INFO - [2024-08-05T00:09:10.399+0000] {dag.py:3089} INFO - Sync 1 DAGs
[2024-08-05T00:09:10.410+0000] {logging_mixin.py:188} INFO - [2024-08-05T00:09:10.410+0000] {dag.py:3947} INFO - Setting next_dagrun for example_bash_decorator to None, run_after=None
[2024-08-05T00:09:10.424+0000] {processor.py:183} INFO - Processing /home/airflow/.local/lib/python3.12/site-packages/airflow/example_dags/example_bash_decorator.py took 0.064 seconds
[2024-08-05T00:09:40.953+0000] {processor.py:161} INFO - Started process (PID=20836) to work on /home/airflow/.local/lib/python3.12/site-packages/airflow/example_dags/example_bash_decorator.py
[2024-08-05T00:09:40.954+0000] {processor.py:830} INFO - Processing file /home/airflow/.local/lib/python3.12/site-packages/airflow/example_dags/example_bash_decorator.py for tasks to queue
[2024-08-05T00:09:40.955+0000] {logging_mixin.py:188} INFO - [2024-08-05T00:09:40.955+0000] {dagbag.py:545} INFO - Filling up the DagBag from /home/airflow/.local/lib/python3.12/site-packages/airflow/example_dags/example_bash_decorator.py
[2024-08-05T00:09:40.967+0000] {processor.py:840} INFO - DAG(s) 'example_bash_decorator' retrieved from /home/airflow/.local/lib/python3.12/site-packages/airflow/example_dags/example_bash_decorator.py
[2024-08-05T00:09:40.989+0000] {logging_mixin.py:188} INFO - [2024-08-05T00:09:40.989+0000] {dag.py:3089} INFO - Sync 1 DAGs
[2024-08-05T00:09:40.999+0000] {logging_mixin.py:188} INFO - [2024-08-05T00:09:40.999+0000] {dag.py:3947} INFO - Setting next_dagrun for example_bash_decorator to None, run_after=None
[2024-08-05T00:09:41.013+0000] {processor.py:183} INFO - Processing /home/airflow/.local/lib/python3.12/site-packages/airflow/example_dags/example_bash_decorator.py took 0.064 seconds
[2024-08-05T00:10:11.640+0000] {processor.py:161} INFO - Started process (PID=21114) to work on /home/airflow/.local/lib/python3.12/site-packages/airflow/example_dags/example_bash_decorator.py
[2024-08-05T00:10:11.640+0000] {processor.py:830} INFO - Processing file /home/airflow/.local/lib/python3.12/site-packages/airflow/example_dags/example_bash_decorator.py for tasks to queue
[2024-08-05T00:10:11.642+0000] {logging_mixin.py:188} INFO - [2024-08-05T00:10:11.642+0000] {dagbag.py:545} INFO - Filling up the DagBag from /home/airflow/.local/lib/python3.12/site-packages/airflow/example_dags/example_bash_decorator.py
[2024-08-05T00:10:11.652+0000] {processor.py:840} INFO - DAG(s) 'example_bash_decorator' retrieved from /home/airflow/.local/lib/python3.12/site-packages/airflow/example_dags/example_bash_decorator.py
[2024-08-05T00:10:11.675+0000] {logging_mixin.py:188} INFO - [2024-08-05T00:10:11.674+0000] {dag.py:3089} INFO - Sync 1 DAGs
[2024-08-05T00:10:11.685+0000] {logging_mixin.py:188} INFO - [2024-08-05T00:10:11.684+0000] {dag.py:3947} INFO - Setting next_dagrun for example_bash_decorator to None, run_after=None
[2024-08-05T00:10:11.699+0000] {processor.py:183} INFO - Processing /home/airflow/.local/lib/python3.12/site-packages/airflow/example_dags/example_bash_decorator.py took 0.064 seconds
[2024-08-05T00:10:42.483+0000] {processor.py:161} INFO - Started process (PID=21389) to work on /home/airflow/.local/lib/python3.12/site-packages/airflow/example_dags/example_bash_decorator.py
[2024-08-05T00:10:42.484+0000] {processor.py:830} INFO - Processing file /home/airflow/.local/lib/python3.12/site-packages/airflow/example_dags/example_bash_decorator.py for tasks to queue
[2024-08-05T00:10:42.485+0000] {logging_mixin.py:188} INFO - [2024-08-05T00:10:42.485+0000] {dagbag.py:545} INFO - Filling up the DagBag from /home/airflow/.local/lib/python3.12/site-packages/airflow/example_dags/example_bash_decorator.py
[2024-08-05T00:10:42.496+0000] {processor.py:840} INFO - DAG(s) 'example_bash_decorator' retrieved from /home/airflow/.local/lib/python3.12/site-packages/airflow/example_dags/example_bash_decorator.py
[2024-08-05T00:10:42.519+0000] {logging_mixin.py:188} INFO - [2024-08-05T00:10:42.518+0000] {dag.py:3089} INFO - Sync 1 DAGs
[2024-08-05T00:10:42.530+0000] {logging_mixin.py:188} INFO - [2024-08-05T00:10:42.530+0000] {dag.py:3947} INFO - Setting next_dagrun for example_bash_decorator to None, run_after=None
[2024-08-05T00:10:42.546+0000] {processor.py:183} INFO - Processing /home/airflow/.local/lib/python3.12/site-packages/airflow/example_dags/example_bash_decorator.py took 0.068 seconds
[2024-08-05T00:11:13.188+0000] {processor.py:161} INFO - Started process (PID=21661) to work on /home/airflow/.local/lib/python3.12/site-packages/airflow/example_dags/example_bash_decorator.py
[2024-08-05T00:11:13.189+0000] {processor.py:830} INFO - Processing file /home/airflow/.local/lib/python3.12/site-packages/airflow/example_dags/example_bash_decorator.py for tasks to queue
[2024-08-05T00:11:13.190+0000] {logging_mixin.py:188} INFO - [2024-08-05T00:11:13.190+0000] {dagbag.py:545} INFO - Filling up the DagBag from /home/airflow/.local/lib/python3.12/site-packages/airflow/example_dags/example_bash_decorator.py
[2024-08-05T00:11:13.202+0000] {processor.py:840} INFO - DAG(s) 'example_bash_decorator' retrieved from /home/airflow/.local/lib/python3.12/site-packages/airflow/example_dags/example_bash_decorator.py
[2024-08-05T00:11:13.227+0000] {logging_mixin.py:188} INFO - [2024-08-05T00:11:13.227+0000] {dag.py:3089} INFO - Sync 1 DAGs
[2024-08-05T00:11:13.239+0000] {logging_mixin.py:188} INFO - [2024-08-05T00:11:13.239+0000] {dag.py:3947} INFO - Setting next_dagrun for example_bash_decorator to None, run_after=None
[2024-08-05T00:11:13.254+0000] {processor.py:183} INFO - Processing /home/airflow/.local/lib/python3.12/site-packages/airflow/example_dags/example_bash_decorator.py took 0.072 seconds
[2024-08-05T00:11:44.128+0000] {processor.py:161} INFO - Started process (PID=21933) to work on /home/airflow/.local/lib/python3.12/site-packages/airflow/example_dags/example_bash_decorator.py
[2024-08-05T00:11:44.129+0000] {processor.py:830} INFO - Processing file /home/airflow/.local/lib/python3.12/site-packages/airflow/example_dags/example_bash_decorator.py for tasks to queue
[2024-08-05T00:11:44.130+0000] {logging_mixin.py:188} INFO - [2024-08-05T00:11:44.130+0000] {dagbag.py:545} INFO - Filling up the DagBag from /home/airflow/.local/lib/python3.12/site-packages/airflow/example_dags/example_bash_decorator.py
[2024-08-05T00:11:44.141+0000] {processor.py:840} INFO - DAG(s) 'example_bash_decorator' retrieved from /home/airflow/.local/lib/python3.12/site-packages/airflow/example_dags/example_bash_decorator.py
[2024-08-05T00:11:44.164+0000] {logging_mixin.py:188} INFO - [2024-08-05T00:11:44.164+0000] {dag.py:3089} INFO - Sync 1 DAGs
[2024-08-05T00:11:44.176+0000] {logging_mixin.py:188} INFO - [2024-08-05T00:11:44.176+0000] {dag.py:3947} INFO - Setting next_dagrun for example_bash_decorator to None, run_after=None
[2024-08-05T00:11:44.191+0000] {processor.py:183} INFO - Processing /home/airflow/.local/lib/python3.12/site-packages/airflow/example_dags/example_bash_decorator.py took 0.068 seconds
[2024-08-05T00:12:14.405+0000] {processor.py:161} INFO - Started process (PID=22205) to work on /home/airflow/.local/lib/python3.12/site-packages/airflow/example_dags/example_bash_decorator.py
[2024-08-05T00:12:14.406+0000] {processor.py:830} INFO - Processing file /home/airflow/.local/lib/python3.12/site-packages/airflow/example_dags/example_bash_decorator.py for tasks to queue
[2024-08-05T00:12:14.408+0000] {logging_mixin.py:188} INFO - [2024-08-05T00:12:14.407+0000] {dagbag.py:545} INFO - Filling up the DagBag from /home/airflow/.local/lib/python3.12/site-packages/airflow/example_dags/example_bash_decorator.py
[2024-08-05T00:12:14.418+0000] {processor.py:840} INFO - DAG(s) 'example_bash_decorator' retrieved from /home/airflow/.local/lib/python3.12/site-packages/airflow/example_dags/example_bash_decorator.py
[2024-08-05T00:12:14.443+0000] {logging_mixin.py:188} INFO - [2024-08-05T00:12:14.443+0000] {dag.py:3089} INFO - Sync 1 DAGs
[2024-08-05T00:12:14.457+0000] {logging_mixin.py:188} INFO - [2024-08-05T00:12:14.457+0000] {dag.py:3947} INFO - Setting next_dagrun for example_bash_decorator to None, run_after=None
[2024-08-05T00:12:14.477+0000] {processor.py:183} INFO - Processing /home/airflow/.local/lib/python3.12/site-packages/airflow/example_dags/example_bash_decorator.py took 0.078 seconds
[2024-08-05T00:12:44.655+0000] {processor.py:161} INFO - Started process (PID=22477) to work on /home/airflow/.local/lib/python3.12/site-packages/airflow/example_dags/example_bash_decorator.py
[2024-08-05T00:12:44.656+0000] {processor.py:830} INFO - Processing file /home/airflow/.local/lib/python3.12/site-packages/airflow/example_dags/example_bash_decorator.py for tasks to queue
[2024-08-05T00:12:44.658+0000] {logging_mixin.py:188} INFO - [2024-08-05T00:12:44.658+0000] {dagbag.py:545} INFO - Filling up the DagBag from /home/airflow/.local/lib/python3.12/site-packages/airflow/example_dags/example_bash_decorator.py
[2024-08-05T00:12:44.671+0000] {processor.py:840} INFO - DAG(s) 'example_bash_decorator' retrieved from /home/airflow/.local/lib/python3.12/site-packages/airflow/example_dags/example_bash_decorator.py
[2024-08-05T00:12:44.698+0000] {logging_mixin.py:188} INFO - [2024-08-05T00:12:44.697+0000] {dag.py:3089} INFO - Sync 1 DAGs
[2024-08-05T00:12:44.712+0000] {logging_mixin.py:188} INFO - [2024-08-05T00:12:44.712+0000] {dag.py:3947} INFO - Setting next_dagrun for example_bash_decorator to None, run_after=None
[2024-08-05T00:12:44.729+0000] {processor.py:183} INFO - Processing /home/airflow/.local/lib/python3.12/site-packages/airflow/example_dags/example_bash_decorator.py took 0.081 seconds
[2024-08-05T00:13:14.910+0000] {processor.py:161} INFO - Started process (PID=22749) to work on /home/airflow/.local/lib/python3.12/site-packages/airflow/example_dags/example_bash_decorator.py
[2024-08-05T00:13:14.911+0000] {processor.py:830} INFO - Processing file /home/airflow/.local/lib/python3.12/site-packages/airflow/example_dags/example_bash_decorator.py for tasks to queue
[2024-08-05T00:13:14.912+0000] {logging_mixin.py:188} INFO - [2024-08-05T00:13:14.912+0000] {dagbag.py:545} INFO - Filling up the DagBag from /home/airflow/.local/lib/python3.12/site-packages/airflow/example_dags/example_bash_decorator.py
[2024-08-05T00:13:14.925+0000] {processor.py:840} INFO - DAG(s) 'example_bash_decorator' retrieved from /home/airflow/.local/lib/python3.12/site-packages/airflow/example_dags/example_bash_decorator.py
[2024-08-05T00:13:14.951+0000] {logging_mixin.py:188} INFO - [2024-08-05T00:13:14.951+0000] {dag.py:3089} INFO - Sync 1 DAGs
[2024-08-05T00:13:14.964+0000] {logging_mixin.py:188} INFO - [2024-08-05T00:13:14.964+0000] {dag.py:3947} INFO - Setting next_dagrun for example_bash_decorator to None, run_after=None
[2024-08-05T00:13:14.983+0000] {processor.py:183} INFO - Processing /home/airflow/.local/lib/python3.12/site-packages/airflow/example_dags/example_bash_decorator.py took 0.077 seconds
[2024-08-05T00:13:45.214+0000] {processor.py:161} INFO - Started process (PID=23021) to work on /home/airflow/.local/lib/python3.12/site-packages/airflow/example_dags/example_bash_decorator.py
[2024-08-05T00:13:45.215+0000] {processor.py:830} INFO - Processing file /home/airflow/.local/lib/python3.12/site-packages/airflow/example_dags/example_bash_decorator.py for tasks to queue
[2024-08-05T00:13:45.217+0000] {logging_mixin.py:188} INFO - [2024-08-05T00:13:45.217+0000] {dagbag.py:545} INFO - Filling up the DagBag from /home/airflow/.local/lib/python3.12/site-packages/airflow/example_dags/example_bash_decorator.py
[2024-08-05T00:13:45.230+0000] {processor.py:840} INFO - DAG(s) 'example_bash_decorator' retrieved from /home/airflow/.local/lib/python3.12/site-packages/airflow/example_dags/example_bash_decorator.py
[2024-08-05T00:13:45.255+0000] {logging_mixin.py:188} INFO - [2024-08-05T00:13:45.254+0000] {dag.py:3089} INFO - Sync 1 DAGs
[2024-08-05T00:13:45.266+0000] {logging_mixin.py:188} INFO - [2024-08-05T00:13:45.266+0000] {dag.py:3947} INFO - Setting next_dagrun for example_bash_decorator to None, run_after=None
[2024-08-05T00:13:45.285+0000] {processor.py:183} INFO - Processing /home/airflow/.local/lib/python3.12/site-packages/airflow/example_dags/example_bash_decorator.py took 0.076 seconds
[2024-08-05T00:14:15.819+0000] {processor.py:161} INFO - Started process (PID=23293) to work on /home/airflow/.local/lib/python3.12/site-packages/airflow/example_dags/example_bash_decorator.py
[2024-08-05T00:14:15.820+0000] {processor.py:830} INFO - Processing file /home/airflow/.local/lib/python3.12/site-packages/airflow/example_dags/example_bash_decorator.py for tasks to queue
[2024-08-05T00:14:15.821+0000] {logging_mixin.py:188} INFO - [2024-08-05T00:14:15.821+0000] {dagbag.py:545} INFO - Filling up the DagBag from /home/airflow/.local/lib/python3.12/site-packages/airflow/example_dags/example_bash_decorator.py
[2024-08-05T00:14:15.831+0000] {processor.py:840} INFO - DAG(s) 'example_bash_decorator' retrieved from /home/airflow/.local/lib/python3.12/site-packages/airflow/example_dags/example_bash_decorator.py
[2024-08-05T00:14:15.858+0000] {logging_mixin.py:188} INFO - [2024-08-05T00:14:15.858+0000] {dag.py:3089} INFO - Sync 1 DAGs
[2024-08-05T00:14:15.868+0000] {logging_mixin.py:188} INFO - [2024-08-05T00:14:15.868+0000] {dag.py:3947} INFO - Setting next_dagrun for example_bash_decorator to None, run_after=None
[2024-08-05T00:14:15.883+0000] {processor.py:183} INFO - Processing /home/airflow/.local/lib/python3.12/site-packages/airflow/example_dags/example_bash_decorator.py took 0.068 seconds
[2024-08-05T00:14:46.104+0000] {processor.py:161} INFO - Started process (PID=23565) to work on /home/airflow/.local/lib/python3.12/site-packages/airflow/example_dags/example_bash_decorator.py
[2024-08-05T00:14:46.105+0000] {processor.py:830} INFO - Processing file /home/airflow/.local/lib/python3.12/site-packages/airflow/example_dags/example_bash_decorator.py for tasks to queue
[2024-08-05T00:14:46.106+0000] {logging_mixin.py:188} INFO - [2024-08-05T00:14:46.106+0000] {dagbag.py:545} INFO - Filling up the DagBag from /home/airflow/.local/lib/python3.12/site-packages/airflow/example_dags/example_bash_decorator.py
[2024-08-05T00:14:46.118+0000] {processor.py:840} INFO - DAG(s) 'example_bash_decorator' retrieved from /home/airflow/.local/lib/python3.12/site-packages/airflow/example_dags/example_bash_decorator.py
[2024-08-05T00:14:46.143+0000] {logging_mixin.py:188} INFO - [2024-08-05T00:14:46.142+0000] {dag.py:3089} INFO - Sync 1 DAGs
[2024-08-05T00:14:46.157+0000] {logging_mixin.py:188} INFO - [2024-08-05T00:14:46.157+0000] {dag.py:3947} INFO - Setting next_dagrun for example_bash_decorator to None, run_after=None
[2024-08-05T00:14:46.177+0000] {processor.py:183} INFO - Processing /home/airflow/.local/lib/python3.12/site-packages/airflow/example_dags/example_bash_decorator.py took 0.080 seconds
[2024-08-05T00:15:16.365+0000] {processor.py:161} INFO - Started process (PID=23837) to work on /home/airflow/.local/lib/python3.12/site-packages/airflow/example_dags/example_bash_decorator.py
[2024-08-05T00:15:16.367+0000] {processor.py:830} INFO - Processing file /home/airflow/.local/lib/python3.12/site-packages/airflow/example_dags/example_bash_decorator.py for tasks to queue
[2024-08-05T00:15:16.368+0000] {logging_mixin.py:188} INFO - [2024-08-05T00:15:16.368+0000] {dagbag.py:545} INFO - Filling up the DagBag from /home/airflow/.local/lib/python3.12/site-packages/airflow/example_dags/example_bash_decorator.py
[2024-08-05T00:15:16.385+0000] {processor.py:840} INFO - DAG(s) 'example_bash_decorator' retrieved from /home/airflow/.local/lib/python3.12/site-packages/airflow/example_dags/example_bash_decorator.py
[2024-08-05T00:15:16.419+0000] {logging_mixin.py:188} INFO - [2024-08-05T00:15:16.419+0000] {dag.py:3089} INFO - Sync 1 DAGs
[2024-08-05T00:15:16.432+0000] {logging_mixin.py:188} INFO - [2024-08-05T00:15:16.431+0000] {dag.py:3947} INFO - Setting next_dagrun for example_bash_decorator to None, run_after=None
[2024-08-05T00:15:16.452+0000] {processor.py:183} INFO - Processing /home/airflow/.local/lib/python3.12/site-packages/airflow/example_dags/example_bash_decorator.py took 0.092 seconds
[2024-08-05T00:15:46.607+0000] {processor.py:161} INFO - Started process (PID=24111) to work on /home/airflow/.local/lib/python3.12/site-packages/airflow/example_dags/example_bash_decorator.py
[2024-08-05T00:15:46.608+0000] {processor.py:830} INFO - Processing file /home/airflow/.local/lib/python3.12/site-packages/airflow/example_dags/example_bash_decorator.py for tasks to queue
[2024-08-05T00:15:46.610+0000] {logging_mixin.py:188} INFO - [2024-08-05T00:15:46.609+0000] {dagbag.py:545} INFO - Filling up the DagBag from /home/airflow/.local/lib/python3.12/site-packages/airflow/example_dags/example_bash_decorator.py
[2024-08-05T00:15:46.625+0000] {processor.py:840} INFO - DAG(s) 'example_bash_decorator' retrieved from /home/airflow/.local/lib/python3.12/site-packages/airflow/example_dags/example_bash_decorator.py
[2024-08-05T00:15:46.650+0000] {logging_mixin.py:188} INFO - [2024-08-05T00:15:46.650+0000] {dag.py:3089} INFO - Sync 1 DAGs
[2024-08-05T00:15:46.662+0000] {logging_mixin.py:188} INFO - [2024-08-05T00:15:46.661+0000] {dag.py:3947} INFO - Setting next_dagrun for example_bash_decorator to None, run_after=None
[2024-08-05T00:15:46.676+0000] {processor.py:183} INFO - Processing /home/airflow/.local/lib/python3.12/site-packages/airflow/example_dags/example_bash_decorator.py took 0.074 seconds
[2024-08-05T00:16:17.129+0000] {processor.py:161} INFO - Started process (PID=24381) to work on /home/airflow/.local/lib/python3.12/site-packages/airflow/example_dags/example_bash_decorator.py
[2024-08-05T00:16:17.130+0000] {processor.py:830} INFO - Processing file /home/airflow/.local/lib/python3.12/site-packages/airflow/example_dags/example_bash_decorator.py for tasks to queue
[2024-08-05T00:16:17.131+0000] {logging_mixin.py:188} INFO - [2024-08-05T00:16:17.131+0000] {dagbag.py:545} INFO - Filling up the DagBag from /home/airflow/.local/lib/python3.12/site-packages/airflow/example_dags/example_bash_decorator.py
[2024-08-05T00:16:17.142+0000] {processor.py:840} INFO - DAG(s) 'example_bash_decorator' retrieved from /home/airflow/.local/lib/python3.12/site-packages/airflow/example_dags/example_bash_decorator.py
[2024-08-05T00:16:17.170+0000] {logging_mixin.py:188} INFO - [2024-08-05T00:16:17.170+0000] {dag.py:3089} INFO - Sync 1 DAGs
[2024-08-05T00:16:17.182+0000] {logging_mixin.py:188} INFO - [2024-08-05T00:16:17.182+0000] {dag.py:3947} INFO - Setting next_dagrun for example_bash_decorator to None, run_after=None
[2024-08-05T00:16:17.197+0000] {processor.py:183} INFO - Processing /home/airflow/.local/lib/python3.12/site-packages/airflow/example_dags/example_bash_decorator.py took 0.074 seconds
[2024-08-05T00:16:47.404+0000] {processor.py:161} INFO - Started process (PID=24653) to work on /home/airflow/.local/lib/python3.12/site-packages/airflow/example_dags/example_bash_decorator.py
[2024-08-05T00:16:47.405+0000] {processor.py:830} INFO - Processing file /home/airflow/.local/lib/python3.12/site-packages/airflow/example_dags/example_bash_decorator.py for tasks to queue
[2024-08-05T00:16:47.406+0000] {logging_mixin.py:188} INFO - [2024-08-05T00:16:47.406+0000] {dagbag.py:545} INFO - Filling up the DagBag from /home/airflow/.local/lib/python3.12/site-packages/airflow/example_dags/example_bash_decorator.py
[2024-08-05T00:16:47.418+0000] {processor.py:840} INFO - DAG(s) 'example_bash_decorator' retrieved from /home/airflow/.local/lib/python3.12/site-packages/airflow/example_dags/example_bash_decorator.py
[2024-08-05T00:16:47.443+0000] {logging_mixin.py:188} INFO - [2024-08-05T00:16:47.443+0000] {dag.py:3089} INFO - Sync 1 DAGs
[2024-08-05T00:16:47.457+0000] {logging_mixin.py:188} INFO - [2024-08-05T00:16:47.457+0000] {dag.py:3947} INFO - Setting next_dagrun for example_bash_decorator to None, run_after=None
[2024-08-05T00:16:47.474+0000] {processor.py:183} INFO - Processing /home/airflow/.local/lib/python3.12/site-packages/airflow/example_dags/example_bash_decorator.py took 0.075 seconds
[2024-08-05T00:17:17.620+0000] {processor.py:161} INFO - Started process (PID=24925) to work on /home/airflow/.local/lib/python3.12/site-packages/airflow/example_dags/example_bash_decorator.py
[2024-08-05T00:17:17.620+0000] {processor.py:830} INFO - Processing file /home/airflow/.local/lib/python3.12/site-packages/airflow/example_dags/example_bash_decorator.py for tasks to queue
[2024-08-05T00:17:17.622+0000] {logging_mixin.py:188} INFO - [2024-08-05T00:17:17.622+0000] {dagbag.py:545} INFO - Filling up the DagBag from /home/airflow/.local/lib/python3.12/site-packages/airflow/example_dags/example_bash_decorator.py
[2024-08-05T00:17:17.633+0000] {processor.py:840} INFO - DAG(s) 'example_bash_decorator' retrieved from /home/airflow/.local/lib/python3.12/site-packages/airflow/example_dags/example_bash_decorator.py
[2024-08-05T00:17:17.657+0000] {logging_mixin.py:188} INFO - [2024-08-05T00:17:17.656+0000] {dag.py:3089} INFO - Sync 1 DAGs
[2024-08-05T00:17:17.669+0000] {logging_mixin.py:188} INFO - [2024-08-05T00:17:17.669+0000] {dag.py:3947} INFO - Setting next_dagrun for example_bash_decorator to None, run_after=None
[2024-08-05T00:17:17.689+0000] {processor.py:183} INFO - Processing /home/airflow/.local/lib/python3.12/site-packages/airflow/example_dags/example_bash_decorator.py took 0.074 seconds
[2024-08-05T00:17:48.046+0000] {processor.py:161} INFO - Started process (PID=25197) to work on /home/airflow/.local/lib/python3.12/site-packages/airflow/example_dags/example_bash_decorator.py
[2024-08-05T00:17:48.047+0000] {processor.py:830} INFO - Processing file /home/airflow/.local/lib/python3.12/site-packages/airflow/example_dags/example_bash_decorator.py for tasks to queue
[2024-08-05T00:17:48.048+0000] {logging_mixin.py:188} INFO - [2024-08-05T00:17:48.048+0000] {dagbag.py:545} INFO - Filling up the DagBag from /home/airflow/.local/lib/python3.12/site-packages/airflow/example_dags/example_bash_decorator.py
[2024-08-05T00:17:48.059+0000] {processor.py:840} INFO - DAG(s) 'example_bash_decorator' retrieved from /home/airflow/.local/lib/python3.12/site-packages/airflow/example_dags/example_bash_decorator.py
[2024-08-05T00:17:48.084+0000] {logging_mixin.py:188} INFO - [2024-08-05T00:17:48.084+0000] {dag.py:3089} INFO - Sync 1 DAGs
[2024-08-05T00:17:48.096+0000] {logging_mixin.py:188} INFO - [2024-08-05T00:17:48.096+0000] {dag.py:3947} INFO - Setting next_dagrun for example_bash_decorator to None, run_after=None
[2024-08-05T00:17:48.112+0000] {processor.py:183} INFO - Processing /home/airflow/.local/lib/python3.12/site-packages/airflow/example_dags/example_bash_decorator.py took 0.072 seconds
[2024-08-05T00:18:18.338+0000] {processor.py:161} INFO - Started process (PID=25469) to work on /home/airflow/.local/lib/python3.12/site-packages/airflow/example_dags/example_bash_decorator.py
[2024-08-05T00:18:18.339+0000] {processor.py:830} INFO - Processing file /home/airflow/.local/lib/python3.12/site-packages/airflow/example_dags/example_bash_decorator.py for tasks to queue
[2024-08-05T00:18:18.341+0000] {logging_mixin.py:188} INFO - [2024-08-05T00:18:18.340+0000] {dagbag.py:545} INFO - Filling up the DagBag from /home/airflow/.local/lib/python3.12/site-packages/airflow/example_dags/example_bash_decorator.py
[2024-08-05T00:18:18.352+0000] {processor.py:840} INFO - DAG(s) 'example_bash_decorator' retrieved from /home/airflow/.local/lib/python3.12/site-packages/airflow/example_dags/example_bash_decorator.py
[2024-08-05T00:18:18.376+0000] {logging_mixin.py:188} INFO - [2024-08-05T00:18:18.375+0000] {dag.py:3089} INFO - Sync 1 DAGs
[2024-08-05T00:18:18.387+0000] {logging_mixin.py:188} INFO - [2024-08-05T00:18:18.386+0000] {dag.py:3947} INFO - Setting next_dagrun for example_bash_decorator to None, run_after=None
[2024-08-05T00:18:18.403+0000] {processor.py:183} INFO - Processing /home/airflow/.local/lib/python3.12/site-packages/airflow/example_dags/example_bash_decorator.py took 0.069 seconds
[2024-08-05T00:18:48.457+0000] {processor.py:161} INFO - Started process (PID=25741) to work on /home/airflow/.local/lib/python3.12/site-packages/airflow/example_dags/example_bash_decorator.py
[2024-08-05T00:18:48.458+0000] {processor.py:830} INFO - Processing file /home/airflow/.local/lib/python3.12/site-packages/airflow/example_dags/example_bash_decorator.py for tasks to queue
[2024-08-05T00:18:48.460+0000] {logging_mixin.py:188} INFO - [2024-08-05T00:18:48.460+0000] {dagbag.py:545} INFO - Filling up the DagBag from /home/airflow/.local/lib/python3.12/site-packages/airflow/example_dags/example_bash_decorator.py
[2024-08-05T00:18:48.471+0000] {processor.py:840} INFO - DAG(s) 'example_bash_decorator' retrieved from /home/airflow/.local/lib/python3.12/site-packages/airflow/example_dags/example_bash_decorator.py
[2024-08-05T00:18:48.496+0000] {logging_mixin.py:188} INFO - [2024-08-05T00:18:48.496+0000] {dag.py:3089} INFO - Sync 1 DAGs
[2024-08-05T00:18:48.507+0000] {logging_mixin.py:188} INFO - [2024-08-05T00:18:48.507+0000] {dag.py:3947} INFO - Setting next_dagrun for example_bash_decorator to None, run_after=None
[2024-08-05T00:18:48.525+0000] {processor.py:183} INFO - Processing /home/airflow/.local/lib/python3.12/site-packages/airflow/example_dags/example_bash_decorator.py took 0.073 seconds
[2024-08-05T00:19:18.817+0000] {processor.py:161} INFO - Started process (PID=26013) to work on /home/airflow/.local/lib/python3.12/site-packages/airflow/example_dags/example_bash_decorator.py
[2024-08-05T00:19:18.818+0000] {processor.py:830} INFO - Processing file /home/airflow/.local/lib/python3.12/site-packages/airflow/example_dags/example_bash_decorator.py for tasks to queue
[2024-08-05T00:19:18.819+0000] {logging_mixin.py:188} INFO - [2024-08-05T00:19:18.819+0000] {dagbag.py:545} INFO - Filling up the DagBag from /home/airflow/.local/lib/python3.12/site-packages/airflow/example_dags/example_bash_decorator.py
[2024-08-05T00:19:18.832+0000] {processor.py:840} INFO - DAG(s) 'example_bash_decorator' retrieved from /home/airflow/.local/lib/python3.12/site-packages/airflow/example_dags/example_bash_decorator.py
[2024-08-05T00:19:18.854+0000] {logging_mixin.py:188} INFO - [2024-08-05T00:19:18.854+0000] {dag.py:3089} INFO - Sync 1 DAGs
[2024-08-05T00:19:18.865+0000] {logging_mixin.py:188} INFO - [2024-08-05T00:19:18.865+0000] {dag.py:3947} INFO - Setting next_dagrun for example_bash_decorator to None, run_after=None
[2024-08-05T00:19:18.882+0000] {processor.py:183} INFO - Processing /home/airflow/.local/lib/python3.12/site-packages/airflow/example_dags/example_bash_decorator.py took 0.069 seconds
[2024-08-05T00:19:48.980+0000] {processor.py:161} INFO - Started process (PID=26285) to work on /home/airflow/.local/lib/python3.12/site-packages/airflow/example_dags/example_bash_decorator.py
[2024-08-05T00:19:48.980+0000] {processor.py:830} INFO - Processing file /home/airflow/.local/lib/python3.12/site-packages/airflow/example_dags/example_bash_decorator.py for tasks to queue
[2024-08-05T00:19:48.982+0000] {logging_mixin.py:188} INFO - [2024-08-05T00:19:48.981+0000] {dagbag.py:545} INFO - Filling up the DagBag from /home/airflow/.local/lib/python3.12/site-packages/airflow/example_dags/example_bash_decorator.py
[2024-08-05T00:19:48.993+0000] {processor.py:840} INFO - DAG(s) 'example_bash_decorator' retrieved from /home/airflow/.local/lib/python3.12/site-packages/airflow/example_dags/example_bash_decorator.py
[2024-08-05T00:19:49.016+0000] {logging_mixin.py:188} INFO - [2024-08-05T00:19:49.016+0000] {dag.py:3089} INFO - Sync 1 DAGs
[2024-08-05T00:19:49.027+0000] {logging_mixin.py:188} INFO - [2024-08-05T00:19:49.027+0000] {dag.py:3947} INFO - Setting next_dagrun for example_bash_decorator to None, run_after=None
[2024-08-05T00:19:49.042+0000] {processor.py:183} INFO - Processing /home/airflow/.local/lib/python3.12/site-packages/airflow/example_dags/example_bash_decorator.py took 0.068 seconds
[2024-08-05T00:20:19.279+0000] {processor.py:161} INFO - Started process (PID=26566) to work on /home/airflow/.local/lib/python3.12/site-packages/airflow/example_dags/example_bash_decorator.py
[2024-08-05T00:20:19.280+0000] {processor.py:830} INFO - Processing file /home/airflow/.local/lib/python3.12/site-packages/airflow/example_dags/example_bash_decorator.py for tasks to queue
[2024-08-05T00:20:19.281+0000] {logging_mixin.py:188} INFO - [2024-08-05T00:20:19.281+0000] {dagbag.py:545} INFO - Filling up the DagBag from /home/airflow/.local/lib/python3.12/site-packages/airflow/example_dags/example_bash_decorator.py
[2024-08-05T00:20:19.294+0000] {processor.py:840} INFO - DAG(s) 'example_bash_decorator' retrieved from /home/airflow/.local/lib/python3.12/site-packages/airflow/example_dags/example_bash_decorator.py
[2024-08-05T00:20:19.318+0000] {logging_mixin.py:188} INFO - [2024-08-05T00:20:19.318+0000] {dag.py:3089} INFO - Sync 1 DAGs
[2024-08-05T00:20:19.331+0000] {logging_mixin.py:188} INFO - [2024-08-05T00:20:19.331+0000] {dag.py:3947} INFO - Setting next_dagrun for example_bash_decorator to None, run_after=None
[2024-08-05T00:20:19.347+0000] {processor.py:183} INFO - Processing /home/airflow/.local/lib/python3.12/site-packages/airflow/example_dags/example_bash_decorator.py took 0.074 seconds
[2024-08-05T00:20:49.783+0000] {processor.py:161} INFO - Started process (PID=26838) to work on /home/airflow/.local/lib/python3.12/site-packages/airflow/example_dags/example_bash_decorator.py
[2024-08-05T00:20:49.784+0000] {processor.py:830} INFO - Processing file /home/airflow/.local/lib/python3.12/site-packages/airflow/example_dags/example_bash_decorator.py for tasks to queue
[2024-08-05T00:20:49.786+0000] {logging_mixin.py:188} INFO - [2024-08-05T00:20:49.786+0000] {dagbag.py:545} INFO - Filling up the DagBag from /home/airflow/.local/lib/python3.12/site-packages/airflow/example_dags/example_bash_decorator.py
[2024-08-05T00:20:49.797+0000] {processor.py:840} INFO - DAG(s) 'example_bash_decorator' retrieved from /home/airflow/.local/lib/python3.12/site-packages/airflow/example_dags/example_bash_decorator.py
[2024-08-05T00:20:49.820+0000] {logging_mixin.py:188} INFO - [2024-08-05T00:20:49.820+0000] {dag.py:3089} INFO - Sync 1 DAGs
[2024-08-05T00:20:49.831+0000] {logging_mixin.py:188} INFO - [2024-08-05T00:20:49.831+0000] {dag.py:3947} INFO - Setting next_dagrun for example_bash_decorator to None, run_after=None
[2024-08-05T00:20:49.847+0000] {processor.py:183} INFO - Processing /home/airflow/.local/lib/python3.12/site-packages/airflow/example_dags/example_bash_decorator.py took 0.068 seconds
[2024-08-05T00:21:20.283+0000] {processor.py:161} INFO - Started process (PID=27110) to work on /home/airflow/.local/lib/python3.12/site-packages/airflow/example_dags/example_bash_decorator.py
[2024-08-05T00:21:20.284+0000] {processor.py:830} INFO - Processing file /home/airflow/.local/lib/python3.12/site-packages/airflow/example_dags/example_bash_decorator.py for tasks to queue
[2024-08-05T00:21:20.285+0000] {logging_mixin.py:188} INFO - [2024-08-05T00:21:20.285+0000] {dagbag.py:545} INFO - Filling up the DagBag from /home/airflow/.local/lib/python3.12/site-packages/airflow/example_dags/example_bash_decorator.py
[2024-08-05T00:21:20.297+0000] {processor.py:840} INFO - DAG(s) 'example_bash_decorator' retrieved from /home/airflow/.local/lib/python3.12/site-packages/airflow/example_dags/example_bash_decorator.py
[2024-08-05T00:21:20.322+0000] {logging_mixin.py:188} INFO - [2024-08-05T00:21:20.321+0000] {dag.py:3089} INFO - Sync 1 DAGs
[2024-08-05T00:21:20.333+0000] {logging_mixin.py:188} INFO - [2024-08-05T00:21:20.333+0000] {dag.py:3947} INFO - Setting next_dagrun for example_bash_decorator to None, run_after=None
[2024-08-05T00:21:20.350+0000] {processor.py:183} INFO - Processing /home/airflow/.local/lib/python3.12/site-packages/airflow/example_dags/example_bash_decorator.py took 0.071 seconds
[2024-08-05T00:21:50.700+0000] {processor.py:161} INFO - Started process (PID=27382) to work on /home/airflow/.local/lib/python3.12/site-packages/airflow/example_dags/example_bash_decorator.py
[2024-08-05T00:21:50.701+0000] {processor.py:830} INFO - Processing file /home/airflow/.local/lib/python3.12/site-packages/airflow/example_dags/example_bash_decorator.py for tasks to queue
[2024-08-05T00:21:50.703+0000] {logging_mixin.py:188} INFO - [2024-08-05T00:21:50.703+0000] {dagbag.py:545} INFO - Filling up the DagBag from /home/airflow/.local/lib/python3.12/site-packages/airflow/example_dags/example_bash_decorator.py
[2024-08-05T00:21:50.715+0000] {processor.py:840} INFO - DAG(s) 'example_bash_decorator' retrieved from /home/airflow/.local/lib/python3.12/site-packages/airflow/example_dags/example_bash_decorator.py
[2024-08-05T00:21:50.740+0000] {logging_mixin.py:188} INFO - [2024-08-05T00:21:50.740+0000] {dag.py:3089} INFO - Sync 1 DAGs
[2024-08-05T00:21:50.752+0000] {logging_mixin.py:188} INFO - [2024-08-05T00:21:50.752+0000] {dag.py:3947} INFO - Setting next_dagrun for example_bash_decorator to None, run_after=None
[2024-08-05T00:21:50.769+0000] {processor.py:183} INFO - Processing /home/airflow/.local/lib/python3.12/site-packages/airflow/example_dags/example_bash_decorator.py took 0.074 seconds
[2024-08-05T00:22:21.136+0000] {processor.py:161} INFO - Started process (PID=27654) to work on /home/airflow/.local/lib/python3.12/site-packages/airflow/example_dags/example_bash_decorator.py
[2024-08-05T00:22:21.137+0000] {processor.py:830} INFO - Processing file /home/airflow/.local/lib/python3.12/site-packages/airflow/example_dags/example_bash_decorator.py for tasks to queue
[2024-08-05T00:22:21.139+0000] {logging_mixin.py:188} INFO - [2024-08-05T00:22:21.138+0000] {dagbag.py:545} INFO - Filling up the DagBag from /home/airflow/.local/lib/python3.12/site-packages/airflow/example_dags/example_bash_decorator.py
[2024-08-05T00:22:21.149+0000] {processor.py:840} INFO - DAG(s) 'example_bash_decorator' retrieved from /home/airflow/.local/lib/python3.12/site-packages/airflow/example_dags/example_bash_decorator.py
[2024-08-05T00:22:21.173+0000] {logging_mixin.py:188} INFO - [2024-08-05T00:22:21.173+0000] {dag.py:3089} INFO - Sync 1 DAGs
[2024-08-05T00:22:21.183+0000] {logging_mixin.py:188} INFO - [2024-08-05T00:22:21.183+0000] {dag.py:3947} INFO - Setting next_dagrun for example_bash_decorator to None, run_after=None
[2024-08-05T00:22:21.199+0000] {processor.py:183} INFO - Processing /home/airflow/.local/lib/python3.12/site-packages/airflow/example_dags/example_bash_decorator.py took 0.068 seconds
[2024-08-05T00:22:51.495+0000] {processor.py:161} INFO - Started process (PID=27926) to work on /home/airflow/.local/lib/python3.12/site-packages/airflow/example_dags/example_bash_decorator.py
[2024-08-05T00:22:51.496+0000] {processor.py:830} INFO - Processing file /home/airflow/.local/lib/python3.12/site-packages/airflow/example_dags/example_bash_decorator.py for tasks to queue
[2024-08-05T00:22:51.497+0000] {logging_mixin.py:188} INFO - [2024-08-05T00:22:51.497+0000] {dagbag.py:545} INFO - Filling up the DagBag from /home/airflow/.local/lib/python3.12/site-packages/airflow/example_dags/example_bash_decorator.py
[2024-08-05T00:22:51.509+0000] {processor.py:840} INFO - DAG(s) 'example_bash_decorator' retrieved from /home/airflow/.local/lib/python3.12/site-packages/airflow/example_dags/example_bash_decorator.py
[2024-08-05T00:22:51.535+0000] {logging_mixin.py:188} INFO - [2024-08-05T00:22:51.534+0000] {dag.py:3089} INFO - Sync 1 DAGs
[2024-08-05T00:22:51.706+0000] {logging_mixin.py:188} INFO - [2024-08-05T00:22:51.706+0000] {dag.py:3947} INFO - Setting next_dagrun for example_bash_decorator to None, run_after=None
[2024-08-05T00:22:51.721+0000] {processor.py:183} INFO - Processing /home/airflow/.local/lib/python3.12/site-packages/airflow/example_dags/example_bash_decorator.py took 0.230 seconds
[2024-08-05T00:23:21.872+0000] {processor.py:161} INFO - Started process (PID=28198) to work on /home/airflow/.local/lib/python3.12/site-packages/airflow/example_dags/example_bash_decorator.py
[2024-08-05T00:23:21.873+0000] {processor.py:830} INFO - Processing file /home/airflow/.local/lib/python3.12/site-packages/airflow/example_dags/example_bash_decorator.py for tasks to queue
[2024-08-05T00:23:21.874+0000] {logging_mixin.py:188} INFO - [2024-08-05T00:23:21.874+0000] {dagbag.py:545} INFO - Filling up the DagBag from /home/airflow/.local/lib/python3.12/site-packages/airflow/example_dags/example_bash_decorator.py
[2024-08-05T00:23:21.887+0000] {processor.py:840} INFO - DAG(s) 'example_bash_decorator' retrieved from /home/airflow/.local/lib/python3.12/site-packages/airflow/example_dags/example_bash_decorator.py
[2024-08-05T00:23:21.912+0000] {logging_mixin.py:188} INFO - [2024-08-05T00:23:21.912+0000] {dag.py:3089} INFO - Sync 1 DAGs
[2024-08-05T00:23:22.067+0000] {logging_mixin.py:188} INFO - [2024-08-05T00:23:22.067+0000] {dag.py:3947} INFO - Setting next_dagrun for example_bash_decorator to None, run_after=None
[2024-08-05T00:23:22.084+0000] {processor.py:183} INFO - Processing /home/airflow/.local/lib/python3.12/site-packages/airflow/example_dags/example_bash_decorator.py took 0.219 seconds
[2024-08-05T00:23:52.330+0000] {processor.py:161} INFO - Started process (PID=28470) to work on /home/airflow/.local/lib/python3.12/site-packages/airflow/example_dags/example_bash_decorator.py
[2024-08-05T00:23:52.331+0000] {processor.py:830} INFO - Processing file /home/airflow/.local/lib/python3.12/site-packages/airflow/example_dags/example_bash_decorator.py for tasks to queue
[2024-08-05T00:23:52.332+0000] {logging_mixin.py:188} INFO - [2024-08-05T00:23:52.332+0000] {dagbag.py:545} INFO - Filling up the DagBag from /home/airflow/.local/lib/python3.12/site-packages/airflow/example_dags/example_bash_decorator.py
[2024-08-05T00:23:52.343+0000] {processor.py:840} INFO - DAG(s) 'example_bash_decorator' retrieved from /home/airflow/.local/lib/python3.12/site-packages/airflow/example_dags/example_bash_decorator.py
[2024-08-05T00:23:52.369+0000] {logging_mixin.py:188} INFO - [2024-08-05T00:23:52.368+0000] {dag.py:3089} INFO - Sync 1 DAGs
[2024-08-05T00:23:52.522+0000] {logging_mixin.py:188} INFO - [2024-08-05T00:23:52.522+0000] {dag.py:3947} INFO - Setting next_dagrun for example_bash_decorator to None, run_after=None
[2024-08-05T00:23:52.537+0000] {processor.py:183} INFO - Processing /home/airflow/.local/lib/python3.12/site-packages/airflow/example_dags/example_bash_decorator.py took 0.212 seconds
[2024-08-05T00:24:22.962+0000] {processor.py:161} INFO - Started process (PID=28744) to work on /home/airflow/.local/lib/python3.12/site-packages/airflow/example_dags/example_bash_decorator.py
[2024-08-05T00:24:22.962+0000] {processor.py:830} INFO - Processing file /home/airflow/.local/lib/python3.12/site-packages/airflow/example_dags/example_bash_decorator.py for tasks to queue
[2024-08-05T00:24:22.964+0000] {logging_mixin.py:188} INFO - [2024-08-05T00:24:22.963+0000] {dagbag.py:545} INFO - Filling up the DagBag from /home/airflow/.local/lib/python3.12/site-packages/airflow/example_dags/example_bash_decorator.py
[2024-08-05T00:24:22.973+0000] {processor.py:840} INFO - DAG(s) 'example_bash_decorator' retrieved from /home/airflow/.local/lib/python3.12/site-packages/airflow/example_dags/example_bash_decorator.py
[2024-08-05T00:24:22.992+0000] {logging_mixin.py:188} INFO - [2024-08-05T00:24:22.992+0000] {dag.py:3089} INFO - Sync 1 DAGs
[2024-08-05T00:24:23.002+0000] {logging_mixin.py:188} INFO - [2024-08-05T00:24:23.001+0000] {dag.py:3947} INFO - Setting next_dagrun for example_bash_decorator to None, run_after=None
[2024-08-05T00:24:23.015+0000] {processor.py:183} INFO - Processing /home/airflow/.local/lib/python3.12/site-packages/airflow/example_dags/example_bash_decorator.py took 0.057 seconds
[2024-08-05T00:24:53.531+0000] {processor.py:161} INFO - Started process (PID=29020) to work on /home/airflow/.local/lib/python3.12/site-packages/airflow/example_dags/example_bash_decorator.py
[2024-08-05T00:24:53.532+0000] {processor.py:830} INFO - Processing file /home/airflow/.local/lib/python3.12/site-packages/airflow/example_dags/example_bash_decorator.py for tasks to queue
[2024-08-05T00:24:53.533+0000] {logging_mixin.py:188} INFO - [2024-08-05T00:24:53.533+0000] {dagbag.py:545} INFO - Filling up the DagBag from /home/airflow/.local/lib/python3.12/site-packages/airflow/example_dags/example_bash_decorator.py
[2024-08-05T00:24:53.543+0000] {processor.py:840} INFO - DAG(s) 'example_bash_decorator' retrieved from /home/airflow/.local/lib/python3.12/site-packages/airflow/example_dags/example_bash_decorator.py
[2024-08-05T00:24:53.562+0000] {logging_mixin.py:188} INFO - [2024-08-05T00:24:53.562+0000] {dag.py:3089} INFO - Sync 1 DAGs
[2024-08-05T00:24:53.572+0000] {logging_mixin.py:188} INFO - [2024-08-05T00:24:53.572+0000] {dag.py:3947} INFO - Setting next_dagrun for example_bash_decorator to None, run_after=None
[2024-08-05T00:24:53.585+0000] {processor.py:183} INFO - Processing /home/airflow/.local/lib/python3.12/site-packages/airflow/example_dags/example_bash_decorator.py took 0.058 seconds
