[2024-08-05T00:00:28.171+0000] {processor.py:161} INFO - Started process (PID=15756) to work on /home/airflow/.local/lib/python3.12/site-packages/airflow/example_dags/example_nested_branch_dag.py
[2024-08-05T00:00:28.172+0000] {processor.py:830} INFO - Processing file /home/airflow/.local/lib/python3.12/site-packages/airflow/example_dags/example_nested_branch_dag.py for tasks to queue
[2024-08-05T00:00:28.174+0000] {logging_mixin.py:188} INFO - [2024-08-05T00:00:28.173+0000] {dagbag.py:545} INFO - Filling up the DagBag from /home/airflow/.local/lib/python3.12/site-packages/airflow/example_dags/example_nested_branch_dag.py
[2024-08-05T00:00:28.182+0000] {processor.py:840} INFO - DAG(s) 'example_nested_branch_dag' retrieved from /home/airflow/.local/lib/python3.12/site-packages/airflow/example_dags/example_nested_branch_dag.py
[2024-08-05T00:00:28.203+0000] {logging_mixin.py:188} INFO - [2024-08-05T00:00:28.203+0000] {dag.py:3089} INFO - Sync 1 DAGs
[2024-08-05T00:00:28.222+0000] {logging_mixin.py:188} INFO - [2024-08-05T00:00:28.221+0000] {dag.py:3947} INFO - Setting next_dagrun for example_nested_branch_dag to 2024-08-04 00:00:00+00:00, run_after=2024-08-05 00:00:00+00:00
[2024-08-05T00:00:28.237+0000] {processor.py:183} INFO - Processing /home/airflow/.local/lib/python3.12/site-packages/airflow/example_dags/example_nested_branch_dag.py took 0.071 seconds
[2024-08-05T00:00:58.886+0000] {processor.py:161} INFO - Started process (PID=16028) to work on /home/airflow/.local/lib/python3.12/site-packages/airflow/example_dags/example_nested_branch_dag.py
[2024-08-05T00:00:58.888+0000] {processor.py:830} INFO - Processing file /home/airflow/.local/lib/python3.12/site-packages/airflow/example_dags/example_nested_branch_dag.py for tasks to queue
[2024-08-05T00:00:58.889+0000] {logging_mixin.py:188} INFO - [2024-08-05T00:00:58.889+0000] {dagbag.py:545} INFO - Filling up the DagBag from /home/airflow/.local/lib/python3.12/site-packages/airflow/example_dags/example_nested_branch_dag.py
[2024-08-05T00:00:58.898+0000] {processor.py:840} INFO - DAG(s) 'example_nested_branch_dag' retrieved from /home/airflow/.local/lib/python3.12/site-packages/airflow/example_dags/example_nested_branch_dag.py
[2024-08-05T00:00:58.921+0000] {logging_mixin.py:188} INFO - [2024-08-05T00:00:58.920+0000] {dag.py:3089} INFO - Sync 1 DAGs
[2024-08-05T00:00:58.942+0000] {logging_mixin.py:188} INFO - [2024-08-05T00:00:58.942+0000] {dag.py:3947} INFO - Setting next_dagrun for example_nested_branch_dag to 2024-08-04 00:00:00+00:00, run_after=2024-08-05 00:00:00+00:00
[2024-08-05T00:00:58.958+0000] {processor.py:183} INFO - Processing /home/airflow/.local/lib/python3.12/site-packages/airflow/example_dags/example_nested_branch_dag.py took 0.077 seconds
[2024-08-05T00:01:29.063+0000] {processor.py:161} INFO - Started process (PID=16302) to work on /home/airflow/.local/lib/python3.12/site-packages/airflow/example_dags/example_nested_branch_dag.py
[2024-08-05T00:01:29.063+0000] {processor.py:830} INFO - Processing file /home/airflow/.local/lib/python3.12/site-packages/airflow/example_dags/example_nested_branch_dag.py for tasks to queue
[2024-08-05T00:01:29.065+0000] {logging_mixin.py:188} INFO - [2024-08-05T00:01:29.064+0000] {dagbag.py:545} INFO - Filling up the DagBag from /home/airflow/.local/lib/python3.12/site-packages/airflow/example_dags/example_nested_branch_dag.py
[2024-08-05T00:01:29.075+0000] {processor.py:840} INFO - DAG(s) 'example_nested_branch_dag' retrieved from /home/airflow/.local/lib/python3.12/site-packages/airflow/example_dags/example_nested_branch_dag.py
[2024-08-05T00:01:29.095+0000] {logging_mixin.py:188} INFO - [2024-08-05T00:01:29.095+0000] {dag.py:3089} INFO - Sync 1 DAGs
[2024-08-05T00:01:29.117+0000] {logging_mixin.py:188} INFO - [2024-08-05T00:01:29.116+0000] {dag.py:3947} INFO - Setting next_dagrun for example_nested_branch_dag to 2024-08-04 00:00:00+00:00, run_after=2024-08-05 00:00:00+00:00
[2024-08-05T00:01:29.133+0000] {processor.py:183} INFO - Processing /home/airflow/.local/lib/python3.12/site-packages/airflow/example_dags/example_nested_branch_dag.py took 0.075 seconds
[2024-08-05T00:01:59.229+0000] {processor.py:161} INFO - Started process (PID=16574) to work on /home/airflow/.local/lib/python3.12/site-packages/airflow/example_dags/example_nested_branch_dag.py
[2024-08-05T00:01:59.229+0000] {processor.py:830} INFO - Processing file /home/airflow/.local/lib/python3.12/site-packages/airflow/example_dags/example_nested_branch_dag.py for tasks to queue
[2024-08-05T00:01:59.231+0000] {logging_mixin.py:188} INFO - [2024-08-05T00:01:59.230+0000] {dagbag.py:545} INFO - Filling up the DagBag from /home/airflow/.local/lib/python3.12/site-packages/airflow/example_dags/example_nested_branch_dag.py
[2024-08-05T00:01:59.240+0000] {processor.py:840} INFO - DAG(s) 'example_nested_branch_dag' retrieved from /home/airflow/.local/lib/python3.12/site-packages/airflow/example_dags/example_nested_branch_dag.py
[2024-08-05T00:01:59.261+0000] {logging_mixin.py:188} INFO - [2024-08-05T00:01:59.261+0000] {dag.py:3089} INFO - Sync 1 DAGs
[2024-08-05T00:01:59.280+0000] {logging_mixin.py:188} INFO - [2024-08-05T00:01:59.280+0000] {dag.py:3947} INFO - Setting next_dagrun for example_nested_branch_dag to 2024-08-04 00:00:00+00:00, run_after=2024-08-05 00:00:00+00:00
[2024-08-05T00:01:59.296+0000] {processor.py:183} INFO - Processing /home/airflow/.local/lib/python3.12/site-packages/airflow/example_dags/example_nested_branch_dag.py took 0.072 seconds
[2024-08-05T00:02:29.446+0000] {processor.py:161} INFO - Started process (PID=16844) to work on /home/airflow/.local/lib/python3.12/site-packages/airflow/example_dags/example_nested_branch_dag.py
[2024-08-05T00:02:29.447+0000] {processor.py:830} INFO - Processing file /home/airflow/.local/lib/python3.12/site-packages/airflow/example_dags/example_nested_branch_dag.py for tasks to queue
[2024-08-05T00:02:29.449+0000] {logging_mixin.py:188} INFO - [2024-08-05T00:02:29.448+0000] {dagbag.py:545} INFO - Filling up the DagBag from /home/airflow/.local/lib/python3.12/site-packages/airflow/example_dags/example_nested_branch_dag.py
[2024-08-05T00:02:29.459+0000] {processor.py:840} INFO - DAG(s) 'example_nested_branch_dag' retrieved from /home/airflow/.local/lib/python3.12/site-packages/airflow/example_dags/example_nested_branch_dag.py
[2024-08-05T00:02:29.480+0000] {logging_mixin.py:188} INFO - [2024-08-05T00:02:29.480+0000] {dag.py:3089} INFO - Sync 1 DAGs
[2024-08-05T00:02:29.499+0000] {logging_mixin.py:188} INFO - [2024-08-05T00:02:29.499+0000] {dag.py:3947} INFO - Setting next_dagrun for example_nested_branch_dag to 2024-08-04 00:00:00+00:00, run_after=2024-08-05 00:00:00+00:00
[2024-08-05T00:02:29.515+0000] {processor.py:183} INFO - Processing /home/airflow/.local/lib/python3.12/site-packages/airflow/example_dags/example_nested_branch_dag.py took 0.073 seconds
[2024-08-05T00:02:59.722+0000] {processor.py:161} INFO - Started process (PID=17116) to work on /home/airflow/.local/lib/python3.12/site-packages/airflow/example_dags/example_nested_branch_dag.py
[2024-08-05T00:02:59.722+0000] {processor.py:830} INFO - Processing file /home/airflow/.local/lib/python3.12/site-packages/airflow/example_dags/example_nested_branch_dag.py for tasks to queue
[2024-08-05T00:02:59.724+0000] {logging_mixin.py:188} INFO - [2024-08-05T00:02:59.724+0000] {dagbag.py:545} INFO - Filling up the DagBag from /home/airflow/.local/lib/python3.12/site-packages/airflow/example_dags/example_nested_branch_dag.py
[2024-08-05T00:02:59.733+0000] {processor.py:840} INFO - DAG(s) 'example_nested_branch_dag' retrieved from /home/airflow/.local/lib/python3.12/site-packages/airflow/example_dags/example_nested_branch_dag.py
[2024-08-05T00:02:59.757+0000] {logging_mixin.py:188} INFO - [2024-08-05T00:02:59.757+0000] {dag.py:3089} INFO - Sync 1 DAGs
[2024-08-05T00:02:59.778+0000] {logging_mixin.py:188} INFO - [2024-08-05T00:02:59.778+0000] {dag.py:3947} INFO - Setting next_dagrun for example_nested_branch_dag to 2024-08-04 00:00:00+00:00, run_after=2024-08-05 00:00:00+00:00
[2024-08-05T00:02:59.796+0000] {processor.py:183} INFO - Processing /home/airflow/.local/lib/python3.12/site-packages/airflow/example_dags/example_nested_branch_dag.py took 0.081 seconds
[2024-08-05T00:03:30.123+0000] {processor.py:161} INFO - Started process (PID=17388) to work on /home/airflow/.local/lib/python3.12/site-packages/airflow/example_dags/example_nested_branch_dag.py
[2024-08-05T00:03:30.124+0000] {processor.py:830} INFO - Processing file /home/airflow/.local/lib/python3.12/site-packages/airflow/example_dags/example_nested_branch_dag.py for tasks to queue
[2024-08-05T00:03:30.125+0000] {logging_mixin.py:188} INFO - [2024-08-05T00:03:30.125+0000] {dagbag.py:545} INFO - Filling up the DagBag from /home/airflow/.local/lib/python3.12/site-packages/airflow/example_dags/example_nested_branch_dag.py
[2024-08-05T00:03:30.133+0000] {processor.py:840} INFO - DAG(s) 'example_nested_branch_dag' retrieved from /home/airflow/.local/lib/python3.12/site-packages/airflow/example_dags/example_nested_branch_dag.py
[2024-08-05T00:03:30.156+0000] {logging_mixin.py:188} INFO - [2024-08-05T00:03:30.155+0000] {dag.py:3089} INFO - Sync 1 DAGs
[2024-08-05T00:03:30.175+0000] {logging_mixin.py:188} INFO - [2024-08-05T00:03:30.175+0000] {dag.py:3947} INFO - Setting next_dagrun for example_nested_branch_dag to 2024-08-04 00:00:00+00:00, run_after=2024-08-05 00:00:00+00:00
[2024-08-05T00:03:30.191+0000] {processor.py:183} INFO - Processing /home/airflow/.local/lib/python3.12/site-packages/airflow/example_dags/example_nested_branch_dag.py took 0.075 seconds
[2024-08-05T00:04:00.300+0000] {processor.py:161} INFO - Started process (PID=17660) to work on /home/airflow/.local/lib/python3.12/site-packages/airflow/example_dags/example_nested_branch_dag.py
[2024-08-05T00:04:00.301+0000] {processor.py:830} INFO - Processing file /home/airflow/.local/lib/python3.12/site-packages/airflow/example_dags/example_nested_branch_dag.py for tasks to queue
[2024-08-05T00:04:00.303+0000] {logging_mixin.py:188} INFO - [2024-08-05T00:04:00.303+0000] {dagbag.py:545} INFO - Filling up the DagBag from /home/airflow/.local/lib/python3.12/site-packages/airflow/example_dags/example_nested_branch_dag.py
[2024-08-05T00:04:00.311+0000] {processor.py:840} INFO - DAG(s) 'example_nested_branch_dag' retrieved from /home/airflow/.local/lib/python3.12/site-packages/airflow/example_dags/example_nested_branch_dag.py
[2024-08-05T00:04:00.334+0000] {logging_mixin.py:188} INFO - [2024-08-05T00:04:00.333+0000] {dag.py:3089} INFO - Sync 1 DAGs
[2024-08-05T00:04:00.356+0000] {logging_mixin.py:188} INFO - [2024-08-05T00:04:00.356+0000] {dag.py:3947} INFO - Setting next_dagrun for example_nested_branch_dag to 2024-08-04 00:00:00+00:00, run_after=2024-08-05 00:00:00+00:00
[2024-08-05T00:04:00.373+0000] {processor.py:183} INFO - Processing /home/airflow/.local/lib/python3.12/site-packages/airflow/example_dags/example_nested_branch_dag.py took 0.079 seconds
[2024-08-05T00:04:31.206+0000] {processor.py:161} INFO - Started process (PID=17926) to work on /home/airflow/.local/lib/python3.12/site-packages/airflow/example_dags/example_nested_branch_dag.py
[2024-08-05T00:04:31.207+0000] {processor.py:830} INFO - Processing file /home/airflow/.local/lib/python3.12/site-packages/airflow/example_dags/example_nested_branch_dag.py for tasks to queue
[2024-08-05T00:04:31.209+0000] {logging_mixin.py:188} INFO - [2024-08-05T00:04:31.208+0000] {dagbag.py:545} INFO - Filling up the DagBag from /home/airflow/.local/lib/python3.12/site-packages/airflow/example_dags/example_nested_branch_dag.py
[2024-08-05T00:04:31.219+0000] {processor.py:840} INFO - DAG(s) 'example_nested_branch_dag' retrieved from /home/airflow/.local/lib/python3.12/site-packages/airflow/example_dags/example_nested_branch_dag.py
[2024-08-05T00:04:31.241+0000] {logging_mixin.py:188} INFO - [2024-08-05T00:04:31.241+0000] {dag.py:3089} INFO - Sync 1 DAGs
[2024-08-05T00:04:31.261+0000] {logging_mixin.py:188} INFO - [2024-08-05T00:04:31.261+0000] {dag.py:3947} INFO - Setting next_dagrun for example_nested_branch_dag to 2024-08-04 00:00:00+00:00, run_after=2024-08-05 00:00:00+00:00
[2024-08-05T00:04:31.279+0000] {processor.py:183} INFO - Processing /home/airflow/.local/lib/python3.12/site-packages/airflow/example_dags/example_nested_branch_dag.py took 0.078 seconds
[2024-08-05T00:05:01.488+0000] {processor.py:161} INFO - Started process (PID=18198) to work on /home/airflow/.local/lib/python3.12/site-packages/airflow/example_dags/example_nested_branch_dag.py
[2024-08-05T00:05:01.489+0000] {processor.py:830} INFO - Processing file /home/airflow/.local/lib/python3.12/site-packages/airflow/example_dags/example_nested_branch_dag.py for tasks to queue
[2024-08-05T00:05:01.490+0000] {logging_mixin.py:188} INFO - [2024-08-05T00:05:01.490+0000] {dagbag.py:545} INFO - Filling up the DagBag from /home/airflow/.local/lib/python3.12/site-packages/airflow/example_dags/example_nested_branch_dag.py
[2024-08-05T00:05:01.500+0000] {processor.py:840} INFO - DAG(s) 'example_nested_branch_dag' retrieved from /home/airflow/.local/lib/python3.12/site-packages/airflow/example_dags/example_nested_branch_dag.py
[2024-08-05T00:05:01.523+0000] {logging_mixin.py:188} INFO - [2024-08-05T00:05:01.522+0000] {dag.py:3089} INFO - Sync 1 DAGs
[2024-08-05T00:05:01.546+0000] {logging_mixin.py:188} INFO - [2024-08-05T00:05:01.545+0000] {dag.py:3947} INFO - Setting next_dagrun for example_nested_branch_dag to 2024-08-04 00:00:00+00:00, run_after=2024-08-05 00:00:00+00:00
[2024-08-05T00:05:01.564+0000] {processor.py:183} INFO - Processing /home/airflow/.local/lib/python3.12/site-packages/airflow/example_dags/example_nested_branch_dag.py took 0.083 seconds
[2024-08-05T00:05:31.710+0000] {processor.py:161} INFO - Started process (PID=18470) to work on /home/airflow/.local/lib/python3.12/site-packages/airflow/example_dags/example_nested_branch_dag.py
[2024-08-05T00:05:31.711+0000] {processor.py:830} INFO - Processing file /home/airflow/.local/lib/python3.12/site-packages/airflow/example_dags/example_nested_branch_dag.py for tasks to queue
[2024-08-05T00:05:31.713+0000] {logging_mixin.py:188} INFO - [2024-08-05T00:05:31.713+0000] {dagbag.py:545} INFO - Filling up the DagBag from /home/airflow/.local/lib/python3.12/site-packages/airflow/example_dags/example_nested_branch_dag.py
[2024-08-05T00:05:31.723+0000] {processor.py:840} INFO - DAG(s) 'example_nested_branch_dag' retrieved from /home/airflow/.local/lib/python3.12/site-packages/airflow/example_dags/example_nested_branch_dag.py
[2024-08-05T00:05:31.746+0000] {logging_mixin.py:188} INFO - [2024-08-05T00:05:31.746+0000] {dag.py:3089} INFO - Sync 1 DAGs
[2024-08-05T00:05:31.768+0000] {logging_mixin.py:188} INFO - [2024-08-05T00:05:31.768+0000] {dag.py:3947} INFO - Setting next_dagrun for example_nested_branch_dag to 2024-08-04 00:00:00+00:00, run_after=2024-08-05 00:00:00+00:00
[2024-08-05T00:05:31.788+0000] {processor.py:183} INFO - Processing /home/airflow/.local/lib/python3.12/site-packages/airflow/example_dags/example_nested_branch_dag.py took 0.083 seconds
[2024-08-05T00:06:02.030+0000] {processor.py:161} INFO - Started process (PID=18742) to work on /home/airflow/.local/lib/python3.12/site-packages/airflow/example_dags/example_nested_branch_dag.py
[2024-08-05T00:06:02.031+0000] {processor.py:830} INFO - Processing file /home/airflow/.local/lib/python3.12/site-packages/airflow/example_dags/example_nested_branch_dag.py for tasks to queue
[2024-08-05T00:06:02.033+0000] {logging_mixin.py:188} INFO - [2024-08-05T00:06:02.033+0000] {dagbag.py:545} INFO - Filling up the DagBag from /home/airflow/.local/lib/python3.12/site-packages/airflow/example_dags/example_nested_branch_dag.py
[2024-08-05T00:06:02.041+0000] {processor.py:840} INFO - DAG(s) 'example_nested_branch_dag' retrieved from /home/airflow/.local/lib/python3.12/site-packages/airflow/example_dags/example_nested_branch_dag.py
[2024-08-05T00:06:02.062+0000] {logging_mixin.py:188} INFO - [2024-08-05T00:06:02.062+0000] {dag.py:3089} INFO - Sync 1 DAGs
[2024-08-05T00:06:02.082+0000] {logging_mixin.py:188} INFO - [2024-08-05T00:06:02.082+0000] {dag.py:3947} INFO - Setting next_dagrun for example_nested_branch_dag to 2024-08-04 00:00:00+00:00, run_after=2024-08-05 00:00:00+00:00
[2024-08-05T00:06:02.099+0000] {processor.py:183} INFO - Processing /home/airflow/.local/lib/python3.12/site-packages/airflow/example_dags/example_nested_branch_dag.py took 0.075 seconds
[2024-08-05T00:06:32.225+0000] {processor.py:161} INFO - Started process (PID=19014) to work on /home/airflow/.local/lib/python3.12/site-packages/airflow/example_dags/example_nested_branch_dag.py
[2024-08-05T00:06:32.226+0000] {processor.py:830} INFO - Processing file /home/airflow/.local/lib/python3.12/site-packages/airflow/example_dags/example_nested_branch_dag.py for tasks to queue
[2024-08-05T00:06:32.228+0000] {logging_mixin.py:188} INFO - [2024-08-05T00:06:32.228+0000] {dagbag.py:545} INFO - Filling up the DagBag from /home/airflow/.local/lib/python3.12/site-packages/airflow/example_dags/example_nested_branch_dag.py
[2024-08-05T00:06:32.237+0000] {processor.py:840} INFO - DAG(s) 'example_nested_branch_dag' retrieved from /home/airflow/.local/lib/python3.12/site-packages/airflow/example_dags/example_nested_branch_dag.py
[2024-08-05T00:06:32.259+0000] {logging_mixin.py:188} INFO - [2024-08-05T00:06:32.259+0000] {dag.py:3089} INFO - Sync 1 DAGs
[2024-08-05T00:06:32.283+0000] {logging_mixin.py:188} INFO - [2024-08-05T00:06:32.282+0000] {dag.py:3947} INFO - Setting next_dagrun for example_nested_branch_dag to 2024-08-04 00:00:00+00:00, run_after=2024-08-05 00:00:00+00:00
[2024-08-05T00:06:32.301+0000] {processor.py:183} INFO - Processing /home/airflow/.local/lib/python3.12/site-packages/airflow/example_dags/example_nested_branch_dag.py took 0.080 seconds
[2024-08-05T00:07:03.241+0000] {processor.py:161} INFO - Started process (PID=19286) to work on /home/airflow/.local/lib/python3.12/site-packages/airflow/example_dags/example_nested_branch_dag.py
[2024-08-05T00:07:03.242+0000] {processor.py:830} INFO - Processing file /home/airflow/.local/lib/python3.12/site-packages/airflow/example_dags/example_nested_branch_dag.py for tasks to queue
[2024-08-05T00:07:03.245+0000] {logging_mixin.py:188} INFO - [2024-08-05T00:07:03.244+0000] {dagbag.py:545} INFO - Filling up the DagBag from /home/airflow/.local/lib/python3.12/site-packages/airflow/example_dags/example_nested_branch_dag.py
[2024-08-05T00:07:03.257+0000] {processor.py:840} INFO - DAG(s) 'example_nested_branch_dag' retrieved from /home/airflow/.local/lib/python3.12/site-packages/airflow/example_dags/example_nested_branch_dag.py
[2024-08-05T00:07:03.286+0000] {logging_mixin.py:188} INFO - [2024-08-05T00:07:03.286+0000] {dag.py:3089} INFO - Sync 1 DAGs
[2024-08-05T00:07:03.311+0000] {logging_mixin.py:188} INFO - [2024-08-05T00:07:03.311+0000] {dag.py:3947} INFO - Setting next_dagrun for example_nested_branch_dag to 2024-08-04 00:00:00+00:00, run_after=2024-08-05 00:00:00+00:00
[2024-08-05T00:07:03.329+0000] {processor.py:183} INFO - Processing /home/airflow/.local/lib/python3.12/site-packages/airflow/example_dags/example_nested_branch_dag.py took 0.093 seconds
[2024-08-05T00:07:33.595+0000] {processor.py:161} INFO - Started process (PID=19558) to work on /home/airflow/.local/lib/python3.12/site-packages/airflow/example_dags/example_nested_branch_dag.py
[2024-08-05T00:07:33.596+0000] {processor.py:830} INFO - Processing file /home/airflow/.local/lib/python3.12/site-packages/airflow/example_dags/example_nested_branch_dag.py for tasks to queue
[2024-08-05T00:07:33.598+0000] {logging_mixin.py:188} INFO - [2024-08-05T00:07:33.597+0000] {dagbag.py:545} INFO - Filling up the DagBag from /home/airflow/.local/lib/python3.12/site-packages/airflow/example_dags/example_nested_branch_dag.py
[2024-08-05T00:07:33.606+0000] {processor.py:840} INFO - DAG(s) 'example_nested_branch_dag' retrieved from /home/airflow/.local/lib/python3.12/site-packages/airflow/example_dags/example_nested_branch_dag.py
[2024-08-05T00:07:33.628+0000] {logging_mixin.py:188} INFO - [2024-08-05T00:07:33.628+0000] {dag.py:3089} INFO - Sync 1 DAGs
[2024-08-05T00:07:33.649+0000] {logging_mixin.py:188} INFO - [2024-08-05T00:07:33.649+0000] {dag.py:3947} INFO - Setting next_dagrun for example_nested_branch_dag to 2024-08-04 00:00:00+00:00, run_after=2024-08-05 00:00:00+00:00
[2024-08-05T00:07:33.666+0000] {processor.py:183} INFO - Processing /home/airflow/.local/lib/python3.12/site-packages/airflow/example_dags/example_nested_branch_dag.py took 0.077 seconds
[2024-08-05T00:08:03.804+0000] {processor.py:161} INFO - Started process (PID=19830) to work on /home/airflow/.local/lib/python3.12/site-packages/airflow/example_dags/example_nested_branch_dag.py
[2024-08-05T00:08:03.805+0000] {processor.py:830} INFO - Processing file /home/airflow/.local/lib/python3.12/site-packages/airflow/example_dags/example_nested_branch_dag.py for tasks to queue
[2024-08-05T00:08:03.807+0000] {logging_mixin.py:188} INFO - [2024-08-05T00:08:03.806+0000] {dagbag.py:545} INFO - Filling up the DagBag from /home/airflow/.local/lib/python3.12/site-packages/airflow/example_dags/example_nested_branch_dag.py
[2024-08-05T00:08:03.817+0000] {processor.py:840} INFO - DAG(s) 'example_nested_branch_dag' retrieved from /home/airflow/.local/lib/python3.12/site-packages/airflow/example_dags/example_nested_branch_dag.py
[2024-08-05T00:08:03.838+0000] {logging_mixin.py:188} INFO - [2024-08-05T00:08:03.838+0000] {dag.py:3089} INFO - Sync 1 DAGs
[2024-08-05T00:08:03.860+0000] {logging_mixin.py:188} INFO - [2024-08-05T00:08:03.859+0000] {dag.py:3947} INFO - Setting next_dagrun for example_nested_branch_dag to 2024-08-04 00:00:00+00:00, run_after=2024-08-05 00:00:00+00:00
[2024-08-05T00:08:03.876+0000] {processor.py:183} INFO - Processing /home/airflow/.local/lib/python3.12/site-packages/airflow/example_dags/example_nested_branch_dag.py took 0.077 seconds
[2024-08-05T00:08:34.142+0000] {processor.py:161} INFO - Started process (PID=20104) to work on /home/airflow/.local/lib/python3.12/site-packages/airflow/example_dags/example_nested_branch_dag.py
[2024-08-05T00:08:34.144+0000] {processor.py:830} INFO - Processing file /home/airflow/.local/lib/python3.12/site-packages/airflow/example_dags/example_nested_branch_dag.py for tasks to queue
[2024-08-05T00:08:34.145+0000] {logging_mixin.py:188} INFO - [2024-08-05T00:08:34.145+0000] {dagbag.py:545} INFO - Filling up the DagBag from /home/airflow/.local/lib/python3.12/site-packages/airflow/example_dags/example_nested_branch_dag.py
[2024-08-05T00:08:34.153+0000] {processor.py:840} INFO - DAG(s) 'example_nested_branch_dag' retrieved from /home/airflow/.local/lib/python3.12/site-packages/airflow/example_dags/example_nested_branch_dag.py
[2024-08-05T00:08:34.174+0000] {logging_mixin.py:188} INFO - [2024-08-05T00:08:34.174+0000] {dag.py:3089} INFO - Sync 1 DAGs
[2024-08-05T00:08:34.194+0000] {logging_mixin.py:188} INFO - [2024-08-05T00:08:34.194+0000] {dag.py:3947} INFO - Setting next_dagrun for example_nested_branch_dag to 2024-08-04 00:00:00+00:00, run_after=2024-08-05 00:00:00+00:00
[2024-08-05T00:08:34.211+0000] {processor.py:183} INFO - Processing /home/airflow/.local/lib/python3.12/site-packages/airflow/example_dags/example_nested_branch_dag.py took 0.074 seconds
[2024-08-05T00:09:04.458+0000] {processor.py:161} INFO - Started process (PID=20374) to work on /home/airflow/.local/lib/python3.12/site-packages/airflow/example_dags/example_nested_branch_dag.py
[2024-08-05T00:09:04.459+0000] {processor.py:830} INFO - Processing file /home/airflow/.local/lib/python3.12/site-packages/airflow/example_dags/example_nested_branch_dag.py for tasks to queue
[2024-08-05T00:09:04.461+0000] {logging_mixin.py:188} INFO - [2024-08-05T00:09:04.461+0000] {dagbag.py:545} INFO - Filling up the DagBag from /home/airflow/.local/lib/python3.12/site-packages/airflow/example_dags/example_nested_branch_dag.py
[2024-08-05T00:09:04.469+0000] {processor.py:840} INFO - DAG(s) 'example_nested_branch_dag' retrieved from /home/airflow/.local/lib/python3.12/site-packages/airflow/example_dags/example_nested_branch_dag.py
[2024-08-05T00:09:04.488+0000] {logging_mixin.py:188} INFO - [2024-08-05T00:09:04.488+0000] {dag.py:3089} INFO - Sync 1 DAGs
[2024-08-05T00:09:04.507+0000] {logging_mixin.py:188} INFO - [2024-08-05T00:09:04.507+0000] {dag.py:3947} INFO - Setting next_dagrun for example_nested_branch_dag to 2024-08-04 00:00:00+00:00, run_after=2024-08-05 00:00:00+00:00
[2024-08-05T00:09:04.523+0000] {processor.py:183} INFO - Processing /home/airflow/.local/lib/python3.12/site-packages/airflow/example_dags/example_nested_branch_dag.py took 0.070 seconds
[2024-08-05T00:09:35.200+0000] {processor.py:161} INFO - Started process (PID=20646) to work on /home/airflow/.local/lib/python3.12/site-packages/airflow/example_dags/example_nested_branch_dag.py
[2024-08-05T00:09:35.201+0000] {processor.py:830} INFO - Processing file /home/airflow/.local/lib/python3.12/site-packages/airflow/example_dags/example_nested_branch_dag.py for tasks to queue
[2024-08-05T00:09:35.202+0000] {logging_mixin.py:188} INFO - [2024-08-05T00:09:35.202+0000] {dagbag.py:545} INFO - Filling up the DagBag from /home/airflow/.local/lib/python3.12/site-packages/airflow/example_dags/example_nested_branch_dag.py
[2024-08-05T00:09:35.211+0000] {processor.py:840} INFO - DAG(s) 'example_nested_branch_dag' retrieved from /home/airflow/.local/lib/python3.12/site-packages/airflow/example_dags/example_nested_branch_dag.py
[2024-08-05T00:09:35.231+0000] {logging_mixin.py:188} INFO - [2024-08-05T00:09:35.231+0000] {dag.py:3089} INFO - Sync 1 DAGs
[2024-08-05T00:09:35.249+0000] {logging_mixin.py:188} INFO - [2024-08-05T00:09:35.249+0000] {dag.py:3947} INFO - Setting next_dagrun for example_nested_branch_dag to 2024-08-04 00:00:00+00:00, run_after=2024-08-05 00:00:00+00:00
[2024-08-05T00:09:35.264+0000] {processor.py:183} INFO - Processing /home/airflow/.local/lib/python3.12/site-packages/airflow/example_dags/example_nested_branch_dag.py took 0.068 seconds
[2024-08-05T00:10:05.806+0000] {processor.py:161} INFO - Started process (PID=20924) to work on /home/airflow/.local/lib/python3.12/site-packages/airflow/example_dags/example_nested_branch_dag.py
[2024-08-05T00:10:05.807+0000] {processor.py:830} INFO - Processing file /home/airflow/.local/lib/python3.12/site-packages/airflow/example_dags/example_nested_branch_dag.py for tasks to queue
[2024-08-05T00:10:05.809+0000] {logging_mixin.py:188} INFO - [2024-08-05T00:10:05.808+0000] {dagbag.py:545} INFO - Filling up the DagBag from /home/airflow/.local/lib/python3.12/site-packages/airflow/example_dags/example_nested_branch_dag.py
[2024-08-05T00:10:05.817+0000] {processor.py:840} INFO - DAG(s) 'example_nested_branch_dag' retrieved from /home/airflow/.local/lib/python3.12/site-packages/airflow/example_dags/example_nested_branch_dag.py
[2024-08-05T00:10:05.839+0000] {logging_mixin.py:188} INFO - [2024-08-05T00:10:05.838+0000] {dag.py:3089} INFO - Sync 1 DAGs
[2024-08-05T00:10:05.862+0000] {logging_mixin.py:188} INFO - [2024-08-05T00:10:05.862+0000] {dag.py:3947} INFO - Setting next_dagrun for example_nested_branch_dag to 2024-08-04 00:00:00+00:00, run_after=2024-08-05 00:00:00+00:00
[2024-08-05T00:10:05.878+0000] {processor.py:183} INFO - Processing /home/airflow/.local/lib/python3.12/site-packages/airflow/example_dags/example_nested_branch_dag.py took 0.077 seconds
[2024-08-05T00:10:36.516+0000] {processor.py:161} INFO - Started process (PID=21199) to work on /home/airflow/.local/lib/python3.12/site-packages/airflow/example_dags/example_nested_branch_dag.py
[2024-08-05T00:10:36.517+0000] {processor.py:830} INFO - Processing file /home/airflow/.local/lib/python3.12/site-packages/airflow/example_dags/example_nested_branch_dag.py for tasks to queue
[2024-08-05T00:10:36.518+0000] {logging_mixin.py:188} INFO - [2024-08-05T00:10:36.518+0000] {dagbag.py:545} INFO - Filling up the DagBag from /home/airflow/.local/lib/python3.12/site-packages/airflow/example_dags/example_nested_branch_dag.py
[2024-08-05T00:10:36.530+0000] {processor.py:840} INFO - DAG(s) 'example_nested_branch_dag' retrieved from /home/airflow/.local/lib/python3.12/site-packages/airflow/example_dags/example_nested_branch_dag.py
[2024-08-05T00:10:36.552+0000] {logging_mixin.py:188} INFO - [2024-08-05T00:10:36.551+0000] {dag.py:3089} INFO - Sync 1 DAGs
[2024-08-05T00:10:36.574+0000] {logging_mixin.py:188} INFO - [2024-08-05T00:10:36.573+0000] {dag.py:3947} INFO - Setting next_dagrun for example_nested_branch_dag to 2024-08-04 00:00:00+00:00, run_after=2024-08-05 00:00:00+00:00
[2024-08-05T00:10:36.590+0000] {processor.py:183} INFO - Processing /home/airflow/.local/lib/python3.12/site-packages/airflow/example_dags/example_nested_branch_dag.py took 0.079 seconds
[2024-08-05T00:11:07.294+0000] {processor.py:161} INFO - Started process (PID=21471) to work on /home/airflow/.local/lib/python3.12/site-packages/airflow/example_dags/example_nested_branch_dag.py
[2024-08-05T00:11:07.295+0000] {processor.py:830} INFO - Processing file /home/airflow/.local/lib/python3.12/site-packages/airflow/example_dags/example_nested_branch_dag.py for tasks to queue
[2024-08-05T00:11:07.297+0000] {logging_mixin.py:188} INFO - [2024-08-05T00:11:07.297+0000] {dagbag.py:545} INFO - Filling up the DagBag from /home/airflow/.local/lib/python3.12/site-packages/airflow/example_dags/example_nested_branch_dag.py
[2024-08-05T00:11:07.308+0000] {processor.py:840} INFO - DAG(s) 'example_nested_branch_dag' retrieved from /home/airflow/.local/lib/python3.12/site-packages/airflow/example_dags/example_nested_branch_dag.py
[2024-08-05T00:11:07.329+0000] {logging_mixin.py:188} INFO - [2024-08-05T00:11:07.329+0000] {dag.py:3089} INFO - Sync 1 DAGs
[2024-08-05T00:11:07.349+0000] {logging_mixin.py:188} INFO - [2024-08-05T00:11:07.349+0000] {dag.py:3947} INFO - Setting next_dagrun for example_nested_branch_dag to 2024-08-04 00:00:00+00:00, run_after=2024-08-05 00:00:00+00:00
[2024-08-05T00:11:07.365+0000] {processor.py:183} INFO - Processing /home/airflow/.local/lib/python3.12/site-packages/airflow/example_dags/example_nested_branch_dag.py took 0.076 seconds
[2024-08-05T00:11:38.146+0000] {processor.py:161} INFO - Started process (PID=21743) to work on /home/airflow/.local/lib/python3.12/site-packages/airflow/example_dags/example_nested_branch_dag.py
[2024-08-05T00:11:38.147+0000] {processor.py:830} INFO - Processing file /home/airflow/.local/lib/python3.12/site-packages/airflow/example_dags/example_nested_branch_dag.py for tasks to queue
[2024-08-05T00:11:38.149+0000] {logging_mixin.py:188} INFO - [2024-08-05T00:11:38.148+0000] {dagbag.py:545} INFO - Filling up the DagBag from /home/airflow/.local/lib/python3.12/site-packages/airflow/example_dags/example_nested_branch_dag.py
[2024-08-05T00:11:38.158+0000] {processor.py:840} INFO - DAG(s) 'example_nested_branch_dag' retrieved from /home/airflow/.local/lib/python3.12/site-packages/airflow/example_dags/example_nested_branch_dag.py
[2024-08-05T00:11:38.182+0000] {logging_mixin.py:188} INFO - [2024-08-05T00:11:38.182+0000] {dag.py:3089} INFO - Sync 1 DAGs
[2024-08-05T00:11:38.209+0000] {logging_mixin.py:188} INFO - [2024-08-05T00:11:38.208+0000] {dag.py:3947} INFO - Setting next_dagrun for example_nested_branch_dag to 2024-08-04 00:00:00+00:00, run_after=2024-08-05 00:00:00+00:00
[2024-08-05T00:11:38.225+0000] {processor.py:183} INFO - Processing /home/airflow/.local/lib/python3.12/site-packages/airflow/example_dags/example_nested_branch_dag.py took 0.085 seconds
[2024-08-05T00:12:08.381+0000] {processor.py:161} INFO - Started process (PID=22015) to work on /home/airflow/.local/lib/python3.12/site-packages/airflow/example_dags/example_nested_branch_dag.py
[2024-08-05T00:12:08.381+0000] {processor.py:830} INFO - Processing file /home/airflow/.local/lib/python3.12/site-packages/airflow/example_dags/example_nested_branch_dag.py for tasks to queue
[2024-08-05T00:12:08.383+0000] {logging_mixin.py:188} INFO - [2024-08-05T00:12:08.383+0000] {dagbag.py:545} INFO - Filling up the DagBag from /home/airflow/.local/lib/python3.12/site-packages/airflow/example_dags/example_nested_branch_dag.py
[2024-08-05T00:12:08.393+0000] {processor.py:840} INFO - DAG(s) 'example_nested_branch_dag' retrieved from /home/airflow/.local/lib/python3.12/site-packages/airflow/example_dags/example_nested_branch_dag.py
[2024-08-05T00:12:08.414+0000] {logging_mixin.py:188} INFO - [2024-08-05T00:12:08.414+0000] {dag.py:3089} INFO - Sync 1 DAGs
[2024-08-05T00:12:08.435+0000] {logging_mixin.py:188} INFO - [2024-08-05T00:12:08.435+0000] {dag.py:3947} INFO - Setting next_dagrun for example_nested_branch_dag to 2024-08-04 00:00:00+00:00, run_after=2024-08-05 00:00:00+00:00
[2024-08-05T00:12:08.453+0000] {processor.py:183} INFO - Processing /home/airflow/.local/lib/python3.12/site-packages/airflow/example_dags/example_nested_branch_dag.py took 0.077 seconds
[2024-08-05T00:12:38.670+0000] {processor.py:161} INFO - Started process (PID=22287) to work on /home/airflow/.local/lib/python3.12/site-packages/airflow/example_dags/example_nested_branch_dag.py
[2024-08-05T00:12:38.671+0000] {processor.py:830} INFO - Processing file /home/airflow/.local/lib/python3.12/site-packages/airflow/example_dags/example_nested_branch_dag.py for tasks to queue
[2024-08-05T00:12:38.673+0000] {logging_mixin.py:188} INFO - [2024-08-05T00:12:38.673+0000] {dagbag.py:545} INFO - Filling up the DagBag from /home/airflow/.local/lib/python3.12/site-packages/airflow/example_dags/example_nested_branch_dag.py
[2024-08-05T00:12:38.681+0000] {processor.py:840} INFO - DAG(s) 'example_nested_branch_dag' retrieved from /home/airflow/.local/lib/python3.12/site-packages/airflow/example_dags/example_nested_branch_dag.py
[2024-08-05T00:12:38.703+0000] {logging_mixin.py:188} INFO - [2024-08-05T00:12:38.702+0000] {dag.py:3089} INFO - Sync 1 DAGs
[2024-08-05T00:12:38.723+0000] {logging_mixin.py:188} INFO - [2024-08-05T00:12:38.722+0000] {dag.py:3947} INFO - Setting next_dagrun for example_nested_branch_dag to 2024-08-04 00:00:00+00:00, run_after=2024-08-05 00:00:00+00:00
[2024-08-05T00:12:38.738+0000] {processor.py:183} INFO - Processing /home/airflow/.local/lib/python3.12/site-packages/airflow/example_dags/example_nested_branch_dag.py took 0.074 seconds
[2024-08-05T00:13:08.881+0000] {processor.py:161} INFO - Started process (PID=22559) to work on /home/airflow/.local/lib/python3.12/site-packages/airflow/example_dags/example_nested_branch_dag.py
[2024-08-05T00:13:08.882+0000] {processor.py:830} INFO - Processing file /home/airflow/.local/lib/python3.12/site-packages/airflow/example_dags/example_nested_branch_dag.py for tasks to queue
[2024-08-05T00:13:08.885+0000] {logging_mixin.py:188} INFO - [2024-08-05T00:13:08.884+0000] {dagbag.py:545} INFO - Filling up the DagBag from /home/airflow/.local/lib/python3.12/site-packages/airflow/example_dags/example_nested_branch_dag.py
[2024-08-05T00:13:08.896+0000] {processor.py:840} INFO - DAG(s) 'example_nested_branch_dag' retrieved from /home/airflow/.local/lib/python3.12/site-packages/airflow/example_dags/example_nested_branch_dag.py
[2024-08-05T00:13:08.918+0000] {logging_mixin.py:188} INFO - [2024-08-05T00:13:08.918+0000] {dag.py:3089} INFO - Sync 1 DAGs
[2024-08-05T00:13:08.936+0000] {logging_mixin.py:188} INFO - [2024-08-05T00:13:08.935+0000] {dag.py:3947} INFO - Setting next_dagrun for example_nested_branch_dag to 2024-08-04 00:00:00+00:00, run_after=2024-08-05 00:00:00+00:00
[2024-08-05T00:13:08.952+0000] {processor.py:183} INFO - Processing /home/airflow/.local/lib/python3.12/site-packages/airflow/example_dags/example_nested_branch_dag.py took 0.076 seconds
[2024-08-05T00:13:39.575+0000] {processor.py:161} INFO - Started process (PID=22831) to work on /home/airflow/.local/lib/python3.12/site-packages/airflow/example_dags/example_nested_branch_dag.py
[2024-08-05T00:13:39.576+0000] {processor.py:830} INFO - Processing file /home/airflow/.local/lib/python3.12/site-packages/airflow/example_dags/example_nested_branch_dag.py for tasks to queue
[2024-08-05T00:13:39.587+0000] {logging_mixin.py:188} INFO - [2024-08-05T00:13:39.578+0000] {dagbag.py:545} INFO - Filling up the DagBag from /home/airflow/.local/lib/python3.12/site-packages/airflow/example_dags/example_nested_branch_dag.py
[2024-08-05T00:13:39.620+0000] {processor.py:840} INFO - DAG(s) 'example_nested_branch_dag' retrieved from /home/airflow/.local/lib/python3.12/site-packages/airflow/example_dags/example_nested_branch_dag.py
[2024-08-05T00:13:39.690+0000] {logging_mixin.py:188} INFO - [2024-08-05T00:13:39.689+0000] {dag.py:3089} INFO - Sync 1 DAGs
[2024-08-05T00:13:39.761+0000] {logging_mixin.py:188} INFO - [2024-08-05T00:13:39.761+0000] {dag.py:3947} INFO - Setting next_dagrun for example_nested_branch_dag to 2024-08-04 00:00:00+00:00, run_after=2024-08-05 00:00:00+00:00
[2024-08-05T00:13:39.817+0000] {processor.py:183} INFO - Processing /home/airflow/.local/lib/python3.12/site-packages/airflow/example_dags/example_nested_branch_dag.py took 0.254 seconds
[2024-08-05T00:14:10.726+0000] {processor.py:161} INFO - Started process (PID=23105) to work on /home/airflow/.local/lib/python3.12/site-packages/airflow/example_dags/example_nested_branch_dag.py
[2024-08-05T00:14:10.727+0000] {processor.py:830} INFO - Processing file /home/airflow/.local/lib/python3.12/site-packages/airflow/example_dags/example_nested_branch_dag.py for tasks to queue
[2024-08-05T00:14:10.728+0000] {logging_mixin.py:188} INFO - [2024-08-05T00:14:10.728+0000] {dagbag.py:545} INFO - Filling up the DagBag from /home/airflow/.local/lib/python3.12/site-packages/airflow/example_dags/example_nested_branch_dag.py
[2024-08-05T00:14:10.738+0000] {processor.py:840} INFO - DAG(s) 'example_nested_branch_dag' retrieved from /home/airflow/.local/lib/python3.12/site-packages/airflow/example_dags/example_nested_branch_dag.py
[2024-08-05T00:14:10.759+0000] {logging_mixin.py:188} INFO - [2024-08-05T00:14:10.758+0000] {dag.py:3089} INFO - Sync 1 DAGs
[2024-08-05T00:14:10.778+0000] {logging_mixin.py:188} INFO - [2024-08-05T00:14:10.778+0000] {dag.py:3947} INFO - Setting next_dagrun for example_nested_branch_dag to 2024-08-04 00:00:00+00:00, run_after=2024-08-05 00:00:00+00:00
[2024-08-05T00:14:10.797+0000] {processor.py:183} INFO - Processing /home/airflow/.local/lib/python3.12/site-packages/airflow/example_dags/example_nested_branch_dag.py took 0.076 seconds
[2024-08-05T00:14:40.833+0000] {processor.py:161} INFO - Started process (PID=23375) to work on /home/airflow/.local/lib/python3.12/site-packages/airflow/example_dags/example_nested_branch_dag.py
[2024-08-05T00:14:40.834+0000] {processor.py:830} INFO - Processing file /home/airflow/.local/lib/python3.12/site-packages/airflow/example_dags/example_nested_branch_dag.py for tasks to queue
[2024-08-05T00:14:40.836+0000] {logging_mixin.py:188} INFO - [2024-08-05T00:14:40.836+0000] {dagbag.py:545} INFO - Filling up the DagBag from /home/airflow/.local/lib/python3.12/site-packages/airflow/example_dags/example_nested_branch_dag.py
[2024-08-05T00:14:40.846+0000] {processor.py:840} INFO - DAG(s) 'example_nested_branch_dag' retrieved from /home/airflow/.local/lib/python3.12/site-packages/airflow/example_dags/example_nested_branch_dag.py
[2024-08-05T00:14:40.871+0000] {logging_mixin.py:188} INFO - [2024-08-05T00:14:40.871+0000] {dag.py:3089} INFO - Sync 1 DAGs
[2024-08-05T00:14:40.892+0000] {logging_mixin.py:188} INFO - [2024-08-05T00:14:40.892+0000] {dag.py:3947} INFO - Setting next_dagrun for example_nested_branch_dag to 2024-08-04 00:00:00+00:00, run_after=2024-08-05 00:00:00+00:00
[2024-08-05T00:14:40.909+0000] {processor.py:183} INFO - Processing /home/airflow/.local/lib/python3.12/site-packages/airflow/example_dags/example_nested_branch_dag.py took 0.082 seconds
[2024-08-05T00:15:11.038+0000] {processor.py:161} INFO - Started process (PID=23647) to work on /home/airflow/.local/lib/python3.12/site-packages/airflow/example_dags/example_nested_branch_dag.py
[2024-08-05T00:15:11.039+0000] {processor.py:830} INFO - Processing file /home/airflow/.local/lib/python3.12/site-packages/airflow/example_dags/example_nested_branch_dag.py for tasks to queue
[2024-08-05T00:15:11.041+0000] {logging_mixin.py:188} INFO - [2024-08-05T00:15:11.041+0000] {dagbag.py:545} INFO - Filling up the DagBag from /home/airflow/.local/lib/python3.12/site-packages/airflow/example_dags/example_nested_branch_dag.py
[2024-08-05T00:15:11.050+0000] {processor.py:840} INFO - DAG(s) 'example_nested_branch_dag' retrieved from /home/airflow/.local/lib/python3.12/site-packages/airflow/example_dags/example_nested_branch_dag.py
[2024-08-05T00:15:11.072+0000] {logging_mixin.py:188} INFO - [2024-08-05T00:15:11.072+0000] {dag.py:3089} INFO - Sync 1 DAGs
[2024-08-05T00:15:11.093+0000] {logging_mixin.py:188} INFO - [2024-08-05T00:15:11.093+0000] {dag.py:3947} INFO - Setting next_dagrun for example_nested_branch_dag to 2024-08-04 00:00:00+00:00, run_after=2024-08-05 00:00:00+00:00
[2024-08-05T00:15:11.110+0000] {processor.py:183} INFO - Processing /home/airflow/.local/lib/python3.12/site-packages/airflow/example_dags/example_nested_branch_dag.py took 0.077 seconds
[2024-08-05T00:15:41.414+0000] {processor.py:161} INFO - Started process (PID=23919) to work on /home/airflow/.local/lib/python3.12/site-packages/airflow/example_dags/example_nested_branch_dag.py
[2024-08-05T00:15:41.415+0000] {processor.py:830} INFO - Processing file /home/airflow/.local/lib/python3.12/site-packages/airflow/example_dags/example_nested_branch_dag.py for tasks to queue
[2024-08-05T00:15:41.417+0000] {logging_mixin.py:188} INFO - [2024-08-05T00:15:41.416+0000] {dagbag.py:545} INFO - Filling up the DagBag from /home/airflow/.local/lib/python3.12/site-packages/airflow/example_dags/example_nested_branch_dag.py
[2024-08-05T00:15:41.426+0000] {processor.py:840} INFO - DAG(s) 'example_nested_branch_dag' retrieved from /home/airflow/.local/lib/python3.12/site-packages/airflow/example_dags/example_nested_branch_dag.py
[2024-08-05T00:15:41.445+0000] {logging_mixin.py:188} INFO - [2024-08-05T00:15:41.445+0000] {dag.py:3089} INFO - Sync 1 DAGs
[2024-08-05T00:15:41.470+0000] {logging_mixin.py:188} INFO - [2024-08-05T00:15:41.470+0000] {dag.py:3947} INFO - Setting next_dagrun for example_nested_branch_dag to 2024-08-04 00:00:00+00:00, run_after=2024-08-05 00:00:00+00:00
[2024-08-05T00:15:41.486+0000] {processor.py:183} INFO - Processing /home/airflow/.local/lib/python3.12/site-packages/airflow/example_dags/example_nested_branch_dag.py took 0.078 seconds
[2024-08-05T00:16:11.839+0000] {processor.py:161} INFO - Started process (PID=24191) to work on /home/airflow/.local/lib/python3.12/site-packages/airflow/example_dags/example_nested_branch_dag.py
[2024-08-05T00:16:11.840+0000] {processor.py:830} INFO - Processing file /home/airflow/.local/lib/python3.12/site-packages/airflow/example_dags/example_nested_branch_dag.py for tasks to queue
[2024-08-05T00:16:11.841+0000] {logging_mixin.py:188} INFO - [2024-08-05T00:16:11.841+0000] {dagbag.py:545} INFO - Filling up the DagBag from /home/airflow/.local/lib/python3.12/site-packages/airflow/example_dags/example_nested_branch_dag.py
[2024-08-05T00:16:11.849+0000] {processor.py:840} INFO - DAG(s) 'example_nested_branch_dag' retrieved from /home/airflow/.local/lib/python3.12/site-packages/airflow/example_dags/example_nested_branch_dag.py
[2024-08-05T00:16:11.870+0000] {logging_mixin.py:188} INFO - [2024-08-05T00:16:11.869+0000] {dag.py:3089} INFO - Sync 1 DAGs
[2024-08-05T00:16:11.889+0000] {logging_mixin.py:188} INFO - [2024-08-05T00:16:11.889+0000] {dag.py:3947} INFO - Setting next_dagrun for example_nested_branch_dag to 2024-08-04 00:00:00+00:00, run_after=2024-08-05 00:00:00+00:00
[2024-08-05T00:16:11.905+0000] {processor.py:183} INFO - Processing /home/airflow/.local/lib/python3.12/site-packages/airflow/example_dags/example_nested_branch_dag.py took 0.070 seconds
[2024-08-05T00:16:42.235+0000] {processor.py:161} INFO - Started process (PID=24463) to work on /home/airflow/.local/lib/python3.12/site-packages/airflow/example_dags/example_nested_branch_dag.py
[2024-08-05T00:16:42.236+0000] {processor.py:830} INFO - Processing file /home/airflow/.local/lib/python3.12/site-packages/airflow/example_dags/example_nested_branch_dag.py for tasks to queue
[2024-08-05T00:16:42.237+0000] {logging_mixin.py:188} INFO - [2024-08-05T00:16:42.237+0000] {dagbag.py:545} INFO - Filling up the DagBag from /home/airflow/.local/lib/python3.12/site-packages/airflow/example_dags/example_nested_branch_dag.py
[2024-08-05T00:16:42.247+0000] {processor.py:840} INFO - DAG(s) 'example_nested_branch_dag' retrieved from /home/airflow/.local/lib/python3.12/site-packages/airflow/example_dags/example_nested_branch_dag.py
[2024-08-05T00:16:42.270+0000] {logging_mixin.py:188} INFO - [2024-08-05T00:16:42.270+0000] {dag.py:3089} INFO - Sync 1 DAGs
[2024-08-05T00:16:42.290+0000] {logging_mixin.py:188} INFO - [2024-08-05T00:16:42.290+0000] {dag.py:3947} INFO - Setting next_dagrun for example_nested_branch_dag to 2024-08-04 00:00:00+00:00, run_after=2024-08-05 00:00:00+00:00
[2024-08-05T00:16:42.307+0000] {processor.py:183} INFO - Processing /home/airflow/.local/lib/python3.12/site-packages/airflow/example_dags/example_nested_branch_dag.py took 0.077 seconds
[2024-08-05T00:17:12.600+0000] {processor.py:161} INFO - Started process (PID=24735) to work on /home/airflow/.local/lib/python3.12/site-packages/airflow/example_dags/example_nested_branch_dag.py
[2024-08-05T00:17:12.601+0000] {processor.py:830} INFO - Processing file /home/airflow/.local/lib/python3.12/site-packages/airflow/example_dags/example_nested_branch_dag.py for tasks to queue
[2024-08-05T00:17:12.602+0000] {logging_mixin.py:188} INFO - [2024-08-05T00:17:12.602+0000] {dagbag.py:545} INFO - Filling up the DagBag from /home/airflow/.local/lib/python3.12/site-packages/airflow/example_dags/example_nested_branch_dag.py
[2024-08-05T00:17:12.610+0000] {processor.py:840} INFO - DAG(s) 'example_nested_branch_dag' retrieved from /home/airflow/.local/lib/python3.12/site-packages/airflow/example_dags/example_nested_branch_dag.py
[2024-08-05T00:17:12.632+0000] {logging_mixin.py:188} INFO - [2024-08-05T00:17:12.632+0000] {dag.py:3089} INFO - Sync 1 DAGs
[2024-08-05T00:17:12.652+0000] {logging_mixin.py:188} INFO - [2024-08-05T00:17:12.652+0000] {dag.py:3947} INFO - Setting next_dagrun for example_nested_branch_dag to 2024-08-04 00:00:00+00:00, run_after=2024-08-05 00:00:00+00:00
[2024-08-05T00:17:12.668+0000] {processor.py:183} INFO - Processing /home/airflow/.local/lib/python3.12/site-packages/airflow/example_dags/example_nested_branch_dag.py took 0.073 seconds
[2024-08-05T00:17:42.823+0000] {processor.py:161} INFO - Started process (PID=25007) to work on /home/airflow/.local/lib/python3.12/site-packages/airflow/example_dags/example_nested_branch_dag.py
[2024-08-05T00:17:42.824+0000] {processor.py:830} INFO - Processing file /home/airflow/.local/lib/python3.12/site-packages/airflow/example_dags/example_nested_branch_dag.py for tasks to queue
[2024-08-05T00:17:42.826+0000] {logging_mixin.py:188} INFO - [2024-08-05T00:17:42.825+0000] {dagbag.py:545} INFO - Filling up the DagBag from /home/airflow/.local/lib/python3.12/site-packages/airflow/example_dags/example_nested_branch_dag.py
[2024-08-05T00:17:42.836+0000] {processor.py:840} INFO - DAG(s) 'example_nested_branch_dag' retrieved from /home/airflow/.local/lib/python3.12/site-packages/airflow/example_dags/example_nested_branch_dag.py
[2024-08-05T00:17:42.856+0000] {logging_mixin.py:188} INFO - [2024-08-05T00:17:42.856+0000] {dag.py:3089} INFO - Sync 1 DAGs
[2024-08-05T00:17:42.876+0000] {logging_mixin.py:188} INFO - [2024-08-05T00:17:42.876+0000] {dag.py:3947} INFO - Setting next_dagrun for example_nested_branch_dag to 2024-08-04 00:00:00+00:00, run_after=2024-08-05 00:00:00+00:00
[2024-08-05T00:17:42.893+0000] {processor.py:183} INFO - Processing /home/airflow/.local/lib/python3.12/site-packages/airflow/example_dags/example_nested_branch_dag.py took 0.074 seconds
[2024-08-05T00:18:13.143+0000] {processor.py:161} INFO - Started process (PID=25279) to work on /home/airflow/.local/lib/python3.12/site-packages/airflow/example_dags/example_nested_branch_dag.py
[2024-08-05T00:18:13.144+0000] {processor.py:830} INFO - Processing file /home/airflow/.local/lib/python3.12/site-packages/airflow/example_dags/example_nested_branch_dag.py for tasks to queue
[2024-08-05T00:18:13.145+0000] {logging_mixin.py:188} INFO - [2024-08-05T00:18:13.145+0000] {dagbag.py:545} INFO - Filling up the DagBag from /home/airflow/.local/lib/python3.12/site-packages/airflow/example_dags/example_nested_branch_dag.py
[2024-08-05T00:18:13.154+0000] {processor.py:840} INFO - DAG(s) 'example_nested_branch_dag' retrieved from /home/airflow/.local/lib/python3.12/site-packages/airflow/example_dags/example_nested_branch_dag.py
[2024-08-05T00:18:13.174+0000] {logging_mixin.py:188} INFO - [2024-08-05T00:18:13.173+0000] {dag.py:3089} INFO - Sync 1 DAGs
[2024-08-05T00:18:13.195+0000] {logging_mixin.py:188} INFO - [2024-08-05T00:18:13.195+0000] {dag.py:3947} INFO - Setting next_dagrun for example_nested_branch_dag to 2024-08-04 00:00:00+00:00, run_after=2024-08-05 00:00:00+00:00
[2024-08-05T00:18:13.212+0000] {processor.py:183} INFO - Processing /home/airflow/.local/lib/python3.12/site-packages/airflow/example_dags/example_nested_branch_dag.py took 0.073 seconds
[2024-08-05T00:18:43.384+0000] {processor.py:161} INFO - Started process (PID=25551) to work on /home/airflow/.local/lib/python3.12/site-packages/airflow/example_dags/example_nested_branch_dag.py
[2024-08-05T00:18:43.385+0000] {processor.py:830} INFO - Processing file /home/airflow/.local/lib/python3.12/site-packages/airflow/example_dags/example_nested_branch_dag.py for tasks to queue
[2024-08-05T00:18:43.386+0000] {logging_mixin.py:188} INFO - [2024-08-05T00:18:43.386+0000] {dagbag.py:545} INFO - Filling up the DagBag from /home/airflow/.local/lib/python3.12/site-packages/airflow/example_dags/example_nested_branch_dag.py
[2024-08-05T00:18:43.395+0000] {processor.py:840} INFO - DAG(s) 'example_nested_branch_dag' retrieved from /home/airflow/.local/lib/python3.12/site-packages/airflow/example_dags/example_nested_branch_dag.py
[2024-08-05T00:18:43.417+0000] {logging_mixin.py:188} INFO - [2024-08-05T00:18:43.417+0000] {dag.py:3089} INFO - Sync 1 DAGs
[2024-08-05T00:18:43.438+0000] {logging_mixin.py:188} INFO - [2024-08-05T00:18:43.438+0000] {dag.py:3947} INFO - Setting next_dagrun for example_nested_branch_dag to 2024-08-04 00:00:00+00:00, run_after=2024-08-05 00:00:00+00:00
[2024-08-05T00:18:43.456+0000] {processor.py:183} INFO - Processing /home/airflow/.local/lib/python3.12/site-packages/airflow/example_dags/example_nested_branch_dag.py took 0.076 seconds
[2024-08-05T00:19:13.581+0000] {processor.py:161} INFO - Started process (PID=25823) to work on /home/airflow/.local/lib/python3.12/site-packages/airflow/example_dags/example_nested_branch_dag.py
[2024-08-05T00:19:13.582+0000] {processor.py:830} INFO - Processing file /home/airflow/.local/lib/python3.12/site-packages/airflow/example_dags/example_nested_branch_dag.py for tasks to queue
[2024-08-05T00:19:13.584+0000] {logging_mixin.py:188} INFO - [2024-08-05T00:19:13.584+0000] {dagbag.py:545} INFO - Filling up the DagBag from /home/airflow/.local/lib/python3.12/site-packages/airflow/example_dags/example_nested_branch_dag.py
[2024-08-05T00:19:13.598+0000] {processor.py:840} INFO - DAG(s) 'example_nested_branch_dag' retrieved from /home/airflow/.local/lib/python3.12/site-packages/airflow/example_dags/example_nested_branch_dag.py
[2024-08-05T00:19:13.627+0000] {logging_mixin.py:188} INFO - [2024-08-05T00:19:13.627+0000] {dag.py:3089} INFO - Sync 1 DAGs
[2024-08-05T00:19:13.656+0000] {logging_mixin.py:188} INFO - [2024-08-05T00:19:13.655+0000] {dag.py:3947} INFO - Setting next_dagrun for example_nested_branch_dag to 2024-08-04 00:00:00+00:00, run_after=2024-08-05 00:00:00+00:00
[2024-08-05T00:19:13.676+0000] {processor.py:183} INFO - Processing /home/airflow/.local/lib/python3.12/site-packages/airflow/example_dags/example_nested_branch_dag.py took 0.100 seconds
[2024-08-05T00:19:43.894+0000] {processor.py:161} INFO - Started process (PID=26095) to work on /home/airflow/.local/lib/python3.12/site-packages/airflow/example_dags/example_nested_branch_dag.py
[2024-08-05T00:19:43.895+0000] {processor.py:830} INFO - Processing file /home/airflow/.local/lib/python3.12/site-packages/airflow/example_dags/example_nested_branch_dag.py for tasks to queue
[2024-08-05T00:19:43.897+0000] {logging_mixin.py:188} INFO - [2024-08-05T00:19:43.896+0000] {dagbag.py:545} INFO - Filling up the DagBag from /home/airflow/.local/lib/python3.12/site-packages/airflow/example_dags/example_nested_branch_dag.py
[2024-08-05T00:19:43.904+0000] {processor.py:840} INFO - DAG(s) 'example_nested_branch_dag' retrieved from /home/airflow/.local/lib/python3.12/site-packages/airflow/example_dags/example_nested_branch_dag.py
[2024-08-05T00:19:43.924+0000] {logging_mixin.py:188} INFO - [2024-08-05T00:19:43.924+0000] {dag.py:3089} INFO - Sync 1 DAGs
[2024-08-05T00:19:43.945+0000] {logging_mixin.py:188} INFO - [2024-08-05T00:19:43.945+0000] {dag.py:3947} INFO - Setting next_dagrun for example_nested_branch_dag to 2024-08-04 00:00:00+00:00, run_after=2024-08-05 00:00:00+00:00
[2024-08-05T00:19:43.961+0000] {processor.py:183} INFO - Processing /home/airflow/.local/lib/python3.12/site-packages/airflow/example_dags/example_nested_branch_dag.py took 0.072 seconds
[2024-08-05T00:20:14.035+0000] {processor.py:161} INFO - Started process (PID=26373) to work on /home/airflow/.local/lib/python3.12/site-packages/airflow/example_dags/example_nested_branch_dag.py
[2024-08-05T00:20:14.036+0000] {processor.py:830} INFO - Processing file /home/airflow/.local/lib/python3.12/site-packages/airflow/example_dags/example_nested_branch_dag.py for tasks to queue
[2024-08-05T00:20:14.037+0000] {logging_mixin.py:188} INFO - [2024-08-05T00:20:14.037+0000] {dagbag.py:545} INFO - Filling up the DagBag from /home/airflow/.local/lib/python3.12/site-packages/airflow/example_dags/example_nested_branch_dag.py
[2024-08-05T00:20:14.046+0000] {processor.py:840} INFO - DAG(s) 'example_nested_branch_dag' retrieved from /home/airflow/.local/lib/python3.12/site-packages/airflow/example_dags/example_nested_branch_dag.py
[2024-08-05T00:20:14.066+0000] {logging_mixin.py:188} INFO - [2024-08-05T00:20:14.066+0000] {dag.py:3089} INFO - Sync 1 DAGs
[2024-08-05T00:20:14.086+0000] {logging_mixin.py:188} INFO - [2024-08-05T00:20:14.086+0000] {dag.py:3947} INFO - Setting next_dagrun for example_nested_branch_dag to 2024-08-04 00:00:00+00:00, run_after=2024-08-05 00:00:00+00:00
[2024-08-05T00:20:14.102+0000] {processor.py:183} INFO - Processing /home/airflow/.local/lib/python3.12/site-packages/airflow/example_dags/example_nested_branch_dag.py took 0.071 seconds
[2024-08-05T00:20:44.660+0000] {processor.py:161} INFO - Started process (PID=26648) to work on /home/airflow/.local/lib/python3.12/site-packages/airflow/example_dags/example_nested_branch_dag.py
[2024-08-05T00:20:44.661+0000] {processor.py:830} INFO - Processing file /home/airflow/.local/lib/python3.12/site-packages/airflow/example_dags/example_nested_branch_dag.py for tasks to queue
[2024-08-05T00:20:44.663+0000] {logging_mixin.py:188} INFO - [2024-08-05T00:20:44.663+0000] {dagbag.py:545} INFO - Filling up the DagBag from /home/airflow/.local/lib/python3.12/site-packages/airflow/example_dags/example_nested_branch_dag.py
[2024-08-05T00:20:44.673+0000] {processor.py:840} INFO - DAG(s) 'example_nested_branch_dag' retrieved from /home/airflow/.local/lib/python3.12/site-packages/airflow/example_dags/example_nested_branch_dag.py
[2024-08-05T00:20:44.694+0000] {logging_mixin.py:188} INFO - [2024-08-05T00:20:44.694+0000] {dag.py:3089} INFO - Sync 1 DAGs
[2024-08-05T00:20:44.716+0000] {logging_mixin.py:188} INFO - [2024-08-05T00:20:44.715+0000] {dag.py:3947} INFO - Setting next_dagrun for example_nested_branch_dag to 2024-08-04 00:00:00+00:00, run_after=2024-08-05 00:00:00+00:00
[2024-08-05T00:20:44.733+0000] {processor.py:183} INFO - Processing /home/airflow/.local/lib/python3.12/site-packages/airflow/example_dags/example_nested_branch_dag.py took 0.079 seconds
[2024-08-05T00:21:15.113+0000] {processor.py:161} INFO - Started process (PID=26920) to work on /home/airflow/.local/lib/python3.12/site-packages/airflow/example_dags/example_nested_branch_dag.py
[2024-08-05T00:21:15.114+0000] {processor.py:830} INFO - Processing file /home/airflow/.local/lib/python3.12/site-packages/airflow/example_dags/example_nested_branch_dag.py for tasks to queue
[2024-08-05T00:21:15.115+0000] {logging_mixin.py:188} INFO - [2024-08-05T00:21:15.115+0000] {dagbag.py:545} INFO - Filling up the DagBag from /home/airflow/.local/lib/python3.12/site-packages/airflow/example_dags/example_nested_branch_dag.py
[2024-08-05T00:21:15.124+0000] {processor.py:840} INFO - DAG(s) 'example_nested_branch_dag' retrieved from /home/airflow/.local/lib/python3.12/site-packages/airflow/example_dags/example_nested_branch_dag.py
[2024-08-05T00:21:15.146+0000] {logging_mixin.py:188} INFO - [2024-08-05T00:21:15.146+0000] {dag.py:3089} INFO - Sync 1 DAGs
[2024-08-05T00:21:15.166+0000] {logging_mixin.py:188} INFO - [2024-08-05T00:21:15.165+0000] {dag.py:3947} INFO - Setting next_dagrun for example_nested_branch_dag to 2024-08-04 00:00:00+00:00, run_after=2024-08-05 00:00:00+00:00
[2024-08-05T00:21:15.183+0000] {processor.py:183} INFO - Processing /home/airflow/.local/lib/python3.12/site-packages/airflow/example_dags/example_nested_branch_dag.py took 0.075 seconds
[2024-08-05T00:21:45.358+0000] {processor.py:161} INFO - Started process (PID=27192) to work on /home/airflow/.local/lib/python3.12/site-packages/airflow/example_dags/example_nested_branch_dag.py
[2024-08-05T00:21:45.359+0000] {processor.py:830} INFO - Processing file /home/airflow/.local/lib/python3.12/site-packages/airflow/example_dags/example_nested_branch_dag.py for tasks to queue
[2024-08-05T00:21:45.361+0000] {logging_mixin.py:188} INFO - [2024-08-05T00:21:45.360+0000] {dagbag.py:545} INFO - Filling up the DagBag from /home/airflow/.local/lib/python3.12/site-packages/airflow/example_dags/example_nested_branch_dag.py
[2024-08-05T00:21:45.373+0000] {processor.py:840} INFO - DAG(s) 'example_nested_branch_dag' retrieved from /home/airflow/.local/lib/python3.12/site-packages/airflow/example_dags/example_nested_branch_dag.py
[2024-08-05T00:21:45.395+0000] {logging_mixin.py:188} INFO - [2024-08-05T00:21:45.395+0000] {dag.py:3089} INFO - Sync 1 DAGs
[2024-08-05T00:21:45.415+0000] {logging_mixin.py:188} INFO - [2024-08-05T00:21:45.415+0000] {dag.py:3947} INFO - Setting next_dagrun for example_nested_branch_dag to 2024-08-04 00:00:00+00:00, run_after=2024-08-05 00:00:00+00:00
[2024-08-05T00:21:45.431+0000] {processor.py:183} INFO - Processing /home/airflow/.local/lib/python3.12/site-packages/airflow/example_dags/example_nested_branch_dag.py took 0.079 seconds
[2024-08-05T00:22:15.774+0000] {processor.py:161} INFO - Started process (PID=27464) to work on /home/airflow/.local/lib/python3.12/site-packages/airflow/example_dags/example_nested_branch_dag.py
[2024-08-05T00:22:15.774+0000] {processor.py:830} INFO - Processing file /home/airflow/.local/lib/python3.12/site-packages/airflow/example_dags/example_nested_branch_dag.py for tasks to queue
[2024-08-05T00:22:15.776+0000] {logging_mixin.py:188} INFO - [2024-08-05T00:22:15.775+0000] {dagbag.py:545} INFO - Filling up the DagBag from /home/airflow/.local/lib/python3.12/site-packages/airflow/example_dags/example_nested_branch_dag.py
[2024-08-05T00:22:15.783+0000] {processor.py:840} INFO - DAG(s) 'example_nested_branch_dag' retrieved from /home/airflow/.local/lib/python3.12/site-packages/airflow/example_dags/example_nested_branch_dag.py
[2024-08-05T00:22:15.804+0000] {logging_mixin.py:188} INFO - [2024-08-05T00:22:15.804+0000] {dag.py:3089} INFO - Sync 1 DAGs
[2024-08-05T00:22:15.824+0000] {logging_mixin.py:188} INFO - [2024-08-05T00:22:15.824+0000] {dag.py:3947} INFO - Setting next_dagrun for example_nested_branch_dag to 2024-08-04 00:00:00+00:00, run_after=2024-08-05 00:00:00+00:00
[2024-08-05T00:22:15.840+0000] {processor.py:183} INFO - Processing /home/airflow/.local/lib/python3.12/site-packages/airflow/example_dags/example_nested_branch_dag.py took 0.071 seconds
[2024-08-05T00:22:46.233+0000] {processor.py:161} INFO - Started process (PID=27736) to work on /home/airflow/.local/lib/python3.12/site-packages/airflow/example_dags/example_nested_branch_dag.py
[2024-08-05T00:22:46.233+0000] {processor.py:830} INFO - Processing file /home/airflow/.local/lib/python3.12/site-packages/airflow/example_dags/example_nested_branch_dag.py for tasks to queue
[2024-08-05T00:22:46.235+0000] {logging_mixin.py:188} INFO - [2024-08-05T00:22:46.235+0000] {dagbag.py:545} INFO - Filling up the DagBag from /home/airflow/.local/lib/python3.12/site-packages/airflow/example_dags/example_nested_branch_dag.py
[2024-08-05T00:22:46.246+0000] {processor.py:840} INFO - DAG(s) 'example_nested_branch_dag' retrieved from /home/airflow/.local/lib/python3.12/site-packages/airflow/example_dags/example_nested_branch_dag.py
[2024-08-05T00:22:46.267+0000] {logging_mixin.py:188} INFO - [2024-08-05T00:22:46.266+0000] {dag.py:3089} INFO - Sync 1 DAGs
[2024-08-05T00:22:46.290+0000] {logging_mixin.py:188} INFO - [2024-08-05T00:22:46.290+0000] {dag.py:3947} INFO - Setting next_dagrun for example_nested_branch_dag to 2024-08-04 00:00:00+00:00, run_after=2024-08-05 00:00:00+00:00
[2024-08-05T00:22:46.307+0000] {processor.py:183} INFO - Processing /home/airflow/.local/lib/python3.12/site-packages/airflow/example_dags/example_nested_branch_dag.py took 0.078 seconds
[2024-08-05T00:23:16.826+0000] {processor.py:161} INFO - Started process (PID=28008) to work on /home/airflow/.local/lib/python3.12/site-packages/airflow/example_dags/example_nested_branch_dag.py
[2024-08-05T00:23:16.827+0000] {processor.py:830} INFO - Processing file /home/airflow/.local/lib/python3.12/site-packages/airflow/example_dags/example_nested_branch_dag.py for tasks to queue
[2024-08-05T00:23:16.828+0000] {logging_mixin.py:188} INFO - [2024-08-05T00:23:16.828+0000] {dagbag.py:545} INFO - Filling up the DagBag from /home/airflow/.local/lib/python3.12/site-packages/airflow/example_dags/example_nested_branch_dag.py
[2024-08-05T00:23:16.837+0000] {processor.py:840} INFO - DAG(s) 'example_nested_branch_dag' retrieved from /home/airflow/.local/lib/python3.12/site-packages/airflow/example_dags/example_nested_branch_dag.py
[2024-08-05T00:23:16.860+0000] {logging_mixin.py:188} INFO - [2024-08-05T00:23:16.860+0000] {dag.py:3089} INFO - Sync 1 DAGs
[2024-08-05T00:23:16.881+0000] {logging_mixin.py:188} INFO - [2024-08-05T00:23:16.881+0000] {dag.py:3947} INFO - Setting next_dagrun for example_nested_branch_dag to 2024-08-04 00:00:00+00:00, run_after=2024-08-05 00:00:00+00:00
[2024-08-05T00:23:16.899+0000] {processor.py:183} INFO - Processing /home/airflow/.local/lib/python3.12/site-packages/airflow/example_dags/example_nested_branch_dag.py took 0.077 seconds
[2024-08-05T00:23:47.441+0000] {processor.py:161} INFO - Started process (PID=28280) to work on /home/airflow/.local/lib/python3.12/site-packages/airflow/example_dags/example_nested_branch_dag.py
[2024-08-05T00:23:47.442+0000] {processor.py:830} INFO - Processing file /home/airflow/.local/lib/python3.12/site-packages/airflow/example_dags/example_nested_branch_dag.py for tasks to queue
[2024-08-05T00:23:47.443+0000] {logging_mixin.py:188} INFO - [2024-08-05T00:23:47.443+0000] {dagbag.py:545} INFO - Filling up the DagBag from /home/airflow/.local/lib/python3.12/site-packages/airflow/example_dags/example_nested_branch_dag.py
[2024-08-05T00:23:47.452+0000] {processor.py:840} INFO - DAG(s) 'example_nested_branch_dag' retrieved from /home/airflow/.local/lib/python3.12/site-packages/airflow/example_dags/example_nested_branch_dag.py
[2024-08-05T00:23:47.472+0000] {logging_mixin.py:188} INFO - [2024-08-05T00:23:47.472+0000] {dag.py:3089} INFO - Sync 1 DAGs
[2024-08-05T00:23:47.492+0000] {logging_mixin.py:188} INFO - [2024-08-05T00:23:47.492+0000] {dag.py:3947} INFO - Setting next_dagrun for example_nested_branch_dag to 2024-08-04 00:00:00+00:00, run_after=2024-08-05 00:00:00+00:00
[2024-08-05T00:23:47.508+0000] {processor.py:183} INFO - Processing /home/airflow/.local/lib/python3.12/site-packages/airflow/example_dags/example_nested_branch_dag.py took 0.071 seconds
[2024-08-05T00:24:17.909+0000] {processor.py:161} INFO - Started process (PID=28552) to work on /home/airflow/.local/lib/python3.12/site-packages/airflow/example_dags/example_nested_branch_dag.py
[2024-08-05T00:24:17.910+0000] {processor.py:830} INFO - Processing file /home/airflow/.local/lib/python3.12/site-packages/airflow/example_dags/example_nested_branch_dag.py for tasks to queue
[2024-08-05T00:24:17.911+0000] {logging_mixin.py:188} INFO - [2024-08-05T00:24:17.911+0000] {dagbag.py:545} INFO - Filling up the DagBag from /home/airflow/.local/lib/python3.12/site-packages/airflow/example_dags/example_nested_branch_dag.py
[2024-08-05T00:24:17.918+0000] {processor.py:840} INFO - DAG(s) 'example_nested_branch_dag' retrieved from /home/airflow/.local/lib/python3.12/site-packages/airflow/example_dags/example_nested_branch_dag.py
[2024-08-05T00:24:18.054+0000] {logging_mixin.py:188} INFO - [2024-08-05T00:24:18.054+0000] {dag.py:3089} INFO - Sync 1 DAGs
[2024-08-05T00:24:18.070+0000] {logging_mixin.py:188} INFO - [2024-08-05T00:24:18.070+0000] {dag.py:3947} INFO - Setting next_dagrun for example_nested_branch_dag to 2024-08-04 00:00:00+00:00, run_after=2024-08-05 00:00:00+00:00
[2024-08-05T00:24:18.082+0000] {processor.py:183} INFO - Processing /home/airflow/.local/lib/python3.12/site-packages/airflow/example_dags/example_nested_branch_dag.py took 0.177 seconds
[2024-08-05T00:24:48.685+0000] {processor.py:161} INFO - Started process (PID=28824) to work on /home/airflow/.local/lib/python3.12/site-packages/airflow/example_dags/example_nested_branch_dag.py
[2024-08-05T00:24:48.686+0000] {processor.py:830} INFO - Processing file /home/airflow/.local/lib/python3.12/site-packages/airflow/example_dags/example_nested_branch_dag.py for tasks to queue
[2024-08-05T00:24:48.687+0000] {logging_mixin.py:188} INFO - [2024-08-05T00:24:48.687+0000] {dagbag.py:545} INFO - Filling up the DagBag from /home/airflow/.local/lib/python3.12/site-packages/airflow/example_dags/example_nested_branch_dag.py
[2024-08-05T00:24:48.694+0000] {processor.py:840} INFO - DAG(s) 'example_nested_branch_dag' retrieved from /home/airflow/.local/lib/python3.12/site-packages/airflow/example_dags/example_nested_branch_dag.py
[2024-08-05T00:24:48.711+0000] {logging_mixin.py:188} INFO - [2024-08-05T00:24:48.711+0000] {dag.py:3089} INFO - Sync 1 DAGs
[2024-08-05T00:24:48.727+0000] {logging_mixin.py:188} INFO - [2024-08-05T00:24:48.727+0000] {dag.py:3947} INFO - Setting next_dagrun for example_nested_branch_dag to 2024-08-04 00:00:00+00:00, run_after=2024-08-05 00:00:00+00:00
[2024-08-05T00:24:48.739+0000] {processor.py:183} INFO - Processing /home/airflow/.local/lib/python3.12/site-packages/airflow/example_dags/example_nested_branch_dag.py took 0.058 seconds
