[2024-08-05T00:00:29.752+0000] {processor.py:161} INFO - Started process (PID=15821) to work on /home/airflow/.local/lib/python3.12/site-packages/airflow/example_dags/example_display_name.py
[2024-08-05T00:00:29.753+0000] {processor.py:830} INFO - Processing file /home/airflow/.local/lib/python3.12/site-packages/airflow/example_dags/example_display_name.py for tasks to queue
[2024-08-05T00:00:29.755+0000] {logging_mixin.py:188} INFO - [2024-08-05T00:00:29.754+0000] {dagbag.py:545} INFO - Filling up the DagBag from /home/airflow/.local/lib/python3.12/site-packages/airflow/example_dags/example_display_name.py
[2024-08-05T00:00:29.760+0000] {processor.py:840} INFO - DAG(s) 'example_display_name' retrieved from /home/airflow/.local/lib/python3.12/site-packages/airflow/example_dags/example_display_name.py
[2024-08-05T00:00:29.778+0000] {logging_mixin.py:188} INFO - [2024-08-05T00:00:29.778+0000] {dag.py:3089} INFO - Sync 1 DAGs
[2024-08-05T00:00:29.789+0000] {logging_mixin.py:188} INFO - [2024-08-05T00:00:29.789+0000] {dag.py:3947} INFO - Setting next_dagrun for example_display_name to None, run_after=None
[2024-08-05T00:00:29.804+0000] {processor.py:183} INFO - Processing /home/airflow/.local/lib/python3.12/site-packages/airflow/example_dags/example_display_name.py took 0.056 seconds
[2024-08-05T00:01:00.468+0000] {processor.py:161} INFO - Started process (PID=16093) to work on /home/airflow/.local/lib/python3.12/site-packages/airflow/example_dags/example_display_name.py
[2024-08-05T00:01:00.469+0000] {processor.py:830} INFO - Processing file /home/airflow/.local/lib/python3.12/site-packages/airflow/example_dags/example_display_name.py for tasks to queue
[2024-08-05T00:01:00.470+0000] {logging_mixin.py:188} INFO - [2024-08-05T00:01:00.470+0000] {dagbag.py:545} INFO - Filling up the DagBag from /home/airflow/.local/lib/python3.12/site-packages/airflow/example_dags/example_display_name.py
[2024-08-05T00:01:00.475+0000] {processor.py:840} INFO - DAG(s) 'example_display_name' retrieved from /home/airflow/.local/lib/python3.12/site-packages/airflow/example_dags/example_display_name.py
[2024-08-05T00:01:00.494+0000] {logging_mixin.py:188} INFO - [2024-08-05T00:01:00.494+0000] {dag.py:3089} INFO - Sync 1 DAGs
[2024-08-05T00:01:00.507+0000] {logging_mixin.py:188} INFO - [2024-08-05T00:01:00.507+0000] {dag.py:3947} INFO - Setting next_dagrun for example_display_name to None, run_after=None
[2024-08-05T00:01:00.526+0000] {processor.py:183} INFO - Processing /home/airflow/.local/lib/python3.12/site-packages/airflow/example_dags/example_display_name.py took 0.062 seconds
[2024-08-05T00:01:30.749+0000] {processor.py:161} INFO - Started process (PID=16365) to work on /home/airflow/.local/lib/python3.12/site-packages/airflow/example_dags/example_display_name.py
[2024-08-05T00:01:30.750+0000] {processor.py:830} INFO - Processing file /home/airflow/.local/lib/python3.12/site-packages/airflow/example_dags/example_display_name.py for tasks to queue
[2024-08-05T00:01:30.752+0000] {logging_mixin.py:188} INFO - [2024-08-05T00:01:30.752+0000] {dagbag.py:545} INFO - Filling up the DagBag from /home/airflow/.local/lib/python3.12/site-packages/airflow/example_dags/example_display_name.py
[2024-08-05T00:01:30.757+0000] {processor.py:840} INFO - DAG(s) 'example_display_name' retrieved from /home/airflow/.local/lib/python3.12/site-packages/airflow/example_dags/example_display_name.py
[2024-08-05T00:01:30.775+0000] {logging_mixin.py:188} INFO - [2024-08-05T00:01:30.774+0000] {dag.py:3089} INFO - Sync 1 DAGs
[2024-08-05T00:01:30.787+0000] {logging_mixin.py:188} INFO - [2024-08-05T00:01:30.786+0000] {dag.py:3947} INFO - Setting next_dagrun for example_display_name to None, run_after=None
[2024-08-05T00:01:30.803+0000] {processor.py:183} INFO - Processing /home/airflow/.local/lib/python3.12/site-packages/airflow/example_dags/example_display_name.py took 0.060 seconds
[2024-08-05T00:02:00.922+0000] {processor.py:161} INFO - Started process (PID=16637) to work on /home/airflow/.local/lib/python3.12/site-packages/airflow/example_dags/example_display_name.py
[2024-08-05T00:02:00.923+0000] {processor.py:830} INFO - Processing file /home/airflow/.local/lib/python3.12/site-packages/airflow/example_dags/example_display_name.py for tasks to queue
[2024-08-05T00:02:00.924+0000] {logging_mixin.py:188} INFO - [2024-08-05T00:02:00.924+0000] {dagbag.py:545} INFO - Filling up the DagBag from /home/airflow/.local/lib/python3.12/site-packages/airflow/example_dags/example_display_name.py
[2024-08-05T00:02:00.928+0000] {processor.py:840} INFO - DAG(s) 'example_display_name' retrieved from /home/airflow/.local/lib/python3.12/site-packages/airflow/example_dags/example_display_name.py
[2024-08-05T00:02:00.946+0000] {logging_mixin.py:188} INFO - [2024-08-05T00:02:00.946+0000] {dag.py:3089} INFO - Sync 1 DAGs
[2024-08-05T00:02:00.958+0000] {logging_mixin.py:188} INFO - [2024-08-05T00:02:00.957+0000] {dag.py:3947} INFO - Setting next_dagrun for example_display_name to None, run_after=None
[2024-08-05T00:02:00.974+0000] {processor.py:183} INFO - Processing /home/airflow/.local/lib/python3.12/site-packages/airflow/example_dags/example_display_name.py took 0.057 seconds
[2024-08-05T00:02:31.038+0000] {processor.py:161} INFO - Started process (PID=16909) to work on /home/airflow/.local/lib/python3.12/site-packages/airflow/example_dags/example_display_name.py
[2024-08-05T00:02:31.039+0000] {processor.py:830} INFO - Processing file /home/airflow/.local/lib/python3.12/site-packages/airflow/example_dags/example_display_name.py for tasks to queue
[2024-08-05T00:02:31.040+0000] {logging_mixin.py:188} INFO - [2024-08-05T00:02:31.040+0000] {dagbag.py:545} INFO - Filling up the DagBag from /home/airflow/.local/lib/python3.12/site-packages/airflow/example_dags/example_display_name.py
[2024-08-05T00:02:31.044+0000] {processor.py:840} INFO - DAG(s) 'example_display_name' retrieved from /home/airflow/.local/lib/python3.12/site-packages/airflow/example_dags/example_display_name.py
[2024-08-05T00:02:31.063+0000] {logging_mixin.py:188} INFO - [2024-08-05T00:02:31.062+0000] {dag.py:3089} INFO - Sync 1 DAGs
[2024-08-05T00:02:31.075+0000] {logging_mixin.py:188} INFO - [2024-08-05T00:02:31.074+0000] {dag.py:3947} INFO - Setting next_dagrun for example_display_name to None, run_after=None
[2024-08-05T00:02:31.090+0000] {processor.py:183} INFO - Processing /home/airflow/.local/lib/python3.12/site-packages/airflow/example_dags/example_display_name.py took 0.057 seconds
[2024-08-05T00:03:01.322+0000] {processor.py:161} INFO - Started process (PID=17181) to work on /home/airflow/.local/lib/python3.12/site-packages/airflow/example_dags/example_display_name.py
[2024-08-05T00:03:01.323+0000] {processor.py:830} INFO - Processing file /home/airflow/.local/lib/python3.12/site-packages/airflow/example_dags/example_display_name.py for tasks to queue
[2024-08-05T00:03:01.324+0000] {logging_mixin.py:188} INFO - [2024-08-05T00:03:01.324+0000] {dagbag.py:545} INFO - Filling up the DagBag from /home/airflow/.local/lib/python3.12/site-packages/airflow/example_dags/example_display_name.py
[2024-08-05T00:03:01.328+0000] {processor.py:840} INFO - DAG(s) 'example_display_name' retrieved from /home/airflow/.local/lib/python3.12/site-packages/airflow/example_dags/example_display_name.py
[2024-08-05T00:03:01.346+0000] {logging_mixin.py:188} INFO - [2024-08-05T00:03:01.346+0000] {dag.py:3089} INFO - Sync 1 DAGs
[2024-08-05T00:03:01.358+0000] {logging_mixin.py:188} INFO - [2024-08-05T00:03:01.358+0000] {dag.py:3947} INFO - Setting next_dagrun for example_display_name to None, run_after=None
[2024-08-05T00:03:01.375+0000] {processor.py:183} INFO - Processing /home/airflow/.local/lib/python3.12/site-packages/airflow/example_dags/example_display_name.py took 0.059 seconds
[2024-08-05T00:03:31.722+0000] {processor.py:161} INFO - Started process (PID=17453) to work on /home/airflow/.local/lib/python3.12/site-packages/airflow/example_dags/example_display_name.py
[2024-08-05T00:03:31.723+0000] {processor.py:830} INFO - Processing file /home/airflow/.local/lib/python3.12/site-packages/airflow/example_dags/example_display_name.py for tasks to queue
[2024-08-05T00:03:31.724+0000] {logging_mixin.py:188} INFO - [2024-08-05T00:03:31.724+0000] {dagbag.py:545} INFO - Filling up the DagBag from /home/airflow/.local/lib/python3.12/site-packages/airflow/example_dags/example_display_name.py
[2024-08-05T00:03:31.729+0000] {processor.py:840} INFO - DAG(s) 'example_display_name' retrieved from /home/airflow/.local/lib/python3.12/site-packages/airflow/example_dags/example_display_name.py
[2024-08-05T00:03:31.747+0000] {logging_mixin.py:188} INFO - [2024-08-05T00:03:31.747+0000] {dag.py:3089} INFO - Sync 1 DAGs
[2024-08-05T00:03:31.758+0000] {logging_mixin.py:188} INFO - [2024-08-05T00:03:31.758+0000] {dag.py:3947} INFO - Setting next_dagrun for example_display_name to None, run_after=None
[2024-08-05T00:03:31.775+0000] {processor.py:183} INFO - Processing /home/airflow/.local/lib/python3.12/site-packages/airflow/example_dags/example_display_name.py took 0.059 seconds
[2024-08-05T00:04:01.914+0000] {processor.py:161} INFO - Started process (PID=17725) to work on /home/airflow/.local/lib/python3.12/site-packages/airflow/example_dags/example_display_name.py
[2024-08-05T00:04:01.915+0000] {processor.py:830} INFO - Processing file /home/airflow/.local/lib/python3.12/site-packages/airflow/example_dags/example_display_name.py for tasks to queue
[2024-08-05T00:04:01.916+0000] {logging_mixin.py:188} INFO - [2024-08-05T00:04:01.916+0000] {dagbag.py:545} INFO - Filling up the DagBag from /home/airflow/.local/lib/python3.12/site-packages/airflow/example_dags/example_display_name.py
[2024-08-05T00:04:01.921+0000] {processor.py:840} INFO - DAG(s) 'example_display_name' retrieved from /home/airflow/.local/lib/python3.12/site-packages/airflow/example_dags/example_display_name.py
[2024-08-05T00:04:01.941+0000] {logging_mixin.py:188} INFO - [2024-08-05T00:04:01.940+0000] {dag.py:3089} INFO - Sync 1 DAGs
[2024-08-05T00:04:01.953+0000] {logging_mixin.py:188} INFO - [2024-08-05T00:04:01.952+0000] {dag.py:3947} INFO - Setting next_dagrun for example_display_name to None, run_after=None
[2024-08-05T00:04:01.969+0000] {processor.py:183} INFO - Processing /home/airflow/.local/lib/python3.12/site-packages/airflow/example_dags/example_display_name.py took 0.060 seconds
[2024-08-05T00:04:32.171+0000] {processor.py:161} INFO - Started process (PID=17997) to work on /home/airflow/.local/lib/python3.12/site-packages/airflow/example_dags/example_display_name.py
[2024-08-05T00:04:32.172+0000] {processor.py:830} INFO - Processing file /home/airflow/.local/lib/python3.12/site-packages/airflow/example_dags/example_display_name.py for tasks to queue
[2024-08-05T00:04:32.174+0000] {logging_mixin.py:188} INFO - [2024-08-05T00:04:32.173+0000] {dagbag.py:545} INFO - Filling up the DagBag from /home/airflow/.local/lib/python3.12/site-packages/airflow/example_dags/example_display_name.py
[2024-08-05T00:04:32.178+0000] {processor.py:840} INFO - DAG(s) 'example_display_name' retrieved from /home/airflow/.local/lib/python3.12/site-packages/airflow/example_dags/example_display_name.py
[2024-08-05T00:04:32.199+0000] {logging_mixin.py:188} INFO - [2024-08-05T00:04:32.198+0000] {dag.py:3089} INFO - Sync 1 DAGs
[2024-08-05T00:04:32.211+0000] {logging_mixin.py:188} INFO - [2024-08-05T00:04:32.211+0000] {dag.py:3947} INFO - Setting next_dagrun for example_display_name to None, run_after=None
[2024-08-05T00:04:32.228+0000] {processor.py:183} INFO - Processing /home/airflow/.local/lib/python3.12/site-packages/airflow/example_dags/example_display_name.py took 0.063 seconds
[2024-08-05T00:05:03.115+0000] {processor.py:161} INFO - Started process (PID=18263) to work on /home/airflow/.local/lib/python3.12/site-packages/airflow/example_dags/example_display_name.py
[2024-08-05T00:05:03.116+0000] {processor.py:830} INFO - Processing file /home/airflow/.local/lib/python3.12/site-packages/airflow/example_dags/example_display_name.py for tasks to queue
[2024-08-05T00:05:03.118+0000] {logging_mixin.py:188} INFO - [2024-08-05T00:05:03.118+0000] {dagbag.py:545} INFO - Filling up the DagBag from /home/airflow/.local/lib/python3.12/site-packages/airflow/example_dags/example_display_name.py
[2024-08-05T00:05:03.124+0000] {processor.py:840} INFO - DAG(s) 'example_display_name' retrieved from /home/airflow/.local/lib/python3.12/site-packages/airflow/example_dags/example_display_name.py
[2024-08-05T00:05:03.148+0000] {logging_mixin.py:188} INFO - [2024-08-05T00:05:03.148+0000] {dag.py:3089} INFO - Sync 1 DAGs
[2024-08-05T00:05:03.163+0000] {logging_mixin.py:188} INFO - [2024-08-05T00:05:03.162+0000] {dag.py:3947} INFO - Setting next_dagrun for example_display_name to None, run_after=None
[2024-08-05T00:05:03.181+0000] {processor.py:183} INFO - Processing /home/airflow/.local/lib/python3.12/site-packages/airflow/example_dags/example_display_name.py took 0.071 seconds
[2024-08-05T00:05:33.344+0000] {processor.py:161} INFO - Started process (PID=18535) to work on /home/airflow/.local/lib/python3.12/site-packages/airflow/example_dags/example_display_name.py
[2024-08-05T00:05:33.345+0000] {processor.py:830} INFO - Processing file /home/airflow/.local/lib/python3.12/site-packages/airflow/example_dags/example_display_name.py for tasks to queue
[2024-08-05T00:05:33.347+0000] {logging_mixin.py:188} INFO - [2024-08-05T00:05:33.346+0000] {dagbag.py:545} INFO - Filling up the DagBag from /home/airflow/.local/lib/python3.12/site-packages/airflow/example_dags/example_display_name.py
[2024-08-05T00:05:33.352+0000] {processor.py:840} INFO - DAG(s) 'example_display_name' retrieved from /home/airflow/.local/lib/python3.12/site-packages/airflow/example_dags/example_display_name.py
[2024-08-05T00:05:33.372+0000] {logging_mixin.py:188} INFO - [2024-08-05T00:05:33.372+0000] {dag.py:3089} INFO - Sync 1 DAGs
[2024-08-05T00:05:33.385+0000] {logging_mixin.py:188} INFO - [2024-08-05T00:05:33.385+0000] {dag.py:3947} INFO - Setting next_dagrun for example_display_name to None, run_after=None
[2024-08-05T00:05:33.403+0000] {processor.py:183} INFO - Processing /home/airflow/.local/lib/python3.12/site-packages/airflow/example_dags/example_display_name.py took 0.063 seconds
[2024-08-05T00:06:03.633+0000] {processor.py:161} INFO - Started process (PID=18807) to work on /home/airflow/.local/lib/python3.12/site-packages/airflow/example_dags/example_display_name.py
[2024-08-05T00:06:03.634+0000] {processor.py:830} INFO - Processing file /home/airflow/.local/lib/python3.12/site-packages/airflow/example_dags/example_display_name.py for tasks to queue
[2024-08-05T00:06:03.636+0000] {logging_mixin.py:188} INFO - [2024-08-05T00:06:03.635+0000] {dagbag.py:545} INFO - Filling up the DagBag from /home/airflow/.local/lib/python3.12/site-packages/airflow/example_dags/example_display_name.py
[2024-08-05T00:06:03.640+0000] {processor.py:840} INFO - DAG(s) 'example_display_name' retrieved from /home/airflow/.local/lib/python3.12/site-packages/airflow/example_dags/example_display_name.py
[2024-08-05T00:06:03.659+0000] {logging_mixin.py:188} INFO - [2024-08-05T00:06:03.659+0000] {dag.py:3089} INFO - Sync 1 DAGs
[2024-08-05T00:06:03.671+0000] {logging_mixin.py:188} INFO - [2024-08-05T00:06:03.670+0000] {dag.py:3947} INFO - Setting next_dagrun for example_display_name to None, run_after=None
[2024-08-05T00:06:03.687+0000] {processor.py:183} INFO - Processing /home/airflow/.local/lib/python3.12/site-packages/airflow/example_dags/example_display_name.py took 0.058 seconds
[2024-08-05T00:06:33.882+0000] {processor.py:161} INFO - Started process (PID=19079) to work on /home/airflow/.local/lib/python3.12/site-packages/airflow/example_dags/example_display_name.py
[2024-08-05T00:06:33.883+0000] {processor.py:830} INFO - Processing file /home/airflow/.local/lib/python3.12/site-packages/airflow/example_dags/example_display_name.py for tasks to queue
[2024-08-05T00:06:33.885+0000] {logging_mixin.py:188} INFO - [2024-08-05T00:06:33.884+0000] {dagbag.py:545} INFO - Filling up the DagBag from /home/airflow/.local/lib/python3.12/site-packages/airflow/example_dags/example_display_name.py
[2024-08-05T00:06:33.889+0000] {processor.py:840} INFO - DAG(s) 'example_display_name' retrieved from /home/airflow/.local/lib/python3.12/site-packages/airflow/example_dags/example_display_name.py
[2024-08-05T00:06:33.908+0000] {logging_mixin.py:188} INFO - [2024-08-05T00:06:33.907+0000] {dag.py:3089} INFO - Sync 1 DAGs
[2024-08-05T00:06:33.921+0000] {logging_mixin.py:188} INFO - [2024-08-05T00:06:33.921+0000] {dag.py:3947} INFO - Setting next_dagrun for example_display_name to None, run_after=None
[2024-08-05T00:06:33.939+0000] {processor.py:183} INFO - Processing /home/airflow/.local/lib/python3.12/site-packages/airflow/example_dags/example_display_name.py took 0.061 seconds
[2024-08-05T00:07:04.872+0000] {processor.py:161} INFO - Started process (PID=19351) to work on /home/airflow/.local/lib/python3.12/site-packages/airflow/example_dags/example_display_name.py
[2024-08-05T00:07:04.873+0000] {processor.py:830} INFO - Processing file /home/airflow/.local/lib/python3.12/site-packages/airflow/example_dags/example_display_name.py for tasks to queue
[2024-08-05T00:07:04.875+0000] {logging_mixin.py:188} INFO - [2024-08-05T00:07:04.875+0000] {dagbag.py:545} INFO - Filling up the DagBag from /home/airflow/.local/lib/python3.12/site-packages/airflow/example_dags/example_display_name.py
[2024-08-05T00:07:04.882+0000] {processor.py:840} INFO - DAG(s) 'example_display_name' retrieved from /home/airflow/.local/lib/python3.12/site-packages/airflow/example_dags/example_display_name.py
[2024-08-05T00:07:04.902+0000] {logging_mixin.py:188} INFO - [2024-08-05T00:07:04.902+0000] {dag.py:3089} INFO - Sync 1 DAGs
[2024-08-05T00:07:04.916+0000] {logging_mixin.py:188} INFO - [2024-08-05T00:07:04.916+0000] {dag.py:3947} INFO - Setting next_dagrun for example_display_name to None, run_after=None
[2024-08-05T00:07:04.934+0000] {processor.py:183} INFO - Processing /home/airflow/.local/lib/python3.12/site-packages/airflow/example_dags/example_display_name.py took 0.067 seconds
[2024-08-05T00:07:35.208+0000] {processor.py:161} INFO - Started process (PID=19623) to work on /home/airflow/.local/lib/python3.12/site-packages/airflow/example_dags/example_display_name.py
[2024-08-05T00:07:35.209+0000] {processor.py:830} INFO - Processing file /home/airflow/.local/lib/python3.12/site-packages/airflow/example_dags/example_display_name.py for tasks to queue
[2024-08-05T00:07:35.211+0000] {logging_mixin.py:188} INFO - [2024-08-05T00:07:35.211+0000] {dagbag.py:545} INFO - Filling up the DagBag from /home/airflow/.local/lib/python3.12/site-packages/airflow/example_dags/example_display_name.py
[2024-08-05T00:07:35.217+0000] {processor.py:840} INFO - DAG(s) 'example_display_name' retrieved from /home/airflow/.local/lib/python3.12/site-packages/airflow/example_dags/example_display_name.py
[2024-08-05T00:07:35.238+0000] {logging_mixin.py:188} INFO - [2024-08-05T00:07:35.238+0000] {dag.py:3089} INFO - Sync 1 DAGs
[2024-08-05T00:07:35.251+0000] {logging_mixin.py:188} INFO - [2024-08-05T00:07:35.251+0000] {dag.py:3947} INFO - Setting next_dagrun for example_display_name to None, run_after=None
[2024-08-05T00:07:35.268+0000] {processor.py:183} INFO - Processing /home/airflow/.local/lib/python3.12/site-packages/airflow/example_dags/example_display_name.py took 0.064 seconds
[2024-08-05T00:08:05.414+0000] {processor.py:161} INFO - Started process (PID=19895) to work on /home/airflow/.local/lib/python3.12/site-packages/airflow/example_dags/example_display_name.py
[2024-08-05T00:08:05.414+0000] {processor.py:830} INFO - Processing file /home/airflow/.local/lib/python3.12/site-packages/airflow/example_dags/example_display_name.py for tasks to queue
[2024-08-05T00:08:05.416+0000] {logging_mixin.py:188} INFO - [2024-08-05T00:08:05.415+0000] {dagbag.py:545} INFO - Filling up the DagBag from /home/airflow/.local/lib/python3.12/site-packages/airflow/example_dags/example_display_name.py
[2024-08-05T00:08:05.421+0000] {processor.py:840} INFO - DAG(s) 'example_display_name' retrieved from /home/airflow/.local/lib/python3.12/site-packages/airflow/example_dags/example_display_name.py
[2024-08-05T00:08:05.443+0000] {logging_mixin.py:188} INFO - [2024-08-05T00:08:05.443+0000] {dag.py:3089} INFO - Sync 1 DAGs
[2024-08-05T00:08:05.455+0000] {logging_mixin.py:188} INFO - [2024-08-05T00:08:05.455+0000] {dag.py:3947} INFO - Setting next_dagrun for example_display_name to None, run_after=None
[2024-08-05T00:08:05.473+0000] {processor.py:183} INFO - Processing /home/airflow/.local/lib/python3.12/site-packages/airflow/example_dags/example_display_name.py took 0.064 seconds
[2024-08-05T00:08:35.857+0000] {processor.py:161} INFO - Started process (PID=20167) to work on /home/airflow/.local/lib/python3.12/site-packages/airflow/example_dags/example_display_name.py
[2024-08-05T00:08:35.857+0000] {processor.py:830} INFO - Processing file /home/airflow/.local/lib/python3.12/site-packages/airflow/example_dags/example_display_name.py for tasks to queue
[2024-08-05T00:08:35.859+0000] {logging_mixin.py:188} INFO - [2024-08-05T00:08:35.858+0000] {dagbag.py:545} INFO - Filling up the DagBag from /home/airflow/.local/lib/python3.12/site-packages/airflow/example_dags/example_display_name.py
[2024-08-05T00:08:35.863+0000] {processor.py:840} INFO - DAG(s) 'example_display_name' retrieved from /home/airflow/.local/lib/python3.12/site-packages/airflow/example_dags/example_display_name.py
[2024-08-05T00:08:35.888+0000] {logging_mixin.py:188} INFO - [2024-08-05T00:08:35.888+0000] {dag.py:3089} INFO - Sync 1 DAGs
[2024-08-05T00:08:35.902+0000] {logging_mixin.py:188} INFO - [2024-08-05T00:08:35.902+0000] {dag.py:3947} INFO - Setting next_dagrun for example_display_name to None, run_after=None
[2024-08-05T00:08:35.919+0000] {processor.py:183} INFO - Processing /home/airflow/.local/lib/python3.12/site-packages/airflow/example_dags/example_display_name.py took 0.067 seconds
[2024-08-05T00:09:06.008+0000] {processor.py:161} INFO - Started process (PID=20439) to work on /home/airflow/.local/lib/python3.12/site-packages/airflow/example_dags/example_display_name.py
[2024-08-05T00:09:06.009+0000] {processor.py:830} INFO - Processing file /home/airflow/.local/lib/python3.12/site-packages/airflow/example_dags/example_display_name.py for tasks to queue
[2024-08-05T00:09:06.011+0000] {logging_mixin.py:188} INFO - [2024-08-05T00:09:06.010+0000] {dagbag.py:545} INFO - Filling up the DagBag from /home/airflow/.local/lib/python3.12/site-packages/airflow/example_dags/example_display_name.py
[2024-08-05T00:09:06.015+0000] {processor.py:840} INFO - DAG(s) 'example_display_name' retrieved from /home/airflow/.local/lib/python3.12/site-packages/airflow/example_dags/example_display_name.py
[2024-08-05T00:09:06.033+0000] {logging_mixin.py:188} INFO - [2024-08-05T00:09:06.033+0000] {dag.py:3089} INFO - Sync 1 DAGs
[2024-08-05T00:09:06.045+0000] {logging_mixin.py:188} INFO - [2024-08-05T00:09:06.045+0000] {dag.py:3947} INFO - Setting next_dagrun for example_display_name to None, run_after=None
[2024-08-05T00:09:06.059+0000] {processor.py:183} INFO - Processing /home/airflow/.local/lib/python3.12/site-packages/airflow/example_dags/example_display_name.py took 0.056 seconds
[2024-08-05T00:09:36.742+0000] {processor.py:161} INFO - Started process (PID=20711) to work on /home/airflow/.local/lib/python3.12/site-packages/airflow/example_dags/example_display_name.py
[2024-08-05T00:09:36.743+0000] {processor.py:830} INFO - Processing file /home/airflow/.local/lib/python3.12/site-packages/airflow/example_dags/example_display_name.py for tasks to queue
[2024-08-05T00:09:36.745+0000] {logging_mixin.py:188} INFO - [2024-08-05T00:09:36.744+0000] {dagbag.py:545} INFO - Filling up the DagBag from /home/airflow/.local/lib/python3.12/site-packages/airflow/example_dags/example_display_name.py
[2024-08-05T00:09:36.749+0000] {processor.py:840} INFO - DAG(s) 'example_display_name' retrieved from /home/airflow/.local/lib/python3.12/site-packages/airflow/example_dags/example_display_name.py
[2024-08-05T00:09:36.766+0000] {logging_mixin.py:188} INFO - [2024-08-05T00:09:36.766+0000] {dag.py:3089} INFO - Sync 1 DAGs
[2024-08-05T00:09:36.778+0000] {logging_mixin.py:188} INFO - [2024-08-05T00:09:36.777+0000] {dag.py:3947} INFO - Setting next_dagrun for example_display_name to None, run_after=None
[2024-08-05T00:09:36.792+0000] {processor.py:183} INFO - Processing /home/airflow/.local/lib/python3.12/site-packages/airflow/example_dags/example_display_name.py took 0.055 seconds
[2024-08-05T00:10:07.383+0000] {processor.py:161} INFO - Started process (PID=20989) to work on /home/airflow/.local/lib/python3.12/site-packages/airflow/example_dags/example_display_name.py
[2024-08-05T00:10:07.383+0000] {processor.py:830} INFO - Processing file /home/airflow/.local/lib/python3.12/site-packages/airflow/example_dags/example_display_name.py for tasks to queue
[2024-08-05T00:10:07.384+0000] {logging_mixin.py:188} INFO - [2024-08-05T00:10:07.384+0000] {dagbag.py:545} INFO - Filling up the DagBag from /home/airflow/.local/lib/python3.12/site-packages/airflow/example_dags/example_display_name.py
[2024-08-05T00:10:07.389+0000] {processor.py:840} INFO - DAG(s) 'example_display_name' retrieved from /home/airflow/.local/lib/python3.12/site-packages/airflow/example_dags/example_display_name.py
[2024-08-05T00:10:07.407+0000] {logging_mixin.py:188} INFO - [2024-08-05T00:10:07.406+0000] {dag.py:3089} INFO - Sync 1 DAGs
[2024-08-05T00:10:07.417+0000] {logging_mixin.py:188} INFO - [2024-08-05T00:10:07.417+0000] {dag.py:3947} INFO - Setting next_dagrun for example_display_name to None, run_after=None
[2024-08-05T00:10:07.432+0000] {processor.py:183} INFO - Processing /home/airflow/.local/lib/python3.12/site-packages/airflow/example_dags/example_display_name.py took 0.054 seconds
[2024-08-05T00:10:38.133+0000] {processor.py:161} INFO - Started process (PID=21264) to work on /home/airflow/.local/lib/python3.12/site-packages/airflow/example_dags/example_display_name.py
[2024-08-05T00:10:38.134+0000] {processor.py:830} INFO - Processing file /home/airflow/.local/lib/python3.12/site-packages/airflow/example_dags/example_display_name.py for tasks to queue
[2024-08-05T00:10:38.135+0000] {logging_mixin.py:188} INFO - [2024-08-05T00:10:38.135+0000] {dagbag.py:545} INFO - Filling up the DagBag from /home/airflow/.local/lib/python3.12/site-packages/airflow/example_dags/example_display_name.py
[2024-08-05T00:10:38.141+0000] {processor.py:840} INFO - DAG(s) 'example_display_name' retrieved from /home/airflow/.local/lib/python3.12/site-packages/airflow/example_dags/example_display_name.py
[2024-08-05T00:10:38.161+0000] {logging_mixin.py:188} INFO - [2024-08-05T00:10:38.161+0000] {dag.py:3089} INFO - Sync 1 DAGs
[2024-08-05T00:10:38.173+0000] {logging_mixin.py:188} INFO - [2024-08-05T00:10:38.173+0000] {dag.py:3947} INFO - Setting next_dagrun for example_display_name to None, run_after=None
[2024-08-05T00:10:38.191+0000] {processor.py:183} INFO - Processing /home/airflow/.local/lib/python3.12/site-packages/airflow/example_dags/example_display_name.py took 0.062 seconds
[2024-08-05T00:11:08.869+0000] {processor.py:161} INFO - Started process (PID=21536) to work on /home/airflow/.local/lib/python3.12/site-packages/airflow/example_dags/example_display_name.py
[2024-08-05T00:11:08.870+0000] {processor.py:830} INFO - Processing file /home/airflow/.local/lib/python3.12/site-packages/airflow/example_dags/example_display_name.py for tasks to queue
[2024-08-05T00:11:08.872+0000] {logging_mixin.py:188} INFO - [2024-08-05T00:11:08.871+0000] {dagbag.py:545} INFO - Filling up the DagBag from /home/airflow/.local/lib/python3.12/site-packages/airflow/example_dags/example_display_name.py
[2024-08-05T00:11:08.876+0000] {processor.py:840} INFO - DAG(s) 'example_display_name' retrieved from /home/airflow/.local/lib/python3.12/site-packages/airflow/example_dags/example_display_name.py
[2024-08-05T00:11:08.895+0000] {logging_mixin.py:188} INFO - [2024-08-05T00:11:08.894+0000] {dag.py:3089} INFO - Sync 1 DAGs
[2024-08-05T00:11:08.906+0000] {logging_mixin.py:188} INFO - [2024-08-05T00:11:08.906+0000] {dag.py:3947} INFO - Setting next_dagrun for example_display_name to None, run_after=None
[2024-08-05T00:11:08.920+0000] {processor.py:183} INFO - Processing /home/airflow/.local/lib/python3.12/site-packages/airflow/example_dags/example_display_name.py took 0.055 seconds
[2024-08-05T00:11:39.777+0000] {processor.py:161} INFO - Started process (PID=21808) to work on /home/airflow/.local/lib/python3.12/site-packages/airflow/example_dags/example_display_name.py
[2024-08-05T00:11:39.777+0000] {processor.py:830} INFO - Processing file /home/airflow/.local/lib/python3.12/site-packages/airflow/example_dags/example_display_name.py for tasks to queue
[2024-08-05T00:11:39.779+0000] {logging_mixin.py:188} INFO - [2024-08-05T00:11:39.778+0000] {dagbag.py:545} INFO - Filling up the DagBag from /home/airflow/.local/lib/python3.12/site-packages/airflow/example_dags/example_display_name.py
[2024-08-05T00:11:39.783+0000] {processor.py:840} INFO - DAG(s) 'example_display_name' retrieved from /home/airflow/.local/lib/python3.12/site-packages/airflow/example_dags/example_display_name.py
[2024-08-05T00:11:39.802+0000] {logging_mixin.py:188} INFO - [2024-08-05T00:11:39.801+0000] {dag.py:3089} INFO - Sync 1 DAGs
[2024-08-05T00:11:39.813+0000] {logging_mixin.py:188} INFO - [2024-08-05T00:11:39.813+0000] {dag.py:3947} INFO - Setting next_dagrun for example_display_name to None, run_after=None
[2024-08-05T00:11:39.830+0000] {processor.py:183} INFO - Processing /home/airflow/.local/lib/python3.12/site-packages/airflow/example_dags/example_display_name.py took 0.058 seconds
[2024-08-05T00:12:10.004+0000] {processor.py:161} INFO - Started process (PID=22080) to work on /home/airflow/.local/lib/python3.12/site-packages/airflow/example_dags/example_display_name.py
[2024-08-05T00:12:10.005+0000] {processor.py:830} INFO - Processing file /home/airflow/.local/lib/python3.12/site-packages/airflow/example_dags/example_display_name.py for tasks to queue
[2024-08-05T00:12:10.007+0000] {logging_mixin.py:188} INFO - [2024-08-05T00:12:10.006+0000] {dagbag.py:545} INFO - Filling up the DagBag from /home/airflow/.local/lib/python3.12/site-packages/airflow/example_dags/example_display_name.py
[2024-08-05T00:12:10.011+0000] {processor.py:840} INFO - DAG(s) 'example_display_name' retrieved from /home/airflow/.local/lib/python3.12/site-packages/airflow/example_dags/example_display_name.py
[2024-08-05T00:12:10.033+0000] {logging_mixin.py:188} INFO - [2024-08-05T00:12:10.033+0000] {dag.py:3089} INFO - Sync 1 DAGs
[2024-08-05T00:12:10.046+0000] {logging_mixin.py:188} INFO - [2024-08-05T00:12:10.046+0000] {dag.py:3947} INFO - Setting next_dagrun for example_display_name to None, run_after=None
[2024-08-05T00:12:10.064+0000] {processor.py:183} INFO - Processing /home/airflow/.local/lib/python3.12/site-packages/airflow/example_dags/example_display_name.py took 0.065 seconds
[2024-08-05T00:12:40.260+0000] {processor.py:161} INFO - Started process (PID=22352) to work on /home/airflow/.local/lib/python3.12/site-packages/airflow/example_dags/example_display_name.py
[2024-08-05T00:12:40.261+0000] {processor.py:830} INFO - Processing file /home/airflow/.local/lib/python3.12/site-packages/airflow/example_dags/example_display_name.py for tasks to queue
[2024-08-05T00:12:40.263+0000] {logging_mixin.py:188} INFO - [2024-08-05T00:12:40.262+0000] {dagbag.py:545} INFO - Filling up the DagBag from /home/airflow/.local/lib/python3.12/site-packages/airflow/example_dags/example_display_name.py
[2024-08-05T00:12:40.267+0000] {processor.py:840} INFO - DAG(s) 'example_display_name' retrieved from /home/airflow/.local/lib/python3.12/site-packages/airflow/example_dags/example_display_name.py
[2024-08-05T00:12:40.289+0000] {logging_mixin.py:188} INFO - [2024-08-05T00:12:40.289+0000] {dag.py:3089} INFO - Sync 1 DAGs
[2024-08-05T00:12:40.300+0000] {logging_mixin.py:188} INFO - [2024-08-05T00:12:40.300+0000] {dag.py:3947} INFO - Setting next_dagrun for example_display_name to None, run_after=None
[2024-08-05T00:12:40.320+0000] {processor.py:183} INFO - Processing /home/airflow/.local/lib/python3.12/site-packages/airflow/example_dags/example_display_name.py took 0.064 seconds
[2024-08-05T00:13:10.498+0000] {processor.py:161} INFO - Started process (PID=22624) to work on /home/airflow/.local/lib/python3.12/site-packages/airflow/example_dags/example_display_name.py
[2024-08-05T00:13:10.499+0000] {processor.py:830} INFO - Processing file /home/airflow/.local/lib/python3.12/site-packages/airflow/example_dags/example_display_name.py for tasks to queue
[2024-08-05T00:13:10.501+0000] {logging_mixin.py:188} INFO - [2024-08-05T00:13:10.500+0000] {dagbag.py:545} INFO - Filling up the DagBag from /home/airflow/.local/lib/python3.12/site-packages/airflow/example_dags/example_display_name.py
[2024-08-05T00:13:10.507+0000] {processor.py:840} INFO - DAG(s) 'example_display_name' retrieved from /home/airflow/.local/lib/python3.12/site-packages/airflow/example_dags/example_display_name.py
[2024-08-05T00:13:10.527+0000] {logging_mixin.py:188} INFO - [2024-08-05T00:13:10.527+0000] {dag.py:3089} INFO - Sync 1 DAGs
[2024-08-05T00:13:10.540+0000] {logging_mixin.py:188} INFO - [2024-08-05T00:13:10.540+0000] {dag.py:3947} INFO - Setting next_dagrun for example_display_name to None, run_after=None
[2024-08-05T00:13:10.557+0000] {processor.py:183} INFO - Processing /home/airflow/.local/lib/python3.12/site-packages/airflow/example_dags/example_display_name.py took 0.063 seconds
[2024-08-05T00:13:41.574+0000] {processor.py:161} INFO - Started process (PID=22896) to work on /home/airflow/.local/lib/python3.12/site-packages/airflow/example_dags/example_display_name.py
[2024-08-05T00:13:41.575+0000] {processor.py:830} INFO - Processing file /home/airflow/.local/lib/python3.12/site-packages/airflow/example_dags/example_display_name.py for tasks to queue
[2024-08-05T00:13:41.587+0000] {logging_mixin.py:188} INFO - [2024-08-05T00:13:41.586+0000] {dagbag.py:545} INFO - Filling up the DagBag from /home/airflow/.local/lib/python3.12/site-packages/airflow/example_dags/example_display_name.py
[2024-08-05T00:13:41.604+0000] {processor.py:840} INFO - DAG(s) 'example_display_name' retrieved from /home/airflow/.local/lib/python3.12/site-packages/airflow/example_dags/example_display_name.py
[2024-08-05T00:13:41.655+0000] {logging_mixin.py:188} INFO - [2024-08-05T00:13:41.654+0000] {dag.py:3089} INFO - Sync 1 DAGs
[2024-08-05T00:13:41.695+0000] {logging_mixin.py:188} INFO - [2024-08-05T00:13:41.694+0000] {dag.py:3947} INFO - Setting next_dagrun for example_display_name to None, run_after=None
[2024-08-05T00:13:41.746+0000] {processor.py:183} INFO - Processing /home/airflow/.local/lib/python3.12/site-packages/airflow/example_dags/example_display_name.py took 0.182 seconds
[2024-08-05T00:14:12.382+0000] {processor.py:161} INFO - Started process (PID=23168) to work on /home/airflow/.local/lib/python3.12/site-packages/airflow/example_dags/example_display_name.py
[2024-08-05T00:14:12.383+0000] {processor.py:830} INFO - Processing file /home/airflow/.local/lib/python3.12/site-packages/airflow/example_dags/example_display_name.py for tasks to queue
[2024-08-05T00:14:12.386+0000] {logging_mixin.py:188} INFO - [2024-08-05T00:14:12.386+0000] {dagbag.py:545} INFO - Filling up the DagBag from /home/airflow/.local/lib/python3.12/site-packages/airflow/example_dags/example_display_name.py
[2024-08-05T00:14:12.392+0000] {processor.py:840} INFO - DAG(s) 'example_display_name' retrieved from /home/airflow/.local/lib/python3.12/site-packages/airflow/example_dags/example_display_name.py
[2024-08-05T00:14:12.410+0000] {logging_mixin.py:188} INFO - [2024-08-05T00:14:12.410+0000] {dag.py:3089} INFO - Sync 1 DAGs
[2024-08-05T00:14:12.427+0000] {logging_mixin.py:188} INFO - [2024-08-05T00:14:12.427+0000] {dag.py:3947} INFO - Setting next_dagrun for example_display_name to None, run_after=None
[2024-08-05T00:14:12.453+0000] {processor.py:183} INFO - Processing /home/airflow/.local/lib/python3.12/site-packages/airflow/example_dags/example_display_name.py took 0.076 seconds
[2024-08-05T00:14:42.592+0000] {processor.py:161} INFO - Started process (PID=23437) to work on /home/airflow/.local/lib/python3.12/site-packages/airflow/example_dags/example_display_name.py
[2024-08-05T00:14:42.593+0000] {processor.py:830} INFO - Processing file /home/airflow/.local/lib/python3.12/site-packages/airflow/example_dags/example_display_name.py for tasks to queue
[2024-08-05T00:14:42.594+0000] {logging_mixin.py:188} INFO - [2024-08-05T00:14:42.594+0000] {dagbag.py:545} INFO - Filling up the DagBag from /home/airflow/.local/lib/python3.12/site-packages/airflow/example_dags/example_display_name.py
[2024-08-05T00:14:42.601+0000] {processor.py:840} INFO - DAG(s) 'example_display_name' retrieved from /home/airflow/.local/lib/python3.12/site-packages/airflow/example_dags/example_display_name.py
[2024-08-05T00:14:42.625+0000] {logging_mixin.py:188} INFO - [2024-08-05T00:14:42.625+0000] {dag.py:3089} INFO - Sync 1 DAGs
[2024-08-05T00:14:42.637+0000] {logging_mixin.py:188} INFO - [2024-08-05T00:14:42.636+0000] {dag.py:3947} INFO - Setting next_dagrun for example_display_name to None, run_after=None
[2024-08-05T00:14:42.652+0000] {processor.py:183} INFO - Processing /home/airflow/.local/lib/python3.12/site-packages/airflow/example_dags/example_display_name.py took 0.066 seconds
[2024-08-05T00:15:12.793+0000] {processor.py:161} INFO - Started process (PID=23709) to work on /home/airflow/.local/lib/python3.12/site-packages/airflow/example_dags/example_display_name.py
[2024-08-05T00:15:12.794+0000] {processor.py:830} INFO - Processing file /home/airflow/.local/lib/python3.12/site-packages/airflow/example_dags/example_display_name.py for tasks to queue
[2024-08-05T00:15:12.795+0000] {logging_mixin.py:188} INFO - [2024-08-05T00:15:12.795+0000] {dagbag.py:545} INFO - Filling up the DagBag from /home/airflow/.local/lib/python3.12/site-packages/airflow/example_dags/example_display_name.py
[2024-08-05T00:15:12.801+0000] {processor.py:840} INFO - DAG(s) 'example_display_name' retrieved from /home/airflow/.local/lib/python3.12/site-packages/airflow/example_dags/example_display_name.py
[2024-08-05T00:15:12.822+0000] {logging_mixin.py:188} INFO - [2024-08-05T00:15:12.822+0000] {dag.py:3089} INFO - Sync 1 DAGs
[2024-08-05T00:15:12.835+0000] {logging_mixin.py:188} INFO - [2024-08-05T00:15:12.835+0000] {dag.py:3947} INFO - Setting next_dagrun for example_display_name to None, run_after=None
[2024-08-05T00:15:12.854+0000] {processor.py:183} INFO - Processing /home/airflow/.local/lib/python3.12/site-packages/airflow/example_dags/example_display_name.py took 0.066 seconds
[2024-08-05T00:15:43.056+0000] {processor.py:161} INFO - Started process (PID=23981) to work on /home/airflow/.local/lib/python3.12/site-packages/airflow/example_dags/example_display_name.py
[2024-08-05T00:15:43.056+0000] {processor.py:830} INFO - Processing file /home/airflow/.local/lib/python3.12/site-packages/airflow/example_dags/example_display_name.py for tasks to queue
[2024-08-05T00:15:43.058+0000] {logging_mixin.py:188} INFO - [2024-08-05T00:15:43.058+0000] {dagbag.py:545} INFO - Filling up the DagBag from /home/airflow/.local/lib/python3.12/site-packages/airflow/example_dags/example_display_name.py
[2024-08-05T00:15:43.063+0000] {processor.py:840} INFO - DAG(s) 'example_display_name' retrieved from /home/airflow/.local/lib/python3.12/site-packages/airflow/example_dags/example_display_name.py
[2024-08-05T00:15:43.081+0000] {logging_mixin.py:188} INFO - [2024-08-05T00:15:43.081+0000] {dag.py:3089} INFO - Sync 1 DAGs
[2024-08-05T00:15:43.091+0000] {logging_mixin.py:188} INFO - [2024-08-05T00:15:43.091+0000] {dag.py:3947} INFO - Setting next_dagrun for example_display_name to None, run_after=None
[2024-08-05T00:15:43.109+0000] {processor.py:183} INFO - Processing /home/airflow/.local/lib/python3.12/site-packages/airflow/example_dags/example_display_name.py took 0.058 seconds
[2024-08-05T00:16:13.697+0000] {processor.py:161} INFO - Started process (PID=24256) to work on /home/airflow/.local/lib/python3.12/site-packages/airflow/example_dags/example_display_name.py
[2024-08-05T00:16:13.698+0000] {processor.py:830} INFO - Processing file /home/airflow/.local/lib/python3.12/site-packages/airflow/example_dags/example_display_name.py for tasks to queue
[2024-08-05T00:16:13.700+0000] {logging_mixin.py:188} INFO - [2024-08-05T00:16:13.700+0000] {dagbag.py:545} INFO - Filling up the DagBag from /home/airflow/.local/lib/python3.12/site-packages/airflow/example_dags/example_display_name.py
[2024-08-05T00:16:13.706+0000] {processor.py:840} INFO - DAG(s) 'example_display_name' retrieved from /home/airflow/.local/lib/python3.12/site-packages/airflow/example_dags/example_display_name.py
[2024-08-05T00:16:13.734+0000] {logging_mixin.py:188} INFO - [2024-08-05T00:16:13.734+0000] {dag.py:3089} INFO - Sync 1 DAGs
[2024-08-05T00:16:13.747+0000] {logging_mixin.py:188} INFO - [2024-08-05T00:16:13.747+0000] {dag.py:3947} INFO - Setting next_dagrun for example_display_name to None, run_after=None
[2024-08-05T00:16:13.763+0000] {processor.py:183} INFO - Processing /home/airflow/.local/lib/python3.12/site-packages/airflow/example_dags/example_display_name.py took 0.071 seconds
[2024-08-05T00:16:44.006+0000] {processor.py:161} INFO - Started process (PID=24528) to work on /home/airflow/.local/lib/python3.12/site-packages/airflow/example_dags/example_display_name.py
[2024-08-05T00:16:44.007+0000] {processor.py:830} INFO - Processing file /home/airflow/.local/lib/python3.12/site-packages/airflow/example_dags/example_display_name.py for tasks to queue
[2024-08-05T00:16:44.008+0000] {logging_mixin.py:188} INFO - [2024-08-05T00:16:44.008+0000] {dagbag.py:545} INFO - Filling up the DagBag from /home/airflow/.local/lib/python3.12/site-packages/airflow/example_dags/example_display_name.py
[2024-08-05T00:16:44.013+0000] {processor.py:840} INFO - DAG(s) 'example_display_name' retrieved from /home/airflow/.local/lib/python3.12/site-packages/airflow/example_dags/example_display_name.py
[2024-08-05T00:16:44.031+0000] {logging_mixin.py:188} INFO - [2024-08-05T00:16:44.030+0000] {dag.py:3089} INFO - Sync 1 DAGs
[2024-08-05T00:16:44.043+0000] {logging_mixin.py:188} INFO - [2024-08-05T00:16:44.043+0000] {dag.py:3947} INFO - Setting next_dagrun for example_display_name to None, run_after=None
[2024-08-05T00:16:44.061+0000] {processor.py:183} INFO - Processing /home/airflow/.local/lib/python3.12/site-packages/airflow/example_dags/example_display_name.py took 0.063 seconds
[2024-08-05T00:17:14.351+0000] {processor.py:161} INFO - Started process (PID=24800) to work on /home/airflow/.local/lib/python3.12/site-packages/airflow/example_dags/example_display_name.py
[2024-08-05T00:17:14.351+0000] {processor.py:830} INFO - Processing file /home/airflow/.local/lib/python3.12/site-packages/airflow/example_dags/example_display_name.py for tasks to queue
[2024-08-05T00:17:14.353+0000] {logging_mixin.py:188} INFO - [2024-08-05T00:17:14.352+0000] {dagbag.py:545} INFO - Filling up the DagBag from /home/airflow/.local/lib/python3.12/site-packages/airflow/example_dags/example_display_name.py
[2024-08-05T00:17:14.357+0000] {processor.py:840} INFO - DAG(s) 'example_display_name' retrieved from /home/airflow/.local/lib/python3.12/site-packages/airflow/example_dags/example_display_name.py
[2024-08-05T00:17:14.376+0000] {logging_mixin.py:188} INFO - [2024-08-05T00:17:14.376+0000] {dag.py:3089} INFO - Sync 1 DAGs
[2024-08-05T00:17:14.388+0000] {logging_mixin.py:188} INFO - [2024-08-05T00:17:14.388+0000] {dag.py:3947} INFO - Setting next_dagrun for example_display_name to None, run_after=None
[2024-08-05T00:17:14.405+0000] {processor.py:183} INFO - Processing /home/airflow/.local/lib/python3.12/site-packages/airflow/example_dags/example_display_name.py took 0.059 seconds
[2024-08-05T00:17:44.682+0000] {processor.py:161} INFO - Started process (PID=25072) to work on /home/airflow/.local/lib/python3.12/site-packages/airflow/example_dags/example_display_name.py
[2024-08-05T00:17:44.682+0000] {processor.py:830} INFO - Processing file /home/airflow/.local/lib/python3.12/site-packages/airflow/example_dags/example_display_name.py for tasks to queue
[2024-08-05T00:17:44.684+0000] {logging_mixin.py:188} INFO - [2024-08-05T00:17:44.683+0000] {dagbag.py:545} INFO - Filling up the DagBag from /home/airflow/.local/lib/python3.12/site-packages/airflow/example_dags/example_display_name.py
[2024-08-05T00:17:44.688+0000] {processor.py:840} INFO - DAG(s) 'example_display_name' retrieved from /home/airflow/.local/lib/python3.12/site-packages/airflow/example_dags/example_display_name.py
[2024-08-05T00:17:44.707+0000] {logging_mixin.py:188} INFO - [2024-08-05T00:17:44.706+0000] {dag.py:3089} INFO - Sync 1 DAGs
[2024-08-05T00:17:44.719+0000] {logging_mixin.py:188} INFO - [2024-08-05T00:17:44.718+0000] {dag.py:3947} INFO - Setting next_dagrun for example_display_name to None, run_after=None
[2024-08-05T00:17:44.734+0000] {processor.py:183} INFO - Processing /home/airflow/.local/lib/python3.12/site-packages/airflow/example_dags/example_display_name.py took 0.059 seconds
[2024-08-05T00:18:14.968+0000] {processor.py:161} INFO - Started process (PID=25344) to work on /home/airflow/.local/lib/python3.12/site-packages/airflow/example_dags/example_display_name.py
[2024-08-05T00:18:14.969+0000] {processor.py:830} INFO - Processing file /home/airflow/.local/lib/python3.12/site-packages/airflow/example_dags/example_display_name.py for tasks to queue
[2024-08-05T00:18:14.970+0000] {logging_mixin.py:188} INFO - [2024-08-05T00:18:14.970+0000] {dagbag.py:545} INFO - Filling up the DagBag from /home/airflow/.local/lib/python3.12/site-packages/airflow/example_dags/example_display_name.py
[2024-08-05T00:18:14.975+0000] {processor.py:840} INFO - DAG(s) 'example_display_name' retrieved from /home/airflow/.local/lib/python3.12/site-packages/airflow/example_dags/example_display_name.py
[2024-08-05T00:18:14.994+0000] {logging_mixin.py:188} INFO - [2024-08-05T00:18:14.994+0000] {dag.py:3089} INFO - Sync 1 DAGs
[2024-08-05T00:18:15.006+0000] {logging_mixin.py:188} INFO - [2024-08-05T00:18:15.006+0000] {dag.py:3947} INFO - Setting next_dagrun for example_display_name to None, run_after=None
[2024-08-05T00:18:15.022+0000] {processor.py:183} INFO - Processing /home/airflow/.local/lib/python3.12/site-packages/airflow/example_dags/example_display_name.py took 0.059 seconds
[2024-08-05T00:18:45.114+0000] {processor.py:161} INFO - Started process (PID=25616) to work on /home/airflow/.local/lib/python3.12/site-packages/airflow/example_dags/example_display_name.py
[2024-08-05T00:18:45.115+0000] {processor.py:830} INFO - Processing file /home/airflow/.local/lib/python3.12/site-packages/airflow/example_dags/example_display_name.py for tasks to queue
[2024-08-05T00:18:45.117+0000] {logging_mixin.py:188} INFO - [2024-08-05T00:18:45.116+0000] {dagbag.py:545} INFO - Filling up the DagBag from /home/airflow/.local/lib/python3.12/site-packages/airflow/example_dags/example_display_name.py
[2024-08-05T00:18:45.121+0000] {processor.py:840} INFO - DAG(s) 'example_display_name' retrieved from /home/airflow/.local/lib/python3.12/site-packages/airflow/example_dags/example_display_name.py
[2024-08-05T00:18:45.140+0000] {logging_mixin.py:188} INFO - [2024-08-05T00:18:45.140+0000] {dag.py:3089} INFO - Sync 1 DAGs
[2024-08-05T00:18:45.152+0000] {logging_mixin.py:188} INFO - [2024-08-05T00:18:45.152+0000] {dag.py:3947} INFO - Setting next_dagrun for example_display_name to None, run_after=None
[2024-08-05T00:18:45.170+0000] {processor.py:183} INFO - Processing /home/airflow/.local/lib/python3.12/site-packages/airflow/example_dags/example_display_name.py took 0.061 seconds
[2024-08-05T00:19:15.353+0000] {processor.py:161} INFO - Started process (PID=25888) to work on /home/airflow/.local/lib/python3.12/site-packages/airflow/example_dags/example_display_name.py
[2024-08-05T00:19:15.353+0000] {processor.py:830} INFO - Processing file /home/airflow/.local/lib/python3.12/site-packages/airflow/example_dags/example_display_name.py for tasks to queue
[2024-08-05T00:19:15.355+0000] {logging_mixin.py:188} INFO - [2024-08-05T00:19:15.355+0000] {dagbag.py:545} INFO - Filling up the DagBag from /home/airflow/.local/lib/python3.12/site-packages/airflow/example_dags/example_display_name.py
[2024-08-05T00:19:15.359+0000] {processor.py:840} INFO - DAG(s) 'example_display_name' retrieved from /home/airflow/.local/lib/python3.12/site-packages/airflow/example_dags/example_display_name.py
[2024-08-05T00:19:15.378+0000] {logging_mixin.py:188} INFO - [2024-08-05T00:19:15.378+0000] {dag.py:3089} INFO - Sync 1 DAGs
[2024-08-05T00:19:15.390+0000] {logging_mixin.py:188} INFO - [2024-08-05T00:19:15.390+0000] {dag.py:3947} INFO - Setting next_dagrun for example_display_name to None, run_after=None
[2024-08-05T00:19:15.407+0000] {processor.py:183} INFO - Processing /home/airflow/.local/lib/python3.12/site-packages/airflow/example_dags/example_display_name.py took 0.059 seconds
[2024-08-05T00:19:45.624+0000] {processor.py:161} INFO - Started process (PID=26160) to work on /home/airflow/.local/lib/python3.12/site-packages/airflow/example_dags/example_display_name.py
[2024-08-05T00:19:45.624+0000] {processor.py:830} INFO - Processing file /home/airflow/.local/lib/python3.12/site-packages/airflow/example_dags/example_display_name.py for tasks to queue
[2024-08-05T00:19:45.626+0000] {logging_mixin.py:188} INFO - [2024-08-05T00:19:45.625+0000] {dagbag.py:545} INFO - Filling up the DagBag from /home/airflow/.local/lib/python3.12/site-packages/airflow/example_dags/example_display_name.py
[2024-08-05T00:19:45.631+0000] {processor.py:840} INFO - DAG(s) 'example_display_name' retrieved from /home/airflow/.local/lib/python3.12/site-packages/airflow/example_dags/example_display_name.py
[2024-08-05T00:19:45.649+0000] {logging_mixin.py:188} INFO - [2024-08-05T00:19:45.649+0000] {dag.py:3089} INFO - Sync 1 DAGs
[2024-08-05T00:19:45.664+0000] {logging_mixin.py:188} INFO - [2024-08-05T00:19:45.664+0000] {dag.py:3947} INFO - Setting next_dagrun for example_display_name to None, run_after=None
[2024-08-05T00:19:45.680+0000] {processor.py:183} INFO - Processing /home/airflow/.local/lib/python3.12/site-packages/airflow/example_dags/example_display_name.py took 0.062 seconds
[2024-08-05T00:20:15.859+0000] {processor.py:161} INFO - Started process (PID=26438) to work on /home/airflow/.local/lib/python3.12/site-packages/airflow/example_dags/example_display_name.py
[2024-08-05T00:20:15.860+0000] {processor.py:830} INFO - Processing file /home/airflow/.local/lib/python3.12/site-packages/airflow/example_dags/example_display_name.py for tasks to queue
[2024-08-05T00:20:15.862+0000] {logging_mixin.py:188} INFO - [2024-08-05T00:20:15.861+0000] {dagbag.py:545} INFO - Filling up the DagBag from /home/airflow/.local/lib/python3.12/site-packages/airflow/example_dags/example_display_name.py
[2024-08-05T00:20:15.866+0000] {processor.py:840} INFO - DAG(s) 'example_display_name' retrieved from /home/airflow/.local/lib/python3.12/site-packages/airflow/example_dags/example_display_name.py
[2024-08-05T00:20:15.886+0000] {logging_mixin.py:188} INFO - [2024-08-05T00:20:15.886+0000] {dag.py:3089} INFO - Sync 1 DAGs
[2024-08-05T00:20:15.899+0000] {logging_mixin.py:188} INFO - [2024-08-05T00:20:15.899+0000] {dag.py:3947} INFO - Setting next_dagrun for example_display_name to None, run_after=None
[2024-08-05T00:20:15.917+0000] {processor.py:183} INFO - Processing /home/airflow/.local/lib/python3.12/site-packages/airflow/example_dags/example_display_name.py took 0.062 seconds
[2024-08-05T00:20:46.406+0000] {processor.py:161} INFO - Started process (PID=26713) to work on /home/airflow/.local/lib/python3.12/site-packages/airflow/example_dags/example_display_name.py
[2024-08-05T00:20:46.407+0000] {processor.py:830} INFO - Processing file /home/airflow/.local/lib/python3.12/site-packages/airflow/example_dags/example_display_name.py for tasks to queue
[2024-08-05T00:20:46.408+0000] {logging_mixin.py:188} INFO - [2024-08-05T00:20:46.408+0000] {dagbag.py:545} INFO - Filling up the DagBag from /home/airflow/.local/lib/python3.12/site-packages/airflow/example_dags/example_display_name.py
[2024-08-05T00:20:46.414+0000] {processor.py:840} INFO - DAG(s) 'example_display_name' retrieved from /home/airflow/.local/lib/python3.12/site-packages/airflow/example_dags/example_display_name.py
[2024-08-05T00:20:46.433+0000] {logging_mixin.py:188} INFO - [2024-08-05T00:20:46.433+0000] {dag.py:3089} INFO - Sync 1 DAGs
[2024-08-05T00:20:46.446+0000] {logging_mixin.py:188} INFO - [2024-08-05T00:20:46.446+0000] {dag.py:3947} INFO - Setting next_dagrun for example_display_name to None, run_after=None
[2024-08-05T00:20:46.463+0000] {processor.py:183} INFO - Processing /home/airflow/.local/lib/python3.12/site-packages/airflow/example_dags/example_display_name.py took 0.062 seconds
[2024-08-05T00:21:16.913+0000] {processor.py:161} INFO - Started process (PID=26985) to work on /home/airflow/.local/lib/python3.12/site-packages/airflow/example_dags/example_display_name.py
[2024-08-05T00:21:16.914+0000] {processor.py:830} INFO - Processing file /home/airflow/.local/lib/python3.12/site-packages/airflow/example_dags/example_display_name.py for tasks to queue
[2024-08-05T00:21:16.915+0000] {logging_mixin.py:188} INFO - [2024-08-05T00:21:16.915+0000] {dagbag.py:545} INFO - Filling up the DagBag from /home/airflow/.local/lib/python3.12/site-packages/airflow/example_dags/example_display_name.py
[2024-08-05T00:21:16.921+0000] {processor.py:840} INFO - DAG(s) 'example_display_name' retrieved from /home/airflow/.local/lib/python3.12/site-packages/airflow/example_dags/example_display_name.py
[2024-08-05T00:21:16.940+0000] {logging_mixin.py:188} INFO - [2024-08-05T00:21:16.939+0000] {dag.py:3089} INFO - Sync 1 DAGs
[2024-08-05T00:21:16.951+0000] {logging_mixin.py:188} INFO - [2024-08-05T00:21:16.951+0000] {dag.py:3947} INFO - Setting next_dagrun for example_display_name to None, run_after=None
[2024-08-05T00:21:16.967+0000] {processor.py:183} INFO - Processing /home/airflow/.local/lib/python3.12/site-packages/airflow/example_dags/example_display_name.py took 0.058 seconds
[2024-08-05T00:21:47.188+0000] {processor.py:161} INFO - Started process (PID=27259) to work on /home/airflow/.local/lib/python3.12/site-packages/airflow/example_dags/example_display_name.py
[2024-08-05T00:21:47.189+0000] {processor.py:830} INFO - Processing file /home/airflow/.local/lib/python3.12/site-packages/airflow/example_dags/example_display_name.py for tasks to queue
[2024-08-05T00:21:47.191+0000] {logging_mixin.py:188} INFO - [2024-08-05T00:21:47.190+0000] {dagbag.py:545} INFO - Filling up the DagBag from /home/airflow/.local/lib/python3.12/site-packages/airflow/example_dags/example_display_name.py
[2024-08-05T00:21:47.195+0000] {processor.py:840} INFO - DAG(s) 'example_display_name' retrieved from /home/airflow/.local/lib/python3.12/site-packages/airflow/example_dags/example_display_name.py
[2024-08-05T00:21:47.214+0000] {logging_mixin.py:188} INFO - [2024-08-05T00:21:47.214+0000] {dag.py:3089} INFO - Sync 1 DAGs
[2024-08-05T00:21:47.226+0000] {logging_mixin.py:188} INFO - [2024-08-05T00:21:47.226+0000] {dag.py:3947} INFO - Setting next_dagrun for example_display_name to None, run_after=None
[2024-08-05T00:21:47.242+0000] {processor.py:183} INFO - Processing /home/airflow/.local/lib/python3.12/site-packages/airflow/example_dags/example_display_name.py took 0.059 seconds
[2024-08-05T00:22:17.475+0000] {processor.py:161} INFO - Started process (PID=27529) to work on /home/airflow/.local/lib/python3.12/site-packages/airflow/example_dags/example_display_name.py
[2024-08-05T00:22:17.475+0000] {processor.py:830} INFO - Processing file /home/airflow/.local/lib/python3.12/site-packages/airflow/example_dags/example_display_name.py for tasks to queue
[2024-08-05T00:22:17.477+0000] {logging_mixin.py:188} INFO - [2024-08-05T00:22:17.476+0000] {dagbag.py:545} INFO - Filling up the DagBag from /home/airflow/.local/lib/python3.12/site-packages/airflow/example_dags/example_display_name.py
[2024-08-05T00:22:17.481+0000] {processor.py:840} INFO - DAG(s) 'example_display_name' retrieved from /home/airflow/.local/lib/python3.12/site-packages/airflow/example_dags/example_display_name.py
[2024-08-05T00:22:17.499+0000] {logging_mixin.py:188} INFO - [2024-08-05T00:22:17.499+0000] {dag.py:3089} INFO - Sync 1 DAGs
[2024-08-05T00:22:17.511+0000] {logging_mixin.py:188} INFO - [2024-08-05T00:22:17.511+0000] {dag.py:3947} INFO - Setting next_dagrun for example_display_name to None, run_after=None
[2024-08-05T00:22:17.527+0000] {processor.py:183} INFO - Processing /home/airflow/.local/lib/python3.12/site-packages/airflow/example_dags/example_display_name.py took 0.058 seconds
[2024-08-05T00:22:47.992+0000] {processor.py:161} INFO - Started process (PID=27801) to work on /home/airflow/.local/lib/python3.12/site-packages/airflow/example_dags/example_display_name.py
[2024-08-05T00:22:47.993+0000] {processor.py:830} INFO - Processing file /home/airflow/.local/lib/python3.12/site-packages/airflow/example_dags/example_display_name.py for tasks to queue
[2024-08-05T00:22:47.994+0000] {logging_mixin.py:188} INFO - [2024-08-05T00:22:47.994+0000] {dagbag.py:545} INFO - Filling up the DagBag from /home/airflow/.local/lib/python3.12/site-packages/airflow/example_dags/example_display_name.py
[2024-08-05T00:22:47.999+0000] {processor.py:840} INFO - DAG(s) 'example_display_name' retrieved from /home/airflow/.local/lib/python3.12/site-packages/airflow/example_dags/example_display_name.py
[2024-08-05T00:22:48.019+0000] {logging_mixin.py:188} INFO - [2024-08-05T00:22:48.019+0000] {dag.py:3089} INFO - Sync 1 DAGs
[2024-08-05T00:22:48.031+0000] {logging_mixin.py:188} INFO - [2024-08-05T00:22:48.030+0000] {dag.py:3947} INFO - Setting next_dagrun for example_display_name to None, run_after=None
[2024-08-05T00:22:48.047+0000] {processor.py:183} INFO - Processing /home/airflow/.local/lib/python3.12/site-packages/airflow/example_dags/example_display_name.py took 0.059 seconds
[2024-08-05T00:23:18.573+0000] {processor.py:161} INFO - Started process (PID=28073) to work on /home/airflow/.local/lib/python3.12/site-packages/airflow/example_dags/example_display_name.py
[2024-08-05T00:23:18.574+0000] {processor.py:830} INFO - Processing file /home/airflow/.local/lib/python3.12/site-packages/airflow/example_dags/example_display_name.py for tasks to queue
[2024-08-05T00:23:18.575+0000] {logging_mixin.py:188} INFO - [2024-08-05T00:23:18.575+0000] {dagbag.py:545} INFO - Filling up the DagBag from /home/airflow/.local/lib/python3.12/site-packages/airflow/example_dags/example_display_name.py
[2024-08-05T00:23:18.580+0000] {processor.py:840} INFO - DAG(s) 'example_display_name' retrieved from /home/airflow/.local/lib/python3.12/site-packages/airflow/example_dags/example_display_name.py
[2024-08-05T00:23:18.597+0000] {logging_mixin.py:188} INFO - [2024-08-05T00:23:18.596+0000] {dag.py:3089} INFO - Sync 1 DAGs
[2024-08-05T00:23:18.609+0000] {logging_mixin.py:188} INFO - [2024-08-05T00:23:18.609+0000] {dag.py:3947} INFO - Setting next_dagrun for example_display_name to None, run_after=None
[2024-08-05T00:23:18.627+0000] {processor.py:183} INFO - Processing /home/airflow/.local/lib/python3.12/site-packages/airflow/example_dags/example_display_name.py took 0.059 seconds
[2024-08-05T00:23:49.058+0000] {processor.py:161} INFO - Started process (PID=28345) to work on /home/airflow/.local/lib/python3.12/site-packages/airflow/example_dags/example_display_name.py
[2024-08-05T00:23:49.059+0000] {processor.py:830} INFO - Processing file /home/airflow/.local/lib/python3.12/site-packages/airflow/example_dags/example_display_name.py for tasks to queue
[2024-08-05T00:23:49.060+0000] {logging_mixin.py:188} INFO - [2024-08-05T00:23:49.060+0000] {dagbag.py:545} INFO - Filling up the DagBag from /home/airflow/.local/lib/python3.12/site-packages/airflow/example_dags/example_display_name.py
[2024-08-05T00:23:49.064+0000] {processor.py:840} INFO - DAG(s) 'example_display_name' retrieved from /home/airflow/.local/lib/python3.12/site-packages/airflow/example_dags/example_display_name.py
[2024-08-05T00:23:49.084+0000] {logging_mixin.py:188} INFO - [2024-08-05T00:23:49.084+0000] {dag.py:3089} INFO - Sync 1 DAGs
[2024-08-05T00:23:49.095+0000] {logging_mixin.py:188} INFO - [2024-08-05T00:23:49.095+0000] {dag.py:3947} INFO - Setting next_dagrun for example_display_name to None, run_after=None
[2024-08-05T00:23:49.109+0000] {processor.py:183} INFO - Processing /home/airflow/.local/lib/python3.12/site-packages/airflow/example_dags/example_display_name.py took 0.056 seconds
[2024-08-05T00:24:19.484+0000] {processor.py:161} INFO - Started process (PID=28619) to work on /home/airflow/.local/lib/python3.12/site-packages/airflow/example_dags/example_display_name.py
[2024-08-05T00:24:19.485+0000] {processor.py:830} INFO - Processing file /home/airflow/.local/lib/python3.12/site-packages/airflow/example_dags/example_display_name.py for tasks to queue
[2024-08-05T00:24:19.486+0000] {logging_mixin.py:188} INFO - [2024-08-05T00:24:19.486+0000] {dagbag.py:545} INFO - Filling up the DagBag from /home/airflow/.local/lib/python3.12/site-packages/airflow/example_dags/example_display_name.py
[2024-08-05T00:24:19.603+0000] {processor.py:840} INFO - DAG(s) 'example_display_name' retrieved from /home/airflow/.local/lib/python3.12/site-packages/airflow/example_dags/example_display_name.py
[2024-08-05T00:24:19.617+0000] {logging_mixin.py:188} INFO - [2024-08-05T00:24:19.617+0000] {dag.py:3089} INFO - Sync 1 DAGs
[2024-08-05T00:24:19.625+0000] {logging_mixin.py:188} INFO - [2024-08-05T00:24:19.625+0000] {dag.py:3947} INFO - Setting next_dagrun for example_display_name to None, run_after=None
[2024-08-05T00:24:19.637+0000] {processor.py:183} INFO - Processing /home/airflow/.local/lib/python3.12/site-packages/airflow/example_dags/example_display_name.py took 0.157 seconds
[2024-08-05T00:24:50.392+0000] {processor.py:161} INFO - Started process (PID=28889) to work on /home/airflow/.local/lib/python3.12/site-packages/airflow/example_dags/example_display_name.py
[2024-08-05T00:24:50.393+0000] {processor.py:830} INFO - Processing file /home/airflow/.local/lib/python3.12/site-packages/airflow/example_dags/example_display_name.py for tasks to queue
[2024-08-05T00:24:50.394+0000] {logging_mixin.py:188} INFO - [2024-08-05T00:24:50.394+0000] {dagbag.py:545} INFO - Filling up the DagBag from /home/airflow/.local/lib/python3.12/site-packages/airflow/example_dags/example_display_name.py
[2024-08-05T00:24:50.398+0000] {processor.py:840} INFO - DAG(s) 'example_display_name' retrieved from /home/airflow/.local/lib/python3.12/site-packages/airflow/example_dags/example_display_name.py
[2024-08-05T00:24:50.414+0000] {logging_mixin.py:188} INFO - [2024-08-05T00:24:50.414+0000] {dag.py:3089} INFO - Sync 1 DAGs
[2024-08-05T00:24:50.424+0000] {logging_mixin.py:188} INFO - [2024-08-05T00:24:50.424+0000] {dag.py:3947} INFO - Setting next_dagrun for example_display_name to None, run_after=None
[2024-08-05T00:24:50.436+0000] {processor.py:183} INFO - Processing /home/airflow/.local/lib/python3.12/site-packages/airflow/example_dags/example_display_name.py took 0.048 seconds
