[2024-08-05T00:00:01.772+0000] {processor.py:161} INFO - Started process (PID=15623) to work on /home/airflow/.local/lib/python3.12/site-packages/airflow/example_dags/example_short_circuit_operator.py
[2024-08-05T00:00:01.773+0000] {processor.py:830} INFO - Processing file /home/airflow/.local/lib/python3.12/site-packages/airflow/example_dags/example_short_circuit_operator.py for tasks to queue
[2024-08-05T00:00:01.775+0000] {logging_mixin.py:188} INFO - [2024-08-05T00:00:01.775+0000] {dagbag.py:545} INFO - Filling up the DagBag from /home/airflow/.local/lib/python3.12/site-packages/airflow/example_dags/example_short_circuit_operator.py
[2024-08-05T00:00:01.781+0000] {processor.py:840} INFO - DAG(s) 'example_short_circuit_operator' retrieved from /home/airflow/.local/lib/python3.12/site-packages/airflow/example_dags/example_short_circuit_operator.py
[2024-08-05T00:00:01.804+0000] {logging_mixin.py:188} INFO - [2024-08-05T00:00:01.804+0000] {dag.py:3089} INFO - Sync 1 DAGs
[2024-08-05T00:00:01.824+0000] {logging_mixin.py:188} INFO - [2024-08-05T00:00:01.824+0000] {dag.py:3947} INFO - Setting next_dagrun for example_short_circuit_operator to 2024-08-04 00:00:00+00:00, run_after=2024-08-05 00:00:00+00:00
[2024-08-05T00:00:01.840+0000] {processor.py:183} INFO - Processing /home/airflow/.local/lib/python3.12/site-packages/airflow/example_dags/example_short_circuit_operator.py took 0.074 seconds
[2024-08-05T00:00:32.619+0000] {processor.py:161} INFO - Started process (PID=15903) to work on /home/airflow/.local/lib/python3.12/site-packages/airflow/example_dags/example_short_circuit_operator.py
[2024-08-05T00:00:32.620+0000] {processor.py:830} INFO - Processing file /home/airflow/.local/lib/python3.12/site-packages/airflow/example_dags/example_short_circuit_operator.py for tasks to queue
[2024-08-05T00:00:32.621+0000] {logging_mixin.py:188} INFO - [2024-08-05T00:00:32.621+0000] {dagbag.py:545} INFO - Filling up the DagBag from /home/airflow/.local/lib/python3.12/site-packages/airflow/example_dags/example_short_circuit_operator.py
[2024-08-05T00:00:32.627+0000] {processor.py:840} INFO - DAG(s) 'example_short_circuit_operator' retrieved from /home/airflow/.local/lib/python3.12/site-packages/airflow/example_dags/example_short_circuit_operator.py
[2024-08-05T00:00:32.648+0000] {logging_mixin.py:188} INFO - [2024-08-05T00:00:32.648+0000] {dag.py:3089} INFO - Sync 1 DAGs
[2024-08-05T00:00:32.665+0000] {logging_mixin.py:188} INFO - [2024-08-05T00:00:32.665+0000] {dag.py:3947} INFO - Setting next_dagrun for example_short_circuit_operator to 2024-08-04 00:00:00+00:00, run_after=2024-08-05 00:00:00+00:00
[2024-08-05T00:00:32.681+0000] {processor.py:183} INFO - Processing /home/airflow/.local/lib/python3.12/site-packages/airflow/example_dags/example_short_circuit_operator.py took 0.067 seconds
[2024-08-05T00:01:03.439+0000] {processor.py:161} INFO - Started process (PID=16175) to work on /home/airflow/.local/lib/python3.12/site-packages/airflow/example_dags/example_short_circuit_operator.py
[2024-08-05T00:01:03.440+0000] {processor.py:830} INFO - Processing file /home/airflow/.local/lib/python3.12/site-packages/airflow/example_dags/example_short_circuit_operator.py for tasks to queue
[2024-08-05T00:01:03.441+0000] {logging_mixin.py:188} INFO - [2024-08-05T00:01:03.441+0000] {dagbag.py:545} INFO - Filling up the DagBag from /home/airflow/.local/lib/python3.12/site-packages/airflow/example_dags/example_short_circuit_operator.py
[2024-08-05T00:01:03.447+0000] {processor.py:840} INFO - DAG(s) 'example_short_circuit_operator' retrieved from /home/airflow/.local/lib/python3.12/site-packages/airflow/example_dags/example_short_circuit_operator.py
[2024-08-05T00:01:03.469+0000] {logging_mixin.py:188} INFO - [2024-08-05T00:01:03.469+0000] {dag.py:3089} INFO - Sync 1 DAGs
[2024-08-05T00:01:03.494+0000] {logging_mixin.py:188} INFO - [2024-08-05T00:01:03.494+0000] {dag.py:3947} INFO - Setting next_dagrun for example_short_circuit_operator to 2024-08-04 00:00:00+00:00, run_after=2024-08-05 00:00:00+00:00
[2024-08-05T00:01:03.521+0000] {processor.py:183} INFO - Processing /home/airflow/.local/lib/python3.12/site-packages/airflow/example_dags/example_short_circuit_operator.py took 0.087 seconds
[2024-08-05T00:01:33.758+0000] {processor.py:161} INFO - Started process (PID=16445) to work on /home/airflow/.local/lib/python3.12/site-packages/airflow/example_dags/example_short_circuit_operator.py
[2024-08-05T00:01:33.759+0000] {processor.py:830} INFO - Processing file /home/airflow/.local/lib/python3.12/site-packages/airflow/example_dags/example_short_circuit_operator.py for tasks to queue
[2024-08-05T00:01:33.760+0000] {logging_mixin.py:188} INFO - [2024-08-05T00:01:33.760+0000] {dagbag.py:545} INFO - Filling up the DagBag from /home/airflow/.local/lib/python3.12/site-packages/airflow/example_dags/example_short_circuit_operator.py
[2024-08-05T00:01:33.765+0000] {processor.py:840} INFO - DAG(s) 'example_short_circuit_operator' retrieved from /home/airflow/.local/lib/python3.12/site-packages/airflow/example_dags/example_short_circuit_operator.py
[2024-08-05T00:01:33.789+0000] {logging_mixin.py:188} INFO - [2024-08-05T00:01:33.789+0000] {dag.py:3089} INFO - Sync 1 DAGs
[2024-08-05T00:01:33.809+0000] {logging_mixin.py:188} INFO - [2024-08-05T00:01:33.809+0000] {dag.py:3947} INFO - Setting next_dagrun for example_short_circuit_operator to 2024-08-04 00:00:00+00:00, run_after=2024-08-05 00:00:00+00:00
[2024-08-05T00:01:33.824+0000] {processor.py:183} INFO - Processing /home/airflow/.local/lib/python3.12/site-packages/airflow/example_dags/example_short_circuit_operator.py took 0.071 seconds
[2024-08-05T00:02:03.921+0000] {processor.py:161} INFO - Started process (PID=16717) to work on /home/airflow/.local/lib/python3.12/site-packages/airflow/example_dags/example_short_circuit_operator.py
[2024-08-05T00:02:03.922+0000] {processor.py:830} INFO - Processing file /home/airflow/.local/lib/python3.12/site-packages/airflow/example_dags/example_short_circuit_operator.py for tasks to queue
[2024-08-05T00:02:03.924+0000] {logging_mixin.py:188} INFO - [2024-08-05T00:02:03.923+0000] {dagbag.py:545} INFO - Filling up the DagBag from /home/airflow/.local/lib/python3.12/site-packages/airflow/example_dags/example_short_circuit_operator.py
[2024-08-05T00:02:03.929+0000] {processor.py:840} INFO - DAG(s) 'example_short_circuit_operator' retrieved from /home/airflow/.local/lib/python3.12/site-packages/airflow/example_dags/example_short_circuit_operator.py
[2024-08-05T00:02:03.950+0000] {logging_mixin.py:188} INFO - [2024-08-05T00:02:03.950+0000] {dag.py:3089} INFO - Sync 1 DAGs
[2024-08-05T00:02:03.971+0000] {logging_mixin.py:188} INFO - [2024-08-05T00:02:03.971+0000] {dag.py:3947} INFO - Setting next_dagrun for example_short_circuit_operator to 2024-08-04 00:00:00+00:00, run_after=2024-08-05 00:00:00+00:00
[2024-08-05T00:02:03.987+0000] {processor.py:183} INFO - Processing /home/airflow/.local/lib/python3.12/site-packages/airflow/example_dags/example_short_circuit_operator.py took 0.071 seconds
[2024-08-05T00:02:34.057+0000] {processor.py:161} INFO - Started process (PID=16989) to work on /home/airflow/.local/lib/python3.12/site-packages/airflow/example_dags/example_short_circuit_operator.py
[2024-08-05T00:02:34.058+0000] {processor.py:830} INFO - Processing file /home/airflow/.local/lib/python3.12/site-packages/airflow/example_dags/example_short_circuit_operator.py for tasks to queue
[2024-08-05T00:02:34.059+0000] {logging_mixin.py:188} INFO - [2024-08-05T00:02:34.059+0000] {dagbag.py:545} INFO - Filling up the DagBag from /home/airflow/.local/lib/python3.12/site-packages/airflow/example_dags/example_short_circuit_operator.py
[2024-08-05T00:02:34.064+0000] {processor.py:840} INFO - DAG(s) 'example_short_circuit_operator' retrieved from /home/airflow/.local/lib/python3.12/site-packages/airflow/example_dags/example_short_circuit_operator.py
[2024-08-05T00:02:34.088+0000] {logging_mixin.py:188} INFO - [2024-08-05T00:02:34.088+0000] {dag.py:3089} INFO - Sync 1 DAGs
[2024-08-05T00:02:34.108+0000] {logging_mixin.py:188} INFO - [2024-08-05T00:02:34.107+0000] {dag.py:3947} INFO - Setting next_dagrun for example_short_circuit_operator to 2024-08-04 00:00:00+00:00, run_after=2024-08-05 00:00:00+00:00
[2024-08-05T00:02:34.124+0000] {processor.py:183} INFO - Processing /home/airflow/.local/lib/python3.12/site-packages/airflow/example_dags/example_short_circuit_operator.py took 0.074 seconds
[2024-08-05T00:03:04.161+0000] {processor.py:161} INFO - Started process (PID=17258) to work on /home/airflow/.local/lib/python3.12/site-packages/airflow/example_dags/example_short_circuit_operator.py
[2024-08-05T00:03:04.161+0000] {processor.py:830} INFO - Processing file /home/airflow/.local/lib/python3.12/site-packages/airflow/example_dags/example_short_circuit_operator.py for tasks to queue
[2024-08-05T00:03:04.163+0000] {logging_mixin.py:188} INFO - [2024-08-05T00:03:04.162+0000] {dagbag.py:545} INFO - Filling up the DagBag from /home/airflow/.local/lib/python3.12/site-packages/airflow/example_dags/example_short_circuit_operator.py
[2024-08-05T00:03:04.171+0000] {processor.py:840} INFO - DAG(s) 'example_short_circuit_operator' retrieved from /home/airflow/.local/lib/python3.12/site-packages/airflow/example_dags/example_short_circuit_operator.py
[2024-08-05T00:03:04.195+0000] {logging_mixin.py:188} INFO - [2024-08-05T00:03:04.195+0000] {dag.py:3089} INFO - Sync 1 DAGs
[2024-08-05T00:03:04.215+0000] {logging_mixin.py:188} INFO - [2024-08-05T00:03:04.215+0000] {dag.py:3947} INFO - Setting next_dagrun for example_short_circuit_operator to 2024-08-04 00:00:00+00:00, run_after=2024-08-05 00:00:00+00:00
[2024-08-05T00:03:04.232+0000] {processor.py:183} INFO - Processing /home/airflow/.local/lib/python3.12/site-packages/airflow/example_dags/example_short_circuit_operator.py took 0.076 seconds
[2024-08-05T00:03:34.533+0000] {processor.py:161} INFO - Started process (PID=17533) to work on /home/airflow/.local/lib/python3.12/site-packages/airflow/example_dags/example_short_circuit_operator.py
[2024-08-05T00:03:34.535+0000] {processor.py:830} INFO - Processing file /home/airflow/.local/lib/python3.12/site-packages/airflow/example_dags/example_short_circuit_operator.py for tasks to queue
[2024-08-05T00:03:34.536+0000] {logging_mixin.py:188} INFO - [2024-08-05T00:03:34.536+0000] {dagbag.py:545} INFO - Filling up the DagBag from /home/airflow/.local/lib/python3.12/site-packages/airflow/example_dags/example_short_circuit_operator.py
[2024-08-05T00:03:34.542+0000] {processor.py:840} INFO - DAG(s) 'example_short_circuit_operator' retrieved from /home/airflow/.local/lib/python3.12/site-packages/airflow/example_dags/example_short_circuit_operator.py
[2024-08-05T00:03:34.565+0000] {logging_mixin.py:188} INFO - [2024-08-05T00:03:34.565+0000] {dag.py:3089} INFO - Sync 1 DAGs
[2024-08-05T00:03:34.585+0000] {logging_mixin.py:188} INFO - [2024-08-05T00:03:34.584+0000] {dag.py:3947} INFO - Setting next_dagrun for example_short_circuit_operator to 2024-08-04 00:00:00+00:00, run_after=2024-08-05 00:00:00+00:00
[2024-08-05T00:03:34.601+0000] {processor.py:183} INFO - Processing /home/airflow/.local/lib/python3.12/site-packages/airflow/example_dags/example_short_circuit_operator.py took 0.073 seconds
[2024-08-05T00:04:04.860+0000] {processor.py:161} INFO - Started process (PID=17805) to work on /home/airflow/.local/lib/python3.12/site-packages/airflow/example_dags/example_short_circuit_operator.py
[2024-08-05T00:04:04.861+0000] {processor.py:830} INFO - Processing file /home/airflow/.local/lib/python3.12/site-packages/airflow/example_dags/example_short_circuit_operator.py for tasks to queue
[2024-08-05T00:04:04.862+0000] {logging_mixin.py:188} INFO - [2024-08-05T00:04:04.862+0000] {dagbag.py:545} INFO - Filling up the DagBag from /home/airflow/.local/lib/python3.12/site-packages/airflow/example_dags/example_short_circuit_operator.py
[2024-08-05T00:04:04.870+0000] {processor.py:840} INFO - DAG(s) 'example_short_circuit_operator' retrieved from /home/airflow/.local/lib/python3.12/site-packages/airflow/example_dags/example_short_circuit_operator.py
[2024-08-05T00:04:04.890+0000] {logging_mixin.py:188} INFO - [2024-08-05T00:04:04.890+0000] {dag.py:3089} INFO - Sync 1 DAGs
[2024-08-05T00:04:04.910+0000] {logging_mixin.py:188} INFO - [2024-08-05T00:04:04.910+0000] {dag.py:3947} INFO - Setting next_dagrun for example_short_circuit_operator to 2024-08-04 00:00:00+00:00, run_after=2024-08-05 00:00:00+00:00
[2024-08-05T00:04:04.927+0000] {processor.py:183} INFO - Processing /home/airflow/.local/lib/python3.12/site-packages/airflow/example_dags/example_short_circuit_operator.py took 0.073 seconds
[2024-08-05T00:04:35.024+0000] {processor.py:161} INFO - Started process (PID=18077) to work on /home/airflow/.local/lib/python3.12/site-packages/airflow/example_dags/example_short_circuit_operator.py
[2024-08-05T00:04:35.025+0000] {processor.py:830} INFO - Processing file /home/airflow/.local/lib/python3.12/site-packages/airflow/example_dags/example_short_circuit_operator.py for tasks to queue
[2024-08-05T00:04:35.027+0000] {logging_mixin.py:188} INFO - [2024-08-05T00:04:35.027+0000] {dagbag.py:545} INFO - Filling up the DagBag from /home/airflow/.local/lib/python3.12/site-packages/airflow/example_dags/example_short_circuit_operator.py
[2024-08-05T00:04:35.032+0000] {processor.py:840} INFO - DAG(s) 'example_short_circuit_operator' retrieved from /home/airflow/.local/lib/python3.12/site-packages/airflow/example_dags/example_short_circuit_operator.py
[2024-08-05T00:04:35.055+0000] {logging_mixin.py:188} INFO - [2024-08-05T00:04:35.055+0000] {dag.py:3089} INFO - Sync 1 DAGs
[2024-08-05T00:04:35.076+0000] {logging_mixin.py:188} INFO - [2024-08-05T00:04:35.076+0000] {dag.py:3947} INFO - Setting next_dagrun for example_short_circuit_operator to 2024-08-04 00:00:00+00:00, run_after=2024-08-05 00:00:00+00:00
[2024-08-05T00:04:35.089+0000] {processor.py:183} INFO - Processing /home/airflow/.local/lib/python3.12/site-packages/airflow/example_dags/example_short_circuit_operator.py took 0.071 seconds
[2024-08-05T00:05:05.312+0000] {processor.py:161} INFO - Started process (PID=18349) to work on /home/airflow/.local/lib/python3.12/site-packages/airflow/example_dags/example_short_circuit_operator.py
[2024-08-05T00:05:05.312+0000] {processor.py:830} INFO - Processing file /home/airflow/.local/lib/python3.12/site-packages/airflow/example_dags/example_short_circuit_operator.py for tasks to queue
[2024-08-05T00:05:05.314+0000] {logging_mixin.py:188} INFO - [2024-08-05T00:05:05.314+0000] {dagbag.py:545} INFO - Filling up the DagBag from /home/airflow/.local/lib/python3.12/site-packages/airflow/example_dags/example_short_circuit_operator.py
[2024-08-05T00:05:05.319+0000] {processor.py:840} INFO - DAG(s) 'example_short_circuit_operator' retrieved from /home/airflow/.local/lib/python3.12/site-packages/airflow/example_dags/example_short_circuit_operator.py
[2024-08-05T00:05:05.341+0000] {logging_mixin.py:188} INFO - [2024-08-05T00:05:05.341+0000] {dag.py:3089} INFO - Sync 1 DAGs
[2024-08-05T00:05:05.362+0000] {logging_mixin.py:188} INFO - [2024-08-05T00:05:05.362+0000] {dag.py:3947} INFO - Setting next_dagrun for example_short_circuit_operator to 2024-08-04 00:00:00+00:00, run_after=2024-08-05 00:00:00+00:00
[2024-08-05T00:05:05.375+0000] {processor.py:183} INFO - Processing /home/airflow/.local/lib/python3.12/site-packages/airflow/example_dags/example_short_circuit_operator.py took 0.068 seconds
[2024-08-05T00:05:35.626+0000] {processor.py:161} INFO - Started process (PID=18621) to work on /home/airflow/.local/lib/python3.12/site-packages/airflow/example_dags/example_short_circuit_operator.py
[2024-08-05T00:05:35.627+0000] {processor.py:830} INFO - Processing file /home/airflow/.local/lib/python3.12/site-packages/airflow/example_dags/example_short_circuit_operator.py for tasks to queue
[2024-08-05T00:05:35.629+0000] {logging_mixin.py:188} INFO - [2024-08-05T00:05:35.629+0000] {dagbag.py:545} INFO - Filling up the DagBag from /home/airflow/.local/lib/python3.12/site-packages/airflow/example_dags/example_short_circuit_operator.py
[2024-08-05T00:05:35.636+0000] {processor.py:840} INFO - DAG(s) 'example_short_circuit_operator' retrieved from /home/airflow/.local/lib/python3.12/site-packages/airflow/example_dags/example_short_circuit_operator.py
[2024-08-05T00:05:35.658+0000] {logging_mixin.py:188} INFO - [2024-08-05T00:05:35.658+0000] {dag.py:3089} INFO - Sync 1 DAGs
[2024-08-05T00:05:35.678+0000] {logging_mixin.py:188} INFO - [2024-08-05T00:05:35.678+0000] {dag.py:3947} INFO - Setting next_dagrun for example_short_circuit_operator to 2024-08-04 00:00:00+00:00, run_after=2024-08-05 00:00:00+00:00
[2024-08-05T00:05:35.694+0000] {processor.py:183} INFO - Processing /home/airflow/.local/lib/python3.12/site-packages/airflow/example_dags/example_short_circuit_operator.py took 0.073 seconds
[2024-08-05T00:06:06.468+0000] {processor.py:161} INFO - Started process (PID=18887) to work on /home/airflow/.local/lib/python3.12/site-packages/airflow/example_dags/example_short_circuit_operator.py
[2024-08-05T00:06:06.469+0000] {processor.py:830} INFO - Processing file /home/airflow/.local/lib/python3.12/site-packages/airflow/example_dags/example_short_circuit_operator.py for tasks to queue
[2024-08-05T00:06:06.470+0000] {logging_mixin.py:188} INFO - [2024-08-05T00:06:06.470+0000] {dagbag.py:545} INFO - Filling up the DagBag from /home/airflow/.local/lib/python3.12/site-packages/airflow/example_dags/example_short_circuit_operator.py
[2024-08-05T00:06:06.476+0000] {processor.py:840} INFO - DAG(s) 'example_short_circuit_operator' retrieved from /home/airflow/.local/lib/python3.12/site-packages/airflow/example_dags/example_short_circuit_operator.py
[2024-08-05T00:06:06.496+0000] {logging_mixin.py:188} INFO - [2024-08-05T00:06:06.495+0000] {dag.py:3089} INFO - Sync 1 DAGs
[2024-08-05T00:06:06.519+0000] {logging_mixin.py:188} INFO - [2024-08-05T00:06:06.519+0000] {dag.py:3947} INFO - Setting next_dagrun for example_short_circuit_operator to 2024-08-04 00:00:00+00:00, run_after=2024-08-05 00:00:00+00:00
[2024-08-05T00:06:06.537+0000] {processor.py:183} INFO - Processing /home/airflow/.local/lib/python3.12/site-packages/airflow/example_dags/example_short_circuit_operator.py took 0.075 seconds
[2024-08-05T00:06:36.702+0000] {processor.py:161} INFO - Started process (PID=19159) to work on /home/airflow/.local/lib/python3.12/site-packages/airflow/example_dags/example_short_circuit_operator.py
[2024-08-05T00:06:36.703+0000] {processor.py:830} INFO - Processing file /home/airflow/.local/lib/python3.12/site-packages/airflow/example_dags/example_short_circuit_operator.py for tasks to queue
[2024-08-05T00:06:36.704+0000] {logging_mixin.py:188} INFO - [2024-08-05T00:06:36.704+0000] {dagbag.py:545} INFO - Filling up the DagBag from /home/airflow/.local/lib/python3.12/site-packages/airflow/example_dags/example_short_circuit_operator.py
[2024-08-05T00:06:36.710+0000] {processor.py:840} INFO - DAG(s) 'example_short_circuit_operator' retrieved from /home/airflow/.local/lib/python3.12/site-packages/airflow/example_dags/example_short_circuit_operator.py
[2024-08-05T00:06:36.734+0000] {logging_mixin.py:188} INFO - [2024-08-05T00:06:36.733+0000] {dag.py:3089} INFO - Sync 1 DAGs
[2024-08-05T00:06:36.753+0000] {logging_mixin.py:188} INFO - [2024-08-05T00:06:36.753+0000] {dag.py:3947} INFO - Setting next_dagrun for example_short_circuit_operator to 2024-08-04 00:00:00+00:00, run_after=2024-08-05 00:00:00+00:00
[2024-08-05T00:06:36.769+0000] {processor.py:183} INFO - Processing /home/airflow/.local/lib/python3.12/site-packages/airflow/example_dags/example_short_circuit_operator.py took 0.072 seconds
[2024-08-05T00:07:07.715+0000] {processor.py:161} INFO - Started process (PID=19431) to work on /home/airflow/.local/lib/python3.12/site-packages/airflow/example_dags/example_short_circuit_operator.py
[2024-08-05T00:07:07.715+0000] {processor.py:830} INFO - Processing file /home/airflow/.local/lib/python3.12/site-packages/airflow/example_dags/example_short_circuit_operator.py for tasks to queue
[2024-08-05T00:07:07.717+0000] {logging_mixin.py:188} INFO - [2024-08-05T00:07:07.717+0000] {dagbag.py:545} INFO - Filling up the DagBag from /home/airflow/.local/lib/python3.12/site-packages/airflow/example_dags/example_short_circuit_operator.py
[2024-08-05T00:07:07.722+0000] {processor.py:840} INFO - DAG(s) 'example_short_circuit_operator' retrieved from /home/airflow/.local/lib/python3.12/site-packages/airflow/example_dags/example_short_circuit_operator.py
[2024-08-05T00:07:07.747+0000] {logging_mixin.py:188} INFO - [2024-08-05T00:07:07.747+0000] {dag.py:3089} INFO - Sync 1 DAGs
[2024-08-05T00:07:07.765+0000] {logging_mixin.py:188} INFO - [2024-08-05T00:07:07.765+0000] {dag.py:3947} INFO - Setting next_dagrun for example_short_circuit_operator to 2024-08-04 00:00:00+00:00, run_after=2024-08-05 00:00:00+00:00
[2024-08-05T00:07:07.779+0000] {processor.py:183} INFO - Processing /home/airflow/.local/lib/python3.12/site-packages/airflow/example_dags/example_short_circuit_operator.py took 0.069 seconds
[2024-08-05T00:07:38.160+0000] {processor.py:161} INFO - Started process (PID=19705) to work on /home/airflow/.local/lib/python3.12/site-packages/airflow/example_dags/example_short_circuit_operator.py
[2024-08-05T00:07:38.162+0000] {processor.py:830} INFO - Processing file /home/airflow/.local/lib/python3.12/site-packages/airflow/example_dags/example_short_circuit_operator.py for tasks to queue
[2024-08-05T00:07:38.163+0000] {logging_mixin.py:188} INFO - [2024-08-05T00:07:38.163+0000] {dagbag.py:545} INFO - Filling up the DagBag from /home/airflow/.local/lib/python3.12/site-packages/airflow/example_dags/example_short_circuit_operator.py
[2024-08-05T00:07:38.170+0000] {processor.py:840} INFO - DAG(s) 'example_short_circuit_operator' retrieved from /home/airflow/.local/lib/python3.12/site-packages/airflow/example_dags/example_short_circuit_operator.py
[2024-08-05T00:07:38.192+0000] {logging_mixin.py:188} INFO - [2024-08-05T00:07:38.192+0000] {dag.py:3089} INFO - Sync 1 DAGs
[2024-08-05T00:07:38.212+0000] {logging_mixin.py:188} INFO - [2024-08-05T00:07:38.212+0000] {dag.py:3947} INFO - Setting next_dagrun for example_short_circuit_operator to 2024-08-04 00:00:00+00:00, run_after=2024-08-05 00:00:00+00:00
[2024-08-05T00:07:38.229+0000] {processor.py:183} INFO - Processing /home/airflow/.local/lib/python3.12/site-packages/airflow/example_dags/example_short_circuit_operator.py took 0.075 seconds
[2024-08-05T00:08:08.370+0000] {processor.py:161} INFO - Started process (PID=19977) to work on /home/airflow/.local/lib/python3.12/site-packages/airflow/example_dags/example_short_circuit_operator.py
[2024-08-05T00:08:08.371+0000] {processor.py:830} INFO - Processing file /home/airflow/.local/lib/python3.12/site-packages/airflow/example_dags/example_short_circuit_operator.py for tasks to queue
[2024-08-05T00:08:08.373+0000] {logging_mixin.py:188} INFO - [2024-08-05T00:08:08.373+0000] {dagbag.py:545} INFO - Filling up the DagBag from /home/airflow/.local/lib/python3.12/site-packages/airflow/example_dags/example_short_circuit_operator.py
[2024-08-05T00:08:08.379+0000] {processor.py:840} INFO - DAG(s) 'example_short_circuit_operator' retrieved from /home/airflow/.local/lib/python3.12/site-packages/airflow/example_dags/example_short_circuit_operator.py
[2024-08-05T00:08:08.401+0000] {logging_mixin.py:188} INFO - [2024-08-05T00:08:08.401+0000] {dag.py:3089} INFO - Sync 1 DAGs
[2024-08-05T00:08:08.421+0000] {logging_mixin.py:188} INFO - [2024-08-05T00:08:08.420+0000] {dag.py:3947} INFO - Setting next_dagrun for example_short_circuit_operator to 2024-08-04 00:00:00+00:00, run_after=2024-08-05 00:00:00+00:00
[2024-08-05T00:08:08.437+0000] {processor.py:183} INFO - Processing /home/airflow/.local/lib/python3.12/site-packages/airflow/example_dags/example_short_circuit_operator.py took 0.071 seconds
[2024-08-05T00:08:38.645+0000] {processor.py:161} INFO - Started process (PID=20247) to work on /home/airflow/.local/lib/python3.12/site-packages/airflow/example_dags/example_short_circuit_operator.py
[2024-08-05T00:08:38.646+0000] {processor.py:830} INFO - Processing file /home/airflow/.local/lib/python3.12/site-packages/airflow/example_dags/example_short_circuit_operator.py for tasks to queue
[2024-08-05T00:08:38.647+0000] {logging_mixin.py:188} INFO - [2024-08-05T00:08:38.647+0000] {dagbag.py:545} INFO - Filling up the DagBag from /home/airflow/.local/lib/python3.12/site-packages/airflow/example_dags/example_short_circuit_operator.py
[2024-08-05T00:08:38.653+0000] {processor.py:840} INFO - DAG(s) 'example_short_circuit_operator' retrieved from /home/airflow/.local/lib/python3.12/site-packages/airflow/example_dags/example_short_circuit_operator.py
[2024-08-05T00:08:38.675+0000] {logging_mixin.py:188} INFO - [2024-08-05T00:08:38.675+0000] {dag.py:3089} INFO - Sync 1 DAGs
[2024-08-05T00:08:38.696+0000] {logging_mixin.py:188} INFO - [2024-08-05T00:08:38.696+0000] {dag.py:3947} INFO - Setting next_dagrun for example_short_circuit_operator to 2024-08-04 00:00:00+00:00, run_after=2024-08-05 00:00:00+00:00
[2024-08-05T00:08:38.713+0000] {processor.py:183} INFO - Processing /home/airflow/.local/lib/python3.12/site-packages/airflow/example_dags/example_short_circuit_operator.py took 0.073 seconds
[2024-08-05T00:09:08.869+0000] {processor.py:161} INFO - Started process (PID=20521) to work on /home/airflow/.local/lib/python3.12/site-packages/airflow/example_dags/example_short_circuit_operator.py
[2024-08-05T00:09:08.869+0000] {processor.py:830} INFO - Processing file /home/airflow/.local/lib/python3.12/site-packages/airflow/example_dags/example_short_circuit_operator.py for tasks to queue
[2024-08-05T00:09:08.871+0000] {logging_mixin.py:188} INFO - [2024-08-05T00:09:08.871+0000] {dagbag.py:545} INFO - Filling up the DagBag from /home/airflow/.local/lib/python3.12/site-packages/airflow/example_dags/example_short_circuit_operator.py
[2024-08-05T00:09:08.878+0000] {processor.py:840} INFO - DAG(s) 'example_short_circuit_operator' retrieved from /home/airflow/.local/lib/python3.12/site-packages/airflow/example_dags/example_short_circuit_operator.py
[2024-08-05T00:09:08.899+0000] {logging_mixin.py:188} INFO - [2024-08-05T00:09:08.899+0000] {dag.py:3089} INFO - Sync 1 DAGs
[2024-08-05T00:09:08.917+0000] {logging_mixin.py:188} INFO - [2024-08-05T00:09:08.917+0000] {dag.py:3947} INFO - Setting next_dagrun for example_short_circuit_operator to 2024-08-04 00:00:00+00:00, run_after=2024-08-05 00:00:00+00:00
[2024-08-05T00:09:08.931+0000] {processor.py:183} INFO - Processing /home/airflow/.local/lib/python3.12/site-packages/airflow/example_dags/example_short_circuit_operator.py took 0.067 seconds
[2024-08-05T00:09:39.489+0000] {processor.py:161} INFO - Started process (PID=20791) to work on /home/airflow/.local/lib/python3.12/site-packages/airflow/example_dags/example_short_circuit_operator.py
[2024-08-05T00:09:39.490+0000] {processor.py:830} INFO - Processing file /home/airflow/.local/lib/python3.12/site-packages/airflow/example_dags/example_short_circuit_operator.py for tasks to queue
[2024-08-05T00:09:39.491+0000] {logging_mixin.py:188} INFO - [2024-08-05T00:09:39.491+0000] {dagbag.py:545} INFO - Filling up the DagBag from /home/airflow/.local/lib/python3.12/site-packages/airflow/example_dags/example_short_circuit_operator.py
[2024-08-05T00:09:39.497+0000] {processor.py:840} INFO - DAG(s) 'example_short_circuit_operator' retrieved from /home/airflow/.local/lib/python3.12/site-packages/airflow/example_dags/example_short_circuit_operator.py
[2024-08-05T00:09:39.518+0000] {logging_mixin.py:188} INFO - [2024-08-05T00:09:39.518+0000] {dag.py:3089} INFO - Sync 1 DAGs
[2024-08-05T00:09:39.536+0000] {logging_mixin.py:188} INFO - [2024-08-05T00:09:39.536+0000] {dag.py:3947} INFO - Setting next_dagrun for example_short_circuit_operator to 2024-08-04 00:00:00+00:00, run_after=2024-08-05 00:00:00+00:00
[2024-08-05T00:09:39.552+0000] {processor.py:183} INFO - Processing /home/airflow/.local/lib/python3.12/site-packages/airflow/example_dags/example_short_circuit_operator.py took 0.067 seconds
[2024-08-05T00:10:10.260+0000] {processor.py:161} INFO - Started process (PID=21071) to work on /home/airflow/.local/lib/python3.12/site-packages/airflow/example_dags/example_short_circuit_operator.py
[2024-08-05T00:10:10.261+0000] {processor.py:830} INFO - Processing file /home/airflow/.local/lib/python3.12/site-packages/airflow/example_dags/example_short_circuit_operator.py for tasks to queue
[2024-08-05T00:10:10.263+0000] {logging_mixin.py:188} INFO - [2024-08-05T00:10:10.262+0000] {dagbag.py:545} INFO - Filling up the DagBag from /home/airflow/.local/lib/python3.12/site-packages/airflow/example_dags/example_short_circuit_operator.py
[2024-08-05T00:10:10.269+0000] {processor.py:840} INFO - DAG(s) 'example_short_circuit_operator' retrieved from /home/airflow/.local/lib/python3.12/site-packages/airflow/example_dags/example_short_circuit_operator.py
[2024-08-05T00:10:10.292+0000] {logging_mixin.py:188} INFO - [2024-08-05T00:10:10.291+0000] {dag.py:3089} INFO - Sync 1 DAGs
[2024-08-05T00:10:10.311+0000] {logging_mixin.py:188} INFO - [2024-08-05T00:10:10.311+0000] {dag.py:3947} INFO - Setting next_dagrun for example_short_circuit_operator to 2024-08-04 00:00:00+00:00, run_after=2024-08-05 00:00:00+00:00
[2024-08-05T00:10:10.326+0000] {processor.py:183} INFO - Processing /home/airflow/.local/lib/python3.12/site-packages/airflow/example_dags/example_short_circuit_operator.py took 0.071 seconds
[2024-08-05T00:10:41.078+0000] {processor.py:161} INFO - Started process (PID=21346) to work on /home/airflow/.local/lib/python3.12/site-packages/airflow/example_dags/example_short_circuit_operator.py
[2024-08-05T00:10:41.079+0000] {processor.py:830} INFO - Processing file /home/airflow/.local/lib/python3.12/site-packages/airflow/example_dags/example_short_circuit_operator.py for tasks to queue
[2024-08-05T00:10:41.080+0000] {logging_mixin.py:188} INFO - [2024-08-05T00:10:41.080+0000] {dagbag.py:545} INFO - Filling up the DagBag from /home/airflow/.local/lib/python3.12/site-packages/airflow/example_dags/example_short_circuit_operator.py
[2024-08-05T00:10:41.086+0000] {processor.py:840} INFO - DAG(s) 'example_short_circuit_operator' retrieved from /home/airflow/.local/lib/python3.12/site-packages/airflow/example_dags/example_short_circuit_operator.py
[2024-08-05T00:10:41.110+0000] {logging_mixin.py:188} INFO - [2024-08-05T00:10:41.110+0000] {dag.py:3089} INFO - Sync 1 DAGs
[2024-08-05T00:10:41.128+0000] {logging_mixin.py:188} INFO - [2024-08-05T00:10:41.128+0000] {dag.py:3947} INFO - Setting next_dagrun for example_short_circuit_operator to 2024-08-04 00:00:00+00:00, run_after=2024-08-05 00:00:00+00:00
[2024-08-05T00:10:41.145+0000] {processor.py:183} INFO - Processing /home/airflow/.local/lib/python3.12/site-packages/airflow/example_dags/example_short_circuit_operator.py took 0.072 seconds
[2024-08-05T00:11:11.764+0000] {processor.py:161} INFO - Started process (PID=21618) to work on /home/airflow/.local/lib/python3.12/site-packages/airflow/example_dags/example_short_circuit_operator.py
[2024-08-05T00:11:11.764+0000] {processor.py:830} INFO - Processing file /home/airflow/.local/lib/python3.12/site-packages/airflow/example_dags/example_short_circuit_operator.py for tasks to queue
[2024-08-05T00:11:11.766+0000] {logging_mixin.py:188} INFO - [2024-08-05T00:11:11.766+0000] {dagbag.py:545} INFO - Filling up the DagBag from /home/airflow/.local/lib/python3.12/site-packages/airflow/example_dags/example_short_circuit_operator.py
[2024-08-05T00:11:11.772+0000] {processor.py:840} INFO - DAG(s) 'example_short_circuit_operator' retrieved from /home/airflow/.local/lib/python3.12/site-packages/airflow/example_dags/example_short_circuit_operator.py
[2024-08-05T00:11:11.794+0000] {logging_mixin.py:188} INFO - [2024-08-05T00:11:11.794+0000] {dag.py:3089} INFO - Sync 1 DAGs
[2024-08-05T00:11:11.813+0000] {logging_mixin.py:188} INFO - [2024-08-05T00:11:11.813+0000] {dag.py:3947} INFO - Setting next_dagrun for example_short_circuit_operator to 2024-08-04 00:00:00+00:00, run_after=2024-08-05 00:00:00+00:00
[2024-08-05T00:11:11.828+0000] {processor.py:183} INFO - Processing /home/airflow/.local/lib/python3.12/site-packages/airflow/example_dags/example_short_circuit_operator.py took 0.069 seconds
[2024-08-05T00:11:42.696+0000] {processor.py:161} INFO - Started process (PID=21890) to work on /home/airflow/.local/lib/python3.12/site-packages/airflow/example_dags/example_short_circuit_operator.py
[2024-08-05T00:11:42.697+0000] {processor.py:830} INFO - Processing file /home/airflow/.local/lib/python3.12/site-packages/airflow/example_dags/example_short_circuit_operator.py for tasks to queue
[2024-08-05T00:11:42.698+0000] {logging_mixin.py:188} INFO - [2024-08-05T00:11:42.698+0000] {dagbag.py:545} INFO - Filling up the DagBag from /home/airflow/.local/lib/python3.12/site-packages/airflow/example_dags/example_short_circuit_operator.py
[2024-08-05T00:11:42.705+0000] {processor.py:840} INFO - DAG(s) 'example_short_circuit_operator' retrieved from /home/airflow/.local/lib/python3.12/site-packages/airflow/example_dags/example_short_circuit_operator.py
[2024-08-05T00:11:42.727+0000] {logging_mixin.py:188} INFO - [2024-08-05T00:11:42.727+0000] {dag.py:3089} INFO - Sync 1 DAGs
[2024-08-05T00:11:42.746+0000] {logging_mixin.py:188} INFO - [2024-08-05T00:11:42.746+0000] {dag.py:3947} INFO - Setting next_dagrun for example_short_circuit_operator to 2024-08-04 00:00:00+00:00, run_after=2024-08-05 00:00:00+00:00
[2024-08-05T00:11:42.761+0000] {processor.py:183} INFO - Processing /home/airflow/.local/lib/python3.12/site-packages/airflow/example_dags/example_short_circuit_operator.py took 0.070 seconds
[2024-08-05T00:12:12.858+0000] {processor.py:161} INFO - Started process (PID=22160) to work on /home/airflow/.local/lib/python3.12/site-packages/airflow/example_dags/example_short_circuit_operator.py
[2024-08-05T00:12:12.859+0000] {processor.py:830} INFO - Processing file /home/airflow/.local/lib/python3.12/site-packages/airflow/example_dags/example_short_circuit_operator.py for tasks to queue
[2024-08-05T00:12:12.860+0000] {logging_mixin.py:188} INFO - [2024-08-05T00:12:12.860+0000] {dagbag.py:545} INFO - Filling up the DagBag from /home/airflow/.local/lib/python3.12/site-packages/airflow/example_dags/example_short_circuit_operator.py
[2024-08-05T00:12:12.866+0000] {processor.py:840} INFO - DAG(s) 'example_short_circuit_operator' retrieved from /home/airflow/.local/lib/python3.12/site-packages/airflow/example_dags/example_short_circuit_operator.py
[2024-08-05T00:12:12.889+0000] {logging_mixin.py:188} INFO - [2024-08-05T00:12:12.889+0000] {dag.py:3089} INFO - Sync 1 DAGs
[2024-08-05T00:12:12.909+0000] {logging_mixin.py:188} INFO - [2024-08-05T00:12:12.909+0000] {dag.py:3947} INFO - Setting next_dagrun for example_short_circuit_operator to 2024-08-04 00:00:00+00:00, run_after=2024-08-05 00:00:00+00:00
[2024-08-05T00:12:12.925+0000] {processor.py:183} INFO - Processing /home/airflow/.local/lib/python3.12/site-packages/airflow/example_dags/example_short_circuit_operator.py took 0.074 seconds
[2024-08-05T00:12:43.191+0000] {processor.py:161} INFO - Started process (PID=22434) to work on /home/airflow/.local/lib/python3.12/site-packages/airflow/example_dags/example_short_circuit_operator.py
[2024-08-05T00:12:43.192+0000] {processor.py:830} INFO - Processing file /home/airflow/.local/lib/python3.12/site-packages/airflow/example_dags/example_short_circuit_operator.py for tasks to queue
[2024-08-05T00:12:43.193+0000] {logging_mixin.py:188} INFO - [2024-08-05T00:12:43.193+0000] {dagbag.py:545} INFO - Filling up the DagBag from /home/airflow/.local/lib/python3.12/site-packages/airflow/example_dags/example_short_circuit_operator.py
[2024-08-05T00:12:43.198+0000] {processor.py:840} INFO - DAG(s) 'example_short_circuit_operator' retrieved from /home/airflow/.local/lib/python3.12/site-packages/airflow/example_dags/example_short_circuit_operator.py
[2024-08-05T00:12:43.221+0000] {logging_mixin.py:188} INFO - [2024-08-05T00:12:43.221+0000] {dag.py:3089} INFO - Sync 1 DAGs
[2024-08-05T00:12:43.244+0000] {logging_mixin.py:188} INFO - [2024-08-05T00:12:43.243+0000] {dag.py:3947} INFO - Setting next_dagrun for example_short_circuit_operator to 2024-08-04 00:00:00+00:00, run_after=2024-08-05 00:00:00+00:00
[2024-08-05T00:12:43.263+0000] {processor.py:183} INFO - Processing /home/airflow/.local/lib/python3.12/site-packages/airflow/example_dags/example_short_circuit_operator.py took 0.077 seconds
[2024-08-05T00:13:13.336+0000] {processor.py:161} INFO - Started process (PID=22704) to work on /home/airflow/.local/lib/python3.12/site-packages/airflow/example_dags/example_short_circuit_operator.py
[2024-08-05T00:13:13.337+0000] {processor.py:830} INFO - Processing file /home/airflow/.local/lib/python3.12/site-packages/airflow/example_dags/example_short_circuit_operator.py for tasks to queue
[2024-08-05T00:13:13.339+0000] {logging_mixin.py:188} INFO - [2024-08-05T00:13:13.339+0000] {dagbag.py:545} INFO - Filling up the DagBag from /home/airflow/.local/lib/python3.12/site-packages/airflow/example_dags/example_short_circuit_operator.py
[2024-08-05T00:13:13.345+0000] {processor.py:840} INFO - DAG(s) 'example_short_circuit_operator' retrieved from /home/airflow/.local/lib/python3.12/site-packages/airflow/example_dags/example_short_circuit_operator.py
[2024-08-05T00:13:13.371+0000] {logging_mixin.py:188} INFO - [2024-08-05T00:13:13.371+0000] {dag.py:3089} INFO - Sync 1 DAGs
[2024-08-05T00:13:13.394+0000] {logging_mixin.py:188} INFO - [2024-08-05T00:13:13.394+0000] {dag.py:3947} INFO - Setting next_dagrun for example_short_circuit_operator to 2024-08-04 00:00:00+00:00, run_after=2024-08-05 00:00:00+00:00
[2024-08-05T00:13:13.413+0000] {processor.py:183} INFO - Processing /home/airflow/.local/lib/python3.12/site-packages/airflow/example_dags/example_short_circuit_operator.py took 0.083 seconds
[2024-08-05T00:13:43.759+0000] {processor.py:161} INFO - Started process (PID=22976) to work on /home/airflow/.local/lib/python3.12/site-packages/airflow/example_dags/example_short_circuit_operator.py
[2024-08-05T00:13:43.760+0000] {processor.py:830} INFO - Processing file /home/airflow/.local/lib/python3.12/site-packages/airflow/example_dags/example_short_circuit_operator.py for tasks to queue
[2024-08-05T00:13:43.762+0000] {logging_mixin.py:188} INFO - [2024-08-05T00:13:43.761+0000] {dagbag.py:545} INFO - Filling up the DagBag from /home/airflow/.local/lib/python3.12/site-packages/airflow/example_dags/example_short_circuit_operator.py
[2024-08-05T00:13:43.768+0000] {processor.py:840} INFO - DAG(s) 'example_short_circuit_operator' retrieved from /home/airflow/.local/lib/python3.12/site-packages/airflow/example_dags/example_short_circuit_operator.py
[2024-08-05T00:13:43.795+0000] {logging_mixin.py:188} INFO - [2024-08-05T00:13:43.795+0000] {dag.py:3089} INFO - Sync 1 DAGs
[2024-08-05T00:13:43.817+0000] {logging_mixin.py:188} INFO - [2024-08-05T00:13:43.816+0000] {dag.py:3947} INFO - Setting next_dagrun for example_short_circuit_operator to 2024-08-04 00:00:00+00:00, run_after=2024-08-05 00:00:00+00:00
[2024-08-05T00:13:43.834+0000] {processor.py:183} INFO - Processing /home/airflow/.local/lib/python3.12/site-packages/airflow/example_dags/example_short_circuit_operator.py took 0.081 seconds
[2024-08-05T00:14:14.386+0000] {processor.py:161} INFO - Started process (PID=23250) to work on /home/airflow/.local/lib/python3.12/site-packages/airflow/example_dags/example_short_circuit_operator.py
[2024-08-05T00:14:14.387+0000] {processor.py:830} INFO - Processing file /home/airflow/.local/lib/python3.12/site-packages/airflow/example_dags/example_short_circuit_operator.py for tasks to queue
[2024-08-05T00:14:14.389+0000] {logging_mixin.py:188} INFO - [2024-08-05T00:14:14.389+0000] {dagbag.py:545} INFO - Filling up the DagBag from /home/airflow/.local/lib/python3.12/site-packages/airflow/example_dags/example_short_circuit_operator.py
[2024-08-05T00:14:14.396+0000] {processor.py:840} INFO - DAG(s) 'example_short_circuit_operator' retrieved from /home/airflow/.local/lib/python3.12/site-packages/airflow/example_dags/example_short_circuit_operator.py
[2024-08-05T00:14:14.419+0000] {logging_mixin.py:188} INFO - [2024-08-05T00:14:14.419+0000] {dag.py:3089} INFO - Sync 1 DAGs
[2024-08-05T00:14:14.438+0000] {logging_mixin.py:188} INFO - [2024-08-05T00:14:14.438+0000] {dag.py:3947} INFO - Setting next_dagrun for example_short_circuit_operator to 2024-08-04 00:00:00+00:00, run_after=2024-08-05 00:00:00+00:00
[2024-08-05T00:14:14.458+0000] {processor.py:183} INFO - Processing /home/airflow/.local/lib/python3.12/site-packages/airflow/example_dags/example_short_circuit_operator.py took 0.077 seconds
[2024-08-05T00:14:44.677+0000] {processor.py:161} INFO - Started process (PID=23522) to work on /home/airflow/.local/lib/python3.12/site-packages/airflow/example_dags/example_short_circuit_operator.py
[2024-08-05T00:14:44.678+0000] {processor.py:830} INFO - Processing file /home/airflow/.local/lib/python3.12/site-packages/airflow/example_dags/example_short_circuit_operator.py for tasks to queue
[2024-08-05T00:14:44.679+0000] {logging_mixin.py:188} INFO - [2024-08-05T00:14:44.679+0000] {dagbag.py:545} INFO - Filling up the DagBag from /home/airflow/.local/lib/python3.12/site-packages/airflow/example_dags/example_short_circuit_operator.py
[2024-08-05T00:14:44.686+0000] {processor.py:840} INFO - DAG(s) 'example_short_circuit_operator' retrieved from /home/airflow/.local/lib/python3.12/site-packages/airflow/example_dags/example_short_circuit_operator.py
[2024-08-05T00:14:44.711+0000] {logging_mixin.py:188} INFO - [2024-08-05T00:14:44.711+0000] {dag.py:3089} INFO - Sync 1 DAGs
[2024-08-05T00:14:44.732+0000] {logging_mixin.py:188} INFO - [2024-08-05T00:14:44.732+0000] {dag.py:3947} INFO - Setting next_dagrun for example_short_circuit_operator to 2024-08-04 00:00:00+00:00, run_after=2024-08-05 00:00:00+00:00
[2024-08-05T00:14:44.749+0000] {processor.py:183} INFO - Processing /home/airflow/.local/lib/python3.12/site-packages/airflow/example_dags/example_short_circuit_operator.py took 0.077 seconds
[2024-08-05T00:15:14.826+0000] {processor.py:161} INFO - Started process (PID=23794) to work on /home/airflow/.local/lib/python3.12/site-packages/airflow/example_dags/example_short_circuit_operator.py
[2024-08-05T00:15:14.826+0000] {processor.py:830} INFO - Processing file /home/airflow/.local/lib/python3.12/site-packages/airflow/example_dags/example_short_circuit_operator.py for tasks to queue
[2024-08-05T00:15:14.828+0000] {logging_mixin.py:188} INFO - [2024-08-05T00:15:14.828+0000] {dagbag.py:545} INFO - Filling up the DagBag from /home/airflow/.local/lib/python3.12/site-packages/airflow/example_dags/example_short_circuit_operator.py
[2024-08-05T00:15:14.835+0000] {processor.py:840} INFO - DAG(s) 'example_short_circuit_operator' retrieved from /home/airflow/.local/lib/python3.12/site-packages/airflow/example_dags/example_short_circuit_operator.py
[2024-08-05T00:15:14.858+0000] {logging_mixin.py:188} INFO - [2024-08-05T00:15:14.858+0000] {dag.py:3089} INFO - Sync 1 DAGs
[2024-08-05T00:15:14.878+0000] {logging_mixin.py:188} INFO - [2024-08-05T00:15:14.878+0000] {dag.py:3947} INFO - Setting next_dagrun for example_short_circuit_operator to 2024-08-04 00:00:00+00:00, run_after=2024-08-05 00:00:00+00:00
[2024-08-05T00:15:14.897+0000] {processor.py:183} INFO - Processing /home/airflow/.local/lib/python3.12/site-packages/airflow/example_dags/example_short_circuit_operator.py took 0.077 seconds
[2024-08-05T00:15:44.960+0000] {processor.py:161} INFO - Started process (PID=24064) to work on /home/airflow/.local/lib/python3.12/site-packages/airflow/example_dags/example_short_circuit_operator.py
[2024-08-05T00:15:44.961+0000] {processor.py:830} INFO - Processing file /home/airflow/.local/lib/python3.12/site-packages/airflow/example_dags/example_short_circuit_operator.py for tasks to queue
[2024-08-05T00:15:44.963+0000] {logging_mixin.py:188} INFO - [2024-08-05T00:15:44.963+0000] {dagbag.py:545} INFO - Filling up the DagBag from /home/airflow/.local/lib/python3.12/site-packages/airflow/example_dags/example_short_circuit_operator.py
[2024-08-05T00:15:44.970+0000] {processor.py:840} INFO - DAG(s) 'example_short_circuit_operator' retrieved from /home/airflow/.local/lib/python3.12/site-packages/airflow/example_dags/example_short_circuit_operator.py
[2024-08-05T00:15:44.995+0000] {logging_mixin.py:188} INFO - [2024-08-05T00:15:44.995+0000] {dag.py:3089} INFO - Sync 1 DAGs
[2024-08-05T00:15:45.011+0000] {logging_mixin.py:188} INFO - [2024-08-05T00:15:45.011+0000] {dag.py:3947} INFO - Setting next_dagrun for example_short_circuit_operator to 2024-08-04 00:00:00+00:00, run_after=2024-08-05 00:00:00+00:00
[2024-08-05T00:15:45.030+0000] {processor.py:183} INFO - Processing /home/airflow/.local/lib/python3.12/site-packages/airflow/example_dags/example_short_circuit_operator.py took 0.074 seconds
[2024-08-05T00:16:15.665+0000] {processor.py:161} INFO - Started process (PID=24338) to work on /home/airflow/.local/lib/python3.12/site-packages/airflow/example_dags/example_short_circuit_operator.py
[2024-08-05T00:16:15.666+0000] {processor.py:830} INFO - Processing file /home/airflow/.local/lib/python3.12/site-packages/airflow/example_dags/example_short_circuit_operator.py for tasks to queue
[2024-08-05T00:16:15.668+0000] {logging_mixin.py:188} INFO - [2024-08-05T00:16:15.667+0000] {dagbag.py:545} INFO - Filling up the DagBag from /home/airflow/.local/lib/python3.12/site-packages/airflow/example_dags/example_short_circuit_operator.py
[2024-08-05T00:16:15.674+0000] {processor.py:840} INFO - DAG(s) 'example_short_circuit_operator' retrieved from /home/airflow/.local/lib/python3.12/site-packages/airflow/example_dags/example_short_circuit_operator.py
[2024-08-05T00:16:15.698+0000] {logging_mixin.py:188} INFO - [2024-08-05T00:16:15.698+0000] {dag.py:3089} INFO - Sync 1 DAGs
[2024-08-05T00:16:15.723+0000] {logging_mixin.py:188} INFO - [2024-08-05T00:16:15.723+0000] {dag.py:3947} INFO - Setting next_dagrun for example_short_circuit_operator to 2024-08-04 00:00:00+00:00, run_after=2024-08-05 00:00:00+00:00
[2024-08-05T00:16:15.742+0000] {processor.py:183} INFO - Processing /home/airflow/.local/lib/python3.12/site-packages/airflow/example_dags/example_short_circuit_operator.py took 0.083 seconds
[2024-08-05T00:16:45.867+0000] {processor.py:161} INFO - Started process (PID=24608) to work on /home/airflow/.local/lib/python3.12/site-packages/airflow/example_dags/example_short_circuit_operator.py
[2024-08-05T00:16:45.868+0000] {processor.py:830} INFO - Processing file /home/airflow/.local/lib/python3.12/site-packages/airflow/example_dags/example_short_circuit_operator.py for tasks to queue
[2024-08-05T00:16:45.870+0000] {logging_mixin.py:188} INFO - [2024-08-05T00:16:45.869+0000] {dagbag.py:545} INFO - Filling up the DagBag from /home/airflow/.local/lib/python3.12/site-packages/airflow/example_dags/example_short_circuit_operator.py
[2024-08-05T00:16:45.875+0000] {processor.py:840} INFO - DAG(s) 'example_short_circuit_operator' retrieved from /home/airflow/.local/lib/python3.12/site-packages/airflow/example_dags/example_short_circuit_operator.py
[2024-08-05T00:16:45.899+0000] {logging_mixin.py:188} INFO - [2024-08-05T00:16:45.899+0000] {dag.py:3089} INFO - Sync 1 DAGs
[2024-08-05T00:16:45.920+0000] {logging_mixin.py:188} INFO - [2024-08-05T00:16:45.920+0000] {dag.py:3947} INFO - Setting next_dagrun for example_short_circuit_operator to 2024-08-04 00:00:00+00:00, run_after=2024-08-05 00:00:00+00:00
[2024-08-05T00:16:45.936+0000] {processor.py:183} INFO - Processing /home/airflow/.local/lib/python3.12/site-packages/airflow/example_dags/example_short_circuit_operator.py took 0.076 seconds
[2024-08-05T00:17:16.183+0000] {processor.py:161} INFO - Started process (PID=24880) to work on /home/airflow/.local/lib/python3.12/site-packages/airflow/example_dags/example_short_circuit_operator.py
[2024-08-05T00:17:16.184+0000] {processor.py:830} INFO - Processing file /home/airflow/.local/lib/python3.12/site-packages/airflow/example_dags/example_short_circuit_operator.py for tasks to queue
[2024-08-05T00:17:16.186+0000] {logging_mixin.py:188} INFO - [2024-08-05T00:17:16.186+0000] {dagbag.py:545} INFO - Filling up the DagBag from /home/airflow/.local/lib/python3.12/site-packages/airflow/example_dags/example_short_circuit_operator.py
[2024-08-05T00:17:16.191+0000] {processor.py:840} INFO - DAG(s) 'example_short_circuit_operator' retrieved from /home/airflow/.local/lib/python3.12/site-packages/airflow/example_dags/example_short_circuit_operator.py
[2024-08-05T00:17:16.215+0000] {logging_mixin.py:188} INFO - [2024-08-05T00:17:16.215+0000] {dag.py:3089} INFO - Sync 1 DAGs
[2024-08-05T00:17:16.235+0000] {logging_mixin.py:188} INFO - [2024-08-05T00:17:16.235+0000] {dag.py:3947} INFO - Setting next_dagrun for example_short_circuit_operator to 2024-08-04 00:00:00+00:00, run_after=2024-08-05 00:00:00+00:00
[2024-08-05T00:17:16.250+0000] {processor.py:183} INFO - Processing /home/airflow/.local/lib/python3.12/site-packages/airflow/example_dags/example_short_circuit_operator.py took 0.073 seconds
[2024-08-05T00:17:46.611+0000] {processor.py:161} INFO - Started process (PID=25154) to work on /home/airflow/.local/lib/python3.12/site-packages/airflow/example_dags/example_short_circuit_operator.py
[2024-08-05T00:17:46.612+0000] {processor.py:830} INFO - Processing file /home/airflow/.local/lib/python3.12/site-packages/airflow/example_dags/example_short_circuit_operator.py for tasks to queue
[2024-08-05T00:17:46.614+0000] {logging_mixin.py:188} INFO - [2024-08-05T00:17:46.613+0000] {dagbag.py:545} INFO - Filling up the DagBag from /home/airflow/.local/lib/python3.12/site-packages/airflow/example_dags/example_short_circuit_operator.py
[2024-08-05T00:17:46.620+0000] {processor.py:840} INFO - DAG(s) 'example_short_circuit_operator' retrieved from /home/airflow/.local/lib/python3.12/site-packages/airflow/example_dags/example_short_circuit_operator.py
[2024-08-05T00:17:46.644+0000] {logging_mixin.py:188} INFO - [2024-08-05T00:17:46.644+0000] {dag.py:3089} INFO - Sync 1 DAGs
[2024-08-05T00:17:46.663+0000] {logging_mixin.py:188} INFO - [2024-08-05T00:17:46.662+0000] {dag.py:3947} INFO - Setting next_dagrun for example_short_circuit_operator to 2024-08-04 00:00:00+00:00, run_after=2024-08-05 00:00:00+00:00
[2024-08-05T00:17:46.678+0000] {processor.py:183} INFO - Processing /home/airflow/.local/lib/python3.12/site-packages/airflow/example_dags/example_short_circuit_operator.py took 0.072 seconds
[2024-08-05T00:18:16.812+0000] {processor.py:161} INFO - Started process (PID=25424) to work on /home/airflow/.local/lib/python3.12/site-packages/airflow/example_dags/example_short_circuit_operator.py
[2024-08-05T00:18:16.813+0000] {processor.py:830} INFO - Processing file /home/airflow/.local/lib/python3.12/site-packages/airflow/example_dags/example_short_circuit_operator.py for tasks to queue
[2024-08-05T00:18:16.815+0000] {logging_mixin.py:188} INFO - [2024-08-05T00:18:16.815+0000] {dagbag.py:545} INFO - Filling up the DagBag from /home/airflow/.local/lib/python3.12/site-packages/airflow/example_dags/example_short_circuit_operator.py
[2024-08-05T00:18:16.821+0000] {processor.py:840} INFO - DAG(s) 'example_short_circuit_operator' retrieved from /home/airflow/.local/lib/python3.12/site-packages/airflow/example_dags/example_short_circuit_operator.py
[2024-08-05T00:18:16.845+0000] {logging_mixin.py:188} INFO - [2024-08-05T00:18:16.845+0000] {dag.py:3089} INFO - Sync 1 DAGs
[2024-08-05T00:18:16.867+0000] {logging_mixin.py:188} INFO - [2024-08-05T00:18:16.866+0000] {dag.py:3947} INFO - Setting next_dagrun for example_short_circuit_operator to 2024-08-04 00:00:00+00:00, run_after=2024-08-05 00:00:00+00:00
[2024-08-05T00:18:16.884+0000] {processor.py:183} INFO - Processing /home/airflow/.local/lib/python3.12/site-packages/airflow/example_dags/example_short_circuit_operator.py took 0.077 seconds
[2024-08-05T00:18:46.949+0000] {processor.py:161} INFO - Started process (PID=25696) to work on /home/airflow/.local/lib/python3.12/site-packages/airflow/example_dags/example_short_circuit_operator.py
[2024-08-05T00:18:46.950+0000] {processor.py:830} INFO - Processing file /home/airflow/.local/lib/python3.12/site-packages/airflow/example_dags/example_short_circuit_operator.py for tasks to queue
[2024-08-05T00:18:46.952+0000] {logging_mixin.py:188} INFO - [2024-08-05T00:18:46.951+0000] {dagbag.py:545} INFO - Filling up the DagBag from /home/airflow/.local/lib/python3.12/site-packages/airflow/example_dags/example_short_circuit_operator.py
[2024-08-05T00:18:46.958+0000] {processor.py:840} INFO - DAG(s) 'example_short_circuit_operator' retrieved from /home/airflow/.local/lib/python3.12/site-packages/airflow/example_dags/example_short_circuit_operator.py
[2024-08-05T00:18:46.984+0000] {logging_mixin.py:188} INFO - [2024-08-05T00:18:46.983+0000] {dag.py:3089} INFO - Sync 1 DAGs
[2024-08-05T00:18:47.005+0000] {logging_mixin.py:188} INFO - [2024-08-05T00:18:47.004+0000] {dag.py:3947} INFO - Setting next_dagrun for example_short_circuit_operator to 2024-08-04 00:00:00+00:00, run_after=2024-08-05 00:00:00+00:00
[2024-08-05T00:18:47.021+0000] {processor.py:183} INFO - Processing /home/airflow/.local/lib/python3.12/site-packages/airflow/example_dags/example_short_circuit_operator.py took 0.077 seconds
[2024-08-05T00:19:17.240+0000] {processor.py:161} INFO - Started process (PID=25968) to work on /home/airflow/.local/lib/python3.12/site-packages/airflow/example_dags/example_short_circuit_operator.py
[2024-08-05T00:19:17.241+0000] {processor.py:830} INFO - Processing file /home/airflow/.local/lib/python3.12/site-packages/airflow/example_dags/example_short_circuit_operator.py for tasks to queue
[2024-08-05T00:19:17.243+0000] {logging_mixin.py:188} INFO - [2024-08-05T00:19:17.242+0000] {dagbag.py:545} INFO - Filling up the DagBag from /home/airflow/.local/lib/python3.12/site-packages/airflow/example_dags/example_short_circuit_operator.py
[2024-08-05T00:19:17.249+0000] {processor.py:840} INFO - DAG(s) 'example_short_circuit_operator' retrieved from /home/airflow/.local/lib/python3.12/site-packages/airflow/example_dags/example_short_circuit_operator.py
[2024-08-05T00:19:17.275+0000] {logging_mixin.py:188} INFO - [2024-08-05T00:19:17.275+0000] {dag.py:3089} INFO - Sync 1 DAGs
[2024-08-05T00:19:17.299+0000] {logging_mixin.py:188} INFO - [2024-08-05T00:19:17.299+0000] {dag.py:3947} INFO - Setting next_dagrun for example_short_circuit_operator to 2024-08-04 00:00:00+00:00, run_after=2024-08-05 00:00:00+00:00
[2024-08-05T00:19:17.316+0000] {processor.py:183} INFO - Processing /home/airflow/.local/lib/python3.12/site-packages/airflow/example_dags/example_short_circuit_operator.py took 0.083 seconds
[2024-08-05T00:19:47.562+0000] {processor.py:161} INFO - Started process (PID=26242) to work on /home/airflow/.local/lib/python3.12/site-packages/airflow/example_dags/example_short_circuit_operator.py
[2024-08-05T00:19:47.563+0000] {processor.py:830} INFO - Processing file /home/airflow/.local/lib/python3.12/site-packages/airflow/example_dags/example_short_circuit_operator.py for tasks to queue
[2024-08-05T00:19:47.564+0000] {logging_mixin.py:188} INFO - [2024-08-05T00:19:47.564+0000] {dagbag.py:545} INFO - Filling up the DagBag from /home/airflow/.local/lib/python3.12/site-packages/airflow/example_dags/example_short_circuit_operator.py
[2024-08-05T00:19:47.570+0000] {processor.py:840} INFO - DAG(s) 'example_short_circuit_operator' retrieved from /home/airflow/.local/lib/python3.12/site-packages/airflow/example_dags/example_short_circuit_operator.py
[2024-08-05T00:19:47.592+0000] {logging_mixin.py:188} INFO - [2024-08-05T00:19:47.591+0000] {dag.py:3089} INFO - Sync 1 DAGs
[2024-08-05T00:19:47.611+0000] {logging_mixin.py:188} INFO - [2024-08-05T00:19:47.610+0000] {dag.py:3947} INFO - Setting next_dagrun for example_short_circuit_operator to 2024-08-04 00:00:00+00:00, run_after=2024-08-05 00:00:00+00:00
[2024-08-05T00:19:47.626+0000] {processor.py:183} INFO - Processing /home/airflow/.local/lib/python3.12/site-packages/airflow/example_dags/example_short_circuit_operator.py took 0.069 seconds
[2024-08-05T00:20:17.821+0000] {processor.py:161} INFO - Started process (PID=26523) to work on /home/airflow/.local/lib/python3.12/site-packages/airflow/example_dags/example_short_circuit_operator.py
[2024-08-05T00:20:17.822+0000] {processor.py:830} INFO - Processing file /home/airflow/.local/lib/python3.12/site-packages/airflow/example_dags/example_short_circuit_operator.py for tasks to queue
[2024-08-05T00:20:17.823+0000] {logging_mixin.py:188} INFO - [2024-08-05T00:20:17.823+0000] {dagbag.py:545} INFO - Filling up the DagBag from /home/airflow/.local/lib/python3.12/site-packages/airflow/example_dags/example_short_circuit_operator.py
[2024-08-05T00:20:17.830+0000] {processor.py:840} INFO - DAG(s) 'example_short_circuit_operator' retrieved from /home/airflow/.local/lib/python3.12/site-packages/airflow/example_dags/example_short_circuit_operator.py
[2024-08-05T00:20:17.858+0000] {logging_mixin.py:188} INFO - [2024-08-05T00:20:17.858+0000] {dag.py:3089} INFO - Sync 1 DAGs
[2024-08-05T00:20:17.880+0000] {logging_mixin.py:188} INFO - [2024-08-05T00:20:17.879+0000] {dag.py:3947} INFO - Setting next_dagrun for example_short_circuit_operator to 2024-08-04 00:00:00+00:00, run_after=2024-08-05 00:00:00+00:00
[2024-08-05T00:20:17.895+0000] {processor.py:183} INFO - Processing /home/airflow/.local/lib/python3.12/site-packages/airflow/example_dags/example_short_circuit_operator.py took 0.080 seconds
[2024-08-05T00:20:48.355+0000] {processor.py:161} INFO - Started process (PID=26795) to work on /home/airflow/.local/lib/python3.12/site-packages/airflow/example_dags/example_short_circuit_operator.py
[2024-08-05T00:20:48.356+0000] {processor.py:830} INFO - Processing file /home/airflow/.local/lib/python3.12/site-packages/airflow/example_dags/example_short_circuit_operator.py for tasks to queue
[2024-08-05T00:20:48.358+0000] {logging_mixin.py:188} INFO - [2024-08-05T00:20:48.357+0000] {dagbag.py:545} INFO - Filling up the DagBag from /home/airflow/.local/lib/python3.12/site-packages/airflow/example_dags/example_short_circuit_operator.py
[2024-08-05T00:20:48.364+0000] {processor.py:840} INFO - DAG(s) 'example_short_circuit_operator' retrieved from /home/airflow/.local/lib/python3.12/site-packages/airflow/example_dags/example_short_circuit_operator.py
[2024-08-05T00:20:48.386+0000] {logging_mixin.py:188} INFO - [2024-08-05T00:20:48.386+0000] {dag.py:3089} INFO - Sync 1 DAGs
[2024-08-05T00:20:48.406+0000] {logging_mixin.py:188} INFO - [2024-08-05T00:20:48.405+0000] {dag.py:3947} INFO - Setting next_dagrun for example_short_circuit_operator to 2024-08-04 00:00:00+00:00, run_after=2024-08-05 00:00:00+00:00
[2024-08-05T00:20:48.421+0000] {processor.py:183} INFO - Processing /home/airflow/.local/lib/python3.12/site-packages/airflow/example_dags/example_short_circuit_operator.py took 0.072 seconds
[2024-08-05T00:21:18.776+0000] {processor.py:161} INFO - Started process (PID=27065) to work on /home/airflow/.local/lib/python3.12/site-packages/airflow/example_dags/example_short_circuit_operator.py
[2024-08-05T00:21:18.777+0000] {processor.py:830} INFO - Processing file /home/airflow/.local/lib/python3.12/site-packages/airflow/example_dags/example_short_circuit_operator.py for tasks to queue
[2024-08-05T00:21:18.778+0000] {logging_mixin.py:188} INFO - [2024-08-05T00:21:18.778+0000] {dagbag.py:545} INFO - Filling up the DagBag from /home/airflow/.local/lib/python3.12/site-packages/airflow/example_dags/example_short_circuit_operator.py
[2024-08-05T00:21:18.785+0000] {processor.py:840} INFO - DAG(s) 'example_short_circuit_operator' retrieved from /home/airflow/.local/lib/python3.12/site-packages/airflow/example_dags/example_short_circuit_operator.py
[2024-08-05T00:21:18.811+0000] {logging_mixin.py:188} INFO - [2024-08-05T00:21:18.810+0000] {dag.py:3089} INFO - Sync 1 DAGs
[2024-08-05T00:21:18.830+0000] {logging_mixin.py:188} INFO - [2024-08-05T00:21:18.830+0000] {dag.py:3947} INFO - Setting next_dagrun for example_short_circuit_operator to 2024-08-04 00:00:00+00:00, run_after=2024-08-05 00:00:00+00:00
[2024-08-05T00:21:18.846+0000] {processor.py:183} INFO - Processing /home/airflow/.local/lib/python3.12/site-packages/airflow/example_dags/example_short_circuit_operator.py took 0.075 seconds
[2024-08-05T00:21:49.266+0000] {processor.py:161} INFO - Started process (PID=27337) to work on /home/airflow/.local/lib/python3.12/site-packages/airflow/example_dags/example_short_circuit_operator.py
[2024-08-05T00:21:49.267+0000] {processor.py:830} INFO - Processing file /home/airflow/.local/lib/python3.12/site-packages/airflow/example_dags/example_short_circuit_operator.py for tasks to queue
[2024-08-05T00:21:49.269+0000] {logging_mixin.py:188} INFO - [2024-08-05T00:21:49.268+0000] {dagbag.py:545} INFO - Filling up the DagBag from /home/airflow/.local/lib/python3.12/site-packages/airflow/example_dags/example_short_circuit_operator.py
[2024-08-05T00:21:49.275+0000] {processor.py:840} INFO - DAG(s) 'example_short_circuit_operator' retrieved from /home/airflow/.local/lib/python3.12/site-packages/airflow/example_dags/example_short_circuit_operator.py
[2024-08-05T00:21:49.298+0000] {logging_mixin.py:188} INFO - [2024-08-05T00:21:49.297+0000] {dag.py:3089} INFO - Sync 1 DAGs
[2024-08-05T00:21:49.317+0000] {logging_mixin.py:188} INFO - [2024-08-05T00:21:49.316+0000] {dag.py:3947} INFO - Setting next_dagrun for example_short_circuit_operator to 2024-08-04 00:00:00+00:00, run_after=2024-08-05 00:00:00+00:00
[2024-08-05T00:21:49.333+0000] {processor.py:183} INFO - Processing /home/airflow/.local/lib/python3.12/site-packages/airflow/example_dags/example_short_circuit_operator.py took 0.072 seconds
[2024-08-05T00:22:19.730+0000] {processor.py:161} INFO - Started process (PID=27609) to work on /home/airflow/.local/lib/python3.12/site-packages/airflow/example_dags/example_short_circuit_operator.py
[2024-08-05T00:22:19.731+0000] {processor.py:830} INFO - Processing file /home/airflow/.local/lib/python3.12/site-packages/airflow/example_dags/example_short_circuit_operator.py for tasks to queue
[2024-08-05T00:22:19.733+0000] {logging_mixin.py:188} INFO - [2024-08-05T00:22:19.733+0000] {dagbag.py:545} INFO - Filling up the DagBag from /home/airflow/.local/lib/python3.12/site-packages/airflow/example_dags/example_short_circuit_operator.py
[2024-08-05T00:22:19.740+0000] {processor.py:840} INFO - DAG(s) 'example_short_circuit_operator' retrieved from /home/airflow/.local/lib/python3.12/site-packages/airflow/example_dags/example_short_circuit_operator.py
[2024-08-05T00:22:19.764+0000] {logging_mixin.py:188} INFO - [2024-08-05T00:22:19.764+0000] {dag.py:3089} INFO - Sync 1 DAGs
[2024-08-05T00:22:19.785+0000] {logging_mixin.py:188} INFO - [2024-08-05T00:22:19.785+0000] {dag.py:3947} INFO - Setting next_dagrun for example_short_circuit_operator to 2024-08-04 00:00:00+00:00, run_after=2024-08-05 00:00:00+00:00
[2024-08-05T00:22:19.803+0000] {processor.py:183} INFO - Processing /home/airflow/.local/lib/python3.12/site-packages/airflow/example_dags/example_short_circuit_operator.py took 0.077 seconds
[2024-08-05T00:22:50.269+0000] {processor.py:161} INFO - Started process (PID=27883) to work on /home/airflow/.local/lib/python3.12/site-packages/airflow/example_dags/example_short_circuit_operator.py
[2024-08-05T00:22:50.270+0000] {processor.py:830} INFO - Processing file /home/airflow/.local/lib/python3.12/site-packages/airflow/example_dags/example_short_circuit_operator.py for tasks to queue
[2024-08-05T00:22:50.272+0000] {logging_mixin.py:188} INFO - [2024-08-05T00:22:50.271+0000] {dagbag.py:545} INFO - Filling up the DagBag from /home/airflow/.local/lib/python3.12/site-packages/airflow/example_dags/example_short_circuit_operator.py
[2024-08-05T00:22:50.277+0000] {processor.py:840} INFO - DAG(s) 'example_short_circuit_operator' retrieved from /home/airflow/.local/lib/python3.12/site-packages/airflow/example_dags/example_short_circuit_operator.py
[2024-08-05T00:22:50.301+0000] {logging_mixin.py:188} INFO - [2024-08-05T00:22:50.300+0000] {dag.py:3089} INFO - Sync 1 DAGs
[2024-08-05T00:22:50.473+0000] {logging_mixin.py:188} INFO - [2024-08-05T00:22:50.473+0000] {dag.py:3947} INFO - Setting next_dagrun for example_short_circuit_operator to 2024-08-04 00:00:00+00:00, run_after=2024-08-05 00:00:00+00:00
[2024-08-05T00:22:50.489+0000] {processor.py:183} INFO - Processing /home/airflow/.local/lib/python3.12/site-packages/airflow/example_dags/example_short_circuit_operator.py took 0.226 seconds
[2024-08-05T00:23:20.584+0000] {processor.py:161} INFO - Started process (PID=28153) to work on /home/airflow/.local/lib/python3.12/site-packages/airflow/example_dags/example_short_circuit_operator.py
[2024-08-05T00:23:20.585+0000] {processor.py:830} INFO - Processing file /home/airflow/.local/lib/python3.12/site-packages/airflow/example_dags/example_short_circuit_operator.py for tasks to queue
[2024-08-05T00:23:20.587+0000] {logging_mixin.py:188} INFO - [2024-08-05T00:23:20.587+0000] {dagbag.py:545} INFO - Filling up the DagBag from /home/airflow/.local/lib/python3.12/site-packages/airflow/example_dags/example_short_circuit_operator.py
[2024-08-05T00:23:20.594+0000] {processor.py:840} INFO - DAG(s) 'example_short_circuit_operator' retrieved from /home/airflow/.local/lib/python3.12/site-packages/airflow/example_dags/example_short_circuit_operator.py
[2024-08-05T00:23:20.619+0000] {logging_mixin.py:188} INFO - [2024-08-05T00:23:20.619+0000] {dag.py:3089} INFO - Sync 1 DAGs
[2024-08-05T00:23:20.787+0000] {logging_mixin.py:188} INFO - [2024-08-05T00:23:20.787+0000] {dag.py:3947} INFO - Setting next_dagrun for example_short_circuit_operator to 2024-08-04 00:00:00+00:00, run_after=2024-08-05 00:00:00+00:00
[2024-08-05T00:23:20.804+0000] {processor.py:183} INFO - Processing /home/airflow/.local/lib/python3.12/site-packages/airflow/example_dags/example_short_circuit_operator.py took 0.226 seconds
[2024-08-05T00:23:50.982+0000] {processor.py:161} INFO - Started process (PID=28425) to work on /home/airflow/.local/lib/python3.12/site-packages/airflow/example_dags/example_short_circuit_operator.py
[2024-08-05T00:23:50.983+0000] {processor.py:830} INFO - Processing file /home/airflow/.local/lib/python3.12/site-packages/airflow/example_dags/example_short_circuit_operator.py for tasks to queue
[2024-08-05T00:23:50.984+0000] {logging_mixin.py:188} INFO - [2024-08-05T00:23:50.984+0000] {dagbag.py:545} INFO - Filling up the DagBag from /home/airflow/.local/lib/python3.12/site-packages/airflow/example_dags/example_short_circuit_operator.py
[2024-08-05T00:23:50.990+0000] {processor.py:840} INFO - DAG(s) 'example_short_circuit_operator' retrieved from /home/airflow/.local/lib/python3.12/site-packages/airflow/example_dags/example_short_circuit_operator.py
[2024-08-05T00:23:51.014+0000] {logging_mixin.py:188} INFO - [2024-08-05T00:23:51.014+0000] {dag.py:3089} INFO - Sync 1 DAGs
[2024-08-05T00:23:51.170+0000] {logging_mixin.py:188} INFO - [2024-08-05T00:23:51.170+0000] {dag.py:3947} INFO - Setting next_dagrun for example_short_circuit_operator to 2024-08-04 00:00:00+00:00, run_after=2024-08-05 00:00:00+00:00
[2024-08-05T00:23:51.186+0000] {processor.py:183} INFO - Processing /home/airflow/.local/lib/python3.12/site-packages/airflow/example_dags/example_short_circuit_operator.py took 0.209 seconds
[2024-08-05T00:24:21.539+0000] {processor.py:161} INFO - Started process (PID=28699) to work on /home/airflow/.local/lib/python3.12/site-packages/airflow/example_dags/example_short_circuit_operator.py
[2024-08-05T00:24:21.540+0000] {processor.py:830} INFO - Processing file /home/airflow/.local/lib/python3.12/site-packages/airflow/example_dags/example_short_circuit_operator.py for tasks to queue
[2024-08-05T00:24:21.542+0000] {logging_mixin.py:188} INFO - [2024-08-05T00:24:21.541+0000] {dagbag.py:545} INFO - Filling up the DagBag from /home/airflow/.local/lib/python3.12/site-packages/airflow/example_dags/example_short_circuit_operator.py
[2024-08-05T00:24:21.547+0000] {processor.py:840} INFO - DAG(s) 'example_short_circuit_operator' retrieved from /home/airflow/.local/lib/python3.12/site-packages/airflow/example_dags/example_short_circuit_operator.py
[2024-08-05T00:24:21.566+0000] {logging_mixin.py:188} INFO - [2024-08-05T00:24:21.566+0000] {dag.py:3089} INFO - Sync 1 DAGs
[2024-08-05T00:24:21.582+0000] {logging_mixin.py:188} INFO - [2024-08-05T00:24:21.581+0000] {dag.py:3947} INFO - Setting next_dagrun for example_short_circuit_operator to 2024-08-04 00:00:00+00:00, run_after=2024-08-05 00:00:00+00:00
[2024-08-05T00:24:21.595+0000] {processor.py:183} INFO - Processing /home/airflow/.local/lib/python3.12/site-packages/airflow/example_dags/example_short_circuit_operator.py took 0.060 seconds
[2024-08-05T00:24:52.057+0000] {processor.py:161} INFO - Started process (PID=28969) to work on /home/airflow/.local/lib/python3.12/site-packages/airflow/example_dags/example_short_circuit_operator.py
[2024-08-05T00:24:52.058+0000] {processor.py:830} INFO - Processing file /home/airflow/.local/lib/python3.12/site-packages/airflow/example_dags/example_short_circuit_operator.py for tasks to queue
[2024-08-05T00:24:52.059+0000] {logging_mixin.py:188} INFO - [2024-08-05T00:24:52.059+0000] {dagbag.py:545} INFO - Filling up the DagBag from /home/airflow/.local/lib/python3.12/site-packages/airflow/example_dags/example_short_circuit_operator.py
[2024-08-05T00:24:52.064+0000] {processor.py:840} INFO - DAG(s) 'example_short_circuit_operator' retrieved from /home/airflow/.local/lib/python3.12/site-packages/airflow/example_dags/example_short_circuit_operator.py
[2024-08-05T00:24:52.083+0000] {logging_mixin.py:188} INFO - [2024-08-05T00:24:52.082+0000] {dag.py:3089} INFO - Sync 1 DAGs
[2024-08-05T00:24:52.099+0000] {logging_mixin.py:188} INFO - [2024-08-05T00:24:52.098+0000] {dag.py:3947} INFO - Setting next_dagrun for example_short_circuit_operator to 2024-08-04 00:00:00+00:00, run_after=2024-08-05 00:00:00+00:00
[2024-08-05T00:24:52.112+0000] {processor.py:183} INFO - Processing /home/airflow/.local/lib/python3.12/site-packages/airflow/example_dags/example_short_circuit_operator.py took 0.059 seconds
