[2024-08-05T00:00:01.473+0000] {processor.py:161} INFO - Started process (PID=15597) to work on /home/airflow/.local/lib/python3.12/site-packages/airflow/example_dags/example_params_ui_tutorial.py
[2024-08-05T00:00:01.474+0000] {processor.py:830} INFO - Processing file /home/airflow/.local/lib/python3.12/site-packages/airflow/example_dags/example_params_ui_tutorial.py for tasks to queue
[2024-08-05T00:00:01.476+0000] {logging_mixin.py:188} INFO - [2024-08-05T00:00:01.475+0000] {dagbag.py:545} INFO - Filling up the DagBag from /home/airflow/.local/lib/python3.12/site-packages/airflow/example_dags/example_params_ui_tutorial.py
[2024-08-05T00:00:01.481+0000] {processor.py:840} INFO - DAG(s) 'example_params_ui_tutorial' retrieved from /home/airflow/.local/lib/python3.12/site-packages/airflow/example_dags/example_params_ui_tutorial.py
[2024-08-05T00:00:01.602+0000] {logging_mixin.py:188} INFO - [2024-08-05T00:00:01.602+0000] {dag.py:3089} INFO - Sync 1 DAGs
[2024-08-05T00:00:01.614+0000] {logging_mixin.py:188} INFO - [2024-08-05T00:00:01.614+0000] {dag.py:3947} INFO - Setting next_dagrun for example_params_ui_tutorial to None, run_after=None
[2024-08-05T00:00:01.631+0000] {processor.py:183} INFO - Processing /home/airflow/.local/lib/python3.12/site-packages/airflow/example_dags/example_params_ui_tutorial.py took 0.163 seconds
[2024-08-05T00:00:32.279+0000] {processor.py:161} INFO - Started process (PID=15876) to work on /home/airflow/.local/lib/python3.12/site-packages/airflow/example_dags/example_params_ui_tutorial.py
[2024-08-05T00:00:32.280+0000] {processor.py:830} INFO - Processing file /home/airflow/.local/lib/python3.12/site-packages/airflow/example_dags/example_params_ui_tutorial.py for tasks to queue
[2024-08-05T00:00:32.281+0000] {logging_mixin.py:188} INFO - [2024-08-05T00:00:32.281+0000] {dagbag.py:545} INFO - Filling up the DagBag from /home/airflow/.local/lib/python3.12/site-packages/airflow/example_dags/example_params_ui_tutorial.py
[2024-08-05T00:00:32.287+0000] {processor.py:840} INFO - DAG(s) 'example_params_ui_tutorial' retrieved from /home/airflow/.local/lib/python3.12/site-packages/airflow/example_dags/example_params_ui_tutorial.py
[2024-08-05T00:00:32.333+0000] {logging_mixin.py:188} INFO - [2024-08-05T00:00:32.333+0000] {dag.py:3089} INFO - Sync 1 DAGs
[2024-08-05T00:00:32.345+0000] {logging_mixin.py:188} INFO - [2024-08-05T00:00:32.345+0000] {dag.py:3947} INFO - Setting next_dagrun for example_params_ui_tutorial to None, run_after=None
[2024-08-05T00:00:32.361+0000] {processor.py:183} INFO - Processing /home/airflow/.local/lib/python3.12/site-packages/airflow/example_dags/example_params_ui_tutorial.py took 0.087 seconds
[2024-08-05T00:01:03.058+0000] {processor.py:161} INFO - Started process (PID=16148) to work on /home/airflow/.local/lib/python3.12/site-packages/airflow/example_dags/example_params_ui_tutorial.py
[2024-08-05T00:01:03.059+0000] {processor.py:830} INFO - Processing file /home/airflow/.local/lib/python3.12/site-packages/airflow/example_dags/example_params_ui_tutorial.py for tasks to queue
[2024-08-05T00:01:03.060+0000] {logging_mixin.py:188} INFO - [2024-08-05T00:01:03.060+0000] {dagbag.py:545} INFO - Filling up the DagBag from /home/airflow/.local/lib/python3.12/site-packages/airflow/example_dags/example_params_ui_tutorial.py
[2024-08-05T00:01:03.066+0000] {processor.py:840} INFO - DAG(s) 'example_params_ui_tutorial' retrieved from /home/airflow/.local/lib/python3.12/site-packages/airflow/example_dags/example_params_ui_tutorial.py
[2024-08-05T00:01:03.121+0000] {logging_mixin.py:188} INFO - [2024-08-05T00:01:03.121+0000] {dag.py:3089} INFO - Sync 1 DAGs
[2024-08-05T00:01:03.133+0000] {logging_mixin.py:188} INFO - [2024-08-05T00:01:03.133+0000] {dag.py:3947} INFO - Setting next_dagrun for example_params_ui_tutorial to None, run_after=None
[2024-08-05T00:01:03.150+0000] {processor.py:183} INFO - Processing /home/airflow/.local/lib/python3.12/site-packages/airflow/example_dags/example_params_ui_tutorial.py took 0.098 seconds
[2024-08-05T00:01:33.344+0000] {processor.py:161} INFO - Started process (PID=16420) to work on /home/airflow/.local/lib/python3.12/site-packages/airflow/example_dags/example_params_ui_tutorial.py
[2024-08-05T00:01:33.345+0000] {processor.py:830} INFO - Processing file /home/airflow/.local/lib/python3.12/site-packages/airflow/example_dags/example_params_ui_tutorial.py for tasks to queue
[2024-08-05T00:01:33.347+0000] {logging_mixin.py:188} INFO - [2024-08-05T00:01:33.346+0000] {dagbag.py:545} INFO - Filling up the DagBag from /home/airflow/.local/lib/python3.12/site-packages/airflow/example_dags/example_params_ui_tutorial.py
[2024-08-05T00:01:33.355+0000] {processor.py:840} INFO - DAG(s) 'example_params_ui_tutorial' retrieved from /home/airflow/.local/lib/python3.12/site-packages/airflow/example_dags/example_params_ui_tutorial.py
[2024-08-05T00:01:33.407+0000] {logging_mixin.py:188} INFO - [2024-08-05T00:01:33.406+0000] {dag.py:3089} INFO - Sync 1 DAGs
[2024-08-05T00:01:33.418+0000] {logging_mixin.py:188} INFO - [2024-08-05T00:01:33.417+0000] {dag.py:3947} INFO - Setting next_dagrun for example_params_ui_tutorial to None, run_after=None
[2024-08-05T00:01:33.434+0000] {processor.py:183} INFO - Processing /home/airflow/.local/lib/python3.12/site-packages/airflow/example_dags/example_params_ui_tutorial.py took 0.095 seconds
[2024-08-05T00:02:03.472+0000] {processor.py:161} INFO - Started process (PID=16692) to work on /home/airflow/.local/lib/python3.12/site-packages/airflow/example_dags/example_params_ui_tutorial.py
[2024-08-05T00:02:03.473+0000] {processor.py:830} INFO - Processing file /home/airflow/.local/lib/python3.12/site-packages/airflow/example_dags/example_params_ui_tutorial.py for tasks to queue
[2024-08-05T00:02:03.475+0000] {logging_mixin.py:188} INFO - [2024-08-05T00:02:03.475+0000] {dagbag.py:545} INFO - Filling up the DagBag from /home/airflow/.local/lib/python3.12/site-packages/airflow/example_dags/example_params_ui_tutorial.py
[2024-08-05T00:02:03.481+0000] {processor.py:840} INFO - DAG(s) 'example_params_ui_tutorial' retrieved from /home/airflow/.local/lib/python3.12/site-packages/airflow/example_dags/example_params_ui_tutorial.py
[2024-08-05T00:02:03.529+0000] {logging_mixin.py:188} INFO - [2024-08-05T00:02:03.529+0000] {dag.py:3089} INFO - Sync 1 DAGs
[2024-08-05T00:02:03.541+0000] {logging_mixin.py:188} INFO - [2024-08-05T00:02:03.540+0000] {dag.py:3947} INFO - Setting next_dagrun for example_params_ui_tutorial to None, run_after=None
[2024-08-05T00:02:03.557+0000] {processor.py:183} INFO - Processing /home/airflow/.local/lib/python3.12/site-packages/airflow/example_dags/example_params_ui_tutorial.py took 0.090 seconds
[2024-08-05T00:02:33.595+0000] {processor.py:161} INFO - Started process (PID=16964) to work on /home/airflow/.local/lib/python3.12/site-packages/airflow/example_dags/example_params_ui_tutorial.py
[2024-08-05T00:02:33.595+0000] {processor.py:830} INFO - Processing file /home/airflow/.local/lib/python3.12/site-packages/airflow/example_dags/example_params_ui_tutorial.py for tasks to queue
[2024-08-05T00:02:33.597+0000] {logging_mixin.py:188} INFO - [2024-08-05T00:02:33.596+0000] {dagbag.py:545} INFO - Filling up the DagBag from /home/airflow/.local/lib/python3.12/site-packages/airflow/example_dags/example_params_ui_tutorial.py
[2024-08-05T00:02:33.603+0000] {processor.py:840} INFO - DAG(s) 'example_params_ui_tutorial' retrieved from /home/airflow/.local/lib/python3.12/site-packages/airflow/example_dags/example_params_ui_tutorial.py
[2024-08-05T00:02:33.650+0000] {logging_mixin.py:188} INFO - [2024-08-05T00:02:33.649+0000] {dag.py:3089} INFO - Sync 1 DAGs
[2024-08-05T00:02:33.661+0000] {logging_mixin.py:188} INFO - [2024-08-05T00:02:33.661+0000] {dag.py:3947} INFO - Setting next_dagrun for example_params_ui_tutorial to None, run_after=None
[2024-08-05T00:02:33.677+0000] {processor.py:183} INFO - Processing /home/airflow/.local/lib/python3.12/site-packages/airflow/example_dags/example_params_ui_tutorial.py took 0.087 seconds
[2024-08-05T00:03:03.883+0000] {processor.py:161} INFO - Started process (PID=17236) to work on /home/airflow/.local/lib/python3.12/site-packages/airflow/example_dags/example_params_ui_tutorial.py
[2024-08-05T00:03:03.884+0000] {processor.py:830} INFO - Processing file /home/airflow/.local/lib/python3.12/site-packages/airflow/example_dags/example_params_ui_tutorial.py for tasks to queue
[2024-08-05T00:03:03.886+0000] {logging_mixin.py:188} INFO - [2024-08-05T00:03:03.886+0000] {dagbag.py:545} INFO - Filling up the DagBag from /home/airflow/.local/lib/python3.12/site-packages/airflow/example_dags/example_params_ui_tutorial.py
[2024-08-05T00:03:03.893+0000] {processor.py:840} INFO - DAG(s) 'example_params_ui_tutorial' retrieved from /home/airflow/.local/lib/python3.12/site-packages/airflow/example_dags/example_params_ui_tutorial.py
[2024-08-05T00:03:03.943+0000] {logging_mixin.py:188} INFO - [2024-08-05T00:03:03.943+0000] {dag.py:3089} INFO - Sync 1 DAGs
[2024-08-05T00:03:03.955+0000] {logging_mixin.py:188} INFO - [2024-08-05T00:03:03.955+0000] {dag.py:3947} INFO - Setting next_dagrun for example_params_ui_tutorial to None, run_after=None
[2024-08-05T00:03:03.973+0000] {processor.py:183} INFO - Processing /home/airflow/.local/lib/python3.12/site-packages/airflow/example_dags/example_params_ui_tutorial.py took 0.095 seconds
[2024-08-05T00:03:34.267+0000] {processor.py:161} INFO - Started process (PID=17508) to work on /home/airflow/.local/lib/python3.12/site-packages/airflow/example_dags/example_params_ui_tutorial.py
[2024-08-05T00:03:34.269+0000] {processor.py:830} INFO - Processing file /home/airflow/.local/lib/python3.12/site-packages/airflow/example_dags/example_params_ui_tutorial.py for tasks to queue
[2024-08-05T00:03:34.270+0000] {logging_mixin.py:188} INFO - [2024-08-05T00:03:34.270+0000] {dagbag.py:545} INFO - Filling up the DagBag from /home/airflow/.local/lib/python3.12/site-packages/airflow/example_dags/example_params_ui_tutorial.py
[2024-08-05T00:03:34.276+0000] {processor.py:840} INFO - DAG(s) 'example_params_ui_tutorial' retrieved from /home/airflow/.local/lib/python3.12/site-packages/airflow/example_dags/example_params_ui_tutorial.py
[2024-08-05T00:03:34.325+0000] {logging_mixin.py:188} INFO - [2024-08-05T00:03:34.324+0000] {dag.py:3089} INFO - Sync 1 DAGs
[2024-08-05T00:03:34.337+0000] {logging_mixin.py:188} INFO - [2024-08-05T00:03:34.336+0000] {dag.py:3947} INFO - Setting next_dagrun for example_params_ui_tutorial to None, run_after=None
[2024-08-05T00:03:34.354+0000] {processor.py:183} INFO - Processing /home/airflow/.local/lib/python3.12/site-packages/airflow/example_dags/example_params_ui_tutorial.py took 0.092 seconds
[2024-08-05T00:04:04.542+0000] {processor.py:161} INFO - Started process (PID=17780) to work on /home/airflow/.local/lib/python3.12/site-packages/airflow/example_dags/example_params_ui_tutorial.py
[2024-08-05T00:04:04.544+0000] {processor.py:830} INFO - Processing file /home/airflow/.local/lib/python3.12/site-packages/airflow/example_dags/example_params_ui_tutorial.py for tasks to queue
[2024-08-05T00:04:04.546+0000] {logging_mixin.py:188} INFO - [2024-08-05T00:04:04.545+0000] {dagbag.py:545} INFO - Filling up the DagBag from /home/airflow/.local/lib/python3.12/site-packages/airflow/example_dags/example_params_ui_tutorial.py
[2024-08-05T00:04:04.555+0000] {processor.py:840} INFO - DAG(s) 'example_params_ui_tutorial' retrieved from /home/airflow/.local/lib/python3.12/site-packages/airflow/example_dags/example_params_ui_tutorial.py
[2024-08-05T00:04:04.635+0000] {logging_mixin.py:188} INFO - [2024-08-05T00:04:04.635+0000] {dag.py:3089} INFO - Sync 1 DAGs
[2024-08-05T00:04:04.652+0000] {logging_mixin.py:188} INFO - [2024-08-05T00:04:04.652+0000] {dag.py:3947} INFO - Setting next_dagrun for example_params_ui_tutorial to None, run_after=None
[2024-08-05T00:04:04.679+0000] {processor.py:183} INFO - Processing /home/airflow/.local/lib/python3.12/site-packages/airflow/example_dags/example_params_ui_tutorial.py took 0.143 seconds
[2024-08-05T00:04:34.758+0000] {processor.py:161} INFO - Started process (PID=18052) to work on /home/airflow/.local/lib/python3.12/site-packages/airflow/example_dags/example_params_ui_tutorial.py
[2024-08-05T00:04:34.759+0000] {processor.py:830} INFO - Processing file /home/airflow/.local/lib/python3.12/site-packages/airflow/example_dags/example_params_ui_tutorial.py for tasks to queue
[2024-08-05T00:04:34.761+0000] {logging_mixin.py:188} INFO - [2024-08-05T00:04:34.761+0000] {dagbag.py:545} INFO - Filling up the DagBag from /home/airflow/.local/lib/python3.12/site-packages/airflow/example_dags/example_params_ui_tutorial.py
[2024-08-05T00:04:34.769+0000] {processor.py:840} INFO - DAG(s) 'example_params_ui_tutorial' retrieved from /home/airflow/.local/lib/python3.12/site-packages/airflow/example_dags/example_params_ui_tutorial.py
[2024-08-05T00:04:34.822+0000] {logging_mixin.py:188} INFO - [2024-08-05T00:04:34.821+0000] {dag.py:3089} INFO - Sync 1 DAGs
[2024-08-05T00:04:34.832+0000] {logging_mixin.py:188} INFO - [2024-08-05T00:04:34.832+0000] {dag.py:3947} INFO - Setting next_dagrun for example_params_ui_tutorial to None, run_after=None
[2024-08-05T00:04:34.847+0000] {processor.py:183} INFO - Processing /home/airflow/.local/lib/python3.12/site-packages/airflow/example_dags/example_params_ui_tutorial.py took 0.096 seconds
[2024-08-05T00:05:05.028+0000] {processor.py:161} INFO - Started process (PID=18324) to work on /home/airflow/.local/lib/python3.12/site-packages/airflow/example_dags/example_params_ui_tutorial.py
[2024-08-05T00:05:05.029+0000] {processor.py:830} INFO - Processing file /home/airflow/.local/lib/python3.12/site-packages/airflow/example_dags/example_params_ui_tutorial.py for tasks to queue
[2024-08-05T00:05:05.031+0000] {logging_mixin.py:188} INFO - [2024-08-05T00:05:05.030+0000] {dagbag.py:545} INFO - Filling up the DagBag from /home/airflow/.local/lib/python3.12/site-packages/airflow/example_dags/example_params_ui_tutorial.py
[2024-08-05T00:05:05.037+0000] {processor.py:840} INFO - DAG(s) 'example_params_ui_tutorial' retrieved from /home/airflow/.local/lib/python3.12/site-packages/airflow/example_dags/example_params_ui_tutorial.py
[2024-08-05T00:05:05.094+0000] {logging_mixin.py:188} INFO - [2024-08-05T00:05:05.094+0000] {dag.py:3089} INFO - Sync 1 DAGs
[2024-08-05T00:05:05.107+0000] {logging_mixin.py:188} INFO - [2024-08-05T00:05:05.107+0000] {dag.py:3947} INFO - Setting next_dagrun for example_params_ui_tutorial to None, run_after=None
[2024-08-05T00:05:05.121+0000] {processor.py:183} INFO - Processing /home/airflow/.local/lib/python3.12/site-packages/airflow/example_dags/example_params_ui_tutorial.py took 0.098 seconds
[2024-08-05T00:05:35.346+0000] {processor.py:161} INFO - Started process (PID=18596) to work on /home/airflow/.local/lib/python3.12/site-packages/airflow/example_dags/example_params_ui_tutorial.py
[2024-08-05T00:05:35.348+0000] {processor.py:830} INFO - Processing file /home/airflow/.local/lib/python3.12/site-packages/airflow/example_dags/example_params_ui_tutorial.py for tasks to queue
[2024-08-05T00:05:35.350+0000] {logging_mixin.py:188} INFO - [2024-08-05T00:05:35.350+0000] {dagbag.py:545} INFO - Filling up the DagBag from /home/airflow/.local/lib/python3.12/site-packages/airflow/example_dags/example_params_ui_tutorial.py
[2024-08-05T00:05:35.357+0000] {processor.py:840} INFO - DAG(s) 'example_params_ui_tutorial' retrieved from /home/airflow/.local/lib/python3.12/site-packages/airflow/example_dags/example_params_ui_tutorial.py
[2024-08-05T00:05:35.405+0000] {logging_mixin.py:188} INFO - [2024-08-05T00:05:35.404+0000] {dag.py:3089} INFO - Sync 1 DAGs
[2024-08-05T00:05:35.418+0000] {logging_mixin.py:188} INFO - [2024-08-05T00:05:35.418+0000] {dag.py:3947} INFO - Setting next_dagrun for example_params_ui_tutorial to None, run_after=None
[2024-08-05T00:05:35.438+0000] {processor.py:183} INFO - Processing /home/airflow/.local/lib/python3.12/site-packages/airflow/example_dags/example_params_ui_tutorial.py took 0.099 seconds
[2024-08-05T00:06:06.208+0000] {processor.py:161} INFO - Started process (PID=18862) to work on /home/airflow/.local/lib/python3.12/site-packages/airflow/example_dags/example_params_ui_tutorial.py
[2024-08-05T00:06:06.209+0000] {processor.py:830} INFO - Processing file /home/airflow/.local/lib/python3.12/site-packages/airflow/example_dags/example_params_ui_tutorial.py for tasks to queue
[2024-08-05T00:06:06.210+0000] {logging_mixin.py:188} INFO - [2024-08-05T00:06:06.210+0000] {dagbag.py:545} INFO - Filling up the DagBag from /home/airflow/.local/lib/python3.12/site-packages/airflow/example_dags/example_params_ui_tutorial.py
[2024-08-05T00:06:06.217+0000] {processor.py:840} INFO - DAG(s) 'example_params_ui_tutorial' retrieved from /home/airflow/.local/lib/python3.12/site-packages/airflow/example_dags/example_params_ui_tutorial.py
[2024-08-05T00:06:06.266+0000] {logging_mixin.py:188} INFO - [2024-08-05T00:06:06.266+0000] {dag.py:3089} INFO - Sync 1 DAGs
[2024-08-05T00:06:06.277+0000] {logging_mixin.py:188} INFO - [2024-08-05T00:06:06.277+0000] {dag.py:3947} INFO - Setting next_dagrun for example_params_ui_tutorial to None, run_after=None
[2024-08-05T00:06:06.295+0000] {processor.py:183} INFO - Processing /home/airflow/.local/lib/python3.12/site-packages/airflow/example_dags/example_params_ui_tutorial.py took 0.093 seconds
[2024-08-05T00:06:36.443+0000] {processor.py:161} INFO - Started process (PID=19134) to work on /home/airflow/.local/lib/python3.12/site-packages/airflow/example_dags/example_params_ui_tutorial.py
[2024-08-05T00:06:36.444+0000] {processor.py:830} INFO - Processing file /home/airflow/.local/lib/python3.12/site-packages/airflow/example_dags/example_params_ui_tutorial.py for tasks to queue
[2024-08-05T00:06:36.445+0000] {logging_mixin.py:188} INFO - [2024-08-05T00:06:36.445+0000] {dagbag.py:545} INFO - Filling up the DagBag from /home/airflow/.local/lib/python3.12/site-packages/airflow/example_dags/example_params_ui_tutorial.py
[2024-08-05T00:06:36.451+0000] {processor.py:840} INFO - DAG(s) 'example_params_ui_tutorial' retrieved from /home/airflow/.local/lib/python3.12/site-packages/airflow/example_dags/example_params_ui_tutorial.py
[2024-08-05T00:06:36.498+0000] {logging_mixin.py:188} INFO - [2024-08-05T00:06:36.498+0000] {dag.py:3089} INFO - Sync 1 DAGs
[2024-08-05T00:06:36.510+0000] {logging_mixin.py:188} INFO - [2024-08-05T00:06:36.510+0000] {dag.py:3947} INFO - Setting next_dagrun for example_params_ui_tutorial to None, run_after=None
[2024-08-05T00:06:36.526+0000] {processor.py:183} INFO - Processing /home/airflow/.local/lib/python3.12/site-packages/airflow/example_dags/example_params_ui_tutorial.py took 0.088 seconds
[2024-08-05T00:07:07.439+0000] {processor.py:161} INFO - Started process (PID=19406) to work on /home/airflow/.local/lib/python3.12/site-packages/airflow/example_dags/example_params_ui_tutorial.py
[2024-08-05T00:07:07.440+0000] {processor.py:830} INFO - Processing file /home/airflow/.local/lib/python3.12/site-packages/airflow/example_dags/example_params_ui_tutorial.py for tasks to queue
[2024-08-05T00:07:07.442+0000] {logging_mixin.py:188} INFO - [2024-08-05T00:07:07.441+0000] {dagbag.py:545} INFO - Filling up the DagBag from /home/airflow/.local/lib/python3.12/site-packages/airflow/example_dags/example_params_ui_tutorial.py
[2024-08-05T00:07:07.449+0000] {processor.py:840} INFO - DAG(s) 'example_params_ui_tutorial' retrieved from /home/airflow/.local/lib/python3.12/site-packages/airflow/example_dags/example_params_ui_tutorial.py
[2024-08-05T00:07:07.501+0000] {logging_mixin.py:188} INFO - [2024-08-05T00:07:07.501+0000] {dag.py:3089} INFO - Sync 1 DAGs
[2024-08-05T00:07:07.512+0000] {logging_mixin.py:188} INFO - [2024-08-05T00:07:07.512+0000] {dag.py:3947} INFO - Setting next_dagrun for example_params_ui_tutorial to None, run_after=None
[2024-08-05T00:07:07.530+0000] {processor.py:183} INFO - Processing /home/airflow/.local/lib/python3.12/site-packages/airflow/example_dags/example_params_ui_tutorial.py took 0.095 seconds
[2024-08-05T00:07:37.785+0000] {processor.py:161} INFO - Started process (PID=19678) to work on /home/airflow/.local/lib/python3.12/site-packages/airflow/example_dags/example_params_ui_tutorial.py
[2024-08-05T00:07:37.786+0000] {processor.py:830} INFO - Processing file /home/airflow/.local/lib/python3.12/site-packages/airflow/example_dags/example_params_ui_tutorial.py for tasks to queue
[2024-08-05T00:07:37.787+0000] {logging_mixin.py:188} INFO - [2024-08-05T00:07:37.787+0000] {dagbag.py:545} INFO - Filling up the DagBag from /home/airflow/.local/lib/python3.12/site-packages/airflow/example_dags/example_params_ui_tutorial.py
[2024-08-05T00:07:37.794+0000] {processor.py:840} INFO - DAG(s) 'example_params_ui_tutorial' retrieved from /home/airflow/.local/lib/python3.12/site-packages/airflow/example_dags/example_params_ui_tutorial.py
[2024-08-05T00:07:37.849+0000] {logging_mixin.py:188} INFO - [2024-08-05T00:07:37.848+0000] {dag.py:3089} INFO - Sync 1 DAGs
[2024-08-05T00:07:37.861+0000] {logging_mixin.py:188} INFO - [2024-08-05T00:07:37.860+0000] {dag.py:3947} INFO - Setting next_dagrun for example_params_ui_tutorial to None, run_after=None
[2024-08-05T00:07:37.880+0000] {processor.py:183} INFO - Processing /home/airflow/.local/lib/python3.12/site-packages/airflow/example_dags/example_params_ui_tutorial.py took 0.100 seconds
[2024-08-05T00:08:07.987+0000] {processor.py:161} INFO - Started process (PID=19950) to work on /home/airflow/.local/lib/python3.12/site-packages/airflow/example_dags/example_params_ui_tutorial.py
[2024-08-05T00:08:07.987+0000] {processor.py:830} INFO - Processing file /home/airflow/.local/lib/python3.12/site-packages/airflow/example_dags/example_params_ui_tutorial.py for tasks to queue
[2024-08-05T00:08:07.989+0000] {logging_mixin.py:188} INFO - [2024-08-05T00:08:07.989+0000] {dagbag.py:545} INFO - Filling up the DagBag from /home/airflow/.local/lib/python3.12/site-packages/airflow/example_dags/example_params_ui_tutorial.py
[2024-08-05T00:08:07.995+0000] {processor.py:840} INFO - DAG(s) 'example_params_ui_tutorial' retrieved from /home/airflow/.local/lib/python3.12/site-packages/airflow/example_dags/example_params_ui_tutorial.py
[2024-08-05T00:08:08.048+0000] {logging_mixin.py:188} INFO - [2024-08-05T00:08:08.048+0000] {dag.py:3089} INFO - Sync 1 DAGs
[2024-08-05T00:08:08.060+0000] {logging_mixin.py:188} INFO - [2024-08-05T00:08:08.059+0000] {dag.py:3947} INFO - Setting next_dagrun for example_params_ui_tutorial to None, run_after=None
[2024-08-05T00:08:08.077+0000] {processor.py:183} INFO - Processing /home/airflow/.local/lib/python3.12/site-packages/airflow/example_dags/example_params_ui_tutorial.py took 0.095 seconds
[2024-08-05T00:08:38.402+0000] {processor.py:161} INFO - Started process (PID=20222) to work on /home/airflow/.local/lib/python3.12/site-packages/airflow/example_dags/example_params_ui_tutorial.py
[2024-08-05T00:08:38.403+0000] {processor.py:830} INFO - Processing file /home/airflow/.local/lib/python3.12/site-packages/airflow/example_dags/example_params_ui_tutorial.py for tasks to queue
[2024-08-05T00:08:38.404+0000] {logging_mixin.py:188} INFO - [2024-08-05T00:08:38.404+0000] {dagbag.py:545} INFO - Filling up the DagBag from /home/airflow/.local/lib/python3.12/site-packages/airflow/example_dags/example_params_ui_tutorial.py
[2024-08-05T00:08:38.410+0000] {processor.py:840} INFO - DAG(s) 'example_params_ui_tutorial' retrieved from /home/airflow/.local/lib/python3.12/site-packages/airflow/example_dags/example_params_ui_tutorial.py
[2024-08-05T00:08:38.457+0000] {logging_mixin.py:188} INFO - [2024-08-05T00:08:38.457+0000] {dag.py:3089} INFO - Sync 1 DAGs
[2024-08-05T00:08:38.469+0000] {logging_mixin.py:188} INFO - [2024-08-05T00:08:38.469+0000] {dag.py:3947} INFO - Setting next_dagrun for example_params_ui_tutorial to None, run_after=None
[2024-08-05T00:08:38.484+0000] {processor.py:183} INFO - Processing /home/airflow/.local/lib/python3.12/site-packages/airflow/example_dags/example_params_ui_tutorial.py took 0.086 seconds
[2024-08-05T00:09:08.534+0000] {processor.py:161} INFO - Started process (PID=20494) to work on /home/airflow/.local/lib/python3.12/site-packages/airflow/example_dags/example_params_ui_tutorial.py
[2024-08-05T00:09:08.535+0000] {processor.py:830} INFO - Processing file /home/airflow/.local/lib/python3.12/site-packages/airflow/example_dags/example_params_ui_tutorial.py for tasks to queue
[2024-08-05T00:09:08.536+0000] {logging_mixin.py:188} INFO - [2024-08-05T00:09:08.536+0000] {dagbag.py:545} INFO - Filling up the DagBag from /home/airflow/.local/lib/python3.12/site-packages/airflow/example_dags/example_params_ui_tutorial.py
[2024-08-05T00:09:08.543+0000] {processor.py:840} INFO - DAG(s) 'example_params_ui_tutorial' retrieved from /home/airflow/.local/lib/python3.12/site-packages/airflow/example_dags/example_params_ui_tutorial.py
[2024-08-05T00:09:08.588+0000] {logging_mixin.py:188} INFO - [2024-08-05T00:09:08.587+0000] {dag.py:3089} INFO - Sync 1 DAGs
[2024-08-05T00:09:08.599+0000] {logging_mixin.py:188} INFO - [2024-08-05T00:09:08.599+0000] {dag.py:3947} INFO - Setting next_dagrun for example_params_ui_tutorial to None, run_after=None
[2024-08-05T00:09:08.613+0000] {processor.py:183} INFO - Processing /home/airflow/.local/lib/python3.12/site-packages/airflow/example_dags/example_params_ui_tutorial.py took 0.084 seconds
[2024-08-05T00:09:39.254+0000] {processor.py:161} INFO - Started process (PID=20766) to work on /home/airflow/.local/lib/python3.12/site-packages/airflow/example_dags/example_params_ui_tutorial.py
[2024-08-05T00:09:39.254+0000] {processor.py:830} INFO - Processing file /home/airflow/.local/lib/python3.12/site-packages/airflow/example_dags/example_params_ui_tutorial.py for tasks to queue
[2024-08-05T00:09:39.256+0000] {logging_mixin.py:188} INFO - [2024-08-05T00:09:39.256+0000] {dagbag.py:545} INFO - Filling up the DagBag from /home/airflow/.local/lib/python3.12/site-packages/airflow/example_dags/example_params_ui_tutorial.py
[2024-08-05T00:09:39.262+0000] {processor.py:840} INFO - DAG(s) 'example_params_ui_tutorial' retrieved from /home/airflow/.local/lib/python3.12/site-packages/airflow/example_dags/example_params_ui_tutorial.py
[2024-08-05T00:09:39.307+0000] {logging_mixin.py:188} INFO - [2024-08-05T00:09:39.306+0000] {dag.py:3089} INFO - Sync 1 DAGs
[2024-08-05T00:09:39.318+0000] {logging_mixin.py:188} INFO - [2024-08-05T00:09:39.317+0000] {dag.py:3947} INFO - Setting next_dagrun for example_params_ui_tutorial to None, run_after=None
[2024-08-05T00:09:39.332+0000] {processor.py:183} INFO - Processing /home/airflow/.local/lib/python3.12/site-packages/airflow/example_dags/example_params_ui_tutorial.py took 0.083 seconds
[2024-08-05T00:10:09.910+0000] {processor.py:161} INFO - Started process (PID=21044) to work on /home/airflow/.local/lib/python3.12/site-packages/airflow/example_dags/example_params_ui_tutorial.py
[2024-08-05T00:10:09.911+0000] {processor.py:830} INFO - Processing file /home/airflow/.local/lib/python3.12/site-packages/airflow/example_dags/example_params_ui_tutorial.py for tasks to queue
[2024-08-05T00:10:09.912+0000] {logging_mixin.py:188} INFO - [2024-08-05T00:10:09.912+0000] {dagbag.py:545} INFO - Filling up the DagBag from /home/airflow/.local/lib/python3.12/site-packages/airflow/example_dags/example_params_ui_tutorial.py
[2024-08-05T00:10:09.918+0000] {processor.py:840} INFO - DAG(s) 'example_params_ui_tutorial' retrieved from /home/airflow/.local/lib/python3.12/site-packages/airflow/example_dags/example_params_ui_tutorial.py
[2024-08-05T00:10:09.967+0000] {logging_mixin.py:188} INFO - [2024-08-05T00:10:09.966+0000] {dag.py:3089} INFO - Sync 1 DAGs
[2024-08-05T00:10:09.977+0000] {logging_mixin.py:188} INFO - [2024-08-05T00:10:09.977+0000] {dag.py:3947} INFO - Setting next_dagrun for example_params_ui_tutorial to None, run_after=None
[2024-08-05T00:10:09.994+0000] {processor.py:183} INFO - Processing /home/airflow/.local/lib/python3.12/site-packages/airflow/example_dags/example_params_ui_tutorial.py took 0.090 seconds
[2024-08-05T00:10:40.694+0000] {processor.py:161} INFO - Started process (PID=21319) to work on /home/airflow/.local/lib/python3.12/site-packages/airflow/example_dags/example_params_ui_tutorial.py
[2024-08-05T00:10:40.695+0000] {processor.py:830} INFO - Processing file /home/airflow/.local/lib/python3.12/site-packages/airflow/example_dags/example_params_ui_tutorial.py for tasks to queue
[2024-08-05T00:10:40.696+0000] {logging_mixin.py:188} INFO - [2024-08-05T00:10:40.696+0000] {dagbag.py:545} INFO - Filling up the DagBag from /home/airflow/.local/lib/python3.12/site-packages/airflow/example_dags/example_params_ui_tutorial.py
[2024-08-05T00:10:40.702+0000] {processor.py:840} INFO - DAG(s) 'example_params_ui_tutorial' retrieved from /home/airflow/.local/lib/python3.12/site-packages/airflow/example_dags/example_params_ui_tutorial.py
[2024-08-05T00:10:40.766+0000] {logging_mixin.py:188} INFO - [2024-08-05T00:10:40.765+0000] {dag.py:3089} INFO - Sync 1 DAGs
[2024-08-05T00:10:40.777+0000] {logging_mixin.py:188} INFO - [2024-08-05T00:10:40.777+0000] {dag.py:3947} INFO - Setting next_dagrun for example_params_ui_tutorial to None, run_after=None
[2024-08-05T00:10:40.794+0000] {processor.py:183} INFO - Processing /home/airflow/.local/lib/python3.12/site-packages/airflow/example_dags/example_params_ui_tutorial.py took 0.105 seconds
[2024-08-05T00:11:11.399+0000] {processor.py:161} INFO - Started process (PID=21591) to work on /home/airflow/.local/lib/python3.12/site-packages/airflow/example_dags/example_params_ui_tutorial.py
[2024-08-05T00:11:11.400+0000] {processor.py:830} INFO - Processing file /home/airflow/.local/lib/python3.12/site-packages/airflow/example_dags/example_params_ui_tutorial.py for tasks to queue
[2024-08-05T00:11:11.401+0000] {logging_mixin.py:188} INFO - [2024-08-05T00:11:11.401+0000] {dagbag.py:545} INFO - Filling up the DagBag from /home/airflow/.local/lib/python3.12/site-packages/airflow/example_dags/example_params_ui_tutorial.py
[2024-08-05T00:11:11.408+0000] {processor.py:840} INFO - DAG(s) 'example_params_ui_tutorial' retrieved from /home/airflow/.local/lib/python3.12/site-packages/airflow/example_dags/example_params_ui_tutorial.py
[2024-08-05T00:11:11.457+0000] {logging_mixin.py:188} INFO - [2024-08-05T00:11:11.457+0000] {dag.py:3089} INFO - Sync 1 DAGs
[2024-08-05T00:11:11.467+0000] {logging_mixin.py:188} INFO - [2024-08-05T00:11:11.467+0000] {dag.py:3947} INFO - Setting next_dagrun for example_params_ui_tutorial to None, run_after=None
[2024-08-05T00:11:11.483+0000] {processor.py:183} INFO - Processing /home/airflow/.local/lib/python3.12/site-packages/airflow/example_dags/example_params_ui_tutorial.py took 0.089 seconds
[2024-08-05T00:11:42.326+0000] {processor.py:161} INFO - Started process (PID=21863) to work on /home/airflow/.local/lib/python3.12/site-packages/airflow/example_dags/example_params_ui_tutorial.py
[2024-08-05T00:11:42.327+0000] {processor.py:830} INFO - Processing file /home/airflow/.local/lib/python3.12/site-packages/airflow/example_dags/example_params_ui_tutorial.py for tasks to queue
[2024-08-05T00:11:42.329+0000] {logging_mixin.py:188} INFO - [2024-08-05T00:11:42.328+0000] {dagbag.py:545} INFO - Filling up the DagBag from /home/airflow/.local/lib/python3.12/site-packages/airflow/example_dags/example_params_ui_tutorial.py
[2024-08-05T00:11:42.336+0000] {processor.py:840} INFO - DAG(s) 'example_params_ui_tutorial' retrieved from /home/airflow/.local/lib/python3.12/site-packages/airflow/example_dags/example_params_ui_tutorial.py
[2024-08-05T00:11:42.385+0000] {logging_mixin.py:188} INFO - [2024-08-05T00:11:42.385+0000] {dag.py:3089} INFO - Sync 1 DAGs
[2024-08-05T00:11:42.396+0000] {logging_mixin.py:188} INFO - [2024-08-05T00:11:42.396+0000] {dag.py:3947} INFO - Setting next_dagrun for example_params_ui_tutorial to None, run_after=None
[2024-08-05T00:11:42.412+0000] {processor.py:183} INFO - Processing /home/airflow/.local/lib/python3.12/site-packages/airflow/example_dags/example_params_ui_tutorial.py took 0.091 seconds
[2024-08-05T00:12:12.583+0000] {processor.py:161} INFO - Started process (PID=22135) to work on /home/airflow/.local/lib/python3.12/site-packages/airflow/example_dags/example_params_ui_tutorial.py
[2024-08-05T00:12:12.584+0000] {processor.py:830} INFO - Processing file /home/airflow/.local/lib/python3.12/site-packages/airflow/example_dags/example_params_ui_tutorial.py for tasks to queue
[2024-08-05T00:12:12.586+0000] {logging_mixin.py:188} INFO - [2024-08-05T00:12:12.586+0000] {dagbag.py:545} INFO - Filling up the DagBag from /home/airflow/.local/lib/python3.12/site-packages/airflow/example_dags/example_params_ui_tutorial.py
[2024-08-05T00:12:12.593+0000] {processor.py:840} INFO - DAG(s) 'example_params_ui_tutorial' retrieved from /home/airflow/.local/lib/python3.12/site-packages/airflow/example_dags/example_params_ui_tutorial.py
[2024-08-05T00:12:12.644+0000] {logging_mixin.py:188} INFO - [2024-08-05T00:12:12.644+0000] {dag.py:3089} INFO - Sync 1 DAGs
[2024-08-05T00:12:12.656+0000] {logging_mixin.py:188} INFO - [2024-08-05T00:12:12.656+0000] {dag.py:3947} INFO - Setting next_dagrun for example_params_ui_tutorial to None, run_after=None
[2024-08-05T00:12:12.672+0000] {processor.py:183} INFO - Processing /home/airflow/.local/lib/python3.12/site-packages/airflow/example_dags/example_params_ui_tutorial.py took 0.094 seconds
[2024-08-05T00:12:42.821+0000] {processor.py:161} INFO - Started process (PID=22407) to work on /home/airflow/.local/lib/python3.12/site-packages/airflow/example_dags/example_params_ui_tutorial.py
[2024-08-05T00:12:42.822+0000] {processor.py:830} INFO - Processing file /home/airflow/.local/lib/python3.12/site-packages/airflow/example_dags/example_params_ui_tutorial.py for tasks to queue
[2024-08-05T00:12:42.823+0000] {logging_mixin.py:188} INFO - [2024-08-05T00:12:42.823+0000] {dagbag.py:545} INFO - Filling up the DagBag from /home/airflow/.local/lib/python3.12/site-packages/airflow/example_dags/example_params_ui_tutorial.py
[2024-08-05T00:12:42.829+0000] {processor.py:840} INFO - DAG(s) 'example_params_ui_tutorial' retrieved from /home/airflow/.local/lib/python3.12/site-packages/airflow/example_dags/example_params_ui_tutorial.py
[2024-08-05T00:12:42.879+0000] {logging_mixin.py:188} INFO - [2024-08-05T00:12:42.878+0000] {dag.py:3089} INFO - Sync 1 DAGs
[2024-08-05T00:12:42.891+0000] {logging_mixin.py:188} INFO - [2024-08-05T00:12:42.891+0000] {dag.py:3947} INFO - Setting next_dagrun for example_params_ui_tutorial to None, run_after=None
[2024-08-05T00:12:42.907+0000] {processor.py:183} INFO - Processing /home/airflow/.local/lib/python3.12/site-packages/airflow/example_dags/example_params_ui_tutorial.py took 0.092 seconds
[2024-08-05T00:13:13.070+0000] {processor.py:161} INFO - Started process (PID=22679) to work on /home/airflow/.local/lib/python3.12/site-packages/airflow/example_dags/example_params_ui_tutorial.py
[2024-08-05T00:13:13.071+0000] {processor.py:830} INFO - Processing file /home/airflow/.local/lib/python3.12/site-packages/airflow/example_dags/example_params_ui_tutorial.py for tasks to queue
[2024-08-05T00:13:13.073+0000] {logging_mixin.py:188} INFO - [2024-08-05T00:13:13.072+0000] {dagbag.py:545} INFO - Filling up the DagBag from /home/airflow/.local/lib/python3.12/site-packages/airflow/example_dags/example_params_ui_tutorial.py
[2024-08-05T00:13:13.079+0000] {processor.py:840} INFO - DAG(s) 'example_params_ui_tutorial' retrieved from /home/airflow/.local/lib/python3.12/site-packages/airflow/example_dags/example_params_ui_tutorial.py
[2024-08-05T00:13:13.128+0000] {logging_mixin.py:188} INFO - [2024-08-05T00:13:13.128+0000] {dag.py:3089} INFO - Sync 1 DAGs
[2024-08-05T00:13:13.141+0000] {logging_mixin.py:188} INFO - [2024-08-05T00:13:13.140+0000] {dag.py:3947} INFO - Setting next_dagrun for example_params_ui_tutorial to None, run_after=None
[2024-08-05T00:13:13.157+0000] {processor.py:183} INFO - Processing /home/airflow/.local/lib/python3.12/site-packages/airflow/example_dags/example_params_ui_tutorial.py took 0.093 seconds
[2024-08-05T00:13:43.472+0000] {processor.py:161} INFO - Started process (PID=22951) to work on /home/airflow/.local/lib/python3.12/site-packages/airflow/example_dags/example_params_ui_tutorial.py
[2024-08-05T00:13:43.473+0000] {processor.py:830} INFO - Processing file /home/airflow/.local/lib/python3.12/site-packages/airflow/example_dags/example_params_ui_tutorial.py for tasks to queue
[2024-08-05T00:13:43.475+0000] {logging_mixin.py:188} INFO - [2024-08-05T00:13:43.475+0000] {dagbag.py:545} INFO - Filling up the DagBag from /home/airflow/.local/lib/python3.12/site-packages/airflow/example_dags/example_params_ui_tutorial.py
[2024-08-05T00:13:43.480+0000] {processor.py:840} INFO - DAG(s) 'example_params_ui_tutorial' retrieved from /home/airflow/.local/lib/python3.12/site-packages/airflow/example_dags/example_params_ui_tutorial.py
[2024-08-05T00:13:43.537+0000] {logging_mixin.py:188} INFO - [2024-08-05T00:13:43.537+0000] {dag.py:3089} INFO - Sync 1 DAGs
[2024-08-05T00:13:43.555+0000] {logging_mixin.py:188} INFO - [2024-08-05T00:13:43.552+0000] {dag.py:3947} INFO - Setting next_dagrun for example_params_ui_tutorial to None, run_after=None
[2024-08-05T00:13:43.581+0000] {processor.py:183} INFO - Processing /home/airflow/.local/lib/python3.12/site-packages/airflow/example_dags/example_params_ui_tutorial.py took 0.116 seconds
[2024-08-05T00:14:13.994+0000] {processor.py:161} INFO - Started process (PID=23223) to work on /home/airflow/.local/lib/python3.12/site-packages/airflow/example_dags/example_params_ui_tutorial.py
[2024-08-05T00:14:13.995+0000] {processor.py:830} INFO - Processing file /home/airflow/.local/lib/python3.12/site-packages/airflow/example_dags/example_params_ui_tutorial.py for tasks to queue
[2024-08-05T00:14:13.997+0000] {logging_mixin.py:188} INFO - [2024-08-05T00:14:13.997+0000] {dagbag.py:545} INFO - Filling up the DagBag from /home/airflow/.local/lib/python3.12/site-packages/airflow/example_dags/example_params_ui_tutorial.py
[2024-08-05T00:14:14.005+0000] {processor.py:840} INFO - DAG(s) 'example_params_ui_tutorial' retrieved from /home/airflow/.local/lib/python3.12/site-packages/airflow/example_dags/example_params_ui_tutorial.py
[2024-08-05T00:14:14.059+0000] {logging_mixin.py:188} INFO - [2024-08-05T00:14:14.059+0000] {dag.py:3089} INFO - Sync 1 DAGs
[2024-08-05T00:14:14.072+0000] {logging_mixin.py:188} INFO - [2024-08-05T00:14:14.071+0000] {dag.py:3947} INFO - Setting next_dagrun for example_params_ui_tutorial to None, run_after=None
[2024-08-05T00:14:14.090+0000] {processor.py:183} INFO - Processing /home/airflow/.local/lib/python3.12/site-packages/airflow/example_dags/example_params_ui_tutorial.py took 0.100 seconds
[2024-08-05T00:14:44.282+0000] {processor.py:161} INFO - Started process (PID=23495) to work on /home/airflow/.local/lib/python3.12/site-packages/airflow/example_dags/example_params_ui_tutorial.py
[2024-08-05T00:14:44.283+0000] {processor.py:830} INFO - Processing file /home/airflow/.local/lib/python3.12/site-packages/airflow/example_dags/example_params_ui_tutorial.py for tasks to queue
[2024-08-05T00:14:44.285+0000] {logging_mixin.py:188} INFO - [2024-08-05T00:14:44.285+0000] {dagbag.py:545} INFO - Filling up the DagBag from /home/airflow/.local/lib/python3.12/site-packages/airflow/example_dags/example_params_ui_tutorial.py
[2024-08-05T00:14:44.291+0000] {processor.py:840} INFO - DAG(s) 'example_params_ui_tutorial' retrieved from /home/airflow/.local/lib/python3.12/site-packages/airflow/example_dags/example_params_ui_tutorial.py
[2024-08-05T00:14:44.342+0000] {logging_mixin.py:188} INFO - [2024-08-05T00:14:44.342+0000] {dag.py:3089} INFO - Sync 1 DAGs
[2024-08-05T00:14:44.355+0000] {logging_mixin.py:188} INFO - [2024-08-05T00:14:44.355+0000] {dag.py:3947} INFO - Setting next_dagrun for example_params_ui_tutorial to None, run_after=None
[2024-08-05T00:14:44.374+0000] {processor.py:183} INFO - Processing /home/airflow/.local/lib/python3.12/site-packages/airflow/example_dags/example_params_ui_tutorial.py took 0.097 seconds
[2024-08-05T00:15:14.458+0000] {processor.py:161} INFO - Started process (PID=23767) to work on /home/airflow/.local/lib/python3.12/site-packages/airflow/example_dags/example_params_ui_tutorial.py
[2024-08-05T00:15:14.459+0000] {processor.py:830} INFO - Processing file /home/airflow/.local/lib/python3.12/site-packages/airflow/example_dags/example_params_ui_tutorial.py for tasks to queue
[2024-08-05T00:15:14.461+0000] {logging_mixin.py:188} INFO - [2024-08-05T00:15:14.460+0000] {dagbag.py:545} INFO - Filling up the DagBag from /home/airflow/.local/lib/python3.12/site-packages/airflow/example_dags/example_params_ui_tutorial.py
[2024-08-05T00:15:14.468+0000] {processor.py:840} INFO - DAG(s) 'example_params_ui_tutorial' retrieved from /home/airflow/.local/lib/python3.12/site-packages/airflow/example_dags/example_params_ui_tutorial.py
[2024-08-05T00:15:14.518+0000] {logging_mixin.py:188} INFO - [2024-08-05T00:15:14.518+0000] {dag.py:3089} INFO - Sync 1 DAGs
[2024-08-05T00:15:14.529+0000] {logging_mixin.py:188} INFO - [2024-08-05T00:15:14.529+0000] {dag.py:3947} INFO - Setting next_dagrun for example_params_ui_tutorial to None, run_after=None
[2024-08-05T00:15:14.542+0000] {processor.py:183} INFO - Processing /home/airflow/.local/lib/python3.12/site-packages/airflow/example_dags/example_params_ui_tutorial.py took 0.089 seconds
[2024-08-05T00:15:44.703+0000] {processor.py:161} INFO - Started process (PID=24039) to work on /home/airflow/.local/lib/python3.12/site-packages/airflow/example_dags/example_params_ui_tutorial.py
[2024-08-05T00:15:44.704+0000] {processor.py:830} INFO - Processing file /home/airflow/.local/lib/python3.12/site-packages/airflow/example_dags/example_params_ui_tutorial.py for tasks to queue
[2024-08-05T00:15:44.705+0000] {logging_mixin.py:188} INFO - [2024-08-05T00:15:44.705+0000] {dagbag.py:545} INFO - Filling up the DagBag from /home/airflow/.local/lib/python3.12/site-packages/airflow/example_dags/example_params_ui_tutorial.py
[2024-08-05T00:15:44.710+0000] {processor.py:840} INFO - DAG(s) 'example_params_ui_tutorial' retrieved from /home/airflow/.local/lib/python3.12/site-packages/airflow/example_dags/example_params_ui_tutorial.py
[2024-08-05T00:15:44.758+0000] {logging_mixin.py:188} INFO - [2024-08-05T00:15:44.758+0000] {dag.py:3089} INFO - Sync 1 DAGs
[2024-08-05T00:15:44.771+0000] {logging_mixin.py:188} INFO - [2024-08-05T00:15:44.771+0000] {dag.py:3947} INFO - Setting next_dagrun for example_params_ui_tutorial to None, run_after=None
[2024-08-05T00:15:44.788+0000] {processor.py:183} INFO - Processing /home/airflow/.local/lib/python3.12/site-packages/airflow/example_dags/example_params_ui_tutorial.py took 0.090 seconds
[2024-08-05T00:16:15.270+0000] {processor.py:161} INFO - Started process (PID=24311) to work on /home/airflow/.local/lib/python3.12/site-packages/airflow/example_dags/example_params_ui_tutorial.py
[2024-08-05T00:16:15.271+0000] {processor.py:830} INFO - Processing file /home/airflow/.local/lib/python3.12/site-packages/airflow/example_dags/example_params_ui_tutorial.py for tasks to queue
[2024-08-05T00:16:15.273+0000] {logging_mixin.py:188} INFO - [2024-08-05T00:16:15.272+0000] {dagbag.py:545} INFO - Filling up the DagBag from /home/airflow/.local/lib/python3.12/site-packages/airflow/example_dags/example_params_ui_tutorial.py
[2024-08-05T00:16:15.278+0000] {processor.py:840} INFO - DAG(s) 'example_params_ui_tutorial' retrieved from /home/airflow/.local/lib/python3.12/site-packages/airflow/example_dags/example_params_ui_tutorial.py
[2024-08-05T00:16:15.329+0000] {logging_mixin.py:188} INFO - [2024-08-05T00:16:15.329+0000] {dag.py:3089} INFO - Sync 1 DAGs
[2024-08-05T00:16:15.343+0000] {logging_mixin.py:188} INFO - [2024-08-05T00:16:15.343+0000] {dag.py:3947} INFO - Setting next_dagrun for example_params_ui_tutorial to None, run_after=None
[2024-08-05T00:16:15.364+0000] {processor.py:183} INFO - Processing /home/airflow/.local/lib/python3.12/site-packages/airflow/example_dags/example_params_ui_tutorial.py took 0.101 seconds
[2024-08-05T00:16:45.598+0000] {processor.py:161} INFO - Started process (PID=24583) to work on /home/airflow/.local/lib/python3.12/site-packages/airflow/example_dags/example_params_ui_tutorial.py
[2024-08-05T00:16:45.599+0000] {processor.py:830} INFO - Processing file /home/airflow/.local/lib/python3.12/site-packages/airflow/example_dags/example_params_ui_tutorial.py for tasks to queue
[2024-08-05T00:16:45.601+0000] {logging_mixin.py:188} INFO - [2024-08-05T00:16:45.601+0000] {dagbag.py:545} INFO - Filling up the DagBag from /home/airflow/.local/lib/python3.12/site-packages/airflow/example_dags/example_params_ui_tutorial.py
[2024-08-05T00:16:45.608+0000] {processor.py:840} INFO - DAG(s) 'example_params_ui_tutorial' retrieved from /home/airflow/.local/lib/python3.12/site-packages/airflow/example_dags/example_params_ui_tutorial.py
[2024-08-05T00:16:45.659+0000] {logging_mixin.py:188} INFO - [2024-08-05T00:16:45.659+0000] {dag.py:3089} INFO - Sync 1 DAGs
[2024-08-05T00:16:45.671+0000] {logging_mixin.py:188} INFO - [2024-08-05T00:16:45.671+0000] {dag.py:3947} INFO - Setting next_dagrun for example_params_ui_tutorial to None, run_after=None
[2024-08-05T00:16:45.688+0000] {processor.py:183} INFO - Processing /home/airflow/.local/lib/python3.12/site-packages/airflow/example_dags/example_params_ui_tutorial.py took 0.095 seconds
[2024-08-05T00:17:15.922+0000] {processor.py:161} INFO - Started process (PID=24855) to work on /home/airflow/.local/lib/python3.12/site-packages/airflow/example_dags/example_params_ui_tutorial.py
[2024-08-05T00:17:15.922+0000] {processor.py:830} INFO - Processing file /home/airflow/.local/lib/python3.12/site-packages/airflow/example_dags/example_params_ui_tutorial.py for tasks to queue
[2024-08-05T00:17:15.924+0000] {logging_mixin.py:188} INFO - [2024-08-05T00:17:15.923+0000] {dagbag.py:545} INFO - Filling up the DagBag from /home/airflow/.local/lib/python3.12/site-packages/airflow/example_dags/example_params_ui_tutorial.py
[2024-08-05T00:17:15.930+0000] {processor.py:840} INFO - DAG(s) 'example_params_ui_tutorial' retrieved from /home/airflow/.local/lib/python3.12/site-packages/airflow/example_dags/example_params_ui_tutorial.py
[2024-08-05T00:17:15.981+0000] {logging_mixin.py:188} INFO - [2024-08-05T00:17:15.981+0000] {dag.py:3089} INFO - Sync 1 DAGs
[2024-08-05T00:17:15.992+0000] {logging_mixin.py:188} INFO - [2024-08-05T00:17:15.991+0000] {dag.py:3947} INFO - Setting next_dagrun for example_params_ui_tutorial to None, run_after=None
[2024-08-05T00:17:16.008+0000] {processor.py:183} INFO - Processing /home/airflow/.local/lib/python3.12/site-packages/airflow/example_dags/example_params_ui_tutorial.py took 0.092 seconds
[2024-08-05T00:17:46.251+0000] {processor.py:161} INFO - Started process (PID=25127) to work on /home/airflow/.local/lib/python3.12/site-packages/airflow/example_dags/example_params_ui_tutorial.py
[2024-08-05T00:17:46.252+0000] {processor.py:830} INFO - Processing file /home/airflow/.local/lib/python3.12/site-packages/airflow/example_dags/example_params_ui_tutorial.py for tasks to queue
[2024-08-05T00:17:46.253+0000] {logging_mixin.py:188} INFO - [2024-08-05T00:17:46.253+0000] {dagbag.py:545} INFO - Filling up the DagBag from /home/airflow/.local/lib/python3.12/site-packages/airflow/example_dags/example_params_ui_tutorial.py
[2024-08-05T00:17:46.259+0000] {processor.py:840} INFO - DAG(s) 'example_params_ui_tutorial' retrieved from /home/airflow/.local/lib/python3.12/site-packages/airflow/example_dags/example_params_ui_tutorial.py
[2024-08-05T00:17:46.308+0000] {logging_mixin.py:188} INFO - [2024-08-05T00:17:46.308+0000] {dag.py:3089} INFO - Sync 1 DAGs
[2024-08-05T00:17:46.319+0000] {logging_mixin.py:188} INFO - [2024-08-05T00:17:46.319+0000] {dag.py:3947} INFO - Setting next_dagrun for example_params_ui_tutorial to None, run_after=None
[2024-08-05T00:17:46.335+0000] {processor.py:183} INFO - Processing /home/airflow/.local/lib/python3.12/site-packages/airflow/example_dags/example_params_ui_tutorial.py took 0.089 seconds
[2024-08-05T00:18:16.540+0000] {processor.py:161} INFO - Started process (PID=25399) to work on /home/airflow/.local/lib/python3.12/site-packages/airflow/example_dags/example_params_ui_tutorial.py
[2024-08-05T00:18:16.541+0000] {processor.py:830} INFO - Processing file /home/airflow/.local/lib/python3.12/site-packages/airflow/example_dags/example_params_ui_tutorial.py for tasks to queue
[2024-08-05T00:18:16.542+0000] {logging_mixin.py:188} INFO - [2024-08-05T00:18:16.542+0000] {dagbag.py:545} INFO - Filling up the DagBag from /home/airflow/.local/lib/python3.12/site-packages/airflow/example_dags/example_params_ui_tutorial.py
[2024-08-05T00:18:16.549+0000] {processor.py:840} INFO - DAG(s) 'example_params_ui_tutorial' retrieved from /home/airflow/.local/lib/python3.12/site-packages/airflow/example_dags/example_params_ui_tutorial.py
[2024-08-05T00:18:16.599+0000] {logging_mixin.py:188} INFO - [2024-08-05T00:18:16.599+0000] {dag.py:3089} INFO - Sync 1 DAGs
[2024-08-05T00:18:16.610+0000] {logging_mixin.py:188} INFO - [2024-08-05T00:18:16.610+0000] {dag.py:3947} INFO - Setting next_dagrun for example_params_ui_tutorial to None, run_after=None
[2024-08-05T00:18:16.627+0000] {processor.py:183} INFO - Processing /home/airflow/.local/lib/python3.12/site-packages/airflow/example_dags/example_params_ui_tutorial.py took 0.092 seconds
[2024-08-05T00:18:46.683+0000] {processor.py:161} INFO - Started process (PID=25671) to work on /home/airflow/.local/lib/python3.12/site-packages/airflow/example_dags/example_params_ui_tutorial.py
[2024-08-05T00:18:46.684+0000] {processor.py:830} INFO - Processing file /home/airflow/.local/lib/python3.12/site-packages/airflow/example_dags/example_params_ui_tutorial.py for tasks to queue
[2024-08-05T00:18:46.685+0000] {logging_mixin.py:188} INFO - [2024-08-05T00:18:46.685+0000] {dagbag.py:545} INFO - Filling up the DagBag from /home/airflow/.local/lib/python3.12/site-packages/airflow/example_dags/example_params_ui_tutorial.py
[2024-08-05T00:18:46.691+0000] {processor.py:840} INFO - DAG(s) 'example_params_ui_tutorial' retrieved from /home/airflow/.local/lib/python3.12/site-packages/airflow/example_dags/example_params_ui_tutorial.py
[2024-08-05T00:18:46.739+0000] {logging_mixin.py:188} INFO - [2024-08-05T00:18:46.739+0000] {dag.py:3089} INFO - Sync 1 DAGs
[2024-08-05T00:18:46.751+0000] {logging_mixin.py:188} INFO - [2024-08-05T00:18:46.751+0000] {dag.py:3947} INFO - Setting next_dagrun for example_params_ui_tutorial to None, run_after=None
[2024-08-05T00:18:46.767+0000] {processor.py:183} INFO - Processing /home/airflow/.local/lib/python3.12/site-packages/airflow/example_dags/example_params_ui_tutorial.py took 0.089 seconds
[2024-08-05T00:19:16.899+0000] {processor.py:161} INFO - Started process (PID=25943) to work on /home/airflow/.local/lib/python3.12/site-packages/airflow/example_dags/example_params_ui_tutorial.py
[2024-08-05T00:19:16.900+0000] {processor.py:830} INFO - Processing file /home/airflow/.local/lib/python3.12/site-packages/airflow/example_dags/example_params_ui_tutorial.py for tasks to queue
[2024-08-05T00:19:16.902+0000] {logging_mixin.py:188} INFO - [2024-08-05T00:19:16.901+0000] {dagbag.py:545} INFO - Filling up the DagBag from /home/airflow/.local/lib/python3.12/site-packages/airflow/example_dags/example_params_ui_tutorial.py
[2024-08-05T00:19:16.908+0000] {processor.py:840} INFO - DAG(s) 'example_params_ui_tutorial' retrieved from /home/airflow/.local/lib/python3.12/site-packages/airflow/example_dags/example_params_ui_tutorial.py
[2024-08-05T00:19:16.990+0000] {logging_mixin.py:188} INFO - [2024-08-05T00:19:16.990+0000] {dag.py:3089} INFO - Sync 1 DAGs
[2024-08-05T00:19:17.019+0000] {logging_mixin.py:188} INFO - [2024-08-05T00:19:17.019+0000] {dag.py:3947} INFO - Setting next_dagrun for example_params_ui_tutorial to None, run_after=None
[2024-08-05T00:19:17.045+0000] {processor.py:183} INFO - Processing /home/airflow/.local/lib/python3.12/site-packages/airflow/example_dags/example_params_ui_tutorial.py took 0.150 seconds
[2024-08-05T00:19:47.189+0000] {processor.py:161} INFO - Started process (PID=26215) to work on /home/airflow/.local/lib/python3.12/site-packages/airflow/example_dags/example_params_ui_tutorial.py
[2024-08-05T00:19:47.190+0000] {processor.py:830} INFO - Processing file /home/airflow/.local/lib/python3.12/site-packages/airflow/example_dags/example_params_ui_tutorial.py for tasks to queue
[2024-08-05T00:19:47.192+0000] {logging_mixin.py:188} INFO - [2024-08-05T00:19:47.191+0000] {dagbag.py:545} INFO - Filling up the DagBag from /home/airflow/.local/lib/python3.12/site-packages/airflow/example_dags/example_params_ui_tutorial.py
[2024-08-05T00:19:47.197+0000] {processor.py:840} INFO - DAG(s) 'example_params_ui_tutorial' retrieved from /home/airflow/.local/lib/python3.12/site-packages/airflow/example_dags/example_params_ui_tutorial.py
[2024-08-05T00:19:47.250+0000] {logging_mixin.py:188} INFO - [2024-08-05T00:19:47.250+0000] {dag.py:3089} INFO - Sync 1 DAGs
[2024-08-05T00:19:47.264+0000] {logging_mixin.py:188} INFO - [2024-08-05T00:19:47.263+0000] {dag.py:3947} INFO - Setting next_dagrun for example_params_ui_tutorial to None, run_after=None
[2024-08-05T00:19:47.280+0000] {processor.py:183} INFO - Processing /home/airflow/.local/lib/python3.12/site-packages/airflow/example_dags/example_params_ui_tutorial.py took 0.097 seconds
[2024-08-05T00:20:17.438+0000] {processor.py:161} INFO - Started process (PID=26496) to work on /home/airflow/.local/lib/python3.12/site-packages/airflow/example_dags/example_params_ui_tutorial.py
[2024-08-05T00:20:17.439+0000] {processor.py:830} INFO - Processing file /home/airflow/.local/lib/python3.12/site-packages/airflow/example_dags/example_params_ui_tutorial.py for tasks to queue
[2024-08-05T00:20:17.441+0000] {logging_mixin.py:188} INFO - [2024-08-05T00:20:17.440+0000] {dagbag.py:545} INFO - Filling up the DagBag from /home/airflow/.local/lib/python3.12/site-packages/airflow/example_dags/example_params_ui_tutorial.py
[2024-08-05T00:20:17.449+0000] {processor.py:840} INFO - DAG(s) 'example_params_ui_tutorial' retrieved from /home/airflow/.local/lib/python3.12/site-packages/airflow/example_dags/example_params_ui_tutorial.py
[2024-08-05T00:20:17.501+0000] {logging_mixin.py:188} INFO - [2024-08-05T00:20:17.501+0000] {dag.py:3089} INFO - Sync 1 DAGs
[2024-08-05T00:20:17.514+0000] {logging_mixin.py:188} INFO - [2024-08-05T00:20:17.514+0000] {dag.py:3947} INFO - Setting next_dagrun for example_params_ui_tutorial to None, run_after=None
[2024-08-05T00:20:17.531+0000] {processor.py:183} INFO - Processing /home/airflow/.local/lib/python3.12/site-packages/airflow/example_dags/example_params_ui_tutorial.py took 0.098 seconds
[2024-08-05T00:20:47.980+0000] {processor.py:161} INFO - Started process (PID=26768) to work on /home/airflow/.local/lib/python3.12/site-packages/airflow/example_dags/example_params_ui_tutorial.py
[2024-08-05T00:20:47.981+0000] {processor.py:830} INFO - Processing file /home/airflow/.local/lib/python3.12/site-packages/airflow/example_dags/example_params_ui_tutorial.py for tasks to queue
[2024-08-05T00:20:47.982+0000] {logging_mixin.py:188} INFO - [2024-08-05T00:20:47.982+0000] {dagbag.py:545} INFO - Filling up the DagBag from /home/airflow/.local/lib/python3.12/site-packages/airflow/example_dags/example_params_ui_tutorial.py
[2024-08-05T00:20:47.990+0000] {processor.py:840} INFO - DAG(s) 'example_params_ui_tutorial' retrieved from /home/airflow/.local/lib/python3.12/site-packages/airflow/example_dags/example_params_ui_tutorial.py
[2024-08-05T00:20:48.042+0000] {logging_mixin.py:188} INFO - [2024-08-05T00:20:48.042+0000] {dag.py:3089} INFO - Sync 1 DAGs
[2024-08-05T00:20:48.053+0000] {logging_mixin.py:188} INFO - [2024-08-05T00:20:48.052+0000] {dag.py:3947} INFO - Setting next_dagrun for example_params_ui_tutorial to None, run_after=None
[2024-08-05T00:20:48.069+0000] {processor.py:183} INFO - Processing /home/airflow/.local/lib/python3.12/site-packages/airflow/example_dags/example_params_ui_tutorial.py took 0.094 seconds
[2024-08-05T00:21:18.482+0000] {processor.py:161} INFO - Started process (PID=27040) to work on /home/airflow/.local/lib/python3.12/site-packages/airflow/example_dags/example_params_ui_tutorial.py
[2024-08-05T00:21:18.483+0000] {processor.py:830} INFO - Processing file /home/airflow/.local/lib/python3.12/site-packages/airflow/example_dags/example_params_ui_tutorial.py for tasks to queue
[2024-08-05T00:21:18.485+0000] {logging_mixin.py:188} INFO - [2024-08-05T00:21:18.484+0000] {dagbag.py:545} INFO - Filling up the DagBag from /home/airflow/.local/lib/python3.12/site-packages/airflow/example_dags/example_params_ui_tutorial.py
[2024-08-05T00:21:18.491+0000] {processor.py:840} INFO - DAG(s) 'example_params_ui_tutorial' retrieved from /home/airflow/.local/lib/python3.12/site-packages/airflow/example_dags/example_params_ui_tutorial.py
[2024-08-05T00:21:18.546+0000] {logging_mixin.py:188} INFO - [2024-08-05T00:21:18.546+0000] {dag.py:3089} INFO - Sync 1 DAGs
[2024-08-05T00:21:18.558+0000] {logging_mixin.py:188} INFO - [2024-08-05T00:21:18.558+0000] {dag.py:3947} INFO - Setting next_dagrun for example_params_ui_tutorial to None, run_after=None
[2024-08-05T00:21:18.582+0000] {processor.py:183} INFO - Processing /home/airflow/.local/lib/python3.12/site-packages/airflow/example_dags/example_params_ui_tutorial.py took 0.105 seconds
[2024-08-05T00:21:48.987+0000] {processor.py:161} INFO - Started process (PID=27312) to work on /home/airflow/.local/lib/python3.12/site-packages/airflow/example_dags/example_params_ui_tutorial.py
[2024-08-05T00:21:48.988+0000] {processor.py:830} INFO - Processing file /home/airflow/.local/lib/python3.12/site-packages/airflow/example_dags/example_params_ui_tutorial.py for tasks to queue
[2024-08-05T00:21:48.989+0000] {logging_mixin.py:188} INFO - [2024-08-05T00:21:48.989+0000] {dagbag.py:545} INFO - Filling up the DagBag from /home/airflow/.local/lib/python3.12/site-packages/airflow/example_dags/example_params_ui_tutorial.py
[2024-08-05T00:21:48.995+0000] {processor.py:840} INFO - DAG(s) 'example_params_ui_tutorial' retrieved from /home/airflow/.local/lib/python3.12/site-packages/airflow/example_dags/example_params_ui_tutorial.py
[2024-08-05T00:21:49.044+0000] {logging_mixin.py:188} INFO - [2024-08-05T00:21:49.044+0000] {dag.py:3089} INFO - Sync 1 DAGs
[2024-08-05T00:21:49.057+0000] {logging_mixin.py:188} INFO - [2024-08-05T00:21:49.056+0000] {dag.py:3947} INFO - Setting next_dagrun for example_params_ui_tutorial to None, run_after=None
[2024-08-05T00:21:49.073+0000] {processor.py:183} INFO - Processing /home/airflow/.local/lib/python3.12/site-packages/airflow/example_dags/example_params_ui_tutorial.py took 0.092 seconds
[2024-08-05T00:22:19.294+0000] {processor.py:161} INFO - Started process (PID=27584) to work on /home/airflow/.local/lib/python3.12/site-packages/airflow/example_dags/example_params_ui_tutorial.py
[2024-08-05T00:22:19.295+0000] {processor.py:830} INFO - Processing file /home/airflow/.local/lib/python3.12/site-packages/airflow/example_dags/example_params_ui_tutorial.py for tasks to queue
[2024-08-05T00:22:19.296+0000] {logging_mixin.py:188} INFO - [2024-08-05T00:22:19.296+0000] {dagbag.py:545} INFO - Filling up the DagBag from /home/airflow/.local/lib/python3.12/site-packages/airflow/example_dags/example_params_ui_tutorial.py
[2024-08-05T00:22:19.303+0000] {processor.py:840} INFO - DAG(s) 'example_params_ui_tutorial' retrieved from /home/airflow/.local/lib/python3.12/site-packages/airflow/example_dags/example_params_ui_tutorial.py
[2024-08-05T00:22:19.350+0000] {logging_mixin.py:188} INFO - [2024-08-05T00:22:19.350+0000] {dag.py:3089} INFO - Sync 1 DAGs
[2024-08-05T00:22:19.362+0000] {logging_mixin.py:188} INFO - [2024-08-05T00:22:19.362+0000] {dag.py:3947} INFO - Setting next_dagrun for example_params_ui_tutorial to None, run_after=None
[2024-08-05T00:22:19.379+0000] {processor.py:183} INFO - Processing /home/airflow/.local/lib/python3.12/site-packages/airflow/example_dags/example_params_ui_tutorial.py took 0.090 seconds
[2024-08-05T00:22:49.549+0000] {processor.py:161} INFO - Started process (PID=27856) to work on /home/airflow/.local/lib/python3.12/site-packages/airflow/example_dags/example_params_ui_tutorial.py
[2024-08-05T00:22:49.550+0000] {processor.py:830} INFO - Processing file /home/airflow/.local/lib/python3.12/site-packages/airflow/example_dags/example_params_ui_tutorial.py for tasks to queue
[2024-08-05T00:22:49.551+0000] {logging_mixin.py:188} INFO - [2024-08-05T00:22:49.551+0000] {dagbag.py:545} INFO - Filling up the DagBag from /home/airflow/.local/lib/python3.12/site-packages/airflow/example_dags/example_params_ui_tutorial.py
[2024-08-05T00:22:49.558+0000] {processor.py:840} INFO - DAG(s) 'example_params_ui_tutorial' retrieved from /home/airflow/.local/lib/python3.12/site-packages/airflow/example_dags/example_params_ui_tutorial.py
[2024-08-05T00:22:49.603+0000] {logging_mixin.py:188} INFO - [2024-08-05T00:22:49.603+0000] {dag.py:3089} INFO - Sync 1 DAGs
[2024-08-05T00:22:49.614+0000] {logging_mixin.py:188} INFO - [2024-08-05T00:22:49.613+0000] {dag.py:3947} INFO - Setting next_dagrun for example_params_ui_tutorial to None, run_after=None
[2024-08-05T00:22:49.629+0000] {processor.py:183} INFO - Processing /home/airflow/.local/lib/python3.12/site-packages/airflow/example_dags/example_params_ui_tutorial.py took 0.085 seconds
[2024-08-05T00:23:20.167+0000] {processor.py:161} INFO - Started process (PID=28128) to work on /home/airflow/.local/lib/python3.12/site-packages/airflow/example_dags/example_params_ui_tutorial.py
[2024-08-05T00:23:20.168+0000] {processor.py:830} INFO - Processing file /home/airflow/.local/lib/python3.12/site-packages/airflow/example_dags/example_params_ui_tutorial.py for tasks to queue
[2024-08-05T00:23:20.170+0000] {logging_mixin.py:188} INFO - [2024-08-05T00:23:20.170+0000] {dagbag.py:545} INFO - Filling up the DagBag from /home/airflow/.local/lib/python3.12/site-packages/airflow/example_dags/example_params_ui_tutorial.py
[2024-08-05T00:23:20.177+0000] {processor.py:840} INFO - DAG(s) 'example_params_ui_tutorial' retrieved from /home/airflow/.local/lib/python3.12/site-packages/airflow/example_dags/example_params_ui_tutorial.py
[2024-08-05T00:23:20.232+0000] {logging_mixin.py:188} INFO - [2024-08-05T00:23:20.232+0000] {dag.py:3089} INFO - Sync 1 DAGs
[2024-08-05T00:23:20.245+0000] {logging_mixin.py:188} INFO - [2024-08-05T00:23:20.245+0000] {dag.py:3947} INFO - Setting next_dagrun for example_params_ui_tutorial to None, run_after=None
[2024-08-05T00:23:20.263+0000] {processor.py:183} INFO - Processing /home/airflow/.local/lib/python3.12/site-packages/airflow/example_dags/example_params_ui_tutorial.py took 0.102 seconds
[2024-08-05T00:23:50.608+0000] {processor.py:161} INFO - Started process (PID=28400) to work on /home/airflow/.local/lib/python3.12/site-packages/airflow/example_dags/example_params_ui_tutorial.py
[2024-08-05T00:23:50.609+0000] {processor.py:830} INFO - Processing file /home/airflow/.local/lib/python3.12/site-packages/airflow/example_dags/example_params_ui_tutorial.py for tasks to queue
[2024-08-05T00:23:50.611+0000] {logging_mixin.py:188} INFO - [2024-08-05T00:23:50.610+0000] {dagbag.py:545} INFO - Filling up the DagBag from /home/airflow/.local/lib/python3.12/site-packages/airflow/example_dags/example_params_ui_tutorial.py
[2024-08-05T00:23:50.617+0000] {processor.py:840} INFO - DAG(s) 'example_params_ui_tutorial' retrieved from /home/airflow/.local/lib/python3.12/site-packages/airflow/example_dags/example_params_ui_tutorial.py
[2024-08-05T00:23:50.666+0000] {logging_mixin.py:188} INFO - [2024-08-05T00:23:50.666+0000] {dag.py:3089} INFO - Sync 1 DAGs
[2024-08-05T00:23:50.676+0000] {logging_mixin.py:188} INFO - [2024-08-05T00:23:50.676+0000] {dag.py:3947} INFO - Setting next_dagrun for example_params_ui_tutorial to None, run_after=None
[2024-08-05T00:23:50.692+0000] {processor.py:183} INFO - Processing /home/airflow/.local/lib/python3.12/site-packages/airflow/example_dags/example_params_ui_tutorial.py took 0.089 seconds
[2024-08-05T00:24:21.239+0000] {processor.py:161} INFO - Started process (PID=28672) to work on /home/airflow/.local/lib/python3.12/site-packages/airflow/example_dags/example_params_ui_tutorial.py
[2024-08-05T00:24:21.240+0000] {processor.py:830} INFO - Processing file /home/airflow/.local/lib/python3.12/site-packages/airflow/example_dags/example_params_ui_tutorial.py for tasks to queue
[2024-08-05T00:24:21.241+0000] {logging_mixin.py:188} INFO - [2024-08-05T00:24:21.241+0000] {dagbag.py:545} INFO - Filling up the DagBag from /home/airflow/.local/lib/python3.12/site-packages/airflow/example_dags/example_params_ui_tutorial.py
[2024-08-05T00:24:21.247+0000] {processor.py:840} INFO - DAG(s) 'example_params_ui_tutorial' retrieved from /home/airflow/.local/lib/python3.12/site-packages/airflow/example_dags/example_params_ui_tutorial.py
[2024-08-05T00:24:21.290+0000] {logging_mixin.py:188} INFO - [2024-08-05T00:24:21.290+0000] {dag.py:3089} INFO - Sync 1 DAGs
[2024-08-05T00:24:21.300+0000] {logging_mixin.py:188} INFO - [2024-08-05T00:24:21.300+0000] {dag.py:3947} INFO - Setting next_dagrun for example_params_ui_tutorial to None, run_after=None
[2024-08-05T00:24:21.313+0000] {processor.py:183} INFO - Processing /home/airflow/.local/lib/python3.12/site-packages/airflow/example_dags/example_params_ui_tutorial.py took 0.079 seconds
[2024-08-05T00:24:51.837+0000] {processor.py:161} INFO - Started process (PID=28944) to work on /home/airflow/.local/lib/python3.12/site-packages/airflow/example_dags/example_params_ui_tutorial.py
[2024-08-05T00:24:51.838+0000] {processor.py:830} INFO - Processing file /home/airflow/.local/lib/python3.12/site-packages/airflow/example_dags/example_params_ui_tutorial.py for tasks to queue
[2024-08-05T00:24:51.839+0000] {logging_mixin.py:188} INFO - [2024-08-05T00:24:51.839+0000] {dagbag.py:545} INFO - Filling up the DagBag from /home/airflow/.local/lib/python3.12/site-packages/airflow/example_dags/example_params_ui_tutorial.py
[2024-08-05T00:24:51.844+0000] {processor.py:840} INFO - DAG(s) 'example_params_ui_tutorial' retrieved from /home/airflow/.local/lib/python3.12/site-packages/airflow/example_dags/example_params_ui_tutorial.py
[2024-08-05T00:24:51.888+0000] {logging_mixin.py:188} INFO - [2024-08-05T00:24:51.888+0000] {dag.py:3089} INFO - Sync 1 DAGs
[2024-08-05T00:24:51.900+0000] {logging_mixin.py:188} INFO - [2024-08-05T00:24:51.900+0000] {dag.py:3947} INFO - Setting next_dagrun for example_params_ui_tutorial to None, run_after=None
[2024-08-05T00:24:51.916+0000] {processor.py:183} INFO - Processing /home/airflow/.local/lib/python3.12/site-packages/airflow/example_dags/example_params_ui_tutorial.py took 0.083 seconds
