[2024-08-05T00:00:28.293+0000] {processor.py:161} INFO - Started process (PID=15771) to work on /home/airflow/.local/lib/python3.12/site-packages/airflow/example_dags/example_branch_day_of_week_operator.py
[2024-08-05T00:00:28.294+0000] {processor.py:830} INFO - Processing file /home/airflow/.local/lib/python3.12/site-packages/airflow/example_dags/example_branch_day_of_week_operator.py for tasks to queue
[2024-08-05T00:00:28.295+0000] {logging_mixin.py:188} INFO - [2024-08-05T00:00:28.295+0000] {dagbag.py:545} INFO - Filling up the DagBag from /home/airflow/.local/lib/python3.12/site-packages/airflow/example_dags/example_branch_day_of_week_operator.py
[2024-08-05T00:00:28.301+0000] {processor.py:840} INFO - DAG(s) 'example_weekday_branch_operator' retrieved from /home/airflow/.local/lib/python3.12/site-packages/airflow/example_dags/example_branch_day_of_week_operator.py
[2024-08-05T00:00:28.321+0000] {logging_mixin.py:188} INFO - [2024-08-05T00:00:28.321+0000] {dag.py:3089} INFO - Sync 1 DAGs
[2024-08-05T00:00:28.342+0000] {logging_mixin.py:188} INFO - [2024-08-05T00:00:28.342+0000] {dag.py:3947} INFO - Setting next_dagrun for example_weekday_branch_operator to 2024-08-04 00:00:00+00:00, run_after=2024-08-05 00:00:00+00:00
[2024-08-05T00:00:28.358+0000] {processor.py:183} INFO - Processing /home/airflow/.local/lib/python3.12/site-packages/airflow/example_dags/example_branch_day_of_week_operator.py took 0.071 seconds
[2024-08-05T00:00:59.013+0000] {processor.py:161} INFO - Started process (PID=16043) to work on /home/airflow/.local/lib/python3.12/site-packages/airflow/example_dags/example_branch_day_of_week_operator.py
[2024-08-05T00:00:59.014+0000] {processor.py:830} INFO - Processing file /home/airflow/.local/lib/python3.12/site-packages/airflow/example_dags/example_branch_day_of_week_operator.py for tasks to queue
[2024-08-05T00:00:59.015+0000] {logging_mixin.py:188} INFO - [2024-08-05T00:00:59.015+0000] {dagbag.py:545} INFO - Filling up the DagBag from /home/airflow/.local/lib/python3.12/site-packages/airflow/example_dags/example_branch_day_of_week_operator.py
[2024-08-05T00:00:59.023+0000] {processor.py:840} INFO - DAG(s) 'example_weekday_branch_operator' retrieved from /home/airflow/.local/lib/python3.12/site-packages/airflow/example_dags/example_branch_day_of_week_operator.py
[2024-08-05T00:00:59.042+0000] {logging_mixin.py:188} INFO - [2024-08-05T00:00:59.042+0000] {dag.py:3089} INFO - Sync 1 DAGs
[2024-08-05T00:00:59.063+0000] {logging_mixin.py:188} INFO - [2024-08-05T00:00:59.063+0000] {dag.py:3947} INFO - Setting next_dagrun for example_weekday_branch_operator to 2024-08-04 00:00:00+00:00, run_after=2024-08-05 00:00:00+00:00
[2024-08-05T00:00:59.079+0000] {processor.py:183} INFO - Processing /home/airflow/.local/lib/python3.12/site-packages/airflow/example_dags/example_branch_day_of_week_operator.py took 0.071 seconds
[2024-08-05T00:01:29.258+0000] {processor.py:161} INFO - Started process (PID=16317) to work on /home/airflow/.local/lib/python3.12/site-packages/airflow/example_dags/example_branch_day_of_week_operator.py
[2024-08-05T00:01:29.259+0000] {processor.py:830} INFO - Processing file /home/airflow/.local/lib/python3.12/site-packages/airflow/example_dags/example_branch_day_of_week_operator.py for tasks to queue
[2024-08-05T00:01:29.260+0000] {logging_mixin.py:188} INFO - [2024-08-05T00:01:29.260+0000] {dagbag.py:545} INFO - Filling up the DagBag from /home/airflow/.local/lib/python3.12/site-packages/airflow/example_dags/example_branch_day_of_week_operator.py
[2024-08-05T00:01:29.266+0000] {processor.py:840} INFO - DAG(s) 'example_weekday_branch_operator' retrieved from /home/airflow/.local/lib/python3.12/site-packages/airflow/example_dags/example_branch_day_of_week_operator.py
[2024-08-05T00:01:29.287+0000] {logging_mixin.py:188} INFO - [2024-08-05T00:01:29.287+0000] {dag.py:3089} INFO - Sync 1 DAGs
[2024-08-05T00:01:29.307+0000] {logging_mixin.py:188} INFO - [2024-08-05T00:01:29.307+0000] {dag.py:3947} INFO - Setting next_dagrun for example_weekday_branch_operator to 2024-08-04 00:00:00+00:00, run_after=2024-08-05 00:00:00+00:00
[2024-08-05T00:01:29.323+0000] {processor.py:183} INFO - Processing /home/airflow/.local/lib/python3.12/site-packages/airflow/example_dags/example_branch_day_of_week_operator.py took 0.070 seconds
[2024-08-05T00:01:59.426+0000] {processor.py:161} INFO - Started process (PID=16589) to work on /home/airflow/.local/lib/python3.12/site-packages/airflow/example_dags/example_branch_day_of_week_operator.py
[2024-08-05T00:01:59.426+0000] {processor.py:830} INFO - Processing file /home/airflow/.local/lib/python3.12/site-packages/airflow/example_dags/example_branch_day_of_week_operator.py for tasks to queue
[2024-08-05T00:01:59.428+0000] {logging_mixin.py:188} INFO - [2024-08-05T00:01:59.428+0000] {dagbag.py:545} INFO - Filling up the DagBag from /home/airflow/.local/lib/python3.12/site-packages/airflow/example_dags/example_branch_day_of_week_operator.py
[2024-08-05T00:01:59.434+0000] {processor.py:840} INFO - DAG(s) 'example_weekday_branch_operator' retrieved from /home/airflow/.local/lib/python3.12/site-packages/airflow/example_dags/example_branch_day_of_week_operator.py
[2024-08-05T00:01:59.455+0000] {logging_mixin.py:188} INFO - [2024-08-05T00:01:59.455+0000] {dag.py:3089} INFO - Sync 1 DAGs
[2024-08-05T00:01:59.475+0000] {logging_mixin.py:188} INFO - [2024-08-05T00:01:59.475+0000] {dag.py:3947} INFO - Setting next_dagrun for example_weekday_branch_operator to 2024-08-04 00:00:00+00:00, run_after=2024-08-05 00:00:00+00:00
[2024-08-05T00:01:59.491+0000] {processor.py:183} INFO - Processing /home/airflow/.local/lib/python3.12/site-packages/airflow/example_dags/example_branch_day_of_week_operator.py took 0.070 seconds
[2024-08-05T00:02:29.572+0000] {processor.py:161} INFO - Started process (PID=16859) to work on /home/airflow/.local/lib/python3.12/site-packages/airflow/example_dags/example_branch_day_of_week_operator.py
[2024-08-05T00:02:29.573+0000] {processor.py:830} INFO - Processing file /home/airflow/.local/lib/python3.12/site-packages/airflow/example_dags/example_branch_day_of_week_operator.py for tasks to queue
[2024-08-05T00:02:29.575+0000] {logging_mixin.py:188} INFO - [2024-08-05T00:02:29.574+0000] {dagbag.py:545} INFO - Filling up the DagBag from /home/airflow/.local/lib/python3.12/site-packages/airflow/example_dags/example_branch_day_of_week_operator.py
[2024-08-05T00:02:29.580+0000] {processor.py:840} INFO - DAG(s) 'example_weekday_branch_operator' retrieved from /home/airflow/.local/lib/python3.12/site-packages/airflow/example_dags/example_branch_day_of_week_operator.py
[2024-08-05T00:02:29.599+0000] {logging_mixin.py:188} INFO - [2024-08-05T00:02:29.599+0000] {dag.py:3089} INFO - Sync 1 DAGs
[2024-08-05T00:02:29.620+0000] {logging_mixin.py:188} INFO - [2024-08-05T00:02:29.619+0000] {dag.py:3947} INFO - Setting next_dagrun for example_weekday_branch_operator to 2024-08-04 00:00:00+00:00, run_after=2024-08-05 00:00:00+00:00
[2024-08-05T00:02:29.637+0000] {processor.py:183} INFO - Processing /home/airflow/.local/lib/python3.12/site-packages/airflow/example_dags/example_branch_day_of_week_operator.py took 0.070 seconds
[2024-08-05T00:02:59.852+0000] {processor.py:161} INFO - Started process (PID=17131) to work on /home/airflow/.local/lib/python3.12/site-packages/airflow/example_dags/example_branch_day_of_week_operator.py
[2024-08-05T00:02:59.853+0000] {processor.py:830} INFO - Processing file /home/airflow/.local/lib/python3.12/site-packages/airflow/example_dags/example_branch_day_of_week_operator.py for tasks to queue
[2024-08-05T00:02:59.854+0000] {logging_mixin.py:188} INFO - [2024-08-05T00:02:59.854+0000] {dagbag.py:545} INFO - Filling up the DagBag from /home/airflow/.local/lib/python3.12/site-packages/airflow/example_dags/example_branch_day_of_week_operator.py
[2024-08-05T00:02:59.860+0000] {processor.py:840} INFO - DAG(s) 'example_weekday_branch_operator' retrieved from /home/airflow/.local/lib/python3.12/site-packages/airflow/example_dags/example_branch_day_of_week_operator.py
[2024-08-05T00:02:59.879+0000] {logging_mixin.py:188} INFO - [2024-08-05T00:02:59.879+0000] {dag.py:3089} INFO - Sync 1 DAGs
[2024-08-05T00:02:59.901+0000] {logging_mixin.py:188} INFO - [2024-08-05T00:02:59.901+0000] {dag.py:3947} INFO - Setting next_dagrun for example_weekday_branch_operator to 2024-08-04 00:00:00+00:00, run_after=2024-08-05 00:00:00+00:00
[2024-08-05T00:02:59.918+0000] {processor.py:183} INFO - Processing /home/airflow/.local/lib/python3.12/site-packages/airflow/example_dags/example_branch_day_of_week_operator.py took 0.072 seconds
[2024-08-05T00:03:30.244+0000] {processor.py:161} INFO - Started process (PID=17403) to work on /home/airflow/.local/lib/python3.12/site-packages/airflow/example_dags/example_branch_day_of_week_operator.py
[2024-08-05T00:03:30.245+0000] {processor.py:830} INFO - Processing file /home/airflow/.local/lib/python3.12/site-packages/airflow/example_dags/example_branch_day_of_week_operator.py for tasks to queue
[2024-08-05T00:03:30.246+0000] {logging_mixin.py:188} INFO - [2024-08-05T00:03:30.246+0000] {dagbag.py:545} INFO - Filling up the DagBag from /home/airflow/.local/lib/python3.12/site-packages/airflow/example_dags/example_branch_day_of_week_operator.py
[2024-08-05T00:03:30.253+0000] {processor.py:840} INFO - DAG(s) 'example_weekday_branch_operator' retrieved from /home/airflow/.local/lib/python3.12/site-packages/airflow/example_dags/example_branch_day_of_week_operator.py
[2024-08-05T00:03:30.274+0000] {logging_mixin.py:188} INFO - [2024-08-05T00:03:30.274+0000] {dag.py:3089} INFO - Sync 1 DAGs
[2024-08-05T00:03:30.295+0000] {logging_mixin.py:188} INFO - [2024-08-05T00:03:30.295+0000] {dag.py:3947} INFO - Setting next_dagrun for example_weekday_branch_operator to 2024-08-04 00:00:00+00:00, run_after=2024-08-05 00:00:00+00:00
[2024-08-05T00:03:30.316+0000] {processor.py:183} INFO - Processing /home/airflow/.local/lib/python3.12/site-packages/airflow/example_dags/example_branch_day_of_week_operator.py took 0.076 seconds
[2024-08-05T00:04:00.431+0000] {processor.py:161} INFO - Started process (PID=17675) to work on /home/airflow/.local/lib/python3.12/site-packages/airflow/example_dags/example_branch_day_of_week_operator.py
[2024-08-05T00:04:00.432+0000] {processor.py:830} INFO - Processing file /home/airflow/.local/lib/python3.12/site-packages/airflow/example_dags/example_branch_day_of_week_operator.py for tasks to queue
[2024-08-05T00:04:00.434+0000] {logging_mixin.py:188} INFO - [2024-08-05T00:04:00.433+0000] {dagbag.py:545} INFO - Filling up the DagBag from /home/airflow/.local/lib/python3.12/site-packages/airflow/example_dags/example_branch_day_of_week_operator.py
[2024-08-05T00:04:00.440+0000] {processor.py:840} INFO - DAG(s) 'example_weekday_branch_operator' retrieved from /home/airflow/.local/lib/python3.12/site-packages/airflow/example_dags/example_branch_day_of_week_operator.py
[2024-08-05T00:04:00.461+0000] {logging_mixin.py:188} INFO - [2024-08-05T00:04:00.461+0000] {dag.py:3089} INFO - Sync 1 DAGs
[2024-08-05T00:04:00.485+0000] {logging_mixin.py:188} INFO - [2024-08-05T00:04:00.485+0000] {dag.py:3947} INFO - Setting next_dagrun for example_weekday_branch_operator to 2024-08-04 00:00:00+00:00, run_after=2024-08-05 00:00:00+00:00
[2024-08-05T00:04:00.504+0000] {processor.py:183} INFO - Processing /home/airflow/.local/lib/python3.12/site-packages/airflow/example_dags/example_branch_day_of_week_operator.py took 0.078 seconds
[2024-08-05T00:04:31.336+0000] {processor.py:161} INFO - Started process (PID=17941) to work on /home/airflow/.local/lib/python3.12/site-packages/airflow/example_dags/example_branch_day_of_week_operator.py
[2024-08-05T00:04:31.337+0000] {processor.py:830} INFO - Processing file /home/airflow/.local/lib/python3.12/site-packages/airflow/example_dags/example_branch_day_of_week_operator.py for tasks to queue
[2024-08-05T00:04:31.338+0000] {logging_mixin.py:188} INFO - [2024-08-05T00:04:31.338+0000] {dagbag.py:545} INFO - Filling up the DagBag from /home/airflow/.local/lib/python3.12/site-packages/airflow/example_dags/example_branch_day_of_week_operator.py
[2024-08-05T00:04:31.344+0000] {processor.py:840} INFO - DAG(s) 'example_weekday_branch_operator' retrieved from /home/airflow/.local/lib/python3.12/site-packages/airflow/example_dags/example_branch_day_of_week_operator.py
[2024-08-05T00:04:31.366+0000] {logging_mixin.py:188} INFO - [2024-08-05T00:04:31.366+0000] {dag.py:3089} INFO - Sync 1 DAGs
[2024-08-05T00:04:31.389+0000] {logging_mixin.py:188} INFO - [2024-08-05T00:04:31.389+0000] {dag.py:3947} INFO - Setting next_dagrun for example_weekday_branch_operator to 2024-08-04 00:00:00+00:00, run_after=2024-08-05 00:00:00+00:00
[2024-08-05T00:04:31.407+0000] {processor.py:183} INFO - Processing /home/airflow/.local/lib/python3.12/site-packages/airflow/example_dags/example_branch_day_of_week_operator.py took 0.077 seconds
[2024-08-05T00:05:01.624+0000] {processor.py:161} INFO - Started process (PID=18213) to work on /home/airflow/.local/lib/python3.12/site-packages/airflow/example_dags/example_branch_day_of_week_operator.py
[2024-08-05T00:05:01.625+0000] {processor.py:830} INFO - Processing file /home/airflow/.local/lib/python3.12/site-packages/airflow/example_dags/example_branch_day_of_week_operator.py for tasks to queue
[2024-08-05T00:05:01.627+0000] {logging_mixin.py:188} INFO - [2024-08-05T00:05:01.626+0000] {dagbag.py:545} INFO - Filling up the DagBag from /home/airflow/.local/lib/python3.12/site-packages/airflow/example_dags/example_branch_day_of_week_operator.py
[2024-08-05T00:05:01.633+0000] {processor.py:840} INFO - DAG(s) 'example_weekday_branch_operator' retrieved from /home/airflow/.local/lib/python3.12/site-packages/airflow/example_dags/example_branch_day_of_week_operator.py
[2024-08-05T00:05:01.654+0000] {logging_mixin.py:188} INFO - [2024-08-05T00:05:01.654+0000] {dag.py:3089} INFO - Sync 1 DAGs
[2024-08-05T00:05:01.675+0000] {logging_mixin.py:188} INFO - [2024-08-05T00:05:01.675+0000] {dag.py:3947} INFO - Setting next_dagrun for example_weekday_branch_operator to 2024-08-04 00:00:00+00:00, run_after=2024-08-05 00:00:00+00:00
[2024-08-05T00:05:01.693+0000] {processor.py:183} INFO - Processing /home/airflow/.local/lib/python3.12/site-packages/airflow/example_dags/example_branch_day_of_week_operator.py took 0.074 seconds
[2024-08-05T00:05:31.848+0000] {processor.py:161} INFO - Started process (PID=18485) to work on /home/airflow/.local/lib/python3.12/site-packages/airflow/example_dags/example_branch_day_of_week_operator.py
[2024-08-05T00:05:31.849+0000] {processor.py:830} INFO - Processing file /home/airflow/.local/lib/python3.12/site-packages/airflow/example_dags/example_branch_day_of_week_operator.py for tasks to queue
[2024-08-05T00:05:31.850+0000] {logging_mixin.py:188} INFO - [2024-08-05T00:05:31.850+0000] {dagbag.py:545} INFO - Filling up the DagBag from /home/airflow/.local/lib/python3.12/site-packages/airflow/example_dags/example_branch_day_of_week_operator.py
[2024-08-05T00:05:31.857+0000] {processor.py:840} INFO - DAG(s) 'example_weekday_branch_operator' retrieved from /home/airflow/.local/lib/python3.12/site-packages/airflow/example_dags/example_branch_day_of_week_operator.py
[2024-08-05T00:05:31.877+0000] {logging_mixin.py:188} INFO - [2024-08-05T00:05:31.877+0000] {dag.py:3089} INFO - Sync 1 DAGs
[2024-08-05T00:05:31.898+0000] {logging_mixin.py:188} INFO - [2024-08-05T00:05:31.898+0000] {dag.py:3947} INFO - Setting next_dagrun for example_weekday_branch_operator to 2024-08-04 00:00:00+00:00, run_after=2024-08-05 00:00:00+00:00
[2024-08-05T00:05:31.917+0000] {processor.py:183} INFO - Processing /home/airflow/.local/lib/python3.12/site-packages/airflow/example_dags/example_branch_day_of_week_operator.py took 0.075 seconds
[2024-08-05T00:06:02.159+0000] {processor.py:161} INFO - Started process (PID=18757) to work on /home/airflow/.local/lib/python3.12/site-packages/airflow/example_dags/example_branch_day_of_week_operator.py
[2024-08-05T00:06:02.160+0000] {processor.py:830} INFO - Processing file /home/airflow/.local/lib/python3.12/site-packages/airflow/example_dags/example_branch_day_of_week_operator.py for tasks to queue
[2024-08-05T00:06:02.162+0000] {logging_mixin.py:188} INFO - [2024-08-05T00:06:02.162+0000] {dagbag.py:545} INFO - Filling up the DagBag from /home/airflow/.local/lib/python3.12/site-packages/airflow/example_dags/example_branch_day_of_week_operator.py
[2024-08-05T00:06:02.169+0000] {processor.py:840} INFO - DAG(s) 'example_weekday_branch_operator' retrieved from /home/airflow/.local/lib/python3.12/site-packages/airflow/example_dags/example_branch_day_of_week_operator.py
[2024-08-05T00:06:02.192+0000] {logging_mixin.py:188} INFO - [2024-08-05T00:06:02.192+0000] {dag.py:3089} INFO - Sync 1 DAGs
[2024-08-05T00:06:02.215+0000] {logging_mixin.py:188} INFO - [2024-08-05T00:06:02.214+0000] {dag.py:3947} INFO - Setting next_dagrun for example_weekday_branch_operator to 2024-08-04 00:00:00+00:00, run_after=2024-08-05 00:00:00+00:00
[2024-08-05T00:06:02.233+0000] {processor.py:183} INFO - Processing /home/airflow/.local/lib/python3.12/site-packages/airflow/example_dags/example_branch_day_of_week_operator.py took 0.079 seconds
[2024-08-05T00:06:32.357+0000] {processor.py:161} INFO - Started process (PID=19029) to work on /home/airflow/.local/lib/python3.12/site-packages/airflow/example_dags/example_branch_day_of_week_operator.py
[2024-08-05T00:06:32.358+0000] {processor.py:830} INFO - Processing file /home/airflow/.local/lib/python3.12/site-packages/airflow/example_dags/example_branch_day_of_week_operator.py for tasks to queue
[2024-08-05T00:06:32.360+0000] {logging_mixin.py:188} INFO - [2024-08-05T00:06:32.359+0000] {dagbag.py:545} INFO - Filling up the DagBag from /home/airflow/.local/lib/python3.12/site-packages/airflow/example_dags/example_branch_day_of_week_operator.py
[2024-08-05T00:06:32.367+0000] {processor.py:840} INFO - DAG(s) 'example_weekday_branch_operator' retrieved from /home/airflow/.local/lib/python3.12/site-packages/airflow/example_dags/example_branch_day_of_week_operator.py
[2024-08-05T00:06:32.388+0000] {logging_mixin.py:188} INFO - [2024-08-05T00:06:32.388+0000] {dag.py:3089} INFO - Sync 1 DAGs
[2024-08-05T00:06:32.408+0000] {logging_mixin.py:188} INFO - [2024-08-05T00:06:32.408+0000] {dag.py:3947} INFO - Setting next_dagrun for example_weekday_branch_operator to 2024-08-04 00:00:00+00:00, run_after=2024-08-05 00:00:00+00:00
[2024-08-05T00:06:32.426+0000] {processor.py:183} INFO - Processing /home/airflow/.local/lib/python3.12/site-packages/airflow/example_dags/example_branch_day_of_week_operator.py took 0.074 seconds
[2024-08-05T00:07:03.386+0000] {processor.py:161} INFO - Started process (PID=19301) to work on /home/airflow/.local/lib/python3.12/site-packages/airflow/example_dags/example_branch_day_of_week_operator.py
[2024-08-05T00:07:03.386+0000] {processor.py:830} INFO - Processing file /home/airflow/.local/lib/python3.12/site-packages/airflow/example_dags/example_branch_day_of_week_operator.py for tasks to queue
[2024-08-05T00:07:03.388+0000] {logging_mixin.py:188} INFO - [2024-08-05T00:07:03.388+0000] {dagbag.py:545} INFO - Filling up the DagBag from /home/airflow/.local/lib/python3.12/site-packages/airflow/example_dags/example_branch_day_of_week_operator.py
[2024-08-05T00:07:03.395+0000] {processor.py:840} INFO - DAG(s) 'example_weekday_branch_operator' retrieved from /home/airflow/.local/lib/python3.12/site-packages/airflow/example_dags/example_branch_day_of_week_operator.py
[2024-08-05T00:07:03.418+0000] {logging_mixin.py:188} INFO - [2024-08-05T00:07:03.418+0000] {dag.py:3089} INFO - Sync 1 DAGs
[2024-08-05T00:07:03.437+0000] {logging_mixin.py:188} INFO - [2024-08-05T00:07:03.437+0000] {dag.py:3947} INFO - Setting next_dagrun for example_weekday_branch_operator to 2024-08-04 00:00:00+00:00, run_after=2024-08-05 00:00:00+00:00
[2024-08-05T00:07:03.456+0000] {processor.py:183} INFO - Processing /home/airflow/.local/lib/python3.12/site-packages/airflow/example_dags/example_branch_day_of_week_operator.py took 0.075 seconds
[2024-08-05T00:07:33.725+0000] {processor.py:161} INFO - Started process (PID=19573) to work on /home/airflow/.local/lib/python3.12/site-packages/airflow/example_dags/example_branch_day_of_week_operator.py
[2024-08-05T00:07:33.727+0000] {processor.py:830} INFO - Processing file /home/airflow/.local/lib/python3.12/site-packages/airflow/example_dags/example_branch_day_of_week_operator.py for tasks to queue
[2024-08-05T00:07:33.729+0000] {logging_mixin.py:188} INFO - [2024-08-05T00:07:33.728+0000] {dagbag.py:545} INFO - Filling up the DagBag from /home/airflow/.local/lib/python3.12/site-packages/airflow/example_dags/example_branch_day_of_week_operator.py
[2024-08-05T00:07:33.736+0000] {processor.py:840} INFO - DAG(s) 'example_weekday_branch_operator' retrieved from /home/airflow/.local/lib/python3.12/site-packages/airflow/example_dags/example_branch_day_of_week_operator.py
[2024-08-05T00:07:33.758+0000] {logging_mixin.py:188} INFO - [2024-08-05T00:07:33.758+0000] {dag.py:3089} INFO - Sync 1 DAGs
[2024-08-05T00:07:33.779+0000] {logging_mixin.py:188} INFO - [2024-08-05T00:07:33.779+0000] {dag.py:3947} INFO - Setting next_dagrun for example_weekday_branch_operator to 2024-08-04 00:00:00+00:00, run_after=2024-08-05 00:00:00+00:00
[2024-08-05T00:07:33.797+0000] {processor.py:183} INFO - Processing /home/airflow/.local/lib/python3.12/site-packages/airflow/example_dags/example_branch_day_of_week_operator.py took 0.077 seconds
[2024-08-05T00:08:03.939+0000] {processor.py:161} INFO - Started process (PID=19845) to work on /home/airflow/.local/lib/python3.12/site-packages/airflow/example_dags/example_branch_day_of_week_operator.py
[2024-08-05T00:08:03.940+0000] {processor.py:830} INFO - Processing file /home/airflow/.local/lib/python3.12/site-packages/airflow/example_dags/example_branch_day_of_week_operator.py for tasks to queue
[2024-08-05T00:08:03.941+0000] {logging_mixin.py:188} INFO - [2024-08-05T00:08:03.941+0000] {dagbag.py:545} INFO - Filling up the DagBag from /home/airflow/.local/lib/python3.12/site-packages/airflow/example_dags/example_branch_day_of_week_operator.py
[2024-08-05T00:08:03.949+0000] {processor.py:840} INFO - DAG(s) 'example_weekday_branch_operator' retrieved from /home/airflow/.local/lib/python3.12/site-packages/airflow/example_dags/example_branch_day_of_week_operator.py
[2024-08-05T00:08:03.969+0000] {logging_mixin.py:188} INFO - [2024-08-05T00:08:03.968+0000] {dag.py:3089} INFO - Sync 1 DAGs
[2024-08-05T00:08:03.991+0000] {logging_mixin.py:188} INFO - [2024-08-05T00:08:03.990+0000] {dag.py:3947} INFO - Setting next_dagrun for example_weekday_branch_operator to 2024-08-04 00:00:00+00:00, run_after=2024-08-05 00:00:00+00:00
[2024-08-05T00:08:04.008+0000] {processor.py:183} INFO - Processing /home/airflow/.local/lib/python3.12/site-packages/airflow/example_dags/example_branch_day_of_week_operator.py took 0.074 seconds
[2024-08-05T00:08:34.345+0000] {processor.py:161} INFO - Started process (PID=20119) to work on /home/airflow/.local/lib/python3.12/site-packages/airflow/example_dags/example_branch_day_of_week_operator.py
[2024-08-05T00:08:34.346+0000] {processor.py:830} INFO - Processing file /home/airflow/.local/lib/python3.12/site-packages/airflow/example_dags/example_branch_day_of_week_operator.py for tasks to queue
[2024-08-05T00:08:34.348+0000] {logging_mixin.py:188} INFO - [2024-08-05T00:08:34.348+0000] {dagbag.py:545} INFO - Filling up the DagBag from /home/airflow/.local/lib/python3.12/site-packages/airflow/example_dags/example_branch_day_of_week_operator.py
[2024-08-05T00:08:34.355+0000] {processor.py:840} INFO - DAG(s) 'example_weekday_branch_operator' retrieved from /home/airflow/.local/lib/python3.12/site-packages/airflow/example_dags/example_branch_day_of_week_operator.py
[2024-08-05T00:08:34.378+0000] {logging_mixin.py:188} INFO - [2024-08-05T00:08:34.377+0000] {dag.py:3089} INFO - Sync 1 DAGs
[2024-08-05T00:08:34.400+0000] {logging_mixin.py:188} INFO - [2024-08-05T00:08:34.399+0000] {dag.py:3947} INFO - Setting next_dagrun for example_weekday_branch_operator to 2024-08-04 00:00:00+00:00, run_after=2024-08-05 00:00:00+00:00
[2024-08-05T00:08:34.416+0000] {processor.py:183} INFO - Processing /home/airflow/.local/lib/python3.12/site-packages/airflow/example_dags/example_branch_day_of_week_operator.py took 0.077 seconds
[2024-08-05T00:09:04.579+0000] {processor.py:161} INFO - Started process (PID=20389) to work on /home/airflow/.local/lib/python3.12/site-packages/airflow/example_dags/example_branch_day_of_week_operator.py
[2024-08-05T00:09:04.580+0000] {processor.py:830} INFO - Processing file /home/airflow/.local/lib/python3.12/site-packages/airflow/example_dags/example_branch_day_of_week_operator.py for tasks to queue
[2024-08-05T00:09:04.581+0000] {logging_mixin.py:188} INFO - [2024-08-05T00:09:04.581+0000] {dagbag.py:545} INFO - Filling up the DagBag from /home/airflow/.local/lib/python3.12/site-packages/airflow/example_dags/example_branch_day_of_week_operator.py
[2024-08-05T00:09:04.587+0000] {processor.py:840} INFO - DAG(s) 'example_weekday_branch_operator' retrieved from /home/airflow/.local/lib/python3.12/site-packages/airflow/example_dags/example_branch_day_of_week_operator.py
[2024-08-05T00:09:04.606+0000] {logging_mixin.py:188} INFO - [2024-08-05T00:09:04.605+0000] {dag.py:3089} INFO - Sync 1 DAGs
[2024-08-05T00:09:04.627+0000] {logging_mixin.py:188} INFO - [2024-08-05T00:09:04.627+0000] {dag.py:3947} INFO - Setting next_dagrun for example_weekday_branch_operator to 2024-08-04 00:00:00+00:00, run_after=2024-08-05 00:00:00+00:00
[2024-08-05T00:09:04.642+0000] {processor.py:183} INFO - Processing /home/airflow/.local/lib/python3.12/site-packages/airflow/example_dags/example_branch_day_of_week_operator.py took 0.068 seconds
[2024-08-05T00:09:35.316+0000] {processor.py:161} INFO - Started process (PID=20661) to work on /home/airflow/.local/lib/python3.12/site-packages/airflow/example_dags/example_branch_day_of_week_operator.py
[2024-08-05T00:09:35.317+0000] {processor.py:830} INFO - Processing file /home/airflow/.local/lib/python3.12/site-packages/airflow/example_dags/example_branch_day_of_week_operator.py for tasks to queue
[2024-08-05T00:09:35.318+0000] {logging_mixin.py:188} INFO - [2024-08-05T00:09:35.318+0000] {dagbag.py:545} INFO - Filling up the DagBag from /home/airflow/.local/lib/python3.12/site-packages/airflow/example_dags/example_branch_day_of_week_operator.py
[2024-08-05T00:09:35.324+0000] {processor.py:840} INFO - DAG(s) 'example_weekday_branch_operator' retrieved from /home/airflow/.local/lib/python3.12/site-packages/airflow/example_dags/example_branch_day_of_week_operator.py
[2024-08-05T00:09:35.343+0000] {logging_mixin.py:188} INFO - [2024-08-05T00:09:35.343+0000] {dag.py:3089} INFO - Sync 1 DAGs
[2024-08-05T00:09:35.363+0000] {logging_mixin.py:188} INFO - [2024-08-05T00:09:35.363+0000] {dag.py:3947} INFO - Setting next_dagrun for example_weekday_branch_operator to 2024-08-04 00:00:00+00:00, run_after=2024-08-05 00:00:00+00:00
[2024-08-05T00:09:35.378+0000] {processor.py:183} INFO - Processing /home/airflow/.local/lib/python3.12/site-packages/airflow/example_dags/example_branch_day_of_week_operator.py took 0.067 seconds
[2024-08-05T00:10:05.946+0000] {processor.py:161} INFO - Started process (PID=20939) to work on /home/airflow/.local/lib/python3.12/site-packages/airflow/example_dags/example_branch_day_of_week_operator.py
[2024-08-05T00:10:05.947+0000] {processor.py:830} INFO - Processing file /home/airflow/.local/lib/python3.12/site-packages/airflow/example_dags/example_branch_day_of_week_operator.py for tasks to queue
[2024-08-05T00:10:05.948+0000] {logging_mixin.py:188} INFO - [2024-08-05T00:10:05.948+0000] {dagbag.py:545} INFO - Filling up the DagBag from /home/airflow/.local/lib/python3.12/site-packages/airflow/example_dags/example_branch_day_of_week_operator.py
[2024-08-05T00:10:05.954+0000] {processor.py:840} INFO - DAG(s) 'example_weekday_branch_operator' retrieved from /home/airflow/.local/lib/python3.12/site-packages/airflow/example_dags/example_branch_day_of_week_operator.py
[2024-08-05T00:10:05.977+0000] {logging_mixin.py:188} INFO - [2024-08-05T00:10:05.977+0000] {dag.py:3089} INFO - Sync 1 DAGs
[2024-08-05T00:10:06.001+0000] {logging_mixin.py:188} INFO - [2024-08-05T00:10:06.001+0000] {dag.py:3947} INFO - Setting next_dagrun for example_weekday_branch_operator to 2024-08-04 00:00:00+00:00, run_after=2024-08-05 00:00:00+00:00
[2024-08-05T00:10:06.019+0000] {processor.py:183} INFO - Processing /home/airflow/.local/lib/python3.12/site-packages/airflow/example_dags/example_branch_day_of_week_operator.py took 0.079 seconds
[2024-08-05T00:10:36.650+0000] {processor.py:161} INFO - Started process (PID=21214) to work on /home/airflow/.local/lib/python3.12/site-packages/airflow/example_dags/example_branch_day_of_week_operator.py
[2024-08-05T00:10:36.651+0000] {processor.py:830} INFO - Processing file /home/airflow/.local/lib/python3.12/site-packages/airflow/example_dags/example_branch_day_of_week_operator.py for tasks to queue
[2024-08-05T00:10:36.652+0000] {logging_mixin.py:188} INFO - [2024-08-05T00:10:36.652+0000] {dagbag.py:545} INFO - Filling up the DagBag from /home/airflow/.local/lib/python3.12/site-packages/airflow/example_dags/example_branch_day_of_week_operator.py
[2024-08-05T00:10:36.660+0000] {processor.py:840} INFO - DAG(s) 'example_weekday_branch_operator' retrieved from /home/airflow/.local/lib/python3.12/site-packages/airflow/example_dags/example_branch_day_of_week_operator.py
[2024-08-05T00:10:36.682+0000] {logging_mixin.py:188} INFO - [2024-08-05T00:10:36.682+0000] {dag.py:3089} INFO - Sync 1 DAGs
[2024-08-05T00:10:36.705+0000] {logging_mixin.py:188} INFO - [2024-08-05T00:10:36.705+0000] {dag.py:3947} INFO - Setting next_dagrun for example_weekday_branch_operator to 2024-08-04 00:00:00+00:00, run_after=2024-08-05 00:00:00+00:00
[2024-08-05T00:10:36.723+0000] {processor.py:183} INFO - Processing /home/airflow/.local/lib/python3.12/site-packages/airflow/example_dags/example_branch_day_of_week_operator.py took 0.078 seconds
[2024-08-05T00:11:07.417+0000] {processor.py:161} INFO - Started process (PID=21486) to work on /home/airflow/.local/lib/python3.12/site-packages/airflow/example_dags/example_branch_day_of_week_operator.py
[2024-08-05T00:11:07.418+0000] {processor.py:830} INFO - Processing file /home/airflow/.local/lib/python3.12/site-packages/airflow/example_dags/example_branch_day_of_week_operator.py for tasks to queue
[2024-08-05T00:11:07.420+0000] {logging_mixin.py:188} INFO - [2024-08-05T00:11:07.419+0000] {dagbag.py:545} INFO - Filling up the DagBag from /home/airflow/.local/lib/python3.12/site-packages/airflow/example_dags/example_branch_day_of_week_operator.py
[2024-08-05T00:11:07.426+0000] {processor.py:840} INFO - DAG(s) 'example_weekday_branch_operator' retrieved from /home/airflow/.local/lib/python3.12/site-packages/airflow/example_dags/example_branch_day_of_week_operator.py
[2024-08-05T00:11:07.446+0000] {logging_mixin.py:188} INFO - [2024-08-05T00:11:07.445+0000] {dag.py:3089} INFO - Sync 1 DAGs
[2024-08-05T00:11:07.466+0000] {logging_mixin.py:188} INFO - [2024-08-05T00:11:07.466+0000] {dag.py:3947} INFO - Setting next_dagrun for example_weekday_branch_operator to 2024-08-04 00:00:00+00:00, run_after=2024-08-05 00:00:00+00:00
[2024-08-05T00:11:07.481+0000] {processor.py:183} INFO - Processing /home/airflow/.local/lib/python3.12/site-packages/airflow/example_dags/example_branch_day_of_week_operator.py took 0.069 seconds
[2024-08-05T00:11:38.281+0000] {processor.py:161} INFO - Started process (PID=21758) to work on /home/airflow/.local/lib/python3.12/site-packages/airflow/example_dags/example_branch_day_of_week_operator.py
[2024-08-05T00:11:38.282+0000] {processor.py:830} INFO - Processing file /home/airflow/.local/lib/python3.12/site-packages/airflow/example_dags/example_branch_day_of_week_operator.py for tasks to queue
[2024-08-05T00:11:38.284+0000] {logging_mixin.py:188} INFO - [2024-08-05T00:11:38.283+0000] {dagbag.py:545} INFO - Filling up the DagBag from /home/airflow/.local/lib/python3.12/site-packages/airflow/example_dags/example_branch_day_of_week_operator.py
[2024-08-05T00:11:38.291+0000] {processor.py:840} INFO - DAG(s) 'example_weekday_branch_operator' retrieved from /home/airflow/.local/lib/python3.12/site-packages/airflow/example_dags/example_branch_day_of_week_operator.py
[2024-08-05T00:11:38.311+0000] {logging_mixin.py:188} INFO - [2024-08-05T00:11:38.311+0000] {dag.py:3089} INFO - Sync 1 DAGs
[2024-08-05T00:11:38.335+0000] {logging_mixin.py:188} INFO - [2024-08-05T00:11:38.334+0000] {dag.py:3947} INFO - Setting next_dagrun for example_weekday_branch_operator to 2024-08-04 00:00:00+00:00, run_after=2024-08-05 00:00:00+00:00
[2024-08-05T00:11:38.352+0000] {processor.py:183} INFO - Processing /home/airflow/.local/lib/python3.12/site-packages/airflow/example_dags/example_branch_day_of_week_operator.py took 0.076 seconds
[2024-08-05T00:12:08.517+0000] {processor.py:161} INFO - Started process (PID=22030) to work on /home/airflow/.local/lib/python3.12/site-packages/airflow/example_dags/example_branch_day_of_week_operator.py
[2024-08-05T00:12:08.518+0000] {processor.py:830} INFO - Processing file /home/airflow/.local/lib/python3.12/site-packages/airflow/example_dags/example_branch_day_of_week_operator.py for tasks to queue
[2024-08-05T00:12:08.521+0000] {logging_mixin.py:188} INFO - [2024-08-05T00:12:08.520+0000] {dagbag.py:545} INFO - Filling up the DagBag from /home/airflow/.local/lib/python3.12/site-packages/airflow/example_dags/example_branch_day_of_week_operator.py
[2024-08-05T00:12:08.531+0000] {processor.py:840} INFO - DAG(s) 'example_weekday_branch_operator' retrieved from /home/airflow/.local/lib/python3.12/site-packages/airflow/example_dags/example_branch_day_of_week_operator.py
[2024-08-05T00:12:08.553+0000] {logging_mixin.py:188} INFO - [2024-08-05T00:12:08.553+0000] {dag.py:3089} INFO - Sync 1 DAGs
[2024-08-05T00:12:08.577+0000] {logging_mixin.py:188} INFO - [2024-08-05T00:12:08.576+0000] {dag.py:3947} INFO - Setting next_dagrun for example_weekday_branch_operator to 2024-08-04 00:00:00+00:00, run_after=2024-08-05 00:00:00+00:00
[2024-08-05T00:12:08.593+0000] {processor.py:183} INFO - Processing /home/airflow/.local/lib/python3.12/site-packages/airflow/example_dags/example_branch_day_of_week_operator.py took 0.081 seconds
[2024-08-05T00:12:38.800+0000] {processor.py:161} INFO - Started process (PID=22302) to work on /home/airflow/.local/lib/python3.12/site-packages/airflow/example_dags/example_branch_day_of_week_operator.py
[2024-08-05T00:12:38.801+0000] {processor.py:830} INFO - Processing file /home/airflow/.local/lib/python3.12/site-packages/airflow/example_dags/example_branch_day_of_week_operator.py for tasks to queue
[2024-08-05T00:12:38.803+0000] {logging_mixin.py:188} INFO - [2024-08-05T00:12:38.803+0000] {dagbag.py:545} INFO - Filling up the DagBag from /home/airflow/.local/lib/python3.12/site-packages/airflow/example_dags/example_branch_day_of_week_operator.py
[2024-08-05T00:12:38.810+0000] {processor.py:840} INFO - DAG(s) 'example_weekday_branch_operator' retrieved from /home/airflow/.local/lib/python3.12/site-packages/airflow/example_dags/example_branch_day_of_week_operator.py
[2024-08-05T00:12:38.829+0000] {logging_mixin.py:188} INFO - [2024-08-05T00:12:38.829+0000] {dag.py:3089} INFO - Sync 1 DAGs
[2024-08-05T00:12:38.852+0000] {logging_mixin.py:188} INFO - [2024-08-05T00:12:38.852+0000] {dag.py:3947} INFO - Setting next_dagrun for example_weekday_branch_operator to 2024-08-04 00:00:00+00:00, run_after=2024-08-05 00:00:00+00:00
[2024-08-05T00:12:38.870+0000] {processor.py:183} INFO - Processing /home/airflow/.local/lib/python3.12/site-packages/airflow/example_dags/example_branch_day_of_week_operator.py took 0.074 seconds
[2024-08-05T00:13:09.013+0000] {processor.py:161} INFO - Started process (PID=22574) to work on /home/airflow/.local/lib/python3.12/site-packages/airflow/example_dags/example_branch_day_of_week_operator.py
[2024-08-05T00:13:09.014+0000] {processor.py:830} INFO - Processing file /home/airflow/.local/lib/python3.12/site-packages/airflow/example_dags/example_branch_day_of_week_operator.py for tasks to queue
[2024-08-05T00:13:09.015+0000] {logging_mixin.py:188} INFO - [2024-08-05T00:13:09.015+0000] {dagbag.py:545} INFO - Filling up the DagBag from /home/airflow/.local/lib/python3.12/site-packages/airflow/example_dags/example_branch_day_of_week_operator.py
[2024-08-05T00:13:09.022+0000] {processor.py:840} INFO - DAG(s) 'example_weekday_branch_operator' retrieved from /home/airflow/.local/lib/python3.12/site-packages/airflow/example_dags/example_branch_day_of_week_operator.py
[2024-08-05T00:13:09.043+0000] {logging_mixin.py:188} INFO - [2024-08-05T00:13:09.043+0000] {dag.py:3089} INFO - Sync 1 DAGs
[2024-08-05T00:13:09.065+0000] {logging_mixin.py:188} INFO - [2024-08-05T00:13:09.065+0000] {dag.py:3947} INFO - Setting next_dagrun for example_weekday_branch_operator to 2024-08-04 00:00:00+00:00, run_after=2024-08-05 00:00:00+00:00
[2024-08-05T00:13:09.083+0000] {processor.py:183} INFO - Processing /home/airflow/.local/lib/python3.12/site-packages/airflow/example_dags/example_branch_day_of_week_operator.py took 0.075 seconds
[2024-08-05T00:13:40.072+0000] {processor.py:161} INFO - Started process (PID=22846) to work on /home/airflow/.local/lib/python3.12/site-packages/airflow/example_dags/example_branch_day_of_week_operator.py
[2024-08-05T00:13:40.074+0000] {processor.py:830} INFO - Processing file /home/airflow/.local/lib/python3.12/site-packages/airflow/example_dags/example_branch_day_of_week_operator.py for tasks to queue
[2024-08-05T00:13:40.076+0000] {logging_mixin.py:188} INFO - [2024-08-05T00:13:40.076+0000] {dagbag.py:545} INFO - Filling up the DagBag from /home/airflow/.local/lib/python3.12/site-packages/airflow/example_dags/example_branch_day_of_week_operator.py
[2024-08-05T00:13:40.105+0000] {processor.py:840} INFO - DAG(s) 'example_weekday_branch_operator' retrieved from /home/airflow/.local/lib/python3.12/site-packages/airflow/example_dags/example_branch_day_of_week_operator.py
[2024-08-05T00:13:40.156+0000] {logging_mixin.py:188} INFO - [2024-08-05T00:13:40.156+0000] {dag.py:3089} INFO - Sync 1 DAGs
[2024-08-05T00:13:40.228+0000] {logging_mixin.py:188} INFO - [2024-08-05T00:13:40.228+0000] {dag.py:3947} INFO - Setting next_dagrun for example_weekday_branch_operator to 2024-08-04 00:00:00+00:00, run_after=2024-08-05 00:00:00+00:00
[2024-08-05T00:13:40.283+0000] {processor.py:183} INFO - Processing /home/airflow/.local/lib/python3.12/site-packages/airflow/example_dags/example_branch_day_of_week_operator.py took 0.235 seconds
[2024-08-05T00:14:10.839+0000] {processor.py:161} INFO - Started process (PID=23118) to work on /home/airflow/.local/lib/python3.12/site-packages/airflow/example_dags/example_branch_day_of_week_operator.py
[2024-08-05T00:14:10.840+0000] {processor.py:830} INFO - Processing file /home/airflow/.local/lib/python3.12/site-packages/airflow/example_dags/example_branch_day_of_week_operator.py for tasks to queue
[2024-08-05T00:14:10.841+0000] {logging_mixin.py:188} INFO - [2024-08-05T00:14:10.841+0000] {dagbag.py:545} INFO - Filling up the DagBag from /home/airflow/.local/lib/python3.12/site-packages/airflow/example_dags/example_branch_day_of_week_operator.py
[2024-08-05T00:14:10.848+0000] {processor.py:840} INFO - DAG(s) 'example_weekday_branch_operator' retrieved from /home/airflow/.local/lib/python3.12/site-packages/airflow/example_dags/example_branch_day_of_week_operator.py
[2024-08-05T00:14:10.870+0000] {logging_mixin.py:188} INFO - [2024-08-05T00:14:10.870+0000] {dag.py:3089} INFO - Sync 1 DAGs
[2024-08-05T00:14:10.892+0000] {logging_mixin.py:188} INFO - [2024-08-05T00:14:10.892+0000] {dag.py:3947} INFO - Setting next_dagrun for example_weekday_branch_operator to 2024-08-04 00:00:00+00:00, run_after=2024-08-05 00:00:00+00:00
[2024-08-05T00:14:10.910+0000] {processor.py:183} INFO - Processing /home/airflow/.local/lib/python3.12/site-packages/airflow/example_dags/example_branch_day_of_week_operator.py took 0.077 seconds
[2024-08-05T00:14:40.969+0000] {processor.py:161} INFO - Started process (PID=23390) to work on /home/airflow/.local/lib/python3.12/site-packages/airflow/example_dags/example_branch_day_of_week_operator.py
[2024-08-05T00:14:40.970+0000] {processor.py:830} INFO - Processing file /home/airflow/.local/lib/python3.12/site-packages/airflow/example_dags/example_branch_day_of_week_operator.py for tasks to queue
[2024-08-05T00:14:40.972+0000] {logging_mixin.py:188} INFO - [2024-08-05T00:14:40.971+0000] {dagbag.py:545} INFO - Filling up the DagBag from /home/airflow/.local/lib/python3.12/site-packages/airflow/example_dags/example_branch_day_of_week_operator.py
[2024-08-05T00:14:40.978+0000] {processor.py:840} INFO - DAG(s) 'example_weekday_branch_operator' retrieved from /home/airflow/.local/lib/python3.12/site-packages/airflow/example_dags/example_branch_day_of_week_operator.py
[2024-08-05T00:14:40.999+0000] {logging_mixin.py:188} INFO - [2024-08-05T00:14:40.998+0000] {dag.py:3089} INFO - Sync 1 DAGs
[2024-08-05T00:14:41.022+0000] {logging_mixin.py:188} INFO - [2024-08-05T00:14:41.022+0000] {dag.py:3947} INFO - Setting next_dagrun for example_weekday_branch_operator to 2024-08-04 00:00:00+00:00, run_after=2024-08-05 00:00:00+00:00
[2024-08-05T00:14:41.037+0000] {processor.py:183} INFO - Processing /home/airflow/.local/lib/python3.12/site-packages/airflow/example_dags/example_branch_day_of_week_operator.py took 0.073 seconds
[2024-08-05T00:15:11.257+0000] {processor.py:161} INFO - Started process (PID=23664) to work on /home/airflow/.local/lib/python3.12/site-packages/airflow/example_dags/example_branch_day_of_week_operator.py
[2024-08-05T00:15:11.257+0000] {processor.py:830} INFO - Processing file /home/airflow/.local/lib/python3.12/site-packages/airflow/example_dags/example_branch_day_of_week_operator.py for tasks to queue
[2024-08-05T00:15:11.259+0000] {logging_mixin.py:188} INFO - [2024-08-05T00:15:11.259+0000] {dagbag.py:545} INFO - Filling up the DagBag from /home/airflow/.local/lib/python3.12/site-packages/airflow/example_dags/example_branch_day_of_week_operator.py
[2024-08-05T00:15:11.265+0000] {processor.py:840} INFO - DAG(s) 'example_weekday_branch_operator' retrieved from /home/airflow/.local/lib/python3.12/site-packages/airflow/example_dags/example_branch_day_of_week_operator.py
[2024-08-05T00:15:11.285+0000] {logging_mixin.py:188} INFO - [2024-08-05T00:15:11.285+0000] {dag.py:3089} INFO - Sync 1 DAGs
[2024-08-05T00:15:11.309+0000] {logging_mixin.py:188} INFO - [2024-08-05T00:15:11.309+0000] {dag.py:3947} INFO - Setting next_dagrun for example_weekday_branch_operator to 2024-08-04 00:00:00+00:00, run_after=2024-08-05 00:00:00+00:00
[2024-08-05T00:15:11.326+0000] {processor.py:183} INFO - Processing /home/airflow/.local/lib/python3.12/site-packages/airflow/example_dags/example_branch_day_of_week_operator.py took 0.075 seconds
[2024-08-05T00:15:41.633+0000] {processor.py:161} INFO - Started process (PID=23936) to work on /home/airflow/.local/lib/python3.12/site-packages/airflow/example_dags/example_branch_day_of_week_operator.py
[2024-08-05T00:15:41.634+0000] {processor.py:830} INFO - Processing file /home/airflow/.local/lib/python3.12/site-packages/airflow/example_dags/example_branch_day_of_week_operator.py for tasks to queue
[2024-08-05T00:15:41.635+0000] {logging_mixin.py:188} INFO - [2024-08-05T00:15:41.635+0000] {dagbag.py:545} INFO - Filling up the DagBag from /home/airflow/.local/lib/python3.12/site-packages/airflow/example_dags/example_branch_day_of_week_operator.py
[2024-08-05T00:15:41.641+0000] {processor.py:840} INFO - DAG(s) 'example_weekday_branch_operator' retrieved from /home/airflow/.local/lib/python3.12/site-packages/airflow/example_dags/example_branch_day_of_week_operator.py
[2024-08-05T00:15:41.663+0000] {logging_mixin.py:188} INFO - [2024-08-05T00:15:41.663+0000] {dag.py:3089} INFO - Sync 1 DAGs
[2024-08-05T00:15:41.685+0000] {logging_mixin.py:188} INFO - [2024-08-05T00:15:41.685+0000] {dag.py:3947} INFO - Setting next_dagrun for example_weekday_branch_operator to 2024-08-04 00:00:00+00:00, run_after=2024-08-05 00:00:00+00:00
[2024-08-05T00:15:41.701+0000] {processor.py:183} INFO - Processing /home/airflow/.local/lib/python3.12/site-packages/airflow/example_dags/example_branch_day_of_week_operator.py took 0.072 seconds
[2024-08-05T00:16:12.045+0000] {processor.py:161} INFO - Started process (PID=24208) to work on /home/airflow/.local/lib/python3.12/site-packages/airflow/example_dags/example_branch_day_of_week_operator.py
[2024-08-05T00:16:12.046+0000] {processor.py:830} INFO - Processing file /home/airflow/.local/lib/python3.12/site-packages/airflow/example_dags/example_branch_day_of_week_operator.py for tasks to queue
[2024-08-05T00:16:12.048+0000] {logging_mixin.py:188} INFO - [2024-08-05T00:16:12.048+0000] {dagbag.py:545} INFO - Filling up the DagBag from /home/airflow/.local/lib/python3.12/site-packages/airflow/example_dags/example_branch_day_of_week_operator.py
[2024-08-05T00:16:12.056+0000] {processor.py:840} INFO - DAG(s) 'example_weekday_branch_operator' retrieved from /home/airflow/.local/lib/python3.12/site-packages/airflow/example_dags/example_branch_day_of_week_operator.py
[2024-08-05T00:16:12.079+0000] {logging_mixin.py:188} INFO - [2024-08-05T00:16:12.078+0000] {dag.py:3089} INFO - Sync 1 DAGs
[2024-08-05T00:16:12.101+0000] {logging_mixin.py:188} INFO - [2024-08-05T00:16:12.101+0000] {dag.py:3947} INFO - Setting next_dagrun for example_weekday_branch_operator to 2024-08-04 00:00:00+00:00, run_after=2024-08-05 00:00:00+00:00
[2024-08-05T00:16:12.118+0000] {processor.py:183} INFO - Processing /home/airflow/.local/lib/python3.12/site-packages/airflow/example_dags/example_branch_day_of_week_operator.py took 0.078 seconds
[2024-08-05T00:16:42.447+0000] {processor.py:161} INFO - Started process (PID=24480) to work on /home/airflow/.local/lib/python3.12/site-packages/airflow/example_dags/example_branch_day_of_week_operator.py
[2024-08-05T00:16:42.448+0000] {processor.py:830} INFO - Processing file /home/airflow/.local/lib/python3.12/site-packages/airflow/example_dags/example_branch_day_of_week_operator.py for tasks to queue
[2024-08-05T00:16:42.450+0000] {logging_mixin.py:188} INFO - [2024-08-05T00:16:42.449+0000] {dagbag.py:545} INFO - Filling up the DagBag from /home/airflow/.local/lib/python3.12/site-packages/airflow/example_dags/example_branch_day_of_week_operator.py
[2024-08-05T00:16:42.456+0000] {processor.py:840} INFO - DAG(s) 'example_weekday_branch_operator' retrieved from /home/airflow/.local/lib/python3.12/site-packages/airflow/example_dags/example_branch_day_of_week_operator.py
[2024-08-05T00:16:42.477+0000] {logging_mixin.py:188} INFO - [2024-08-05T00:16:42.476+0000] {dag.py:3089} INFO - Sync 1 DAGs
[2024-08-05T00:16:42.499+0000] {logging_mixin.py:188} INFO - [2024-08-05T00:16:42.499+0000] {dag.py:3947} INFO - Setting next_dagrun for example_weekday_branch_operator to 2024-08-04 00:00:00+00:00, run_after=2024-08-05 00:00:00+00:00
[2024-08-05T00:16:42.515+0000] {processor.py:183} INFO - Processing /home/airflow/.local/lib/python3.12/site-packages/airflow/example_dags/example_branch_day_of_week_operator.py took 0.074 seconds
[2024-08-05T00:17:12.816+0000] {processor.py:161} INFO - Started process (PID=24752) to work on /home/airflow/.local/lib/python3.12/site-packages/airflow/example_dags/example_branch_day_of_week_operator.py
[2024-08-05T00:17:12.818+0000] {processor.py:830} INFO - Processing file /home/airflow/.local/lib/python3.12/site-packages/airflow/example_dags/example_branch_day_of_week_operator.py for tasks to queue
[2024-08-05T00:17:12.819+0000] {logging_mixin.py:188} INFO - [2024-08-05T00:17:12.819+0000] {dagbag.py:545} INFO - Filling up the DagBag from /home/airflow/.local/lib/python3.12/site-packages/airflow/example_dags/example_branch_day_of_week_operator.py
[2024-08-05T00:17:12.826+0000] {processor.py:840} INFO - DAG(s) 'example_weekday_branch_operator' retrieved from /home/airflow/.local/lib/python3.12/site-packages/airflow/example_dags/example_branch_day_of_week_operator.py
[2024-08-05T00:17:12.847+0000] {logging_mixin.py:188} INFO - [2024-08-05T00:17:12.847+0000] {dag.py:3089} INFO - Sync 1 DAGs
[2024-08-05T00:17:12.868+0000] {logging_mixin.py:188} INFO - [2024-08-05T00:17:12.867+0000] {dag.py:3947} INFO - Setting next_dagrun for example_weekday_branch_operator to 2024-08-04 00:00:00+00:00, run_after=2024-08-05 00:00:00+00:00
[2024-08-05T00:17:12.884+0000] {processor.py:183} INFO - Processing /home/airflow/.local/lib/python3.12/site-packages/airflow/example_dags/example_branch_day_of_week_operator.py took 0.074 seconds
[2024-08-05T00:17:43.034+0000] {processor.py:161} INFO - Started process (PID=25024) to work on /home/airflow/.local/lib/python3.12/site-packages/airflow/example_dags/example_branch_day_of_week_operator.py
[2024-08-05T00:17:43.035+0000] {processor.py:830} INFO - Processing file /home/airflow/.local/lib/python3.12/site-packages/airflow/example_dags/example_branch_day_of_week_operator.py for tasks to queue
[2024-08-05T00:17:43.036+0000] {logging_mixin.py:188} INFO - [2024-08-05T00:17:43.036+0000] {dagbag.py:545} INFO - Filling up the DagBag from /home/airflow/.local/lib/python3.12/site-packages/airflow/example_dags/example_branch_day_of_week_operator.py
[2024-08-05T00:17:43.043+0000] {processor.py:840} INFO - DAG(s) 'example_weekday_branch_operator' retrieved from /home/airflow/.local/lib/python3.12/site-packages/airflow/example_dags/example_branch_day_of_week_operator.py
[2024-08-05T00:17:43.065+0000] {logging_mixin.py:188} INFO - [2024-08-05T00:17:43.064+0000] {dag.py:3089} INFO - Sync 1 DAGs
[2024-08-05T00:17:43.086+0000] {logging_mixin.py:188} INFO - [2024-08-05T00:17:43.086+0000] {dag.py:3947} INFO - Setting next_dagrun for example_weekday_branch_operator to 2024-08-04 00:00:00+00:00, run_after=2024-08-05 00:00:00+00:00
[2024-08-05T00:17:43.103+0000] {processor.py:183} INFO - Processing /home/airflow/.local/lib/python3.12/site-packages/airflow/example_dags/example_branch_day_of_week_operator.py took 0.074 seconds
[2024-08-05T00:18:13.356+0000] {processor.py:161} INFO - Started process (PID=25296) to work on /home/airflow/.local/lib/python3.12/site-packages/airflow/example_dags/example_branch_day_of_week_operator.py
[2024-08-05T00:18:13.357+0000] {processor.py:830} INFO - Processing file /home/airflow/.local/lib/python3.12/site-packages/airflow/example_dags/example_branch_day_of_week_operator.py for tasks to queue
[2024-08-05T00:18:13.358+0000] {logging_mixin.py:188} INFO - [2024-08-05T00:18:13.358+0000] {dagbag.py:545} INFO - Filling up the DagBag from /home/airflow/.local/lib/python3.12/site-packages/airflow/example_dags/example_branch_day_of_week_operator.py
[2024-08-05T00:18:13.366+0000] {processor.py:840} INFO - DAG(s) 'example_weekday_branch_operator' retrieved from /home/airflow/.local/lib/python3.12/site-packages/airflow/example_dags/example_branch_day_of_week_operator.py
[2024-08-05T00:18:13.386+0000] {logging_mixin.py:188} INFO - [2024-08-05T00:18:13.386+0000] {dag.py:3089} INFO - Sync 1 DAGs
[2024-08-05T00:18:13.406+0000] {logging_mixin.py:188} INFO - [2024-08-05T00:18:13.406+0000] {dag.py:3947} INFO - Setting next_dagrun for example_weekday_branch_operator to 2024-08-04 00:00:00+00:00, run_after=2024-08-05 00:00:00+00:00
[2024-08-05T00:18:13.421+0000] {processor.py:183} INFO - Processing /home/airflow/.local/lib/python3.12/site-packages/airflow/example_dags/example_branch_day_of_week_operator.py took 0.070 seconds
[2024-08-05T00:18:43.596+0000] {processor.py:161} INFO - Started process (PID=25568) to work on /home/airflow/.local/lib/python3.12/site-packages/airflow/example_dags/example_branch_day_of_week_operator.py
[2024-08-05T00:18:43.597+0000] {processor.py:830} INFO - Processing file /home/airflow/.local/lib/python3.12/site-packages/airflow/example_dags/example_branch_day_of_week_operator.py for tasks to queue
[2024-08-05T00:18:43.599+0000] {logging_mixin.py:188} INFO - [2024-08-05T00:18:43.598+0000] {dagbag.py:545} INFO - Filling up the DagBag from /home/airflow/.local/lib/python3.12/site-packages/airflow/example_dags/example_branch_day_of_week_operator.py
[2024-08-05T00:18:43.605+0000] {processor.py:840} INFO - DAG(s) 'example_weekday_branch_operator' retrieved from /home/airflow/.local/lib/python3.12/site-packages/airflow/example_dags/example_branch_day_of_week_operator.py
[2024-08-05T00:18:43.626+0000] {logging_mixin.py:188} INFO - [2024-08-05T00:18:43.626+0000] {dag.py:3089} INFO - Sync 1 DAGs
[2024-08-05T00:18:43.647+0000] {logging_mixin.py:188} INFO - [2024-08-05T00:18:43.646+0000] {dag.py:3947} INFO - Setting next_dagrun for example_weekday_branch_operator to 2024-08-04 00:00:00+00:00, run_after=2024-08-05 00:00:00+00:00
[2024-08-05T00:18:43.663+0000] {processor.py:183} INFO - Processing /home/airflow/.local/lib/python3.12/site-packages/airflow/example_dags/example_branch_day_of_week_operator.py took 0.073 seconds
[2024-08-05T00:19:13.843+0000] {processor.py:161} INFO - Started process (PID=25840) to work on /home/airflow/.local/lib/python3.12/site-packages/airflow/example_dags/example_branch_day_of_week_operator.py
[2024-08-05T00:19:13.844+0000] {processor.py:830} INFO - Processing file /home/airflow/.local/lib/python3.12/site-packages/airflow/example_dags/example_branch_day_of_week_operator.py for tasks to queue
[2024-08-05T00:19:13.846+0000] {logging_mixin.py:188} INFO - [2024-08-05T00:19:13.845+0000] {dagbag.py:545} INFO - Filling up the DagBag from /home/airflow/.local/lib/python3.12/site-packages/airflow/example_dags/example_branch_day_of_week_operator.py
[2024-08-05T00:19:13.852+0000] {processor.py:840} INFO - DAG(s) 'example_weekday_branch_operator' retrieved from /home/airflow/.local/lib/python3.12/site-packages/airflow/example_dags/example_branch_day_of_week_operator.py
[2024-08-05T00:19:13.872+0000] {logging_mixin.py:188} INFO - [2024-08-05T00:19:13.872+0000] {dag.py:3089} INFO - Sync 1 DAGs
[2024-08-05T00:19:13.896+0000] {logging_mixin.py:188} INFO - [2024-08-05T00:19:13.896+0000] {dag.py:3947} INFO - Setting next_dagrun for example_weekday_branch_operator to 2024-08-04 00:00:00+00:00, run_after=2024-08-05 00:00:00+00:00
[2024-08-05T00:19:13.916+0000] {processor.py:183} INFO - Processing /home/airflow/.local/lib/python3.12/site-packages/airflow/example_dags/example_branch_day_of_week_operator.py took 0.078 seconds
[2024-08-05T00:19:44.114+0000] {processor.py:161} INFO - Started process (PID=26112) to work on /home/airflow/.local/lib/python3.12/site-packages/airflow/example_dags/example_branch_day_of_week_operator.py
[2024-08-05T00:19:44.115+0000] {processor.py:830} INFO - Processing file /home/airflow/.local/lib/python3.12/site-packages/airflow/example_dags/example_branch_day_of_week_operator.py for tasks to queue
[2024-08-05T00:19:44.116+0000] {logging_mixin.py:188} INFO - [2024-08-05T00:19:44.116+0000] {dagbag.py:545} INFO - Filling up the DagBag from /home/airflow/.local/lib/python3.12/site-packages/airflow/example_dags/example_branch_day_of_week_operator.py
[2024-08-05T00:19:44.125+0000] {processor.py:840} INFO - DAG(s) 'example_weekday_branch_operator' retrieved from /home/airflow/.local/lib/python3.12/site-packages/airflow/example_dags/example_branch_day_of_week_operator.py
[2024-08-05T00:19:44.148+0000] {logging_mixin.py:188} INFO - [2024-08-05T00:19:44.148+0000] {dag.py:3089} INFO - Sync 1 DAGs
[2024-08-05T00:19:44.169+0000] {logging_mixin.py:188} INFO - [2024-08-05T00:19:44.169+0000] {dag.py:3947} INFO - Setting next_dagrun for example_weekday_branch_operator to 2024-08-04 00:00:00+00:00, run_after=2024-08-05 00:00:00+00:00
[2024-08-05T00:19:44.185+0000] {processor.py:183} INFO - Processing /home/airflow/.local/lib/python3.12/site-packages/airflow/example_dags/example_branch_day_of_week_operator.py took 0.077 seconds
[2024-08-05T00:20:14.251+0000] {processor.py:161} INFO - Started process (PID=26390) to work on /home/airflow/.local/lib/python3.12/site-packages/airflow/example_dags/example_branch_day_of_week_operator.py
[2024-08-05T00:20:14.251+0000] {processor.py:830} INFO - Processing file /home/airflow/.local/lib/python3.12/site-packages/airflow/example_dags/example_branch_day_of_week_operator.py for tasks to queue
[2024-08-05T00:20:14.253+0000] {logging_mixin.py:188} INFO - [2024-08-05T00:20:14.252+0000] {dagbag.py:545} INFO - Filling up the DagBag from /home/airflow/.local/lib/python3.12/site-packages/airflow/example_dags/example_branch_day_of_week_operator.py
[2024-08-05T00:20:14.260+0000] {processor.py:840} INFO - DAG(s) 'example_weekday_branch_operator' retrieved from /home/airflow/.local/lib/python3.12/site-packages/airflow/example_dags/example_branch_day_of_week_operator.py
[2024-08-05T00:20:14.281+0000] {logging_mixin.py:188} INFO - [2024-08-05T00:20:14.281+0000] {dag.py:3089} INFO - Sync 1 DAGs
[2024-08-05T00:20:14.301+0000] {logging_mixin.py:188} INFO - [2024-08-05T00:20:14.301+0000] {dag.py:3947} INFO - Setting next_dagrun for example_weekday_branch_operator to 2024-08-04 00:00:00+00:00, run_after=2024-08-05 00:00:00+00:00
[2024-08-05T00:20:14.317+0000] {processor.py:183} INFO - Processing /home/airflow/.local/lib/python3.12/site-packages/airflow/example_dags/example_branch_day_of_week_operator.py took 0.071 seconds
[2024-08-05T00:20:44.876+0000] {processor.py:161} INFO - Started process (PID=26665) to work on /home/airflow/.local/lib/python3.12/site-packages/airflow/example_dags/example_branch_day_of_week_operator.py
[2024-08-05T00:20:44.877+0000] {processor.py:830} INFO - Processing file /home/airflow/.local/lib/python3.12/site-packages/airflow/example_dags/example_branch_day_of_week_operator.py for tasks to queue
[2024-08-05T00:20:44.879+0000] {logging_mixin.py:188} INFO - [2024-08-05T00:20:44.878+0000] {dagbag.py:545} INFO - Filling up the DagBag from /home/airflow/.local/lib/python3.12/site-packages/airflow/example_dags/example_branch_day_of_week_operator.py
[2024-08-05T00:20:44.885+0000] {processor.py:840} INFO - DAG(s) 'example_weekday_branch_operator' retrieved from /home/airflow/.local/lib/python3.12/site-packages/airflow/example_dags/example_branch_day_of_week_operator.py
[2024-08-05T00:20:44.907+0000] {logging_mixin.py:188} INFO - [2024-08-05T00:20:44.906+0000] {dag.py:3089} INFO - Sync 1 DAGs
[2024-08-05T00:20:44.929+0000] {logging_mixin.py:188} INFO - [2024-08-05T00:20:44.929+0000] {dag.py:3947} INFO - Setting next_dagrun for example_weekday_branch_operator to 2024-08-04 00:00:00+00:00, run_after=2024-08-05 00:00:00+00:00
[2024-08-05T00:20:44.947+0000] {processor.py:183} INFO - Processing /home/airflow/.local/lib/python3.12/site-packages/airflow/example_dags/example_branch_day_of_week_operator.py took 0.076 seconds
[2024-08-05T00:21:15.327+0000] {processor.py:161} INFO - Started process (PID=26937) to work on /home/airflow/.local/lib/python3.12/site-packages/airflow/example_dags/example_branch_day_of_week_operator.py
[2024-08-05T00:21:15.328+0000] {processor.py:830} INFO - Processing file /home/airflow/.local/lib/python3.12/site-packages/airflow/example_dags/example_branch_day_of_week_operator.py for tasks to queue
[2024-08-05T00:21:15.329+0000] {logging_mixin.py:188} INFO - [2024-08-05T00:21:15.329+0000] {dagbag.py:545} INFO - Filling up the DagBag from /home/airflow/.local/lib/python3.12/site-packages/airflow/example_dags/example_branch_day_of_week_operator.py
[2024-08-05T00:21:15.337+0000] {processor.py:840} INFO - DAG(s) 'example_weekday_branch_operator' retrieved from /home/airflow/.local/lib/python3.12/site-packages/airflow/example_dags/example_branch_day_of_week_operator.py
[2024-08-05T00:21:15.357+0000] {logging_mixin.py:188} INFO - [2024-08-05T00:21:15.356+0000] {dag.py:3089} INFO - Sync 1 DAGs
[2024-08-05T00:21:15.377+0000] {logging_mixin.py:188} INFO - [2024-08-05T00:21:15.377+0000] {dag.py:3947} INFO - Setting next_dagrun for example_weekday_branch_operator to 2024-08-04 00:00:00+00:00, run_after=2024-08-05 00:00:00+00:00
[2024-08-05T00:21:15.393+0000] {processor.py:183} INFO - Processing /home/airflow/.local/lib/python3.12/site-packages/airflow/example_dags/example_branch_day_of_week_operator.py took 0.072 seconds
[2024-08-05T00:21:45.566+0000] {processor.py:161} INFO - Started process (PID=27209) to work on /home/airflow/.local/lib/python3.12/site-packages/airflow/example_dags/example_branch_day_of_week_operator.py
[2024-08-05T00:21:45.566+0000] {processor.py:830} INFO - Processing file /home/airflow/.local/lib/python3.12/site-packages/airflow/example_dags/example_branch_day_of_week_operator.py for tasks to queue
[2024-08-05T00:21:45.568+0000] {logging_mixin.py:188} INFO - [2024-08-05T00:21:45.567+0000] {dagbag.py:545} INFO - Filling up the DagBag from /home/airflow/.local/lib/python3.12/site-packages/airflow/example_dags/example_branch_day_of_week_operator.py
[2024-08-05T00:21:45.576+0000] {processor.py:840} INFO - DAG(s) 'example_weekday_branch_operator' retrieved from /home/airflow/.local/lib/python3.12/site-packages/airflow/example_dags/example_branch_day_of_week_operator.py
[2024-08-05T00:21:45.597+0000] {logging_mixin.py:188} INFO - [2024-08-05T00:21:45.597+0000] {dag.py:3089} INFO - Sync 1 DAGs
[2024-08-05T00:21:45.616+0000] {logging_mixin.py:188} INFO - [2024-08-05T00:21:45.616+0000] {dag.py:3947} INFO - Setting next_dagrun for example_weekday_branch_operator to 2024-08-04 00:00:00+00:00, run_after=2024-08-05 00:00:00+00:00
[2024-08-05T00:21:45.632+0000] {processor.py:183} INFO - Processing /home/airflow/.local/lib/python3.12/site-packages/airflow/example_dags/example_branch_day_of_week_operator.py took 0.071 seconds
[2024-08-05T00:22:15.973+0000] {processor.py:161} INFO - Started process (PID=27481) to work on /home/airflow/.local/lib/python3.12/site-packages/airflow/example_dags/example_branch_day_of_week_operator.py
[2024-08-05T00:22:15.974+0000] {processor.py:830} INFO - Processing file /home/airflow/.local/lib/python3.12/site-packages/airflow/example_dags/example_branch_day_of_week_operator.py for tasks to queue
[2024-08-05T00:22:15.975+0000] {logging_mixin.py:188} INFO - [2024-08-05T00:22:15.975+0000] {dagbag.py:545} INFO - Filling up the DagBag from /home/airflow/.local/lib/python3.12/site-packages/airflow/example_dags/example_branch_day_of_week_operator.py
[2024-08-05T00:22:15.980+0000] {processor.py:840} INFO - DAG(s) 'example_weekday_branch_operator' retrieved from /home/airflow/.local/lib/python3.12/site-packages/airflow/example_dags/example_branch_day_of_week_operator.py
[2024-08-05T00:22:16.000+0000] {logging_mixin.py:188} INFO - [2024-08-05T00:22:15.999+0000] {dag.py:3089} INFO - Sync 1 DAGs
[2024-08-05T00:22:16.022+0000] {logging_mixin.py:188} INFO - [2024-08-05T00:22:16.022+0000] {dag.py:3947} INFO - Setting next_dagrun for example_weekday_branch_operator to 2024-08-04 00:00:00+00:00, run_after=2024-08-05 00:00:00+00:00
[2024-08-05T00:22:16.037+0000] {processor.py:183} INFO - Processing /home/airflow/.local/lib/python3.12/site-packages/airflow/example_dags/example_branch_day_of_week_operator.py took 0.069 seconds
[2024-08-05T00:22:46.449+0000] {processor.py:161} INFO - Started process (PID=27753) to work on /home/airflow/.local/lib/python3.12/site-packages/airflow/example_dags/example_branch_day_of_week_operator.py
[2024-08-05T00:22:46.450+0000] {processor.py:830} INFO - Processing file /home/airflow/.local/lib/python3.12/site-packages/airflow/example_dags/example_branch_day_of_week_operator.py for tasks to queue
[2024-08-05T00:22:46.452+0000] {logging_mixin.py:188} INFO - [2024-08-05T00:22:46.451+0000] {dagbag.py:545} INFO - Filling up the DagBag from /home/airflow/.local/lib/python3.12/site-packages/airflow/example_dags/example_branch_day_of_week_operator.py
[2024-08-05T00:22:46.458+0000] {processor.py:840} INFO - DAG(s) 'example_weekday_branch_operator' retrieved from /home/airflow/.local/lib/python3.12/site-packages/airflow/example_dags/example_branch_day_of_week_operator.py
[2024-08-05T00:22:46.480+0000] {logging_mixin.py:188} INFO - [2024-08-05T00:22:46.480+0000] {dag.py:3089} INFO - Sync 1 DAGs
[2024-08-05T00:22:46.502+0000] {logging_mixin.py:188} INFO - [2024-08-05T00:22:46.501+0000] {dag.py:3947} INFO - Setting next_dagrun for example_weekday_branch_operator to 2024-08-04 00:00:00+00:00, run_after=2024-08-05 00:00:00+00:00
[2024-08-05T00:22:46.520+0000] {processor.py:183} INFO - Processing /home/airflow/.local/lib/python3.12/site-packages/airflow/example_dags/example_branch_day_of_week_operator.py took 0.076 seconds
[2024-08-05T00:23:17.033+0000] {processor.py:161} INFO - Started process (PID=28025) to work on /home/airflow/.local/lib/python3.12/site-packages/airflow/example_dags/example_branch_day_of_week_operator.py
[2024-08-05T00:23:17.034+0000] {processor.py:830} INFO - Processing file /home/airflow/.local/lib/python3.12/site-packages/airflow/example_dags/example_branch_day_of_week_operator.py for tasks to queue
[2024-08-05T00:23:17.036+0000] {logging_mixin.py:188} INFO - [2024-08-05T00:23:17.035+0000] {dagbag.py:545} INFO - Filling up the DagBag from /home/airflow/.local/lib/python3.12/site-packages/airflow/example_dags/example_branch_day_of_week_operator.py
[2024-08-05T00:23:17.044+0000] {processor.py:840} INFO - DAG(s) 'example_weekday_branch_operator' retrieved from /home/airflow/.local/lib/python3.12/site-packages/airflow/example_dags/example_branch_day_of_week_operator.py
[2024-08-05T00:23:17.065+0000] {logging_mixin.py:188} INFO - [2024-08-05T00:23:17.065+0000] {dag.py:3089} INFO - Sync 1 DAGs
[2024-08-05T00:23:17.088+0000] {logging_mixin.py:188} INFO - [2024-08-05T00:23:17.088+0000] {dag.py:3947} INFO - Setting next_dagrun for example_weekday_branch_operator to 2024-08-04 00:00:00+00:00, run_after=2024-08-05 00:00:00+00:00
[2024-08-05T00:23:17.105+0000] {processor.py:183} INFO - Processing /home/airflow/.local/lib/python3.12/site-packages/airflow/example_dags/example_branch_day_of_week_operator.py took 0.076 seconds
[2024-08-05T00:23:47.642+0000] {processor.py:161} INFO - Started process (PID=28297) to work on /home/airflow/.local/lib/python3.12/site-packages/airflow/example_dags/example_branch_day_of_week_operator.py
[2024-08-05T00:23:47.643+0000] {processor.py:830} INFO - Processing file /home/airflow/.local/lib/python3.12/site-packages/airflow/example_dags/example_branch_day_of_week_operator.py for tasks to queue
[2024-08-05T00:23:47.645+0000] {logging_mixin.py:188} INFO - [2024-08-05T00:23:47.644+0000] {dagbag.py:545} INFO - Filling up the DagBag from /home/airflow/.local/lib/python3.12/site-packages/airflow/example_dags/example_branch_day_of_week_operator.py
[2024-08-05T00:23:47.652+0000] {processor.py:840} INFO - DAG(s) 'example_weekday_branch_operator' retrieved from /home/airflow/.local/lib/python3.12/site-packages/airflow/example_dags/example_branch_day_of_week_operator.py
[2024-08-05T00:23:47.672+0000] {logging_mixin.py:188} INFO - [2024-08-05T00:23:47.672+0000] {dag.py:3089} INFO - Sync 1 DAGs
[2024-08-05T00:23:47.692+0000] {logging_mixin.py:188} INFO - [2024-08-05T00:23:47.692+0000] {dag.py:3947} INFO - Setting next_dagrun for example_weekday_branch_operator to 2024-08-04 00:00:00+00:00, run_after=2024-08-05 00:00:00+00:00
[2024-08-05T00:23:47.707+0000] {processor.py:183} INFO - Processing /home/airflow/.local/lib/python3.12/site-packages/airflow/example_dags/example_branch_day_of_week_operator.py took 0.070 seconds
[2024-08-05T00:24:18.313+0000] {processor.py:161} INFO - Started process (PID=28569) to work on /home/airflow/.local/lib/python3.12/site-packages/airflow/example_dags/example_branch_day_of_week_operator.py
[2024-08-05T00:24:18.314+0000] {processor.py:830} INFO - Processing file /home/airflow/.local/lib/python3.12/site-packages/airflow/example_dags/example_branch_day_of_week_operator.py for tasks to queue
[2024-08-05T00:24:18.315+0000] {logging_mixin.py:188} INFO - [2024-08-05T00:24:18.315+0000] {dagbag.py:545} INFO - Filling up the DagBag from /home/airflow/.local/lib/python3.12/site-packages/airflow/example_dags/example_branch_day_of_week_operator.py
[2024-08-05T00:24:18.321+0000] {processor.py:840} INFO - DAG(s) 'example_weekday_branch_operator' retrieved from /home/airflow/.local/lib/python3.12/site-packages/airflow/example_dags/example_branch_day_of_week_operator.py
[2024-08-05T00:24:18.440+0000] {logging_mixin.py:188} INFO - [2024-08-05T00:24:18.440+0000] {dag.py:3089} INFO - Sync 1 DAGs
[2024-08-05T00:24:18.455+0000] {logging_mixin.py:188} INFO - [2024-08-05T00:24:18.455+0000] {dag.py:3947} INFO - Setting next_dagrun for example_weekday_branch_operator to 2024-08-04 00:00:00+00:00, run_after=2024-08-05 00:00:00+00:00
[2024-08-05T00:24:18.467+0000] {processor.py:183} INFO - Processing /home/airflow/.local/lib/python3.12/site-packages/airflow/example_dags/example_branch_day_of_week_operator.py took 0.158 seconds
[2024-08-05T00:24:48.849+0000] {processor.py:161} INFO - Started process (PID=28841) to work on /home/airflow/.local/lib/python3.12/site-packages/airflow/example_dags/example_branch_day_of_week_operator.py
[2024-08-05T00:24:48.850+0000] {processor.py:830} INFO - Processing file /home/airflow/.local/lib/python3.12/site-packages/airflow/example_dags/example_branch_day_of_week_operator.py for tasks to queue
[2024-08-05T00:24:48.851+0000] {logging_mixin.py:188} INFO - [2024-08-05T00:24:48.851+0000] {dagbag.py:545} INFO - Filling up the DagBag from /home/airflow/.local/lib/python3.12/site-packages/airflow/example_dags/example_branch_day_of_week_operator.py
[2024-08-05T00:24:48.857+0000] {processor.py:840} INFO - DAG(s) 'example_weekday_branch_operator' retrieved from /home/airflow/.local/lib/python3.12/site-packages/airflow/example_dags/example_branch_day_of_week_operator.py
[2024-08-05T00:24:48.873+0000] {logging_mixin.py:188} INFO - [2024-08-05T00:24:48.873+0000] {dag.py:3089} INFO - Sync 1 DAGs
[2024-08-05T00:24:48.890+0000] {logging_mixin.py:188} INFO - [2024-08-05T00:24:48.890+0000] {dag.py:3947} INFO - Setting next_dagrun for example_weekday_branch_operator to 2024-08-04 00:00:00+00:00, run_after=2024-08-05 00:00:00+00:00
[2024-08-05T00:24:48.903+0000] {processor.py:183} INFO - Processing /home/airflow/.local/lib/python3.12/site-packages/airflow/example_dags/example_branch_day_of_week_operator.py took 0.058 seconds
