[2024-08-05T00:00:01.238+0000] {processor.py:161} INFO - Started process (PID=15574) to work on /home/airflow/.local/lib/python3.12/site-packages/airflow/example_dags/example_python_operator.py
[2024-08-05T00:00:01.239+0000] {processor.py:830} INFO - Processing file /home/airflow/.local/lib/python3.12/site-packages/airflow/example_dags/example_python_operator.py for tasks to queue
[2024-08-05T00:00:01.241+0000] {logging_mixin.py:188} INFO - [2024-08-05T00:00:01.240+0000] {dagbag.py:545} INFO - Filling up the DagBag from /home/airflow/.local/lib/python3.12/site-packages/airflow/example_dags/example_python_operator.py
[2024-08-05T00:00:01.249+0000] {processor.py:840} INFO - DAG(s) 'example_python_operator' retrieved from /home/airflow/.local/lib/python3.12/site-packages/airflow/example_dags/example_python_operator.py
[2024-08-05T00:00:01.271+0000] {logging_mixin.py:188} INFO - [2024-08-05T00:00:01.270+0000] {dag.py:3089} INFO - Sync 1 DAGs
[2024-08-05T00:00:01.281+0000] {logging_mixin.py:188} INFO - [2024-08-05T00:00:01.281+0000] {dag.py:3947} INFO - Setting next_dagrun for example_python_operator to None, run_after=None
[2024-08-05T00:00:01.297+0000] {processor.py:183} INFO - Processing /home/airflow/.local/lib/python3.12/site-packages/airflow/example_dags/example_python_operator.py took 0.064 seconds
[2024-08-05T00:00:32.044+0000] {processor.py:161} INFO - Started process (PID=15853) to work on /home/airflow/.local/lib/python3.12/site-packages/airflow/example_dags/example_python_operator.py
[2024-08-05T00:00:32.045+0000] {processor.py:830} INFO - Processing file /home/airflow/.local/lib/python3.12/site-packages/airflow/example_dags/example_python_operator.py for tasks to queue
[2024-08-05T00:00:32.046+0000] {logging_mixin.py:188} INFO - [2024-08-05T00:00:32.046+0000] {dagbag.py:545} INFO - Filling up the DagBag from /home/airflow/.local/lib/python3.12/site-packages/airflow/example_dags/example_python_operator.py
[2024-08-05T00:00:32.055+0000] {processor.py:840} INFO - DAG(s) 'example_python_operator' retrieved from /home/airflow/.local/lib/python3.12/site-packages/airflow/example_dags/example_python_operator.py
[2024-08-05T00:00:32.076+0000] {logging_mixin.py:188} INFO - [2024-08-05T00:00:32.075+0000] {dag.py:3089} INFO - Sync 1 DAGs
[2024-08-05T00:00:32.086+0000] {logging_mixin.py:188} INFO - [2024-08-05T00:00:32.086+0000] {dag.py:3947} INFO - Setting next_dagrun for example_python_operator to None, run_after=None
[2024-08-05T00:00:32.101+0000] {processor.py:183} INFO - Processing /home/airflow/.local/lib/python3.12/site-packages/airflow/example_dags/example_python_operator.py took 0.062 seconds
[2024-08-05T00:01:02.780+0000] {processor.py:161} INFO - Started process (PID=16125) to work on /home/airflow/.local/lib/python3.12/site-packages/airflow/example_dags/example_python_operator.py
[2024-08-05T00:01:02.781+0000] {processor.py:830} INFO - Processing file /home/airflow/.local/lib/python3.12/site-packages/airflow/example_dags/example_python_operator.py for tasks to queue
[2024-08-05T00:01:02.782+0000] {logging_mixin.py:188} INFO - [2024-08-05T00:01:02.782+0000] {dagbag.py:545} INFO - Filling up the DagBag from /home/airflow/.local/lib/python3.12/site-packages/airflow/example_dags/example_python_operator.py
[2024-08-05T00:01:02.792+0000] {processor.py:840} INFO - DAG(s) 'example_python_operator' retrieved from /home/airflow/.local/lib/python3.12/site-packages/airflow/example_dags/example_python_operator.py
[2024-08-05T00:01:02.814+0000] {logging_mixin.py:188} INFO - [2024-08-05T00:01:02.814+0000] {dag.py:3089} INFO - Sync 1 DAGs
[2024-08-05T00:01:02.825+0000] {logging_mixin.py:188} INFO - [2024-08-05T00:01:02.825+0000] {dag.py:3947} INFO - Setting next_dagrun for example_python_operator to None, run_after=None
[2024-08-05T00:01:02.842+0000] {processor.py:183} INFO - Processing /home/airflow/.local/lib/python3.12/site-packages/airflow/example_dags/example_python_operator.py took 0.067 seconds
[2024-08-05T00:01:33.093+0000] {processor.py:161} INFO - Started process (PID=16397) to work on /home/airflow/.local/lib/python3.12/site-packages/airflow/example_dags/example_python_operator.py
[2024-08-05T00:01:33.094+0000] {processor.py:830} INFO - Processing file /home/airflow/.local/lib/python3.12/site-packages/airflow/example_dags/example_python_operator.py for tasks to queue
[2024-08-05T00:01:33.095+0000] {logging_mixin.py:188} INFO - [2024-08-05T00:01:33.095+0000] {dagbag.py:545} INFO - Filling up the DagBag from /home/airflow/.local/lib/python3.12/site-packages/airflow/example_dags/example_python_operator.py
[2024-08-05T00:01:33.106+0000] {processor.py:840} INFO - DAG(s) 'example_python_operator' retrieved from /home/airflow/.local/lib/python3.12/site-packages/airflow/example_dags/example_python_operator.py
[2024-08-05T00:01:33.130+0000] {logging_mixin.py:188} INFO - [2024-08-05T00:01:33.129+0000] {dag.py:3089} INFO - Sync 1 DAGs
[2024-08-05T00:01:33.144+0000] {logging_mixin.py:188} INFO - [2024-08-05T00:01:33.144+0000] {dag.py:3947} INFO - Setting next_dagrun for example_python_operator to None, run_after=None
[2024-08-05T00:01:33.161+0000] {processor.py:183} INFO - Processing /home/airflow/.local/lib/python3.12/site-packages/airflow/example_dags/example_python_operator.py took 0.075 seconds
[2024-08-05T00:02:03.224+0000] {processor.py:161} INFO - Started process (PID=16669) to work on /home/airflow/.local/lib/python3.12/site-packages/airflow/example_dags/example_python_operator.py
[2024-08-05T00:02:03.225+0000] {processor.py:830} INFO - Processing file /home/airflow/.local/lib/python3.12/site-packages/airflow/example_dags/example_python_operator.py for tasks to queue
[2024-08-05T00:02:03.226+0000] {logging_mixin.py:188} INFO - [2024-08-05T00:02:03.226+0000] {dagbag.py:545} INFO - Filling up the DagBag from /home/airflow/.local/lib/python3.12/site-packages/airflow/example_dags/example_python_operator.py
[2024-08-05T00:02:03.235+0000] {processor.py:840} INFO - DAG(s) 'example_python_operator' retrieved from /home/airflow/.local/lib/python3.12/site-packages/airflow/example_dags/example_python_operator.py
[2024-08-05T00:02:03.259+0000] {logging_mixin.py:188} INFO - [2024-08-05T00:02:03.259+0000] {dag.py:3089} INFO - Sync 1 DAGs
[2024-08-05T00:02:03.272+0000] {logging_mixin.py:188} INFO - [2024-08-05T00:02:03.272+0000] {dag.py:3947} INFO - Setting next_dagrun for example_python_operator to None, run_after=None
[2024-08-05T00:02:03.294+0000] {processor.py:183} INFO - Processing /home/airflow/.local/lib/python3.12/site-packages/airflow/example_dags/example_python_operator.py took 0.075 seconds
[2024-08-05T00:02:33.345+0000] {processor.py:161} INFO - Started process (PID=16941) to work on /home/airflow/.local/lib/python3.12/site-packages/airflow/example_dags/example_python_operator.py
[2024-08-05T00:02:33.345+0000] {processor.py:830} INFO - Processing file /home/airflow/.local/lib/python3.12/site-packages/airflow/example_dags/example_python_operator.py for tasks to queue
[2024-08-05T00:02:33.347+0000] {logging_mixin.py:188} INFO - [2024-08-05T00:02:33.347+0000] {dagbag.py:545} INFO - Filling up the DagBag from /home/airflow/.local/lib/python3.12/site-packages/airflow/example_dags/example_python_operator.py
[2024-08-05T00:02:33.356+0000] {processor.py:840} INFO - DAG(s) 'example_python_operator' retrieved from /home/airflow/.local/lib/python3.12/site-packages/airflow/example_dags/example_python_operator.py
[2024-08-05T00:02:33.379+0000] {logging_mixin.py:188} INFO - [2024-08-05T00:02:33.379+0000] {dag.py:3089} INFO - Sync 1 DAGs
[2024-08-05T00:02:33.391+0000] {logging_mixin.py:188} INFO - [2024-08-05T00:02:33.391+0000] {dag.py:3947} INFO - Setting next_dagrun for example_python_operator to None, run_after=None
[2024-08-05T00:02:33.409+0000] {processor.py:183} INFO - Processing /home/airflow/.local/lib/python3.12/site-packages/airflow/example_dags/example_python_operator.py took 0.069 seconds
[2024-08-05T00:03:03.643+0000] {processor.py:161} INFO - Started process (PID=17213) to work on /home/airflow/.local/lib/python3.12/site-packages/airflow/example_dags/example_python_operator.py
[2024-08-05T00:03:03.644+0000] {processor.py:830} INFO - Processing file /home/airflow/.local/lib/python3.12/site-packages/airflow/example_dags/example_python_operator.py for tasks to queue
[2024-08-05T00:03:03.646+0000] {logging_mixin.py:188} INFO - [2024-08-05T00:03:03.645+0000] {dagbag.py:545} INFO - Filling up the DagBag from /home/airflow/.local/lib/python3.12/site-packages/airflow/example_dags/example_python_operator.py
[2024-08-05T00:03:03.656+0000] {processor.py:840} INFO - DAG(s) 'example_python_operator' retrieved from /home/airflow/.local/lib/python3.12/site-packages/airflow/example_dags/example_python_operator.py
[2024-08-05T00:03:03.679+0000] {logging_mixin.py:188} INFO - [2024-08-05T00:03:03.678+0000] {dag.py:3089} INFO - Sync 1 DAGs
[2024-08-05T00:03:03.690+0000] {logging_mixin.py:188} INFO - [2024-08-05T00:03:03.690+0000] {dag.py:3947} INFO - Setting next_dagrun for example_python_operator to None, run_after=None
[2024-08-05T00:03:03.707+0000] {processor.py:183} INFO - Processing /home/airflow/.local/lib/python3.12/site-packages/airflow/example_dags/example_python_operator.py took 0.069 seconds
[2024-08-05T00:03:34.028+0000] {processor.py:161} INFO - Started process (PID=17485) to work on /home/airflow/.local/lib/python3.12/site-packages/airflow/example_dags/example_python_operator.py
[2024-08-05T00:03:34.029+0000] {processor.py:830} INFO - Processing file /home/airflow/.local/lib/python3.12/site-packages/airflow/example_dags/example_python_operator.py for tasks to queue
[2024-08-05T00:03:34.030+0000] {logging_mixin.py:188} INFO - [2024-08-05T00:03:34.030+0000] {dagbag.py:545} INFO - Filling up the DagBag from /home/airflow/.local/lib/python3.12/site-packages/airflow/example_dags/example_python_operator.py
[2024-08-05T00:03:34.041+0000] {processor.py:840} INFO - DAG(s) 'example_python_operator' retrieved from /home/airflow/.local/lib/python3.12/site-packages/airflow/example_dags/example_python_operator.py
[2024-08-05T00:03:34.062+0000] {logging_mixin.py:188} INFO - [2024-08-05T00:03:34.062+0000] {dag.py:3089} INFO - Sync 1 DAGs
[2024-08-05T00:03:34.074+0000] {logging_mixin.py:188} INFO - [2024-08-05T00:03:34.074+0000] {dag.py:3947} INFO - Setting next_dagrun for example_python_operator to None, run_after=None
[2024-08-05T00:03:34.091+0000] {processor.py:183} INFO - Processing /home/airflow/.local/lib/python3.12/site-packages/airflow/example_dags/example_python_operator.py took 0.067 seconds
[2024-08-05T00:04:04.286+0000] {processor.py:161} INFO - Started process (PID=17757) to work on /home/airflow/.local/lib/python3.12/site-packages/airflow/example_dags/example_python_operator.py
[2024-08-05T00:04:04.289+0000] {processor.py:830} INFO - Processing file /home/airflow/.local/lib/python3.12/site-packages/airflow/example_dags/example_python_operator.py for tasks to queue
[2024-08-05T00:04:04.291+0000] {logging_mixin.py:188} INFO - [2024-08-05T00:04:04.290+0000] {dagbag.py:545} INFO - Filling up the DagBag from /home/airflow/.local/lib/python3.12/site-packages/airflow/example_dags/example_python_operator.py
[2024-08-05T00:04:04.301+0000] {processor.py:840} INFO - DAG(s) 'example_python_operator' retrieved from /home/airflow/.local/lib/python3.12/site-packages/airflow/example_dags/example_python_operator.py
[2024-08-05T00:04:04.325+0000] {logging_mixin.py:188} INFO - [2024-08-05T00:04:04.325+0000] {dag.py:3089} INFO - Sync 1 DAGs
[2024-08-05T00:04:04.338+0000] {logging_mixin.py:188} INFO - [2024-08-05T00:04:04.338+0000] {dag.py:3947} INFO - Setting next_dagrun for example_python_operator to None, run_after=None
[2024-08-05T00:04:04.358+0000] {processor.py:183} INFO - Processing /home/airflow/.local/lib/python3.12/site-packages/airflow/example_dags/example_python_operator.py took 0.080 seconds
[2024-08-05T00:04:34.502+0000] {processor.py:161} INFO - Started process (PID=18029) to work on /home/airflow/.local/lib/python3.12/site-packages/airflow/example_dags/example_python_operator.py
[2024-08-05T00:04:34.504+0000] {processor.py:830} INFO - Processing file /home/airflow/.local/lib/python3.12/site-packages/airflow/example_dags/example_python_operator.py for tasks to queue
[2024-08-05T00:04:34.505+0000] {logging_mixin.py:188} INFO - [2024-08-05T00:04:34.505+0000] {dagbag.py:545} INFO - Filling up the DagBag from /home/airflow/.local/lib/python3.12/site-packages/airflow/example_dags/example_python_operator.py
[2024-08-05T00:04:34.516+0000] {processor.py:840} INFO - DAG(s) 'example_python_operator' retrieved from /home/airflow/.local/lib/python3.12/site-packages/airflow/example_dags/example_python_operator.py
[2024-08-05T00:04:34.538+0000] {logging_mixin.py:188} INFO - [2024-08-05T00:04:34.538+0000] {dag.py:3089} INFO - Sync 1 DAGs
[2024-08-05T00:04:34.550+0000] {logging_mixin.py:188} INFO - [2024-08-05T00:04:34.549+0000] {dag.py:3947} INFO - Setting next_dagrun for example_python_operator to None, run_after=None
[2024-08-05T00:04:34.572+0000] {processor.py:183} INFO - Processing /home/airflow/.local/lib/python3.12/site-packages/airflow/example_dags/example_python_operator.py took 0.076 seconds
[2024-08-05T00:05:04.794+0000] {processor.py:161} INFO - Started process (PID=18301) to work on /home/airflow/.local/lib/python3.12/site-packages/airflow/example_dags/example_python_operator.py
[2024-08-05T00:05:04.795+0000] {processor.py:830} INFO - Processing file /home/airflow/.local/lib/python3.12/site-packages/airflow/example_dags/example_python_operator.py for tasks to queue
[2024-08-05T00:05:04.796+0000] {logging_mixin.py:188} INFO - [2024-08-05T00:05:04.796+0000] {dagbag.py:545} INFO - Filling up the DagBag from /home/airflow/.local/lib/python3.12/site-packages/airflow/example_dags/example_python_operator.py
[2024-08-05T00:05:04.807+0000] {processor.py:840} INFO - DAG(s) 'example_python_operator' retrieved from /home/airflow/.local/lib/python3.12/site-packages/airflow/example_dags/example_python_operator.py
[2024-08-05T00:05:04.826+0000] {logging_mixin.py:188} INFO - [2024-08-05T00:05:04.826+0000] {dag.py:3089} INFO - Sync 1 DAGs
[2024-08-05T00:05:04.841+0000] {logging_mixin.py:188} INFO - [2024-08-05T00:05:04.840+0000] {dag.py:3947} INFO - Setting next_dagrun for example_python_operator to None, run_after=None
[2024-08-05T00:05:04.860+0000] {processor.py:183} INFO - Processing /home/airflow/.local/lib/python3.12/site-packages/airflow/example_dags/example_python_operator.py took 0.071 seconds
[2024-08-05T00:05:35.078+0000] {processor.py:161} INFO - Started process (PID=18573) to work on /home/airflow/.local/lib/python3.12/site-packages/airflow/example_dags/example_python_operator.py
[2024-08-05T00:05:35.079+0000] {processor.py:830} INFO - Processing file /home/airflow/.local/lib/python3.12/site-packages/airflow/example_dags/example_python_operator.py for tasks to queue
[2024-08-05T00:05:35.081+0000] {logging_mixin.py:188} INFO - [2024-08-05T00:05:35.080+0000] {dagbag.py:545} INFO - Filling up the DagBag from /home/airflow/.local/lib/python3.12/site-packages/airflow/example_dags/example_python_operator.py
[2024-08-05T00:05:35.091+0000] {processor.py:840} INFO - DAG(s) 'example_python_operator' retrieved from /home/airflow/.local/lib/python3.12/site-packages/airflow/example_dags/example_python_operator.py
[2024-08-05T00:05:35.114+0000] {logging_mixin.py:188} INFO - [2024-08-05T00:05:35.114+0000] {dag.py:3089} INFO - Sync 1 DAGs
[2024-08-05T00:05:35.126+0000] {logging_mixin.py:188} INFO - [2024-08-05T00:05:35.126+0000] {dag.py:3947} INFO - Setting next_dagrun for example_python_operator to None, run_after=None
[2024-08-05T00:05:35.143+0000] {processor.py:183} INFO - Processing /home/airflow/.local/lib/python3.12/site-packages/airflow/example_dags/example_python_operator.py took 0.070 seconds
[2024-08-05T00:06:05.964+0000] {processor.py:161} INFO - Started process (PID=18839) to work on /home/airflow/.local/lib/python3.12/site-packages/airflow/example_dags/example_python_operator.py
[2024-08-05T00:06:05.965+0000] {processor.py:830} INFO - Processing file /home/airflow/.local/lib/python3.12/site-packages/airflow/example_dags/example_python_operator.py for tasks to queue
[2024-08-05T00:06:05.967+0000] {logging_mixin.py:188} INFO - [2024-08-05T00:06:05.966+0000] {dagbag.py:545} INFO - Filling up the DagBag from /home/airflow/.local/lib/python3.12/site-packages/airflow/example_dags/example_python_operator.py
[2024-08-05T00:06:05.976+0000] {processor.py:840} INFO - DAG(s) 'example_python_operator' retrieved from /home/airflow/.local/lib/python3.12/site-packages/airflow/example_dags/example_python_operator.py
[2024-08-05T00:06:05.995+0000] {logging_mixin.py:188} INFO - [2024-08-05T00:06:05.995+0000] {dag.py:3089} INFO - Sync 1 DAGs
[2024-08-05T00:06:06.008+0000] {logging_mixin.py:188} INFO - [2024-08-05T00:06:06.008+0000] {dag.py:3947} INFO - Setting next_dagrun for example_python_operator to None, run_after=None
[2024-08-05T00:06:06.026+0000] {processor.py:183} INFO - Processing /home/airflow/.local/lib/python3.12/site-packages/airflow/example_dags/example_python_operator.py took 0.069 seconds
[2024-08-05T00:06:36.203+0000] {processor.py:161} INFO - Started process (PID=19111) to work on /home/airflow/.local/lib/python3.12/site-packages/airflow/example_dags/example_python_operator.py
[2024-08-05T00:06:36.204+0000] {processor.py:830} INFO - Processing file /home/airflow/.local/lib/python3.12/site-packages/airflow/example_dags/example_python_operator.py for tasks to queue
[2024-08-05T00:06:36.206+0000] {logging_mixin.py:188} INFO - [2024-08-05T00:06:36.205+0000] {dagbag.py:545} INFO - Filling up the DagBag from /home/airflow/.local/lib/python3.12/site-packages/airflow/example_dags/example_python_operator.py
[2024-08-05T00:06:36.215+0000] {processor.py:840} INFO - DAG(s) 'example_python_operator' retrieved from /home/airflow/.local/lib/python3.12/site-packages/airflow/example_dags/example_python_operator.py
[2024-08-05T00:06:36.236+0000] {logging_mixin.py:188} INFO - [2024-08-05T00:06:36.236+0000] {dag.py:3089} INFO - Sync 1 DAGs
[2024-08-05T00:06:36.248+0000] {logging_mixin.py:188} INFO - [2024-08-05T00:06:36.248+0000] {dag.py:3947} INFO - Setting next_dagrun for example_python_operator to None, run_after=None
[2024-08-05T00:06:36.264+0000] {processor.py:183} INFO - Processing /home/airflow/.local/lib/python3.12/site-packages/airflow/example_dags/example_python_operator.py took 0.066 seconds
[2024-08-05T00:07:07.193+0000] {processor.py:161} INFO - Started process (PID=19383) to work on /home/airflow/.local/lib/python3.12/site-packages/airflow/example_dags/example_python_operator.py
[2024-08-05T00:07:07.194+0000] {processor.py:830} INFO - Processing file /home/airflow/.local/lib/python3.12/site-packages/airflow/example_dags/example_python_operator.py for tasks to queue
[2024-08-05T00:07:07.196+0000] {logging_mixin.py:188} INFO - [2024-08-05T00:07:07.196+0000] {dagbag.py:545} INFO - Filling up the DagBag from /home/airflow/.local/lib/python3.12/site-packages/airflow/example_dags/example_python_operator.py
[2024-08-05T00:07:07.206+0000] {processor.py:840} INFO - DAG(s) 'example_python_operator' retrieved from /home/airflow/.local/lib/python3.12/site-packages/airflow/example_dags/example_python_operator.py
[2024-08-05T00:07:07.226+0000] {logging_mixin.py:188} INFO - [2024-08-05T00:07:07.225+0000] {dag.py:3089} INFO - Sync 1 DAGs
[2024-08-05T00:07:07.240+0000] {logging_mixin.py:188} INFO - [2024-08-05T00:07:07.239+0000] {dag.py:3947} INFO - Setting next_dagrun for example_python_operator to None, run_after=None
[2024-08-05T00:07:07.257+0000] {processor.py:183} INFO - Processing /home/airflow/.local/lib/python3.12/site-packages/airflow/example_dags/example_python_operator.py took 0.070 seconds
[2024-08-05T00:07:37.523+0000] {processor.py:161} INFO - Started process (PID=19655) to work on /home/airflow/.local/lib/python3.12/site-packages/airflow/example_dags/example_python_operator.py
[2024-08-05T00:07:37.523+0000] {processor.py:830} INFO - Processing file /home/airflow/.local/lib/python3.12/site-packages/airflow/example_dags/example_python_operator.py for tasks to queue
[2024-08-05T00:07:37.525+0000] {logging_mixin.py:188} INFO - [2024-08-05T00:07:37.525+0000] {dagbag.py:545} INFO - Filling up the DagBag from /home/airflow/.local/lib/python3.12/site-packages/airflow/example_dags/example_python_operator.py
[2024-08-05T00:07:37.535+0000] {processor.py:840} INFO - DAG(s) 'example_python_operator' retrieved from /home/airflow/.local/lib/python3.12/site-packages/airflow/example_dags/example_python_operator.py
[2024-08-05T00:07:37.558+0000] {logging_mixin.py:188} INFO - [2024-08-05T00:07:37.557+0000] {dag.py:3089} INFO - Sync 1 DAGs
[2024-08-05T00:07:37.571+0000] {logging_mixin.py:188} INFO - [2024-08-05T00:07:37.570+0000] {dag.py:3947} INFO - Setting next_dagrun for example_python_operator to None, run_after=None
[2024-08-05T00:07:37.588+0000] {processor.py:183} INFO - Processing /home/airflow/.local/lib/python3.12/site-packages/airflow/example_dags/example_python_operator.py took 0.069 seconds
[2024-08-05T00:08:07.736+0000] {processor.py:161} INFO - Started process (PID=19927) to work on /home/airflow/.local/lib/python3.12/site-packages/airflow/example_dags/example_python_operator.py
[2024-08-05T00:08:07.737+0000] {processor.py:830} INFO - Processing file /home/airflow/.local/lib/python3.12/site-packages/airflow/example_dags/example_python_operator.py for tasks to queue
[2024-08-05T00:08:07.739+0000] {logging_mixin.py:188} INFO - [2024-08-05T00:08:07.738+0000] {dagbag.py:545} INFO - Filling up the DagBag from /home/airflow/.local/lib/python3.12/site-packages/airflow/example_dags/example_python_operator.py
[2024-08-05T00:08:07.749+0000] {processor.py:840} INFO - DAG(s) 'example_python_operator' retrieved from /home/airflow/.local/lib/python3.12/site-packages/airflow/example_dags/example_python_operator.py
[2024-08-05T00:08:07.771+0000] {logging_mixin.py:188} INFO - [2024-08-05T00:08:07.771+0000] {dag.py:3089} INFO - Sync 1 DAGs
[2024-08-05T00:08:07.784+0000] {logging_mixin.py:188} INFO - [2024-08-05T00:08:07.784+0000] {dag.py:3947} INFO - Setting next_dagrun for example_python_operator to None, run_after=None
[2024-08-05T00:08:07.801+0000] {processor.py:183} INFO - Processing /home/airflow/.local/lib/python3.12/site-packages/airflow/example_dags/example_python_operator.py took 0.070 seconds
[2024-08-05T00:08:38.181+0000] {processor.py:161} INFO - Started process (PID=20199) to work on /home/airflow/.local/lib/python3.12/site-packages/airflow/example_dags/example_python_operator.py
[2024-08-05T00:08:38.181+0000] {processor.py:830} INFO - Processing file /home/airflow/.local/lib/python3.12/site-packages/airflow/example_dags/example_python_operator.py for tasks to queue
[2024-08-05T00:08:38.183+0000] {logging_mixin.py:188} INFO - [2024-08-05T00:08:38.183+0000] {dagbag.py:545} INFO - Filling up the DagBag from /home/airflow/.local/lib/python3.12/site-packages/airflow/example_dags/example_python_operator.py
[2024-08-05T00:08:38.191+0000] {processor.py:840} INFO - DAG(s) 'example_python_operator' retrieved from /home/airflow/.local/lib/python3.12/site-packages/airflow/example_dags/example_python_operator.py
[2024-08-05T00:08:38.211+0000] {logging_mixin.py:188} INFO - [2024-08-05T00:08:38.210+0000] {dag.py:3089} INFO - Sync 1 DAGs
[2024-08-05T00:08:38.224+0000] {logging_mixin.py:188} INFO - [2024-08-05T00:08:38.224+0000] {dag.py:3947} INFO - Setting next_dagrun for example_python_operator to None, run_after=None
[2024-08-05T00:08:38.239+0000] {processor.py:183} INFO - Processing /home/airflow/.local/lib/python3.12/site-packages/airflow/example_dags/example_python_operator.py took 0.062 seconds
[2024-08-05T00:09:08.298+0000] {processor.py:161} INFO - Started process (PID=20471) to work on /home/airflow/.local/lib/python3.12/site-packages/airflow/example_dags/example_python_operator.py
[2024-08-05T00:09:08.299+0000] {processor.py:830} INFO - Processing file /home/airflow/.local/lib/python3.12/site-packages/airflow/example_dags/example_python_operator.py for tasks to queue
[2024-08-05T00:09:08.300+0000] {logging_mixin.py:188} INFO - [2024-08-05T00:09:08.300+0000] {dagbag.py:545} INFO - Filling up the DagBag from /home/airflow/.local/lib/python3.12/site-packages/airflow/example_dags/example_python_operator.py
[2024-08-05T00:09:08.309+0000] {processor.py:840} INFO - DAG(s) 'example_python_operator' retrieved from /home/airflow/.local/lib/python3.12/site-packages/airflow/example_dags/example_python_operator.py
[2024-08-05T00:09:08.330+0000] {logging_mixin.py:188} INFO - [2024-08-05T00:09:08.330+0000] {dag.py:3089} INFO - Sync 1 DAGs
[2024-08-05T00:09:08.341+0000] {logging_mixin.py:188} INFO - [2024-08-05T00:09:08.341+0000] {dag.py:3947} INFO - Setting next_dagrun for example_python_operator to None, run_after=None
[2024-08-05T00:09:08.357+0000] {processor.py:183} INFO - Processing /home/airflow/.local/lib/python3.12/site-packages/airflow/example_dags/example_python_operator.py took 0.064 seconds
[2024-08-05T00:09:39.031+0000] {processor.py:161} INFO - Started process (PID=20743) to work on /home/airflow/.local/lib/python3.12/site-packages/airflow/example_dags/example_python_operator.py
[2024-08-05T00:09:39.031+0000] {processor.py:830} INFO - Processing file /home/airflow/.local/lib/python3.12/site-packages/airflow/example_dags/example_python_operator.py for tasks to queue
[2024-08-05T00:09:39.032+0000] {logging_mixin.py:188} INFO - [2024-08-05T00:09:39.032+0000] {dagbag.py:545} INFO - Filling up the DagBag from /home/airflow/.local/lib/python3.12/site-packages/airflow/example_dags/example_python_operator.py
[2024-08-05T00:09:39.041+0000] {processor.py:840} INFO - DAG(s) 'example_python_operator' retrieved from /home/airflow/.local/lib/python3.12/site-packages/airflow/example_dags/example_python_operator.py
[2024-08-05T00:09:39.061+0000] {logging_mixin.py:188} INFO - [2024-08-05T00:09:39.060+0000] {dag.py:3089} INFO - Sync 1 DAGs
[2024-08-05T00:09:39.071+0000] {logging_mixin.py:188} INFO - [2024-08-05T00:09:39.070+0000] {dag.py:3947} INFO - Setting next_dagrun for example_python_operator to None, run_after=None
[2024-08-05T00:09:39.086+0000] {processor.py:183} INFO - Processing /home/airflow/.local/lib/python3.12/site-packages/airflow/example_dags/example_python_operator.py took 0.060 seconds
[2024-08-05T00:10:09.669+0000] {processor.py:161} INFO - Started process (PID=21021) to work on /home/airflow/.local/lib/python3.12/site-packages/airflow/example_dags/example_python_operator.py
[2024-08-05T00:10:09.669+0000] {processor.py:830} INFO - Processing file /home/airflow/.local/lib/python3.12/site-packages/airflow/example_dags/example_python_operator.py for tasks to queue
[2024-08-05T00:10:09.671+0000] {logging_mixin.py:188} INFO - [2024-08-05T00:10:09.671+0000] {dagbag.py:545} INFO - Filling up the DagBag from /home/airflow/.local/lib/python3.12/site-packages/airflow/example_dags/example_python_operator.py
[2024-08-05T00:10:09.679+0000] {processor.py:840} INFO - DAG(s) 'example_python_operator' retrieved from /home/airflow/.local/lib/python3.12/site-packages/airflow/example_dags/example_python_operator.py
[2024-08-05T00:10:09.700+0000] {logging_mixin.py:188} INFO - [2024-08-05T00:10:09.700+0000] {dag.py:3089} INFO - Sync 1 DAGs
[2024-08-05T00:10:09.712+0000] {logging_mixin.py:188} INFO - [2024-08-05T00:10:09.712+0000] {dag.py:3947} INFO - Setting next_dagrun for example_python_operator to None, run_after=None
[2024-08-05T00:10:09.728+0000] {processor.py:183} INFO - Processing /home/airflow/.local/lib/python3.12/site-packages/airflow/example_dags/example_python_operator.py took 0.064 seconds
[2024-08-05T00:10:40.449+0000] {processor.py:161} INFO - Started process (PID=21296) to work on /home/airflow/.local/lib/python3.12/site-packages/airflow/example_dags/example_python_operator.py
[2024-08-05T00:10:40.450+0000] {processor.py:830} INFO - Processing file /home/airflow/.local/lib/python3.12/site-packages/airflow/example_dags/example_python_operator.py for tasks to queue
[2024-08-05T00:10:40.451+0000] {logging_mixin.py:188} INFO - [2024-08-05T00:10:40.451+0000] {dagbag.py:545} INFO - Filling up the DagBag from /home/airflow/.local/lib/python3.12/site-packages/airflow/example_dags/example_python_operator.py
[2024-08-05T00:10:40.461+0000] {processor.py:840} INFO - DAG(s) 'example_python_operator' retrieved from /home/airflow/.local/lib/python3.12/site-packages/airflow/example_dags/example_python_operator.py
[2024-08-05T00:10:40.482+0000] {logging_mixin.py:188} INFO - [2024-08-05T00:10:40.482+0000] {dag.py:3089} INFO - Sync 1 DAGs
[2024-08-05T00:10:40.494+0000] {logging_mixin.py:188} INFO - [2024-08-05T00:10:40.494+0000] {dag.py:3947} INFO - Setting next_dagrun for example_python_operator to None, run_after=None
[2024-08-05T00:10:40.511+0000] {processor.py:183} INFO - Processing /home/airflow/.local/lib/python3.12/site-packages/airflow/example_dags/example_python_operator.py took 0.067 seconds
[2024-08-05T00:11:11.160+0000] {processor.py:161} INFO - Started process (PID=21568) to work on /home/airflow/.local/lib/python3.12/site-packages/airflow/example_dags/example_python_operator.py
[2024-08-05T00:11:11.161+0000] {processor.py:830} INFO - Processing file /home/airflow/.local/lib/python3.12/site-packages/airflow/example_dags/example_python_operator.py for tasks to queue
[2024-08-05T00:11:11.162+0000] {logging_mixin.py:188} INFO - [2024-08-05T00:11:11.162+0000] {dagbag.py:545} INFO - Filling up the DagBag from /home/airflow/.local/lib/python3.12/site-packages/airflow/example_dags/example_python_operator.py
[2024-08-05T00:11:11.171+0000] {processor.py:840} INFO - DAG(s) 'example_python_operator' retrieved from /home/airflow/.local/lib/python3.12/site-packages/airflow/example_dags/example_python_operator.py
[2024-08-05T00:11:11.193+0000] {logging_mixin.py:188} INFO - [2024-08-05T00:11:11.193+0000] {dag.py:3089} INFO - Sync 1 DAGs
[2024-08-05T00:11:11.203+0000] {logging_mixin.py:188} INFO - [2024-08-05T00:11:11.203+0000] {dag.py:3947} INFO - Setting next_dagrun for example_python_operator to None, run_after=None
[2024-08-05T00:11:11.218+0000] {processor.py:183} INFO - Processing /home/airflow/.local/lib/python3.12/site-packages/airflow/example_dags/example_python_operator.py took 0.063 seconds
[2024-08-05T00:11:42.083+0000] {processor.py:161} INFO - Started process (PID=21840) to work on /home/airflow/.local/lib/python3.12/site-packages/airflow/example_dags/example_python_operator.py
[2024-08-05T00:11:42.084+0000] {processor.py:830} INFO - Processing file /home/airflow/.local/lib/python3.12/site-packages/airflow/example_dags/example_python_operator.py for tasks to queue
[2024-08-05T00:11:42.086+0000] {logging_mixin.py:188} INFO - [2024-08-05T00:11:42.086+0000] {dagbag.py:545} INFO - Filling up the DagBag from /home/airflow/.local/lib/python3.12/site-packages/airflow/example_dags/example_python_operator.py
[2024-08-05T00:11:42.096+0000] {processor.py:840} INFO - DAG(s) 'example_python_operator' retrieved from /home/airflow/.local/lib/python3.12/site-packages/airflow/example_dags/example_python_operator.py
[2024-08-05T00:11:42.117+0000] {logging_mixin.py:188} INFO - [2024-08-05T00:11:42.117+0000] {dag.py:3089} INFO - Sync 1 DAGs
[2024-08-05T00:11:42.129+0000] {logging_mixin.py:188} INFO - [2024-08-05T00:11:42.129+0000] {dag.py:3947} INFO - Setting next_dagrun for example_python_operator to None, run_after=None
[2024-08-05T00:11:42.145+0000] {processor.py:183} INFO - Processing /home/airflow/.local/lib/python3.12/site-packages/airflow/example_dags/example_python_operator.py took 0.067 seconds
[2024-08-05T00:12:12.357+0000] {processor.py:161} INFO - Started process (PID=22112) to work on /home/airflow/.local/lib/python3.12/site-packages/airflow/example_dags/example_python_operator.py
[2024-08-05T00:12:12.358+0000] {processor.py:830} INFO - Processing file /home/airflow/.local/lib/python3.12/site-packages/airflow/example_dags/example_python_operator.py for tasks to queue
[2024-08-05T00:12:12.359+0000] {logging_mixin.py:188} INFO - [2024-08-05T00:12:12.359+0000] {dagbag.py:545} INFO - Filling up the DagBag from /home/airflow/.local/lib/python3.12/site-packages/airflow/example_dags/example_python_operator.py
[2024-08-05T00:12:12.367+0000] {processor.py:840} INFO - DAG(s) 'example_python_operator' retrieved from /home/airflow/.local/lib/python3.12/site-packages/airflow/example_dags/example_python_operator.py
[2024-08-05T00:12:12.390+0000] {logging_mixin.py:188} INFO - [2024-08-05T00:12:12.390+0000] {dag.py:3089} INFO - Sync 1 DAGs
[2024-08-05T00:12:12.401+0000] {logging_mixin.py:188} INFO - [2024-08-05T00:12:12.401+0000] {dag.py:3947} INFO - Setting next_dagrun for example_python_operator to None, run_after=None
[2024-08-05T00:12:12.417+0000] {processor.py:183} INFO - Processing /home/airflow/.local/lib/python3.12/site-packages/airflow/example_dags/example_python_operator.py took 0.067 seconds
[2024-08-05T00:12:42.571+0000] {processor.py:161} INFO - Started process (PID=22384) to work on /home/airflow/.local/lib/python3.12/site-packages/airflow/example_dags/example_python_operator.py
[2024-08-05T00:12:42.572+0000] {processor.py:830} INFO - Processing file /home/airflow/.local/lib/python3.12/site-packages/airflow/example_dags/example_python_operator.py for tasks to queue
[2024-08-05T00:12:42.574+0000] {logging_mixin.py:188} INFO - [2024-08-05T00:12:42.573+0000] {dagbag.py:545} INFO - Filling up the DagBag from /home/airflow/.local/lib/python3.12/site-packages/airflow/example_dags/example_python_operator.py
[2024-08-05T00:12:42.582+0000] {processor.py:840} INFO - DAG(s) 'example_python_operator' retrieved from /home/airflow/.local/lib/python3.12/site-packages/airflow/example_dags/example_python_operator.py
[2024-08-05T00:12:42.608+0000] {logging_mixin.py:188} INFO - [2024-08-05T00:12:42.607+0000] {dag.py:3089} INFO - Sync 1 DAGs
[2024-08-05T00:12:42.620+0000] {logging_mixin.py:188} INFO - [2024-08-05T00:12:42.620+0000] {dag.py:3947} INFO - Setting next_dagrun for example_python_operator to None, run_after=None
[2024-08-05T00:12:42.639+0000] {processor.py:183} INFO - Processing /home/airflow/.local/lib/python3.12/site-packages/airflow/example_dags/example_python_operator.py took 0.074 seconds
[2024-08-05T00:13:12.824+0000] {processor.py:161} INFO - Started process (PID=22656) to work on /home/airflow/.local/lib/python3.12/site-packages/airflow/example_dags/example_python_operator.py
[2024-08-05T00:13:12.824+0000] {processor.py:830} INFO - Processing file /home/airflow/.local/lib/python3.12/site-packages/airflow/example_dags/example_python_operator.py for tasks to queue
[2024-08-05T00:13:12.826+0000] {logging_mixin.py:188} INFO - [2024-08-05T00:13:12.826+0000] {dagbag.py:545} INFO - Filling up the DagBag from /home/airflow/.local/lib/python3.12/site-packages/airflow/example_dags/example_python_operator.py
[2024-08-05T00:13:12.835+0000] {processor.py:840} INFO - DAG(s) 'example_python_operator' retrieved from /home/airflow/.local/lib/python3.12/site-packages/airflow/example_dags/example_python_operator.py
[2024-08-05T00:13:12.858+0000] {logging_mixin.py:188} INFO - [2024-08-05T00:13:12.858+0000] {dag.py:3089} INFO - Sync 1 DAGs
[2024-08-05T00:13:12.869+0000] {logging_mixin.py:188} INFO - [2024-08-05T00:13:12.869+0000] {dag.py:3947} INFO - Setting next_dagrun for example_python_operator to None, run_after=None
[2024-08-05T00:13:12.886+0000] {processor.py:183} INFO - Processing /home/airflow/.local/lib/python3.12/site-packages/airflow/example_dags/example_python_operator.py took 0.068 seconds
[2024-08-05T00:13:43.218+0000] {processor.py:161} INFO - Started process (PID=22928) to work on /home/airflow/.local/lib/python3.12/site-packages/airflow/example_dags/example_python_operator.py
[2024-08-05T00:13:43.219+0000] {processor.py:830} INFO - Processing file /home/airflow/.local/lib/python3.12/site-packages/airflow/example_dags/example_python_operator.py for tasks to queue
[2024-08-05T00:13:43.221+0000] {logging_mixin.py:188} INFO - [2024-08-05T00:13:43.221+0000] {dagbag.py:545} INFO - Filling up the DagBag from /home/airflow/.local/lib/python3.12/site-packages/airflow/example_dags/example_python_operator.py
[2024-08-05T00:13:43.230+0000] {processor.py:840} INFO - DAG(s) 'example_python_operator' retrieved from /home/airflow/.local/lib/python3.12/site-packages/airflow/example_dags/example_python_operator.py
[2024-08-05T00:13:43.255+0000] {logging_mixin.py:188} INFO - [2024-08-05T00:13:43.255+0000] {dag.py:3089} INFO - Sync 1 DAGs
[2024-08-05T00:13:43.267+0000] {logging_mixin.py:188} INFO - [2024-08-05T00:13:43.267+0000] {dag.py:3947} INFO - Setting next_dagrun for example_python_operator to None, run_after=None
[2024-08-05T00:13:43.285+0000] {processor.py:183} INFO - Processing /home/airflow/.local/lib/python3.12/site-packages/airflow/example_dags/example_python_operator.py took 0.073 seconds
[2024-08-05T00:14:13.726+0000] {processor.py:161} INFO - Started process (PID=23200) to work on /home/airflow/.local/lib/python3.12/site-packages/airflow/example_dags/example_python_operator.py
[2024-08-05T00:14:13.727+0000] {processor.py:830} INFO - Processing file /home/airflow/.local/lib/python3.12/site-packages/airflow/example_dags/example_python_operator.py for tasks to queue
[2024-08-05T00:14:13.729+0000] {logging_mixin.py:188} INFO - [2024-08-05T00:14:13.728+0000] {dagbag.py:545} INFO - Filling up the DagBag from /home/airflow/.local/lib/python3.12/site-packages/airflow/example_dags/example_python_operator.py
[2024-08-05T00:14:13.741+0000] {processor.py:840} INFO - DAG(s) 'example_python_operator' retrieved from /home/airflow/.local/lib/python3.12/site-packages/airflow/example_dags/example_python_operator.py
[2024-08-05T00:14:13.767+0000] {logging_mixin.py:188} INFO - [2024-08-05T00:14:13.767+0000] {dag.py:3089} INFO - Sync 1 DAGs
[2024-08-05T00:14:13.780+0000] {logging_mixin.py:188} INFO - [2024-08-05T00:14:13.779+0000] {dag.py:3947} INFO - Setting next_dagrun for example_python_operator to None, run_after=None
[2024-08-05T00:14:13.800+0000] {processor.py:183} INFO - Processing /home/airflow/.local/lib/python3.12/site-packages/airflow/example_dags/example_python_operator.py took 0.080 seconds
[2024-08-05T00:14:44.031+0000] {processor.py:161} INFO - Started process (PID=23472) to work on /home/airflow/.local/lib/python3.12/site-packages/airflow/example_dags/example_python_operator.py
[2024-08-05T00:14:44.032+0000] {processor.py:830} INFO - Processing file /home/airflow/.local/lib/python3.12/site-packages/airflow/example_dags/example_python_operator.py for tasks to queue
[2024-08-05T00:14:44.034+0000] {logging_mixin.py:188} INFO - [2024-08-05T00:14:44.033+0000] {dagbag.py:545} INFO - Filling up the DagBag from /home/airflow/.local/lib/python3.12/site-packages/airflow/example_dags/example_python_operator.py
[2024-08-05T00:14:44.044+0000] {processor.py:840} INFO - DAG(s) 'example_python_operator' retrieved from /home/airflow/.local/lib/python3.12/site-packages/airflow/example_dags/example_python_operator.py
[2024-08-05T00:14:44.067+0000] {logging_mixin.py:188} INFO - [2024-08-05T00:14:44.067+0000] {dag.py:3089} INFO - Sync 1 DAGs
[2024-08-05T00:14:44.079+0000] {logging_mixin.py:188} INFO - [2024-08-05T00:14:44.078+0000] {dag.py:3947} INFO - Setting next_dagrun for example_python_operator to None, run_after=None
[2024-08-05T00:14:44.096+0000] {processor.py:183} INFO - Processing /home/airflow/.local/lib/python3.12/site-packages/airflow/example_dags/example_python_operator.py took 0.070 seconds
[2024-08-05T00:15:14.227+0000] {processor.py:161} INFO - Started process (PID=23744) to work on /home/airflow/.local/lib/python3.12/site-packages/airflow/example_dags/example_python_operator.py
[2024-08-05T00:15:14.228+0000] {processor.py:830} INFO - Processing file /home/airflow/.local/lib/python3.12/site-packages/airflow/example_dags/example_python_operator.py for tasks to queue
[2024-08-05T00:15:14.229+0000] {logging_mixin.py:188} INFO - [2024-08-05T00:15:14.229+0000] {dagbag.py:545} INFO - Filling up the DagBag from /home/airflow/.local/lib/python3.12/site-packages/airflow/example_dags/example_python_operator.py
[2024-08-05T00:15:14.236+0000] {processor.py:840} INFO - DAG(s) 'example_python_operator' retrieved from /home/airflow/.local/lib/python3.12/site-packages/airflow/example_dags/example_python_operator.py
[2024-08-05T00:15:14.258+0000] {logging_mixin.py:188} INFO - [2024-08-05T00:15:14.257+0000] {dag.py:3089} INFO - Sync 1 DAGs
[2024-08-05T00:15:14.270+0000] {logging_mixin.py:188} INFO - [2024-08-05T00:15:14.269+0000] {dag.py:3947} INFO - Setting next_dagrun for example_python_operator to None, run_after=None
[2024-08-05T00:15:14.284+0000] {processor.py:183} INFO - Processing /home/airflow/.local/lib/python3.12/site-packages/airflow/example_dags/example_python_operator.py took 0.062 seconds
[2024-08-05T00:15:44.462+0000] {processor.py:161} INFO - Started process (PID=24016) to work on /home/airflow/.local/lib/python3.12/site-packages/airflow/example_dags/example_python_operator.py
[2024-08-05T00:15:44.463+0000] {processor.py:830} INFO - Processing file /home/airflow/.local/lib/python3.12/site-packages/airflow/example_dags/example_python_operator.py for tasks to queue
[2024-08-05T00:15:44.465+0000] {logging_mixin.py:188} INFO - [2024-08-05T00:15:44.465+0000] {dagbag.py:545} INFO - Filling up the DagBag from /home/airflow/.local/lib/python3.12/site-packages/airflow/example_dags/example_python_operator.py
[2024-08-05T00:15:44.475+0000] {processor.py:840} INFO - DAG(s) 'example_python_operator' retrieved from /home/airflow/.local/lib/python3.12/site-packages/airflow/example_dags/example_python_operator.py
[2024-08-05T00:15:44.497+0000] {logging_mixin.py:188} INFO - [2024-08-05T00:15:44.497+0000] {dag.py:3089} INFO - Sync 1 DAGs
[2024-08-05T00:15:44.507+0000] {logging_mixin.py:188} INFO - [2024-08-05T00:15:44.507+0000] {dag.py:3947} INFO - Setting next_dagrun for example_python_operator to None, run_after=None
[2024-08-05T00:15:44.524+0000] {processor.py:183} INFO - Processing /home/airflow/.local/lib/python3.12/site-packages/airflow/example_dags/example_python_operator.py took 0.067 seconds
[2024-08-05T00:16:15.032+0000] {processor.py:161} INFO - Started process (PID=24288) to work on /home/airflow/.local/lib/python3.12/site-packages/airflow/example_dags/example_python_operator.py
[2024-08-05T00:16:15.033+0000] {processor.py:830} INFO - Processing file /home/airflow/.local/lib/python3.12/site-packages/airflow/example_dags/example_python_operator.py for tasks to queue
[2024-08-05T00:16:15.034+0000] {logging_mixin.py:188} INFO - [2024-08-05T00:16:15.034+0000] {dagbag.py:545} INFO - Filling up the DagBag from /home/airflow/.local/lib/python3.12/site-packages/airflow/example_dags/example_python_operator.py
[2024-08-05T00:16:15.043+0000] {processor.py:840} INFO - DAG(s) 'example_python_operator' retrieved from /home/airflow/.local/lib/python3.12/site-packages/airflow/example_dags/example_python_operator.py
[2024-08-05T00:16:15.064+0000] {logging_mixin.py:188} INFO - [2024-08-05T00:16:15.064+0000] {dag.py:3089} INFO - Sync 1 DAGs
[2024-08-05T00:16:15.075+0000] {logging_mixin.py:188} INFO - [2024-08-05T00:16:15.075+0000] {dag.py:3947} INFO - Setting next_dagrun for example_python_operator to None, run_after=None
[2024-08-05T00:16:15.092+0000] {processor.py:183} INFO - Processing /home/airflow/.local/lib/python3.12/site-packages/airflow/example_dags/example_python_operator.py took 0.065 seconds
[2024-08-05T00:16:45.333+0000] {processor.py:161} INFO - Started process (PID=24560) to work on /home/airflow/.local/lib/python3.12/site-packages/airflow/example_dags/example_python_operator.py
[2024-08-05T00:16:45.334+0000] {processor.py:830} INFO - Processing file /home/airflow/.local/lib/python3.12/site-packages/airflow/example_dags/example_python_operator.py for tasks to queue
[2024-08-05T00:16:45.336+0000] {logging_mixin.py:188} INFO - [2024-08-05T00:16:45.336+0000] {dagbag.py:545} INFO - Filling up the DagBag from /home/airflow/.local/lib/python3.12/site-packages/airflow/example_dags/example_python_operator.py
[2024-08-05T00:16:45.346+0000] {processor.py:840} INFO - DAG(s) 'example_python_operator' retrieved from /home/airflow/.local/lib/python3.12/site-packages/airflow/example_dags/example_python_operator.py
[2024-08-05T00:16:45.370+0000] {logging_mixin.py:188} INFO - [2024-08-05T00:16:45.369+0000] {dag.py:3089} INFO - Sync 1 DAGs
[2024-08-05T00:16:45.381+0000] {logging_mixin.py:188} INFO - [2024-08-05T00:16:45.381+0000] {dag.py:3947} INFO - Setting next_dagrun for example_python_operator to None, run_after=None
[2024-08-05T00:16:45.399+0000] {processor.py:183} INFO - Processing /home/airflow/.local/lib/python3.12/site-packages/airflow/example_dags/example_python_operator.py took 0.072 seconds
[2024-08-05T00:17:15.672+0000] {processor.py:161} INFO - Started process (PID=24832) to work on /home/airflow/.local/lib/python3.12/site-packages/airflow/example_dags/example_python_operator.py
[2024-08-05T00:17:15.673+0000] {processor.py:830} INFO - Processing file /home/airflow/.local/lib/python3.12/site-packages/airflow/example_dags/example_python_operator.py for tasks to queue
[2024-08-05T00:17:15.674+0000] {logging_mixin.py:188} INFO - [2024-08-05T00:17:15.674+0000] {dagbag.py:545} INFO - Filling up the DagBag from /home/airflow/.local/lib/python3.12/site-packages/airflow/example_dags/example_python_operator.py
[2024-08-05T00:17:15.684+0000] {processor.py:840} INFO - DAG(s) 'example_python_operator' retrieved from /home/airflow/.local/lib/python3.12/site-packages/airflow/example_dags/example_python_operator.py
[2024-08-05T00:17:15.705+0000] {logging_mixin.py:188} INFO - [2024-08-05T00:17:15.704+0000] {dag.py:3089} INFO - Sync 1 DAGs
[2024-08-05T00:17:15.717+0000] {logging_mixin.py:188} INFO - [2024-08-05T00:17:15.717+0000] {dag.py:3947} INFO - Setting next_dagrun for example_python_operator to None, run_after=None
[2024-08-05T00:17:15.736+0000] {processor.py:183} INFO - Processing /home/airflow/.local/lib/python3.12/site-packages/airflow/example_dags/example_python_operator.py took 0.067 seconds
[2024-08-05T00:17:46.007+0000] {processor.py:161} INFO - Started process (PID=25104) to work on /home/airflow/.local/lib/python3.12/site-packages/airflow/example_dags/example_python_operator.py
[2024-08-05T00:17:46.008+0000] {processor.py:830} INFO - Processing file /home/airflow/.local/lib/python3.12/site-packages/airflow/example_dags/example_python_operator.py for tasks to queue
[2024-08-05T00:17:46.010+0000] {logging_mixin.py:188} INFO - [2024-08-05T00:17:46.010+0000] {dagbag.py:545} INFO - Filling up the DagBag from /home/airflow/.local/lib/python3.12/site-packages/airflow/example_dags/example_python_operator.py
[2024-08-05T00:17:46.019+0000] {processor.py:840} INFO - DAG(s) 'example_python_operator' retrieved from /home/airflow/.local/lib/python3.12/site-packages/airflow/example_dags/example_python_operator.py
[2024-08-05T00:17:46.041+0000] {logging_mixin.py:188} INFO - [2024-08-05T00:17:46.040+0000] {dag.py:3089} INFO - Sync 1 DAGs
[2024-08-05T00:17:46.052+0000] {logging_mixin.py:188} INFO - [2024-08-05T00:17:46.052+0000] {dag.py:3947} INFO - Setting next_dagrun for example_python_operator to None, run_after=None
[2024-08-05T00:17:46.068+0000] {processor.py:183} INFO - Processing /home/airflow/.local/lib/python3.12/site-packages/airflow/example_dags/example_python_operator.py took 0.066 seconds
[2024-08-05T00:18:16.295+0000] {processor.py:161} INFO - Started process (PID=25376) to work on /home/airflow/.local/lib/python3.12/site-packages/airflow/example_dags/example_python_operator.py
[2024-08-05T00:18:16.296+0000] {processor.py:830} INFO - Processing file /home/airflow/.local/lib/python3.12/site-packages/airflow/example_dags/example_python_operator.py for tasks to queue
[2024-08-05T00:18:16.297+0000] {logging_mixin.py:188} INFO - [2024-08-05T00:18:16.297+0000] {dagbag.py:545} INFO - Filling up the DagBag from /home/airflow/.local/lib/python3.12/site-packages/airflow/example_dags/example_python_operator.py
[2024-08-05T00:18:16.306+0000] {processor.py:840} INFO - DAG(s) 'example_python_operator' retrieved from /home/airflow/.local/lib/python3.12/site-packages/airflow/example_dags/example_python_operator.py
[2024-08-05T00:18:16.328+0000] {logging_mixin.py:188} INFO - [2024-08-05T00:18:16.328+0000] {dag.py:3089} INFO - Sync 1 DAGs
[2024-08-05T00:18:16.340+0000] {logging_mixin.py:188} INFO - [2024-08-05T00:18:16.340+0000] {dag.py:3947} INFO - Setting next_dagrun for example_python_operator to None, run_after=None
[2024-08-05T00:18:16.356+0000] {processor.py:183} INFO - Processing /home/airflow/.local/lib/python3.12/site-packages/airflow/example_dags/example_python_operator.py took 0.066 seconds
[2024-08-05T00:18:46.436+0000] {processor.py:161} INFO - Started process (PID=25648) to work on /home/airflow/.local/lib/python3.12/site-packages/airflow/example_dags/example_python_operator.py
[2024-08-05T00:18:46.437+0000] {processor.py:830} INFO - Processing file /home/airflow/.local/lib/python3.12/site-packages/airflow/example_dags/example_python_operator.py for tasks to queue
[2024-08-05T00:18:46.438+0000] {logging_mixin.py:188} INFO - [2024-08-05T00:18:46.438+0000] {dagbag.py:545} INFO - Filling up the DagBag from /home/airflow/.local/lib/python3.12/site-packages/airflow/example_dags/example_python_operator.py
[2024-08-05T00:18:46.447+0000] {processor.py:840} INFO - DAG(s) 'example_python_operator' retrieved from /home/airflow/.local/lib/python3.12/site-packages/airflow/example_dags/example_python_operator.py
[2024-08-05T00:18:46.470+0000] {logging_mixin.py:188} INFO - [2024-08-05T00:18:46.469+0000] {dag.py:3089} INFO - Sync 1 DAGs
[2024-08-05T00:18:46.481+0000] {logging_mixin.py:188} INFO - [2024-08-05T00:18:46.481+0000] {dag.py:3947} INFO - Setting next_dagrun for example_python_operator to None, run_after=None
[2024-08-05T00:18:46.498+0000] {processor.py:183} INFO - Processing /home/airflow/.local/lib/python3.12/site-packages/airflow/example_dags/example_python_operator.py took 0.067 seconds
[2024-08-05T00:19:16.665+0000] {processor.py:161} INFO - Started process (PID=25920) to work on /home/airflow/.local/lib/python3.12/site-packages/airflow/example_dags/example_python_operator.py
[2024-08-05T00:19:16.665+0000] {processor.py:830} INFO - Processing file /home/airflow/.local/lib/python3.12/site-packages/airflow/example_dags/example_python_operator.py for tasks to queue
[2024-08-05T00:19:16.667+0000] {logging_mixin.py:188} INFO - [2024-08-05T00:19:16.667+0000] {dagbag.py:545} INFO - Filling up the DagBag from /home/airflow/.local/lib/python3.12/site-packages/airflow/example_dags/example_python_operator.py
[2024-08-05T00:19:16.676+0000] {processor.py:840} INFO - DAG(s) 'example_python_operator' retrieved from /home/airflow/.local/lib/python3.12/site-packages/airflow/example_dags/example_python_operator.py
[2024-08-05T00:19:16.697+0000] {logging_mixin.py:188} INFO - [2024-08-05T00:19:16.697+0000] {dag.py:3089} INFO - Sync 1 DAGs
[2024-08-05T00:19:16.709+0000] {logging_mixin.py:188} INFO - [2024-08-05T00:19:16.708+0000] {dag.py:3947} INFO - Setting next_dagrun for example_python_operator to None, run_after=None
[2024-08-05T00:19:16.725+0000] {processor.py:183} INFO - Processing /home/airflow/.local/lib/python3.12/site-packages/airflow/example_dags/example_python_operator.py took 0.065 seconds
[2024-08-05T00:19:46.934+0000] {processor.py:161} INFO - Started process (PID=26190) to work on /home/airflow/.local/lib/python3.12/site-packages/airflow/example_dags/example_python_operator.py
[2024-08-05T00:19:46.935+0000] {processor.py:830} INFO - Processing file /home/airflow/.local/lib/python3.12/site-packages/airflow/example_dags/example_python_operator.py for tasks to queue
[2024-08-05T00:19:46.937+0000] {logging_mixin.py:188} INFO - [2024-08-05T00:19:46.936+0000] {dagbag.py:545} INFO - Filling up the DagBag from /home/airflow/.local/lib/python3.12/site-packages/airflow/example_dags/example_python_operator.py
[2024-08-05T00:19:46.947+0000] {processor.py:840} INFO - DAG(s) 'example_python_operator' retrieved from /home/airflow/.local/lib/python3.12/site-packages/airflow/example_dags/example_python_operator.py
[2024-08-05T00:19:46.969+0000] {logging_mixin.py:188} INFO - [2024-08-05T00:19:46.969+0000] {dag.py:3089} INFO - Sync 1 DAGs
[2024-08-05T00:19:46.981+0000] {logging_mixin.py:188} INFO - [2024-08-05T00:19:46.980+0000] {dag.py:3947} INFO - Setting next_dagrun for example_python_operator to None, run_after=None
[2024-08-05T00:19:46.997+0000] {processor.py:183} INFO - Processing /home/airflow/.local/lib/python3.12/site-packages/airflow/example_dags/example_python_operator.py took 0.067 seconds
[2024-08-05T00:20:17.182+0000] {processor.py:161} INFO - Started process (PID=26471) to work on /home/airflow/.local/lib/python3.12/site-packages/airflow/example_dags/example_python_operator.py
[2024-08-05T00:20:17.182+0000] {processor.py:830} INFO - Processing file /home/airflow/.local/lib/python3.12/site-packages/airflow/example_dags/example_python_operator.py for tasks to queue
[2024-08-05T00:20:17.184+0000] {logging_mixin.py:188} INFO - [2024-08-05T00:20:17.184+0000] {dagbag.py:545} INFO - Filling up the DagBag from /home/airflow/.local/lib/python3.12/site-packages/airflow/example_dags/example_python_operator.py
[2024-08-05T00:20:17.193+0000] {processor.py:840} INFO - DAG(s) 'example_python_operator' retrieved from /home/airflow/.local/lib/python3.12/site-packages/airflow/example_dags/example_python_operator.py
[2024-08-05T00:20:17.216+0000] {logging_mixin.py:188} INFO - [2024-08-05T00:20:17.216+0000] {dag.py:3089} INFO - Sync 1 DAGs
[2024-08-05T00:20:17.228+0000] {logging_mixin.py:188} INFO - [2024-08-05T00:20:17.228+0000] {dag.py:3947} INFO - Setting next_dagrun for example_python_operator to None, run_after=None
[2024-08-05T00:20:17.244+0000] {processor.py:183} INFO - Processing /home/airflow/.local/lib/python3.12/site-packages/airflow/example_dags/example_python_operator.py took 0.069 seconds
[2024-08-05T00:20:47.731+0000] {processor.py:161} INFO - Started process (PID=26744) to work on /home/airflow/.local/lib/python3.12/site-packages/airflow/example_dags/example_python_operator.py
[2024-08-05T00:20:47.732+0000] {processor.py:830} INFO - Processing file /home/airflow/.local/lib/python3.12/site-packages/airflow/example_dags/example_python_operator.py for tasks to queue
[2024-08-05T00:20:47.733+0000] {logging_mixin.py:188} INFO - [2024-08-05T00:20:47.733+0000] {dagbag.py:545} INFO - Filling up the DagBag from /home/airflow/.local/lib/python3.12/site-packages/airflow/example_dags/example_python_operator.py
[2024-08-05T00:20:47.744+0000] {processor.py:840} INFO - DAG(s) 'example_python_operator' retrieved from /home/airflow/.local/lib/python3.12/site-packages/airflow/example_dags/example_python_operator.py
[2024-08-05T00:20:47.765+0000] {logging_mixin.py:188} INFO - [2024-08-05T00:20:47.765+0000] {dag.py:3089} INFO - Sync 1 DAGs
[2024-08-05T00:20:47.778+0000] {logging_mixin.py:188} INFO - [2024-08-05T00:20:47.778+0000] {dag.py:3947} INFO - Setting next_dagrun for example_python_operator to None, run_after=None
[2024-08-05T00:20:47.795+0000] {processor.py:183} INFO - Processing /home/airflow/.local/lib/python3.12/site-packages/airflow/example_dags/example_python_operator.py took 0.070 seconds
[2024-08-05T00:21:18.237+0000] {processor.py:161} INFO - Started process (PID=27017) to work on /home/airflow/.local/lib/python3.12/site-packages/airflow/example_dags/example_python_operator.py
[2024-08-05T00:21:18.238+0000] {processor.py:830} INFO - Processing file /home/airflow/.local/lib/python3.12/site-packages/airflow/example_dags/example_python_operator.py for tasks to queue
[2024-08-05T00:21:18.239+0000] {logging_mixin.py:188} INFO - [2024-08-05T00:21:18.239+0000] {dagbag.py:545} INFO - Filling up the DagBag from /home/airflow/.local/lib/python3.12/site-packages/airflow/example_dags/example_python_operator.py
[2024-08-05T00:21:18.248+0000] {processor.py:840} INFO - DAG(s) 'example_python_operator' retrieved from /home/airflow/.local/lib/python3.12/site-packages/airflow/example_dags/example_python_operator.py
[2024-08-05T00:21:18.272+0000] {logging_mixin.py:188} INFO - [2024-08-05T00:21:18.271+0000] {dag.py:3089} INFO - Sync 1 DAGs
[2024-08-05T00:21:18.283+0000] {logging_mixin.py:188} INFO - [2024-08-05T00:21:18.283+0000] {dag.py:3947} INFO - Setting next_dagrun for example_python_operator to None, run_after=None
[2024-08-05T00:21:18.300+0000] {processor.py:183} INFO - Processing /home/airflow/.local/lib/python3.12/site-packages/airflow/example_dags/example_python_operator.py took 0.069 seconds
[2024-08-05T00:21:48.495+0000] {processor.py:161} INFO - Started process (PID=27289) to work on /home/airflow/.local/lib/python3.12/site-packages/airflow/example_dags/example_python_operator.py
[2024-08-05T00:21:48.496+0000] {processor.py:830} INFO - Processing file /home/airflow/.local/lib/python3.12/site-packages/airflow/example_dags/example_python_operator.py for tasks to queue
[2024-08-05T00:21:48.498+0000] {logging_mixin.py:188} INFO - [2024-08-05T00:21:48.498+0000] {dagbag.py:545} INFO - Filling up the DagBag from /home/airflow/.local/lib/python3.12/site-packages/airflow/example_dags/example_python_operator.py
[2024-08-05T00:21:48.508+0000] {processor.py:840} INFO - DAG(s) 'example_python_operator' retrieved from /home/airflow/.local/lib/python3.12/site-packages/airflow/example_dags/example_python_operator.py
[2024-08-05T00:21:48.530+0000] {logging_mixin.py:188} INFO - [2024-08-05T00:21:48.530+0000] {dag.py:3089} INFO - Sync 1 DAGs
[2024-08-05T00:21:48.543+0000] {logging_mixin.py:188} INFO - [2024-08-05T00:21:48.543+0000] {dag.py:3947} INFO - Setting next_dagrun for example_python_operator to None, run_after=None
[2024-08-05T00:21:48.561+0000] {processor.py:183} INFO - Processing /home/airflow/.local/lib/python3.12/site-packages/airflow/example_dags/example_python_operator.py took 0.072 seconds
[2024-08-05T00:22:18.774+0000] {processor.py:161} INFO - Started process (PID=27559) to work on /home/airflow/.local/lib/python3.12/site-packages/airflow/example_dags/example_python_operator.py
[2024-08-05T00:22:18.775+0000] {processor.py:830} INFO - Processing file /home/airflow/.local/lib/python3.12/site-packages/airflow/example_dags/example_python_operator.py for tasks to queue
[2024-08-05T00:22:18.776+0000] {logging_mixin.py:188} INFO - [2024-08-05T00:22:18.776+0000] {dagbag.py:545} INFO - Filling up the DagBag from /home/airflow/.local/lib/python3.12/site-packages/airflow/example_dags/example_python_operator.py
[2024-08-05T00:22:18.785+0000] {processor.py:840} INFO - DAG(s) 'example_python_operator' retrieved from /home/airflow/.local/lib/python3.12/site-packages/airflow/example_dags/example_python_operator.py
[2024-08-05T00:22:18.807+0000] {logging_mixin.py:188} INFO - [2024-08-05T00:22:18.807+0000] {dag.py:3089} INFO - Sync 1 DAGs
[2024-08-05T00:22:18.819+0000] {logging_mixin.py:188} INFO - [2024-08-05T00:22:18.818+0000] {dag.py:3947} INFO - Setting next_dagrun for example_python_operator to None, run_after=None
[2024-08-05T00:22:18.835+0000] {processor.py:183} INFO - Processing /home/airflow/.local/lib/python3.12/site-packages/airflow/example_dags/example_python_operator.py took 0.067 seconds
[2024-08-05T00:22:49.303+0000] {processor.py:161} INFO - Started process (PID=27833) to work on /home/airflow/.local/lib/python3.12/site-packages/airflow/example_dags/example_python_operator.py
[2024-08-05T00:22:49.304+0000] {processor.py:830} INFO - Processing file /home/airflow/.local/lib/python3.12/site-packages/airflow/example_dags/example_python_operator.py for tasks to queue
[2024-08-05T00:22:49.306+0000] {logging_mixin.py:188} INFO - [2024-08-05T00:22:49.306+0000] {dagbag.py:545} INFO - Filling up the DagBag from /home/airflow/.local/lib/python3.12/site-packages/airflow/example_dags/example_python_operator.py
[2024-08-05T00:22:49.314+0000] {processor.py:840} INFO - DAG(s) 'example_python_operator' retrieved from /home/airflow/.local/lib/python3.12/site-packages/airflow/example_dags/example_python_operator.py
[2024-08-05T00:22:49.338+0000] {logging_mixin.py:188} INFO - [2024-08-05T00:22:49.338+0000] {dag.py:3089} INFO - Sync 1 DAGs
[2024-08-05T00:22:49.349+0000] {logging_mixin.py:188} INFO - [2024-08-05T00:22:49.349+0000] {dag.py:3947} INFO - Setting next_dagrun for example_python_operator to None, run_after=None
[2024-08-05T00:22:49.365+0000] {processor.py:183} INFO - Processing /home/airflow/.local/lib/python3.12/site-packages/airflow/example_dags/example_python_operator.py took 0.067 seconds
[2024-08-05T00:23:19.894+0000] {processor.py:161} INFO - Started process (PID=28105) to work on /home/airflow/.local/lib/python3.12/site-packages/airflow/example_dags/example_python_operator.py
[2024-08-05T00:23:19.895+0000] {processor.py:830} INFO - Processing file /home/airflow/.local/lib/python3.12/site-packages/airflow/example_dags/example_python_operator.py for tasks to queue
[2024-08-05T00:23:19.896+0000] {logging_mixin.py:188} INFO - [2024-08-05T00:23:19.896+0000] {dagbag.py:545} INFO - Filling up the DagBag from /home/airflow/.local/lib/python3.12/site-packages/airflow/example_dags/example_python_operator.py
[2024-08-05T00:23:19.906+0000] {processor.py:840} INFO - DAG(s) 'example_python_operator' retrieved from /home/airflow/.local/lib/python3.12/site-packages/airflow/example_dags/example_python_operator.py
[2024-08-05T00:23:19.929+0000] {logging_mixin.py:188} INFO - [2024-08-05T00:23:19.929+0000] {dag.py:3089} INFO - Sync 1 DAGs
[2024-08-05T00:23:19.942+0000] {logging_mixin.py:188} INFO - [2024-08-05T00:23:19.942+0000] {dag.py:3947} INFO - Setting next_dagrun for example_python_operator to None, run_after=None
[2024-08-05T00:23:19.959+0000] {processor.py:183} INFO - Processing /home/airflow/.local/lib/python3.12/site-packages/airflow/example_dags/example_python_operator.py took 0.071 seconds
[2024-08-05T00:23:50.369+0000] {processor.py:161} INFO - Started process (PID=28377) to work on /home/airflow/.local/lib/python3.12/site-packages/airflow/example_dags/example_python_operator.py
[2024-08-05T00:23:50.369+0000] {processor.py:830} INFO - Processing file /home/airflow/.local/lib/python3.12/site-packages/airflow/example_dags/example_python_operator.py for tasks to queue
[2024-08-05T00:23:50.371+0000] {logging_mixin.py:188} INFO - [2024-08-05T00:23:50.370+0000] {dagbag.py:545} INFO - Filling up the DagBag from /home/airflow/.local/lib/python3.12/site-packages/airflow/example_dags/example_python_operator.py
[2024-08-05T00:23:50.378+0000] {processor.py:840} INFO - DAG(s) 'example_python_operator' retrieved from /home/airflow/.local/lib/python3.12/site-packages/airflow/example_dags/example_python_operator.py
[2024-08-05T00:23:50.399+0000] {logging_mixin.py:188} INFO - [2024-08-05T00:23:50.399+0000] {dag.py:3089} INFO - Sync 1 DAGs
[2024-08-05T00:23:50.412+0000] {logging_mixin.py:188} INFO - [2024-08-05T00:23:50.411+0000] {dag.py:3947} INFO - Setting next_dagrun for example_python_operator to None, run_after=None
[2024-08-05T00:23:50.427+0000] {processor.py:183} INFO - Processing /home/airflow/.local/lib/python3.12/site-packages/airflow/example_dags/example_python_operator.py took 0.063 seconds
[2024-08-05T00:24:21.035+0000] {processor.py:161} INFO - Started process (PID=28649) to work on /home/airflow/.local/lib/python3.12/site-packages/airflow/example_dags/example_python_operator.py
[2024-08-05T00:24:21.036+0000] {processor.py:830} INFO - Processing file /home/airflow/.local/lib/python3.12/site-packages/airflow/example_dags/example_python_operator.py for tasks to queue
[2024-08-05T00:24:21.037+0000] {logging_mixin.py:188} INFO - [2024-08-05T00:24:21.037+0000] {dagbag.py:545} INFO - Filling up the DagBag from /home/airflow/.local/lib/python3.12/site-packages/airflow/example_dags/example_python_operator.py
[2024-08-05T00:24:21.045+0000] {processor.py:840} INFO - DAG(s) 'example_python_operator' retrieved from /home/airflow/.local/lib/python3.12/site-packages/airflow/example_dags/example_python_operator.py
[2024-08-05T00:24:21.063+0000] {logging_mixin.py:188} INFO - [2024-08-05T00:24:21.063+0000] {dag.py:3089} INFO - Sync 1 DAGs
[2024-08-05T00:24:21.072+0000] {logging_mixin.py:188} INFO - [2024-08-05T00:24:21.072+0000] {dag.py:3947} INFO - Setting next_dagrun for example_python_operator to None, run_after=None
[2024-08-05T00:24:21.085+0000] {processor.py:183} INFO - Processing /home/airflow/.local/lib/python3.12/site-packages/airflow/example_dags/example_python_operator.py took 0.054 seconds
[2024-08-05T00:24:51.636+0000] {processor.py:161} INFO - Started process (PID=28921) to work on /home/airflow/.local/lib/python3.12/site-packages/airflow/example_dags/example_python_operator.py
[2024-08-05T00:24:51.636+0000] {processor.py:830} INFO - Processing file /home/airflow/.local/lib/python3.12/site-packages/airflow/example_dags/example_python_operator.py for tasks to queue
[2024-08-05T00:24:51.638+0000] {logging_mixin.py:188} INFO - [2024-08-05T00:24:51.638+0000] {dagbag.py:545} INFO - Filling up the DagBag from /home/airflow/.local/lib/python3.12/site-packages/airflow/example_dags/example_python_operator.py
[2024-08-05T00:24:51.646+0000] {processor.py:840} INFO - DAG(s) 'example_python_operator' retrieved from /home/airflow/.local/lib/python3.12/site-packages/airflow/example_dags/example_python_operator.py
[2024-08-05T00:24:51.664+0000] {logging_mixin.py:188} INFO - [2024-08-05T00:24:51.664+0000] {dag.py:3089} INFO - Sync 1 DAGs
[2024-08-05T00:24:51.674+0000] {logging_mixin.py:188} INFO - [2024-08-05T00:24:51.674+0000] {dag.py:3947} INFO - Setting next_dagrun for example_python_operator to None, run_after=None
[2024-08-05T00:24:51.687+0000] {processor.py:183} INFO - Processing /home/airflow/.local/lib/python3.12/site-packages/airflow/example_dags/example_python_operator.py took 0.056 seconds
