[2024-08-05T00:00:02.043+0000] {processor.py:161} INFO - Started process (PID=15650) to work on /home/airflow/.local/lib/python3.12/site-packages/airflow/example_dags/example_task_group.py
[2024-08-05T00:00:02.044+0000] {processor.py:830} INFO - Processing file /home/airflow/.local/lib/python3.12/site-packages/airflow/example_dags/example_task_group.py for tasks to queue
[2024-08-05T00:00:02.046+0000] {logging_mixin.py:188} INFO - [2024-08-05T00:00:02.045+0000] {dagbag.py:545} INFO - Filling up the DagBag from /home/airflow/.local/lib/python3.12/site-packages/airflow/example_dags/example_task_group.py
[2024-08-05T00:00:02.053+0000] {processor.py:840} INFO - DAG(s) 'example_task_group' retrieved from /home/airflow/.local/lib/python3.12/site-packages/airflow/example_dags/example_task_group.py
[2024-08-05T00:00:02.075+0000] {logging_mixin.py:188} INFO - [2024-08-05T00:00:02.074+0000] {dag.py:3089} INFO - Sync 1 DAGs
[2024-08-05T00:00:02.092+0000] {logging_mixin.py:188} INFO - [2024-08-05T00:00:02.092+0000] {dag.py:3947} INFO - Setting next_dagrun for example_task_group to 2024-08-04 00:00:00+00:00, run_after=2024-08-05 00:00:00+00:00
[2024-08-05T00:00:02.106+0000] {processor.py:183} INFO - Processing /home/airflow/.local/lib/python3.12/site-packages/airflow/example_dags/example_task_group.py took 0.069 seconds
[2024-08-05T00:00:32.828+0000] {processor.py:161} INFO - Started process (PID=15926) to work on /home/airflow/.local/lib/python3.12/site-packages/airflow/example_dags/example_task_group.py
[2024-08-05T00:00:32.829+0000] {processor.py:830} INFO - Processing file /home/airflow/.local/lib/python3.12/site-packages/airflow/example_dags/example_task_group.py for tasks to queue
[2024-08-05T00:00:32.830+0000] {logging_mixin.py:188} INFO - [2024-08-05T00:00:32.830+0000] {dagbag.py:545} INFO - Filling up the DagBag from /home/airflow/.local/lib/python3.12/site-packages/airflow/example_dags/example_task_group.py
[2024-08-05T00:00:32.836+0000] {processor.py:840} INFO - DAG(s) 'example_task_group' retrieved from /home/airflow/.local/lib/python3.12/site-packages/airflow/example_dags/example_task_group.py
[2024-08-05T00:00:32.857+0000] {logging_mixin.py:188} INFO - [2024-08-05T00:00:32.856+0000] {dag.py:3089} INFO - Sync 1 DAGs
[2024-08-05T00:00:32.878+0000] {logging_mixin.py:188} INFO - [2024-08-05T00:00:32.878+0000] {dag.py:3947} INFO - Setting next_dagrun for example_task_group to 2024-08-04 00:00:00+00:00, run_after=2024-08-05 00:00:00+00:00
[2024-08-05T00:00:32.899+0000] {processor.py:183} INFO - Processing /home/airflow/.local/lib/python3.12/site-packages/airflow/example_dags/example_task_group.py took 0.076 seconds
[2024-08-05T00:01:03.741+0000] {processor.py:161} INFO - Started process (PID=16198) to work on /home/airflow/.local/lib/python3.12/site-packages/airflow/example_dags/example_task_group.py
[2024-08-05T00:01:03.741+0000] {processor.py:830} INFO - Processing file /home/airflow/.local/lib/python3.12/site-packages/airflow/example_dags/example_task_group.py for tasks to queue
[2024-08-05T00:01:03.743+0000] {logging_mixin.py:188} INFO - [2024-08-05T00:01:03.742+0000] {dagbag.py:545} INFO - Filling up the DagBag from /home/airflow/.local/lib/python3.12/site-packages/airflow/example_dags/example_task_group.py
[2024-08-05T00:01:03.748+0000] {processor.py:840} INFO - DAG(s) 'example_task_group' retrieved from /home/airflow/.local/lib/python3.12/site-packages/airflow/example_dags/example_task_group.py
[2024-08-05T00:01:03.767+0000] {logging_mixin.py:188} INFO - [2024-08-05T00:01:03.767+0000] {dag.py:3089} INFO - Sync 1 DAGs
[2024-08-05T00:01:03.786+0000] {logging_mixin.py:188} INFO - [2024-08-05T00:01:03.786+0000] {dag.py:3947} INFO - Setting next_dagrun for example_task_group to 2024-08-04 00:00:00+00:00, run_after=2024-08-05 00:00:00+00:00
[2024-08-05T00:01:03.803+0000] {processor.py:183} INFO - Processing /home/airflow/.local/lib/python3.12/site-packages/airflow/example_dags/example_task_group.py took 0.068 seconds
[2024-08-05T00:01:34.063+0000] {processor.py:161} INFO - Started process (PID=16470) to work on /home/airflow/.local/lib/python3.12/site-packages/airflow/example_dags/example_task_group.py
[2024-08-05T00:01:34.064+0000] {processor.py:830} INFO - Processing file /home/airflow/.local/lib/python3.12/site-packages/airflow/example_dags/example_task_group.py for tasks to queue
[2024-08-05T00:01:34.065+0000] {logging_mixin.py:188} INFO - [2024-08-05T00:01:34.065+0000] {dagbag.py:545} INFO - Filling up the DagBag from /home/airflow/.local/lib/python3.12/site-packages/airflow/example_dags/example_task_group.py
[2024-08-05T00:01:34.072+0000] {processor.py:840} INFO - DAG(s) 'example_task_group' retrieved from /home/airflow/.local/lib/python3.12/site-packages/airflow/example_dags/example_task_group.py
[2024-08-05T00:01:34.092+0000] {logging_mixin.py:188} INFO - [2024-08-05T00:01:34.092+0000] {dag.py:3089} INFO - Sync 1 DAGs
[2024-08-05T00:01:34.111+0000] {logging_mixin.py:188} INFO - [2024-08-05T00:01:34.111+0000] {dag.py:3947} INFO - Setting next_dagrun for example_task_group to 2024-08-04 00:00:00+00:00, run_after=2024-08-05 00:00:00+00:00
[2024-08-05T00:01:34.127+0000] {processor.py:183} INFO - Processing /home/airflow/.local/lib/python3.12/site-packages/airflow/example_dags/example_task_group.py took 0.068 seconds
[2024-08-05T00:02:04.219+0000] {processor.py:161} INFO - Started process (PID=16742) to work on /home/airflow/.local/lib/python3.12/site-packages/airflow/example_dags/example_task_group.py
[2024-08-05T00:02:04.220+0000] {processor.py:830} INFO - Processing file /home/airflow/.local/lib/python3.12/site-packages/airflow/example_dags/example_task_group.py for tasks to queue
[2024-08-05T00:02:04.221+0000] {logging_mixin.py:188} INFO - [2024-08-05T00:02:04.221+0000] {dagbag.py:545} INFO - Filling up the DagBag from /home/airflow/.local/lib/python3.12/site-packages/airflow/example_dags/example_task_group.py
[2024-08-05T00:02:04.227+0000] {processor.py:840} INFO - DAG(s) 'example_task_group' retrieved from /home/airflow/.local/lib/python3.12/site-packages/airflow/example_dags/example_task_group.py
[2024-08-05T00:02:04.248+0000] {logging_mixin.py:188} INFO - [2024-08-05T00:02:04.248+0000] {dag.py:3089} INFO - Sync 1 DAGs
[2024-08-05T00:02:04.268+0000] {logging_mixin.py:188} INFO - [2024-08-05T00:02:04.267+0000] {dag.py:3947} INFO - Setting next_dagrun for example_task_group to 2024-08-04 00:00:00+00:00, run_after=2024-08-05 00:00:00+00:00
[2024-08-05T00:02:04.283+0000] {processor.py:183} INFO - Processing /home/airflow/.local/lib/python3.12/site-packages/airflow/example_dags/example_task_group.py took 0.070 seconds
[2024-08-05T00:02:34.367+0000] {processor.py:161} INFO - Started process (PID=17014) to work on /home/airflow/.local/lib/python3.12/site-packages/airflow/example_dags/example_task_group.py
[2024-08-05T00:02:34.368+0000] {processor.py:830} INFO - Processing file /home/airflow/.local/lib/python3.12/site-packages/airflow/example_dags/example_task_group.py for tasks to queue
[2024-08-05T00:02:34.370+0000] {logging_mixin.py:188} INFO - [2024-08-05T00:02:34.370+0000] {dagbag.py:545} INFO - Filling up the DagBag from /home/airflow/.local/lib/python3.12/site-packages/airflow/example_dags/example_task_group.py
[2024-08-05T00:02:34.376+0000] {processor.py:840} INFO - DAG(s) 'example_task_group' retrieved from /home/airflow/.local/lib/python3.12/site-packages/airflow/example_dags/example_task_group.py
[2024-08-05T00:02:34.396+0000] {logging_mixin.py:188} INFO - [2024-08-05T00:02:34.396+0000] {dag.py:3089} INFO - Sync 1 DAGs
[2024-08-05T00:02:34.416+0000] {logging_mixin.py:188} INFO - [2024-08-05T00:02:34.415+0000] {dag.py:3947} INFO - Setting next_dagrun for example_task_group to 2024-08-04 00:00:00+00:00, run_after=2024-08-05 00:00:00+00:00
[2024-08-05T00:02:34.433+0000] {processor.py:183} INFO - Processing /home/airflow/.local/lib/python3.12/site-packages/airflow/example_dags/example_task_group.py took 0.070 seconds
[2024-08-05T00:03:04.467+0000] {processor.py:161} INFO - Started process (PID=17283) to work on /home/airflow/.local/lib/python3.12/site-packages/airflow/example_dags/example_task_group.py
[2024-08-05T00:03:04.469+0000] {processor.py:830} INFO - Processing file /home/airflow/.local/lib/python3.12/site-packages/airflow/example_dags/example_task_group.py for tasks to queue
[2024-08-05T00:03:04.471+0000] {logging_mixin.py:188} INFO - [2024-08-05T00:03:04.470+0000] {dagbag.py:545} INFO - Filling up the DagBag from /home/airflow/.local/lib/python3.12/site-packages/airflow/example_dags/example_task_group.py
[2024-08-05T00:03:04.477+0000] {processor.py:840} INFO - DAG(s) 'example_task_group' retrieved from /home/airflow/.local/lib/python3.12/site-packages/airflow/example_dags/example_task_group.py
[2024-08-05T00:03:04.499+0000] {logging_mixin.py:188} INFO - [2024-08-05T00:03:04.498+0000] {dag.py:3089} INFO - Sync 1 DAGs
[2024-08-05T00:03:04.518+0000] {logging_mixin.py:188} INFO - [2024-08-05T00:03:04.518+0000] {dag.py:3947} INFO - Setting next_dagrun for example_task_group to 2024-08-04 00:00:00+00:00, run_after=2024-08-05 00:00:00+00:00
[2024-08-05T00:03:04.534+0000] {processor.py:183} INFO - Processing /home/airflow/.local/lib/python3.12/site-packages/airflow/example_dags/example_task_group.py took 0.071 seconds
[2024-08-05T00:03:34.946+0000] {processor.py:161} INFO - Started process (PID=17560) to work on /home/airflow/.local/lib/python3.12/site-packages/airflow/example_dags/example_task_group.py
[2024-08-05T00:03:34.947+0000] {processor.py:830} INFO - Processing file /home/airflow/.local/lib/python3.12/site-packages/airflow/example_dags/example_task_group.py for tasks to queue
[2024-08-05T00:03:34.949+0000] {logging_mixin.py:188} INFO - [2024-08-05T00:03:34.948+0000] {dagbag.py:545} INFO - Filling up the DagBag from /home/airflow/.local/lib/python3.12/site-packages/airflow/example_dags/example_task_group.py
[2024-08-05T00:03:34.955+0000] {processor.py:840} INFO - DAG(s) 'example_task_group' retrieved from /home/airflow/.local/lib/python3.12/site-packages/airflow/example_dags/example_task_group.py
[2024-08-05T00:03:34.976+0000] {logging_mixin.py:188} INFO - [2024-08-05T00:03:34.976+0000] {dag.py:3089} INFO - Sync 1 DAGs
[2024-08-05T00:03:34.995+0000] {logging_mixin.py:188} INFO - [2024-08-05T00:03:34.994+0000] {dag.py:3947} INFO - Setting next_dagrun for example_task_group to 2024-08-04 00:00:00+00:00, run_after=2024-08-05 00:00:00+00:00
[2024-08-05T00:03:35.011+0000] {processor.py:183} INFO - Processing /home/airflow/.local/lib/python3.12/site-packages/airflow/example_dags/example_task_group.py took 0.070 seconds
[2024-08-05T00:04:05.192+0000] {processor.py:161} INFO - Started process (PID=17830) to work on /home/airflow/.local/lib/python3.12/site-packages/airflow/example_dags/example_task_group.py
[2024-08-05T00:04:05.193+0000] {processor.py:830} INFO - Processing file /home/airflow/.local/lib/python3.12/site-packages/airflow/example_dags/example_task_group.py for tasks to queue
[2024-08-05T00:04:05.195+0000] {logging_mixin.py:188} INFO - [2024-08-05T00:04:05.194+0000] {dagbag.py:545} INFO - Filling up the DagBag from /home/airflow/.local/lib/python3.12/site-packages/airflow/example_dags/example_task_group.py
[2024-08-05T00:04:05.201+0000] {processor.py:840} INFO - DAG(s) 'example_task_group' retrieved from /home/airflow/.local/lib/python3.12/site-packages/airflow/example_dags/example_task_group.py
[2024-08-05T00:04:05.222+0000] {logging_mixin.py:188} INFO - [2024-08-05T00:04:05.222+0000] {dag.py:3089} INFO - Sync 1 DAGs
[2024-08-05T00:04:05.243+0000] {logging_mixin.py:188} INFO - [2024-08-05T00:04:05.243+0000] {dag.py:3947} INFO - Setting next_dagrun for example_task_group to 2024-08-04 00:00:00+00:00, run_after=2024-08-05 00:00:00+00:00
[2024-08-05T00:04:05.260+0000] {processor.py:183} INFO - Processing /home/airflow/.local/lib/python3.12/site-packages/airflow/example_dags/example_task_group.py took 0.071 seconds
[2024-08-05T00:04:35.351+0000] {processor.py:161} INFO - Started process (PID=18102) to work on /home/airflow/.local/lib/python3.12/site-packages/airflow/example_dags/example_task_group.py
[2024-08-05T00:04:35.352+0000] {processor.py:830} INFO - Processing file /home/airflow/.local/lib/python3.12/site-packages/airflow/example_dags/example_task_group.py for tasks to queue
[2024-08-05T00:04:35.354+0000] {logging_mixin.py:188} INFO - [2024-08-05T00:04:35.354+0000] {dagbag.py:545} INFO - Filling up the DagBag from /home/airflow/.local/lib/python3.12/site-packages/airflow/example_dags/example_task_group.py
[2024-08-05T00:04:35.361+0000] {processor.py:840} INFO - DAG(s) 'example_task_group' retrieved from /home/airflow/.local/lib/python3.12/site-packages/airflow/example_dags/example_task_group.py
[2024-08-05T00:04:35.382+0000] {logging_mixin.py:188} INFO - [2024-08-05T00:04:35.382+0000] {dag.py:3089} INFO - Sync 1 DAGs
[2024-08-05T00:04:35.400+0000] {logging_mixin.py:188} INFO - [2024-08-05T00:04:35.399+0000] {dag.py:3947} INFO - Setting next_dagrun for example_task_group to 2024-08-04 00:00:00+00:00, run_after=2024-08-05 00:00:00+00:00
[2024-08-05T00:04:35.419+0000] {processor.py:183} INFO - Processing /home/airflow/.local/lib/python3.12/site-packages/airflow/example_dags/example_task_group.py took 0.074 seconds
[2024-08-05T00:05:05.633+0000] {processor.py:161} INFO - Started process (PID=18374) to work on /home/airflow/.local/lib/python3.12/site-packages/airflow/example_dags/example_task_group.py
[2024-08-05T00:05:05.634+0000] {processor.py:830} INFO - Processing file /home/airflow/.local/lib/python3.12/site-packages/airflow/example_dags/example_task_group.py for tasks to queue
[2024-08-05T00:05:05.635+0000] {logging_mixin.py:188} INFO - [2024-08-05T00:05:05.635+0000] {dagbag.py:545} INFO - Filling up the DagBag from /home/airflow/.local/lib/python3.12/site-packages/airflow/example_dags/example_task_group.py
[2024-08-05T00:05:05.642+0000] {processor.py:840} INFO - DAG(s) 'example_task_group' retrieved from /home/airflow/.local/lib/python3.12/site-packages/airflow/example_dags/example_task_group.py
[2024-08-05T00:05:05.665+0000] {logging_mixin.py:188} INFO - [2024-08-05T00:05:05.665+0000] {dag.py:3089} INFO - Sync 1 DAGs
[2024-08-05T00:05:05.684+0000] {logging_mixin.py:188} INFO - [2024-08-05T00:05:05.684+0000] {dag.py:3947} INFO - Setting next_dagrun for example_task_group to 2024-08-04 00:00:00+00:00, run_after=2024-08-05 00:00:00+00:00
[2024-08-05T00:05:05.707+0000] {processor.py:183} INFO - Processing /home/airflow/.local/lib/python3.12/site-packages/airflow/example_dags/example_task_group.py took 0.080 seconds
[2024-08-05T00:05:35.968+0000] {processor.py:161} INFO - Started process (PID=18646) to work on /home/airflow/.local/lib/python3.12/site-packages/airflow/example_dags/example_task_group.py
[2024-08-05T00:05:35.969+0000] {processor.py:830} INFO - Processing file /home/airflow/.local/lib/python3.12/site-packages/airflow/example_dags/example_task_group.py for tasks to queue
[2024-08-05T00:05:35.970+0000] {logging_mixin.py:188} INFO - [2024-08-05T00:05:35.970+0000] {dagbag.py:545} INFO - Filling up the DagBag from /home/airflow/.local/lib/python3.12/site-packages/airflow/example_dags/example_task_group.py
[2024-08-05T00:05:35.975+0000] {processor.py:840} INFO - DAG(s) 'example_task_group' retrieved from /home/airflow/.local/lib/python3.12/site-packages/airflow/example_dags/example_task_group.py
[2024-08-05T00:05:35.994+0000] {logging_mixin.py:188} INFO - [2024-08-05T00:05:35.994+0000] {dag.py:3089} INFO - Sync 1 DAGs
[2024-08-05T00:05:36.014+0000] {logging_mixin.py:188} INFO - [2024-08-05T00:05:36.014+0000] {dag.py:3947} INFO - Setting next_dagrun for example_task_group to 2024-08-04 00:00:00+00:00, run_after=2024-08-05 00:00:00+00:00
[2024-08-05T00:05:36.029+0000] {processor.py:183} INFO - Processing /home/airflow/.local/lib/python3.12/site-packages/airflow/example_dags/example_task_group.py took 0.067 seconds
[2024-08-05T00:06:06.984+0000] {processor.py:161} INFO - Started process (PID=18918) to work on /home/airflow/.local/lib/python3.12/site-packages/airflow/example_dags/example_task_group.py
[2024-08-05T00:06:06.985+0000] {processor.py:830} INFO - Processing file /home/airflow/.local/lib/python3.12/site-packages/airflow/example_dags/example_task_group.py for tasks to queue
[2024-08-05T00:06:06.987+0000] {logging_mixin.py:188} INFO - [2024-08-05T00:06:06.987+0000] {dagbag.py:545} INFO - Filling up the DagBag from /home/airflow/.local/lib/python3.12/site-packages/airflow/example_dags/example_task_group.py
[2024-08-05T00:06:06.993+0000] {processor.py:840} INFO - DAG(s) 'example_task_group' retrieved from /home/airflow/.local/lib/python3.12/site-packages/airflow/example_dags/example_task_group.py
[2024-08-05T00:06:07.012+0000] {logging_mixin.py:188} INFO - [2024-08-05T00:06:07.012+0000] {dag.py:3089} INFO - Sync 1 DAGs
[2024-08-05T00:06:07.032+0000] {logging_mixin.py:188} INFO - [2024-08-05T00:06:07.032+0000] {dag.py:3947} INFO - Setting next_dagrun for example_task_group to 2024-08-04 00:00:00+00:00, run_after=2024-08-05 00:00:00+00:00
[2024-08-05T00:06:07.049+0000] {processor.py:183} INFO - Processing /home/airflow/.local/lib/python3.12/site-packages/airflow/example_dags/example_task_group.py took 0.072 seconds
[2024-08-05T00:06:37.095+0000] {processor.py:161} INFO - Started process (PID=19186) to work on /home/airflow/.local/lib/python3.12/site-packages/airflow/example_dags/example_task_group.py
[2024-08-05T00:06:37.096+0000] {processor.py:830} INFO - Processing file /home/airflow/.local/lib/python3.12/site-packages/airflow/example_dags/example_task_group.py for tasks to queue
[2024-08-05T00:06:37.098+0000] {logging_mixin.py:188} INFO - [2024-08-05T00:06:37.098+0000] {dagbag.py:545} INFO - Filling up the DagBag from /home/airflow/.local/lib/python3.12/site-packages/airflow/example_dags/example_task_group.py
[2024-08-05T00:06:37.104+0000] {processor.py:840} INFO - DAG(s) 'example_task_group' retrieved from /home/airflow/.local/lib/python3.12/site-packages/airflow/example_dags/example_task_group.py
[2024-08-05T00:06:37.126+0000] {logging_mixin.py:188} INFO - [2024-08-05T00:06:37.126+0000] {dag.py:3089} INFO - Sync 1 DAGs
[2024-08-05T00:06:37.146+0000] {logging_mixin.py:188} INFO - [2024-08-05T00:06:37.146+0000] {dag.py:3947} INFO - Setting next_dagrun for example_task_group to 2024-08-04 00:00:00+00:00, run_after=2024-08-05 00:00:00+00:00
[2024-08-05T00:06:37.162+0000] {processor.py:183} INFO - Processing /home/airflow/.local/lib/python3.12/site-packages/airflow/example_dags/example_task_group.py took 0.073 seconds
[2024-08-05T00:07:08.039+0000] {processor.py:161} INFO - Started process (PID=19456) to work on /home/airflow/.local/lib/python3.12/site-packages/airflow/example_dags/example_task_group.py
[2024-08-05T00:07:08.039+0000] {processor.py:830} INFO - Processing file /home/airflow/.local/lib/python3.12/site-packages/airflow/example_dags/example_task_group.py for tasks to queue
[2024-08-05T00:07:08.041+0000] {logging_mixin.py:188} INFO - [2024-08-05T00:07:08.040+0000] {dagbag.py:545} INFO - Filling up the DagBag from /home/airflow/.local/lib/python3.12/site-packages/airflow/example_dags/example_task_group.py
[2024-08-05T00:07:08.048+0000] {processor.py:840} INFO - DAG(s) 'example_task_group' retrieved from /home/airflow/.local/lib/python3.12/site-packages/airflow/example_dags/example_task_group.py
[2024-08-05T00:07:08.072+0000] {logging_mixin.py:188} INFO - [2024-08-05T00:07:08.072+0000] {dag.py:3089} INFO - Sync 1 DAGs
[2024-08-05T00:07:08.088+0000] {logging_mixin.py:188} INFO - [2024-08-05T00:07:08.088+0000] {dag.py:3947} INFO - Setting next_dagrun for example_task_group to 2024-08-04 00:00:00+00:00, run_after=2024-08-05 00:00:00+00:00
[2024-08-05T00:07:08.107+0000] {processor.py:183} INFO - Processing /home/airflow/.local/lib/python3.12/site-packages/airflow/example_dags/example_task_group.py took 0.073 seconds
[2024-08-05T00:07:38.471+0000] {processor.py:161} INFO - Started process (PID=19730) to work on /home/airflow/.local/lib/python3.12/site-packages/airflow/example_dags/example_task_group.py
[2024-08-05T00:07:38.472+0000] {processor.py:830} INFO - Processing file /home/airflow/.local/lib/python3.12/site-packages/airflow/example_dags/example_task_group.py for tasks to queue
[2024-08-05T00:07:38.474+0000] {logging_mixin.py:188} INFO - [2024-08-05T00:07:38.473+0000] {dagbag.py:545} INFO - Filling up the DagBag from /home/airflow/.local/lib/python3.12/site-packages/airflow/example_dags/example_task_group.py
[2024-08-05T00:07:38.481+0000] {processor.py:840} INFO - DAG(s) 'example_task_group' retrieved from /home/airflow/.local/lib/python3.12/site-packages/airflow/example_dags/example_task_group.py
[2024-08-05T00:07:38.502+0000] {logging_mixin.py:188} INFO - [2024-08-05T00:07:38.502+0000] {dag.py:3089} INFO - Sync 1 DAGs
[2024-08-05T00:07:38.521+0000] {logging_mixin.py:188} INFO - [2024-08-05T00:07:38.521+0000] {dag.py:3947} INFO - Setting next_dagrun for example_task_group to 2024-08-04 00:00:00+00:00, run_after=2024-08-05 00:00:00+00:00
[2024-08-05T00:07:38.537+0000] {processor.py:183} INFO - Processing /home/airflow/.local/lib/python3.12/site-packages/airflow/example_dags/example_task_group.py took 0.071 seconds
[2024-08-05T00:08:08.579+0000] {processor.py:161} INFO - Started process (PID=20000) to work on /home/airflow/.local/lib/python3.12/site-packages/airflow/example_dags/example_task_group.py
[2024-08-05T00:08:08.580+0000] {processor.py:830} INFO - Processing file /home/airflow/.local/lib/python3.12/site-packages/airflow/example_dags/example_task_group.py for tasks to queue
[2024-08-05T00:08:08.581+0000] {logging_mixin.py:188} INFO - [2024-08-05T00:08:08.581+0000] {dagbag.py:545} INFO - Filling up the DagBag from /home/airflow/.local/lib/python3.12/site-packages/airflow/example_dags/example_task_group.py
[2024-08-05T00:08:08.587+0000] {processor.py:840} INFO - DAG(s) 'example_task_group' retrieved from /home/airflow/.local/lib/python3.12/site-packages/airflow/example_dags/example_task_group.py
[2024-08-05T00:08:08.609+0000] {logging_mixin.py:188} INFO - [2024-08-05T00:08:08.608+0000] {dag.py:3089} INFO - Sync 1 DAGs
[2024-08-05T00:08:08.628+0000] {logging_mixin.py:188} INFO - [2024-08-05T00:08:08.628+0000] {dag.py:3947} INFO - Setting next_dagrun for example_task_group to 2024-08-04 00:00:00+00:00, run_after=2024-08-05 00:00:00+00:00
[2024-08-05T00:08:08.644+0000] {processor.py:183} INFO - Processing /home/airflow/.local/lib/python3.12/site-packages/airflow/example_dags/example_task_group.py took 0.071 seconds
[2024-08-05T00:08:39.050+0000] {processor.py:161} INFO - Started process (PID=20274) to work on /home/airflow/.local/lib/python3.12/site-packages/airflow/example_dags/example_task_group.py
[2024-08-05T00:08:39.051+0000] {processor.py:830} INFO - Processing file /home/airflow/.local/lib/python3.12/site-packages/airflow/example_dags/example_task_group.py for tasks to queue
[2024-08-05T00:08:39.052+0000] {logging_mixin.py:188} INFO - [2024-08-05T00:08:39.052+0000] {dagbag.py:545} INFO - Filling up the DagBag from /home/airflow/.local/lib/python3.12/site-packages/airflow/example_dags/example_task_group.py
[2024-08-05T00:08:39.058+0000] {processor.py:840} INFO - DAG(s) 'example_task_group' retrieved from /home/airflow/.local/lib/python3.12/site-packages/airflow/example_dags/example_task_group.py
[2024-08-05T00:08:39.078+0000] {logging_mixin.py:188} INFO - [2024-08-05T00:08:39.078+0000] {dag.py:3089} INFO - Sync 1 DAGs
[2024-08-05T00:08:39.096+0000] {logging_mixin.py:188} INFO - [2024-08-05T00:08:39.095+0000] {dag.py:3947} INFO - Setting next_dagrun for example_task_group to 2024-08-04 00:00:00+00:00, run_after=2024-08-05 00:00:00+00:00
[2024-08-05T00:08:39.110+0000] {processor.py:183} INFO - Processing /home/airflow/.local/lib/python3.12/site-packages/airflow/example_dags/example_task_group.py took 0.064 seconds
[2024-08-05T00:09:09.140+0000] {processor.py:161} INFO - Started process (PID=20544) to work on /home/airflow/.local/lib/python3.12/site-packages/airflow/example_dags/example_task_group.py
[2024-08-05T00:09:09.140+0000] {processor.py:830} INFO - Processing file /home/airflow/.local/lib/python3.12/site-packages/airflow/example_dags/example_task_group.py for tasks to queue
[2024-08-05T00:09:09.142+0000] {logging_mixin.py:188} INFO - [2024-08-05T00:09:09.142+0000] {dagbag.py:545} INFO - Filling up the DagBag from /home/airflow/.local/lib/python3.12/site-packages/airflow/example_dags/example_task_group.py
[2024-08-05T00:09:09.148+0000] {processor.py:840} INFO - DAG(s) 'example_task_group' retrieved from /home/airflow/.local/lib/python3.12/site-packages/airflow/example_dags/example_task_group.py
[2024-08-05T00:09:09.167+0000] {logging_mixin.py:188} INFO - [2024-08-05T00:09:09.167+0000] {dag.py:3089} INFO - Sync 1 DAGs
[2024-08-05T00:09:09.185+0000] {logging_mixin.py:188} INFO - [2024-08-05T00:09:09.185+0000] {dag.py:3947} INFO - Setting next_dagrun for example_task_group to 2024-08-04 00:00:00+00:00, run_after=2024-08-05 00:00:00+00:00
[2024-08-05T00:09:09.199+0000] {processor.py:183} INFO - Processing /home/airflow/.local/lib/python3.12/site-packages/airflow/example_dags/example_task_group.py took 0.065 seconds
[2024-08-05T00:09:39.788+0000] {processor.py:161} INFO - Started process (PID=20816) to work on /home/airflow/.local/lib/python3.12/site-packages/airflow/example_dags/example_task_group.py
[2024-08-05T00:09:39.789+0000] {processor.py:830} INFO - Processing file /home/airflow/.local/lib/python3.12/site-packages/airflow/example_dags/example_task_group.py for tasks to queue
[2024-08-05T00:09:39.791+0000] {logging_mixin.py:188} INFO - [2024-08-05T00:09:39.790+0000] {dagbag.py:545} INFO - Filling up the DagBag from /home/airflow/.local/lib/python3.12/site-packages/airflow/example_dags/example_task_group.py
[2024-08-05T00:09:39.796+0000] {processor.py:840} INFO - DAG(s) 'example_task_group' retrieved from /home/airflow/.local/lib/python3.12/site-packages/airflow/example_dags/example_task_group.py
[2024-08-05T00:09:39.816+0000] {logging_mixin.py:188} INFO - [2024-08-05T00:09:39.815+0000] {dag.py:3089} INFO - Sync 1 DAGs
[2024-08-05T00:09:39.834+0000] {logging_mixin.py:188} INFO - [2024-08-05T00:09:39.834+0000] {dag.py:3947} INFO - Setting next_dagrun for example_task_group to 2024-08-04 00:00:00+00:00, run_after=2024-08-05 00:00:00+00:00
[2024-08-05T00:09:39.848+0000] {processor.py:183} INFO - Processing /home/airflow/.local/lib/python3.12/site-packages/airflow/example_dags/example_task_group.py took 0.065 seconds
[2024-08-05T00:10:10.471+0000] {processor.py:161} INFO - Started process (PID=21094) to work on /home/airflow/.local/lib/python3.12/site-packages/airflow/example_dags/example_task_group.py
[2024-08-05T00:10:10.472+0000] {processor.py:830} INFO - Processing file /home/airflow/.local/lib/python3.12/site-packages/airflow/example_dags/example_task_group.py for tasks to queue
[2024-08-05T00:10:10.473+0000] {logging_mixin.py:188} INFO - [2024-08-05T00:10:10.473+0000] {dagbag.py:545} INFO - Filling up the DagBag from /home/airflow/.local/lib/python3.12/site-packages/airflow/example_dags/example_task_group.py
[2024-08-05T00:10:10.479+0000] {processor.py:840} INFO - DAG(s) 'example_task_group' retrieved from /home/airflow/.local/lib/python3.12/site-packages/airflow/example_dags/example_task_group.py
[2024-08-05T00:10:10.498+0000] {logging_mixin.py:188} INFO - [2024-08-05T00:10:10.498+0000] {dag.py:3089} INFO - Sync 1 DAGs
[2024-08-05T00:10:10.517+0000] {logging_mixin.py:188} INFO - [2024-08-05T00:10:10.516+0000] {dag.py:3947} INFO - Setting next_dagrun for example_task_group to 2024-08-04 00:00:00+00:00, run_after=2024-08-05 00:00:00+00:00
[2024-08-05T00:10:10.533+0000] {processor.py:183} INFO - Processing /home/airflow/.local/lib/python3.12/site-packages/airflow/example_dags/example_task_group.py took 0.067 seconds
[2024-08-05T00:10:41.301+0000] {processor.py:161} INFO - Started process (PID=21369) to work on /home/airflow/.local/lib/python3.12/site-packages/airflow/example_dags/example_task_group.py
[2024-08-05T00:10:41.302+0000] {processor.py:830} INFO - Processing file /home/airflow/.local/lib/python3.12/site-packages/airflow/example_dags/example_task_group.py for tasks to queue
[2024-08-05T00:10:41.303+0000] {logging_mixin.py:188} INFO - [2024-08-05T00:10:41.303+0000] {dagbag.py:545} INFO - Filling up the DagBag from /home/airflow/.local/lib/python3.12/site-packages/airflow/example_dags/example_task_group.py
[2024-08-05T00:10:41.310+0000] {processor.py:840} INFO - DAG(s) 'example_task_group' retrieved from /home/airflow/.local/lib/python3.12/site-packages/airflow/example_dags/example_task_group.py
[2024-08-05T00:10:41.332+0000] {logging_mixin.py:188} INFO - [2024-08-05T00:10:41.331+0000] {dag.py:3089} INFO - Sync 1 DAGs
[2024-08-05T00:10:41.352+0000] {logging_mixin.py:188} INFO - [2024-08-05T00:10:41.352+0000] {dag.py:3947} INFO - Setting next_dagrun for example_task_group to 2024-08-04 00:00:00+00:00, run_after=2024-08-05 00:00:00+00:00
[2024-08-05T00:10:41.371+0000] {processor.py:183} INFO - Processing /home/airflow/.local/lib/python3.12/site-packages/airflow/example_dags/example_task_group.py took 0.075 seconds
[2024-08-05T00:11:12.056+0000] {processor.py:161} INFO - Started process (PID=21641) to work on /home/airflow/.local/lib/python3.12/site-packages/airflow/example_dags/example_task_group.py
[2024-08-05T00:11:12.056+0000] {processor.py:830} INFO - Processing file /home/airflow/.local/lib/python3.12/site-packages/airflow/example_dags/example_task_group.py for tasks to queue
[2024-08-05T00:11:12.058+0000] {logging_mixin.py:188} INFO - [2024-08-05T00:11:12.058+0000] {dagbag.py:545} INFO - Filling up the DagBag from /home/airflow/.local/lib/python3.12/site-packages/airflow/example_dags/example_task_group.py
[2024-08-05T00:11:12.064+0000] {processor.py:840} INFO - DAG(s) 'example_task_group' retrieved from /home/airflow/.local/lib/python3.12/site-packages/airflow/example_dags/example_task_group.py
[2024-08-05T00:11:12.083+0000] {logging_mixin.py:188} INFO - [2024-08-05T00:11:12.082+0000] {dag.py:3089} INFO - Sync 1 DAGs
[2024-08-05T00:11:12.101+0000] {logging_mixin.py:188} INFO - [2024-08-05T00:11:12.101+0000] {dag.py:3947} INFO - Setting next_dagrun for example_task_group to 2024-08-04 00:00:00+00:00, run_after=2024-08-05 00:00:00+00:00
[2024-08-05T00:11:12.116+0000] {processor.py:183} INFO - Processing /home/airflow/.local/lib/python3.12/site-packages/airflow/example_dags/example_task_group.py took 0.066 seconds
[2024-08-05T00:11:42.999+0000] {processor.py:161} INFO - Started process (PID=21914) to work on /home/airflow/.local/lib/python3.12/site-packages/airflow/example_dags/example_task_group.py
[2024-08-05T00:11:43.000+0000] {processor.py:830} INFO - Processing file /home/airflow/.local/lib/python3.12/site-packages/airflow/example_dags/example_task_group.py for tasks to queue
[2024-08-05T00:11:43.002+0000] {logging_mixin.py:188} INFO - [2024-08-05T00:11:43.002+0000] {dagbag.py:545} INFO - Filling up the DagBag from /home/airflow/.local/lib/python3.12/site-packages/airflow/example_dags/example_task_group.py
[2024-08-05T00:11:43.009+0000] {processor.py:840} INFO - DAG(s) 'example_task_group' retrieved from /home/airflow/.local/lib/python3.12/site-packages/airflow/example_dags/example_task_group.py
[2024-08-05T00:11:43.028+0000] {logging_mixin.py:188} INFO - [2024-08-05T00:11:43.028+0000] {dag.py:3089} INFO - Sync 1 DAGs
[2024-08-05T00:11:43.047+0000] {logging_mixin.py:188} INFO - [2024-08-05T00:11:43.047+0000] {dag.py:3947} INFO - Setting next_dagrun for example_task_group to 2024-08-04 00:00:00+00:00, run_after=2024-08-05 00:00:00+00:00
[2024-08-05T00:11:43.063+0000] {processor.py:183} INFO - Processing /home/airflow/.local/lib/python3.12/site-packages/airflow/example_dags/example_task_group.py took 0.069 seconds
[2024-08-05T00:12:13.268+0000] {processor.py:161} INFO - Started process (PID=22187) to work on /home/airflow/.local/lib/python3.12/site-packages/airflow/example_dags/example_task_group.py
[2024-08-05T00:12:13.269+0000] {processor.py:830} INFO - Processing file /home/airflow/.local/lib/python3.12/site-packages/airflow/example_dags/example_task_group.py for tasks to queue
[2024-08-05T00:12:13.270+0000] {logging_mixin.py:188} INFO - [2024-08-05T00:12:13.270+0000] {dagbag.py:545} INFO - Filling up the DagBag from /home/airflow/.local/lib/python3.12/site-packages/airflow/example_dags/example_task_group.py
[2024-08-05T00:12:13.276+0000] {processor.py:840} INFO - DAG(s) 'example_task_group' retrieved from /home/airflow/.local/lib/python3.12/site-packages/airflow/example_dags/example_task_group.py
[2024-08-05T00:12:13.297+0000] {logging_mixin.py:188} INFO - [2024-08-05T00:12:13.296+0000] {dag.py:3089} INFO - Sync 1 DAGs
[2024-08-05T00:12:13.316+0000] {logging_mixin.py:188} INFO - [2024-08-05T00:12:13.316+0000] {dag.py:3947} INFO - Setting next_dagrun for example_task_group to 2024-08-04 00:00:00+00:00, run_after=2024-08-05 00:00:00+00:00
[2024-08-05T00:12:13.335+0000] {processor.py:183} INFO - Processing /home/airflow/.local/lib/python3.12/site-packages/airflow/example_dags/example_task_group.py took 0.072 seconds
[2024-08-05T00:12:43.516+0000] {processor.py:161} INFO - Started process (PID=22457) to work on /home/airflow/.local/lib/python3.12/site-packages/airflow/example_dags/example_task_group.py
[2024-08-05T00:12:43.518+0000] {processor.py:830} INFO - Processing file /home/airflow/.local/lib/python3.12/site-packages/airflow/example_dags/example_task_group.py for tasks to queue
[2024-08-05T00:12:43.521+0000] {logging_mixin.py:188} INFO - [2024-08-05T00:12:43.520+0000] {dagbag.py:545} INFO - Filling up the DagBag from /home/airflow/.local/lib/python3.12/site-packages/airflow/example_dags/example_task_group.py
[2024-08-05T00:12:43.530+0000] {processor.py:840} INFO - DAG(s) 'example_task_group' retrieved from /home/airflow/.local/lib/python3.12/site-packages/airflow/example_dags/example_task_group.py
[2024-08-05T00:12:43.554+0000] {logging_mixin.py:188} INFO - [2024-08-05T00:12:43.553+0000] {dag.py:3089} INFO - Sync 1 DAGs
[2024-08-05T00:12:43.575+0000] {logging_mixin.py:188} INFO - [2024-08-05T00:12:43.575+0000] {dag.py:3947} INFO - Setting next_dagrun for example_task_group to 2024-08-04 00:00:00+00:00, run_after=2024-08-05 00:00:00+00:00
[2024-08-05T00:12:43.592+0000] {processor.py:183} INFO - Processing /home/airflow/.local/lib/python3.12/site-packages/airflow/example_dags/example_task_group.py took 0.087 seconds
[2024-08-05T00:13:13.722+0000] {processor.py:161} INFO - Started process (PID=22729) to work on /home/airflow/.local/lib/python3.12/site-packages/airflow/example_dags/example_task_group.py
[2024-08-05T00:13:13.723+0000] {processor.py:830} INFO - Processing file /home/airflow/.local/lib/python3.12/site-packages/airflow/example_dags/example_task_group.py for tasks to queue
[2024-08-05T00:13:13.724+0000] {logging_mixin.py:188} INFO - [2024-08-05T00:13:13.724+0000] {dagbag.py:545} INFO - Filling up the DagBag from /home/airflow/.local/lib/python3.12/site-packages/airflow/example_dags/example_task_group.py
[2024-08-05T00:13:13.730+0000] {processor.py:840} INFO - DAG(s) 'example_task_group' retrieved from /home/airflow/.local/lib/python3.12/site-packages/airflow/example_dags/example_task_group.py
[2024-08-05T00:13:13.754+0000] {logging_mixin.py:188} INFO - [2024-08-05T00:13:13.754+0000] {dag.py:3089} INFO - Sync 1 DAGs
[2024-08-05T00:13:13.776+0000] {logging_mixin.py:188} INFO - [2024-08-05T00:13:13.776+0000] {dag.py:3947} INFO - Setting next_dagrun for example_task_group to 2024-08-04 00:00:00+00:00, run_after=2024-08-05 00:00:00+00:00
[2024-08-05T00:13:13.795+0000] {processor.py:183} INFO - Processing /home/airflow/.local/lib/python3.12/site-packages/airflow/example_dags/example_task_group.py took 0.080 seconds
[2024-08-05T00:13:44.085+0000] {processor.py:161} INFO - Started process (PID=23003) to work on /home/airflow/.local/lib/python3.12/site-packages/airflow/example_dags/example_task_group.py
[2024-08-05T00:13:44.086+0000] {processor.py:830} INFO - Processing file /home/airflow/.local/lib/python3.12/site-packages/airflow/example_dags/example_task_group.py for tasks to queue
[2024-08-05T00:13:44.088+0000] {logging_mixin.py:188} INFO - [2024-08-05T00:13:44.088+0000] {dagbag.py:545} INFO - Filling up the DagBag from /home/airflow/.local/lib/python3.12/site-packages/airflow/example_dags/example_task_group.py
[2024-08-05T00:13:44.094+0000] {processor.py:840} INFO - DAG(s) 'example_task_group' retrieved from /home/airflow/.local/lib/python3.12/site-packages/airflow/example_dags/example_task_group.py
[2024-08-05T00:13:44.111+0000] {logging_mixin.py:188} INFO - [2024-08-05T00:13:44.111+0000] {dag.py:3089} INFO - Sync 1 DAGs
[2024-08-05T00:13:44.131+0000] {logging_mixin.py:188} INFO - [2024-08-05T00:13:44.130+0000] {dag.py:3947} INFO - Setting next_dagrun for example_task_group to 2024-08-04 00:00:00+00:00, run_after=2024-08-05 00:00:00+00:00
[2024-08-05T00:13:44.150+0000] {processor.py:183} INFO - Processing /home/airflow/.local/lib/python3.12/site-packages/airflow/example_dags/example_task_group.py took 0.070 seconds
[2024-08-05T00:14:14.680+0000] {processor.py:161} INFO - Started process (PID=23273) to work on /home/airflow/.local/lib/python3.12/site-packages/airflow/example_dags/example_task_group.py
[2024-08-05T00:14:14.680+0000] {processor.py:830} INFO - Processing file /home/airflow/.local/lib/python3.12/site-packages/airflow/example_dags/example_task_group.py for tasks to queue
[2024-08-05T00:14:14.682+0000] {logging_mixin.py:188} INFO - [2024-08-05T00:14:14.682+0000] {dagbag.py:545} INFO - Filling up the DagBag from /home/airflow/.local/lib/python3.12/site-packages/airflow/example_dags/example_task_group.py
[2024-08-05T00:14:14.690+0000] {processor.py:840} INFO - DAG(s) 'example_task_group' retrieved from /home/airflow/.local/lib/python3.12/site-packages/airflow/example_dags/example_task_group.py
[2024-08-05T00:14:14.712+0000] {logging_mixin.py:188} INFO - [2024-08-05T00:14:14.711+0000] {dag.py:3089} INFO - Sync 1 DAGs
[2024-08-05T00:14:14.730+0000] {logging_mixin.py:188} INFO - [2024-08-05T00:14:14.730+0000] {dag.py:3947} INFO - Setting next_dagrun for example_task_group to 2024-08-04 00:00:00+00:00, run_after=2024-08-05 00:00:00+00:00
[2024-08-05T00:14:14.749+0000] {processor.py:183} INFO - Processing /home/airflow/.local/lib/python3.12/site-packages/airflow/example_dags/example_task_group.py took 0.074 seconds
[2024-08-05T00:14:44.915+0000] {processor.py:161} INFO - Started process (PID=23545) to work on /home/airflow/.local/lib/python3.12/site-packages/airflow/example_dags/example_task_group.py
[2024-08-05T00:14:44.917+0000] {processor.py:830} INFO - Processing file /home/airflow/.local/lib/python3.12/site-packages/airflow/example_dags/example_task_group.py for tasks to queue
[2024-08-05T00:14:44.918+0000] {logging_mixin.py:188} INFO - [2024-08-05T00:14:44.918+0000] {dagbag.py:545} INFO - Filling up the DagBag from /home/airflow/.local/lib/python3.12/site-packages/airflow/example_dags/example_task_group.py
[2024-08-05T00:14:44.927+0000] {processor.py:840} INFO - DAG(s) 'example_task_group' retrieved from /home/airflow/.local/lib/python3.12/site-packages/airflow/example_dags/example_task_group.py
[2024-08-05T00:14:44.949+0000] {logging_mixin.py:188} INFO - [2024-08-05T00:14:44.949+0000] {dag.py:3089} INFO - Sync 1 DAGs
[2024-08-05T00:14:44.972+0000] {logging_mixin.py:188} INFO - [2024-08-05T00:14:44.972+0000] {dag.py:3947} INFO - Setting next_dagrun for example_task_group to 2024-08-04 00:00:00+00:00, run_after=2024-08-05 00:00:00+00:00
[2024-08-05T00:14:44.990+0000] {processor.py:183} INFO - Processing /home/airflow/.local/lib/python3.12/site-packages/airflow/example_dags/example_task_group.py took 0.079 seconds
[2024-08-05T00:15:15.154+0000] {processor.py:161} INFO - Started process (PID=23817) to work on /home/airflow/.local/lib/python3.12/site-packages/airflow/example_dags/example_task_group.py
[2024-08-05T00:15:15.155+0000] {processor.py:830} INFO - Processing file /home/airflow/.local/lib/python3.12/site-packages/airflow/example_dags/example_task_group.py for tasks to queue
[2024-08-05T00:15:15.156+0000] {logging_mixin.py:188} INFO - [2024-08-05T00:15:15.156+0000] {dagbag.py:545} INFO - Filling up the DagBag from /home/airflow/.local/lib/python3.12/site-packages/airflow/example_dags/example_task_group.py
[2024-08-05T00:15:15.162+0000] {processor.py:840} INFO - DAG(s) 'example_task_group' retrieved from /home/airflow/.local/lib/python3.12/site-packages/airflow/example_dags/example_task_group.py
[2024-08-05T00:15:15.183+0000] {logging_mixin.py:188} INFO - [2024-08-05T00:15:15.183+0000] {dag.py:3089} INFO - Sync 1 DAGs
[2024-08-05T00:15:15.204+0000] {logging_mixin.py:188} INFO - [2024-08-05T00:15:15.204+0000] {dag.py:3947} INFO - Setting next_dagrun for example_task_group to 2024-08-04 00:00:00+00:00, run_after=2024-08-05 00:00:00+00:00
[2024-08-05T00:15:15.222+0000] {processor.py:183} INFO - Processing /home/airflow/.local/lib/python3.12/site-packages/airflow/example_dags/example_task_group.py took 0.074 seconds
[2024-08-05T00:15:45.289+0000] {processor.py:161} INFO - Started process (PID=24089) to work on /home/airflow/.local/lib/python3.12/site-packages/airflow/example_dags/example_task_group.py
[2024-08-05T00:15:45.290+0000] {processor.py:830} INFO - Processing file /home/airflow/.local/lib/python3.12/site-packages/airflow/example_dags/example_task_group.py for tasks to queue
[2024-08-05T00:15:45.291+0000] {logging_mixin.py:188} INFO - [2024-08-05T00:15:45.291+0000] {dagbag.py:545} INFO - Filling up the DagBag from /home/airflow/.local/lib/python3.12/site-packages/airflow/example_dags/example_task_group.py
[2024-08-05T00:15:45.297+0000] {processor.py:840} INFO - DAG(s) 'example_task_group' retrieved from /home/airflow/.local/lib/python3.12/site-packages/airflow/example_dags/example_task_group.py
[2024-08-05T00:15:45.319+0000] {logging_mixin.py:188} INFO - [2024-08-05T00:15:45.318+0000] {dag.py:3089} INFO - Sync 1 DAGs
[2024-08-05T00:15:45.342+0000] {logging_mixin.py:188} INFO - [2024-08-05T00:15:45.341+0000] {dag.py:3947} INFO - Setting next_dagrun for example_task_group to 2024-08-04 00:00:00+00:00, run_after=2024-08-05 00:00:00+00:00
[2024-08-05T00:15:45.362+0000] {processor.py:183} INFO - Processing /home/airflow/.local/lib/python3.12/site-packages/airflow/example_dags/example_task_group.py took 0.078 seconds
[2024-08-05T00:16:15.986+0000] {processor.py:161} INFO - Started process (PID=24361) to work on /home/airflow/.local/lib/python3.12/site-packages/airflow/example_dags/example_task_group.py
[2024-08-05T00:16:15.986+0000] {processor.py:830} INFO - Processing file /home/airflow/.local/lib/python3.12/site-packages/airflow/example_dags/example_task_group.py for tasks to queue
[2024-08-05T00:16:15.988+0000] {logging_mixin.py:188} INFO - [2024-08-05T00:16:15.988+0000] {dagbag.py:545} INFO - Filling up the DagBag from /home/airflow/.local/lib/python3.12/site-packages/airflow/example_dags/example_task_group.py
[2024-08-05T00:16:15.995+0000] {processor.py:840} INFO - DAG(s) 'example_task_group' retrieved from /home/airflow/.local/lib/python3.12/site-packages/airflow/example_dags/example_task_group.py
[2024-08-05T00:16:16.015+0000] {logging_mixin.py:188} INFO - [2024-08-05T00:16:16.015+0000] {dag.py:3089} INFO - Sync 1 DAGs
[2024-08-05T00:16:16.033+0000] {logging_mixin.py:188} INFO - [2024-08-05T00:16:16.033+0000] {dag.py:3947} INFO - Setting next_dagrun for example_task_group to 2024-08-04 00:00:00+00:00, run_after=2024-08-05 00:00:00+00:00
[2024-08-05T00:16:16.051+0000] {processor.py:183} INFO - Processing /home/airflow/.local/lib/python3.12/site-packages/airflow/example_dags/example_task_group.py took 0.071 seconds
[2024-08-05T00:16:46.211+0000] {processor.py:161} INFO - Started process (PID=24633) to work on /home/airflow/.local/lib/python3.12/site-packages/airflow/example_dags/example_task_group.py
[2024-08-05T00:16:46.212+0000] {processor.py:830} INFO - Processing file /home/airflow/.local/lib/python3.12/site-packages/airflow/example_dags/example_task_group.py for tasks to queue
[2024-08-05T00:16:46.214+0000] {logging_mixin.py:188} INFO - [2024-08-05T00:16:46.214+0000] {dagbag.py:545} INFO - Filling up the DagBag from /home/airflow/.local/lib/python3.12/site-packages/airflow/example_dags/example_task_group.py
[2024-08-05T00:16:46.220+0000] {processor.py:840} INFO - DAG(s) 'example_task_group' retrieved from /home/airflow/.local/lib/python3.12/site-packages/airflow/example_dags/example_task_group.py
[2024-08-05T00:16:46.242+0000] {logging_mixin.py:188} INFO - [2024-08-05T00:16:46.241+0000] {dag.py:3089} INFO - Sync 1 DAGs
[2024-08-05T00:16:46.270+0000] {logging_mixin.py:188} INFO - [2024-08-05T00:16:46.270+0000] {dag.py:3947} INFO - Setting next_dagrun for example_task_group to 2024-08-04 00:00:00+00:00, run_after=2024-08-05 00:00:00+00:00
[2024-08-05T00:16:46.288+0000] {processor.py:183} INFO - Processing /home/airflow/.local/lib/python3.12/site-packages/airflow/example_dags/example_task_group.py took 0.082 seconds
[2024-08-05T00:17:16.494+0000] {processor.py:161} INFO - Started process (PID=24907) to work on /home/airflow/.local/lib/python3.12/site-packages/airflow/example_dags/example_task_group.py
[2024-08-05T00:17:16.495+0000] {processor.py:830} INFO - Processing file /home/airflow/.local/lib/python3.12/site-packages/airflow/example_dags/example_task_group.py for tasks to queue
[2024-08-05T00:17:16.497+0000] {logging_mixin.py:188} INFO - [2024-08-05T00:17:16.497+0000] {dagbag.py:545} INFO - Filling up the DagBag from /home/airflow/.local/lib/python3.12/site-packages/airflow/example_dags/example_task_group.py
[2024-08-05T00:17:16.503+0000] {processor.py:840} INFO - DAG(s) 'example_task_group' retrieved from /home/airflow/.local/lib/python3.12/site-packages/airflow/example_dags/example_task_group.py
[2024-08-05T00:17:16.525+0000] {logging_mixin.py:188} INFO - [2024-08-05T00:17:16.525+0000] {dag.py:3089} INFO - Sync 1 DAGs
[2024-08-05T00:17:16.548+0000] {logging_mixin.py:188} INFO - [2024-08-05T00:17:16.548+0000] {dag.py:3947} INFO - Setting next_dagrun for example_task_group to 2024-08-04 00:00:00+00:00, run_after=2024-08-05 00:00:00+00:00
[2024-08-05T00:17:16.565+0000] {processor.py:183} INFO - Processing /home/airflow/.local/lib/python3.12/site-packages/airflow/example_dags/example_task_group.py took 0.076 seconds
[2024-08-05T00:17:46.914+0000] {processor.py:161} INFO - Started process (PID=25179) to work on /home/airflow/.local/lib/python3.12/site-packages/airflow/example_dags/example_task_group.py
[2024-08-05T00:17:46.915+0000] {processor.py:830} INFO - Processing file /home/airflow/.local/lib/python3.12/site-packages/airflow/example_dags/example_task_group.py for tasks to queue
[2024-08-05T00:17:46.917+0000] {logging_mixin.py:188} INFO - [2024-08-05T00:17:46.917+0000] {dagbag.py:545} INFO - Filling up the DagBag from /home/airflow/.local/lib/python3.12/site-packages/airflow/example_dags/example_task_group.py
[2024-08-05T00:17:46.923+0000] {processor.py:840} INFO - DAG(s) 'example_task_group' retrieved from /home/airflow/.local/lib/python3.12/site-packages/airflow/example_dags/example_task_group.py
[2024-08-05T00:17:46.946+0000] {logging_mixin.py:188} INFO - [2024-08-05T00:17:46.946+0000] {dag.py:3089} INFO - Sync 1 DAGs
[2024-08-05T00:17:46.967+0000] {logging_mixin.py:188} INFO - [2024-08-05T00:17:46.966+0000] {dag.py:3947} INFO - Setting next_dagrun for example_task_group to 2024-08-04 00:00:00+00:00, run_after=2024-08-05 00:00:00+00:00
[2024-08-05T00:17:46.983+0000] {processor.py:183} INFO - Processing /home/airflow/.local/lib/python3.12/site-packages/airflow/example_dags/example_task_group.py took 0.076 seconds
[2024-08-05T00:18:17.144+0000] {processor.py:161} INFO - Started process (PID=25449) to work on /home/airflow/.local/lib/python3.12/site-packages/airflow/example_dags/example_task_group.py
[2024-08-05T00:18:17.145+0000] {processor.py:830} INFO - Processing file /home/airflow/.local/lib/python3.12/site-packages/airflow/example_dags/example_task_group.py for tasks to queue
[2024-08-05T00:18:17.147+0000] {logging_mixin.py:188} INFO - [2024-08-05T00:18:17.146+0000] {dagbag.py:545} INFO - Filling up the DagBag from /home/airflow/.local/lib/python3.12/site-packages/airflow/example_dags/example_task_group.py
[2024-08-05T00:18:17.153+0000] {processor.py:840} INFO - DAG(s) 'example_task_group' retrieved from /home/airflow/.local/lib/python3.12/site-packages/airflow/example_dags/example_task_group.py
[2024-08-05T00:18:17.175+0000] {logging_mixin.py:188} INFO - [2024-08-05T00:18:17.174+0000] {dag.py:3089} INFO - Sync 1 DAGs
[2024-08-05T00:18:17.195+0000] {logging_mixin.py:188} INFO - [2024-08-05T00:18:17.195+0000] {dag.py:3947} INFO - Setting next_dagrun for example_task_group to 2024-08-04 00:00:00+00:00, run_after=2024-08-05 00:00:00+00:00
[2024-08-05T00:18:17.214+0000] {processor.py:183} INFO - Processing /home/airflow/.local/lib/python3.12/site-packages/airflow/example_dags/example_task_group.py took 0.075 seconds
[2024-08-05T00:18:47.267+0000] {processor.py:161} INFO - Started process (PID=25721) to work on /home/airflow/.local/lib/python3.12/site-packages/airflow/example_dags/example_task_group.py
[2024-08-05T00:18:47.268+0000] {processor.py:830} INFO - Processing file /home/airflow/.local/lib/python3.12/site-packages/airflow/example_dags/example_task_group.py for tasks to queue
[2024-08-05T00:18:47.270+0000] {logging_mixin.py:188} INFO - [2024-08-05T00:18:47.270+0000] {dagbag.py:545} INFO - Filling up the DagBag from /home/airflow/.local/lib/python3.12/site-packages/airflow/example_dags/example_task_group.py
[2024-08-05T00:18:47.277+0000] {processor.py:840} INFO - DAG(s) 'example_task_group' retrieved from /home/airflow/.local/lib/python3.12/site-packages/airflow/example_dags/example_task_group.py
[2024-08-05T00:18:47.299+0000] {logging_mixin.py:188} INFO - [2024-08-05T00:18:47.299+0000] {dag.py:3089} INFO - Sync 1 DAGs
[2024-08-05T00:18:47.320+0000] {logging_mixin.py:188} INFO - [2024-08-05T00:18:47.319+0000] {dag.py:3947} INFO - Setting next_dagrun for example_task_group to 2024-08-04 00:00:00+00:00, run_after=2024-08-05 00:00:00+00:00
[2024-08-05T00:18:47.337+0000] {processor.py:183} INFO - Processing /home/airflow/.local/lib/python3.12/site-packages/airflow/example_dags/example_task_group.py took 0.075 seconds
[2024-08-05T00:19:17.615+0000] {processor.py:161} INFO - Started process (PID=25993) to work on /home/airflow/.local/lib/python3.12/site-packages/airflow/example_dags/example_task_group.py
[2024-08-05T00:19:17.616+0000] {processor.py:830} INFO - Processing file /home/airflow/.local/lib/python3.12/site-packages/airflow/example_dags/example_task_group.py for tasks to queue
[2024-08-05T00:19:17.618+0000] {logging_mixin.py:188} INFO - [2024-08-05T00:19:17.618+0000] {dagbag.py:545} INFO - Filling up the DagBag from /home/airflow/.local/lib/python3.12/site-packages/airflow/example_dags/example_task_group.py
[2024-08-05T00:19:17.628+0000] {processor.py:840} INFO - DAG(s) 'example_task_group' retrieved from /home/airflow/.local/lib/python3.12/site-packages/airflow/example_dags/example_task_group.py
[2024-08-05T00:19:17.657+0000] {logging_mixin.py:188} INFO - [2024-08-05T00:19:17.656+0000] {dag.py:3089} INFO - Sync 1 DAGs
[2024-08-05T00:19:17.681+0000] {logging_mixin.py:188} INFO - [2024-08-05T00:19:17.681+0000] {dag.py:3947} INFO - Setting next_dagrun for example_task_group to 2024-08-04 00:00:00+00:00, run_after=2024-08-05 00:00:00+00:00
[2024-08-05T00:19:17.706+0000] {processor.py:183} INFO - Processing /home/airflow/.local/lib/python3.12/site-packages/airflow/example_dags/example_task_group.py took 0.100 seconds
[2024-08-05T00:19:47.861+0000] {processor.py:161} INFO - Started process (PID=26267) to work on /home/airflow/.local/lib/python3.12/site-packages/airflow/example_dags/example_task_group.py
[2024-08-05T00:19:47.862+0000] {processor.py:830} INFO - Processing file /home/airflow/.local/lib/python3.12/site-packages/airflow/example_dags/example_task_group.py for tasks to queue
[2024-08-05T00:19:47.863+0000] {logging_mixin.py:188} INFO - [2024-08-05T00:19:47.863+0000] {dagbag.py:545} INFO - Filling up the DagBag from /home/airflow/.local/lib/python3.12/site-packages/airflow/example_dags/example_task_group.py
[2024-08-05T00:19:47.869+0000] {processor.py:840} INFO - DAG(s) 'example_task_group' retrieved from /home/airflow/.local/lib/python3.12/site-packages/airflow/example_dags/example_task_group.py
[2024-08-05T00:19:47.890+0000] {logging_mixin.py:188} INFO - [2024-08-05T00:19:47.890+0000] {dag.py:3089} INFO - Sync 1 DAGs
[2024-08-05T00:19:47.909+0000] {logging_mixin.py:188} INFO - [2024-08-05T00:19:47.908+0000] {dag.py:3947} INFO - Setting next_dagrun for example_task_group to 2024-08-04 00:00:00+00:00, run_after=2024-08-05 00:00:00+00:00
[2024-08-05T00:19:47.924+0000] {processor.py:183} INFO - Processing /home/airflow/.local/lib/python3.12/site-packages/airflow/example_dags/example_task_group.py took 0.067 seconds
[2024-08-05T00:20:18.132+0000] {processor.py:161} INFO - Started process (PID=26547) to work on /home/airflow/.local/lib/python3.12/site-packages/airflow/example_dags/example_task_group.py
[2024-08-05T00:20:18.133+0000] {processor.py:830} INFO - Processing file /home/airflow/.local/lib/python3.12/site-packages/airflow/example_dags/example_task_group.py for tasks to queue
[2024-08-05T00:20:18.134+0000] {logging_mixin.py:188} INFO - [2024-08-05T00:20:18.134+0000] {dagbag.py:545} INFO - Filling up the DagBag from /home/airflow/.local/lib/python3.12/site-packages/airflow/example_dags/example_task_group.py
[2024-08-05T00:20:18.142+0000] {processor.py:840} INFO - DAG(s) 'example_task_group' retrieved from /home/airflow/.local/lib/python3.12/site-packages/airflow/example_dags/example_task_group.py
[2024-08-05T00:20:18.165+0000] {logging_mixin.py:188} INFO - [2024-08-05T00:20:18.165+0000] {dag.py:3089} INFO - Sync 1 DAGs
[2024-08-05T00:20:18.187+0000] {logging_mixin.py:188} INFO - [2024-08-05T00:20:18.187+0000] {dag.py:3947} INFO - Setting next_dagrun for example_task_group to 2024-08-04 00:00:00+00:00, run_after=2024-08-05 00:00:00+00:00
[2024-08-05T00:20:18.203+0000] {processor.py:183} INFO - Processing /home/airflow/.local/lib/python3.12/site-packages/airflow/example_dags/example_task_group.py took 0.077 seconds
[2024-08-05T00:20:48.650+0000] {processor.py:161} INFO - Started process (PID=26818) to work on /home/airflow/.local/lib/python3.12/site-packages/airflow/example_dags/example_task_group.py
[2024-08-05T00:20:48.651+0000] {processor.py:830} INFO - Processing file /home/airflow/.local/lib/python3.12/site-packages/airflow/example_dags/example_task_group.py for tasks to queue
[2024-08-05T00:20:48.653+0000] {logging_mixin.py:188} INFO - [2024-08-05T00:20:48.653+0000] {dagbag.py:545} INFO - Filling up the DagBag from /home/airflow/.local/lib/python3.12/site-packages/airflow/example_dags/example_task_group.py
[2024-08-05T00:20:48.660+0000] {processor.py:840} INFO - DAG(s) 'example_task_group' retrieved from /home/airflow/.local/lib/python3.12/site-packages/airflow/example_dags/example_task_group.py
[2024-08-05T00:20:48.680+0000] {logging_mixin.py:188} INFO - [2024-08-05T00:20:48.680+0000] {dag.py:3089} INFO - Sync 1 DAGs
[2024-08-05T00:20:48.699+0000] {logging_mixin.py:188} INFO - [2024-08-05T00:20:48.699+0000] {dag.py:3947} INFO - Setting next_dagrun for example_task_group to 2024-08-04 00:00:00+00:00, run_after=2024-08-05 00:00:00+00:00
[2024-08-05T00:20:48.714+0000] {processor.py:183} INFO - Processing /home/airflow/.local/lib/python3.12/site-packages/airflow/example_dags/example_task_group.py took 0.068 seconds
[2024-08-05T00:21:19.107+0000] {processor.py:161} INFO - Started process (PID=27090) to work on /home/airflow/.local/lib/python3.12/site-packages/airflow/example_dags/example_task_group.py
[2024-08-05T00:21:19.108+0000] {processor.py:830} INFO - Processing file /home/airflow/.local/lib/python3.12/site-packages/airflow/example_dags/example_task_group.py for tasks to queue
[2024-08-05T00:21:19.109+0000] {logging_mixin.py:188} INFO - [2024-08-05T00:21:19.109+0000] {dagbag.py:545} INFO - Filling up the DagBag from /home/airflow/.local/lib/python3.12/site-packages/airflow/example_dags/example_task_group.py
[2024-08-05T00:21:19.115+0000] {processor.py:840} INFO - DAG(s) 'example_task_group' retrieved from /home/airflow/.local/lib/python3.12/site-packages/airflow/example_dags/example_task_group.py
[2024-08-05T00:21:19.135+0000] {logging_mixin.py:188} INFO - [2024-08-05T00:21:19.135+0000] {dag.py:3089} INFO - Sync 1 DAGs
[2024-08-05T00:21:19.156+0000] {logging_mixin.py:188} INFO - [2024-08-05T00:21:19.156+0000] {dag.py:3947} INFO - Setting next_dagrun for example_task_group to 2024-08-04 00:00:00+00:00, run_after=2024-08-05 00:00:00+00:00
[2024-08-05T00:21:19.172+0000] {processor.py:183} INFO - Processing /home/airflow/.local/lib/python3.12/site-packages/airflow/example_dags/example_task_group.py took 0.070 seconds
[2024-08-05T00:21:49.582+0000] {processor.py:161} INFO - Started process (PID=27362) to work on /home/airflow/.local/lib/python3.12/site-packages/airflow/example_dags/example_task_group.py
[2024-08-05T00:21:49.583+0000] {processor.py:830} INFO - Processing file /home/airflow/.local/lib/python3.12/site-packages/airflow/example_dags/example_task_group.py for tasks to queue
[2024-08-05T00:21:49.584+0000] {logging_mixin.py:188} INFO - [2024-08-05T00:21:49.584+0000] {dagbag.py:545} INFO - Filling up the DagBag from /home/airflow/.local/lib/python3.12/site-packages/airflow/example_dags/example_task_group.py
[2024-08-05T00:21:49.591+0000] {processor.py:840} INFO - DAG(s) 'example_task_group' retrieved from /home/airflow/.local/lib/python3.12/site-packages/airflow/example_dags/example_task_group.py
[2024-08-05T00:21:49.612+0000] {logging_mixin.py:188} INFO - [2024-08-05T00:21:49.612+0000] {dag.py:3089} INFO - Sync 1 DAGs
[2024-08-05T00:21:49.632+0000] {logging_mixin.py:188} INFO - [2024-08-05T00:21:49.632+0000] {dag.py:3947} INFO - Setting next_dagrun for example_task_group to 2024-08-04 00:00:00+00:00, run_after=2024-08-05 00:00:00+00:00
[2024-08-05T00:21:49.647+0000] {processor.py:183} INFO - Processing /home/airflow/.local/lib/python3.12/site-packages/airflow/example_dags/example_task_group.py took 0.071 seconds
[2024-08-05T00:22:20.023+0000] {processor.py:161} INFO - Started process (PID=27636) to work on /home/airflow/.local/lib/python3.12/site-packages/airflow/example_dags/example_task_group.py
[2024-08-05T00:22:20.024+0000] {processor.py:830} INFO - Processing file /home/airflow/.local/lib/python3.12/site-packages/airflow/example_dags/example_task_group.py for tasks to queue
[2024-08-05T00:22:20.025+0000] {logging_mixin.py:188} INFO - [2024-08-05T00:22:20.025+0000] {dagbag.py:545} INFO - Filling up the DagBag from /home/airflow/.local/lib/python3.12/site-packages/airflow/example_dags/example_task_group.py
[2024-08-05T00:22:20.031+0000] {processor.py:840} INFO - DAG(s) 'example_task_group' retrieved from /home/airflow/.local/lib/python3.12/site-packages/airflow/example_dags/example_task_group.py
[2024-08-05T00:22:20.052+0000] {logging_mixin.py:188} INFO - [2024-08-05T00:22:20.052+0000] {dag.py:3089} INFO - Sync 1 DAGs
[2024-08-05T00:22:20.072+0000] {logging_mixin.py:188} INFO - [2024-08-05T00:22:20.072+0000] {dag.py:3947} INFO - Setting next_dagrun for example_task_group to 2024-08-04 00:00:00+00:00, run_after=2024-08-05 00:00:00+00:00
[2024-08-05T00:22:20.088+0000] {processor.py:183} INFO - Processing /home/airflow/.local/lib/python3.12/site-packages/airflow/example_dags/example_task_group.py took 0.071 seconds
[2024-08-05T00:22:51.020+0000] {processor.py:161} INFO - Started process (PID=27908) to work on /home/airflow/.local/lib/python3.12/site-packages/airflow/example_dags/example_task_group.py
[2024-08-05T00:22:51.021+0000] {processor.py:830} INFO - Processing file /home/airflow/.local/lib/python3.12/site-packages/airflow/example_dags/example_task_group.py for tasks to queue
[2024-08-05T00:22:51.023+0000] {logging_mixin.py:188} INFO - [2024-08-05T00:22:51.023+0000] {dagbag.py:545} INFO - Filling up the DagBag from /home/airflow/.local/lib/python3.12/site-packages/airflow/example_dags/example_task_group.py
[2024-08-05T00:22:51.028+0000] {processor.py:840} INFO - DAG(s) 'example_task_group' retrieved from /home/airflow/.local/lib/python3.12/site-packages/airflow/example_dags/example_task_group.py
[2024-08-05T00:22:51.050+0000] {logging_mixin.py:188} INFO - [2024-08-05T00:22:51.050+0000] {dag.py:3089} INFO - Sync 1 DAGs
[2024-08-05T00:22:51.200+0000] {logging_mixin.py:188} INFO - [2024-08-05T00:22:51.200+0000] {dag.py:3947} INFO - Setting next_dagrun for example_task_group to 2024-08-04 00:00:00+00:00, run_after=2024-08-05 00:00:00+00:00
[2024-08-05T00:22:51.214+0000] {processor.py:183} INFO - Processing /home/airflow/.local/lib/python3.12/site-packages/airflow/example_dags/example_task_group.py took 0.200 seconds
[2024-08-05T00:23:21.340+0000] {processor.py:161} INFO - Started process (PID=28180) to work on /home/airflow/.local/lib/python3.12/site-packages/airflow/example_dags/example_task_group.py
[2024-08-05T00:23:21.341+0000] {processor.py:830} INFO - Processing file /home/airflow/.local/lib/python3.12/site-packages/airflow/example_dags/example_task_group.py for tasks to queue
[2024-08-05T00:23:21.343+0000] {logging_mixin.py:188} INFO - [2024-08-05T00:23:21.343+0000] {dagbag.py:545} INFO - Filling up the DagBag from /home/airflow/.local/lib/python3.12/site-packages/airflow/example_dags/example_task_group.py
[2024-08-05T00:23:21.349+0000] {processor.py:840} INFO - DAG(s) 'example_task_group' retrieved from /home/airflow/.local/lib/python3.12/site-packages/airflow/example_dags/example_task_group.py
[2024-08-05T00:23:21.371+0000] {logging_mixin.py:188} INFO - [2024-08-05T00:23:21.371+0000] {dag.py:3089} INFO - Sync 1 DAGs
[2024-08-05T00:23:21.535+0000] {logging_mixin.py:188} INFO - [2024-08-05T00:23:21.535+0000] {dag.py:3947} INFO - Setting next_dagrun for example_task_group to 2024-08-04 00:00:00+00:00, run_after=2024-08-05 00:00:00+00:00
[2024-08-05T00:23:21.551+0000] {processor.py:183} INFO - Processing /home/airflow/.local/lib/python3.12/site-packages/airflow/example_dags/example_task_group.py took 0.218 seconds
[2024-08-05T00:23:51.626+0000] {processor.py:161} INFO - Started process (PID=28450) to work on /home/airflow/.local/lib/python3.12/site-packages/airflow/example_dags/example_task_group.py
[2024-08-05T00:23:51.627+0000] {processor.py:830} INFO - Processing file /home/airflow/.local/lib/python3.12/site-packages/airflow/example_dags/example_task_group.py for tasks to queue
[2024-08-05T00:23:51.629+0000] {logging_mixin.py:188} INFO - [2024-08-05T00:23:51.629+0000] {dagbag.py:545} INFO - Filling up the DagBag from /home/airflow/.local/lib/python3.12/site-packages/airflow/example_dags/example_task_group.py
[2024-08-05T00:23:51.636+0000] {processor.py:840} INFO - DAG(s) 'example_task_group' retrieved from /home/airflow/.local/lib/python3.12/site-packages/airflow/example_dags/example_task_group.py
[2024-08-05T00:23:51.658+0000] {logging_mixin.py:188} INFO - [2024-08-05T00:23:51.657+0000] {dag.py:3089} INFO - Sync 1 DAGs
[2024-08-05T00:23:51.804+0000] {logging_mixin.py:188} INFO - [2024-08-05T00:23:51.803+0000] {dag.py:3947} INFO - Setting next_dagrun for example_task_group to 2024-08-04 00:00:00+00:00, run_after=2024-08-05 00:00:00+00:00
[2024-08-05T00:23:51.820+0000] {processor.py:183} INFO - Processing /home/airflow/.local/lib/python3.12/site-packages/airflow/example_dags/example_task_group.py took 0.199 seconds
[2024-08-05T00:24:22.797+0000] {processor.py:161} INFO - Started process (PID=28724) to work on /home/airflow/.local/lib/python3.12/site-packages/airflow/example_dags/example_task_group.py
[2024-08-05T00:24:22.798+0000] {processor.py:830} INFO - Processing file /home/airflow/.local/lib/python3.12/site-packages/airflow/example_dags/example_task_group.py for tasks to queue
[2024-08-05T00:24:22.799+0000] {logging_mixin.py:188} INFO - [2024-08-05T00:24:22.799+0000] {dagbag.py:545} INFO - Filling up the DagBag from /home/airflow/.local/lib/python3.12/site-packages/airflow/example_dags/example_task_group.py
[2024-08-05T00:24:22.804+0000] {processor.py:840} INFO - DAG(s) 'example_task_group' retrieved from /home/airflow/.local/lib/python3.12/site-packages/airflow/example_dags/example_task_group.py
[2024-08-05T00:24:22.822+0000] {logging_mixin.py:188} INFO - [2024-08-05T00:24:22.821+0000] {dag.py:3089} INFO - Sync 1 DAGs
[2024-08-05T00:24:22.837+0000] {logging_mixin.py:188} INFO - [2024-08-05T00:24:22.837+0000] {dag.py:3947} INFO - Setting next_dagrun for example_task_group to 2024-08-04 00:00:00+00:00, run_after=2024-08-05 00:00:00+00:00
[2024-08-05T00:24:22.850+0000] {processor.py:183} INFO - Processing /home/airflow/.local/lib/python3.12/site-packages/airflow/example_dags/example_task_group.py took 0.057 seconds
[2024-08-05T00:24:53.341+0000] {processor.py:161} INFO - Started process (PID=29002) to work on /home/airflow/.local/lib/python3.12/site-packages/airflow/example_dags/example_task_group.py
[2024-08-05T00:24:53.342+0000] {processor.py:830} INFO - Processing file /home/airflow/.local/lib/python3.12/site-packages/airflow/example_dags/example_task_group.py for tasks to queue
[2024-08-05T00:24:53.343+0000] {logging_mixin.py:188} INFO - [2024-08-05T00:24:53.343+0000] {dagbag.py:545} INFO - Filling up the DagBag from /home/airflow/.local/lib/python3.12/site-packages/airflow/example_dags/example_task_group.py
[2024-08-05T00:24:53.351+0000] {processor.py:840} INFO - DAG(s) 'example_task_group' retrieved from /home/airflow/.local/lib/python3.12/site-packages/airflow/example_dags/example_task_group.py
[2024-08-05T00:24:53.379+0000] {logging_mixin.py:188} INFO - [2024-08-05T00:24:53.378+0000] {dag.py:3089} INFO - Sync 1 DAGs
[2024-08-05T00:24:53.400+0000] {logging_mixin.py:188} INFO - [2024-08-05T00:24:53.400+0000] {dag.py:3947} INFO - Setting next_dagrun for example_task_group to 2024-08-04 00:00:00+00:00, run_after=2024-08-05 00:00:00+00:00
[2024-08-05T00:24:53.417+0000] {processor.py:183} INFO - Processing /home/airflow/.local/lib/python3.12/site-packages/airflow/example_dags/example_task_group.py took 0.082 seconds
