[2024-08-05T00:00:28.653+0000] {processor.py:161} INFO - Started process (PID=15806) to work on /home/airflow/.local/lib/python3.12/site-packages/airflow/example_dags/tutorial_taskflow_api.py
[2024-08-05T00:00:28.654+0000] {processor.py:830} INFO - Processing file /home/airflow/.local/lib/python3.12/site-packages/airflow/example_dags/tutorial_taskflow_api.py for tasks to queue
[2024-08-05T00:00:28.656+0000] {logging_mixin.py:188} INFO - [2024-08-05T00:00:28.655+0000] {dagbag.py:545} INFO - Filling up the DagBag from /home/airflow/.local/lib/python3.12/site-packages/airflow/example_dags/tutorial_taskflow_api.py
[2024-08-05T00:00:28.662+0000] {processor.py:840} INFO - DAG(s) 'tutorial_taskflow_api' retrieved from /home/airflow/.local/lib/python3.12/site-packages/airflow/example_dags/tutorial_taskflow_api.py
[2024-08-05T00:00:28.681+0000] {logging_mixin.py:188} INFO - [2024-08-05T00:00:28.680+0000] {dag.py:3089} INFO - Sync 1 DAGs
[2024-08-05T00:00:28.692+0000] {logging_mixin.py:188} INFO - [2024-08-05T00:00:28.692+0000] {dag.py:3947} INFO - Setting next_dagrun for tutorial_taskflow_api to None, run_after=None
[2024-08-05T00:00:28.707+0000] {processor.py:183} INFO - Processing /home/airflow/.local/lib/python3.12/site-packages/airflow/example_dags/tutorial_taskflow_api.py took 0.058 seconds
[2024-08-05T00:00:59.369+0000] {processor.py:161} INFO - Started process (PID=16078) to work on /home/airflow/.local/lib/python3.12/site-packages/airflow/example_dags/tutorial_taskflow_api.py
[2024-08-05T00:00:59.370+0000] {processor.py:830} INFO - Processing file /home/airflow/.local/lib/python3.12/site-packages/airflow/example_dags/tutorial_taskflow_api.py for tasks to queue
[2024-08-05T00:00:59.372+0000] {logging_mixin.py:188} INFO - [2024-08-05T00:00:59.372+0000] {dagbag.py:545} INFO - Filling up the DagBag from /home/airflow/.local/lib/python3.12/site-packages/airflow/example_dags/tutorial_taskflow_api.py
[2024-08-05T00:00:59.378+0000] {processor.py:840} INFO - DAG(s) 'tutorial_taskflow_api' retrieved from /home/airflow/.local/lib/python3.12/site-packages/airflow/example_dags/tutorial_taskflow_api.py
[2024-08-05T00:00:59.396+0000] {logging_mixin.py:188} INFO - [2024-08-05T00:00:59.396+0000] {dag.py:3089} INFO - Sync 1 DAGs
[2024-08-05T00:00:59.408+0000] {logging_mixin.py:188} INFO - [2024-08-05T00:00:59.408+0000] {dag.py:3947} INFO - Setting next_dagrun for tutorial_taskflow_api to None, run_after=None
[2024-08-05T00:00:59.424+0000] {processor.py:183} INFO - Processing /home/airflow/.local/lib/python3.12/site-packages/airflow/example_dags/tutorial_taskflow_api.py took 0.060 seconds
[2024-08-05T00:01:29.648+0000] {processor.py:161} INFO - Started process (PID=16352) to work on /home/airflow/.local/lib/python3.12/site-packages/airflow/example_dags/tutorial_taskflow_api.py
[2024-08-05T00:01:29.649+0000] {processor.py:830} INFO - Processing file /home/airflow/.local/lib/python3.12/site-packages/airflow/example_dags/tutorial_taskflow_api.py for tasks to queue
[2024-08-05T00:01:29.650+0000] {logging_mixin.py:188} INFO - [2024-08-05T00:01:29.650+0000] {dagbag.py:545} INFO - Filling up the DagBag from /home/airflow/.local/lib/python3.12/site-packages/airflow/example_dags/tutorial_taskflow_api.py
[2024-08-05T00:01:29.656+0000] {processor.py:840} INFO - DAG(s) 'tutorial_taskflow_api' retrieved from /home/airflow/.local/lib/python3.12/site-packages/airflow/example_dags/tutorial_taskflow_api.py
[2024-08-05T00:01:29.674+0000] {logging_mixin.py:188} INFO - [2024-08-05T00:01:29.674+0000] {dag.py:3089} INFO - Sync 1 DAGs
[2024-08-05T00:01:29.685+0000] {logging_mixin.py:188} INFO - [2024-08-05T00:01:29.684+0000] {dag.py:3947} INFO - Setting next_dagrun for tutorial_taskflow_api to None, run_after=None
[2024-08-05T00:01:29.699+0000] {processor.py:183} INFO - Processing /home/airflow/.local/lib/python3.12/site-packages/airflow/example_dags/tutorial_taskflow_api.py took 0.056 seconds
[2024-08-05T00:01:59.819+0000] {processor.py:161} INFO - Started process (PID=16624) to work on /home/airflow/.local/lib/python3.12/site-packages/airflow/example_dags/tutorial_taskflow_api.py
[2024-08-05T00:01:59.820+0000] {processor.py:830} INFO - Processing file /home/airflow/.local/lib/python3.12/site-packages/airflow/example_dags/tutorial_taskflow_api.py for tasks to queue
[2024-08-05T00:01:59.821+0000] {logging_mixin.py:188} INFO - [2024-08-05T00:01:59.821+0000] {dagbag.py:545} INFO - Filling up the DagBag from /home/airflow/.local/lib/python3.12/site-packages/airflow/example_dags/tutorial_taskflow_api.py
[2024-08-05T00:01:59.826+0000] {processor.py:840} INFO - DAG(s) 'tutorial_taskflow_api' retrieved from /home/airflow/.local/lib/python3.12/site-packages/airflow/example_dags/tutorial_taskflow_api.py
[2024-08-05T00:01:59.844+0000] {logging_mixin.py:188} INFO - [2024-08-05T00:01:59.844+0000] {dag.py:3089} INFO - Sync 1 DAGs
[2024-08-05T00:01:59.856+0000] {logging_mixin.py:188} INFO - [2024-08-05T00:01:59.855+0000] {dag.py:3947} INFO - Setting next_dagrun for tutorial_taskflow_api to None, run_after=None
[2024-08-05T00:01:59.871+0000] {processor.py:183} INFO - Processing /home/airflow/.local/lib/python3.12/site-packages/airflow/example_dags/tutorial_taskflow_api.py took 0.058 seconds
[2024-08-05T00:02:29.934+0000] {processor.py:161} INFO - Started process (PID=16896) to work on /home/airflow/.local/lib/python3.12/site-packages/airflow/example_dags/tutorial_taskflow_api.py
[2024-08-05T00:02:29.935+0000] {processor.py:830} INFO - Processing file /home/airflow/.local/lib/python3.12/site-packages/airflow/example_dags/tutorial_taskflow_api.py for tasks to queue
[2024-08-05T00:02:29.937+0000] {logging_mixin.py:188} INFO - [2024-08-05T00:02:29.936+0000] {dagbag.py:545} INFO - Filling up the DagBag from /home/airflow/.local/lib/python3.12/site-packages/airflow/example_dags/tutorial_taskflow_api.py
[2024-08-05T00:02:29.942+0000] {processor.py:840} INFO - DAG(s) 'tutorial_taskflow_api' retrieved from /home/airflow/.local/lib/python3.12/site-packages/airflow/example_dags/tutorial_taskflow_api.py
[2024-08-05T00:02:29.960+0000] {logging_mixin.py:188} INFO - [2024-08-05T00:02:29.960+0000] {dag.py:3089} INFO - Sync 1 DAGs
[2024-08-05T00:02:29.972+0000] {logging_mixin.py:188} INFO - [2024-08-05T00:02:29.972+0000] {dag.py:3947} INFO - Setting next_dagrun for tutorial_taskflow_api to None, run_after=None
[2024-08-05T00:02:29.988+0000] {processor.py:183} INFO - Processing /home/airflow/.local/lib/python3.12/site-packages/airflow/example_dags/tutorial_taskflow_api.py took 0.059 seconds
[2024-08-05T00:03:00.214+0000] {processor.py:161} INFO - Started process (PID=17166) to work on /home/airflow/.local/lib/python3.12/site-packages/airflow/example_dags/tutorial_taskflow_api.py
[2024-08-05T00:03:00.214+0000] {processor.py:830} INFO - Processing file /home/airflow/.local/lib/python3.12/site-packages/airflow/example_dags/tutorial_taskflow_api.py for tasks to queue
[2024-08-05T00:03:00.216+0000] {logging_mixin.py:188} INFO - [2024-08-05T00:03:00.216+0000] {dagbag.py:545} INFO - Filling up the DagBag from /home/airflow/.local/lib/python3.12/site-packages/airflow/example_dags/tutorial_taskflow_api.py
[2024-08-05T00:03:00.223+0000] {processor.py:840} INFO - DAG(s) 'tutorial_taskflow_api' retrieved from /home/airflow/.local/lib/python3.12/site-packages/airflow/example_dags/tutorial_taskflow_api.py
[2024-08-05T00:03:00.245+0000] {logging_mixin.py:188} INFO - [2024-08-05T00:03:00.245+0000] {dag.py:3089} INFO - Sync 1 DAGs
[2024-08-05T00:03:00.258+0000] {logging_mixin.py:188} INFO - [2024-08-05T00:03:00.258+0000] {dag.py:3947} INFO - Setting next_dagrun for tutorial_taskflow_api to None, run_after=None
[2024-08-05T00:03:00.275+0000] {processor.py:183} INFO - Processing /home/airflow/.local/lib/python3.12/site-packages/airflow/example_dags/tutorial_taskflow_api.py took 0.066 seconds
[2024-08-05T00:03:30.615+0000] {processor.py:161} INFO - Started process (PID=17438) to work on /home/airflow/.local/lib/python3.12/site-packages/airflow/example_dags/tutorial_taskflow_api.py
[2024-08-05T00:03:30.616+0000] {processor.py:830} INFO - Processing file /home/airflow/.local/lib/python3.12/site-packages/airflow/example_dags/tutorial_taskflow_api.py for tasks to queue
[2024-08-05T00:03:30.619+0000] {logging_mixin.py:188} INFO - [2024-08-05T00:03:30.618+0000] {dagbag.py:545} INFO - Filling up the DagBag from /home/airflow/.local/lib/python3.12/site-packages/airflow/example_dags/tutorial_taskflow_api.py
[2024-08-05T00:03:30.624+0000] {processor.py:840} INFO - DAG(s) 'tutorial_taskflow_api' retrieved from /home/airflow/.local/lib/python3.12/site-packages/airflow/example_dags/tutorial_taskflow_api.py
[2024-08-05T00:03:30.645+0000] {logging_mixin.py:188} INFO - [2024-08-05T00:03:30.645+0000] {dag.py:3089} INFO - Sync 1 DAGs
[2024-08-05T00:03:30.658+0000] {logging_mixin.py:188} INFO - [2024-08-05T00:03:30.658+0000] {dag.py:3947} INFO - Setting next_dagrun for tutorial_taskflow_api to None, run_after=None
[2024-08-05T00:03:30.674+0000] {processor.py:183} INFO - Processing /home/airflow/.local/lib/python3.12/site-packages/airflow/example_dags/tutorial_taskflow_api.py took 0.065 seconds
[2024-08-05T00:04:00.808+0000] {processor.py:161} INFO - Started process (PID=17710) to work on /home/airflow/.local/lib/python3.12/site-packages/airflow/example_dags/tutorial_taskflow_api.py
[2024-08-05T00:04:00.809+0000] {processor.py:830} INFO - Processing file /home/airflow/.local/lib/python3.12/site-packages/airflow/example_dags/tutorial_taskflow_api.py for tasks to queue
[2024-08-05T00:04:00.810+0000] {logging_mixin.py:188} INFO - [2024-08-05T00:04:00.810+0000] {dagbag.py:545} INFO - Filling up the DagBag from /home/airflow/.local/lib/python3.12/site-packages/airflow/example_dags/tutorial_taskflow_api.py
[2024-08-05T00:04:00.816+0000] {processor.py:840} INFO - DAG(s) 'tutorial_taskflow_api' retrieved from /home/airflow/.local/lib/python3.12/site-packages/airflow/example_dags/tutorial_taskflow_api.py
[2024-08-05T00:04:00.838+0000] {logging_mixin.py:188} INFO - [2024-08-05T00:04:00.838+0000] {dag.py:3089} INFO - Sync 1 DAGs
[2024-08-05T00:04:00.850+0000] {logging_mixin.py:188} INFO - [2024-08-05T00:04:00.849+0000] {dag.py:3947} INFO - Setting next_dagrun for tutorial_taskflow_api to None, run_after=None
[2024-08-05T00:04:00.869+0000] {processor.py:183} INFO - Processing /home/airflow/.local/lib/python3.12/site-packages/airflow/example_dags/tutorial_taskflow_api.py took 0.066 seconds
[2024-08-05T00:04:31.715+0000] {processor.py:161} INFO - Started process (PID=17976) to work on /home/airflow/.local/lib/python3.12/site-packages/airflow/example_dags/tutorial_taskflow_api.py
[2024-08-05T00:04:31.717+0000] {processor.py:830} INFO - Processing file /home/airflow/.local/lib/python3.12/site-packages/airflow/example_dags/tutorial_taskflow_api.py for tasks to queue
[2024-08-05T00:04:31.719+0000] {logging_mixin.py:188} INFO - [2024-08-05T00:04:31.718+0000] {dagbag.py:545} INFO - Filling up the DagBag from /home/airflow/.local/lib/python3.12/site-packages/airflow/example_dags/tutorial_taskflow_api.py
[2024-08-05T00:04:31.725+0000] {processor.py:840} INFO - DAG(s) 'tutorial_taskflow_api' retrieved from /home/airflow/.local/lib/python3.12/site-packages/airflow/example_dags/tutorial_taskflow_api.py
[2024-08-05T00:04:31.749+0000] {logging_mixin.py:188} INFO - [2024-08-05T00:04:31.748+0000] {dag.py:3089} INFO - Sync 1 DAGs
[2024-08-05T00:04:31.762+0000] {logging_mixin.py:188} INFO - [2024-08-05T00:04:31.762+0000] {dag.py:3947} INFO - Setting next_dagrun for tutorial_taskflow_api to None, run_after=None
[2024-08-05T00:04:31.791+0000] {processor.py:183} INFO - Processing /home/airflow/.local/lib/python3.12/site-packages/airflow/example_dags/tutorial_taskflow_api.py took 0.082 seconds
[2024-08-05T00:05:02.005+0000] {processor.py:161} INFO - Started process (PID=18248) to work on /home/airflow/.local/lib/python3.12/site-packages/airflow/example_dags/tutorial_taskflow_api.py
[2024-08-05T00:05:02.006+0000] {processor.py:830} INFO - Processing file /home/airflow/.local/lib/python3.12/site-packages/airflow/example_dags/tutorial_taskflow_api.py for tasks to queue
[2024-08-05T00:05:02.007+0000] {logging_mixin.py:188} INFO - [2024-08-05T00:05:02.007+0000] {dagbag.py:545} INFO - Filling up the DagBag from /home/airflow/.local/lib/python3.12/site-packages/airflow/example_dags/tutorial_taskflow_api.py
[2024-08-05T00:05:02.014+0000] {processor.py:840} INFO - DAG(s) 'tutorial_taskflow_api' retrieved from /home/airflow/.local/lib/python3.12/site-packages/airflow/example_dags/tutorial_taskflow_api.py
[2024-08-05T00:05:02.036+0000] {logging_mixin.py:188} INFO - [2024-08-05T00:05:02.035+0000] {dag.py:3089} INFO - Sync 1 DAGs
[2024-08-05T00:05:02.049+0000] {logging_mixin.py:188} INFO - [2024-08-05T00:05:02.049+0000] {dag.py:3947} INFO - Setting next_dagrun for tutorial_taskflow_api to None, run_after=None
[2024-08-05T00:05:02.068+0000] {processor.py:183} INFO - Processing /home/airflow/.local/lib/python3.12/site-packages/airflow/example_dags/tutorial_taskflow_api.py took 0.072 seconds
[2024-08-05T00:05:32.231+0000] {processor.py:161} INFO - Started process (PID=18520) to work on /home/airflow/.local/lib/python3.12/site-packages/airflow/example_dags/tutorial_taskflow_api.py
[2024-08-05T00:05:32.232+0000] {processor.py:830} INFO - Processing file /home/airflow/.local/lib/python3.12/site-packages/airflow/example_dags/tutorial_taskflow_api.py for tasks to queue
[2024-08-05T00:05:32.234+0000] {logging_mixin.py:188} INFO - [2024-08-05T00:05:32.234+0000] {dagbag.py:545} INFO - Filling up the DagBag from /home/airflow/.local/lib/python3.12/site-packages/airflow/example_dags/tutorial_taskflow_api.py
[2024-08-05T00:05:32.241+0000] {processor.py:840} INFO - DAG(s) 'tutorial_taskflow_api' retrieved from /home/airflow/.local/lib/python3.12/site-packages/airflow/example_dags/tutorial_taskflow_api.py
[2024-08-05T00:05:32.264+0000] {logging_mixin.py:188} INFO - [2024-08-05T00:05:32.264+0000] {dag.py:3089} INFO - Sync 1 DAGs
[2024-08-05T00:05:32.278+0000] {logging_mixin.py:188} INFO - [2024-08-05T00:05:32.278+0000] {dag.py:3947} INFO - Setting next_dagrun for tutorial_taskflow_api to None, run_after=None
[2024-08-05T00:05:32.298+0000] {processor.py:183} INFO - Processing /home/airflow/.local/lib/python3.12/site-packages/airflow/example_dags/tutorial_taskflow_api.py took 0.073 seconds
[2024-08-05T00:06:02.527+0000] {processor.py:161} INFO - Started process (PID=18792) to work on /home/airflow/.local/lib/python3.12/site-packages/airflow/example_dags/tutorial_taskflow_api.py
[2024-08-05T00:06:02.528+0000] {processor.py:830} INFO - Processing file /home/airflow/.local/lib/python3.12/site-packages/airflow/example_dags/tutorial_taskflow_api.py for tasks to queue
[2024-08-05T00:06:02.530+0000] {logging_mixin.py:188} INFO - [2024-08-05T00:06:02.530+0000] {dagbag.py:545} INFO - Filling up the DagBag from /home/airflow/.local/lib/python3.12/site-packages/airflow/example_dags/tutorial_taskflow_api.py
[2024-08-05T00:06:02.536+0000] {processor.py:840} INFO - DAG(s) 'tutorial_taskflow_api' retrieved from /home/airflow/.local/lib/python3.12/site-packages/airflow/example_dags/tutorial_taskflow_api.py
[2024-08-05T00:06:02.556+0000] {logging_mixin.py:188} INFO - [2024-08-05T00:06:02.555+0000] {dag.py:3089} INFO - Sync 1 DAGs
[2024-08-05T00:06:02.569+0000] {logging_mixin.py:188} INFO - [2024-08-05T00:06:02.568+0000] {dag.py:3947} INFO - Setting next_dagrun for tutorial_taskflow_api to None, run_after=None
[2024-08-05T00:06:02.587+0000] {processor.py:183} INFO - Processing /home/airflow/.local/lib/python3.12/site-packages/airflow/example_dags/tutorial_taskflow_api.py took 0.064 seconds
[2024-08-05T00:06:32.729+0000] {processor.py:161} INFO - Started process (PID=19064) to work on /home/airflow/.local/lib/python3.12/site-packages/airflow/example_dags/tutorial_taskflow_api.py
[2024-08-05T00:06:32.730+0000] {processor.py:830} INFO - Processing file /home/airflow/.local/lib/python3.12/site-packages/airflow/example_dags/tutorial_taskflow_api.py for tasks to queue
[2024-08-05T00:06:32.732+0000] {logging_mixin.py:188} INFO - [2024-08-05T00:06:32.732+0000] {dagbag.py:545} INFO - Filling up the DagBag from /home/airflow/.local/lib/python3.12/site-packages/airflow/example_dags/tutorial_taskflow_api.py
[2024-08-05T00:06:32.738+0000] {processor.py:840} INFO - DAG(s) 'tutorial_taskflow_api' retrieved from /home/airflow/.local/lib/python3.12/site-packages/airflow/example_dags/tutorial_taskflow_api.py
[2024-08-05T00:06:32.757+0000] {logging_mixin.py:188} INFO - [2024-08-05T00:06:32.757+0000] {dag.py:3089} INFO - Sync 1 DAGs
[2024-08-05T00:06:32.769+0000] {logging_mixin.py:188} INFO - [2024-08-05T00:06:32.769+0000] {dag.py:3947} INFO - Setting next_dagrun for tutorial_taskflow_api to None, run_after=None
[2024-08-05T00:06:32.786+0000] {processor.py:183} INFO - Processing /home/airflow/.local/lib/python3.12/site-packages/airflow/example_dags/tutorial_taskflow_api.py took 0.063 seconds
[2024-08-05T00:07:03.763+0000] {processor.py:161} INFO - Started process (PID=19336) to work on /home/airflow/.local/lib/python3.12/site-packages/airflow/example_dags/tutorial_taskflow_api.py
[2024-08-05T00:07:03.764+0000] {processor.py:830} INFO - Processing file /home/airflow/.local/lib/python3.12/site-packages/airflow/example_dags/tutorial_taskflow_api.py for tasks to queue
[2024-08-05T00:07:03.766+0000] {logging_mixin.py:188} INFO - [2024-08-05T00:07:03.766+0000] {dagbag.py:545} INFO - Filling up the DagBag from /home/airflow/.local/lib/python3.12/site-packages/airflow/example_dags/tutorial_taskflow_api.py
[2024-08-05T00:07:03.772+0000] {processor.py:840} INFO - DAG(s) 'tutorial_taskflow_api' retrieved from /home/airflow/.local/lib/python3.12/site-packages/airflow/example_dags/tutorial_taskflow_api.py
[2024-08-05T00:07:03.793+0000] {logging_mixin.py:188} INFO - [2024-08-05T00:07:03.793+0000] {dag.py:3089} INFO - Sync 1 DAGs
[2024-08-05T00:07:03.806+0000] {logging_mixin.py:188} INFO - [2024-08-05T00:07:03.806+0000] {dag.py:3947} INFO - Setting next_dagrun for tutorial_taskflow_api to None, run_after=None
[2024-08-05T00:07:03.823+0000] {processor.py:183} INFO - Processing /home/airflow/.local/lib/python3.12/site-packages/airflow/example_dags/tutorial_taskflow_api.py took 0.066 seconds
[2024-08-05T00:07:34.101+0000] {processor.py:161} INFO - Started process (PID=19608) to work on /home/airflow/.local/lib/python3.12/site-packages/airflow/example_dags/tutorial_taskflow_api.py
[2024-08-05T00:07:34.102+0000] {processor.py:830} INFO - Processing file /home/airflow/.local/lib/python3.12/site-packages/airflow/example_dags/tutorial_taskflow_api.py for tasks to queue
[2024-08-05T00:07:34.103+0000] {logging_mixin.py:188} INFO - [2024-08-05T00:07:34.103+0000] {dagbag.py:545} INFO - Filling up the DagBag from /home/airflow/.local/lib/python3.12/site-packages/airflow/example_dags/tutorial_taskflow_api.py
[2024-08-05T00:07:34.109+0000] {processor.py:840} INFO - DAG(s) 'tutorial_taskflow_api' retrieved from /home/airflow/.local/lib/python3.12/site-packages/airflow/example_dags/tutorial_taskflow_api.py
[2024-08-05T00:07:34.130+0000] {logging_mixin.py:188} INFO - [2024-08-05T00:07:34.130+0000] {dag.py:3089} INFO - Sync 1 DAGs
[2024-08-05T00:07:34.144+0000] {logging_mixin.py:188} INFO - [2024-08-05T00:07:34.143+0000] {dag.py:3947} INFO - Setting next_dagrun for tutorial_taskflow_api to None, run_after=None
[2024-08-05T00:07:34.163+0000] {processor.py:183} INFO - Processing /home/airflow/.local/lib/python3.12/site-packages/airflow/example_dags/tutorial_taskflow_api.py took 0.068 seconds
[2024-08-05T00:08:04.303+0000] {processor.py:161} INFO - Started process (PID=19880) to work on /home/airflow/.local/lib/python3.12/site-packages/airflow/example_dags/tutorial_taskflow_api.py
[2024-08-05T00:08:04.304+0000] {processor.py:830} INFO - Processing file /home/airflow/.local/lib/python3.12/site-packages/airflow/example_dags/tutorial_taskflow_api.py for tasks to queue
[2024-08-05T00:08:04.306+0000] {logging_mixin.py:188} INFO - [2024-08-05T00:08:04.305+0000] {dagbag.py:545} INFO - Filling up the DagBag from /home/airflow/.local/lib/python3.12/site-packages/airflow/example_dags/tutorial_taskflow_api.py
[2024-08-05T00:08:04.314+0000] {processor.py:840} INFO - DAG(s) 'tutorial_taskflow_api' retrieved from /home/airflow/.local/lib/python3.12/site-packages/airflow/example_dags/tutorial_taskflow_api.py
[2024-08-05T00:08:04.335+0000] {logging_mixin.py:188} INFO - [2024-08-05T00:08:04.335+0000] {dag.py:3089} INFO - Sync 1 DAGs
[2024-08-05T00:08:04.348+0000] {logging_mixin.py:188} INFO - [2024-08-05T00:08:04.347+0000] {dag.py:3947} INFO - Setting next_dagrun for tutorial_taskflow_api to None, run_after=None
[2024-08-05T00:08:04.365+0000] {processor.py:183} INFO - Processing /home/airflow/.local/lib/python3.12/site-packages/airflow/example_dags/tutorial_taskflow_api.py took 0.068 seconds
[2024-08-05T00:08:34.752+0000] {processor.py:161} INFO - Started process (PID=20154) to work on /home/airflow/.local/lib/python3.12/site-packages/airflow/example_dags/tutorial_taskflow_api.py
[2024-08-05T00:08:34.753+0000] {processor.py:830} INFO - Processing file /home/airflow/.local/lib/python3.12/site-packages/airflow/example_dags/tutorial_taskflow_api.py for tasks to queue
[2024-08-05T00:08:34.754+0000] {logging_mixin.py:188} INFO - [2024-08-05T00:08:34.754+0000] {dagbag.py:545} INFO - Filling up the DagBag from /home/airflow/.local/lib/python3.12/site-packages/airflow/example_dags/tutorial_taskflow_api.py
[2024-08-05T00:08:34.759+0000] {processor.py:840} INFO - DAG(s) 'tutorial_taskflow_api' retrieved from /home/airflow/.local/lib/python3.12/site-packages/airflow/example_dags/tutorial_taskflow_api.py
[2024-08-05T00:08:34.780+0000] {logging_mixin.py:188} INFO - [2024-08-05T00:08:34.779+0000] {dag.py:3089} INFO - Sync 1 DAGs
[2024-08-05T00:08:34.791+0000] {logging_mixin.py:188} INFO - [2024-08-05T00:08:34.790+0000] {dag.py:3947} INFO - Setting next_dagrun for tutorial_taskflow_api to None, run_after=None
[2024-08-05T00:08:34.807+0000] {processor.py:183} INFO - Processing /home/airflow/.local/lib/python3.12/site-packages/airflow/example_dags/tutorial_taskflow_api.py took 0.060 seconds
[2024-08-05T00:09:04.914+0000] {processor.py:161} INFO - Started process (PID=20424) to work on /home/airflow/.local/lib/python3.12/site-packages/airflow/example_dags/tutorial_taskflow_api.py
[2024-08-05T00:09:04.915+0000] {processor.py:830} INFO - Processing file /home/airflow/.local/lib/python3.12/site-packages/airflow/example_dags/tutorial_taskflow_api.py for tasks to queue
[2024-08-05T00:09:04.916+0000] {logging_mixin.py:188} INFO - [2024-08-05T00:09:04.916+0000] {dagbag.py:545} INFO - Filling up the DagBag from /home/airflow/.local/lib/python3.12/site-packages/airflow/example_dags/tutorial_taskflow_api.py
[2024-08-05T00:09:04.921+0000] {processor.py:840} INFO - DAG(s) 'tutorial_taskflow_api' retrieved from /home/airflow/.local/lib/python3.12/site-packages/airflow/example_dags/tutorial_taskflow_api.py
[2024-08-05T00:09:04.940+0000] {logging_mixin.py:188} INFO - [2024-08-05T00:09:04.940+0000] {dag.py:3089} INFO - Sync 1 DAGs
[2024-08-05T00:09:04.950+0000] {logging_mixin.py:188} INFO - [2024-08-05T00:09:04.950+0000] {dag.py:3947} INFO - Setting next_dagrun for tutorial_taskflow_api to None, run_after=None
[2024-08-05T00:09:04.965+0000] {processor.py:183} INFO - Processing /home/airflow/.local/lib/python3.12/site-packages/airflow/example_dags/tutorial_taskflow_api.py took 0.056 seconds
[2024-08-05T00:09:35.647+0000] {processor.py:161} INFO - Started process (PID=20696) to work on /home/airflow/.local/lib/python3.12/site-packages/airflow/example_dags/tutorial_taskflow_api.py
[2024-08-05T00:09:35.648+0000] {processor.py:830} INFO - Processing file /home/airflow/.local/lib/python3.12/site-packages/airflow/example_dags/tutorial_taskflow_api.py for tasks to queue
[2024-08-05T00:09:35.649+0000] {logging_mixin.py:188} INFO - [2024-08-05T00:09:35.649+0000] {dagbag.py:545} INFO - Filling up the DagBag from /home/airflow/.local/lib/python3.12/site-packages/airflow/example_dags/tutorial_taskflow_api.py
[2024-08-05T00:09:35.654+0000] {processor.py:840} INFO - DAG(s) 'tutorial_taskflow_api' retrieved from /home/airflow/.local/lib/python3.12/site-packages/airflow/example_dags/tutorial_taskflow_api.py
[2024-08-05T00:09:35.673+0000] {logging_mixin.py:188} INFO - [2024-08-05T00:09:35.673+0000] {dag.py:3089} INFO - Sync 1 DAGs
[2024-08-05T00:09:35.683+0000] {logging_mixin.py:188} INFO - [2024-08-05T00:09:35.683+0000] {dag.py:3947} INFO - Setting next_dagrun for tutorial_taskflow_api to None, run_after=None
[2024-08-05T00:09:35.699+0000] {processor.py:183} INFO - Processing /home/airflow/.local/lib/python3.12/site-packages/airflow/example_dags/tutorial_taskflow_api.py took 0.056 seconds
[2024-08-05T00:10:06.290+0000] {processor.py:161} INFO - Started process (PID=20974) to work on /home/airflow/.local/lib/python3.12/site-packages/airflow/example_dags/tutorial_taskflow_api.py
[2024-08-05T00:10:06.291+0000] {processor.py:830} INFO - Processing file /home/airflow/.local/lib/python3.12/site-packages/airflow/example_dags/tutorial_taskflow_api.py for tasks to queue
[2024-08-05T00:10:06.292+0000] {logging_mixin.py:188} INFO - [2024-08-05T00:10:06.292+0000] {dagbag.py:545} INFO - Filling up the DagBag from /home/airflow/.local/lib/python3.12/site-packages/airflow/example_dags/tutorial_taskflow_api.py
[2024-08-05T00:10:06.297+0000] {processor.py:840} INFO - DAG(s) 'tutorial_taskflow_api' retrieved from /home/airflow/.local/lib/python3.12/site-packages/airflow/example_dags/tutorial_taskflow_api.py
[2024-08-05T00:10:06.315+0000] {logging_mixin.py:188} INFO - [2024-08-05T00:10:06.315+0000] {dag.py:3089} INFO - Sync 1 DAGs
[2024-08-05T00:10:06.326+0000] {logging_mixin.py:188} INFO - [2024-08-05T00:10:06.326+0000] {dag.py:3947} INFO - Setting next_dagrun for tutorial_taskflow_api to None, run_after=None
[2024-08-05T00:10:06.340+0000] {processor.py:183} INFO - Processing /home/airflow/.local/lib/python3.12/site-packages/airflow/example_dags/tutorial_taskflow_api.py took 0.056 seconds
[2024-08-05T00:10:37.026+0000] {processor.py:161} INFO - Started process (PID=21249) to work on /home/airflow/.local/lib/python3.12/site-packages/airflow/example_dags/tutorial_taskflow_api.py
[2024-08-05T00:10:37.027+0000] {processor.py:830} INFO - Processing file /home/airflow/.local/lib/python3.12/site-packages/airflow/example_dags/tutorial_taskflow_api.py for tasks to queue
[2024-08-05T00:10:37.029+0000] {logging_mixin.py:188} INFO - [2024-08-05T00:10:37.028+0000] {dagbag.py:545} INFO - Filling up the DagBag from /home/airflow/.local/lib/python3.12/site-packages/airflow/example_dags/tutorial_taskflow_api.py
[2024-08-05T00:10:37.034+0000] {processor.py:840} INFO - DAG(s) 'tutorial_taskflow_api' retrieved from /home/airflow/.local/lib/python3.12/site-packages/airflow/example_dags/tutorial_taskflow_api.py
[2024-08-05T00:10:37.056+0000] {logging_mixin.py:188} INFO - [2024-08-05T00:10:37.055+0000] {dag.py:3089} INFO - Sync 1 DAGs
[2024-08-05T00:10:37.068+0000] {logging_mixin.py:188} INFO - [2024-08-05T00:10:37.068+0000] {dag.py:3947} INFO - Setting next_dagrun for tutorial_taskflow_api to None, run_after=None
[2024-08-05T00:10:37.084+0000] {processor.py:183} INFO - Processing /home/airflow/.local/lib/python3.12/site-packages/airflow/example_dags/tutorial_taskflow_api.py took 0.063 seconds
[2024-08-05T00:11:07.768+0000] {processor.py:161} INFO - Started process (PID=21521) to work on /home/airflow/.local/lib/python3.12/site-packages/airflow/example_dags/tutorial_taskflow_api.py
[2024-08-05T00:11:07.769+0000] {processor.py:830} INFO - Processing file /home/airflow/.local/lib/python3.12/site-packages/airflow/example_dags/tutorial_taskflow_api.py for tasks to queue
[2024-08-05T00:11:07.771+0000] {logging_mixin.py:188} INFO - [2024-08-05T00:11:07.771+0000] {dagbag.py:545} INFO - Filling up the DagBag from /home/airflow/.local/lib/python3.12/site-packages/airflow/example_dags/tutorial_taskflow_api.py
[2024-08-05T00:11:07.778+0000] {processor.py:840} INFO - DAG(s) 'tutorial_taskflow_api' retrieved from /home/airflow/.local/lib/python3.12/site-packages/airflow/example_dags/tutorial_taskflow_api.py
[2024-08-05T00:11:07.796+0000] {logging_mixin.py:188} INFO - [2024-08-05T00:11:07.796+0000] {dag.py:3089} INFO - Sync 1 DAGs
[2024-08-05T00:11:07.808+0000] {logging_mixin.py:188} INFO - [2024-08-05T00:11:07.808+0000] {dag.py:3947} INFO - Setting next_dagrun for tutorial_taskflow_api to None, run_after=None
[2024-08-05T00:11:07.825+0000] {processor.py:183} INFO - Processing /home/airflow/.local/lib/python3.12/site-packages/airflow/example_dags/tutorial_taskflow_api.py took 0.062 seconds
[2024-08-05T00:11:38.665+0000] {processor.py:161} INFO - Started process (PID=21793) to work on /home/airflow/.local/lib/python3.12/site-packages/airflow/example_dags/tutorial_taskflow_api.py
[2024-08-05T00:11:38.666+0000] {processor.py:830} INFO - Processing file /home/airflow/.local/lib/python3.12/site-packages/airflow/example_dags/tutorial_taskflow_api.py for tasks to queue
[2024-08-05T00:11:38.667+0000] {logging_mixin.py:188} INFO - [2024-08-05T00:11:38.667+0000] {dagbag.py:545} INFO - Filling up the DagBag from /home/airflow/.local/lib/python3.12/site-packages/airflow/example_dags/tutorial_taskflow_api.py
[2024-08-05T00:11:38.675+0000] {processor.py:840} INFO - DAG(s) 'tutorial_taskflow_api' retrieved from /home/airflow/.local/lib/python3.12/site-packages/airflow/example_dags/tutorial_taskflow_api.py
[2024-08-05T00:11:38.696+0000] {logging_mixin.py:188} INFO - [2024-08-05T00:11:38.696+0000] {dag.py:3089} INFO - Sync 1 DAGs
[2024-08-05T00:11:38.711+0000] {logging_mixin.py:188} INFO - [2024-08-05T00:11:38.711+0000] {dag.py:3947} INFO - Setting next_dagrun for tutorial_taskflow_api to None, run_after=None
[2024-08-05T00:11:38.728+0000] {processor.py:183} INFO - Processing /home/airflow/.local/lib/python3.12/site-packages/airflow/example_dags/tutorial_taskflow_api.py took 0.069 seconds
[2024-08-05T00:12:08.900+0000] {processor.py:161} INFO - Started process (PID=22065) to work on /home/airflow/.local/lib/python3.12/site-packages/airflow/example_dags/tutorial_taskflow_api.py
[2024-08-05T00:12:08.901+0000] {processor.py:830} INFO - Processing file /home/airflow/.local/lib/python3.12/site-packages/airflow/example_dags/tutorial_taskflow_api.py for tasks to queue
[2024-08-05T00:12:08.903+0000] {logging_mixin.py:188} INFO - [2024-08-05T00:12:08.902+0000] {dagbag.py:545} INFO - Filling up the DagBag from /home/airflow/.local/lib/python3.12/site-packages/airflow/example_dags/tutorial_taskflow_api.py
[2024-08-05T00:12:08.908+0000] {processor.py:840} INFO - DAG(s) 'tutorial_taskflow_api' retrieved from /home/airflow/.local/lib/python3.12/site-packages/airflow/example_dags/tutorial_taskflow_api.py
[2024-08-05T00:12:08.928+0000] {logging_mixin.py:188} INFO - [2024-08-05T00:12:08.928+0000] {dag.py:3089} INFO - Sync 1 DAGs
[2024-08-05T00:12:08.940+0000] {logging_mixin.py:188} INFO - [2024-08-05T00:12:08.940+0000] {dag.py:3947} INFO - Setting next_dagrun for tutorial_taskflow_api to None, run_after=None
[2024-08-05T00:12:08.956+0000] {processor.py:183} INFO - Processing /home/airflow/.local/lib/python3.12/site-packages/airflow/example_dags/tutorial_taskflow_api.py took 0.061 seconds
[2024-08-05T00:12:39.159+0000] {processor.py:161} INFO - Started process (PID=22337) to work on /home/airflow/.local/lib/python3.12/site-packages/airflow/example_dags/tutorial_taskflow_api.py
[2024-08-05T00:12:39.160+0000] {processor.py:830} INFO - Processing file /home/airflow/.local/lib/python3.12/site-packages/airflow/example_dags/tutorial_taskflow_api.py for tasks to queue
[2024-08-05T00:12:39.161+0000] {logging_mixin.py:188} INFO - [2024-08-05T00:12:39.161+0000] {dagbag.py:545} INFO - Filling up the DagBag from /home/airflow/.local/lib/python3.12/site-packages/airflow/example_dags/tutorial_taskflow_api.py
[2024-08-05T00:12:39.167+0000] {processor.py:840} INFO - DAG(s) 'tutorial_taskflow_api' retrieved from /home/airflow/.local/lib/python3.12/site-packages/airflow/example_dags/tutorial_taskflow_api.py
[2024-08-05T00:12:39.187+0000] {logging_mixin.py:188} INFO - [2024-08-05T00:12:39.187+0000] {dag.py:3089} INFO - Sync 1 DAGs
[2024-08-05T00:12:39.198+0000] {logging_mixin.py:188} INFO - [2024-08-05T00:12:39.198+0000] {dag.py:3947} INFO - Setting next_dagrun for tutorial_taskflow_api to None, run_after=None
[2024-08-05T00:12:39.215+0000] {processor.py:183} INFO - Processing /home/airflow/.local/lib/python3.12/site-packages/airflow/example_dags/tutorial_taskflow_api.py took 0.060 seconds
[2024-08-05T00:13:09.390+0000] {processor.py:161} INFO - Started process (PID=22609) to work on /home/airflow/.local/lib/python3.12/site-packages/airflow/example_dags/tutorial_taskflow_api.py
[2024-08-05T00:13:09.391+0000] {processor.py:830} INFO - Processing file /home/airflow/.local/lib/python3.12/site-packages/airflow/example_dags/tutorial_taskflow_api.py for tasks to queue
[2024-08-05T00:13:09.393+0000] {logging_mixin.py:188} INFO - [2024-08-05T00:13:09.393+0000] {dagbag.py:545} INFO - Filling up the DagBag from /home/airflow/.local/lib/python3.12/site-packages/airflow/example_dags/tutorial_taskflow_api.py
[2024-08-05T00:13:09.399+0000] {processor.py:840} INFO - DAG(s) 'tutorial_taskflow_api' retrieved from /home/airflow/.local/lib/python3.12/site-packages/airflow/example_dags/tutorial_taskflow_api.py
[2024-08-05T00:13:09.422+0000] {logging_mixin.py:188} INFO - [2024-08-05T00:13:09.422+0000] {dag.py:3089} INFO - Sync 1 DAGs
[2024-08-05T00:13:09.434+0000] {logging_mixin.py:188} INFO - [2024-08-05T00:13:09.434+0000] {dag.py:3947} INFO - Setting next_dagrun for tutorial_taskflow_api to None, run_after=None
[2024-08-05T00:13:09.454+0000] {processor.py:183} INFO - Processing /home/airflow/.local/lib/python3.12/site-packages/airflow/example_dags/tutorial_taskflow_api.py took 0.071 seconds
[2024-08-05T00:13:41.138+0000] {processor.py:161} INFO - Started process (PID=22881) to work on /home/airflow/.local/lib/python3.12/site-packages/airflow/example_dags/tutorial_taskflow_api.py
[2024-08-05T00:13:41.139+0000] {processor.py:830} INFO - Processing file /home/airflow/.local/lib/python3.12/site-packages/airflow/example_dags/tutorial_taskflow_api.py for tasks to queue
[2024-08-05T00:13:41.141+0000] {logging_mixin.py:188} INFO - [2024-08-05T00:13:41.141+0000] {dagbag.py:545} INFO - Filling up the DagBag from /home/airflow/.local/lib/python3.12/site-packages/airflow/example_dags/tutorial_taskflow_api.py
[2024-08-05T00:13:41.167+0000] {processor.py:840} INFO - DAG(s) 'tutorial_taskflow_api' retrieved from /home/airflow/.local/lib/python3.12/site-packages/airflow/example_dags/tutorial_taskflow_api.py
[2024-08-05T00:13:41.235+0000] {logging_mixin.py:188} INFO - [2024-08-05T00:13:41.235+0000] {dag.py:3089} INFO - Sync 1 DAGs
[2024-08-05T00:13:41.288+0000] {logging_mixin.py:188} INFO - [2024-08-05T00:13:41.288+0000] {dag.py:3947} INFO - Setting next_dagrun for tutorial_taskflow_api to None, run_after=None
[2024-08-05T00:13:41.355+0000] {processor.py:183} INFO - Processing /home/airflow/.local/lib/python3.12/site-packages/airflow/example_dags/tutorial_taskflow_api.py took 0.231 seconds
[2024-08-05T00:14:12.278+0000] {processor.py:161} INFO - Started process (PID=23155) to work on /home/airflow/.local/lib/python3.12/site-packages/airflow/example_dags/tutorial_taskflow_api.py
[2024-08-05T00:14:12.279+0000] {processor.py:830} INFO - Processing file /home/airflow/.local/lib/python3.12/site-packages/airflow/example_dags/tutorial_taskflow_api.py for tasks to queue
[2024-08-05T00:14:12.280+0000] {logging_mixin.py:188} INFO - [2024-08-05T00:14:12.280+0000] {dagbag.py:545} INFO - Filling up the DagBag from /home/airflow/.local/lib/python3.12/site-packages/airflow/example_dags/tutorial_taskflow_api.py
[2024-08-05T00:14:12.287+0000] {processor.py:840} INFO - DAG(s) 'tutorial_taskflow_api' retrieved from /home/airflow/.local/lib/python3.12/site-packages/airflow/example_dags/tutorial_taskflow_api.py
[2024-08-05T00:14:12.307+0000] {logging_mixin.py:188} INFO - [2024-08-05T00:14:12.307+0000] {dag.py:3089} INFO - Sync 1 DAGs
[2024-08-05T00:14:12.322+0000] {logging_mixin.py:188} INFO - [2024-08-05T00:14:12.321+0000] {dag.py:3947} INFO - Setting next_dagrun for tutorial_taskflow_api to None, run_after=None
[2024-08-05T00:14:12.343+0000] {processor.py:183} INFO - Processing /home/airflow/.local/lib/python3.12/site-packages/airflow/example_dags/tutorial_taskflow_api.py took 0.070 seconds
[2024-08-05T00:14:42.484+0000] {processor.py:161} INFO - Started process (PID=23427) to work on /home/airflow/.local/lib/python3.12/site-packages/airflow/example_dags/tutorial_taskflow_api.py
[2024-08-05T00:14:42.485+0000] {processor.py:830} INFO - Processing file /home/airflow/.local/lib/python3.12/site-packages/airflow/example_dags/tutorial_taskflow_api.py for tasks to queue
[2024-08-05T00:14:42.487+0000] {logging_mixin.py:188} INFO - [2024-08-05T00:14:42.486+0000] {dagbag.py:545} INFO - Filling up the DagBag from /home/airflow/.local/lib/python3.12/site-packages/airflow/example_dags/tutorial_taskflow_api.py
[2024-08-05T00:14:42.493+0000] {processor.py:840} INFO - DAG(s) 'tutorial_taskflow_api' retrieved from /home/airflow/.local/lib/python3.12/site-packages/airflow/example_dags/tutorial_taskflow_api.py
[2024-08-05T00:14:42.514+0000] {logging_mixin.py:188} INFO - [2024-08-05T00:14:42.514+0000] {dag.py:3089} INFO - Sync 1 DAGs
[2024-08-05T00:14:42.524+0000] {logging_mixin.py:188} INFO - [2024-08-05T00:14:42.524+0000] {dag.py:3947} INFO - Setting next_dagrun for tutorial_taskflow_api to None, run_after=None
[2024-08-05T00:14:42.544+0000] {processor.py:183} INFO - Processing /home/airflow/.local/lib/python3.12/site-packages/airflow/example_dags/tutorial_taskflow_api.py took 0.066 seconds
[2024-08-05T00:15:12.688+0000] {processor.py:161} INFO - Started process (PID=23699) to work on /home/airflow/.local/lib/python3.12/site-packages/airflow/example_dags/tutorial_taskflow_api.py
[2024-08-05T00:15:12.689+0000] {processor.py:830} INFO - Processing file /home/airflow/.local/lib/python3.12/site-packages/airflow/example_dags/tutorial_taskflow_api.py for tasks to queue
[2024-08-05T00:15:12.691+0000] {logging_mixin.py:188} INFO - [2024-08-05T00:15:12.690+0000] {dagbag.py:545} INFO - Filling up the DagBag from /home/airflow/.local/lib/python3.12/site-packages/airflow/example_dags/tutorial_taskflow_api.py
[2024-08-05T00:15:12.695+0000] {processor.py:840} INFO - DAG(s) 'tutorial_taskflow_api' retrieved from /home/airflow/.local/lib/python3.12/site-packages/airflow/example_dags/tutorial_taskflow_api.py
[2024-08-05T00:15:12.719+0000] {logging_mixin.py:188} INFO - [2024-08-05T00:15:12.718+0000] {dag.py:3089} INFO - Sync 1 DAGs
[2024-08-05T00:15:12.734+0000] {logging_mixin.py:188} INFO - [2024-08-05T00:15:12.734+0000] {dag.py:3947} INFO - Setting next_dagrun for tutorial_taskflow_api to None, run_after=None
[2024-08-05T00:15:12.756+0000] {processor.py:183} INFO - Processing /home/airflow/.local/lib/python3.12/site-packages/airflow/example_dags/tutorial_taskflow_api.py took 0.073 seconds
[2024-08-05T00:15:42.963+0000] {processor.py:161} INFO - Started process (PID=23971) to work on /home/airflow/.local/lib/python3.12/site-packages/airflow/example_dags/tutorial_taskflow_api.py
[2024-08-05T00:15:42.964+0000] {processor.py:830} INFO - Processing file /home/airflow/.local/lib/python3.12/site-packages/airflow/example_dags/tutorial_taskflow_api.py for tasks to queue
[2024-08-05T00:15:42.966+0000] {logging_mixin.py:188} INFO - [2024-08-05T00:15:42.965+0000] {dagbag.py:545} INFO - Filling up the DagBag from /home/airflow/.local/lib/python3.12/site-packages/airflow/example_dags/tutorial_taskflow_api.py
[2024-08-05T00:15:42.972+0000] {processor.py:840} INFO - DAG(s) 'tutorial_taskflow_api' retrieved from /home/airflow/.local/lib/python3.12/site-packages/airflow/example_dags/tutorial_taskflow_api.py
[2024-08-05T00:15:42.990+0000] {logging_mixin.py:188} INFO - [2024-08-05T00:15:42.990+0000] {dag.py:3089} INFO - Sync 1 DAGs
[2024-08-05T00:15:43.002+0000] {logging_mixin.py:188} INFO - [2024-08-05T00:15:43.002+0000] {dag.py:3947} INFO - Setting next_dagrun for tutorial_taskflow_api to None, run_after=None
[2024-08-05T00:15:43.022+0000] {processor.py:183} INFO - Processing /home/airflow/.local/lib/python3.12/site-packages/airflow/example_dags/tutorial_taskflow_api.py took 0.065 seconds
[2024-08-05T00:16:13.573+0000] {processor.py:161} INFO - Started process (PID=24243) to work on /home/airflow/.local/lib/python3.12/site-packages/airflow/example_dags/tutorial_taskflow_api.py
[2024-08-05T00:16:13.574+0000] {processor.py:830} INFO - Processing file /home/airflow/.local/lib/python3.12/site-packages/airflow/example_dags/tutorial_taskflow_api.py for tasks to queue
[2024-08-05T00:16:13.575+0000] {logging_mixin.py:188} INFO - [2024-08-05T00:16:13.575+0000] {dagbag.py:545} INFO - Filling up the DagBag from /home/airflow/.local/lib/python3.12/site-packages/airflow/example_dags/tutorial_taskflow_api.py
[2024-08-05T00:16:13.582+0000] {processor.py:840} INFO - DAG(s) 'tutorial_taskflow_api' retrieved from /home/airflow/.local/lib/python3.12/site-packages/airflow/example_dags/tutorial_taskflow_api.py
[2024-08-05T00:16:13.602+0000] {logging_mixin.py:188} INFO - [2024-08-05T00:16:13.602+0000] {dag.py:3089} INFO - Sync 1 DAGs
[2024-08-05T00:16:13.618+0000] {logging_mixin.py:188} INFO - [2024-08-05T00:16:13.618+0000] {dag.py:3947} INFO - Setting next_dagrun for tutorial_taskflow_api to None, run_after=None
[2024-08-05T00:16:13.645+0000] {processor.py:183} INFO - Processing /home/airflow/.local/lib/python3.12/site-packages/airflow/example_dags/tutorial_taskflow_api.py took 0.076 seconds
[2024-08-05T00:16:43.867+0000] {processor.py:161} INFO - Started process (PID=24515) to work on /home/airflow/.local/lib/python3.12/site-packages/airflow/example_dags/tutorial_taskflow_api.py
[2024-08-05T00:16:43.868+0000] {processor.py:830} INFO - Processing file /home/airflow/.local/lib/python3.12/site-packages/airflow/example_dags/tutorial_taskflow_api.py for tasks to queue
[2024-08-05T00:16:43.869+0000] {logging_mixin.py:188} INFO - [2024-08-05T00:16:43.869+0000] {dagbag.py:545} INFO - Filling up the DagBag from /home/airflow/.local/lib/python3.12/site-packages/airflow/example_dags/tutorial_taskflow_api.py
[2024-08-05T00:16:43.874+0000] {processor.py:840} INFO - DAG(s) 'tutorial_taskflow_api' retrieved from /home/airflow/.local/lib/python3.12/site-packages/airflow/example_dags/tutorial_taskflow_api.py
[2024-08-05T00:16:43.893+0000] {logging_mixin.py:188} INFO - [2024-08-05T00:16:43.893+0000] {dag.py:3089} INFO - Sync 1 DAGs
[2024-08-05T00:16:43.907+0000] {logging_mixin.py:188} INFO - [2024-08-05T00:16:43.907+0000] {dag.py:3947} INFO - Setting next_dagrun for tutorial_taskflow_api to None, run_after=None
[2024-08-05T00:16:43.926+0000] {processor.py:183} INFO - Processing /home/airflow/.local/lib/python3.12/site-packages/airflow/example_dags/tutorial_taskflow_api.py took 0.065 seconds
[2024-08-05T00:17:14.248+0000] {processor.py:161} INFO - Started process (PID=24787) to work on /home/airflow/.local/lib/python3.12/site-packages/airflow/example_dags/tutorial_taskflow_api.py
[2024-08-05T00:17:14.249+0000] {processor.py:830} INFO - Processing file /home/airflow/.local/lib/python3.12/site-packages/airflow/example_dags/tutorial_taskflow_api.py for tasks to queue
[2024-08-05T00:17:14.251+0000] {logging_mixin.py:188} INFO - [2024-08-05T00:17:14.250+0000] {dagbag.py:545} INFO - Filling up the DagBag from /home/airflow/.local/lib/python3.12/site-packages/airflow/example_dags/tutorial_taskflow_api.py
[2024-08-05T00:17:14.255+0000] {processor.py:840} INFO - DAG(s) 'tutorial_taskflow_api' retrieved from /home/airflow/.local/lib/python3.12/site-packages/airflow/example_dags/tutorial_taskflow_api.py
[2024-08-05T00:17:14.277+0000] {logging_mixin.py:188} INFO - [2024-08-05T00:17:14.277+0000] {dag.py:3089} INFO - Sync 1 DAGs
[2024-08-05T00:17:14.289+0000] {logging_mixin.py:188} INFO - [2024-08-05T00:17:14.289+0000] {dag.py:3947} INFO - Setting next_dagrun for tutorial_taskflow_api to None, run_after=None
[2024-08-05T00:17:14.311+0000] {processor.py:183} INFO - Processing /home/airflow/.local/lib/python3.12/site-packages/airflow/example_dags/tutorial_taskflow_api.py took 0.068 seconds
[2024-08-05T00:17:44.581+0000] {processor.py:161} INFO - Started process (PID=25059) to work on /home/airflow/.local/lib/python3.12/site-packages/airflow/example_dags/tutorial_taskflow_api.py
[2024-08-05T00:17:44.582+0000] {processor.py:830} INFO - Processing file /home/airflow/.local/lib/python3.12/site-packages/airflow/example_dags/tutorial_taskflow_api.py for tasks to queue
[2024-08-05T00:17:44.583+0000] {logging_mixin.py:188} INFO - [2024-08-05T00:17:44.583+0000] {dagbag.py:545} INFO - Filling up the DagBag from /home/airflow/.local/lib/python3.12/site-packages/airflow/example_dags/tutorial_taskflow_api.py
[2024-08-05T00:17:44.588+0000] {processor.py:840} INFO - DAG(s) 'tutorial_taskflow_api' retrieved from /home/airflow/.local/lib/python3.12/site-packages/airflow/example_dags/tutorial_taskflow_api.py
[2024-08-05T00:17:44.611+0000] {logging_mixin.py:188} INFO - [2024-08-05T00:17:44.610+0000] {dag.py:3089} INFO - Sync 1 DAGs
[2024-08-05T00:17:44.624+0000] {logging_mixin.py:188} INFO - [2024-08-05T00:17:44.623+0000] {dag.py:3947} INFO - Setting next_dagrun for tutorial_taskflow_api to None, run_after=None
[2024-08-05T00:17:44.641+0000] {processor.py:183} INFO - Processing /home/airflow/.local/lib/python3.12/site-packages/airflow/example_dags/tutorial_taskflow_api.py took 0.065 seconds
[2024-08-05T00:18:14.873+0000] {processor.py:161} INFO - Started process (PID=25331) to work on /home/airflow/.local/lib/python3.12/site-packages/airflow/example_dags/tutorial_taskflow_api.py
[2024-08-05T00:18:14.874+0000] {processor.py:830} INFO - Processing file /home/airflow/.local/lib/python3.12/site-packages/airflow/example_dags/tutorial_taskflow_api.py for tasks to queue
[2024-08-05T00:18:14.875+0000] {logging_mixin.py:188} INFO - [2024-08-05T00:18:14.875+0000] {dagbag.py:545} INFO - Filling up the DagBag from /home/airflow/.local/lib/python3.12/site-packages/airflow/example_dags/tutorial_taskflow_api.py
[2024-08-05T00:18:14.881+0000] {processor.py:840} INFO - DAG(s) 'tutorial_taskflow_api' retrieved from /home/airflow/.local/lib/python3.12/site-packages/airflow/example_dags/tutorial_taskflow_api.py
[2024-08-05T00:18:14.900+0000] {logging_mixin.py:188} INFO - [2024-08-05T00:18:14.900+0000] {dag.py:3089} INFO - Sync 1 DAGs
[2024-08-05T00:18:14.911+0000] {logging_mixin.py:188} INFO - [2024-08-05T00:18:14.911+0000] {dag.py:3947} INFO - Setting next_dagrun for tutorial_taskflow_api to None, run_after=None
[2024-08-05T00:18:14.928+0000] {processor.py:183} INFO - Processing /home/airflow/.local/lib/python3.12/site-packages/airflow/example_dags/tutorial_taskflow_api.py took 0.060 seconds
[2024-08-05T00:18:45.019+0000] {processor.py:161} INFO - Started process (PID=25603) to work on /home/airflow/.local/lib/python3.12/site-packages/airflow/example_dags/tutorial_taskflow_api.py
[2024-08-05T00:18:45.020+0000] {processor.py:830} INFO - Processing file /home/airflow/.local/lib/python3.12/site-packages/airflow/example_dags/tutorial_taskflow_api.py for tasks to queue
[2024-08-05T00:18:45.022+0000] {logging_mixin.py:188} INFO - [2024-08-05T00:18:45.021+0000] {dagbag.py:545} INFO - Filling up the DagBag from /home/airflow/.local/lib/python3.12/site-packages/airflow/example_dags/tutorial_taskflow_api.py
[2024-08-05T00:18:45.027+0000] {processor.py:840} INFO - DAG(s) 'tutorial_taskflow_api' retrieved from /home/airflow/.local/lib/python3.12/site-packages/airflow/example_dags/tutorial_taskflow_api.py
[2024-08-05T00:18:45.046+0000] {logging_mixin.py:188} INFO - [2024-08-05T00:18:45.046+0000] {dag.py:3089} INFO - Sync 1 DAGs
[2024-08-05T00:18:45.057+0000] {logging_mixin.py:188} INFO - [2024-08-05T00:18:45.057+0000] {dag.py:3947} INFO - Setting next_dagrun for tutorial_taskflow_api to None, run_after=None
[2024-08-05T00:18:45.073+0000] {processor.py:183} INFO - Processing /home/airflow/.local/lib/python3.12/site-packages/airflow/example_dags/tutorial_taskflow_api.py took 0.059 seconds
[2024-08-05T00:19:15.258+0000] {processor.py:161} INFO - Started process (PID=25875) to work on /home/airflow/.local/lib/python3.12/site-packages/airflow/example_dags/tutorial_taskflow_api.py
[2024-08-05T00:19:15.259+0000] {processor.py:830} INFO - Processing file /home/airflow/.local/lib/python3.12/site-packages/airflow/example_dags/tutorial_taskflow_api.py for tasks to queue
[2024-08-05T00:19:15.261+0000] {logging_mixin.py:188} INFO - [2024-08-05T00:19:15.261+0000] {dagbag.py:545} INFO - Filling up the DagBag from /home/airflow/.local/lib/python3.12/site-packages/airflow/example_dags/tutorial_taskflow_api.py
[2024-08-05T00:19:15.266+0000] {processor.py:840} INFO - DAG(s) 'tutorial_taskflow_api' retrieved from /home/airflow/.local/lib/python3.12/site-packages/airflow/example_dags/tutorial_taskflow_api.py
[2024-08-05T00:19:15.285+0000] {logging_mixin.py:188} INFO - [2024-08-05T00:19:15.285+0000] {dag.py:3089} INFO - Sync 1 DAGs
[2024-08-05T00:19:15.297+0000] {logging_mixin.py:188} INFO - [2024-08-05T00:19:15.297+0000] {dag.py:3947} INFO - Setting next_dagrun for tutorial_taskflow_api to None, run_after=None
[2024-08-05T00:19:15.313+0000] {processor.py:183} INFO - Processing /home/airflow/.local/lib/python3.12/site-packages/airflow/example_dags/tutorial_taskflow_api.py took 0.060 seconds
[2024-08-05T00:19:45.523+0000] {processor.py:161} INFO - Started process (PID=26147) to work on /home/airflow/.local/lib/python3.12/site-packages/airflow/example_dags/tutorial_taskflow_api.py
[2024-08-05T00:19:45.524+0000] {processor.py:830} INFO - Processing file /home/airflow/.local/lib/python3.12/site-packages/airflow/example_dags/tutorial_taskflow_api.py for tasks to queue
[2024-08-05T00:19:45.525+0000] {logging_mixin.py:188} INFO - [2024-08-05T00:19:45.525+0000] {dagbag.py:545} INFO - Filling up the DagBag from /home/airflow/.local/lib/python3.12/site-packages/airflow/example_dags/tutorial_taskflow_api.py
[2024-08-05T00:19:45.531+0000] {processor.py:840} INFO - DAG(s) 'tutorial_taskflow_api' retrieved from /home/airflow/.local/lib/python3.12/site-packages/airflow/example_dags/tutorial_taskflow_api.py
[2024-08-05T00:19:45.551+0000] {logging_mixin.py:188} INFO - [2024-08-05T00:19:45.550+0000] {dag.py:3089} INFO - Sync 1 DAGs
[2024-08-05T00:19:45.563+0000] {logging_mixin.py:188} INFO - [2024-08-05T00:19:45.562+0000] {dag.py:3947} INFO - Setting next_dagrun for tutorial_taskflow_api to None, run_after=None
[2024-08-05T00:19:45.581+0000] {processor.py:183} INFO - Processing /home/airflow/.local/lib/python3.12/site-packages/airflow/example_dags/tutorial_taskflow_api.py took 0.063 seconds
[2024-08-05T00:20:15.767+0000] {processor.py:161} INFO - Started process (PID=26425) to work on /home/airflow/.local/lib/python3.12/site-packages/airflow/example_dags/tutorial_taskflow_api.py
[2024-08-05T00:20:15.768+0000] {processor.py:830} INFO - Processing file /home/airflow/.local/lib/python3.12/site-packages/airflow/example_dags/tutorial_taskflow_api.py for tasks to queue
[2024-08-05T00:20:15.770+0000] {logging_mixin.py:188} INFO - [2024-08-05T00:20:15.769+0000] {dagbag.py:545} INFO - Filling up the DagBag from /home/airflow/.local/lib/python3.12/site-packages/airflow/example_dags/tutorial_taskflow_api.py
[2024-08-05T00:20:15.775+0000] {processor.py:840} INFO - DAG(s) 'tutorial_taskflow_api' retrieved from /home/airflow/.local/lib/python3.12/site-packages/airflow/example_dags/tutorial_taskflow_api.py
[2024-08-05T00:20:15.795+0000] {logging_mixin.py:188} INFO - [2024-08-05T00:20:15.795+0000] {dag.py:3089} INFO - Sync 1 DAGs
[2024-08-05T00:20:15.807+0000] {logging_mixin.py:188} INFO - [2024-08-05T00:20:15.806+0000] {dag.py:3947} INFO - Setting next_dagrun for tutorial_taskflow_api to None, run_after=None
[2024-08-05T00:20:15.823+0000] {processor.py:183} INFO - Processing /home/airflow/.local/lib/python3.12/site-packages/airflow/example_dags/tutorial_taskflow_api.py took 0.060 seconds
[2024-08-05T00:20:46.311+0000] {processor.py:161} INFO - Started process (PID=26700) to work on /home/airflow/.local/lib/python3.12/site-packages/airflow/example_dags/tutorial_taskflow_api.py
[2024-08-05T00:20:46.311+0000] {processor.py:830} INFO - Processing file /home/airflow/.local/lib/python3.12/site-packages/airflow/example_dags/tutorial_taskflow_api.py for tasks to queue
[2024-08-05T00:20:46.313+0000] {logging_mixin.py:188} INFO - [2024-08-05T00:20:46.313+0000] {dagbag.py:545} INFO - Filling up the DagBag from /home/airflow/.local/lib/python3.12/site-packages/airflow/example_dags/tutorial_taskflow_api.py
[2024-08-05T00:20:46.318+0000] {processor.py:840} INFO - DAG(s) 'tutorial_taskflow_api' retrieved from /home/airflow/.local/lib/python3.12/site-packages/airflow/example_dags/tutorial_taskflow_api.py
[2024-08-05T00:20:46.338+0000] {logging_mixin.py:188} INFO - [2024-08-05T00:20:46.338+0000] {dag.py:3089} INFO - Sync 1 DAGs
[2024-08-05T00:20:46.350+0000] {logging_mixin.py:188} INFO - [2024-08-05T00:20:46.350+0000] {dag.py:3947} INFO - Setting next_dagrun for tutorial_taskflow_api to None, run_after=None
[2024-08-05T00:20:46.367+0000] {processor.py:183} INFO - Processing /home/airflow/.local/lib/python3.12/site-packages/airflow/example_dags/tutorial_taskflow_api.py took 0.062 seconds
[2024-08-05T00:21:16.817+0000] {processor.py:161} INFO - Started process (PID=26972) to work on /home/airflow/.local/lib/python3.12/site-packages/airflow/example_dags/tutorial_taskflow_api.py
[2024-08-05T00:21:16.818+0000] {processor.py:830} INFO - Processing file /home/airflow/.local/lib/python3.12/site-packages/airflow/example_dags/tutorial_taskflow_api.py for tasks to queue
[2024-08-05T00:21:16.819+0000] {logging_mixin.py:188} INFO - [2024-08-05T00:21:16.819+0000] {dagbag.py:545} INFO - Filling up the DagBag from /home/airflow/.local/lib/python3.12/site-packages/airflow/example_dags/tutorial_taskflow_api.py
[2024-08-05T00:21:16.825+0000] {processor.py:840} INFO - DAG(s) 'tutorial_taskflow_api' retrieved from /home/airflow/.local/lib/python3.12/site-packages/airflow/example_dags/tutorial_taskflow_api.py
[2024-08-05T00:21:16.846+0000] {logging_mixin.py:188} INFO - [2024-08-05T00:21:16.845+0000] {dag.py:3089} INFO - Sync 1 DAGs
[2024-08-05T00:21:16.857+0000] {logging_mixin.py:188} INFO - [2024-08-05T00:21:16.857+0000] {dag.py:3947} INFO - Setting next_dagrun for tutorial_taskflow_api to None, run_after=None
[2024-08-05T00:21:16.873+0000] {processor.py:183} INFO - Processing /home/airflow/.local/lib/python3.12/site-packages/airflow/example_dags/tutorial_taskflow_api.py took 0.061 seconds
[2024-08-05T00:21:46.990+0000] {processor.py:161} INFO - Started process (PID=27244) to work on /home/airflow/.local/lib/python3.12/site-packages/airflow/example_dags/tutorial_taskflow_api.py
[2024-08-05T00:21:46.991+0000] {processor.py:830} INFO - Processing file /home/airflow/.local/lib/python3.12/site-packages/airflow/example_dags/tutorial_taskflow_api.py for tasks to queue
[2024-08-05T00:21:46.992+0000] {logging_mixin.py:188} INFO - [2024-08-05T00:21:46.992+0000] {dagbag.py:545} INFO - Filling up the DagBag from /home/airflow/.local/lib/python3.12/site-packages/airflow/example_dags/tutorial_taskflow_api.py
[2024-08-05T00:21:46.997+0000] {processor.py:840} INFO - DAG(s) 'tutorial_taskflow_api' retrieved from /home/airflow/.local/lib/python3.12/site-packages/airflow/example_dags/tutorial_taskflow_api.py
[2024-08-05T00:21:47.017+0000] {logging_mixin.py:188} INFO - [2024-08-05T00:21:47.017+0000] {dag.py:3089} INFO - Sync 1 DAGs
[2024-08-05T00:21:47.029+0000] {logging_mixin.py:188} INFO - [2024-08-05T00:21:47.029+0000] {dag.py:3947} INFO - Setting next_dagrun for tutorial_taskflow_api to None, run_after=None
[2024-08-05T00:21:47.045+0000] {processor.py:183} INFO - Processing /home/airflow/.local/lib/python3.12/site-packages/airflow/example_dags/tutorial_taskflow_api.py took 0.061 seconds
[2024-08-05T00:22:17.379+0000] {processor.py:161} INFO - Started process (PID=27516) to work on /home/airflow/.local/lib/python3.12/site-packages/airflow/example_dags/tutorial_taskflow_api.py
[2024-08-05T00:22:17.379+0000] {processor.py:830} INFO - Processing file /home/airflow/.local/lib/python3.12/site-packages/airflow/example_dags/tutorial_taskflow_api.py for tasks to queue
[2024-08-05T00:22:17.381+0000] {logging_mixin.py:188} INFO - [2024-08-05T00:22:17.380+0000] {dagbag.py:545} INFO - Filling up the DagBag from /home/airflow/.local/lib/python3.12/site-packages/airflow/example_dags/tutorial_taskflow_api.py
[2024-08-05T00:22:17.387+0000] {processor.py:840} INFO - DAG(s) 'tutorial_taskflow_api' retrieved from /home/airflow/.local/lib/python3.12/site-packages/airflow/example_dags/tutorial_taskflow_api.py
[2024-08-05T00:22:17.407+0000] {logging_mixin.py:188} INFO - [2024-08-05T00:22:17.406+0000] {dag.py:3089} INFO - Sync 1 DAGs
[2024-08-05T00:22:17.420+0000] {logging_mixin.py:188} INFO - [2024-08-05T00:22:17.420+0000] {dag.py:3947} INFO - Setting next_dagrun for tutorial_taskflow_api to None, run_after=None
[2024-08-05T00:22:17.437+0000] {processor.py:183} INFO - Processing /home/airflow/.local/lib/python3.12/site-packages/airflow/example_dags/tutorial_taskflow_api.py took 0.063 seconds
[2024-08-05T00:22:47.893+0000] {processor.py:161} INFO - Started process (PID=27788) to work on /home/airflow/.local/lib/python3.12/site-packages/airflow/example_dags/tutorial_taskflow_api.py
[2024-08-05T00:22:47.894+0000] {processor.py:830} INFO - Processing file /home/airflow/.local/lib/python3.12/site-packages/airflow/example_dags/tutorial_taskflow_api.py for tasks to queue
[2024-08-05T00:22:47.895+0000] {logging_mixin.py:188} INFO - [2024-08-05T00:22:47.895+0000] {dagbag.py:545} INFO - Filling up the DagBag from /home/airflow/.local/lib/python3.12/site-packages/airflow/example_dags/tutorial_taskflow_api.py
[2024-08-05T00:22:47.900+0000] {processor.py:840} INFO - DAG(s) 'tutorial_taskflow_api' retrieved from /home/airflow/.local/lib/python3.12/site-packages/airflow/example_dags/tutorial_taskflow_api.py
[2024-08-05T00:22:47.922+0000] {logging_mixin.py:188} INFO - [2024-08-05T00:22:47.921+0000] {dag.py:3089} INFO - Sync 1 DAGs
[2024-08-05T00:22:47.934+0000] {logging_mixin.py:188} INFO - [2024-08-05T00:22:47.934+0000] {dag.py:3947} INFO - Setting next_dagrun for tutorial_taskflow_api to None, run_after=None
[2024-08-05T00:22:47.952+0000] {processor.py:183} INFO - Processing /home/airflow/.local/lib/python3.12/site-packages/airflow/example_dags/tutorial_taskflow_api.py took 0.064 seconds
[2024-08-05T00:23:18.474+0000] {processor.py:161} INFO - Started process (PID=28060) to work on /home/airflow/.local/lib/python3.12/site-packages/airflow/example_dags/tutorial_taskflow_api.py
[2024-08-05T00:23:18.475+0000] {processor.py:830} INFO - Processing file /home/airflow/.local/lib/python3.12/site-packages/airflow/example_dags/tutorial_taskflow_api.py for tasks to queue
[2024-08-05T00:23:18.477+0000] {logging_mixin.py:188} INFO - [2024-08-05T00:23:18.476+0000] {dagbag.py:545} INFO - Filling up the DagBag from /home/airflow/.local/lib/python3.12/site-packages/airflow/example_dags/tutorial_taskflow_api.py
[2024-08-05T00:23:18.481+0000] {processor.py:840} INFO - DAG(s) 'tutorial_taskflow_api' retrieved from /home/airflow/.local/lib/python3.12/site-packages/airflow/example_dags/tutorial_taskflow_api.py
[2024-08-05T00:23:18.502+0000] {logging_mixin.py:188} INFO - [2024-08-05T00:23:18.502+0000] {dag.py:3089} INFO - Sync 1 DAGs
[2024-08-05T00:23:18.514+0000] {logging_mixin.py:188} INFO - [2024-08-05T00:23:18.514+0000] {dag.py:3947} INFO - Setting next_dagrun for tutorial_taskflow_api to None, run_after=None
[2024-08-05T00:23:18.532+0000] {processor.py:183} INFO - Processing /home/airflow/.local/lib/python3.12/site-packages/airflow/example_dags/tutorial_taskflow_api.py took 0.064 seconds
[2024-08-05T00:23:48.968+0000] {processor.py:161} INFO - Started process (PID=28332) to work on /home/airflow/.local/lib/python3.12/site-packages/airflow/example_dags/tutorial_taskflow_api.py
[2024-08-05T00:23:48.969+0000] {processor.py:830} INFO - Processing file /home/airflow/.local/lib/python3.12/site-packages/airflow/example_dags/tutorial_taskflow_api.py for tasks to queue
[2024-08-05T00:23:48.971+0000] {logging_mixin.py:188} INFO - [2024-08-05T00:23:48.970+0000] {dagbag.py:545} INFO - Filling up the DagBag from /home/airflow/.local/lib/python3.12/site-packages/airflow/example_dags/tutorial_taskflow_api.py
[2024-08-05T00:23:48.976+0000] {processor.py:840} INFO - DAG(s) 'tutorial_taskflow_api' retrieved from /home/airflow/.local/lib/python3.12/site-packages/airflow/example_dags/tutorial_taskflow_api.py
[2024-08-05T00:23:48.993+0000] {logging_mixin.py:188} INFO - [2024-08-05T00:23:48.993+0000] {dag.py:3089} INFO - Sync 1 DAGs
[2024-08-05T00:23:49.004+0000] {logging_mixin.py:188} INFO - [2024-08-05T00:23:49.004+0000] {dag.py:3947} INFO - Setting next_dagrun for tutorial_taskflow_api to None, run_after=None
[2024-08-05T00:23:49.021+0000] {processor.py:183} INFO - Processing /home/airflow/.local/lib/python3.12/site-packages/airflow/example_dags/tutorial_taskflow_api.py took 0.058 seconds
[2024-08-05T00:24:19.090+0000] {processor.py:161} INFO - Started process (PID=28604) to work on /home/airflow/.local/lib/python3.12/site-packages/airflow/example_dags/tutorial_taskflow_api.py
[2024-08-05T00:24:19.091+0000] {processor.py:830} INFO - Processing file /home/airflow/.local/lib/python3.12/site-packages/airflow/example_dags/tutorial_taskflow_api.py for tasks to queue
[2024-08-05T00:24:19.092+0000] {logging_mixin.py:188} INFO - [2024-08-05T00:24:19.092+0000] {dagbag.py:545} INFO - Filling up the DagBag from /home/airflow/.local/lib/python3.12/site-packages/airflow/example_dags/tutorial_taskflow_api.py
[2024-08-05T00:24:19.230+0000] {processor.py:840} INFO - DAG(s) 'tutorial_taskflow_api' retrieved from /home/airflow/.local/lib/python3.12/site-packages/airflow/example_dags/tutorial_taskflow_api.py
[2024-08-05T00:24:19.244+0000] {logging_mixin.py:188} INFO - [2024-08-05T00:24:19.244+0000] {dag.py:3089} INFO - Sync 1 DAGs
[2024-08-05T00:24:19.252+0000] {logging_mixin.py:188} INFO - [2024-08-05T00:24:19.252+0000] {dag.py:3947} INFO - Setting next_dagrun for tutorial_taskflow_api to None, run_after=None
[2024-08-05T00:24:19.264+0000] {processor.py:183} INFO - Processing /home/airflow/.local/lib/python3.12/site-packages/airflow/example_dags/tutorial_taskflow_api.py took 0.179 seconds
[2024-08-05T00:24:49.302+0000] {processor.py:161} INFO - Started process (PID=28876) to work on /home/airflow/.local/lib/python3.12/site-packages/airflow/example_dags/tutorial_taskflow_api.py
[2024-08-05T00:24:49.303+0000] {processor.py:830} INFO - Processing file /home/airflow/.local/lib/python3.12/site-packages/airflow/example_dags/tutorial_taskflow_api.py for tasks to queue
[2024-08-05T00:24:49.304+0000] {logging_mixin.py:188} INFO - [2024-08-05T00:24:49.304+0000] {dagbag.py:545} INFO - Filling up the DagBag from /home/airflow/.local/lib/python3.12/site-packages/airflow/example_dags/tutorial_taskflow_api.py
[2024-08-05T00:24:49.309+0000] {processor.py:840} INFO - DAG(s) 'tutorial_taskflow_api' retrieved from /home/airflow/.local/lib/python3.12/site-packages/airflow/example_dags/tutorial_taskflow_api.py
[2024-08-05T00:24:49.325+0000] {logging_mixin.py:188} INFO - [2024-08-05T00:24:49.325+0000] {dag.py:3089} INFO - Sync 1 DAGs
[2024-08-05T00:24:49.335+0000] {logging_mixin.py:188} INFO - [2024-08-05T00:24:49.335+0000] {dag.py:3947} INFO - Setting next_dagrun for tutorial_taskflow_api to None, run_after=None
[2024-08-05T00:24:49.349+0000] {processor.py:183} INFO - Processing /home/airflow/.local/lib/python3.12/site-packages/airflow/example_dags/tutorial_taskflow_api.py took 0.051 seconds
