[2024-08-05T00:00:28.683+0000] {processor.py:161} INFO - Started process (PID=15811) to work on /home/airflow/.local/lib/python3.12/site-packages/airflow/example_dags/tutorial_dag.py
[2024-08-05T00:00:28.684+0000] {processor.py:830} INFO - Processing file /home/airflow/.local/lib/python3.12/site-packages/airflow/example_dags/tutorial_dag.py for tasks to queue
[2024-08-05T00:00:28.685+0000] {logging_mixin.py:188} INFO - [2024-08-05T00:00:28.685+0000] {dagbag.py:545} INFO - Filling up the DagBag from /home/airflow/.local/lib/python3.12/site-packages/airflow/example_dags/tutorial_dag.py
[2024-08-05T00:00:28.691+0000] {processor.py:840} INFO - DAG(s) 'tutorial_dag' retrieved from /home/airflow/.local/lib/python3.12/site-packages/airflow/example_dags/tutorial_dag.py
[2024-08-05T00:00:28.709+0000] {logging_mixin.py:188} INFO - [2024-08-05T00:00:28.709+0000] {dag.py:3089} INFO - Sync 1 DAGs
[2024-08-05T00:00:28.721+0000] {logging_mixin.py:188} INFO - [2024-08-05T00:00:28.720+0000] {dag.py:3947} INFO - Setting next_dagrun for tutorial_dag to None, run_after=None
[2024-08-05T00:00:28.737+0000] {processor.py:183} INFO - Processing /home/airflow/.local/lib/python3.12/site-packages/airflow/example_dags/tutorial_dag.py took 0.059 seconds
[2024-08-05T00:00:59.392+0000] {processor.py:161} INFO - Started process (PID=16083) to work on /home/airflow/.local/lib/python3.12/site-packages/airflow/example_dags/tutorial_dag.py
[2024-08-05T00:00:59.393+0000] {processor.py:830} INFO - Processing file /home/airflow/.local/lib/python3.12/site-packages/airflow/example_dags/tutorial_dag.py for tasks to queue
[2024-08-05T00:00:59.394+0000] {logging_mixin.py:188} INFO - [2024-08-05T00:00:59.394+0000] {dagbag.py:545} INFO - Filling up the DagBag from /home/airflow/.local/lib/python3.12/site-packages/airflow/example_dags/tutorial_dag.py
[2024-08-05T00:00:59.398+0000] {processor.py:840} INFO - DAG(s) 'tutorial_dag' retrieved from /home/airflow/.local/lib/python3.12/site-packages/airflow/example_dags/tutorial_dag.py
[2024-08-05T00:00:59.417+0000] {logging_mixin.py:188} INFO - [2024-08-05T00:00:59.417+0000] {dag.py:3089} INFO - Sync 1 DAGs
[2024-08-05T00:00:59.429+0000] {logging_mixin.py:188} INFO - [2024-08-05T00:00:59.429+0000] {dag.py:3947} INFO - Setting next_dagrun for tutorial_dag to None, run_after=None
[2024-08-05T00:00:59.445+0000] {processor.py:183} INFO - Processing /home/airflow/.local/lib/python3.12/site-packages/airflow/example_dags/tutorial_dag.py took 0.059 seconds
[2024-08-05T00:01:29.736+0000] {processor.py:161} INFO - Started process (PID=16357) to work on /home/airflow/.local/lib/python3.12/site-packages/airflow/example_dags/tutorial_dag.py
[2024-08-05T00:01:29.737+0000] {processor.py:830} INFO - Processing file /home/airflow/.local/lib/python3.12/site-packages/airflow/example_dags/tutorial_dag.py for tasks to queue
[2024-08-05T00:01:29.739+0000] {logging_mixin.py:188} INFO - [2024-08-05T00:01:29.738+0000] {dagbag.py:545} INFO - Filling up the DagBag from /home/airflow/.local/lib/python3.12/site-packages/airflow/example_dags/tutorial_dag.py
[2024-08-05T00:01:29.742+0000] {processor.py:840} INFO - DAG(s) 'tutorial_dag' retrieved from /home/airflow/.local/lib/python3.12/site-packages/airflow/example_dags/tutorial_dag.py
[2024-08-05T00:01:29.761+0000] {logging_mixin.py:188} INFO - [2024-08-05T00:01:29.760+0000] {dag.py:3089} INFO - Sync 1 DAGs
[2024-08-05T00:01:29.772+0000] {logging_mixin.py:188} INFO - [2024-08-05T00:01:29.772+0000] {dag.py:3947} INFO - Setting next_dagrun for tutorial_dag to None, run_after=None
[2024-08-05T00:01:29.788+0000] {processor.py:183} INFO - Processing /home/airflow/.local/lib/python3.12/site-packages/airflow/example_dags/tutorial_dag.py took 0.057 seconds
[2024-08-05T00:01:59.909+0000] {processor.py:161} INFO - Started process (PID=16629) to work on /home/airflow/.local/lib/python3.12/site-packages/airflow/example_dags/tutorial_dag.py
[2024-08-05T00:01:59.909+0000] {processor.py:830} INFO - Processing file /home/airflow/.local/lib/python3.12/site-packages/airflow/example_dags/tutorial_dag.py for tasks to queue
[2024-08-05T00:01:59.911+0000] {logging_mixin.py:188} INFO - [2024-08-05T00:01:59.911+0000] {dagbag.py:545} INFO - Filling up the DagBag from /home/airflow/.local/lib/python3.12/site-packages/airflow/example_dags/tutorial_dag.py
[2024-08-05T00:01:59.915+0000] {processor.py:840} INFO - DAG(s) 'tutorial_dag' retrieved from /home/airflow/.local/lib/python3.12/site-packages/airflow/example_dags/tutorial_dag.py
[2024-08-05T00:01:59.934+0000] {logging_mixin.py:188} INFO - [2024-08-05T00:01:59.933+0000] {dag.py:3089} INFO - Sync 1 DAGs
[2024-08-05T00:01:59.945+0000] {logging_mixin.py:188} INFO - [2024-08-05T00:01:59.945+0000] {dag.py:3947} INFO - Setting next_dagrun for tutorial_dag to None, run_after=None
[2024-08-05T00:01:59.963+0000] {processor.py:183} INFO - Processing /home/airflow/.local/lib/python3.12/site-packages/airflow/example_dags/tutorial_dag.py took 0.059 seconds
[2024-08-05T00:02:30.025+0000] {processor.py:161} INFO - Started process (PID=16901) to work on /home/airflow/.local/lib/python3.12/site-packages/airflow/example_dags/tutorial_dag.py
[2024-08-05T00:02:30.025+0000] {processor.py:830} INFO - Processing file /home/airflow/.local/lib/python3.12/site-packages/airflow/example_dags/tutorial_dag.py for tasks to queue
[2024-08-05T00:02:30.027+0000] {logging_mixin.py:188} INFO - [2024-08-05T00:02:30.027+0000] {dagbag.py:545} INFO - Filling up the DagBag from /home/airflow/.local/lib/python3.12/site-packages/airflow/example_dags/tutorial_dag.py
[2024-08-05T00:02:30.031+0000] {processor.py:840} INFO - DAG(s) 'tutorial_dag' retrieved from /home/airflow/.local/lib/python3.12/site-packages/airflow/example_dags/tutorial_dag.py
[2024-08-05T00:02:30.049+0000] {logging_mixin.py:188} INFO - [2024-08-05T00:02:30.049+0000] {dag.py:3089} INFO - Sync 1 DAGs
[2024-08-05T00:02:30.061+0000] {logging_mixin.py:188} INFO - [2024-08-05T00:02:30.061+0000] {dag.py:3947} INFO - Setting next_dagrun for tutorial_dag to None, run_after=None
[2024-08-05T00:02:30.077+0000] {processor.py:183} INFO - Processing /home/airflow/.local/lib/python3.12/site-packages/airflow/example_dags/tutorial_dag.py took 0.057 seconds
[2024-08-05T00:03:00.235+0000] {processor.py:161} INFO - Started process (PID=17171) to work on /home/airflow/.local/lib/python3.12/site-packages/airflow/example_dags/tutorial_dag.py
[2024-08-05T00:03:00.236+0000] {processor.py:830} INFO - Processing file /home/airflow/.local/lib/python3.12/site-packages/airflow/example_dags/tutorial_dag.py for tasks to queue
[2024-08-05T00:03:00.238+0000] {logging_mixin.py:188} INFO - [2024-08-05T00:03:00.237+0000] {dagbag.py:545} INFO - Filling up the DagBag from /home/airflow/.local/lib/python3.12/site-packages/airflow/example_dags/tutorial_dag.py
[2024-08-05T00:03:00.242+0000] {processor.py:840} INFO - DAG(s) 'tutorial_dag' retrieved from /home/airflow/.local/lib/python3.12/site-packages/airflow/example_dags/tutorial_dag.py
[2024-08-05T00:03:00.262+0000] {logging_mixin.py:188} INFO - [2024-08-05T00:03:00.262+0000] {dag.py:3089} INFO - Sync 1 DAGs
[2024-08-05T00:03:00.274+0000] {logging_mixin.py:188} INFO - [2024-08-05T00:03:00.274+0000] {dag.py:3947} INFO - Setting next_dagrun for tutorial_dag to None, run_after=None
[2024-08-05T00:03:00.291+0000] {processor.py:183} INFO - Processing /home/airflow/.local/lib/python3.12/site-packages/airflow/example_dags/tutorial_dag.py took 0.061 seconds
[2024-08-05T00:03:30.639+0000] {processor.py:161} INFO - Started process (PID=17443) to work on /home/airflow/.local/lib/python3.12/site-packages/airflow/example_dags/tutorial_dag.py
[2024-08-05T00:03:30.640+0000] {processor.py:830} INFO - Processing file /home/airflow/.local/lib/python3.12/site-packages/airflow/example_dags/tutorial_dag.py for tasks to queue
[2024-08-05T00:03:30.641+0000] {logging_mixin.py:188} INFO - [2024-08-05T00:03:30.641+0000] {dagbag.py:545} INFO - Filling up the DagBag from /home/airflow/.local/lib/python3.12/site-packages/airflow/example_dags/tutorial_dag.py
[2024-08-05T00:03:30.646+0000] {processor.py:840} INFO - DAG(s) 'tutorial_dag' retrieved from /home/airflow/.local/lib/python3.12/site-packages/airflow/example_dags/tutorial_dag.py
[2024-08-05T00:03:30.666+0000] {logging_mixin.py:188} INFO - [2024-08-05T00:03:30.666+0000] {dag.py:3089} INFO - Sync 1 DAGs
[2024-08-05T00:03:30.678+0000] {logging_mixin.py:188} INFO - [2024-08-05T00:03:30.677+0000] {dag.py:3947} INFO - Setting next_dagrun for tutorial_dag to None, run_after=None
[2024-08-05T00:03:30.695+0000] {processor.py:183} INFO - Processing /home/airflow/.local/lib/python3.12/site-packages/airflow/example_dags/tutorial_dag.py took 0.062 seconds
[2024-08-05T00:04:00.834+0000] {processor.py:161} INFO - Started process (PID=17715) to work on /home/airflow/.local/lib/python3.12/site-packages/airflow/example_dags/tutorial_dag.py
[2024-08-05T00:04:00.835+0000] {processor.py:830} INFO - Processing file /home/airflow/.local/lib/python3.12/site-packages/airflow/example_dags/tutorial_dag.py for tasks to queue
[2024-08-05T00:04:00.836+0000] {logging_mixin.py:188} INFO - [2024-08-05T00:04:00.836+0000] {dagbag.py:545} INFO - Filling up the DagBag from /home/airflow/.local/lib/python3.12/site-packages/airflow/example_dags/tutorial_dag.py
[2024-08-05T00:04:00.841+0000] {processor.py:840} INFO - DAG(s) 'tutorial_dag' retrieved from /home/airflow/.local/lib/python3.12/site-packages/airflow/example_dags/tutorial_dag.py
[2024-08-05T00:04:00.861+0000] {logging_mixin.py:188} INFO - [2024-08-05T00:04:00.861+0000] {dag.py:3089} INFO - Sync 1 DAGs
[2024-08-05T00:04:00.874+0000] {logging_mixin.py:188} INFO - [2024-08-05T00:04:00.873+0000] {dag.py:3947} INFO - Setting next_dagrun for tutorial_dag to None, run_after=None
[2024-08-05T00:04:00.891+0000] {processor.py:183} INFO - Processing /home/airflow/.local/lib/python3.12/site-packages/airflow/example_dags/tutorial_dag.py took 0.063 seconds
[2024-08-05T00:04:31.754+0000] {processor.py:161} INFO - Started process (PID=17981) to work on /home/airflow/.local/lib/python3.12/site-packages/airflow/example_dags/tutorial_dag.py
[2024-08-05T00:04:31.755+0000] {processor.py:830} INFO - Processing file /home/airflow/.local/lib/python3.12/site-packages/airflow/example_dags/tutorial_dag.py for tasks to queue
[2024-08-05T00:04:31.757+0000] {logging_mixin.py:188} INFO - [2024-08-05T00:04:31.756+0000] {dagbag.py:545} INFO - Filling up the DagBag from /home/airflow/.local/lib/python3.12/site-packages/airflow/example_dags/tutorial_dag.py
[2024-08-05T00:04:31.761+0000] {processor.py:840} INFO - DAG(s) 'tutorial_dag' retrieved from /home/airflow/.local/lib/python3.12/site-packages/airflow/example_dags/tutorial_dag.py
[2024-08-05T00:04:31.792+0000] {logging_mixin.py:188} INFO - [2024-08-05T00:04:31.791+0000] {dag.py:3089} INFO - Sync 1 DAGs
[2024-08-05T00:04:31.810+0000] {logging_mixin.py:188} INFO - [2024-08-05T00:04:31.810+0000] {dag.py:3947} INFO - Setting next_dagrun for tutorial_dag to None, run_after=None
[2024-08-05T00:04:31.825+0000] {processor.py:183} INFO - Processing /home/airflow/.local/lib/python3.12/site-packages/airflow/example_dags/tutorial_dag.py took 0.079 seconds
[2024-08-05T00:05:02.025+0000] {processor.py:161} INFO - Started process (PID=18253) to work on /home/airflow/.local/lib/python3.12/site-packages/airflow/example_dags/tutorial_dag.py
[2024-08-05T00:05:02.025+0000] {processor.py:830} INFO - Processing file /home/airflow/.local/lib/python3.12/site-packages/airflow/example_dags/tutorial_dag.py for tasks to queue
[2024-08-05T00:05:02.027+0000] {logging_mixin.py:188} INFO - [2024-08-05T00:05:02.026+0000] {dagbag.py:545} INFO - Filling up the DagBag from /home/airflow/.local/lib/python3.12/site-packages/airflow/example_dags/tutorial_dag.py
[2024-08-05T00:05:02.031+0000] {processor.py:840} INFO - DAG(s) 'tutorial_dag' retrieved from /home/airflow/.local/lib/python3.12/site-packages/airflow/example_dags/tutorial_dag.py
[2024-08-05T00:05:02.053+0000] {logging_mixin.py:188} INFO - [2024-08-05T00:05:02.052+0000] {dag.py:3089} INFO - Sync 1 DAGs
[2024-08-05T00:05:02.065+0000] {logging_mixin.py:188} INFO - [2024-08-05T00:05:02.064+0000] {dag.py:3947} INFO - Setting next_dagrun for tutorial_dag to None, run_after=None
[2024-08-05T00:05:02.083+0000] {processor.py:183} INFO - Processing /home/airflow/.local/lib/python3.12/site-packages/airflow/example_dags/tutorial_dag.py took 0.063 seconds
[2024-08-05T00:05:32.255+0000] {processor.py:161} INFO - Started process (PID=18525) to work on /home/airflow/.local/lib/python3.12/site-packages/airflow/example_dags/tutorial_dag.py
[2024-08-05T00:05:32.256+0000] {processor.py:830} INFO - Processing file /home/airflow/.local/lib/python3.12/site-packages/airflow/example_dags/tutorial_dag.py for tasks to queue
[2024-08-05T00:05:32.257+0000] {logging_mixin.py:188} INFO - [2024-08-05T00:05:32.257+0000] {dagbag.py:545} INFO - Filling up the DagBag from /home/airflow/.local/lib/python3.12/site-packages/airflow/example_dags/tutorial_dag.py
[2024-08-05T00:05:32.263+0000] {processor.py:840} INFO - DAG(s) 'tutorial_dag' retrieved from /home/airflow/.local/lib/python3.12/site-packages/airflow/example_dags/tutorial_dag.py
[2024-08-05T00:05:32.286+0000] {logging_mixin.py:188} INFO - [2024-08-05T00:05:32.285+0000] {dag.py:3089} INFO - Sync 1 DAGs
[2024-08-05T00:05:32.299+0000] {logging_mixin.py:188} INFO - [2024-08-05T00:05:32.298+0000] {dag.py:3947} INFO - Setting next_dagrun for tutorial_dag to None, run_after=None
[2024-08-05T00:05:32.318+0000] {processor.py:183} INFO - Processing /home/airflow/.local/lib/python3.12/site-packages/airflow/example_dags/tutorial_dag.py took 0.069 seconds
[2024-08-05T00:06:02.552+0000] {processor.py:161} INFO - Started process (PID=18797) to work on /home/airflow/.local/lib/python3.12/site-packages/airflow/example_dags/tutorial_dag.py
[2024-08-05T00:06:02.553+0000] {processor.py:830} INFO - Processing file /home/airflow/.local/lib/python3.12/site-packages/airflow/example_dags/tutorial_dag.py for tasks to queue
[2024-08-05T00:06:02.555+0000] {logging_mixin.py:188} INFO - [2024-08-05T00:06:02.554+0000] {dagbag.py:545} INFO - Filling up the DagBag from /home/airflow/.local/lib/python3.12/site-packages/airflow/example_dags/tutorial_dag.py
[2024-08-05T00:06:02.559+0000] {processor.py:840} INFO - DAG(s) 'tutorial_dag' retrieved from /home/airflow/.local/lib/python3.12/site-packages/airflow/example_dags/tutorial_dag.py
[2024-08-05T00:06:02.578+0000] {logging_mixin.py:188} INFO - [2024-08-05T00:06:02.578+0000] {dag.py:3089} INFO - Sync 1 DAGs
[2024-08-05T00:06:02.590+0000] {logging_mixin.py:188} INFO - [2024-08-05T00:06:02.590+0000] {dag.py:3947} INFO - Setting next_dagrun for tutorial_dag to None, run_after=None
[2024-08-05T00:06:02.608+0000] {processor.py:183} INFO - Processing /home/airflow/.local/lib/python3.12/site-packages/airflow/example_dags/tutorial_dag.py took 0.061 seconds
[2024-08-05T00:06:32.751+0000] {processor.py:161} INFO - Started process (PID=19069) to work on /home/airflow/.local/lib/python3.12/site-packages/airflow/example_dags/tutorial_dag.py
[2024-08-05T00:06:32.752+0000] {processor.py:830} INFO - Processing file /home/airflow/.local/lib/python3.12/site-packages/airflow/example_dags/tutorial_dag.py for tasks to queue
[2024-08-05T00:06:32.753+0000] {logging_mixin.py:188} INFO - [2024-08-05T00:06:32.753+0000] {dagbag.py:545} INFO - Filling up the DagBag from /home/airflow/.local/lib/python3.12/site-packages/airflow/example_dags/tutorial_dag.py
[2024-08-05T00:06:32.757+0000] {processor.py:840} INFO - DAG(s) 'tutorial_dag' retrieved from /home/airflow/.local/lib/python3.12/site-packages/airflow/example_dags/tutorial_dag.py
[2024-08-05T00:06:32.776+0000] {logging_mixin.py:188} INFO - [2024-08-05T00:06:32.776+0000] {dag.py:3089} INFO - Sync 1 DAGs
[2024-08-05T00:06:32.788+0000] {logging_mixin.py:188} INFO - [2024-08-05T00:06:32.788+0000] {dag.py:3947} INFO - Setting next_dagrun for tutorial_dag to None, run_after=None
[2024-08-05T00:06:32.806+0000] {processor.py:183} INFO - Processing /home/airflow/.local/lib/python3.12/site-packages/airflow/example_dags/tutorial_dag.py took 0.061 seconds
[2024-08-05T00:07:03.790+0000] {processor.py:161} INFO - Started process (PID=19341) to work on /home/airflow/.local/lib/python3.12/site-packages/airflow/example_dags/tutorial_dag.py
[2024-08-05T00:07:03.791+0000] {processor.py:830} INFO - Processing file /home/airflow/.local/lib/python3.12/site-packages/airflow/example_dags/tutorial_dag.py for tasks to queue
[2024-08-05T00:07:03.793+0000] {logging_mixin.py:188} INFO - [2024-08-05T00:07:03.793+0000] {dagbag.py:545} INFO - Filling up the DagBag from /home/airflow/.local/lib/python3.12/site-packages/airflow/example_dags/tutorial_dag.py
[2024-08-05T00:07:03.798+0000] {processor.py:840} INFO - DAG(s) 'tutorial_dag' retrieved from /home/airflow/.local/lib/python3.12/site-packages/airflow/example_dags/tutorial_dag.py
[2024-08-05T00:07:03.819+0000] {logging_mixin.py:188} INFO - [2024-08-05T00:07:03.818+0000] {dag.py:3089} INFO - Sync 1 DAGs
[2024-08-05T00:07:03.832+0000] {logging_mixin.py:188} INFO - [2024-08-05T00:07:03.832+0000] {dag.py:3947} INFO - Setting next_dagrun for tutorial_dag to None, run_after=None
[2024-08-05T00:07:03.852+0000] {processor.py:183} INFO - Processing /home/airflow/.local/lib/python3.12/site-packages/airflow/example_dags/tutorial_dag.py took 0.066 seconds
[2024-08-05T00:07:34.126+0000] {processor.py:161} INFO - Started process (PID=19613) to work on /home/airflow/.local/lib/python3.12/site-packages/airflow/example_dags/tutorial_dag.py
[2024-08-05T00:07:34.127+0000] {processor.py:830} INFO - Processing file /home/airflow/.local/lib/python3.12/site-packages/airflow/example_dags/tutorial_dag.py for tasks to queue
[2024-08-05T00:07:34.129+0000] {logging_mixin.py:188} INFO - [2024-08-05T00:07:34.128+0000] {dagbag.py:545} INFO - Filling up the DagBag from /home/airflow/.local/lib/python3.12/site-packages/airflow/example_dags/tutorial_dag.py
[2024-08-05T00:07:34.133+0000] {processor.py:840} INFO - DAG(s) 'tutorial_dag' retrieved from /home/airflow/.local/lib/python3.12/site-packages/airflow/example_dags/tutorial_dag.py
[2024-08-05T00:07:34.154+0000] {logging_mixin.py:188} INFO - [2024-08-05T00:07:34.154+0000] {dag.py:3089} INFO - Sync 1 DAGs
[2024-08-05T00:07:34.167+0000] {logging_mixin.py:188} INFO - [2024-08-05T00:07:34.166+0000] {dag.py:3947} INFO - Setting next_dagrun for tutorial_dag to None, run_after=None
[2024-08-05T00:07:34.185+0000] {processor.py:183} INFO - Processing /home/airflow/.local/lib/python3.12/site-packages/airflow/example_dags/tutorial_dag.py took 0.064 seconds
[2024-08-05T00:08:04.333+0000] {processor.py:161} INFO - Started process (PID=19885) to work on /home/airflow/.local/lib/python3.12/site-packages/airflow/example_dags/tutorial_dag.py
[2024-08-05T00:08:04.334+0000] {processor.py:830} INFO - Processing file /home/airflow/.local/lib/python3.12/site-packages/airflow/example_dags/tutorial_dag.py for tasks to queue
[2024-08-05T00:08:04.335+0000] {logging_mixin.py:188} INFO - [2024-08-05T00:08:04.335+0000] {dagbag.py:545} INFO - Filling up the DagBag from /home/airflow/.local/lib/python3.12/site-packages/airflow/example_dags/tutorial_dag.py
[2024-08-05T00:08:04.340+0000] {processor.py:840} INFO - DAG(s) 'tutorial_dag' retrieved from /home/airflow/.local/lib/python3.12/site-packages/airflow/example_dags/tutorial_dag.py
[2024-08-05T00:08:04.359+0000] {logging_mixin.py:188} INFO - [2024-08-05T00:08:04.359+0000] {dag.py:3089} INFO - Sync 1 DAGs
[2024-08-05T00:08:04.371+0000] {logging_mixin.py:188} INFO - [2024-08-05T00:08:04.371+0000] {dag.py:3947} INFO - Setting next_dagrun for tutorial_dag to None, run_after=None
[2024-08-05T00:08:04.392+0000] {processor.py:183} INFO - Processing /home/airflow/.local/lib/python3.12/site-packages/airflow/example_dags/tutorial_dag.py took 0.064 seconds
[2024-08-05T00:08:34.845+0000] {processor.py:161} INFO - Started process (PID=20159) to work on /home/airflow/.local/lib/python3.12/site-packages/airflow/example_dags/tutorial_dag.py
[2024-08-05T00:08:34.846+0000] {processor.py:830} INFO - Processing file /home/airflow/.local/lib/python3.12/site-packages/airflow/example_dags/tutorial_dag.py for tasks to queue
[2024-08-05T00:08:34.847+0000] {logging_mixin.py:188} INFO - [2024-08-05T00:08:34.847+0000] {dagbag.py:545} INFO - Filling up the DagBag from /home/airflow/.local/lib/python3.12/site-packages/airflow/example_dags/tutorial_dag.py
[2024-08-05T00:08:34.851+0000] {processor.py:840} INFO - DAG(s) 'tutorial_dag' retrieved from /home/airflow/.local/lib/python3.12/site-packages/airflow/example_dags/tutorial_dag.py
[2024-08-05T00:08:34.870+0000] {logging_mixin.py:188} INFO - [2024-08-05T00:08:34.870+0000] {dag.py:3089} INFO - Sync 1 DAGs
[2024-08-05T00:08:34.882+0000] {logging_mixin.py:188} INFO - [2024-08-05T00:08:34.882+0000] {dag.py:3947} INFO - Setting next_dagrun for tutorial_dag to None, run_after=None
[2024-08-05T00:08:34.898+0000] {processor.py:183} INFO - Processing /home/airflow/.local/lib/python3.12/site-packages/airflow/example_dags/tutorial_dag.py took 0.060 seconds
[2024-08-05T00:09:04.936+0000] {processor.py:161} INFO - Started process (PID=20429) to work on /home/airflow/.local/lib/python3.12/site-packages/airflow/example_dags/tutorial_dag.py
[2024-08-05T00:09:04.937+0000] {processor.py:830} INFO - Processing file /home/airflow/.local/lib/python3.12/site-packages/airflow/example_dags/tutorial_dag.py for tasks to queue
[2024-08-05T00:09:04.938+0000] {logging_mixin.py:188} INFO - [2024-08-05T00:09:04.938+0000] {dagbag.py:545} INFO - Filling up the DagBag from /home/airflow/.local/lib/python3.12/site-packages/airflow/example_dags/tutorial_dag.py
[2024-08-05T00:09:04.943+0000] {processor.py:840} INFO - DAG(s) 'tutorial_dag' retrieved from /home/airflow/.local/lib/python3.12/site-packages/airflow/example_dags/tutorial_dag.py
[2024-08-05T00:09:04.960+0000] {logging_mixin.py:188} INFO - [2024-08-05T00:09:04.960+0000] {dag.py:3089} INFO - Sync 1 DAGs
[2024-08-05T00:09:04.970+0000] {logging_mixin.py:188} INFO - [2024-08-05T00:09:04.970+0000] {dag.py:3947} INFO - Setting next_dagrun for tutorial_dag to None, run_after=None
[2024-08-05T00:09:04.985+0000] {processor.py:183} INFO - Processing /home/airflow/.local/lib/python3.12/site-packages/airflow/example_dags/tutorial_dag.py took 0.053 seconds
[2024-08-05T00:09:35.671+0000] {processor.py:161} INFO - Started process (PID=20701) to work on /home/airflow/.local/lib/python3.12/site-packages/airflow/example_dags/tutorial_dag.py
[2024-08-05T00:09:35.672+0000] {processor.py:830} INFO - Processing file /home/airflow/.local/lib/python3.12/site-packages/airflow/example_dags/tutorial_dag.py for tasks to queue
[2024-08-05T00:09:35.674+0000] {logging_mixin.py:188} INFO - [2024-08-05T00:09:35.673+0000] {dagbag.py:545} INFO - Filling up the DagBag from /home/airflow/.local/lib/python3.12/site-packages/airflow/example_dags/tutorial_dag.py
[2024-08-05T00:09:35.678+0000] {processor.py:840} INFO - DAG(s) 'tutorial_dag' retrieved from /home/airflow/.local/lib/python3.12/site-packages/airflow/example_dags/tutorial_dag.py
[2024-08-05T00:09:35.695+0000] {logging_mixin.py:188} INFO - [2024-08-05T00:09:35.695+0000] {dag.py:3089} INFO - Sync 1 DAGs
[2024-08-05T00:09:35.706+0000] {logging_mixin.py:188} INFO - [2024-08-05T00:09:35.706+0000] {dag.py:3947} INFO - Setting next_dagrun for tutorial_dag to None, run_after=None
[2024-08-05T00:09:35.722+0000] {processor.py:183} INFO - Processing /home/airflow/.local/lib/python3.12/site-packages/airflow/example_dags/tutorial_dag.py took 0.055 seconds
[2024-08-05T00:10:06.314+0000] {processor.py:161} INFO - Started process (PID=20979) to work on /home/airflow/.local/lib/python3.12/site-packages/airflow/example_dags/tutorial_dag.py
[2024-08-05T00:10:06.315+0000] {processor.py:830} INFO - Processing file /home/airflow/.local/lib/python3.12/site-packages/airflow/example_dags/tutorial_dag.py for tasks to queue
[2024-08-05T00:10:06.316+0000] {logging_mixin.py:188} INFO - [2024-08-05T00:10:06.316+0000] {dagbag.py:545} INFO - Filling up the DagBag from /home/airflow/.local/lib/python3.12/site-packages/airflow/example_dags/tutorial_dag.py
[2024-08-05T00:10:06.321+0000] {processor.py:840} INFO - DAG(s) 'tutorial_dag' retrieved from /home/airflow/.local/lib/python3.12/site-packages/airflow/example_dags/tutorial_dag.py
[2024-08-05T00:10:06.338+0000] {logging_mixin.py:188} INFO - [2024-08-05T00:10:06.338+0000] {dag.py:3089} INFO - Sync 1 DAGs
[2024-08-05T00:10:06.349+0000] {logging_mixin.py:188} INFO - [2024-08-05T00:10:06.349+0000] {dag.py:3947} INFO - Setting next_dagrun for tutorial_dag to None, run_after=None
[2024-08-05T00:10:06.364+0000] {processor.py:183} INFO - Processing /home/airflow/.local/lib/python3.12/site-packages/airflow/example_dags/tutorial_dag.py took 0.054 seconds
[2024-08-05T00:10:37.060+0000] {processor.py:161} INFO - Started process (PID=21254) to work on /home/airflow/.local/lib/python3.12/site-packages/airflow/example_dags/tutorial_dag.py
[2024-08-05T00:10:37.061+0000] {processor.py:830} INFO - Processing file /home/airflow/.local/lib/python3.12/site-packages/airflow/example_dags/tutorial_dag.py for tasks to queue
[2024-08-05T00:10:37.063+0000] {logging_mixin.py:188} INFO - [2024-08-05T00:10:37.062+0000] {dagbag.py:545} INFO - Filling up the DagBag from /home/airflow/.local/lib/python3.12/site-packages/airflow/example_dags/tutorial_dag.py
[2024-08-05T00:10:37.067+0000] {processor.py:840} INFO - DAG(s) 'tutorial_dag' retrieved from /home/airflow/.local/lib/python3.12/site-packages/airflow/example_dags/tutorial_dag.py
[2024-08-05T00:10:37.086+0000] {logging_mixin.py:188} INFO - [2024-08-05T00:10:37.085+0000] {dag.py:3089} INFO - Sync 1 DAGs
[2024-08-05T00:10:37.099+0000] {logging_mixin.py:188} INFO - [2024-08-05T00:10:37.099+0000] {dag.py:3947} INFO - Setting next_dagrun for tutorial_dag to None, run_after=None
[2024-08-05T00:10:37.116+0000] {processor.py:183} INFO - Processing /home/airflow/.local/lib/python3.12/site-packages/airflow/example_dags/tutorial_dag.py took 0.061 seconds
[2024-08-05T00:11:07.795+0000] {processor.py:161} INFO - Started process (PID=21526) to work on /home/airflow/.local/lib/python3.12/site-packages/airflow/example_dags/tutorial_dag.py
[2024-08-05T00:11:07.796+0000] {processor.py:830} INFO - Processing file /home/airflow/.local/lib/python3.12/site-packages/airflow/example_dags/tutorial_dag.py for tasks to queue
[2024-08-05T00:11:07.797+0000] {logging_mixin.py:188} INFO - [2024-08-05T00:11:07.797+0000] {dagbag.py:545} INFO - Filling up the DagBag from /home/airflow/.local/lib/python3.12/site-packages/airflow/example_dags/tutorial_dag.py
[2024-08-05T00:11:07.801+0000] {processor.py:840} INFO - DAG(s) 'tutorial_dag' retrieved from /home/airflow/.local/lib/python3.12/site-packages/airflow/example_dags/tutorial_dag.py
[2024-08-05T00:11:07.820+0000] {logging_mixin.py:188} INFO - [2024-08-05T00:11:07.819+0000] {dag.py:3089} INFO - Sync 1 DAGs
[2024-08-05T00:11:07.831+0000] {logging_mixin.py:188} INFO - [2024-08-05T00:11:07.831+0000] {dag.py:3947} INFO - Setting next_dagrun for tutorial_dag to None, run_after=None
[2024-08-05T00:11:07.849+0000] {processor.py:183} INFO - Processing /home/airflow/.local/lib/python3.12/site-packages/airflow/example_dags/tutorial_dag.py took 0.058 seconds
[2024-08-05T00:11:38.690+0000] {processor.py:161} INFO - Started process (PID=21798) to work on /home/airflow/.local/lib/python3.12/site-packages/airflow/example_dags/tutorial_dag.py
[2024-08-05T00:11:38.691+0000] {processor.py:830} INFO - Processing file /home/airflow/.local/lib/python3.12/site-packages/airflow/example_dags/tutorial_dag.py for tasks to queue
[2024-08-05T00:11:38.693+0000] {logging_mixin.py:188} INFO - [2024-08-05T00:11:38.692+0000] {dagbag.py:545} INFO - Filling up the DagBag from /home/airflow/.local/lib/python3.12/site-packages/airflow/example_dags/tutorial_dag.py
[2024-08-05T00:11:38.698+0000] {processor.py:840} INFO - DAG(s) 'tutorial_dag' retrieved from /home/airflow/.local/lib/python3.12/site-packages/airflow/example_dags/tutorial_dag.py
[2024-08-05T00:11:38.717+0000] {logging_mixin.py:188} INFO - [2024-08-05T00:11:38.717+0000] {dag.py:3089} INFO - Sync 1 DAGs
[2024-08-05T00:11:38.730+0000] {logging_mixin.py:188} INFO - [2024-08-05T00:11:38.729+0000] {dag.py:3947} INFO - Setting next_dagrun for tutorial_dag to None, run_after=None
[2024-08-05T00:11:38.749+0000] {processor.py:183} INFO - Processing /home/airflow/.local/lib/python3.12/site-packages/airflow/example_dags/tutorial_dag.py took 0.064 seconds
[2024-08-05T00:12:08.925+0000] {processor.py:161} INFO - Started process (PID=22070) to work on /home/airflow/.local/lib/python3.12/site-packages/airflow/example_dags/tutorial_dag.py
[2024-08-05T00:12:08.926+0000] {processor.py:830} INFO - Processing file /home/airflow/.local/lib/python3.12/site-packages/airflow/example_dags/tutorial_dag.py for tasks to queue
[2024-08-05T00:12:08.928+0000] {logging_mixin.py:188} INFO - [2024-08-05T00:12:08.927+0000] {dagbag.py:545} INFO - Filling up the DagBag from /home/airflow/.local/lib/python3.12/site-packages/airflow/example_dags/tutorial_dag.py
[2024-08-05T00:12:08.931+0000] {processor.py:840} INFO - DAG(s) 'tutorial_dag' retrieved from /home/airflow/.local/lib/python3.12/site-packages/airflow/example_dags/tutorial_dag.py
[2024-08-05T00:12:08.951+0000] {logging_mixin.py:188} INFO - [2024-08-05T00:12:08.951+0000] {dag.py:3089} INFO - Sync 1 DAGs
[2024-08-05T00:12:08.963+0000] {logging_mixin.py:188} INFO - [2024-08-05T00:12:08.963+0000] {dag.py:3947} INFO - Setting next_dagrun for tutorial_dag to None, run_after=None
[2024-08-05T00:12:08.982+0000] {processor.py:183} INFO - Processing /home/airflow/.local/lib/python3.12/site-packages/airflow/example_dags/tutorial_dag.py took 0.062 seconds
[2024-08-05T00:12:39.182+0000] {processor.py:161} INFO - Started process (PID=22342) to work on /home/airflow/.local/lib/python3.12/site-packages/airflow/example_dags/tutorial_dag.py
[2024-08-05T00:12:39.183+0000] {processor.py:830} INFO - Processing file /home/airflow/.local/lib/python3.12/site-packages/airflow/example_dags/tutorial_dag.py for tasks to queue
[2024-08-05T00:12:39.185+0000] {logging_mixin.py:188} INFO - [2024-08-05T00:12:39.185+0000] {dagbag.py:545} INFO - Filling up the DagBag from /home/airflow/.local/lib/python3.12/site-packages/airflow/example_dags/tutorial_dag.py
[2024-08-05T00:12:39.190+0000] {processor.py:840} INFO - DAG(s) 'tutorial_dag' retrieved from /home/airflow/.local/lib/python3.12/site-packages/airflow/example_dags/tutorial_dag.py
[2024-08-05T00:12:39.209+0000] {logging_mixin.py:188} INFO - [2024-08-05T00:12:39.209+0000] {dag.py:3089} INFO - Sync 1 DAGs
[2024-08-05T00:12:39.222+0000] {logging_mixin.py:188} INFO - [2024-08-05T00:12:39.222+0000] {dag.py:3947} INFO - Setting next_dagrun for tutorial_dag to None, run_after=None
[2024-08-05T00:12:39.240+0000] {processor.py:183} INFO - Processing /home/airflow/.local/lib/python3.12/site-packages/airflow/example_dags/tutorial_dag.py took 0.062 seconds
[2024-08-05T00:13:09.420+0000] {processor.py:161} INFO - Started process (PID=22614) to work on /home/airflow/.local/lib/python3.12/site-packages/airflow/example_dags/tutorial_dag.py
[2024-08-05T00:13:09.421+0000] {processor.py:830} INFO - Processing file /home/airflow/.local/lib/python3.12/site-packages/airflow/example_dags/tutorial_dag.py for tasks to queue
[2024-08-05T00:13:09.423+0000] {logging_mixin.py:188} INFO - [2024-08-05T00:13:09.422+0000] {dagbag.py:545} INFO - Filling up the DagBag from /home/airflow/.local/lib/python3.12/site-packages/airflow/example_dags/tutorial_dag.py
[2024-08-05T00:13:09.428+0000] {processor.py:840} INFO - DAG(s) 'tutorial_dag' retrieved from /home/airflow/.local/lib/python3.12/site-packages/airflow/example_dags/tutorial_dag.py
[2024-08-05T00:13:09.449+0000] {logging_mixin.py:188} INFO - [2024-08-05T00:13:09.449+0000] {dag.py:3089} INFO - Sync 1 DAGs
[2024-08-05T00:13:09.462+0000] {logging_mixin.py:188} INFO - [2024-08-05T00:13:09.461+0000] {dag.py:3947} INFO - Setting next_dagrun for tutorial_dag to None, run_after=None
[2024-08-05T00:13:09.479+0000] {processor.py:183} INFO - Processing /home/airflow/.local/lib/python3.12/site-packages/airflow/example_dags/tutorial_dag.py took 0.066 seconds
[2024-08-05T00:13:41.278+0000] {processor.py:161} INFO - Started process (PID=22886) to work on /home/airflow/.local/lib/python3.12/site-packages/airflow/example_dags/tutorial_dag.py
[2024-08-05T00:13:41.280+0000] {processor.py:830} INFO - Processing file /home/airflow/.local/lib/python3.12/site-packages/airflow/example_dags/tutorial_dag.py for tasks to queue
[2024-08-05T00:13:41.283+0000] {logging_mixin.py:188} INFO - [2024-08-05T00:13:41.283+0000] {dagbag.py:545} INFO - Filling up the DagBag from /home/airflow/.local/lib/python3.12/site-packages/airflow/example_dags/tutorial_dag.py
[2024-08-05T00:13:41.310+0000] {processor.py:840} INFO - DAG(s) 'tutorial_dag' retrieved from /home/airflow/.local/lib/python3.12/site-packages/airflow/example_dags/tutorial_dag.py
[2024-08-05T00:13:41.377+0000] {logging_mixin.py:188} INFO - [2024-08-05T00:13:41.376+0000] {dag.py:3089} INFO - Sync 1 DAGs
[2024-08-05T00:13:41.426+0000] {logging_mixin.py:188} INFO - [2024-08-05T00:13:41.426+0000] {dag.py:3947} INFO - Setting next_dagrun for tutorial_dag to None, run_after=None
[2024-08-05T00:13:41.506+0000] {processor.py:183} INFO - Processing /home/airflow/.local/lib/python3.12/site-packages/airflow/example_dags/tutorial_dag.py took 0.267 seconds
[2024-08-05T00:14:12.282+0000] {processor.py:161} INFO - Started process (PID=23158) to work on /home/airflow/.local/lib/python3.12/site-packages/airflow/example_dags/tutorial_dag.py
[2024-08-05T00:14:12.283+0000] {processor.py:830} INFO - Processing file /home/airflow/.local/lib/python3.12/site-packages/airflow/example_dags/tutorial_dag.py for tasks to queue
[2024-08-05T00:14:12.285+0000] {logging_mixin.py:188} INFO - [2024-08-05T00:14:12.285+0000] {dagbag.py:545} INFO - Filling up the DagBag from /home/airflow/.local/lib/python3.12/site-packages/airflow/example_dags/tutorial_dag.py
[2024-08-05T00:14:12.291+0000] {processor.py:840} INFO - DAG(s) 'tutorial_dag' retrieved from /home/airflow/.local/lib/python3.12/site-packages/airflow/example_dags/tutorial_dag.py
[2024-08-05T00:14:12.308+0000] {logging_mixin.py:188} INFO - [2024-08-05T00:14:12.308+0000] {dag.py:3089} INFO - Sync 1 DAGs
[2024-08-05T00:14:12.322+0000] {logging_mixin.py:188} INFO - [2024-08-05T00:14:12.321+0000] {dag.py:3947} INFO - Setting next_dagrun for tutorial_dag to None, run_after=None
[2024-08-05T00:14:12.343+0000] {processor.py:183} INFO - Processing /home/airflow/.local/lib/python3.12/site-packages/airflow/example_dags/tutorial_dag.py took 0.066 seconds
[2024-08-05T00:14:42.487+0000] {processor.py:161} INFO - Started process (PID=23430) to work on /home/airflow/.local/lib/python3.12/site-packages/airflow/example_dags/tutorial_dag.py
[2024-08-05T00:14:42.488+0000] {processor.py:830} INFO - Processing file /home/airflow/.local/lib/python3.12/site-packages/airflow/example_dags/tutorial_dag.py for tasks to queue
[2024-08-05T00:14:42.490+0000] {logging_mixin.py:188} INFO - [2024-08-05T00:14:42.489+0000] {dagbag.py:545} INFO - Filling up the DagBag from /home/airflow/.local/lib/python3.12/site-packages/airflow/example_dags/tutorial_dag.py
[2024-08-05T00:14:42.495+0000] {processor.py:840} INFO - DAG(s) 'tutorial_dag' retrieved from /home/airflow/.local/lib/python3.12/site-packages/airflow/example_dags/tutorial_dag.py
[2024-08-05T00:14:42.514+0000] {logging_mixin.py:188} INFO - [2024-08-05T00:14:42.514+0000] {dag.py:3089} INFO - Sync 1 DAGs
[2024-08-05T00:14:42.524+0000] {logging_mixin.py:188} INFO - [2024-08-05T00:14:42.524+0000] {dag.py:3947} INFO - Setting next_dagrun for tutorial_dag to None, run_after=None
[2024-08-05T00:14:42.544+0000] {processor.py:183} INFO - Processing /home/airflow/.local/lib/python3.12/site-packages/airflow/example_dags/tutorial_dag.py took 0.063 seconds
[2024-08-05T00:15:12.688+0000] {processor.py:161} INFO - Started process (PID=23702) to work on /home/airflow/.local/lib/python3.12/site-packages/airflow/example_dags/tutorial_dag.py
[2024-08-05T00:15:12.689+0000] {processor.py:830} INFO - Processing file /home/airflow/.local/lib/python3.12/site-packages/airflow/example_dags/tutorial_dag.py for tasks to queue
[2024-08-05T00:15:12.691+0000] {logging_mixin.py:188} INFO - [2024-08-05T00:15:12.690+0000] {dagbag.py:545} INFO - Filling up the DagBag from /home/airflow/.local/lib/python3.12/site-packages/airflow/example_dags/tutorial_dag.py
[2024-08-05T00:15:12.695+0000] {processor.py:840} INFO - DAG(s) 'tutorial_dag' retrieved from /home/airflow/.local/lib/python3.12/site-packages/airflow/example_dags/tutorial_dag.py
[2024-08-05T00:15:12.719+0000] {logging_mixin.py:188} INFO - [2024-08-05T00:15:12.718+0000] {dag.py:3089} INFO - Sync 1 DAGs
[2024-08-05T00:15:12.734+0000] {logging_mixin.py:188} INFO - [2024-08-05T00:15:12.734+0000] {dag.py:3947} INFO - Setting next_dagrun for tutorial_dag to None, run_after=None
[2024-08-05T00:15:12.756+0000] {processor.py:183} INFO - Processing /home/airflow/.local/lib/python3.12/site-packages/airflow/example_dags/tutorial_dag.py took 0.073 seconds
[2024-08-05T00:15:42.964+0000] {processor.py:161} INFO - Started process (PID=23974) to work on /home/airflow/.local/lib/python3.12/site-packages/airflow/example_dags/tutorial_dag.py
[2024-08-05T00:15:42.965+0000] {processor.py:830} INFO - Processing file /home/airflow/.local/lib/python3.12/site-packages/airflow/example_dags/tutorial_dag.py for tasks to queue
[2024-08-05T00:15:42.967+0000] {logging_mixin.py:188} INFO - [2024-08-05T00:15:42.966+0000] {dagbag.py:545} INFO - Filling up the DagBag from /home/airflow/.local/lib/python3.12/site-packages/airflow/example_dags/tutorial_dag.py
[2024-08-05T00:15:42.971+0000] {processor.py:840} INFO - DAG(s) 'tutorial_dag' retrieved from /home/airflow/.local/lib/python3.12/site-packages/airflow/example_dags/tutorial_dag.py
[2024-08-05T00:15:42.990+0000] {logging_mixin.py:188} INFO - [2024-08-05T00:15:42.990+0000] {dag.py:3089} INFO - Sync 1 DAGs
[2024-08-05T00:15:43.002+0000] {logging_mixin.py:188} INFO - [2024-08-05T00:15:43.002+0000] {dag.py:3947} INFO - Setting next_dagrun for tutorial_dag to None, run_after=None
[2024-08-05T00:15:43.022+0000] {processor.py:183} INFO - Processing /home/airflow/.local/lib/python3.12/site-packages/airflow/example_dags/tutorial_dag.py took 0.063 seconds
[2024-08-05T00:16:13.575+0000] {processor.py:161} INFO - Started process (PID=24246) to work on /home/airflow/.local/lib/python3.12/site-packages/airflow/example_dags/tutorial_dag.py
[2024-08-05T00:16:13.576+0000] {processor.py:830} INFO - Processing file /home/airflow/.local/lib/python3.12/site-packages/airflow/example_dags/tutorial_dag.py for tasks to queue
[2024-08-05T00:16:13.578+0000] {logging_mixin.py:188} INFO - [2024-08-05T00:16:13.578+0000] {dagbag.py:545} INFO - Filling up the DagBag from /home/airflow/.local/lib/python3.12/site-packages/airflow/example_dags/tutorial_dag.py
[2024-08-05T00:16:13.584+0000] {processor.py:840} INFO - DAG(s) 'tutorial_dag' retrieved from /home/airflow/.local/lib/python3.12/site-packages/airflow/example_dags/tutorial_dag.py
[2024-08-05T00:16:13.602+0000] {logging_mixin.py:188} INFO - [2024-08-05T00:16:13.602+0000] {dag.py:3089} INFO - Sync 1 DAGs
[2024-08-05T00:16:13.618+0000] {logging_mixin.py:188} INFO - [2024-08-05T00:16:13.617+0000] {dag.py:3947} INFO - Setting next_dagrun for tutorial_dag to None, run_after=None
[2024-08-05T00:16:13.645+0000] {processor.py:183} INFO - Processing /home/airflow/.local/lib/python3.12/site-packages/airflow/example_dags/tutorial_dag.py took 0.075 seconds
[2024-08-05T00:16:43.867+0000] {processor.py:161} INFO - Started process (PID=24518) to work on /home/airflow/.local/lib/python3.12/site-packages/airflow/example_dags/tutorial_dag.py
[2024-08-05T00:16:43.868+0000] {processor.py:830} INFO - Processing file /home/airflow/.local/lib/python3.12/site-packages/airflow/example_dags/tutorial_dag.py for tasks to queue
[2024-08-05T00:16:43.870+0000] {logging_mixin.py:188} INFO - [2024-08-05T00:16:43.869+0000] {dagbag.py:545} INFO - Filling up the DagBag from /home/airflow/.local/lib/python3.12/site-packages/airflow/example_dags/tutorial_dag.py
[2024-08-05T00:16:43.874+0000] {processor.py:840} INFO - DAG(s) 'tutorial_dag' retrieved from /home/airflow/.local/lib/python3.12/site-packages/airflow/example_dags/tutorial_dag.py
[2024-08-05T00:16:43.893+0000] {logging_mixin.py:188} INFO - [2024-08-05T00:16:43.893+0000] {dag.py:3089} INFO - Sync 1 DAGs
[2024-08-05T00:16:43.907+0000] {logging_mixin.py:188} INFO - [2024-08-05T00:16:43.907+0000] {dag.py:3947} INFO - Setting next_dagrun for tutorial_dag to None, run_after=None
[2024-08-05T00:16:43.926+0000] {processor.py:183} INFO - Processing /home/airflow/.local/lib/python3.12/site-packages/airflow/example_dags/tutorial_dag.py took 0.064 seconds
[2024-08-05T00:17:14.250+0000] {processor.py:161} INFO - Started process (PID=24790) to work on /home/airflow/.local/lib/python3.12/site-packages/airflow/example_dags/tutorial_dag.py
[2024-08-05T00:17:14.250+0000] {processor.py:830} INFO - Processing file /home/airflow/.local/lib/python3.12/site-packages/airflow/example_dags/tutorial_dag.py for tasks to queue
[2024-08-05T00:17:14.252+0000] {logging_mixin.py:188} INFO - [2024-08-05T00:17:14.251+0000] {dagbag.py:545} INFO - Filling up the DagBag from /home/airflow/.local/lib/python3.12/site-packages/airflow/example_dags/tutorial_dag.py
[2024-08-05T00:17:14.255+0000] {processor.py:840} INFO - DAG(s) 'tutorial_dag' retrieved from /home/airflow/.local/lib/python3.12/site-packages/airflow/example_dags/tutorial_dag.py
[2024-08-05T00:17:14.277+0000] {logging_mixin.py:188} INFO - [2024-08-05T00:17:14.277+0000] {dag.py:3089} INFO - Sync 1 DAGs
[2024-08-05T00:17:14.289+0000] {logging_mixin.py:188} INFO - [2024-08-05T00:17:14.289+0000] {dag.py:3947} INFO - Setting next_dagrun for tutorial_dag to None, run_after=None
[2024-08-05T00:17:14.311+0000] {processor.py:183} INFO - Processing /home/airflow/.local/lib/python3.12/site-packages/airflow/example_dags/tutorial_dag.py took 0.066 seconds
[2024-08-05T00:17:44.582+0000] {processor.py:161} INFO - Started process (PID=25062) to work on /home/airflow/.local/lib/python3.12/site-packages/airflow/example_dags/tutorial_dag.py
[2024-08-05T00:17:44.583+0000] {processor.py:830} INFO - Processing file /home/airflow/.local/lib/python3.12/site-packages/airflow/example_dags/tutorial_dag.py for tasks to queue
[2024-08-05T00:17:44.584+0000] {logging_mixin.py:188} INFO - [2024-08-05T00:17:44.584+0000] {dagbag.py:545} INFO - Filling up the DagBag from /home/airflow/.local/lib/python3.12/site-packages/airflow/example_dags/tutorial_dag.py
[2024-08-05T00:17:44.588+0000] {processor.py:840} INFO - DAG(s) 'tutorial_dag' retrieved from /home/airflow/.local/lib/python3.12/site-packages/airflow/example_dags/tutorial_dag.py
[2024-08-05T00:17:44.611+0000] {logging_mixin.py:188} INFO - [2024-08-05T00:17:44.610+0000] {dag.py:3089} INFO - Sync 1 DAGs
[2024-08-05T00:17:44.624+0000] {logging_mixin.py:188} INFO - [2024-08-05T00:17:44.623+0000] {dag.py:3947} INFO - Setting next_dagrun for tutorial_dag to None, run_after=None
[2024-08-05T00:17:44.642+0000] {processor.py:183} INFO - Processing /home/airflow/.local/lib/python3.12/site-packages/airflow/example_dags/tutorial_dag.py took 0.065 seconds
[2024-08-05T00:18:14.875+0000] {processor.py:161} INFO - Started process (PID=25334) to work on /home/airflow/.local/lib/python3.12/site-packages/airflow/example_dags/tutorial_dag.py
[2024-08-05T00:18:14.876+0000] {processor.py:830} INFO - Processing file /home/airflow/.local/lib/python3.12/site-packages/airflow/example_dags/tutorial_dag.py for tasks to queue
[2024-08-05T00:18:14.878+0000] {logging_mixin.py:188} INFO - [2024-08-05T00:18:14.877+0000] {dagbag.py:545} INFO - Filling up the DagBag from /home/airflow/.local/lib/python3.12/site-packages/airflow/example_dags/tutorial_dag.py
[2024-08-05T00:18:14.882+0000] {processor.py:840} INFO - DAG(s) 'tutorial_dag' retrieved from /home/airflow/.local/lib/python3.12/site-packages/airflow/example_dags/tutorial_dag.py
[2024-08-05T00:18:14.900+0000] {logging_mixin.py:188} INFO - [2024-08-05T00:18:14.900+0000] {dag.py:3089} INFO - Sync 1 DAGs
[2024-08-05T00:18:14.911+0000] {logging_mixin.py:188} INFO - [2024-08-05T00:18:14.911+0000] {dag.py:3947} INFO - Setting next_dagrun for tutorial_dag to None, run_after=None
[2024-08-05T00:18:14.928+0000] {processor.py:183} INFO - Processing /home/airflow/.local/lib/python3.12/site-packages/airflow/example_dags/tutorial_dag.py took 0.058 seconds
[2024-08-05T00:18:45.020+0000] {processor.py:161} INFO - Started process (PID=25606) to work on /home/airflow/.local/lib/python3.12/site-packages/airflow/example_dags/tutorial_dag.py
[2024-08-05T00:18:45.021+0000] {processor.py:830} INFO - Processing file /home/airflow/.local/lib/python3.12/site-packages/airflow/example_dags/tutorial_dag.py for tasks to queue
[2024-08-05T00:18:45.022+0000] {logging_mixin.py:188} INFO - [2024-08-05T00:18:45.022+0000] {dagbag.py:545} INFO - Filling up the DagBag from /home/airflow/.local/lib/python3.12/site-packages/airflow/example_dags/tutorial_dag.py
[2024-08-05T00:18:45.027+0000] {processor.py:840} INFO - DAG(s) 'tutorial_dag' retrieved from /home/airflow/.local/lib/python3.12/site-packages/airflow/example_dags/tutorial_dag.py
[2024-08-05T00:18:45.046+0000] {logging_mixin.py:188} INFO - [2024-08-05T00:18:45.046+0000] {dag.py:3089} INFO - Sync 1 DAGs
[2024-08-05T00:18:45.057+0000] {logging_mixin.py:188} INFO - [2024-08-05T00:18:45.057+0000] {dag.py:3947} INFO - Setting next_dagrun for tutorial_dag to None, run_after=None
[2024-08-05T00:18:45.073+0000] {processor.py:183} INFO - Processing /home/airflow/.local/lib/python3.12/site-packages/airflow/example_dags/tutorial_dag.py took 0.057 seconds
[2024-08-05T00:19:15.259+0000] {processor.py:161} INFO - Started process (PID=25878) to work on /home/airflow/.local/lib/python3.12/site-packages/airflow/example_dags/tutorial_dag.py
[2024-08-05T00:19:15.260+0000] {processor.py:830} INFO - Processing file /home/airflow/.local/lib/python3.12/site-packages/airflow/example_dags/tutorial_dag.py for tasks to queue
[2024-08-05T00:19:15.261+0000] {logging_mixin.py:188} INFO - [2024-08-05T00:19:15.261+0000] {dagbag.py:545} INFO - Filling up the DagBag from /home/airflow/.local/lib/python3.12/site-packages/airflow/example_dags/tutorial_dag.py
[2024-08-05T00:19:15.266+0000] {processor.py:840} INFO - DAG(s) 'tutorial_dag' retrieved from /home/airflow/.local/lib/python3.12/site-packages/airflow/example_dags/tutorial_dag.py
[2024-08-05T00:19:15.285+0000] {logging_mixin.py:188} INFO - [2024-08-05T00:19:15.285+0000] {dag.py:3089} INFO - Sync 1 DAGs
[2024-08-05T00:19:15.297+0000] {logging_mixin.py:188} INFO - [2024-08-05T00:19:15.297+0000] {dag.py:3947} INFO - Setting next_dagrun for tutorial_dag to None, run_after=None
[2024-08-05T00:19:15.313+0000] {processor.py:183} INFO - Processing /home/airflow/.local/lib/python3.12/site-packages/airflow/example_dags/tutorial_dag.py took 0.058 seconds
[2024-08-05T00:19:45.524+0000] {processor.py:161} INFO - Started process (PID=26150) to work on /home/airflow/.local/lib/python3.12/site-packages/airflow/example_dags/tutorial_dag.py
[2024-08-05T00:19:45.525+0000] {processor.py:830} INFO - Processing file /home/airflow/.local/lib/python3.12/site-packages/airflow/example_dags/tutorial_dag.py for tasks to queue
[2024-08-05T00:19:45.526+0000] {logging_mixin.py:188} INFO - [2024-08-05T00:19:45.526+0000] {dagbag.py:545} INFO - Filling up the DagBag from /home/airflow/.local/lib/python3.12/site-packages/airflow/example_dags/tutorial_dag.py
[2024-08-05T00:19:45.530+0000] {processor.py:840} INFO - DAG(s) 'tutorial_dag' retrieved from /home/airflow/.local/lib/python3.12/site-packages/airflow/example_dags/tutorial_dag.py
[2024-08-05T00:19:45.551+0000] {logging_mixin.py:188} INFO - [2024-08-05T00:19:45.550+0000] {dag.py:3089} INFO - Sync 1 DAGs
[2024-08-05T00:19:45.563+0000] {logging_mixin.py:188} INFO - [2024-08-05T00:19:45.562+0000] {dag.py:3947} INFO - Setting next_dagrun for tutorial_dag to None, run_after=None
[2024-08-05T00:19:45.581+0000] {processor.py:183} INFO - Processing /home/airflow/.local/lib/python3.12/site-packages/airflow/example_dags/tutorial_dag.py took 0.062 seconds
[2024-08-05T00:20:15.768+0000] {processor.py:161} INFO - Started process (PID=26428) to work on /home/airflow/.local/lib/python3.12/site-packages/airflow/example_dags/tutorial_dag.py
[2024-08-05T00:20:15.769+0000] {processor.py:830} INFO - Processing file /home/airflow/.local/lib/python3.12/site-packages/airflow/example_dags/tutorial_dag.py for tasks to queue
[2024-08-05T00:20:15.770+0000] {logging_mixin.py:188} INFO - [2024-08-05T00:20:15.770+0000] {dagbag.py:545} INFO - Filling up the DagBag from /home/airflow/.local/lib/python3.12/site-packages/airflow/example_dags/tutorial_dag.py
[2024-08-05T00:20:15.775+0000] {processor.py:840} INFO - DAG(s) 'tutorial_dag' retrieved from /home/airflow/.local/lib/python3.12/site-packages/airflow/example_dags/tutorial_dag.py
[2024-08-05T00:20:15.795+0000] {logging_mixin.py:188} INFO - [2024-08-05T00:20:15.795+0000] {dag.py:3089} INFO - Sync 1 DAGs
[2024-08-05T00:20:15.807+0000] {logging_mixin.py:188} INFO - [2024-08-05T00:20:15.806+0000] {dag.py:3947} INFO - Setting next_dagrun for tutorial_dag to None, run_after=None
[2024-08-05T00:20:15.822+0000] {processor.py:183} INFO - Processing /home/airflow/.local/lib/python3.12/site-packages/airflow/example_dags/tutorial_dag.py took 0.059 seconds
[2024-08-05T00:20:46.312+0000] {processor.py:161} INFO - Started process (PID=26703) to work on /home/airflow/.local/lib/python3.12/site-packages/airflow/example_dags/tutorial_dag.py
[2024-08-05T00:20:46.313+0000] {processor.py:830} INFO - Processing file /home/airflow/.local/lib/python3.12/site-packages/airflow/example_dags/tutorial_dag.py for tasks to queue
[2024-08-05T00:20:46.315+0000] {logging_mixin.py:188} INFO - [2024-08-05T00:20:46.315+0000] {dagbag.py:545} INFO - Filling up the DagBag from /home/airflow/.local/lib/python3.12/site-packages/airflow/example_dags/tutorial_dag.py
[2024-08-05T00:20:46.320+0000] {processor.py:840} INFO - DAG(s) 'tutorial_dag' retrieved from /home/airflow/.local/lib/python3.12/site-packages/airflow/example_dags/tutorial_dag.py
[2024-08-05T00:20:46.339+0000] {logging_mixin.py:188} INFO - [2024-08-05T00:20:46.339+0000] {dag.py:3089} INFO - Sync 1 DAGs
[2024-08-05T00:20:46.350+0000] {logging_mixin.py:188} INFO - [2024-08-05T00:20:46.349+0000] {dag.py:3947} INFO - Setting next_dagrun for tutorial_dag to None, run_after=None
[2024-08-05T00:20:46.366+0000] {processor.py:183} INFO - Processing /home/airflow/.local/lib/python3.12/site-packages/airflow/example_dags/tutorial_dag.py took 0.060 seconds
[2024-08-05T00:21:16.819+0000] {processor.py:161} INFO - Started process (PID=26975) to work on /home/airflow/.local/lib/python3.12/site-packages/airflow/example_dags/tutorial_dag.py
[2024-08-05T00:21:16.819+0000] {processor.py:830} INFO - Processing file /home/airflow/.local/lib/python3.12/site-packages/airflow/example_dags/tutorial_dag.py for tasks to queue
[2024-08-05T00:21:16.821+0000] {logging_mixin.py:188} INFO - [2024-08-05T00:21:16.821+0000] {dagbag.py:545} INFO - Filling up the DagBag from /home/airflow/.local/lib/python3.12/site-packages/airflow/example_dags/tutorial_dag.py
[2024-08-05T00:21:16.826+0000] {processor.py:840} INFO - DAG(s) 'tutorial_dag' retrieved from /home/airflow/.local/lib/python3.12/site-packages/airflow/example_dags/tutorial_dag.py
[2024-08-05T00:21:16.846+0000] {logging_mixin.py:188} INFO - [2024-08-05T00:21:16.846+0000] {dag.py:3089} INFO - Sync 1 DAGs
[2024-08-05T00:21:16.857+0000] {logging_mixin.py:188} INFO - [2024-08-05T00:21:16.857+0000] {dag.py:3947} INFO - Setting next_dagrun for tutorial_dag to None, run_after=None
[2024-08-05T00:21:16.873+0000] {processor.py:183} INFO - Processing /home/airflow/.local/lib/python3.12/site-packages/airflow/example_dags/tutorial_dag.py took 0.059 seconds
[2024-08-05T00:21:46.993+0000] {processor.py:161} INFO - Started process (PID=27247) to work on /home/airflow/.local/lib/python3.12/site-packages/airflow/example_dags/tutorial_dag.py
[2024-08-05T00:21:46.994+0000] {processor.py:830} INFO - Processing file /home/airflow/.local/lib/python3.12/site-packages/airflow/example_dags/tutorial_dag.py for tasks to queue
[2024-08-05T00:21:46.996+0000] {logging_mixin.py:188} INFO - [2024-08-05T00:21:46.996+0000] {dagbag.py:545} INFO - Filling up the DagBag from /home/airflow/.local/lib/python3.12/site-packages/airflow/example_dags/tutorial_dag.py
[2024-08-05T00:21:47.001+0000] {processor.py:840} INFO - DAG(s) 'tutorial_dag' retrieved from /home/airflow/.local/lib/python3.12/site-packages/airflow/example_dags/tutorial_dag.py
[2024-08-05T00:21:47.021+0000] {logging_mixin.py:188} INFO - [2024-08-05T00:21:47.021+0000] {dag.py:3089} INFO - Sync 1 DAGs
[2024-08-05T00:21:47.034+0000] {logging_mixin.py:188} INFO - [2024-08-05T00:21:47.034+0000] {dag.py:3947} INFO - Setting next_dagrun for tutorial_dag to None, run_after=None
[2024-08-05T00:21:47.050+0000] {processor.py:183} INFO - Processing /home/airflow/.local/lib/python3.12/site-packages/airflow/example_dags/tutorial_dag.py took 0.063 seconds
[2024-08-05T00:22:17.380+0000] {processor.py:161} INFO - Started process (PID=27519) to work on /home/airflow/.local/lib/python3.12/site-packages/airflow/example_dags/tutorial_dag.py
[2024-08-05T00:22:17.381+0000] {processor.py:830} INFO - Processing file /home/airflow/.local/lib/python3.12/site-packages/airflow/example_dags/tutorial_dag.py for tasks to queue
[2024-08-05T00:22:17.382+0000] {logging_mixin.py:188} INFO - [2024-08-05T00:22:17.382+0000] {dagbag.py:545} INFO - Filling up the DagBag from /home/airflow/.local/lib/python3.12/site-packages/airflow/example_dags/tutorial_dag.py
[2024-08-05T00:22:17.387+0000] {processor.py:840} INFO - DAG(s) 'tutorial_dag' retrieved from /home/airflow/.local/lib/python3.12/site-packages/airflow/example_dags/tutorial_dag.py
[2024-08-05T00:22:17.407+0000] {logging_mixin.py:188} INFO - [2024-08-05T00:22:17.406+0000] {dag.py:3089} INFO - Sync 1 DAGs
[2024-08-05T00:22:17.420+0000] {logging_mixin.py:188} INFO - [2024-08-05T00:22:17.420+0000] {dag.py:3947} INFO - Setting next_dagrun for tutorial_dag to None, run_after=None
[2024-08-05T00:22:17.437+0000] {processor.py:183} INFO - Processing /home/airflow/.local/lib/python3.12/site-packages/airflow/example_dags/tutorial_dag.py took 0.062 seconds
[2024-08-05T00:22:47.893+0000] {processor.py:161} INFO - Started process (PID=27791) to work on /home/airflow/.local/lib/python3.12/site-packages/airflow/example_dags/tutorial_dag.py
[2024-08-05T00:22:47.894+0000] {processor.py:830} INFO - Processing file /home/airflow/.local/lib/python3.12/site-packages/airflow/example_dags/tutorial_dag.py for tasks to queue
[2024-08-05T00:22:47.895+0000] {logging_mixin.py:188} INFO - [2024-08-05T00:22:47.895+0000] {dagbag.py:545} INFO - Filling up the DagBag from /home/airflow/.local/lib/python3.12/site-packages/airflow/example_dags/tutorial_dag.py
[2024-08-05T00:22:47.899+0000] {processor.py:840} INFO - DAG(s) 'tutorial_dag' retrieved from /home/airflow/.local/lib/python3.12/site-packages/airflow/example_dags/tutorial_dag.py
[2024-08-05T00:22:47.922+0000] {logging_mixin.py:188} INFO - [2024-08-05T00:22:47.921+0000] {dag.py:3089} INFO - Sync 1 DAGs
[2024-08-05T00:22:47.934+0000] {logging_mixin.py:188} INFO - [2024-08-05T00:22:47.934+0000] {dag.py:3947} INFO - Setting next_dagrun for tutorial_dag to None, run_after=None
[2024-08-05T00:22:47.952+0000] {processor.py:183} INFO - Processing /home/airflow/.local/lib/python3.12/site-packages/airflow/example_dags/tutorial_dag.py took 0.064 seconds
[2024-08-05T00:23:18.475+0000] {processor.py:161} INFO - Started process (PID=28063) to work on /home/airflow/.local/lib/python3.12/site-packages/airflow/example_dags/tutorial_dag.py
[2024-08-05T00:23:18.476+0000] {processor.py:830} INFO - Processing file /home/airflow/.local/lib/python3.12/site-packages/airflow/example_dags/tutorial_dag.py for tasks to queue
[2024-08-05T00:23:18.478+0000] {logging_mixin.py:188} INFO - [2024-08-05T00:23:18.477+0000] {dagbag.py:545} INFO - Filling up the DagBag from /home/airflow/.local/lib/python3.12/site-packages/airflow/example_dags/tutorial_dag.py
[2024-08-05T00:23:18.481+0000] {processor.py:840} INFO - DAG(s) 'tutorial_dag' retrieved from /home/airflow/.local/lib/python3.12/site-packages/airflow/example_dags/tutorial_dag.py
[2024-08-05T00:23:18.502+0000] {logging_mixin.py:188} INFO - [2024-08-05T00:23:18.502+0000] {dag.py:3089} INFO - Sync 1 DAGs
[2024-08-05T00:23:18.514+0000] {logging_mixin.py:188} INFO - [2024-08-05T00:23:18.514+0000] {dag.py:3947} INFO - Setting next_dagrun for tutorial_dag to None, run_after=None
[2024-08-05T00:23:18.532+0000] {processor.py:183} INFO - Processing /home/airflow/.local/lib/python3.12/site-packages/airflow/example_dags/tutorial_dag.py took 0.062 seconds
[2024-08-05T00:23:48.970+0000] {processor.py:161} INFO - Started process (PID=28335) to work on /home/airflow/.local/lib/python3.12/site-packages/airflow/example_dags/tutorial_dag.py
[2024-08-05T00:23:48.971+0000] {processor.py:830} INFO - Processing file /home/airflow/.local/lib/python3.12/site-packages/airflow/example_dags/tutorial_dag.py for tasks to queue
[2024-08-05T00:23:48.972+0000] {logging_mixin.py:188} INFO - [2024-08-05T00:23:48.972+0000] {dagbag.py:545} INFO - Filling up the DagBag from /home/airflow/.local/lib/python3.12/site-packages/airflow/example_dags/tutorial_dag.py
[2024-08-05T00:23:48.977+0000] {processor.py:840} INFO - DAG(s) 'tutorial_dag' retrieved from /home/airflow/.local/lib/python3.12/site-packages/airflow/example_dags/tutorial_dag.py
[2024-08-05T00:23:48.993+0000] {logging_mixin.py:188} INFO - [2024-08-05T00:23:48.993+0000] {dag.py:3089} INFO - Sync 1 DAGs
[2024-08-05T00:23:49.004+0000] {logging_mixin.py:188} INFO - [2024-08-05T00:23:49.004+0000] {dag.py:3947} INFO - Setting next_dagrun for tutorial_dag to None, run_after=None
[2024-08-05T00:23:49.020+0000] {processor.py:183} INFO - Processing /home/airflow/.local/lib/python3.12/site-packages/airflow/example_dags/tutorial_dag.py took 0.055 seconds
[2024-08-05T00:24:19.111+0000] {processor.py:161} INFO - Started process (PID=28607) to work on /home/airflow/.local/lib/python3.12/site-packages/airflow/example_dags/tutorial_dag.py
[2024-08-05T00:24:19.113+0000] {processor.py:830} INFO - Processing file /home/airflow/.local/lib/python3.12/site-packages/airflow/example_dags/tutorial_dag.py for tasks to queue
[2024-08-05T00:24:19.115+0000] {logging_mixin.py:188} INFO - [2024-08-05T00:24:19.114+0000] {dagbag.py:545} INFO - Filling up the DagBag from /home/airflow/.local/lib/python3.12/site-packages/airflow/example_dags/tutorial_dag.py
[2024-08-05T00:24:19.239+0000] {processor.py:840} INFO - DAG(s) 'tutorial_dag' retrieved from /home/airflow/.local/lib/python3.12/site-packages/airflow/example_dags/tutorial_dag.py
[2024-08-05T00:24:19.253+0000] {logging_mixin.py:188} INFO - [2024-08-05T00:24:19.253+0000] {dag.py:3089} INFO - Sync 1 DAGs
[2024-08-05T00:24:19.261+0000] {logging_mixin.py:188} INFO - [2024-08-05T00:24:19.261+0000] {dag.py:3947} INFO - Setting next_dagrun for tutorial_dag to None, run_after=None
[2024-08-05T00:24:19.273+0000] {processor.py:183} INFO - Processing /home/airflow/.local/lib/python3.12/site-packages/airflow/example_dags/tutorial_dag.py took 0.167 seconds
[2024-08-05T00:24:49.382+0000] {processor.py:161} INFO - Started process (PID=28881) to work on /home/airflow/.local/lib/python3.12/site-packages/airflow/example_dags/tutorial_dag.py
[2024-08-05T00:24:49.383+0000] {processor.py:830} INFO - Processing file /home/airflow/.local/lib/python3.12/site-packages/airflow/example_dags/tutorial_dag.py for tasks to queue
[2024-08-05T00:24:49.384+0000] {logging_mixin.py:188} INFO - [2024-08-05T00:24:49.384+0000] {dagbag.py:545} INFO - Filling up the DagBag from /home/airflow/.local/lib/python3.12/site-packages/airflow/example_dags/tutorial_dag.py
[2024-08-05T00:24:49.388+0000] {processor.py:840} INFO - DAG(s) 'tutorial_dag' retrieved from /home/airflow/.local/lib/python3.12/site-packages/airflow/example_dags/tutorial_dag.py
[2024-08-05T00:24:49.405+0000] {logging_mixin.py:188} INFO - [2024-08-05T00:24:49.404+0000] {dag.py:3089} INFO - Sync 1 DAGs
[2024-08-05T00:24:49.414+0000] {logging_mixin.py:188} INFO - [2024-08-05T00:24:49.414+0000] {dag.py:3947} INFO - Setting next_dagrun for tutorial_dag to None, run_after=None
[2024-08-05T00:24:49.428+0000] {processor.py:183} INFO - Processing /home/airflow/.local/lib/python3.12/site-packages/airflow/example_dags/tutorial_dag.py took 0.050 seconds
