[2024-08-05T00:00:00.134+0000] {processor.py:161} INFO - Started process (PID=15557) to work on /home/airflow/.local/lib/python3.12/site-packages/airflow/example_dags/tutorial.py
[2024-08-05T00:00:00.135+0000] {processor.py:830} INFO - Processing file /home/airflow/.local/lib/python3.12/site-packages/airflow/example_dags/tutorial.py for tasks to queue
[2024-08-05T00:00:00.137+0000] {logging_mixin.py:188} INFO - [2024-08-05T00:00:00.136+0000] {dagbag.py:545} INFO - Filling up the DagBag from /home/airflow/.local/lib/python3.12/site-packages/airflow/example_dags/tutorial.py
[2024-08-05T00:00:00.142+0000] {processor.py:840} INFO - DAG(s) 'tutorial' retrieved from /home/airflow/.local/lib/python3.12/site-packages/airflow/example_dags/tutorial.py
[2024-08-05T00:00:00.161+0000] {logging_mixin.py:188} INFO - [2024-08-05T00:00:00.160+0000] {dag.py:3089} INFO - Sync 1 DAGs
[2024-08-05T00:00:00.180+0000] {logging_mixin.py:188} INFO - [2024-08-05T00:00:00.179+0000] {dag.py:3947} INFO - Setting next_dagrun for tutorial to 2024-08-04 00:00:00+00:00, run_after=2024-08-05 00:00:00+00:00
[2024-08-05T00:00:00.197+0000] {processor.py:183} INFO - Processing /home/airflow/.local/lib/python3.12/site-packages/airflow/example_dags/tutorial.py took 0.067 seconds
[2024-08-05T00:00:30.943+0000] {processor.py:161} INFO - Started process (PID=15838) to work on /home/airflow/.local/lib/python3.12/site-packages/airflow/example_dags/tutorial.py
[2024-08-05T00:00:30.944+0000] {processor.py:830} INFO - Processing file /home/airflow/.local/lib/python3.12/site-packages/airflow/example_dags/tutorial.py for tasks to queue
[2024-08-05T00:00:30.945+0000] {logging_mixin.py:188} INFO - [2024-08-05T00:00:30.945+0000] {dagbag.py:545} INFO - Filling up the DagBag from /home/airflow/.local/lib/python3.12/site-packages/airflow/example_dags/tutorial.py
[2024-08-05T00:00:30.949+0000] {processor.py:840} INFO - DAG(s) 'tutorial' retrieved from /home/airflow/.local/lib/python3.12/site-packages/airflow/example_dags/tutorial.py
[2024-08-05T00:00:30.967+0000] {logging_mixin.py:188} INFO - [2024-08-05T00:00:30.967+0000] {dag.py:3089} INFO - Sync 1 DAGs
[2024-08-05T00:00:30.984+0000] {logging_mixin.py:188} INFO - [2024-08-05T00:00:30.984+0000] {dag.py:3947} INFO - Setting next_dagrun for tutorial to 2024-08-04 00:00:00+00:00, run_after=2024-08-05 00:00:00+00:00
[2024-08-05T00:00:31.001+0000] {processor.py:183} INFO - Processing /home/airflow/.local/lib/python3.12/site-packages/airflow/example_dags/tutorial.py took 0.064 seconds
[2024-08-05T00:01:01.670+0000] {processor.py:161} INFO - Started process (PID=16110) to work on /home/airflow/.local/lib/python3.12/site-packages/airflow/example_dags/tutorial.py
[2024-08-05T00:01:01.671+0000] {processor.py:830} INFO - Processing file /home/airflow/.local/lib/python3.12/site-packages/airflow/example_dags/tutorial.py for tasks to queue
[2024-08-05T00:01:01.673+0000] {logging_mixin.py:188} INFO - [2024-08-05T00:01:01.673+0000] {dagbag.py:545} INFO - Filling up the DagBag from /home/airflow/.local/lib/python3.12/site-packages/airflow/example_dags/tutorial.py
[2024-08-05T00:01:01.678+0000] {processor.py:840} INFO - DAG(s) 'tutorial' retrieved from /home/airflow/.local/lib/python3.12/site-packages/airflow/example_dags/tutorial.py
[2024-08-05T00:01:01.697+0000] {logging_mixin.py:188} INFO - [2024-08-05T00:01:01.697+0000] {dag.py:3089} INFO - Sync 1 DAGs
[2024-08-05T00:01:01.716+0000] {logging_mixin.py:188} INFO - [2024-08-05T00:01:01.716+0000] {dag.py:3947} INFO - Setting next_dagrun for tutorial to 2024-08-04 00:00:00+00:00, run_after=2024-08-05 00:00:00+00:00
[2024-08-05T00:01:01.732+0000] {processor.py:183} INFO - Processing /home/airflow/.local/lib/python3.12/site-packages/airflow/example_dags/tutorial.py took 0.067 seconds
[2024-08-05T00:01:31.946+0000] {processor.py:161} INFO - Started process (PID=16382) to work on /home/airflow/.local/lib/python3.12/site-packages/airflow/example_dags/tutorial.py
[2024-08-05T00:01:31.947+0000] {processor.py:830} INFO - Processing file /home/airflow/.local/lib/python3.12/site-packages/airflow/example_dags/tutorial.py for tasks to queue
[2024-08-05T00:01:31.948+0000] {logging_mixin.py:188} INFO - [2024-08-05T00:01:31.948+0000] {dagbag.py:545} INFO - Filling up the DagBag from /home/airflow/.local/lib/python3.12/site-packages/airflow/example_dags/tutorial.py
[2024-08-05T00:01:31.954+0000] {processor.py:840} INFO - DAG(s) 'tutorial' retrieved from /home/airflow/.local/lib/python3.12/site-packages/airflow/example_dags/tutorial.py
[2024-08-05T00:01:31.971+0000] {logging_mixin.py:188} INFO - [2024-08-05T00:01:31.971+0000] {dag.py:3089} INFO - Sync 1 DAGs
[2024-08-05T00:01:31.989+0000] {logging_mixin.py:188} INFO - [2024-08-05T00:01:31.989+0000] {dag.py:3947} INFO - Setting next_dagrun for tutorial to 2024-08-04 00:00:00+00:00, run_after=2024-08-05 00:00:00+00:00
[2024-08-05T00:01:32.004+0000] {processor.py:183} INFO - Processing /home/airflow/.local/lib/python3.12/site-packages/airflow/example_dags/tutorial.py took 0.062 seconds
[2024-08-05T00:02:02.111+0000] {processor.py:161} INFO - Started process (PID=16654) to work on /home/airflow/.local/lib/python3.12/site-packages/airflow/example_dags/tutorial.py
[2024-08-05T00:02:02.111+0000] {processor.py:830} INFO - Processing file /home/airflow/.local/lib/python3.12/site-packages/airflow/example_dags/tutorial.py for tasks to queue
[2024-08-05T00:02:02.113+0000] {logging_mixin.py:188} INFO - [2024-08-05T00:02:02.112+0000] {dagbag.py:545} INFO - Filling up the DagBag from /home/airflow/.local/lib/python3.12/site-packages/airflow/example_dags/tutorial.py
[2024-08-05T00:02:02.118+0000] {processor.py:840} INFO - DAG(s) 'tutorial' retrieved from /home/airflow/.local/lib/python3.12/site-packages/airflow/example_dags/tutorial.py
[2024-08-05T00:02:02.139+0000] {logging_mixin.py:188} INFO - [2024-08-05T00:02:02.138+0000] {dag.py:3089} INFO - Sync 1 DAGs
[2024-08-05T00:02:02.160+0000] {logging_mixin.py:188} INFO - [2024-08-05T00:02:02.160+0000] {dag.py:3947} INFO - Setting next_dagrun for tutorial to 2024-08-04 00:00:00+00:00, run_after=2024-08-05 00:00:00+00:00
[2024-08-05T00:02:02.177+0000] {processor.py:183} INFO - Processing /home/airflow/.local/lib/python3.12/site-packages/airflow/example_dags/tutorial.py took 0.071 seconds
[2024-08-05T00:02:32.235+0000] {processor.py:161} INFO - Started process (PID=16926) to work on /home/airflow/.local/lib/python3.12/site-packages/airflow/example_dags/tutorial.py
[2024-08-05T00:02:32.237+0000] {processor.py:830} INFO - Processing file /home/airflow/.local/lib/python3.12/site-packages/airflow/example_dags/tutorial.py for tasks to queue
[2024-08-05T00:02:32.239+0000] {logging_mixin.py:188} INFO - [2024-08-05T00:02:32.238+0000] {dagbag.py:545} INFO - Filling up the DagBag from /home/airflow/.local/lib/python3.12/site-packages/airflow/example_dags/tutorial.py
[2024-08-05T00:02:32.244+0000] {processor.py:840} INFO - DAG(s) 'tutorial' retrieved from /home/airflow/.local/lib/python3.12/site-packages/airflow/example_dags/tutorial.py
[2024-08-05T00:02:32.263+0000] {logging_mixin.py:188} INFO - [2024-08-05T00:02:32.263+0000] {dag.py:3089} INFO - Sync 1 DAGs
[2024-08-05T00:02:32.281+0000] {logging_mixin.py:188} INFO - [2024-08-05T00:02:32.281+0000] {dag.py:3947} INFO - Setting next_dagrun for tutorial to 2024-08-04 00:00:00+00:00, run_after=2024-08-05 00:00:00+00:00
[2024-08-05T00:02:32.297+0000] {processor.py:183} INFO - Processing /home/airflow/.local/lib/python3.12/site-packages/airflow/example_dags/tutorial.py took 0.068 seconds
[2024-08-05T00:03:02.516+0000] {processor.py:161} INFO - Started process (PID=17198) to work on /home/airflow/.local/lib/python3.12/site-packages/airflow/example_dags/tutorial.py
[2024-08-05T00:03:02.517+0000] {processor.py:830} INFO - Processing file /home/airflow/.local/lib/python3.12/site-packages/airflow/example_dags/tutorial.py for tasks to queue
[2024-08-05T00:03:02.518+0000] {logging_mixin.py:188} INFO - [2024-08-05T00:03:02.518+0000] {dagbag.py:545} INFO - Filling up the DagBag from /home/airflow/.local/lib/python3.12/site-packages/airflow/example_dags/tutorial.py
[2024-08-05T00:03:02.523+0000] {processor.py:840} INFO - DAG(s) 'tutorial' retrieved from /home/airflow/.local/lib/python3.12/site-packages/airflow/example_dags/tutorial.py
[2024-08-05T00:03:02.543+0000] {logging_mixin.py:188} INFO - [2024-08-05T00:03:02.543+0000] {dag.py:3089} INFO - Sync 1 DAGs
[2024-08-05T00:03:02.563+0000] {logging_mixin.py:188} INFO - [2024-08-05T00:03:02.562+0000] {dag.py:3947} INFO - Setting next_dagrun for tutorial to 2024-08-04 00:00:00+00:00, run_after=2024-08-05 00:00:00+00:00
[2024-08-05T00:03:02.581+0000] {processor.py:183} INFO - Processing /home/airflow/.local/lib/python3.12/site-packages/airflow/example_dags/tutorial.py took 0.070 seconds
[2024-08-05T00:03:32.913+0000] {processor.py:161} INFO - Started process (PID=17470) to work on /home/airflow/.local/lib/python3.12/site-packages/airflow/example_dags/tutorial.py
[2024-08-05T00:03:32.914+0000] {processor.py:830} INFO - Processing file /home/airflow/.local/lib/python3.12/site-packages/airflow/example_dags/tutorial.py for tasks to queue
[2024-08-05T00:03:32.915+0000] {logging_mixin.py:188} INFO - [2024-08-05T00:03:32.915+0000] {dagbag.py:545} INFO - Filling up the DagBag from /home/airflow/.local/lib/python3.12/site-packages/airflow/example_dags/tutorial.py
[2024-08-05T00:03:32.920+0000] {processor.py:840} INFO - DAG(s) 'tutorial' retrieved from /home/airflow/.local/lib/python3.12/site-packages/airflow/example_dags/tutorial.py
[2024-08-05T00:03:32.939+0000] {logging_mixin.py:188} INFO - [2024-08-05T00:03:32.939+0000] {dag.py:3089} INFO - Sync 1 DAGs
[2024-08-05T00:03:32.958+0000] {logging_mixin.py:188} INFO - [2024-08-05T00:03:32.958+0000] {dag.py:3947} INFO - Setting next_dagrun for tutorial to 2024-08-04 00:00:00+00:00, run_after=2024-08-05 00:00:00+00:00
[2024-08-05T00:03:32.975+0000] {processor.py:183} INFO - Processing /home/airflow/.local/lib/python3.12/site-packages/airflow/example_dags/tutorial.py took 0.067 seconds
[2024-08-05T00:04:03.122+0000] {processor.py:161} INFO - Started process (PID=17742) to work on /home/airflow/.local/lib/python3.12/site-packages/airflow/example_dags/tutorial.py
[2024-08-05T00:04:03.123+0000] {processor.py:830} INFO - Processing file /home/airflow/.local/lib/python3.12/site-packages/airflow/example_dags/tutorial.py for tasks to queue
[2024-08-05T00:04:03.125+0000] {logging_mixin.py:188} INFO - [2024-08-05T00:04:03.124+0000] {dagbag.py:545} INFO - Filling up the DagBag from /home/airflow/.local/lib/python3.12/site-packages/airflow/example_dags/tutorial.py
[2024-08-05T00:04:03.130+0000] {processor.py:840} INFO - DAG(s) 'tutorial' retrieved from /home/airflow/.local/lib/python3.12/site-packages/airflow/example_dags/tutorial.py
[2024-08-05T00:04:03.159+0000] {logging_mixin.py:188} INFO - [2024-08-05T00:04:03.159+0000] {dag.py:3089} INFO - Sync 1 DAGs
[2024-08-05T00:04:03.181+0000] {logging_mixin.py:188} INFO - [2024-08-05T00:04:03.181+0000] {dag.py:3947} INFO - Setting next_dagrun for tutorial to 2024-08-04 00:00:00+00:00, run_after=2024-08-05 00:00:00+00:00
[2024-08-05T00:04:03.205+0000] {processor.py:183} INFO - Processing /home/airflow/.local/lib/python3.12/site-packages/airflow/example_dags/tutorial.py took 0.088 seconds
[2024-08-05T00:04:33.385+0000] {processor.py:161} INFO - Started process (PID=18014) to work on /home/airflow/.local/lib/python3.12/site-packages/airflow/example_dags/tutorial.py
[2024-08-05T00:04:33.386+0000] {processor.py:830} INFO - Processing file /home/airflow/.local/lib/python3.12/site-packages/airflow/example_dags/tutorial.py for tasks to queue
[2024-08-05T00:04:33.388+0000] {logging_mixin.py:188} INFO - [2024-08-05T00:04:33.388+0000] {dagbag.py:545} INFO - Filling up the DagBag from /home/airflow/.local/lib/python3.12/site-packages/airflow/example_dags/tutorial.py
[2024-08-05T00:04:33.392+0000] {processor.py:840} INFO - DAG(s) 'tutorial' retrieved from /home/airflow/.local/lib/python3.12/site-packages/airflow/example_dags/tutorial.py
[2024-08-05T00:04:33.413+0000] {logging_mixin.py:188} INFO - [2024-08-05T00:04:33.412+0000] {dag.py:3089} INFO - Sync 1 DAGs
[2024-08-05T00:04:33.436+0000] {logging_mixin.py:188} INFO - [2024-08-05T00:04:33.436+0000] {dag.py:3947} INFO - Setting next_dagrun for tutorial to 2024-08-04 00:00:00+00:00, run_after=2024-08-05 00:00:00+00:00
[2024-08-05T00:04:33.456+0000] {processor.py:183} INFO - Processing /home/airflow/.local/lib/python3.12/site-packages/airflow/example_dags/tutorial.py took 0.077 seconds
[2024-08-05T00:05:03.671+0000] {processor.py:161} INFO - Started process (PID=18286) to work on /home/airflow/.local/lib/python3.12/site-packages/airflow/example_dags/tutorial.py
[2024-08-05T00:05:03.672+0000] {processor.py:830} INFO - Processing file /home/airflow/.local/lib/python3.12/site-packages/airflow/example_dags/tutorial.py for tasks to queue
[2024-08-05T00:05:03.673+0000] {logging_mixin.py:188} INFO - [2024-08-05T00:05:03.673+0000] {dagbag.py:545} INFO - Filling up the DagBag from /home/airflow/.local/lib/python3.12/site-packages/airflow/example_dags/tutorial.py
[2024-08-05T00:05:03.677+0000] {processor.py:840} INFO - DAG(s) 'tutorial' retrieved from /home/airflow/.local/lib/python3.12/site-packages/airflow/example_dags/tutorial.py
[2024-08-05T00:05:03.697+0000] {logging_mixin.py:188} INFO - [2024-08-05T00:05:03.697+0000] {dag.py:3089} INFO - Sync 1 DAGs
[2024-08-05T00:05:03.718+0000] {logging_mixin.py:188} INFO - [2024-08-05T00:05:03.718+0000] {dag.py:3947} INFO - Setting next_dagrun for tutorial to 2024-08-04 00:00:00+00:00, run_after=2024-08-05 00:00:00+00:00
[2024-08-05T00:05:03.735+0000] {processor.py:183} INFO - Processing /home/airflow/.local/lib/python3.12/site-packages/airflow/example_dags/tutorial.py took 0.069 seconds
[2024-08-05T00:05:34.549+0000] {processor.py:161} INFO - Started process (PID=18552) to work on /home/airflow/.local/lib/python3.12/site-packages/airflow/example_dags/tutorial.py
[2024-08-05T00:05:34.550+0000] {processor.py:830} INFO - Processing file /home/airflow/.local/lib/python3.12/site-packages/airflow/example_dags/tutorial.py for tasks to queue
[2024-08-05T00:05:34.551+0000] {logging_mixin.py:188} INFO - [2024-08-05T00:05:34.551+0000] {dagbag.py:545} INFO - Filling up the DagBag from /home/airflow/.local/lib/python3.12/site-packages/airflow/example_dags/tutorial.py
[2024-08-05T00:05:34.556+0000] {processor.py:840} INFO - DAG(s) 'tutorial' retrieved from /home/airflow/.local/lib/python3.12/site-packages/airflow/example_dags/tutorial.py
[2024-08-05T00:05:34.576+0000] {logging_mixin.py:188} INFO - [2024-08-05T00:05:34.576+0000] {dag.py:3089} INFO - Sync 1 DAGs
[2024-08-05T00:05:34.597+0000] {logging_mixin.py:188} INFO - [2024-08-05T00:05:34.596+0000] {dag.py:3947} INFO - Setting next_dagrun for tutorial to 2024-08-04 00:00:00+00:00, run_after=2024-08-05 00:00:00+00:00
[2024-08-05T00:05:34.615+0000] {processor.py:183} INFO - Processing /home/airflow/.local/lib/python3.12/site-packages/airflow/example_dags/tutorial.py took 0.072 seconds
[2024-08-05T00:06:04.839+0000] {processor.py:161} INFO - Started process (PID=18824) to work on /home/airflow/.local/lib/python3.12/site-packages/airflow/example_dags/tutorial.py
[2024-08-05T00:06:04.840+0000] {processor.py:830} INFO - Processing file /home/airflow/.local/lib/python3.12/site-packages/airflow/example_dags/tutorial.py for tasks to queue
[2024-08-05T00:06:04.841+0000] {logging_mixin.py:188} INFO - [2024-08-05T00:06:04.841+0000] {dagbag.py:545} INFO - Filling up the DagBag from /home/airflow/.local/lib/python3.12/site-packages/airflow/example_dags/tutorial.py
[2024-08-05T00:06:04.846+0000] {processor.py:840} INFO - DAG(s) 'tutorial' retrieved from /home/airflow/.local/lib/python3.12/site-packages/airflow/example_dags/tutorial.py
[2024-08-05T00:06:04.868+0000] {logging_mixin.py:188} INFO - [2024-08-05T00:06:04.868+0000] {dag.py:3089} INFO - Sync 1 DAGs
[2024-08-05T00:06:04.889+0000] {logging_mixin.py:188} INFO - [2024-08-05T00:06:04.889+0000] {dag.py:3947} INFO - Setting next_dagrun for tutorial to 2024-08-04 00:00:00+00:00, run_after=2024-08-05 00:00:00+00:00
[2024-08-05T00:06:04.907+0000] {processor.py:183} INFO - Processing /home/airflow/.local/lib/python3.12/site-packages/airflow/example_dags/tutorial.py took 0.073 seconds
[2024-08-05T00:06:35.087+0000] {processor.py:161} INFO - Started process (PID=19096) to work on /home/airflow/.local/lib/python3.12/site-packages/airflow/example_dags/tutorial.py
[2024-08-05T00:06:35.088+0000] {processor.py:830} INFO - Processing file /home/airflow/.local/lib/python3.12/site-packages/airflow/example_dags/tutorial.py for tasks to queue
[2024-08-05T00:06:35.090+0000] {logging_mixin.py:188} INFO - [2024-08-05T00:06:35.089+0000] {dagbag.py:545} INFO - Filling up the DagBag from /home/airflow/.local/lib/python3.12/site-packages/airflow/example_dags/tutorial.py
[2024-08-05T00:06:35.095+0000] {processor.py:840} INFO - DAG(s) 'tutorial' retrieved from /home/airflow/.local/lib/python3.12/site-packages/airflow/example_dags/tutorial.py
[2024-08-05T00:06:35.114+0000] {logging_mixin.py:188} INFO - [2024-08-05T00:06:35.114+0000] {dag.py:3089} INFO - Sync 1 DAGs
[2024-08-05T00:06:35.134+0000] {logging_mixin.py:188} INFO - [2024-08-05T00:06:35.134+0000] {dag.py:3947} INFO - Setting next_dagrun for tutorial to 2024-08-04 00:00:00+00:00, run_after=2024-08-05 00:00:00+00:00
[2024-08-05T00:06:35.150+0000] {processor.py:183} INFO - Processing /home/airflow/.local/lib/python3.12/site-packages/airflow/example_dags/tutorial.py took 0.067 seconds
[2024-08-05T00:07:06.077+0000] {processor.py:161} INFO - Started process (PID=19368) to work on /home/airflow/.local/lib/python3.12/site-packages/airflow/example_dags/tutorial.py
[2024-08-05T00:07:06.077+0000] {processor.py:830} INFO - Processing file /home/airflow/.local/lib/python3.12/site-packages/airflow/example_dags/tutorial.py for tasks to queue
[2024-08-05T00:07:06.079+0000] {logging_mixin.py:188} INFO - [2024-08-05T00:07:06.078+0000] {dagbag.py:545} INFO - Filling up the DagBag from /home/airflow/.local/lib/python3.12/site-packages/airflow/example_dags/tutorial.py
[2024-08-05T00:07:06.083+0000] {processor.py:840} INFO - DAG(s) 'tutorial' retrieved from /home/airflow/.local/lib/python3.12/site-packages/airflow/example_dags/tutorial.py
[2024-08-05T00:07:06.102+0000] {logging_mixin.py:188} INFO - [2024-08-05T00:07:06.102+0000] {dag.py:3089} INFO - Sync 1 DAGs
[2024-08-05T00:07:06.123+0000] {logging_mixin.py:188} INFO - [2024-08-05T00:07:06.123+0000] {dag.py:3947} INFO - Setting next_dagrun for tutorial to 2024-08-04 00:00:00+00:00, run_after=2024-08-05 00:00:00+00:00
[2024-08-05T00:07:06.136+0000] {processor.py:183} INFO - Processing /home/airflow/.local/lib/python3.12/site-packages/airflow/example_dags/tutorial.py took 0.064 seconds
[2024-08-05T00:07:36.412+0000] {processor.py:161} INFO - Started process (PID=19640) to work on /home/airflow/.local/lib/python3.12/site-packages/airflow/example_dags/tutorial.py
[2024-08-05T00:07:36.413+0000] {processor.py:830} INFO - Processing file /home/airflow/.local/lib/python3.12/site-packages/airflow/example_dags/tutorial.py for tasks to queue
[2024-08-05T00:07:36.415+0000] {logging_mixin.py:188} INFO - [2024-08-05T00:07:36.414+0000] {dagbag.py:545} INFO - Filling up the DagBag from /home/airflow/.local/lib/python3.12/site-packages/airflow/example_dags/tutorial.py
[2024-08-05T00:07:36.420+0000] {processor.py:840} INFO - DAG(s) 'tutorial' retrieved from /home/airflow/.local/lib/python3.12/site-packages/airflow/example_dags/tutorial.py
[2024-08-05T00:07:36.439+0000] {logging_mixin.py:188} INFO - [2024-08-05T00:07:36.439+0000] {dag.py:3089} INFO - Sync 1 DAGs
[2024-08-05T00:07:36.458+0000] {logging_mixin.py:188} INFO - [2024-08-05T00:07:36.458+0000] {dag.py:3947} INFO - Setting next_dagrun for tutorial to 2024-08-04 00:00:00+00:00, run_after=2024-08-05 00:00:00+00:00
[2024-08-05T00:07:36.475+0000] {processor.py:183} INFO - Processing /home/airflow/.local/lib/python3.12/site-packages/airflow/example_dags/tutorial.py took 0.068 seconds
[2024-08-05T00:08:06.617+0000] {processor.py:161} INFO - Started process (PID=19912) to work on /home/airflow/.local/lib/python3.12/site-packages/airflow/example_dags/tutorial.py
[2024-08-05T00:08:06.618+0000] {processor.py:830} INFO - Processing file /home/airflow/.local/lib/python3.12/site-packages/airflow/example_dags/tutorial.py for tasks to queue
[2024-08-05T00:08:06.620+0000] {logging_mixin.py:188} INFO - [2024-08-05T00:08:06.619+0000] {dagbag.py:545} INFO - Filling up the DagBag from /home/airflow/.local/lib/python3.12/site-packages/airflow/example_dags/tutorial.py
[2024-08-05T00:08:06.624+0000] {processor.py:840} INFO - DAG(s) 'tutorial' retrieved from /home/airflow/.local/lib/python3.12/site-packages/airflow/example_dags/tutorial.py
[2024-08-05T00:08:06.643+0000] {logging_mixin.py:188} INFO - [2024-08-05T00:08:06.642+0000] {dag.py:3089} INFO - Sync 1 DAGs
[2024-08-05T00:08:06.667+0000] {logging_mixin.py:188} INFO - [2024-08-05T00:08:06.667+0000] {dag.py:3947} INFO - Setting next_dagrun for tutorial to 2024-08-04 00:00:00+00:00, run_after=2024-08-05 00:00:00+00:00
[2024-08-05T00:08:06.686+0000] {processor.py:183} INFO - Processing /home/airflow/.local/lib/python3.12/site-packages/airflow/example_dags/tutorial.py took 0.074 seconds
[2024-08-05T00:08:37.057+0000] {processor.py:161} INFO - Started process (PID=20184) to work on /home/airflow/.local/lib/python3.12/site-packages/airflow/example_dags/tutorial.py
[2024-08-05T00:08:37.058+0000] {processor.py:830} INFO - Processing file /home/airflow/.local/lib/python3.12/site-packages/airflow/example_dags/tutorial.py for tasks to queue
[2024-08-05T00:08:37.059+0000] {logging_mixin.py:188} INFO - [2024-08-05T00:08:37.059+0000] {dagbag.py:545} INFO - Filling up the DagBag from /home/airflow/.local/lib/python3.12/site-packages/airflow/example_dags/tutorial.py
[2024-08-05T00:08:37.063+0000] {processor.py:840} INFO - DAG(s) 'tutorial' retrieved from /home/airflow/.local/lib/python3.12/site-packages/airflow/example_dags/tutorial.py
[2024-08-05T00:08:37.081+0000] {logging_mixin.py:188} INFO - [2024-08-05T00:08:37.081+0000] {dag.py:3089} INFO - Sync 1 DAGs
[2024-08-05T00:08:37.098+0000] {logging_mixin.py:188} INFO - [2024-08-05T00:08:37.098+0000] {dag.py:3947} INFO - Setting next_dagrun for tutorial to 2024-08-04 00:00:00+00:00, run_after=2024-08-05 00:00:00+00:00
[2024-08-05T00:08:37.113+0000] {processor.py:183} INFO - Processing /home/airflow/.local/lib/python3.12/site-packages/airflow/example_dags/tutorial.py took 0.061 seconds
[2024-08-05T00:09:07.200+0000] {processor.py:161} INFO - Started process (PID=20456) to work on /home/airflow/.local/lib/python3.12/site-packages/airflow/example_dags/tutorial.py
[2024-08-05T00:09:07.200+0000] {processor.py:830} INFO - Processing file /home/airflow/.local/lib/python3.12/site-packages/airflow/example_dags/tutorial.py for tasks to queue
[2024-08-05T00:09:07.202+0000] {logging_mixin.py:188} INFO - [2024-08-05T00:09:07.202+0000] {dagbag.py:545} INFO - Filling up the DagBag from /home/airflow/.local/lib/python3.12/site-packages/airflow/example_dags/tutorial.py
[2024-08-05T00:09:07.208+0000] {processor.py:840} INFO - DAG(s) 'tutorial' retrieved from /home/airflow/.local/lib/python3.12/site-packages/airflow/example_dags/tutorial.py
[2024-08-05T00:09:07.226+0000] {logging_mixin.py:188} INFO - [2024-08-05T00:09:07.226+0000] {dag.py:3089} INFO - Sync 1 DAGs
[2024-08-05T00:09:07.244+0000] {logging_mixin.py:188} INFO - [2024-08-05T00:09:07.244+0000] {dag.py:3947} INFO - Setting next_dagrun for tutorial to 2024-08-04 00:00:00+00:00, run_after=2024-08-05 00:00:00+00:00
[2024-08-05T00:09:07.260+0000] {processor.py:183} INFO - Processing /home/airflow/.local/lib/python3.12/site-packages/airflow/example_dags/tutorial.py took 0.065 seconds
[2024-08-05T00:09:37.926+0000] {processor.py:161} INFO - Started process (PID=20728) to work on /home/airflow/.local/lib/python3.12/site-packages/airflow/example_dags/tutorial.py
[2024-08-05T00:09:37.926+0000] {processor.py:830} INFO - Processing file /home/airflow/.local/lib/python3.12/site-packages/airflow/example_dags/tutorial.py for tasks to queue
[2024-08-05T00:09:37.928+0000] {logging_mixin.py:188} INFO - [2024-08-05T00:09:37.927+0000] {dagbag.py:545} INFO - Filling up the DagBag from /home/airflow/.local/lib/python3.12/site-packages/airflow/example_dags/tutorial.py
[2024-08-05T00:09:37.932+0000] {processor.py:840} INFO - DAG(s) 'tutorial' retrieved from /home/airflow/.local/lib/python3.12/site-packages/airflow/example_dags/tutorial.py
[2024-08-05T00:09:37.949+0000] {logging_mixin.py:188} INFO - [2024-08-05T00:09:37.949+0000] {dag.py:3089} INFO - Sync 1 DAGs
[2024-08-05T00:09:37.967+0000] {logging_mixin.py:188} INFO - [2024-08-05T00:09:37.967+0000] {dag.py:3947} INFO - Setting next_dagrun for tutorial to 2024-08-04 00:00:00+00:00, run_after=2024-08-05 00:00:00+00:00
[2024-08-05T00:09:37.982+0000] {processor.py:183} INFO - Processing /home/airflow/.local/lib/python3.12/site-packages/airflow/example_dags/tutorial.py took 0.061 seconds
[2024-08-05T00:10:08.568+0000] {processor.py:161} INFO - Started process (PID=21006) to work on /home/airflow/.local/lib/python3.12/site-packages/airflow/example_dags/tutorial.py
[2024-08-05T00:10:08.569+0000] {processor.py:830} INFO - Processing file /home/airflow/.local/lib/python3.12/site-packages/airflow/example_dags/tutorial.py for tasks to queue
[2024-08-05T00:10:08.570+0000] {logging_mixin.py:188} INFO - [2024-08-05T00:10:08.570+0000] {dagbag.py:545} INFO - Filling up the DagBag from /home/airflow/.local/lib/python3.12/site-packages/airflow/example_dags/tutorial.py
[2024-08-05T00:10:08.576+0000] {processor.py:840} INFO - DAG(s) 'tutorial' retrieved from /home/airflow/.local/lib/python3.12/site-packages/airflow/example_dags/tutorial.py
[2024-08-05T00:10:08.594+0000] {logging_mixin.py:188} INFO - [2024-08-05T00:10:08.594+0000] {dag.py:3089} INFO - Sync 1 DAGs
[2024-08-05T00:10:08.612+0000] {logging_mixin.py:188} INFO - [2024-08-05T00:10:08.612+0000] {dag.py:3947} INFO - Setting next_dagrun for tutorial to 2024-08-04 00:00:00+00:00, run_after=2024-08-05 00:00:00+00:00
[2024-08-05T00:10:08.627+0000] {processor.py:183} INFO - Processing /home/airflow/.local/lib/python3.12/site-packages/airflow/example_dags/tutorial.py took 0.064 seconds
[2024-08-05T00:10:39.341+0000] {processor.py:161} INFO - Started process (PID=21281) to work on /home/airflow/.local/lib/python3.12/site-packages/airflow/example_dags/tutorial.py
[2024-08-05T00:10:39.342+0000] {processor.py:830} INFO - Processing file /home/airflow/.local/lib/python3.12/site-packages/airflow/example_dags/tutorial.py for tasks to queue
[2024-08-05T00:10:39.343+0000] {logging_mixin.py:188} INFO - [2024-08-05T00:10:39.343+0000] {dagbag.py:545} INFO - Filling up the DagBag from /home/airflow/.local/lib/python3.12/site-packages/airflow/example_dags/tutorial.py
[2024-08-05T00:10:39.348+0000] {processor.py:840} INFO - DAG(s) 'tutorial' retrieved from /home/airflow/.local/lib/python3.12/site-packages/airflow/example_dags/tutorial.py
[2024-08-05T00:10:39.367+0000] {logging_mixin.py:188} INFO - [2024-08-05T00:10:39.367+0000] {dag.py:3089} INFO - Sync 1 DAGs
[2024-08-05T00:10:39.388+0000] {logging_mixin.py:188} INFO - [2024-08-05T00:10:39.387+0000] {dag.py:3947} INFO - Setting next_dagrun for tutorial to 2024-08-04 00:00:00+00:00, run_after=2024-08-05 00:00:00+00:00
[2024-08-05T00:10:39.405+0000] {processor.py:183} INFO - Processing /home/airflow/.local/lib/python3.12/site-packages/airflow/example_dags/tutorial.py took 0.069 seconds
[2024-08-05T00:11:10.058+0000] {processor.py:161} INFO - Started process (PID=21553) to work on /home/airflow/.local/lib/python3.12/site-packages/airflow/example_dags/tutorial.py
[2024-08-05T00:11:10.059+0000] {processor.py:830} INFO - Processing file /home/airflow/.local/lib/python3.12/site-packages/airflow/example_dags/tutorial.py for tasks to queue
[2024-08-05T00:11:10.060+0000] {logging_mixin.py:188} INFO - [2024-08-05T00:11:10.060+0000] {dagbag.py:545} INFO - Filling up the DagBag from /home/airflow/.local/lib/python3.12/site-packages/airflow/example_dags/tutorial.py
[2024-08-05T00:11:10.065+0000] {processor.py:840} INFO - DAG(s) 'tutorial' retrieved from /home/airflow/.local/lib/python3.12/site-packages/airflow/example_dags/tutorial.py
[2024-08-05T00:11:10.082+0000] {logging_mixin.py:188} INFO - [2024-08-05T00:11:10.082+0000] {dag.py:3089} INFO - Sync 1 DAGs
[2024-08-05T00:11:10.100+0000] {logging_mixin.py:188} INFO - [2024-08-05T00:11:10.099+0000] {dag.py:3947} INFO - Setting next_dagrun for tutorial to 2024-08-04 00:00:00+00:00, run_after=2024-08-05 00:00:00+00:00
[2024-08-05T00:11:10.114+0000] {processor.py:183} INFO - Processing /home/airflow/.local/lib/python3.12/site-packages/airflow/example_dags/tutorial.py took 0.062 seconds
[2024-08-05T00:11:40.973+0000] {processor.py:161} INFO - Started process (PID=21825) to work on /home/airflow/.local/lib/python3.12/site-packages/airflow/example_dags/tutorial.py
[2024-08-05T00:11:40.974+0000] {processor.py:830} INFO - Processing file /home/airflow/.local/lib/python3.12/site-packages/airflow/example_dags/tutorial.py for tasks to queue
[2024-08-05T00:11:40.976+0000] {logging_mixin.py:188} INFO - [2024-08-05T00:11:40.975+0000] {dagbag.py:545} INFO - Filling up the DagBag from /home/airflow/.local/lib/python3.12/site-packages/airflow/example_dags/tutorial.py
[2024-08-05T00:11:40.981+0000] {processor.py:840} INFO - DAG(s) 'tutorial' retrieved from /home/airflow/.local/lib/python3.12/site-packages/airflow/example_dags/tutorial.py
[2024-08-05T00:11:41.000+0000] {logging_mixin.py:188} INFO - [2024-08-05T00:11:41.000+0000] {dag.py:3089} INFO - Sync 1 DAGs
[2024-08-05T00:11:41.018+0000] {logging_mixin.py:188} INFO - [2024-08-05T00:11:41.018+0000] {dag.py:3947} INFO - Setting next_dagrun for tutorial to 2024-08-04 00:00:00+00:00, run_after=2024-08-05 00:00:00+00:00
[2024-08-05T00:11:41.032+0000] {processor.py:183} INFO - Processing /home/airflow/.local/lib/python3.12/site-packages/airflow/example_dags/tutorial.py took 0.063 seconds
[2024-08-05T00:12:11.228+0000] {processor.py:161} INFO - Started process (PID=22097) to work on /home/airflow/.local/lib/python3.12/site-packages/airflow/example_dags/tutorial.py
[2024-08-05T00:12:11.229+0000] {processor.py:830} INFO - Processing file /home/airflow/.local/lib/python3.12/site-packages/airflow/example_dags/tutorial.py for tasks to queue
[2024-08-05T00:12:11.231+0000] {logging_mixin.py:188} INFO - [2024-08-05T00:12:11.230+0000] {dagbag.py:545} INFO - Filling up the DagBag from /home/airflow/.local/lib/python3.12/site-packages/airflow/example_dags/tutorial.py
[2024-08-05T00:12:11.236+0000] {processor.py:840} INFO - DAG(s) 'tutorial' retrieved from /home/airflow/.local/lib/python3.12/site-packages/airflow/example_dags/tutorial.py
[2024-08-05T00:12:11.257+0000] {logging_mixin.py:188} INFO - [2024-08-05T00:12:11.257+0000] {dag.py:3089} INFO - Sync 1 DAGs
[2024-08-05T00:12:11.277+0000] {logging_mixin.py:188} INFO - [2024-08-05T00:12:11.277+0000] {dag.py:3947} INFO - Setting next_dagrun for tutorial to 2024-08-04 00:00:00+00:00, run_after=2024-08-05 00:00:00+00:00
[2024-08-05T00:12:11.295+0000] {processor.py:183} INFO - Processing /home/airflow/.local/lib/python3.12/site-packages/airflow/example_dags/tutorial.py took 0.072 seconds
[2024-08-05T00:12:41.462+0000] {processor.py:161} INFO - Started process (PID=22369) to work on /home/airflow/.local/lib/python3.12/site-packages/airflow/example_dags/tutorial.py
[2024-08-05T00:12:41.463+0000] {processor.py:830} INFO - Processing file /home/airflow/.local/lib/python3.12/site-packages/airflow/example_dags/tutorial.py for tasks to queue
[2024-08-05T00:12:41.464+0000] {logging_mixin.py:188} INFO - [2024-08-05T00:12:41.464+0000] {dagbag.py:545} INFO - Filling up the DagBag from /home/airflow/.local/lib/python3.12/site-packages/airflow/example_dags/tutorial.py
[2024-08-05T00:12:41.470+0000] {processor.py:840} INFO - DAG(s) 'tutorial' retrieved from /home/airflow/.local/lib/python3.12/site-packages/airflow/example_dags/tutorial.py
[2024-08-05T00:12:41.490+0000] {logging_mixin.py:188} INFO - [2024-08-05T00:12:41.490+0000] {dag.py:3089} INFO - Sync 1 DAGs
[2024-08-05T00:12:41.510+0000] {logging_mixin.py:188} INFO - [2024-08-05T00:12:41.509+0000] {dag.py:3947} INFO - Setting next_dagrun for tutorial to 2024-08-04 00:00:00+00:00, run_after=2024-08-05 00:00:00+00:00
[2024-08-05T00:12:41.527+0000] {processor.py:183} INFO - Processing /home/airflow/.local/lib/python3.12/site-packages/airflow/example_dags/tutorial.py took 0.069 seconds
[2024-08-05T00:13:11.703+0000] {processor.py:161} INFO - Started process (PID=22641) to work on /home/airflow/.local/lib/python3.12/site-packages/airflow/example_dags/tutorial.py
[2024-08-05T00:13:11.705+0000] {processor.py:830} INFO - Processing file /home/airflow/.local/lib/python3.12/site-packages/airflow/example_dags/tutorial.py for tasks to queue
[2024-08-05T00:13:11.707+0000] {logging_mixin.py:188} INFO - [2024-08-05T00:13:11.706+0000] {dagbag.py:545} INFO - Filling up the DagBag from /home/airflow/.local/lib/python3.12/site-packages/airflow/example_dags/tutorial.py
[2024-08-05T00:13:11.713+0000] {processor.py:840} INFO - DAG(s) 'tutorial' retrieved from /home/airflow/.local/lib/python3.12/site-packages/airflow/example_dags/tutorial.py
[2024-08-05T00:13:11.733+0000] {logging_mixin.py:188} INFO - [2024-08-05T00:13:11.733+0000] {dag.py:3089} INFO - Sync 1 DAGs
[2024-08-05T00:13:11.754+0000] {logging_mixin.py:188} INFO - [2024-08-05T00:13:11.754+0000] {dag.py:3947} INFO - Setting next_dagrun for tutorial to 2024-08-04 00:00:00+00:00, run_after=2024-08-05 00:00:00+00:00
[2024-08-05T00:13:11.771+0000] {processor.py:183} INFO - Processing /home/airflow/.local/lib/python3.12/site-packages/airflow/example_dags/tutorial.py took 0.074 seconds
[2024-08-05T00:13:42.077+0000] {processor.py:161} INFO - Started process (PID=22913) to work on /home/airflow/.local/lib/python3.12/site-packages/airflow/example_dags/tutorial.py
[2024-08-05T00:13:42.079+0000] {processor.py:830} INFO - Processing file /home/airflow/.local/lib/python3.12/site-packages/airflow/example_dags/tutorial.py for tasks to queue
[2024-08-05T00:13:42.090+0000] {logging_mixin.py:188} INFO - [2024-08-05T00:13:42.084+0000] {dagbag.py:545} INFO - Filling up the DagBag from /home/airflow/.local/lib/python3.12/site-packages/airflow/example_dags/tutorial.py
[2024-08-05T00:13:42.111+0000] {processor.py:840} INFO - DAG(s) 'tutorial' retrieved from /home/airflow/.local/lib/python3.12/site-packages/airflow/example_dags/tutorial.py
[2024-08-05T00:13:42.169+0000] {logging_mixin.py:188} INFO - [2024-08-05T00:13:42.168+0000] {dag.py:3089} INFO - Sync 1 DAGs
[2024-08-05T00:13:42.212+0000] {logging_mixin.py:188} INFO - [2024-08-05T00:13:42.211+0000] {dag.py:3947} INFO - Setting next_dagrun for tutorial to 2024-08-04 00:00:00+00:00, run_after=2024-08-05 00:00:00+00:00
[2024-08-05T00:13:42.239+0000] {processor.py:183} INFO - Processing /home/airflow/.local/lib/python3.12/site-packages/airflow/example_dags/tutorial.py took 0.175 seconds
[2024-08-05T00:14:12.603+0000] {processor.py:161} INFO - Started process (PID=23185) to work on /home/airflow/.local/lib/python3.12/site-packages/airflow/example_dags/tutorial.py
[2024-08-05T00:14:12.604+0000] {processor.py:830} INFO - Processing file /home/airflow/.local/lib/python3.12/site-packages/airflow/example_dags/tutorial.py for tasks to queue
[2024-08-05T00:14:12.606+0000] {logging_mixin.py:188} INFO - [2024-08-05T00:14:12.605+0000] {dagbag.py:545} INFO - Filling up the DagBag from /home/airflow/.local/lib/python3.12/site-packages/airflow/example_dags/tutorial.py
[2024-08-05T00:14:12.611+0000] {processor.py:840} INFO - DAG(s) 'tutorial' retrieved from /home/airflow/.local/lib/python3.12/site-packages/airflow/example_dags/tutorial.py
[2024-08-05T00:14:12.631+0000] {logging_mixin.py:188} INFO - [2024-08-05T00:14:12.631+0000] {dag.py:3089} INFO - Sync 1 DAGs
[2024-08-05T00:14:12.653+0000] {logging_mixin.py:188} INFO - [2024-08-05T00:14:12.653+0000] {dag.py:3947} INFO - Setting next_dagrun for tutorial to 2024-08-04 00:00:00+00:00, run_after=2024-08-05 00:00:00+00:00
[2024-08-05T00:14:12.671+0000] {processor.py:183} INFO - Processing /home/airflow/.local/lib/python3.12/site-packages/airflow/example_dags/tutorial.py took 0.073 seconds
[2024-08-05T00:14:42.913+0000] {processor.py:161} INFO - Started process (PID=23457) to work on /home/airflow/.local/lib/python3.12/site-packages/airflow/example_dags/tutorial.py
[2024-08-05T00:14:42.914+0000] {processor.py:830} INFO - Processing file /home/airflow/.local/lib/python3.12/site-packages/airflow/example_dags/tutorial.py for tasks to queue
[2024-08-05T00:14:42.916+0000] {logging_mixin.py:188} INFO - [2024-08-05T00:14:42.916+0000] {dagbag.py:545} INFO - Filling up the DagBag from /home/airflow/.local/lib/python3.12/site-packages/airflow/example_dags/tutorial.py
[2024-08-05T00:14:42.921+0000] {processor.py:840} INFO - DAG(s) 'tutorial' retrieved from /home/airflow/.local/lib/python3.12/site-packages/airflow/example_dags/tutorial.py
[2024-08-05T00:14:42.943+0000] {logging_mixin.py:188} INFO - [2024-08-05T00:14:42.942+0000] {dag.py:3089} INFO - Sync 1 DAGs
[2024-08-05T00:14:42.966+0000] {logging_mixin.py:188} INFO - [2024-08-05T00:14:42.966+0000] {dag.py:3947} INFO - Setting next_dagrun for tutorial to 2024-08-04 00:00:00+00:00, run_after=2024-08-05 00:00:00+00:00
[2024-08-05T00:14:42.984+0000] {processor.py:183} INFO - Processing /home/airflow/.local/lib/python3.12/site-packages/airflow/example_dags/tutorial.py took 0.075 seconds
[2024-08-05T00:15:13.107+0000] {processor.py:161} INFO - Started process (PID=23729) to work on /home/airflow/.local/lib/python3.12/site-packages/airflow/example_dags/tutorial.py
[2024-08-05T00:15:13.108+0000] {processor.py:830} INFO - Processing file /home/airflow/.local/lib/python3.12/site-packages/airflow/example_dags/tutorial.py for tasks to queue
[2024-08-05T00:15:13.109+0000] {logging_mixin.py:188} INFO - [2024-08-05T00:15:13.109+0000] {dagbag.py:545} INFO - Filling up the DagBag from /home/airflow/.local/lib/python3.12/site-packages/airflow/example_dags/tutorial.py
[2024-08-05T00:15:13.114+0000] {processor.py:840} INFO - DAG(s) 'tutorial' retrieved from /home/airflow/.local/lib/python3.12/site-packages/airflow/example_dags/tutorial.py
[2024-08-05T00:15:13.135+0000] {logging_mixin.py:188} INFO - [2024-08-05T00:15:13.135+0000] {dag.py:3089} INFO - Sync 1 DAGs
[2024-08-05T00:15:13.155+0000] {logging_mixin.py:188} INFO - [2024-08-05T00:15:13.155+0000] {dag.py:3947} INFO - Setting next_dagrun for tutorial to 2024-08-04 00:00:00+00:00, run_after=2024-08-05 00:00:00+00:00
[2024-08-05T00:15:13.172+0000] {processor.py:183} INFO - Processing /home/airflow/.local/lib/python3.12/site-packages/airflow/example_dags/tutorial.py took 0.070 seconds
[2024-08-05T00:15:43.353+0000] {processor.py:161} INFO - Started process (PID=24001) to work on /home/airflow/.local/lib/python3.12/site-packages/airflow/example_dags/tutorial.py
[2024-08-05T00:15:43.354+0000] {processor.py:830} INFO - Processing file /home/airflow/.local/lib/python3.12/site-packages/airflow/example_dags/tutorial.py for tasks to queue
[2024-08-05T00:15:43.355+0000] {logging_mixin.py:188} INFO - [2024-08-05T00:15:43.355+0000] {dagbag.py:545} INFO - Filling up the DagBag from /home/airflow/.local/lib/python3.12/site-packages/airflow/example_dags/tutorial.py
[2024-08-05T00:15:43.360+0000] {processor.py:840} INFO - DAG(s) 'tutorial' retrieved from /home/airflow/.local/lib/python3.12/site-packages/airflow/example_dags/tutorial.py
[2024-08-05T00:15:43.380+0000] {logging_mixin.py:188} INFO - [2024-08-05T00:15:43.380+0000] {dag.py:3089} INFO - Sync 1 DAGs
[2024-08-05T00:15:43.397+0000] {logging_mixin.py:188} INFO - [2024-08-05T00:15:43.396+0000] {dag.py:3947} INFO - Setting next_dagrun for tutorial to 2024-08-04 00:00:00+00:00, run_after=2024-08-05 00:00:00+00:00
[2024-08-05T00:15:43.415+0000] {processor.py:183} INFO - Processing /home/airflow/.local/lib/python3.12/site-packages/airflow/example_dags/tutorial.py took 0.068 seconds
[2024-08-05T00:16:13.916+0000] {processor.py:161} INFO - Started process (PID=24273) to work on /home/airflow/.local/lib/python3.12/site-packages/airflow/example_dags/tutorial.py
[2024-08-05T00:16:13.917+0000] {processor.py:830} INFO - Processing file /home/airflow/.local/lib/python3.12/site-packages/airflow/example_dags/tutorial.py for tasks to queue
[2024-08-05T00:16:13.919+0000] {logging_mixin.py:188} INFO - [2024-08-05T00:16:13.919+0000] {dagbag.py:545} INFO - Filling up the DagBag from /home/airflow/.local/lib/python3.12/site-packages/airflow/example_dags/tutorial.py
[2024-08-05T00:16:13.925+0000] {processor.py:840} INFO - DAG(s) 'tutorial' retrieved from /home/airflow/.local/lib/python3.12/site-packages/airflow/example_dags/tutorial.py
[2024-08-05T00:16:13.944+0000] {logging_mixin.py:188} INFO - [2024-08-05T00:16:13.943+0000] {dag.py:3089} INFO - Sync 1 DAGs
[2024-08-05T00:16:13.964+0000] {logging_mixin.py:188} INFO - [2024-08-05T00:16:13.964+0000] {dag.py:3947} INFO - Setting next_dagrun for tutorial to 2024-08-04 00:00:00+00:00, run_after=2024-08-05 00:00:00+00:00
[2024-08-05T00:16:13.980+0000] {processor.py:183} INFO - Processing /home/airflow/.local/lib/python3.12/site-packages/airflow/example_dags/tutorial.py took 0.070 seconds
[2024-08-05T00:16:44.211+0000] {processor.py:161} INFO - Started process (PID=24545) to work on /home/airflow/.local/lib/python3.12/site-packages/airflow/example_dags/tutorial.py
[2024-08-05T00:16:44.212+0000] {processor.py:830} INFO - Processing file /home/airflow/.local/lib/python3.12/site-packages/airflow/example_dags/tutorial.py for tasks to queue
[2024-08-05T00:16:44.213+0000] {logging_mixin.py:188} INFO - [2024-08-05T00:16:44.213+0000] {dagbag.py:545} INFO - Filling up the DagBag from /home/airflow/.local/lib/python3.12/site-packages/airflow/example_dags/tutorial.py
[2024-08-05T00:16:44.219+0000] {processor.py:840} INFO - DAG(s) 'tutorial' retrieved from /home/airflow/.local/lib/python3.12/site-packages/airflow/example_dags/tutorial.py
[2024-08-05T00:16:44.239+0000] {logging_mixin.py:188} INFO - [2024-08-05T00:16:44.239+0000] {dag.py:3089} INFO - Sync 1 DAGs
[2024-08-05T00:16:44.259+0000] {logging_mixin.py:188} INFO - [2024-08-05T00:16:44.259+0000] {dag.py:3947} INFO - Setting next_dagrun for tutorial to 2024-08-04 00:00:00+00:00, run_after=2024-08-05 00:00:00+00:00
[2024-08-05T00:16:44.276+0000] {processor.py:183} INFO - Processing /home/airflow/.local/lib/python3.12/site-packages/airflow/example_dags/tutorial.py took 0.070 seconds
[2024-08-05T00:17:14.550+0000] {processor.py:161} INFO - Started process (PID=24817) to work on /home/airflow/.local/lib/python3.12/site-packages/airflow/example_dags/tutorial.py
[2024-08-05T00:17:14.551+0000] {processor.py:830} INFO - Processing file /home/airflow/.local/lib/python3.12/site-packages/airflow/example_dags/tutorial.py for tasks to queue
[2024-08-05T00:17:14.553+0000] {logging_mixin.py:188} INFO - [2024-08-05T00:17:14.552+0000] {dagbag.py:545} INFO - Filling up the DagBag from /home/airflow/.local/lib/python3.12/site-packages/airflow/example_dags/tutorial.py
[2024-08-05T00:17:14.557+0000] {processor.py:840} INFO - DAG(s) 'tutorial' retrieved from /home/airflow/.local/lib/python3.12/site-packages/airflow/example_dags/tutorial.py
[2024-08-05T00:17:14.576+0000] {logging_mixin.py:188} INFO - [2024-08-05T00:17:14.576+0000] {dag.py:3089} INFO - Sync 1 DAGs
[2024-08-05T00:17:14.596+0000] {logging_mixin.py:188} INFO - [2024-08-05T00:17:14.596+0000] {dag.py:3947} INFO - Setting next_dagrun for tutorial to 2024-08-04 00:00:00+00:00, run_after=2024-08-05 00:00:00+00:00
[2024-08-05T00:17:14.613+0000] {processor.py:183} INFO - Processing /home/airflow/.local/lib/python3.12/site-packages/airflow/example_dags/tutorial.py took 0.068 seconds
[2024-08-05T00:17:44.884+0000] {processor.py:161} INFO - Started process (PID=25089) to work on /home/airflow/.local/lib/python3.12/site-packages/airflow/example_dags/tutorial.py
[2024-08-05T00:17:44.885+0000] {processor.py:830} INFO - Processing file /home/airflow/.local/lib/python3.12/site-packages/airflow/example_dags/tutorial.py for tasks to queue
[2024-08-05T00:17:44.886+0000] {logging_mixin.py:188} INFO - [2024-08-05T00:17:44.886+0000] {dagbag.py:545} INFO - Filling up the DagBag from /home/airflow/.local/lib/python3.12/site-packages/airflow/example_dags/tutorial.py
[2024-08-05T00:17:44.891+0000] {processor.py:840} INFO - DAG(s) 'tutorial' retrieved from /home/airflow/.local/lib/python3.12/site-packages/airflow/example_dags/tutorial.py
[2024-08-05T00:17:44.910+0000] {logging_mixin.py:188} INFO - [2024-08-05T00:17:44.910+0000] {dag.py:3089} INFO - Sync 1 DAGs
[2024-08-05T00:17:44.930+0000] {logging_mixin.py:188} INFO - [2024-08-05T00:17:44.929+0000] {dag.py:3947} INFO - Setting next_dagrun for tutorial to 2024-08-04 00:00:00+00:00, run_after=2024-08-05 00:00:00+00:00
[2024-08-05T00:17:44.946+0000] {processor.py:183} INFO - Processing /home/airflow/.local/lib/python3.12/site-packages/airflow/example_dags/tutorial.py took 0.068 seconds
[2024-08-05T00:18:15.183+0000] {processor.py:161} INFO - Started process (PID=25361) to work on /home/airflow/.local/lib/python3.12/site-packages/airflow/example_dags/tutorial.py
[2024-08-05T00:18:15.184+0000] {processor.py:830} INFO - Processing file /home/airflow/.local/lib/python3.12/site-packages/airflow/example_dags/tutorial.py for tasks to queue
[2024-08-05T00:18:15.186+0000] {logging_mixin.py:188} INFO - [2024-08-05T00:18:15.185+0000] {dagbag.py:545} INFO - Filling up the DagBag from /home/airflow/.local/lib/python3.12/site-packages/airflow/example_dags/tutorial.py
[2024-08-05T00:18:15.194+0000] {processor.py:840} INFO - DAG(s) 'tutorial' retrieved from /home/airflow/.local/lib/python3.12/site-packages/airflow/example_dags/tutorial.py
[2024-08-05T00:18:15.222+0000] {logging_mixin.py:188} INFO - [2024-08-05T00:18:15.222+0000] {dag.py:3089} INFO - Sync 1 DAGs
[2024-08-05T00:18:15.252+0000] {logging_mixin.py:188} INFO - [2024-08-05T00:18:15.251+0000] {dag.py:3947} INFO - Setting next_dagrun for tutorial to 2024-08-04 00:00:00+00:00, run_after=2024-08-05 00:00:00+00:00
[2024-08-05T00:18:15.273+0000] {processor.py:183} INFO - Processing /home/airflow/.local/lib/python3.12/site-packages/airflow/example_dags/tutorial.py took 0.096 seconds
[2024-08-05T00:18:45.322+0000] {processor.py:161} INFO - Started process (PID=25633) to work on /home/airflow/.local/lib/python3.12/site-packages/airflow/example_dags/tutorial.py
[2024-08-05T00:18:45.323+0000] {processor.py:830} INFO - Processing file /home/airflow/.local/lib/python3.12/site-packages/airflow/example_dags/tutorial.py for tasks to queue
[2024-08-05T00:18:45.324+0000] {logging_mixin.py:188} INFO - [2024-08-05T00:18:45.324+0000] {dagbag.py:545} INFO - Filling up the DagBag from /home/airflow/.local/lib/python3.12/site-packages/airflow/example_dags/tutorial.py
[2024-08-05T00:18:45.330+0000] {processor.py:840} INFO - DAG(s) 'tutorial' retrieved from /home/airflow/.local/lib/python3.12/site-packages/airflow/example_dags/tutorial.py
[2024-08-05T00:18:45.350+0000] {logging_mixin.py:188} INFO - [2024-08-05T00:18:45.350+0000] {dag.py:3089} INFO - Sync 1 DAGs
[2024-08-05T00:18:45.369+0000] {logging_mixin.py:188} INFO - [2024-08-05T00:18:45.369+0000] {dag.py:3947} INFO - Setting next_dagrun for tutorial to 2024-08-04 00:00:00+00:00, run_after=2024-08-05 00:00:00+00:00
[2024-08-05T00:18:45.386+0000] {processor.py:183} INFO - Processing /home/airflow/.local/lib/python3.12/site-packages/airflow/example_dags/tutorial.py took 0.069 seconds
[2024-08-05T00:19:15.551+0000] {processor.py:161} INFO - Started process (PID=25905) to work on /home/airflow/.local/lib/python3.12/site-packages/airflow/example_dags/tutorial.py
[2024-08-05T00:19:15.552+0000] {processor.py:830} INFO - Processing file /home/airflow/.local/lib/python3.12/site-packages/airflow/example_dags/tutorial.py for tasks to queue
[2024-08-05T00:19:15.553+0000] {logging_mixin.py:188} INFO - [2024-08-05T00:19:15.553+0000] {dagbag.py:545} INFO - Filling up the DagBag from /home/airflow/.local/lib/python3.12/site-packages/airflow/example_dags/tutorial.py
[2024-08-05T00:19:15.558+0000] {processor.py:840} INFO - DAG(s) 'tutorial' retrieved from /home/airflow/.local/lib/python3.12/site-packages/airflow/example_dags/tutorial.py
[2024-08-05T00:19:15.577+0000] {logging_mixin.py:188} INFO - [2024-08-05T00:19:15.577+0000] {dag.py:3089} INFO - Sync 1 DAGs
[2024-08-05T00:19:15.596+0000] {logging_mixin.py:188} INFO - [2024-08-05T00:19:15.596+0000] {dag.py:3947} INFO - Setting next_dagrun for tutorial to 2024-08-04 00:00:00+00:00, run_after=2024-08-05 00:00:00+00:00
[2024-08-05T00:19:15.612+0000] {processor.py:183} INFO - Processing /home/airflow/.local/lib/python3.12/site-packages/airflow/example_dags/tutorial.py took 0.066 seconds
[2024-08-05T00:19:45.828+0000] {processor.py:161} INFO - Started process (PID=26177) to work on /home/airflow/.local/lib/python3.12/site-packages/airflow/example_dags/tutorial.py
[2024-08-05T00:19:45.829+0000] {processor.py:830} INFO - Processing file /home/airflow/.local/lib/python3.12/site-packages/airflow/example_dags/tutorial.py for tasks to queue
[2024-08-05T00:19:45.831+0000] {logging_mixin.py:188} INFO - [2024-08-05T00:19:45.830+0000] {dagbag.py:545} INFO - Filling up the DagBag from /home/airflow/.local/lib/python3.12/site-packages/airflow/example_dags/tutorial.py
[2024-08-05T00:19:45.835+0000] {processor.py:840} INFO - DAG(s) 'tutorial' retrieved from /home/airflow/.local/lib/python3.12/site-packages/airflow/example_dags/tutorial.py
[2024-08-05T00:19:45.854+0000] {logging_mixin.py:188} INFO - [2024-08-05T00:19:45.854+0000] {dag.py:3089} INFO - Sync 1 DAGs
[2024-08-05T00:19:45.873+0000] {logging_mixin.py:188} INFO - [2024-08-05T00:19:45.873+0000] {dag.py:3947} INFO - Setting next_dagrun for tutorial to 2024-08-04 00:00:00+00:00, run_after=2024-08-05 00:00:00+00:00
[2024-08-05T00:19:45.889+0000] {processor.py:183} INFO - Processing /home/airflow/.local/lib/python3.12/site-packages/airflow/example_dags/tutorial.py took 0.066 seconds
[2024-08-05T00:20:16.065+0000] {processor.py:161} INFO - Started process (PID=26456) to work on /home/airflow/.local/lib/python3.12/site-packages/airflow/example_dags/tutorial.py
[2024-08-05T00:20:16.066+0000] {processor.py:830} INFO - Processing file /home/airflow/.local/lib/python3.12/site-packages/airflow/example_dags/tutorial.py for tasks to queue
[2024-08-05T00:20:16.067+0000] {logging_mixin.py:188} INFO - [2024-08-05T00:20:16.067+0000] {dagbag.py:545} INFO - Filling up the DagBag from /home/airflow/.local/lib/python3.12/site-packages/airflow/example_dags/tutorial.py
[2024-08-05T00:20:16.073+0000] {processor.py:840} INFO - DAG(s) 'tutorial' retrieved from /home/airflow/.local/lib/python3.12/site-packages/airflow/example_dags/tutorial.py
[2024-08-05T00:20:16.094+0000] {logging_mixin.py:188} INFO - [2024-08-05T00:20:16.093+0000] {dag.py:3089} INFO - Sync 1 DAGs
[2024-08-05T00:20:16.113+0000] {logging_mixin.py:188} INFO - [2024-08-05T00:20:16.113+0000] {dag.py:3947} INFO - Setting next_dagrun for tutorial to 2024-08-04 00:00:00+00:00, run_after=2024-08-05 00:00:00+00:00
[2024-08-05T00:20:16.130+0000] {processor.py:183} INFO - Processing /home/airflow/.local/lib/python3.12/site-packages/airflow/example_dags/tutorial.py took 0.070 seconds
[2024-08-05T00:20:46.601+0000] {processor.py:161} INFO - Started process (PID=26730) to work on /home/airflow/.local/lib/python3.12/site-packages/airflow/example_dags/tutorial.py
[2024-08-05T00:20:46.602+0000] {processor.py:830} INFO - Processing file /home/airflow/.local/lib/python3.12/site-packages/airflow/example_dags/tutorial.py for tasks to queue
[2024-08-05T00:20:46.604+0000] {logging_mixin.py:188} INFO - [2024-08-05T00:20:46.604+0000] {dagbag.py:545} INFO - Filling up the DagBag from /home/airflow/.local/lib/python3.12/site-packages/airflow/example_dags/tutorial.py
[2024-08-05T00:20:46.609+0000] {processor.py:840} INFO - DAG(s) 'tutorial' retrieved from /home/airflow/.local/lib/python3.12/site-packages/airflow/example_dags/tutorial.py
[2024-08-05T00:20:46.628+0000] {logging_mixin.py:188} INFO - [2024-08-05T00:20:46.628+0000] {dag.py:3089} INFO - Sync 1 DAGs
[2024-08-05T00:20:46.648+0000] {logging_mixin.py:188} INFO - [2024-08-05T00:20:46.648+0000] {dag.py:3947} INFO - Setting next_dagrun for tutorial to 2024-08-04 00:00:00+00:00, run_after=2024-08-05 00:00:00+00:00
[2024-08-05T00:20:46.663+0000] {processor.py:183} INFO - Processing /home/airflow/.local/lib/python3.12/site-packages/airflow/example_dags/tutorial.py took 0.067 seconds
[2024-08-05T00:21:17.109+0000] {processor.py:161} INFO - Started process (PID=27002) to work on /home/airflow/.local/lib/python3.12/site-packages/airflow/example_dags/tutorial.py
[2024-08-05T00:21:17.110+0000] {processor.py:830} INFO - Processing file /home/airflow/.local/lib/python3.12/site-packages/airflow/example_dags/tutorial.py for tasks to queue
[2024-08-05T00:21:17.111+0000] {logging_mixin.py:188} INFO - [2024-08-05T00:21:17.111+0000] {dagbag.py:545} INFO - Filling up the DagBag from /home/airflow/.local/lib/python3.12/site-packages/airflow/example_dags/tutorial.py
[2024-08-05T00:21:17.116+0000] {processor.py:840} INFO - DAG(s) 'tutorial' retrieved from /home/airflow/.local/lib/python3.12/site-packages/airflow/example_dags/tutorial.py
[2024-08-05T00:21:17.136+0000] {logging_mixin.py:188} INFO - [2024-08-05T00:21:17.135+0000] {dag.py:3089} INFO - Sync 1 DAGs
[2024-08-05T00:21:17.157+0000] {logging_mixin.py:188} INFO - [2024-08-05T00:21:17.157+0000] {dag.py:3947} INFO - Setting next_dagrun for tutorial to 2024-08-04 00:00:00+00:00, run_after=2024-08-05 00:00:00+00:00
[2024-08-05T00:21:17.174+0000] {processor.py:183} INFO - Processing /home/airflow/.local/lib/python3.12/site-packages/airflow/example_dags/tutorial.py took 0.070 seconds
[2024-08-05T00:21:47.387+0000] {processor.py:161} INFO - Started process (PID=27274) to work on /home/airflow/.local/lib/python3.12/site-packages/airflow/example_dags/tutorial.py
[2024-08-05T00:21:47.388+0000] {processor.py:830} INFO - Processing file /home/airflow/.local/lib/python3.12/site-packages/airflow/example_dags/tutorial.py for tasks to queue
[2024-08-05T00:21:47.390+0000] {logging_mixin.py:188} INFO - [2024-08-05T00:21:47.389+0000] {dagbag.py:545} INFO - Filling up the DagBag from /home/airflow/.local/lib/python3.12/site-packages/airflow/example_dags/tutorial.py
[2024-08-05T00:21:47.395+0000] {processor.py:840} INFO - DAG(s) 'tutorial' retrieved from /home/airflow/.local/lib/python3.12/site-packages/airflow/example_dags/tutorial.py
[2024-08-05T00:21:47.415+0000] {logging_mixin.py:188} INFO - [2024-08-05T00:21:47.414+0000] {dag.py:3089} INFO - Sync 1 DAGs
[2024-08-05T00:21:47.434+0000] {logging_mixin.py:188} INFO - [2024-08-05T00:21:47.434+0000] {dag.py:3947} INFO - Setting next_dagrun for tutorial to 2024-08-04 00:00:00+00:00, run_after=2024-08-05 00:00:00+00:00
[2024-08-05T00:21:47.452+0000] {processor.py:183} INFO - Processing /home/airflow/.local/lib/python3.12/site-packages/airflow/example_dags/tutorial.py took 0.071 seconds
[2024-08-05T00:22:17.668+0000] {processor.py:161} INFO - Started process (PID=27546) to work on /home/airflow/.local/lib/python3.12/site-packages/airflow/example_dags/tutorial.py
[2024-08-05T00:22:17.669+0000] {processor.py:830} INFO - Processing file /home/airflow/.local/lib/python3.12/site-packages/airflow/example_dags/tutorial.py for tasks to queue
[2024-08-05T00:22:17.671+0000] {logging_mixin.py:188} INFO - [2024-08-05T00:22:17.670+0000] {dagbag.py:545} INFO - Filling up the DagBag from /home/airflow/.local/lib/python3.12/site-packages/airflow/example_dags/tutorial.py
[2024-08-05T00:22:17.676+0000] {processor.py:840} INFO - DAG(s) 'tutorial' retrieved from /home/airflow/.local/lib/python3.12/site-packages/airflow/example_dags/tutorial.py
[2024-08-05T00:22:17.696+0000] {logging_mixin.py:188} INFO - [2024-08-05T00:22:17.696+0000] {dag.py:3089} INFO - Sync 1 DAGs
[2024-08-05T00:22:17.715+0000] {logging_mixin.py:188} INFO - [2024-08-05T00:22:17.715+0000] {dag.py:3947} INFO - Setting next_dagrun for tutorial to 2024-08-04 00:00:00+00:00, run_after=2024-08-05 00:00:00+00:00
[2024-08-05T00:22:17.732+0000] {processor.py:183} INFO - Processing /home/airflow/.local/lib/python3.12/site-packages/airflow/example_dags/tutorial.py took 0.070 seconds
[2024-08-05T00:22:48.187+0000] {processor.py:161} INFO - Started process (PID=27818) to work on /home/airflow/.local/lib/python3.12/site-packages/airflow/example_dags/tutorial.py
[2024-08-05T00:22:48.188+0000] {processor.py:830} INFO - Processing file /home/airflow/.local/lib/python3.12/site-packages/airflow/example_dags/tutorial.py for tasks to queue
[2024-08-05T00:22:48.190+0000] {logging_mixin.py:188} INFO - [2024-08-05T00:22:48.190+0000] {dagbag.py:545} INFO - Filling up the DagBag from /home/airflow/.local/lib/python3.12/site-packages/airflow/example_dags/tutorial.py
[2024-08-05T00:22:48.194+0000] {processor.py:840} INFO - DAG(s) 'tutorial' retrieved from /home/airflow/.local/lib/python3.12/site-packages/airflow/example_dags/tutorial.py
[2024-08-05T00:22:48.213+0000] {logging_mixin.py:188} INFO - [2024-08-05T00:22:48.212+0000] {dag.py:3089} INFO - Sync 1 DAGs
[2024-08-05T00:22:48.232+0000] {logging_mixin.py:188} INFO - [2024-08-05T00:22:48.232+0000] {dag.py:3947} INFO - Setting next_dagrun for tutorial to 2024-08-04 00:00:00+00:00, run_after=2024-08-05 00:00:00+00:00
[2024-08-05T00:22:48.248+0000] {processor.py:183} INFO - Processing /home/airflow/.local/lib/python3.12/site-packages/airflow/example_dags/tutorial.py took 0.066 seconds
[2024-08-05T00:23:18.767+0000] {processor.py:161} INFO - Started process (PID=28090) to work on /home/airflow/.local/lib/python3.12/site-packages/airflow/example_dags/tutorial.py
[2024-08-05T00:23:18.768+0000] {processor.py:830} INFO - Processing file /home/airflow/.local/lib/python3.12/site-packages/airflow/example_dags/tutorial.py for tasks to queue
[2024-08-05T00:23:18.770+0000] {logging_mixin.py:188} INFO - [2024-08-05T00:23:18.770+0000] {dagbag.py:545} INFO - Filling up the DagBag from /home/airflow/.local/lib/python3.12/site-packages/airflow/example_dags/tutorial.py
[2024-08-05T00:23:18.775+0000] {processor.py:840} INFO - DAG(s) 'tutorial' retrieved from /home/airflow/.local/lib/python3.12/site-packages/airflow/example_dags/tutorial.py
[2024-08-05T00:23:18.795+0000] {logging_mixin.py:188} INFO - [2024-08-05T00:23:18.795+0000] {dag.py:3089} INFO - Sync 1 DAGs
[2024-08-05T00:23:18.818+0000] {logging_mixin.py:188} INFO - [2024-08-05T00:23:18.817+0000] {dag.py:3947} INFO - Setting next_dagrun for tutorial to 2024-08-04 00:00:00+00:00, run_after=2024-08-05 00:00:00+00:00
[2024-08-05T00:23:18.836+0000] {processor.py:183} INFO - Processing /home/airflow/.local/lib/python3.12/site-packages/airflow/example_dags/tutorial.py took 0.074 seconds
[2024-08-05T00:23:49.251+0000] {processor.py:161} INFO - Started process (PID=28362) to work on /home/airflow/.local/lib/python3.12/site-packages/airflow/example_dags/tutorial.py
[2024-08-05T00:23:49.252+0000] {processor.py:830} INFO - Processing file /home/airflow/.local/lib/python3.12/site-packages/airflow/example_dags/tutorial.py for tasks to queue
[2024-08-05T00:23:49.253+0000] {logging_mixin.py:188} INFO - [2024-08-05T00:23:49.253+0000] {dagbag.py:545} INFO - Filling up the DagBag from /home/airflow/.local/lib/python3.12/site-packages/airflow/example_dags/tutorial.py
[2024-08-05T00:23:49.258+0000] {processor.py:840} INFO - DAG(s) 'tutorial' retrieved from /home/airflow/.local/lib/python3.12/site-packages/airflow/example_dags/tutorial.py
[2024-08-05T00:23:49.277+0000] {logging_mixin.py:188} INFO - [2024-08-05T00:23:49.277+0000] {dag.py:3089} INFO - Sync 1 DAGs
[2024-08-05T00:23:49.296+0000] {logging_mixin.py:188} INFO - [2024-08-05T00:23:49.296+0000] {dag.py:3947} INFO - Setting next_dagrun for tutorial to 2024-08-04 00:00:00+00:00, run_after=2024-08-05 00:00:00+00:00
[2024-08-05T00:23:49.310+0000] {processor.py:183} INFO - Processing /home/airflow/.local/lib/python3.12/site-packages/airflow/example_dags/tutorial.py took 0.065 seconds
[2024-08-05T00:24:19.849+0000] {processor.py:161} INFO - Started process (PID=28634) to work on /home/airflow/.local/lib/python3.12/site-packages/airflow/example_dags/tutorial.py
[2024-08-05T00:24:19.850+0000] {processor.py:830} INFO - Processing file /home/airflow/.local/lib/python3.12/site-packages/airflow/example_dags/tutorial.py for tasks to queue
[2024-08-05T00:24:19.851+0000] {logging_mixin.py:188} INFO - [2024-08-05T00:24:19.851+0000] {dagbag.py:545} INFO - Filling up the DagBag from /home/airflow/.local/lib/python3.12/site-packages/airflow/example_dags/tutorial.py
[2024-08-05T00:24:19.954+0000] {processor.py:840} INFO - DAG(s) 'tutorial' retrieved from /home/airflow/.local/lib/python3.12/site-packages/airflow/example_dags/tutorial.py
[2024-08-05T00:24:19.968+0000] {logging_mixin.py:188} INFO - [2024-08-05T00:24:19.968+0000] {dag.py:3089} INFO - Sync 1 DAGs
[2024-08-05T00:24:19.982+0000] {logging_mixin.py:188} INFO - [2024-08-05T00:24:19.982+0000] {dag.py:3947} INFO - Setting next_dagrun for tutorial to 2024-08-04 00:00:00+00:00, run_after=2024-08-05 00:00:00+00:00
[2024-08-05T00:24:19.994+0000] {processor.py:183} INFO - Processing /home/airflow/.local/lib/python3.12/site-packages/airflow/example_dags/tutorial.py took 0.149 seconds
[2024-08-05T00:24:50.549+0000] {processor.py:161} INFO - Started process (PID=28906) to work on /home/airflow/.local/lib/python3.12/site-packages/airflow/example_dags/tutorial.py
[2024-08-05T00:24:50.550+0000] {processor.py:830} INFO - Processing file /home/airflow/.local/lib/python3.12/site-packages/airflow/example_dags/tutorial.py for tasks to queue
[2024-08-05T00:24:50.551+0000] {logging_mixin.py:188} INFO - [2024-08-05T00:24:50.551+0000] {dagbag.py:545} INFO - Filling up the DagBag from /home/airflow/.local/lib/python3.12/site-packages/airflow/example_dags/tutorial.py
[2024-08-05T00:24:50.555+0000] {processor.py:840} INFO - DAG(s) 'tutorial' retrieved from /home/airflow/.local/lib/python3.12/site-packages/airflow/example_dags/tutorial.py
[2024-08-05T00:24:50.571+0000] {logging_mixin.py:188} INFO - [2024-08-05T00:24:50.571+0000] {dag.py:3089} INFO - Sync 1 DAGs
[2024-08-05T00:24:50.587+0000] {logging_mixin.py:188} INFO - [2024-08-05T00:24:50.587+0000] {dag.py:3947} INFO - Setting next_dagrun for tutorial to 2024-08-04 00:00:00+00:00, run_after=2024-08-05 00:00:00+00:00
[2024-08-05T00:24:50.599+0000] {processor.py:183} INFO - Processing /home/airflow/.local/lib/python3.12/site-packages/airflow/example_dags/tutorial.py took 0.055 seconds
