[2024-08-05T00:00:26.889+0000] {processor.py:161} INFO - Started process (PID=15736) to work on /opt/airflow/dags/simple_dag.py
[2024-08-05T00:00:26.890+0000] {processor.py:830} INFO - Processing file /opt/airflow/dags/simple_dag.py for tasks to queue
[2024-08-05T00:00:26.892+0000] {logging_mixin.py:188} INFO - [2024-08-05T00:00:26.891+0000] {dagbag.py:545} INFO - Filling up the DagBag from /opt/airflow/dags/simple_dag.py
[2024-08-05T00:00:26.902+0000] {processor.py:840} INFO - DAG(s) 'simple_dag' retrieved from /opt/airflow/dags/simple_dag.py
[2024-08-05T00:00:26.994+0000] {logging_mixin.py:188} INFO - [2024-08-05T00:00:26.994+0000] {dag.py:3089} INFO - Sync 1 DAGs
[2024-08-05T00:00:27.012+0000] {logging_mixin.py:188} INFO - [2024-08-05T00:00:27.012+0000] {dag.py:3947} INFO - Setting next_dagrun for simple_dag to 2024-08-04 00:00:00+00:00, run_after=2024-08-05 00:00:00+00:00
[2024-08-05T00:00:27.028+0000] {processor.py:183} INFO - Processing /opt/airflow/dags/simple_dag.py took 0.144 seconds
[2024-08-05T00:00:57.680+0000] {processor.py:161} INFO - Started process (PID=16008) to work on /opt/airflow/dags/simple_dag.py
[2024-08-05T00:00:57.680+0000] {processor.py:830} INFO - Processing file /opt/airflow/dags/simple_dag.py for tasks to queue
[2024-08-05T00:00:57.682+0000] {logging_mixin.py:188} INFO - [2024-08-05T00:00:57.682+0000] {dagbag.py:545} INFO - Filling up the DagBag from /opt/airflow/dags/simple_dag.py
[2024-08-05T00:00:57.692+0000] {processor.py:840} INFO - DAG(s) 'simple_dag' retrieved from /opt/airflow/dags/simple_dag.py
[2024-08-05T00:00:57.709+0000] {logging_mixin.py:188} INFO - [2024-08-05T00:00:57.709+0000] {dag.py:3089} INFO - Sync 1 DAGs
[2024-08-05T00:00:57.728+0000] {logging_mixin.py:188} INFO - [2024-08-05T00:00:57.727+0000] {dag.py:3947} INFO - Setting next_dagrun for simple_dag to 2024-08-04 00:00:00+00:00, run_after=2024-08-05 00:00:00+00:00
[2024-08-05T00:00:57.743+0000] {processor.py:183} INFO - Processing /opt/airflow/dags/simple_dag.py took 0.069 seconds
[2024-08-05T00:01:27.821+0000] {processor.py:161} INFO - Started process (PID=16280) to work on /opt/airflow/dags/simple_dag.py
[2024-08-05T00:01:27.822+0000] {processor.py:830} INFO - Processing file /opt/airflow/dags/simple_dag.py for tasks to queue
[2024-08-05T00:01:27.824+0000] {logging_mixin.py:188} INFO - [2024-08-05T00:01:27.823+0000] {dagbag.py:545} INFO - Filling up the DagBag from /opt/airflow/dags/simple_dag.py
[2024-08-05T00:01:27.835+0000] {processor.py:840} INFO - DAG(s) 'simple_dag' retrieved from /opt/airflow/dags/simple_dag.py
[2024-08-05T00:01:27.853+0000] {logging_mixin.py:188} INFO - [2024-08-05T00:01:27.853+0000] {dag.py:3089} INFO - Sync 1 DAGs
[2024-08-05T00:01:27.872+0000] {logging_mixin.py:188} INFO - [2024-08-05T00:01:27.872+0000] {dag.py:3947} INFO - Setting next_dagrun for simple_dag to 2024-08-04 00:00:00+00:00, run_after=2024-08-05 00:00:00+00:00
[2024-08-05T00:01:27.888+0000] {processor.py:183} INFO - Processing /opt/airflow/dags/simple_dag.py took 0.071 seconds
[2024-08-05T00:01:57.982+0000] {processor.py:161} INFO - Started process (PID=16552) to work on /opt/airflow/dags/simple_dag.py
[2024-08-05T00:01:57.982+0000] {processor.py:830} INFO - Processing file /opt/airflow/dags/simple_dag.py for tasks to queue
[2024-08-05T00:01:57.984+0000] {logging_mixin.py:188} INFO - [2024-08-05T00:01:57.984+0000] {dagbag.py:545} INFO - Filling up the DagBag from /opt/airflow/dags/simple_dag.py
[2024-08-05T00:01:57.996+0000] {processor.py:840} INFO - DAG(s) 'simple_dag' retrieved from /opt/airflow/dags/simple_dag.py
[2024-08-05T00:01:58.018+0000] {logging_mixin.py:188} INFO - [2024-08-05T00:01:58.017+0000] {dag.py:3089} INFO - Sync 1 DAGs
[2024-08-05T00:01:58.042+0000] {logging_mixin.py:188} INFO - [2024-08-05T00:01:58.042+0000] {dag.py:3947} INFO - Setting next_dagrun for simple_dag to 2024-08-04 00:00:00+00:00, run_after=2024-08-05 00:00:00+00:00
[2024-08-05T00:01:58.060+0000] {processor.py:183} INFO - Processing /opt/airflow/dags/simple_dag.py took 0.083 seconds
[2024-08-05T00:02:28.246+0000] {processor.py:161} INFO - Started process (PID=16824) to work on /opt/airflow/dags/simple_dag.py
[2024-08-05T00:02:28.247+0000] {processor.py:830} INFO - Processing file /opt/airflow/dags/simple_dag.py for tasks to queue
[2024-08-05T00:02:28.248+0000] {logging_mixin.py:188} INFO - [2024-08-05T00:02:28.248+0000] {dagbag.py:545} INFO - Filling up the DagBag from /opt/airflow/dags/simple_dag.py
[2024-08-05T00:02:28.260+0000] {processor.py:840} INFO - DAG(s) 'simple_dag' retrieved from /opt/airflow/dags/simple_dag.py
[2024-08-05T00:02:28.277+0000] {logging_mixin.py:188} INFO - [2024-08-05T00:02:28.277+0000] {dag.py:3089} INFO - Sync 1 DAGs
[2024-08-05T00:02:28.294+0000] {logging_mixin.py:188} INFO - [2024-08-05T00:02:28.294+0000] {dag.py:3947} INFO - Setting next_dagrun for simple_dag to 2024-08-04 00:00:00+00:00, run_after=2024-08-05 00:00:00+00:00
[2024-08-05T00:02:28.309+0000] {processor.py:183} INFO - Processing /opt/airflow/dags/simple_dag.py took 0.067 seconds
[2024-08-05T00:02:58.516+0000] {processor.py:161} INFO - Started process (PID=17096) to work on /opt/airflow/dags/simple_dag.py
[2024-08-05T00:02:58.517+0000] {processor.py:830} INFO - Processing file /opt/airflow/dags/simple_dag.py for tasks to queue
[2024-08-05T00:02:58.518+0000] {logging_mixin.py:188} INFO - [2024-08-05T00:02:58.518+0000] {dagbag.py:545} INFO - Filling up the DagBag from /opt/airflow/dags/simple_dag.py
[2024-08-05T00:02:58.529+0000] {processor.py:840} INFO - DAG(s) 'simple_dag' retrieved from /opt/airflow/dags/simple_dag.py
[2024-08-05T00:02:58.546+0000] {logging_mixin.py:188} INFO - [2024-08-05T00:02:58.546+0000] {dag.py:3089} INFO - Sync 1 DAGs
[2024-08-05T00:02:58.564+0000] {logging_mixin.py:188} INFO - [2024-08-05T00:02:58.564+0000] {dag.py:3947} INFO - Setting next_dagrun for simple_dag to 2024-08-04 00:00:00+00:00, run_after=2024-08-05 00:00:00+00:00
[2024-08-05T00:02:58.581+0000] {processor.py:183} INFO - Processing /opt/airflow/dags/simple_dag.py took 0.069 seconds
[2024-08-05T00:03:28.915+0000] {processor.py:161} INFO - Started process (PID=17368) to work on /opt/airflow/dags/simple_dag.py
[2024-08-05T00:03:28.916+0000] {processor.py:830} INFO - Processing file /opt/airflow/dags/simple_dag.py for tasks to queue
[2024-08-05T00:03:28.918+0000] {logging_mixin.py:188} INFO - [2024-08-05T00:03:28.918+0000] {dagbag.py:545} INFO - Filling up the DagBag from /opt/airflow/dags/simple_dag.py
[2024-08-05T00:03:28.928+0000] {processor.py:840} INFO - DAG(s) 'simple_dag' retrieved from /opt/airflow/dags/simple_dag.py
[2024-08-05T00:03:28.946+0000] {logging_mixin.py:188} INFO - [2024-08-05T00:03:28.945+0000] {dag.py:3089} INFO - Sync 1 DAGs
[2024-08-05T00:03:28.962+0000] {logging_mixin.py:188} INFO - [2024-08-05T00:03:28.962+0000] {dag.py:3947} INFO - Setting next_dagrun for simple_dag to 2024-08-04 00:00:00+00:00, run_after=2024-08-05 00:00:00+00:00
[2024-08-05T00:03:28.978+0000] {processor.py:183} INFO - Processing /opt/airflow/dags/simple_dag.py took 0.068 seconds
[2024-08-05T00:03:59.673+0000] {processor.py:161} INFO - Started process (PID=17634) to work on /opt/airflow/dags/simple_dag.py
[2024-08-05T00:03:59.674+0000] {processor.py:830} INFO - Processing file /opt/airflow/dags/simple_dag.py for tasks to queue
[2024-08-05T00:03:59.675+0000] {logging_mixin.py:188} INFO - [2024-08-05T00:03:59.675+0000] {dagbag.py:545} INFO - Filling up the DagBag from /opt/airflow/dags/simple_dag.py
[2024-08-05T00:03:59.686+0000] {processor.py:840} INFO - DAG(s) 'simple_dag' retrieved from /opt/airflow/dags/simple_dag.py
[2024-08-05T00:03:59.704+0000] {logging_mixin.py:188} INFO - [2024-08-05T00:03:59.704+0000] {dag.py:3089} INFO - Sync 1 DAGs
[2024-08-05T00:03:59.724+0000] {logging_mixin.py:188} INFO - [2024-08-05T00:03:59.724+0000] {dag.py:3947} INFO - Setting next_dagrun for simple_dag to 2024-08-04 00:00:00+00:00, run_after=2024-08-05 00:00:00+00:00
[2024-08-05T00:03:59.740+0000] {processor.py:183} INFO - Processing /opt/airflow/dags/simple_dag.py took 0.072 seconds
[2024-08-05T00:04:29.986+0000] {processor.py:161} INFO - Started process (PID=17906) to work on /opt/airflow/dags/simple_dag.py
[2024-08-05T00:04:29.987+0000] {processor.py:830} INFO - Processing file /opt/airflow/dags/simple_dag.py for tasks to queue
[2024-08-05T00:04:29.988+0000] {logging_mixin.py:188} INFO - [2024-08-05T00:04:29.988+0000] {dagbag.py:545} INFO - Filling up the DagBag from /opt/airflow/dags/simple_dag.py
[2024-08-05T00:04:30.000+0000] {processor.py:840} INFO - DAG(s) 'simple_dag' retrieved from /opt/airflow/dags/simple_dag.py
[2024-08-05T00:04:30.019+0000] {logging_mixin.py:188} INFO - [2024-08-05T00:04:30.018+0000] {dag.py:3089} INFO - Sync 1 DAGs
[2024-08-05T00:04:30.038+0000] {logging_mixin.py:188} INFO - [2024-08-05T00:04:30.038+0000] {dag.py:3947} INFO - Setting next_dagrun for simple_dag to 2024-08-04 00:00:00+00:00, run_after=2024-08-05 00:00:00+00:00
[2024-08-05T00:04:30.055+0000] {processor.py:183} INFO - Processing /opt/airflow/dags/simple_dag.py took 0.075 seconds
[2024-08-05T00:05:00.267+0000] {processor.py:161} INFO - Started process (PID=18178) to work on /opt/airflow/dags/simple_dag.py
[2024-08-05T00:05:00.268+0000] {processor.py:830} INFO - Processing file /opt/airflow/dags/simple_dag.py for tasks to queue
[2024-08-05T00:05:00.269+0000] {logging_mixin.py:188} INFO - [2024-08-05T00:05:00.269+0000] {dagbag.py:545} INFO - Filling up the DagBag from /opt/airflow/dags/simple_dag.py
[2024-08-05T00:05:00.280+0000] {processor.py:840} INFO - DAG(s) 'simple_dag' retrieved from /opt/airflow/dags/simple_dag.py
[2024-08-05T00:05:00.301+0000] {logging_mixin.py:188} INFO - [2024-08-05T00:05:00.300+0000] {dag.py:3089} INFO - Sync 1 DAGs
[2024-08-05T00:05:00.322+0000] {logging_mixin.py:188} INFO - [2024-08-05T00:05:00.322+0000] {dag.py:3947} INFO - Setting next_dagrun for simple_dag to 2024-08-04 00:00:00+00:00, run_after=2024-08-05 00:00:00+00:00
[2024-08-05T00:05:00.340+0000] {processor.py:183} INFO - Processing /opt/airflow/dags/simple_dag.py took 0.080 seconds
[2024-08-05T00:05:30.494+0000] {processor.py:161} INFO - Started process (PID=18450) to work on /opt/airflow/dags/simple_dag.py
[2024-08-05T00:05:30.495+0000] {processor.py:830} INFO - Processing file /opt/airflow/dags/simple_dag.py for tasks to queue
[2024-08-05T00:05:30.496+0000] {logging_mixin.py:188} INFO - [2024-08-05T00:05:30.496+0000] {dagbag.py:545} INFO - Filling up the DagBag from /opt/airflow/dags/simple_dag.py
[2024-08-05T00:05:30.508+0000] {processor.py:840} INFO - DAG(s) 'simple_dag' retrieved from /opt/airflow/dags/simple_dag.py
[2024-08-05T00:05:30.526+0000] {logging_mixin.py:188} INFO - [2024-08-05T00:05:30.526+0000] {dag.py:3089} INFO - Sync 1 DAGs
[2024-08-05T00:05:30.545+0000] {logging_mixin.py:188} INFO - [2024-08-05T00:05:30.544+0000] {dag.py:3947} INFO - Setting next_dagrun for simple_dag to 2024-08-04 00:00:00+00:00, run_after=2024-08-05 00:00:00+00:00
[2024-08-05T00:05:30.564+0000] {processor.py:183} INFO - Processing /opt/airflow/dags/simple_dag.py took 0.075 seconds
[2024-08-05T00:06:00.820+0000] {processor.py:161} INFO - Started process (PID=18722) to work on /opt/airflow/dags/simple_dag.py
[2024-08-05T00:06:00.821+0000] {processor.py:830} INFO - Processing file /opt/airflow/dags/simple_dag.py for tasks to queue
[2024-08-05T00:06:00.822+0000] {logging_mixin.py:188} INFO - [2024-08-05T00:06:00.822+0000] {dagbag.py:545} INFO - Filling up the DagBag from /opt/airflow/dags/simple_dag.py
[2024-08-05T00:06:00.834+0000] {processor.py:840} INFO - DAG(s) 'simple_dag' retrieved from /opt/airflow/dags/simple_dag.py
[2024-08-05T00:06:00.852+0000] {logging_mixin.py:188} INFO - [2024-08-05T00:06:00.852+0000] {dag.py:3089} INFO - Sync 1 DAGs
[2024-08-05T00:06:00.871+0000] {logging_mixin.py:188} INFO - [2024-08-05T00:06:00.871+0000] {dag.py:3947} INFO - Setting next_dagrun for simple_dag to 2024-08-04 00:00:00+00:00, run_after=2024-08-05 00:00:00+00:00
[2024-08-05T00:06:00.888+0000] {processor.py:183} INFO - Processing /opt/airflow/dags/simple_dag.py took 0.074 seconds
[2024-08-05T00:06:31.006+0000] {processor.py:161} INFO - Started process (PID=18994) to work on /opt/airflow/dags/simple_dag.py
[2024-08-05T00:06:31.007+0000] {processor.py:830} INFO - Processing file /opt/airflow/dags/simple_dag.py for tasks to queue
[2024-08-05T00:06:31.008+0000] {logging_mixin.py:188} INFO - [2024-08-05T00:06:31.008+0000] {dagbag.py:545} INFO - Filling up the DagBag from /opt/airflow/dags/simple_dag.py
[2024-08-05T00:06:31.020+0000] {processor.py:840} INFO - DAG(s) 'simple_dag' retrieved from /opt/airflow/dags/simple_dag.py
[2024-08-05T00:06:31.038+0000] {logging_mixin.py:188} INFO - [2024-08-05T00:06:31.038+0000] {dag.py:3089} INFO - Sync 1 DAGs
[2024-08-05T00:06:31.059+0000] {logging_mixin.py:188} INFO - [2024-08-05T00:06:31.058+0000] {dag.py:3947} INFO - Setting next_dagrun for simple_dag to 2024-08-04 00:00:00+00:00, run_after=2024-08-05 00:00:00+00:00
[2024-08-05T00:06:31.076+0000] {processor.py:183} INFO - Processing /opt/airflow/dags/simple_dag.py took 0.075 seconds
[2024-08-05T00:07:02.024+0000] {processor.py:161} INFO - Started process (PID=19266) to work on /opt/airflow/dags/simple_dag.py
[2024-08-05T00:07:02.025+0000] {processor.py:830} INFO - Processing file /opt/airflow/dags/simple_dag.py for tasks to queue
[2024-08-05T00:07:02.027+0000] {logging_mixin.py:188} INFO - [2024-08-05T00:07:02.026+0000] {dagbag.py:545} INFO - Filling up the DagBag from /opt/airflow/dags/simple_dag.py
[2024-08-05T00:07:02.038+0000] {processor.py:840} INFO - DAG(s) 'simple_dag' retrieved from /opt/airflow/dags/simple_dag.py
[2024-08-05T00:07:02.053+0000] {logging_mixin.py:188} INFO - [2024-08-05T00:07:02.053+0000] {dag.py:3089} INFO - Sync 1 DAGs
[2024-08-05T00:07:02.073+0000] {logging_mixin.py:188} INFO - [2024-08-05T00:07:02.073+0000] {dag.py:3947} INFO - Setting next_dagrun for simple_dag to 2024-08-04 00:00:00+00:00, run_after=2024-08-05 00:00:00+00:00
[2024-08-05T00:07:02.092+0000] {processor.py:183} INFO - Processing /opt/airflow/dags/simple_dag.py took 0.074 seconds
[2024-08-05T00:07:32.383+0000] {processor.py:161} INFO - Started process (PID=19538) to work on /opt/airflow/dags/simple_dag.py
[2024-08-05T00:07:32.384+0000] {processor.py:830} INFO - Processing file /opt/airflow/dags/simple_dag.py for tasks to queue
[2024-08-05T00:07:32.386+0000] {logging_mixin.py:188} INFO - [2024-08-05T00:07:32.385+0000] {dagbag.py:545} INFO - Filling up the DagBag from /opt/airflow/dags/simple_dag.py
[2024-08-05T00:07:32.397+0000] {processor.py:840} INFO - DAG(s) 'simple_dag' retrieved from /opt/airflow/dags/simple_dag.py
[2024-08-05T00:07:32.415+0000] {logging_mixin.py:188} INFO - [2024-08-05T00:07:32.415+0000] {dag.py:3089} INFO - Sync 1 DAGs
[2024-08-05T00:07:32.434+0000] {logging_mixin.py:188} INFO - [2024-08-05T00:07:32.434+0000] {dag.py:3947} INFO - Setting next_dagrun for simple_dag to 2024-08-04 00:00:00+00:00, run_after=2024-08-05 00:00:00+00:00
[2024-08-05T00:07:32.452+0000] {processor.py:183} INFO - Processing /opt/airflow/dags/simple_dag.py took 0.073 seconds
[2024-08-05T00:08:02.591+0000] {processor.py:161} INFO - Started process (PID=19810) to work on /opt/airflow/dags/simple_dag.py
[2024-08-05T00:08:02.592+0000] {processor.py:830} INFO - Processing file /opt/airflow/dags/simple_dag.py for tasks to queue
[2024-08-05T00:08:02.594+0000] {logging_mixin.py:188} INFO - [2024-08-05T00:08:02.594+0000] {dagbag.py:545} INFO - Filling up the DagBag from /opt/airflow/dags/simple_dag.py
[2024-08-05T00:08:02.605+0000] {processor.py:840} INFO - DAG(s) 'simple_dag' retrieved from /opt/airflow/dags/simple_dag.py
[2024-08-05T00:08:02.622+0000] {logging_mixin.py:188} INFO - [2024-08-05T00:08:02.622+0000] {dag.py:3089} INFO - Sync 1 DAGs
[2024-08-05T00:08:02.640+0000] {logging_mixin.py:188} INFO - [2024-08-05T00:08:02.640+0000] {dag.py:3947} INFO - Setting next_dagrun for simple_dag to 2024-08-04 00:00:00+00:00, run_after=2024-08-05 00:00:00+00:00
[2024-08-05T00:08:02.657+0000] {processor.py:183} INFO - Processing /opt/airflow/dags/simple_dag.py took 0.070 seconds
[2024-08-05T00:08:32.900+0000] {processor.py:161} INFO - Started process (PID=20082) to work on /opt/airflow/dags/simple_dag.py
[2024-08-05T00:08:32.900+0000] {processor.py:830} INFO - Processing file /opt/airflow/dags/simple_dag.py for tasks to queue
[2024-08-05T00:08:32.902+0000] {logging_mixin.py:188} INFO - [2024-08-05T00:08:32.902+0000] {dagbag.py:545} INFO - Filling up the DagBag from /opt/airflow/dags/simple_dag.py
[2024-08-05T00:08:32.914+0000] {processor.py:840} INFO - DAG(s) 'simple_dag' retrieved from /opt/airflow/dags/simple_dag.py
[2024-08-05T00:08:32.933+0000] {logging_mixin.py:188} INFO - [2024-08-05T00:08:32.932+0000] {dag.py:3089} INFO - Sync 1 DAGs
[2024-08-05T00:08:32.952+0000] {logging_mixin.py:188} INFO - [2024-08-05T00:08:32.952+0000] {dag.py:3947} INFO - Setting next_dagrun for simple_dag to 2024-08-04 00:00:00+00:00, run_after=2024-08-05 00:00:00+00:00
[2024-08-05T00:08:32.969+0000] {processor.py:183} INFO - Processing /opt/airflow/dags/simple_dag.py took 0.075 seconds
[2024-08-05T00:09:03.251+0000] {processor.py:161} INFO - Started process (PID=20354) to work on /opt/airflow/dags/simple_dag.py
[2024-08-05T00:09:03.252+0000] {processor.py:830} INFO - Processing file /opt/airflow/dags/simple_dag.py for tasks to queue
[2024-08-05T00:09:03.253+0000] {logging_mixin.py:188} INFO - [2024-08-05T00:09:03.253+0000] {dagbag.py:545} INFO - Filling up the DagBag from /opt/airflow/dags/simple_dag.py
[2024-08-05T00:09:03.264+0000] {processor.py:840} INFO - DAG(s) 'simple_dag' retrieved from /opt/airflow/dags/simple_dag.py
[2024-08-05T00:09:03.279+0000] {logging_mixin.py:188} INFO - [2024-08-05T00:09:03.279+0000] {dag.py:3089} INFO - Sync 1 DAGs
[2024-08-05T00:09:03.297+0000] {logging_mixin.py:188} INFO - [2024-08-05T00:09:03.297+0000] {dag.py:3947} INFO - Setting next_dagrun for simple_dag to 2024-08-04 00:00:00+00:00, run_after=2024-08-05 00:00:00+00:00
[2024-08-05T00:09:03.315+0000] {processor.py:183} INFO - Processing /opt/airflow/dags/simple_dag.py took 0.068 seconds
[2024-08-05T00:09:34.012+0000] {processor.py:161} INFO - Started process (PID=20626) to work on /opt/airflow/dags/simple_dag.py
[2024-08-05T00:09:34.013+0000] {processor.py:830} INFO - Processing file /opt/airflow/dags/simple_dag.py for tasks to queue
[2024-08-05T00:09:34.014+0000] {logging_mixin.py:188} INFO - [2024-08-05T00:09:34.014+0000] {dagbag.py:545} INFO - Filling up the DagBag from /opt/airflow/dags/simple_dag.py
[2024-08-05T00:09:34.024+0000] {processor.py:840} INFO - DAG(s) 'simple_dag' retrieved from /opt/airflow/dags/simple_dag.py
[2024-08-05T00:09:34.040+0000] {logging_mixin.py:188} INFO - [2024-08-05T00:09:34.040+0000] {dag.py:3089} INFO - Sync 1 DAGs
[2024-08-05T00:09:34.058+0000] {logging_mixin.py:188} INFO - [2024-08-05T00:09:34.058+0000] {dag.py:3947} INFO - Setting next_dagrun for simple_dag to 2024-08-04 00:00:00+00:00, run_after=2024-08-05 00:00:00+00:00
[2024-08-05T00:09:34.073+0000] {processor.py:183} INFO - Processing /opt/airflow/dags/simple_dag.py took 0.066 seconds
[2024-08-05T00:10:04.606+0000] {processor.py:161} INFO - Started process (PID=20904) to work on /opt/airflow/dags/simple_dag.py
[2024-08-05T00:10:04.606+0000] {processor.py:830} INFO - Processing file /opt/airflow/dags/simple_dag.py for tasks to queue
[2024-08-05T00:10:04.608+0000] {logging_mixin.py:188} INFO - [2024-08-05T00:10:04.608+0000] {dagbag.py:545} INFO - Filling up the DagBag from /opt/airflow/dags/simple_dag.py
[2024-08-05T00:10:04.618+0000] {processor.py:840} INFO - DAG(s) 'simple_dag' retrieved from /opt/airflow/dags/simple_dag.py
[2024-08-05T00:10:04.634+0000] {logging_mixin.py:188} INFO - [2024-08-05T00:10:04.634+0000] {dag.py:3089} INFO - Sync 1 DAGs
[2024-08-05T00:10:04.652+0000] {logging_mixin.py:188} INFO - [2024-08-05T00:10:04.652+0000] {dag.py:3947} INFO - Setting next_dagrun for simple_dag to 2024-08-04 00:00:00+00:00, run_after=2024-08-05 00:00:00+00:00
[2024-08-05T00:10:04.669+0000] {processor.py:183} INFO - Processing /opt/airflow/dags/simple_dag.py took 0.069 seconds
[2024-08-05T00:10:35.300+0000] {processor.py:161} INFO - Started process (PID=21179) to work on /opt/airflow/dags/simple_dag.py
[2024-08-05T00:10:35.301+0000] {processor.py:830} INFO - Processing file /opt/airflow/dags/simple_dag.py for tasks to queue
[2024-08-05T00:10:35.302+0000] {logging_mixin.py:188} INFO - [2024-08-05T00:10:35.302+0000] {dagbag.py:545} INFO - Filling up the DagBag from /opt/airflow/dags/simple_dag.py
[2024-08-05T00:10:35.315+0000] {processor.py:840} INFO - DAG(s) 'simple_dag' retrieved from /opt/airflow/dags/simple_dag.py
[2024-08-05T00:10:35.334+0000] {logging_mixin.py:188} INFO - [2024-08-05T00:10:35.334+0000] {dag.py:3089} INFO - Sync 1 DAGs
[2024-08-05T00:10:35.356+0000] {logging_mixin.py:188} INFO - [2024-08-05T00:10:35.355+0000] {dag.py:3947} INFO - Setting next_dagrun for simple_dag to 2024-08-04 00:00:00+00:00, run_after=2024-08-05 00:00:00+00:00
[2024-08-05T00:10:35.373+0000] {processor.py:183} INFO - Processing /opt/airflow/dags/simple_dag.py took 0.079 seconds
[2024-08-05T00:11:06.082+0000] {processor.py:161} INFO - Started process (PID=21451) to work on /opt/airflow/dags/simple_dag.py
[2024-08-05T00:11:06.083+0000] {processor.py:830} INFO - Processing file /opt/airflow/dags/simple_dag.py for tasks to queue
[2024-08-05T00:11:06.085+0000] {logging_mixin.py:188} INFO - [2024-08-05T00:11:06.084+0000] {dagbag.py:545} INFO - Filling up the DagBag from /opt/airflow/dags/simple_dag.py
[2024-08-05T00:11:06.096+0000] {processor.py:840} INFO - DAG(s) 'simple_dag' retrieved from /opt/airflow/dags/simple_dag.py
[2024-08-05T00:11:06.115+0000] {logging_mixin.py:188} INFO - [2024-08-05T00:11:06.114+0000] {dag.py:3089} INFO - Sync 1 DAGs
[2024-08-05T00:11:06.132+0000] {logging_mixin.py:188} INFO - [2024-08-05T00:11:06.132+0000] {dag.py:3947} INFO - Setting next_dagrun for simple_dag to 2024-08-04 00:00:00+00:00, run_after=2024-08-05 00:00:00+00:00
[2024-08-05T00:11:06.147+0000] {processor.py:183} INFO - Processing /opt/airflow/dags/simple_dag.py took 0.070 seconds
[2024-08-05T00:11:36.930+0000] {processor.py:161} INFO - Started process (PID=21723) to work on /opt/airflow/dags/simple_dag.py
[2024-08-05T00:11:36.932+0000] {processor.py:830} INFO - Processing file /opt/airflow/dags/simple_dag.py for tasks to queue
[2024-08-05T00:11:36.933+0000] {logging_mixin.py:188} INFO - [2024-08-05T00:11:36.933+0000] {dagbag.py:545} INFO - Filling up the DagBag from /opt/airflow/dags/simple_dag.py
[2024-08-05T00:11:36.945+0000] {processor.py:840} INFO - DAG(s) 'simple_dag' retrieved from /opt/airflow/dags/simple_dag.py
[2024-08-05T00:11:36.963+0000] {logging_mixin.py:188} INFO - [2024-08-05T00:11:36.963+0000] {dag.py:3089} INFO - Sync 1 DAGs
[2024-08-05T00:11:36.985+0000] {logging_mixin.py:188} INFO - [2024-08-05T00:11:36.985+0000] {dag.py:3947} INFO - Setting next_dagrun for simple_dag to 2024-08-04 00:00:00+00:00, run_after=2024-08-05 00:00:00+00:00
[2024-08-05T00:11:37.000+0000] {processor.py:183} INFO - Processing /opt/airflow/dags/simple_dag.py took 0.075 seconds
[2024-08-05T00:12:07.150+0000] {processor.py:161} INFO - Started process (PID=21995) to work on /opt/airflow/dags/simple_dag.py
[2024-08-05T00:12:07.151+0000] {processor.py:830} INFO - Processing file /opt/airflow/dags/simple_dag.py for tasks to queue
[2024-08-05T00:12:07.153+0000] {logging_mixin.py:188} INFO - [2024-08-05T00:12:07.153+0000] {dagbag.py:545} INFO - Filling up the DagBag from /opt/airflow/dags/simple_dag.py
[2024-08-05T00:12:07.164+0000] {processor.py:840} INFO - DAG(s) 'simple_dag' retrieved from /opt/airflow/dags/simple_dag.py
[2024-08-05T00:12:07.189+0000] {logging_mixin.py:188} INFO - [2024-08-05T00:12:07.189+0000] {dag.py:3089} INFO - Sync 1 DAGs
[2024-08-05T00:12:07.214+0000] {logging_mixin.py:188} INFO - [2024-08-05T00:12:07.214+0000] {dag.py:3947} INFO - Setting next_dagrun for simple_dag to 2024-08-04 00:00:00+00:00, run_after=2024-08-05 00:00:00+00:00
[2024-08-05T00:12:07.233+0000] {processor.py:183} INFO - Processing /opt/airflow/dags/simple_dag.py took 0.088 seconds
[2024-08-05T00:12:37.462+0000] {processor.py:161} INFO - Started process (PID=22267) to work on /opt/airflow/dags/simple_dag.py
[2024-08-05T00:12:37.463+0000] {processor.py:830} INFO - Processing file /opt/airflow/dags/simple_dag.py for tasks to queue
[2024-08-05T00:12:37.464+0000] {logging_mixin.py:188} INFO - [2024-08-05T00:12:37.464+0000] {dagbag.py:545} INFO - Filling up the DagBag from /opt/airflow/dags/simple_dag.py
[2024-08-05T00:12:37.476+0000] {processor.py:840} INFO - DAG(s) 'simple_dag' retrieved from /opt/airflow/dags/simple_dag.py
[2024-08-05T00:12:37.494+0000] {logging_mixin.py:188} INFO - [2024-08-05T00:12:37.494+0000] {dag.py:3089} INFO - Sync 1 DAGs
[2024-08-05T00:12:37.513+0000] {logging_mixin.py:188} INFO - [2024-08-05T00:12:37.513+0000] {dag.py:3947} INFO - Setting next_dagrun for simple_dag to 2024-08-04 00:00:00+00:00, run_after=2024-08-05 00:00:00+00:00
[2024-08-05T00:12:37.529+0000] {processor.py:183} INFO - Processing /opt/airflow/dags/simple_dag.py took 0.071 seconds
[2024-08-05T00:13:07.671+0000] {processor.py:161} INFO - Started process (PID=22539) to work on /opt/airflow/dags/simple_dag.py
[2024-08-05T00:13:07.672+0000] {processor.py:830} INFO - Processing file /opt/airflow/dags/simple_dag.py for tasks to queue
[2024-08-05T00:13:07.674+0000] {logging_mixin.py:188} INFO - [2024-08-05T00:13:07.673+0000] {dagbag.py:545} INFO - Filling up the DagBag from /opt/airflow/dags/simple_dag.py
[2024-08-05T00:13:07.685+0000] {processor.py:840} INFO - DAG(s) 'simple_dag' retrieved from /opt/airflow/dags/simple_dag.py
[2024-08-05T00:13:07.704+0000] {logging_mixin.py:188} INFO - [2024-08-05T00:13:07.703+0000] {dag.py:3089} INFO - Sync 1 DAGs
[2024-08-05T00:13:07.723+0000] {logging_mixin.py:188} INFO - [2024-08-05T00:13:07.723+0000] {dag.py:3947} INFO - Setting next_dagrun for simple_dag to 2024-08-04 00:00:00+00:00, run_after=2024-08-05 00:00:00+00:00
[2024-08-05T00:13:07.740+0000] {processor.py:183} INFO - Processing /opt/airflow/dags/simple_dag.py took 0.075 seconds
[2024-08-05T00:13:37.830+0000] {processor.py:161} INFO - Started process (PID=22811) to work on /opt/airflow/dags/simple_dag.py
[2024-08-05T00:13:37.831+0000] {processor.py:830} INFO - Processing file /opt/airflow/dags/simple_dag.py for tasks to queue
[2024-08-05T00:13:37.842+0000] {logging_mixin.py:188} INFO - [2024-08-05T00:13:37.842+0000] {dagbag.py:545} INFO - Filling up the DagBag from /opt/airflow/dags/simple_dag.py
[2024-08-05T00:13:37.862+0000] {processor.py:840} INFO - DAG(s) 'simple_dag' retrieved from /opt/airflow/dags/simple_dag.py
[2024-08-05T00:13:37.925+0000] {logging_mixin.py:188} INFO - [2024-08-05T00:13:37.924+0000] {dag.py:3089} INFO - Sync 1 DAGs
[2024-08-05T00:13:38.022+0000] {logging_mixin.py:188} INFO - [2024-08-05T00:13:38.022+0000] {dag.py:3947} INFO - Setting next_dagrun for simple_dag to 2024-08-04 00:00:00+00:00, run_after=2024-08-05 00:00:00+00:00
[2024-08-05T00:13:38.101+0000] {processor.py:183} INFO - Processing /opt/airflow/dags/simple_dag.py took 0.282 seconds
[2024-08-05T00:14:08.390+0000] {processor.py:161} INFO - Started process (PID=23083) to work on /opt/airflow/dags/simple_dag.py
[2024-08-05T00:14:08.391+0000] {processor.py:830} INFO - Processing file /opt/airflow/dags/simple_dag.py for tasks to queue
[2024-08-05T00:14:08.393+0000] {logging_mixin.py:188} INFO - [2024-08-05T00:14:08.392+0000] {dagbag.py:545} INFO - Filling up the DagBag from /opt/airflow/dags/simple_dag.py
[2024-08-05T00:14:08.406+0000] {processor.py:840} INFO - DAG(s) 'simple_dag' retrieved from /opt/airflow/dags/simple_dag.py
[2024-08-05T00:14:08.422+0000] {logging_mixin.py:188} INFO - [2024-08-05T00:14:08.422+0000] {dag.py:3089} INFO - Sync 1 DAGs
[2024-08-05T00:14:08.442+0000] {logging_mixin.py:188} INFO - [2024-08-05T00:14:08.442+0000] {dag.py:3947} INFO - Setting next_dagrun for simple_dag to 2024-08-04 00:00:00+00:00, run_after=2024-08-05 00:00:00+00:00
[2024-08-05T00:14:08.461+0000] {processor.py:183} INFO - Processing /opt/airflow/dags/simple_dag.py took 0.077 seconds
[2024-08-05T00:14:38.611+0000] {processor.py:161} INFO - Started process (PID=23355) to work on /opt/airflow/dags/simple_dag.py
[2024-08-05T00:14:38.611+0000] {processor.py:830} INFO - Processing file /opt/airflow/dags/simple_dag.py for tasks to queue
[2024-08-05T00:14:38.613+0000] {logging_mixin.py:188} INFO - [2024-08-05T00:14:38.613+0000] {dagbag.py:545} INFO - Filling up the DagBag from /opt/airflow/dags/simple_dag.py
[2024-08-05T00:14:38.625+0000] {processor.py:840} INFO - DAG(s) 'simple_dag' retrieved from /opt/airflow/dags/simple_dag.py
[2024-08-05T00:14:38.641+0000] {logging_mixin.py:188} INFO - [2024-08-05T00:14:38.641+0000] {dag.py:3089} INFO - Sync 1 DAGs
[2024-08-05T00:14:38.661+0000] {logging_mixin.py:188} INFO - [2024-08-05T00:14:38.661+0000] {dag.py:3947} INFO - Setting next_dagrun for simple_dag to 2024-08-04 00:00:00+00:00, run_after=2024-08-05 00:00:00+00:00
[2024-08-05T00:14:38.680+0000] {processor.py:183} INFO - Processing /opt/airflow/dags/simple_dag.py took 0.074 seconds
[2024-08-05T00:15:08.918+0000] {processor.py:161} INFO - Started process (PID=23627) to work on /opt/airflow/dags/simple_dag.py
[2024-08-05T00:15:08.919+0000] {processor.py:830} INFO - Processing file /opt/airflow/dags/simple_dag.py for tasks to queue
[2024-08-05T00:15:08.921+0000] {logging_mixin.py:188} INFO - [2024-08-05T00:15:08.921+0000] {dagbag.py:545} INFO - Filling up the DagBag from /opt/airflow/dags/simple_dag.py
[2024-08-05T00:15:08.932+0000] {processor.py:840} INFO - DAG(s) 'simple_dag' retrieved from /opt/airflow/dags/simple_dag.py
[2024-08-05T00:15:08.952+0000] {logging_mixin.py:188} INFO - [2024-08-05T00:15:08.952+0000] {dag.py:3089} INFO - Sync 1 DAGs
[2024-08-05T00:15:08.972+0000] {logging_mixin.py:188} INFO - [2024-08-05T00:15:08.972+0000] {dag.py:3947} INFO - Setting next_dagrun for simple_dag to 2024-08-04 00:00:00+00:00, run_after=2024-08-05 00:00:00+00:00
[2024-08-05T00:15:08.989+0000] {processor.py:183} INFO - Processing /opt/airflow/dags/simple_dag.py took 0.076 seconds
[2024-08-05T00:15:39.293+0000] {processor.py:161} INFO - Started process (PID=23899) to work on /opt/airflow/dags/simple_dag.py
[2024-08-05T00:15:39.294+0000] {processor.py:830} INFO - Processing file /opt/airflow/dags/simple_dag.py for tasks to queue
[2024-08-05T00:15:39.296+0000] {logging_mixin.py:188} INFO - [2024-08-05T00:15:39.296+0000] {dagbag.py:545} INFO - Filling up the DagBag from /opt/airflow/dags/simple_dag.py
[2024-08-05T00:15:39.308+0000] {processor.py:840} INFO - DAG(s) 'simple_dag' retrieved from /opt/airflow/dags/simple_dag.py
[2024-08-05T00:15:39.327+0000] {logging_mixin.py:188} INFO - [2024-08-05T00:15:39.326+0000] {dag.py:3089} INFO - Sync 1 DAGs
[2024-08-05T00:15:39.342+0000] {logging_mixin.py:188} INFO - [2024-08-05T00:15:39.342+0000] {dag.py:3947} INFO - Setting next_dagrun for simple_dag to 2024-08-04 00:00:00+00:00, run_after=2024-08-05 00:00:00+00:00
[2024-08-05T00:15:39.359+0000] {processor.py:183} INFO - Processing /opt/airflow/dags/simple_dag.py took 0.070 seconds
[2024-08-05T00:16:09.720+0000] {processor.py:161} INFO - Started process (PID=24171) to work on /opt/airflow/dags/simple_dag.py
[2024-08-05T00:16:09.721+0000] {processor.py:830} INFO - Processing file /opt/airflow/dags/simple_dag.py for tasks to queue
[2024-08-05T00:16:09.722+0000] {logging_mixin.py:188} INFO - [2024-08-05T00:16:09.722+0000] {dagbag.py:545} INFO - Filling up the DagBag from /opt/airflow/dags/simple_dag.py
[2024-08-05T00:16:09.734+0000] {processor.py:840} INFO - DAG(s) 'simple_dag' retrieved from /opt/airflow/dags/simple_dag.py
[2024-08-05T00:16:09.755+0000] {logging_mixin.py:188} INFO - [2024-08-05T00:16:09.754+0000] {dag.py:3089} INFO - Sync 1 DAGs
[2024-08-05T00:16:09.774+0000] {logging_mixin.py:188} INFO - [2024-08-05T00:16:09.774+0000] {dag.py:3947} INFO - Setting next_dagrun for simple_dag to 2024-08-04 00:00:00+00:00, run_after=2024-08-05 00:00:00+00:00
[2024-08-05T00:16:09.791+0000] {processor.py:183} INFO - Processing /opt/airflow/dags/simple_dag.py took 0.077 seconds
[2024-08-05T00:16:40.108+0000] {processor.py:161} INFO - Started process (PID=24443) to work on /opt/airflow/dags/simple_dag.py
[2024-08-05T00:16:40.109+0000] {processor.py:830} INFO - Processing file /opt/airflow/dags/simple_dag.py for tasks to queue
[2024-08-05T00:16:40.110+0000] {logging_mixin.py:188} INFO - [2024-08-05T00:16:40.110+0000] {dagbag.py:545} INFO - Filling up the DagBag from /opt/airflow/dags/simple_dag.py
[2024-08-05T00:16:40.122+0000] {processor.py:840} INFO - DAG(s) 'simple_dag' retrieved from /opt/airflow/dags/simple_dag.py
[2024-08-05T00:16:40.140+0000] {logging_mixin.py:188} INFO - [2024-08-05T00:16:40.140+0000] {dag.py:3089} INFO - Sync 1 DAGs
[2024-08-05T00:16:40.158+0000] {logging_mixin.py:188} INFO - [2024-08-05T00:16:40.158+0000] {dag.py:3947} INFO - Setting next_dagrun for simple_dag to 2024-08-04 00:00:00+00:00, run_after=2024-08-05 00:00:00+00:00
[2024-08-05T00:16:40.175+0000] {processor.py:183} INFO - Processing /opt/airflow/dags/simple_dag.py took 0.072 seconds
[2024-08-05T00:17:10.485+0000] {processor.py:161} INFO - Started process (PID=24715) to work on /opt/airflow/dags/simple_dag.py
[2024-08-05T00:17:10.486+0000] {processor.py:830} INFO - Processing file /opt/airflow/dags/simple_dag.py for tasks to queue
[2024-08-05T00:17:10.487+0000] {logging_mixin.py:188} INFO - [2024-08-05T00:17:10.487+0000] {dagbag.py:545} INFO - Filling up the DagBag from /opt/airflow/dags/simple_dag.py
[2024-08-05T00:17:10.500+0000] {processor.py:840} INFO - DAG(s) 'simple_dag' retrieved from /opt/airflow/dags/simple_dag.py
[2024-08-05T00:17:10.518+0000] {logging_mixin.py:188} INFO - [2024-08-05T00:17:10.518+0000] {dag.py:3089} INFO - Sync 1 DAGs
[2024-08-05T00:17:10.538+0000] {logging_mixin.py:188} INFO - [2024-08-05T00:17:10.537+0000] {dag.py:3947} INFO - Setting next_dagrun for simple_dag to 2024-08-04 00:00:00+00:00, run_after=2024-08-05 00:00:00+00:00
[2024-08-05T00:17:10.554+0000] {processor.py:183} INFO - Processing /opt/airflow/dags/simple_dag.py took 0.075 seconds
[2024-08-05T00:17:40.708+0000] {processor.py:161} INFO - Started process (PID=24987) to work on /opt/airflow/dags/simple_dag.py
[2024-08-05T00:17:40.709+0000] {processor.py:830} INFO - Processing file /opt/airflow/dags/simple_dag.py for tasks to queue
[2024-08-05T00:17:40.711+0000] {logging_mixin.py:188} INFO - [2024-08-05T00:17:40.710+0000] {dagbag.py:545} INFO - Filling up the DagBag from /opt/airflow/dags/simple_dag.py
[2024-08-05T00:17:40.721+0000] {processor.py:840} INFO - DAG(s) 'simple_dag' retrieved from /opt/airflow/dags/simple_dag.py
[2024-08-05T00:17:40.739+0000] {logging_mixin.py:188} INFO - [2024-08-05T00:17:40.739+0000] {dag.py:3089} INFO - Sync 1 DAGs
[2024-08-05T00:17:40.758+0000] {logging_mixin.py:188} INFO - [2024-08-05T00:17:40.758+0000] {dag.py:3947} INFO - Setting next_dagrun for simple_dag to 2024-08-04 00:00:00+00:00, run_after=2024-08-05 00:00:00+00:00
[2024-08-05T00:17:40.774+0000] {processor.py:183} INFO - Processing /opt/airflow/dags/simple_dag.py took 0.071 seconds
[2024-08-05T00:18:11.027+0000] {processor.py:161} INFO - Started process (PID=25259) to work on /opt/airflow/dags/simple_dag.py
[2024-08-05T00:18:11.027+0000] {processor.py:830} INFO - Processing file /opt/airflow/dags/simple_dag.py for tasks to queue
[2024-08-05T00:18:11.029+0000] {logging_mixin.py:188} INFO - [2024-08-05T00:18:11.029+0000] {dagbag.py:545} INFO - Filling up the DagBag from /opt/airflow/dags/simple_dag.py
[2024-08-05T00:18:11.040+0000] {processor.py:840} INFO - DAG(s) 'simple_dag' retrieved from /opt/airflow/dags/simple_dag.py
[2024-08-05T00:18:11.059+0000] {logging_mixin.py:188} INFO - [2024-08-05T00:18:11.059+0000] {dag.py:3089} INFO - Sync 1 DAGs
[2024-08-05T00:18:11.079+0000] {logging_mixin.py:188} INFO - [2024-08-05T00:18:11.079+0000] {dag.py:3947} INFO - Setting next_dagrun for simple_dag to 2024-08-04 00:00:00+00:00, run_after=2024-08-05 00:00:00+00:00
[2024-08-05T00:18:11.095+0000] {processor.py:183} INFO - Processing /opt/airflow/dags/simple_dag.py took 0.074 seconds
[2024-08-05T00:18:41.247+0000] {processor.py:161} INFO - Started process (PID=25531) to work on /opt/airflow/dags/simple_dag.py
[2024-08-05T00:18:41.248+0000] {processor.py:830} INFO - Processing file /opt/airflow/dags/simple_dag.py for tasks to queue
[2024-08-05T00:18:41.250+0000] {logging_mixin.py:188} INFO - [2024-08-05T00:18:41.250+0000] {dagbag.py:545} INFO - Filling up the DagBag from /opt/airflow/dags/simple_dag.py
[2024-08-05T00:18:41.262+0000] {processor.py:840} INFO - DAG(s) 'simple_dag' retrieved from /opt/airflow/dags/simple_dag.py
[2024-08-05T00:18:41.283+0000] {logging_mixin.py:188} INFO - [2024-08-05T00:18:41.283+0000] {dag.py:3089} INFO - Sync 1 DAGs
[2024-08-05T00:18:41.303+0000] {logging_mixin.py:188} INFO - [2024-08-05T00:18:41.303+0000] {dag.py:3947} INFO - Setting next_dagrun for simple_dag to 2024-08-04 00:00:00+00:00, run_after=2024-08-05 00:00:00+00:00
[2024-08-05T00:18:41.319+0000] {processor.py:183} INFO - Processing /opt/airflow/dags/simple_dag.py took 0.078 seconds
[2024-08-05T00:19:11.458+0000] {processor.py:161} INFO - Started process (PID=25805) to work on /opt/airflow/dags/simple_dag.py
[2024-08-05T00:19:11.459+0000] {processor.py:830} INFO - Processing file /opt/airflow/dags/simple_dag.py for tasks to queue
[2024-08-05T00:19:11.461+0000] {logging_mixin.py:188} INFO - [2024-08-05T00:19:11.460+0000] {dagbag.py:545} INFO - Filling up the DagBag from /opt/airflow/dags/simple_dag.py
[2024-08-05T00:19:11.471+0000] {processor.py:840} INFO - DAG(s) 'simple_dag' retrieved from /opt/airflow/dags/simple_dag.py
[2024-08-05T00:19:11.489+0000] {logging_mixin.py:188} INFO - [2024-08-05T00:19:11.489+0000] {dag.py:3089} INFO - Sync 1 DAGs
[2024-08-05T00:19:11.508+0000] {logging_mixin.py:188} INFO - [2024-08-05T00:19:11.508+0000] {dag.py:3947} INFO - Setting next_dagrun for simple_dag to 2024-08-04 00:00:00+00:00, run_after=2024-08-05 00:00:00+00:00
[2024-08-05T00:19:11.523+0000] {processor.py:183} INFO - Processing /opt/airflow/dags/simple_dag.py took 0.070 seconds
[2024-08-05T00:19:41.781+0000] {processor.py:161} INFO - Started process (PID=26075) to work on /opt/airflow/dags/simple_dag.py
[2024-08-05T00:19:41.782+0000] {processor.py:830} INFO - Processing file /opt/airflow/dags/simple_dag.py for tasks to queue
[2024-08-05T00:19:41.783+0000] {logging_mixin.py:188} INFO - [2024-08-05T00:19:41.783+0000] {dagbag.py:545} INFO - Filling up the DagBag from /opt/airflow/dags/simple_dag.py
[2024-08-05T00:19:41.794+0000] {processor.py:840} INFO - DAG(s) 'simple_dag' retrieved from /opt/airflow/dags/simple_dag.py
[2024-08-05T00:19:41.812+0000] {logging_mixin.py:188} INFO - [2024-08-05T00:19:41.811+0000] {dag.py:3089} INFO - Sync 1 DAGs
[2024-08-05T00:19:41.830+0000] {logging_mixin.py:188} INFO - [2024-08-05T00:19:41.830+0000] {dag.py:3947} INFO - Setting next_dagrun for simple_dag to 2024-08-04 00:00:00+00:00, run_after=2024-08-05 00:00:00+00:00
[2024-08-05T00:19:41.846+0000] {processor.py:183} INFO - Processing /opt/airflow/dags/simple_dag.py took 0.070 seconds
[2024-08-05T00:20:11.917+0000] {processor.py:161} INFO - Started process (PID=26353) to work on /opt/airflow/dags/simple_dag.py
[2024-08-05T00:20:11.918+0000] {processor.py:830} INFO - Processing file /opt/airflow/dags/simple_dag.py for tasks to queue
[2024-08-05T00:20:11.919+0000] {logging_mixin.py:188} INFO - [2024-08-05T00:20:11.919+0000] {dagbag.py:545} INFO - Filling up the DagBag from /opt/airflow/dags/simple_dag.py
[2024-08-05T00:20:11.930+0000] {processor.py:840} INFO - DAG(s) 'simple_dag' retrieved from /opt/airflow/dags/simple_dag.py
[2024-08-05T00:20:11.950+0000] {logging_mixin.py:188} INFO - [2024-08-05T00:20:11.949+0000] {dag.py:3089} INFO - Sync 1 DAGs
[2024-08-05T00:20:11.970+0000] {logging_mixin.py:188} INFO - [2024-08-05T00:20:11.969+0000] {dag.py:3947} INFO - Setting next_dagrun for simple_dag to 2024-08-04 00:00:00+00:00, run_after=2024-08-05 00:00:00+00:00
[2024-08-05T00:20:11.988+0000] {processor.py:183} INFO - Processing /opt/airflow/dags/simple_dag.py took 0.075 seconds
[2024-08-05T00:20:42.518+0000] {processor.py:161} INFO - Started process (PID=26628) to work on /opt/airflow/dags/simple_dag.py
[2024-08-05T00:20:42.519+0000] {processor.py:830} INFO - Processing file /opt/airflow/dags/simple_dag.py for tasks to queue
[2024-08-05T00:20:42.521+0000] {logging_mixin.py:188} INFO - [2024-08-05T00:20:42.521+0000] {dagbag.py:545} INFO - Filling up the DagBag from /opt/airflow/dags/simple_dag.py
[2024-08-05T00:20:42.533+0000] {processor.py:840} INFO - DAG(s) 'simple_dag' retrieved from /opt/airflow/dags/simple_dag.py
[2024-08-05T00:20:42.554+0000] {logging_mixin.py:188} INFO - [2024-08-05T00:20:42.554+0000] {dag.py:3089} INFO - Sync 1 DAGs
[2024-08-05T00:20:42.575+0000] {logging_mixin.py:188} INFO - [2024-08-05T00:20:42.575+0000] {dag.py:3947} INFO - Setting next_dagrun for simple_dag to 2024-08-04 00:00:00+00:00, run_after=2024-08-05 00:00:00+00:00
[2024-08-05T00:20:42.594+0000] {processor.py:183} INFO - Processing /opt/airflow/dags/simple_dag.py took 0.081 seconds
[2024-08-05T00:21:12.976+0000] {processor.py:161} INFO - Started process (PID=26900) to work on /opt/airflow/dags/simple_dag.py
[2024-08-05T00:21:12.977+0000] {processor.py:830} INFO - Processing file /opt/airflow/dags/simple_dag.py for tasks to queue
[2024-08-05T00:21:12.979+0000] {logging_mixin.py:188} INFO - [2024-08-05T00:21:12.979+0000] {dagbag.py:545} INFO - Filling up the DagBag from /opt/airflow/dags/simple_dag.py
[2024-08-05T00:21:12.991+0000] {processor.py:840} INFO - DAG(s) 'simple_dag' retrieved from /opt/airflow/dags/simple_dag.py
[2024-08-05T00:21:13.012+0000] {logging_mixin.py:188} INFO - [2024-08-05T00:21:13.012+0000] {dag.py:3089} INFO - Sync 1 DAGs
[2024-08-05T00:21:13.032+0000] {logging_mixin.py:188} INFO - [2024-08-05T00:21:13.032+0000] {dag.py:3947} INFO - Setting next_dagrun for simple_dag to 2024-08-04 00:00:00+00:00, run_after=2024-08-05 00:00:00+00:00
[2024-08-05T00:21:13.050+0000] {processor.py:183} INFO - Processing /opt/airflow/dags/simple_dag.py took 0.080 seconds
[2024-08-05T00:21:43.235+0000] {processor.py:161} INFO - Started process (PID=27172) to work on /opt/airflow/dags/simple_dag.py
[2024-08-05T00:21:43.236+0000] {processor.py:830} INFO - Processing file /opt/airflow/dags/simple_dag.py for tasks to queue
[2024-08-05T00:21:43.237+0000] {logging_mixin.py:188} INFO - [2024-08-05T00:21:43.237+0000] {dagbag.py:545} INFO - Filling up the DagBag from /opt/airflow/dags/simple_dag.py
[2024-08-05T00:21:43.249+0000] {processor.py:840} INFO - DAG(s) 'simple_dag' retrieved from /opt/airflow/dags/simple_dag.py
[2024-08-05T00:21:43.267+0000] {logging_mixin.py:188} INFO - [2024-08-05T00:21:43.266+0000] {dag.py:3089} INFO - Sync 1 DAGs
[2024-08-05T00:21:43.286+0000] {logging_mixin.py:188} INFO - [2024-08-05T00:21:43.286+0000] {dag.py:3947} INFO - Setting next_dagrun for simple_dag to 2024-08-04 00:00:00+00:00, run_after=2024-08-05 00:00:00+00:00
[2024-08-05T00:21:43.303+0000] {processor.py:183} INFO - Processing /opt/airflow/dags/simple_dag.py took 0.073 seconds
[2024-08-05T00:22:13.660+0000] {processor.py:161} INFO - Started process (PID=27444) to work on /opt/airflow/dags/simple_dag.py
[2024-08-05T00:22:13.661+0000] {processor.py:830} INFO - Processing file /opt/airflow/dags/simple_dag.py for tasks to queue
[2024-08-05T00:22:13.662+0000] {logging_mixin.py:188} INFO - [2024-08-05T00:22:13.662+0000] {dagbag.py:545} INFO - Filling up the DagBag from /opt/airflow/dags/simple_dag.py
[2024-08-05T00:22:13.673+0000] {processor.py:840} INFO - DAG(s) 'simple_dag' retrieved from /opt/airflow/dags/simple_dag.py
[2024-08-05T00:22:13.692+0000] {logging_mixin.py:188} INFO - [2024-08-05T00:22:13.691+0000] {dag.py:3089} INFO - Sync 1 DAGs
[2024-08-05T00:22:13.711+0000] {logging_mixin.py:188} INFO - [2024-08-05T00:22:13.710+0000] {dag.py:3947} INFO - Setting next_dagrun for simple_dag to 2024-08-04 00:00:00+00:00, run_after=2024-08-05 00:00:00+00:00
[2024-08-05T00:22:13.727+0000] {processor.py:183} INFO - Processing /opt/airflow/dags/simple_dag.py took 0.072 seconds
[2024-08-05T00:22:44.116+0000] {processor.py:161} INFO - Started process (PID=27716) to work on /opt/airflow/dags/simple_dag.py
[2024-08-05T00:22:44.117+0000] {processor.py:830} INFO - Processing file /opt/airflow/dags/simple_dag.py for tasks to queue
[2024-08-05T00:22:44.119+0000] {logging_mixin.py:188} INFO - [2024-08-05T00:22:44.118+0000] {dagbag.py:545} INFO - Filling up the DagBag from /opt/airflow/dags/simple_dag.py
[2024-08-05T00:22:44.130+0000] {processor.py:840} INFO - DAG(s) 'simple_dag' retrieved from /opt/airflow/dags/simple_dag.py
[2024-08-05T00:22:44.148+0000] {logging_mixin.py:188} INFO - [2024-08-05T00:22:44.148+0000] {dag.py:3089} INFO - Sync 1 DAGs
[2024-08-05T00:22:44.168+0000] {logging_mixin.py:188} INFO - [2024-08-05T00:22:44.168+0000] {dag.py:3947} INFO - Setting next_dagrun for simple_dag to 2024-08-04 00:00:00+00:00, run_after=2024-08-05 00:00:00+00:00
[2024-08-05T00:22:44.185+0000] {processor.py:183} INFO - Processing /opt/airflow/dags/simple_dag.py took 0.073 seconds
[2024-08-05T00:23:14.698+0000] {processor.py:161} INFO - Started process (PID=27988) to work on /opt/airflow/dags/simple_dag.py
[2024-08-05T00:23:14.699+0000] {processor.py:830} INFO - Processing file /opt/airflow/dags/simple_dag.py for tasks to queue
[2024-08-05T00:23:14.701+0000] {logging_mixin.py:188} INFO - [2024-08-05T00:23:14.701+0000] {dagbag.py:545} INFO - Filling up the DagBag from /opt/airflow/dags/simple_dag.py
[2024-08-05T00:23:14.712+0000] {processor.py:840} INFO - DAG(s) 'simple_dag' retrieved from /opt/airflow/dags/simple_dag.py
[2024-08-05T00:23:14.732+0000] {logging_mixin.py:188} INFO - [2024-08-05T00:23:14.732+0000] {dag.py:3089} INFO - Sync 1 DAGs
[2024-08-05T00:23:14.755+0000] {logging_mixin.py:188} INFO - [2024-08-05T00:23:14.755+0000] {dag.py:3947} INFO - Setting next_dagrun for simple_dag to 2024-08-04 00:00:00+00:00, run_after=2024-08-05 00:00:00+00:00
[2024-08-05T00:23:14.773+0000] {processor.py:183} INFO - Processing /opt/airflow/dags/simple_dag.py took 0.080 seconds
[2024-08-05T00:23:45.308+0000] {processor.py:161} INFO - Started process (PID=28260) to work on /opt/airflow/dags/simple_dag.py
[2024-08-05T00:23:45.309+0000] {processor.py:830} INFO - Processing file /opt/airflow/dags/simple_dag.py for tasks to queue
[2024-08-05T00:23:45.311+0000] {logging_mixin.py:188} INFO - [2024-08-05T00:23:45.310+0000] {dagbag.py:545} INFO - Filling up the DagBag from /opt/airflow/dags/simple_dag.py
[2024-08-05T00:23:45.322+0000] {processor.py:840} INFO - DAG(s) 'simple_dag' retrieved from /opt/airflow/dags/simple_dag.py
[2024-08-05T00:23:45.343+0000] {logging_mixin.py:188} INFO - [2024-08-05T00:23:45.342+0000] {dag.py:3089} INFO - Sync 1 DAGs
[2024-08-05T00:23:45.364+0000] {logging_mixin.py:188} INFO - [2024-08-05T00:23:45.364+0000] {dag.py:3947} INFO - Setting next_dagrun for simple_dag to 2024-08-04 00:00:00+00:00, run_after=2024-08-05 00:00:00+00:00
[2024-08-05T00:23:45.382+0000] {processor.py:183} INFO - Processing /opt/airflow/dags/simple_dag.py took 0.079 seconds
[2024-08-05T00:24:15.700+0000] {processor.py:161} INFO - Started process (PID=28532) to work on /opt/airflow/dags/simple_dag.py
[2024-08-05T00:24:15.701+0000] {processor.py:830} INFO - Processing file /opt/airflow/dags/simple_dag.py for tasks to queue
[2024-08-05T00:24:15.702+0000] {logging_mixin.py:188} INFO - [2024-08-05T00:24:15.702+0000] {dagbag.py:545} INFO - Filling up the DagBag from /opt/airflow/dags/simple_dag.py
[2024-08-05T00:24:15.711+0000] {processor.py:840} INFO - DAG(s) 'simple_dag' retrieved from /opt/airflow/dags/simple_dag.py
[2024-08-05T00:24:15.834+0000] {logging_mixin.py:188} INFO - [2024-08-05T00:24:15.834+0000] {dag.py:3089} INFO - Sync 1 DAGs
[2024-08-05T00:24:15.849+0000] {logging_mixin.py:188} INFO - [2024-08-05T00:24:15.848+0000] {dag.py:3947} INFO - Setting next_dagrun for simple_dag to 2024-08-04 00:00:00+00:00, run_after=2024-08-05 00:00:00+00:00
[2024-08-05T00:24:15.861+0000] {processor.py:183} INFO - Processing /opt/airflow/dags/simple_dag.py took 0.165 seconds
[2024-08-05T00:24:46.591+0000] {processor.py:161} INFO - Started process (PID=28804) to work on /opt/airflow/dags/simple_dag.py
[2024-08-05T00:24:46.591+0000] {processor.py:830} INFO - Processing file /opt/airflow/dags/simple_dag.py for tasks to queue
[2024-08-05T00:24:46.593+0000] {logging_mixin.py:188} INFO - [2024-08-05T00:24:46.592+0000] {dagbag.py:545} INFO - Filling up the DagBag from /opt/airflow/dags/simple_dag.py
[2024-08-05T00:24:46.602+0000] {processor.py:840} INFO - DAG(s) 'simple_dag' retrieved from /opt/airflow/dags/simple_dag.py
[2024-08-05T00:24:46.616+0000] {logging_mixin.py:188} INFO - [2024-08-05T00:24:46.616+0000] {dag.py:3089} INFO - Sync 1 DAGs
[2024-08-05T00:24:46.632+0000] {logging_mixin.py:188} INFO - [2024-08-05T00:24:46.632+0000] {dag.py:3947} INFO - Setting next_dagrun for simple_dag to 2024-08-04 00:00:00+00:00, run_after=2024-08-05 00:00:00+00:00
[2024-08-05T00:24:46.645+0000] {processor.py:183} INFO - Processing /opt/airflow/dags/simple_dag.py took 0.058 seconds
