[2024-08-05T00:10:03.562+0000] {local_task_job_runner.py:120} INFO - ::group::Pre task execution logs
[2024-08-05T00:10:03.586+0000] {taskinstance.py:2076} INFO - Dependencies all met for dep_context=non-requeueable deps ti=<TaskInstance: ingest_api_data.ingest_data scheduled__2024-08-05T00:00:00+00:00 [queued]>
[2024-08-05T00:10:03.594+0000] {taskinstance.py:2076} INFO - Dependencies all met for dep_context=requeueable deps ti=<TaskInstance: ingest_api_data.ingest_data scheduled__2024-08-05T00:00:00+00:00 [queued]>
[2024-08-05T00:10:03.594+0000] {taskinstance.py:2306} INFO - Starting attempt 1 of 6
[2024-08-05T00:10:03.603+0000] {taskinstance.py:2330} INFO - Executing <Task(PythonOperator): ingest_data> on 2024-08-05 00:00:00+00:00
[2024-08-05T00:10:03.612+0000] {standard_task_runner.py:90} INFO - Running: ['***', 'tasks', 'run', 'ingest_api_data', 'ingest_data', 'scheduled__2024-08-05T00:00:00+00:00', '--job-id', '128', '--raw', '--subdir', 'DAGS_FOLDER/ingest_api_data.py', '--cfg-path', '/tmp/tmpgugyzv5q']
[2024-08-05T00:10:03.614+0000] {standard_task_runner.py:91} INFO - Job 128: Subtask ingest_data
[2024-08-05T00:10:03.616+0000] {logging_mixin.py:188} WARNING - /home/***/.local/lib/python3.12/site-packages/***/task/task_runner/standard_task_runner.py:62 DeprecationWarning: This process (pid=20898) is multi-threaded, use of fork() may lead to deadlocks in the child.
[2024-08-05T00:10:03.617+0000] {standard_task_runner.py:64} INFO - Started process 20900 to run task
[2024-08-05T00:10:03.653+0000] {task_command.py:426} INFO - Running <TaskInstance: ingest_api_data.ingest_data scheduled__2024-08-05T00:00:00+00:00 [running]> on host 52830206e1a2
[2024-08-05T00:10:03.720+0000] {taskinstance.py:2648} INFO - Exporting env vars: AIRFLOW_CTX_DAG_EMAIL='MS_sIX2Rm@somosyoung.com.br' AIRFLOW_CTX_DAG_OWNER='***' AIRFLOW_CTX_DAG_ID='ingest_api_data' AIRFLOW_CTX_TASK_ID='ingest_data' AIRFLOW_CTX_EXECUTION_DATE='2024-08-05T00:00:00+00:00' AIRFLOW_CTX_TRY_NUMBER='1' AIRFLOW_CTX_DAG_RUN_ID='scheduled__2024-08-05T00:00:00+00:00'
[2024-08-05T00:10:03.722+0000] {taskinstance.py:430} INFO - ::endgroup::
[2024-08-05T00:10:03.733+0000] {base.py:84} INFO - Using connection ID 'postgres' for task execution.
[2024-08-05T00:10:03.738+0000] {ingest_api_data.py:95} INFO - Fazendo requisição para a API com idahoy = 1811657
[2024-08-05T00:10:04.331+0000] {ingest_api_data.py:114} INFO - Requisição bem-sucedida
[2024-08-05T00:10:04.336+0000] {ingest_api_data.py:122} INFO - Número de registros recebidos: 1000
[2024-08-05T00:10:04.503+0000] {ingest_api_data.py:131} INFO - Atualizando last_idahoy para: 1812657
[2024-08-05T00:10:04.504+0000] {ingest_api_data.py:95} INFO - Fazendo requisição para a API com idahoy = 1812657
[2024-08-05T00:10:05.041+0000] {ingest_api_data.py:114} INFO - Requisição bem-sucedida
[2024-08-05T00:10:05.045+0000] {ingest_api_data.py:122} INFO - Número de registros recebidos: 1000
[2024-08-05T00:10:05.214+0000] {ingest_api_data.py:131} INFO - Atualizando last_idahoy para: 1813657
[2024-08-05T00:10:05.215+0000] {ingest_api_data.py:95} INFO - Fazendo requisição para a API com idahoy = 1813657
[2024-08-05T00:10:05.784+0000] {ingest_api_data.py:114} INFO - Requisição bem-sucedida
[2024-08-05T00:10:05.789+0000] {ingest_api_data.py:122} INFO - Número de registros recebidos: 1000
[2024-08-05T00:10:05.995+0000] {ingest_api_data.py:131} INFO - Atualizando last_idahoy para: 1814657
[2024-08-05T00:10:05.995+0000] {ingest_api_data.py:95} INFO - Fazendo requisição para a API com idahoy = 1814657
[2024-08-05T00:10:06.494+0000] {ingest_api_data.py:114} INFO - Requisição bem-sucedida
[2024-08-05T00:10:06.500+0000] {ingest_api_data.py:122} INFO - Número de registros recebidos: 1000
[2024-08-05T00:10:06.667+0000] {ingest_api_data.py:131} INFO - Atualizando last_idahoy para: 1815657
[2024-08-05T00:10:06.667+0000] {ingest_api_data.py:95} INFO - Fazendo requisição para a API com idahoy = 1815657
[2024-08-05T00:10:07.102+0000] {ingest_api_data.py:114} INFO - Requisição bem-sucedida
[2024-08-05T00:10:07.106+0000] {ingest_api_data.py:122} INFO - Número de registros recebidos: 1000
[2024-08-05T00:10:07.274+0000] {ingest_api_data.py:131} INFO - Atualizando last_idahoy para: 1816657
[2024-08-05T00:10:07.275+0000] {ingest_api_data.py:95} INFO - Fazendo requisição para a API com idahoy = 1816657
[2024-08-05T00:10:07.755+0000] {ingest_api_data.py:114} INFO - Requisição bem-sucedida
[2024-08-05T00:10:07.759+0000] {ingest_api_data.py:122} INFO - Número de registros recebidos: 1000
[2024-08-05T00:10:07.925+0000] {ingest_api_data.py:131} INFO - Atualizando last_idahoy para: 1817657
[2024-08-05T00:10:07.926+0000] {ingest_api_data.py:95} INFO - Fazendo requisição para a API com idahoy = 1817657
[2024-08-05T00:10:08.389+0000] {ingest_api_data.py:114} INFO - Requisição bem-sucedida
[2024-08-05T00:10:08.393+0000] {ingest_api_data.py:122} INFO - Número de registros recebidos: 1000
[2024-08-05T00:10:08.571+0000] {ingest_api_data.py:131} INFO - Atualizando last_idahoy para: 1818657
[2024-08-05T00:10:08.571+0000] {ingest_api_data.py:95} INFO - Fazendo requisição para a API com idahoy = 1818657
[2024-08-05T00:10:09.056+0000] {ingest_api_data.py:114} INFO - Requisição bem-sucedida
[2024-08-05T00:10:09.060+0000] {ingest_api_data.py:122} INFO - Número de registros recebidos: 1000
[2024-08-05T00:10:09.230+0000] {ingest_api_data.py:131} INFO - Atualizando last_idahoy para: 1819657
[2024-08-05T00:10:09.231+0000] {ingest_api_data.py:95} INFO - Fazendo requisição para a API com idahoy = 1819657
[2024-08-05T00:10:09.743+0000] {ingest_api_data.py:114} INFO - Requisição bem-sucedida
[2024-08-05T00:10:09.749+0000] {ingest_api_data.py:122} INFO - Número de registros recebidos: 1000
[2024-08-05T00:10:09.936+0000] {ingest_api_data.py:131} INFO - Atualizando last_idahoy para: 1820657
[2024-08-05T00:10:09.937+0000] {ingest_api_data.py:95} INFO - Fazendo requisição para a API com idahoy = 1820657
[2024-08-05T00:10:10.453+0000] {ingest_api_data.py:114} INFO - Requisição bem-sucedida
[2024-08-05T00:10:10.457+0000] {ingest_api_data.py:122} INFO - Número de registros recebidos: 1000
[2024-08-05T00:10:10.631+0000] {ingest_api_data.py:131} INFO - Atualizando last_idahoy para: 1821657
[2024-08-05T00:10:10.632+0000] {ingest_api_data.py:95} INFO - Fazendo requisição para a API com idahoy = 1821657
[2024-08-05T00:10:11.113+0000] {ingest_api_data.py:114} INFO - Requisição bem-sucedida
[2024-08-05T00:10:11.116+0000] {ingest_api_data.py:122} INFO - Número de registros recebidos: 1000
[2024-08-05T00:10:11.296+0000] {ingest_api_data.py:131} INFO - Atualizando last_idahoy para: 1822657
[2024-08-05T00:10:11.296+0000] {ingest_api_data.py:95} INFO - Fazendo requisição para a API com idahoy = 1822657
[2024-08-05T00:10:11.973+0000] {ingest_api_data.py:114} INFO - Requisição bem-sucedida
[2024-08-05T00:10:11.977+0000] {ingest_api_data.py:122} INFO - Número de registros recebidos: 1000
[2024-08-05T00:10:12.150+0000] {ingest_api_data.py:131} INFO - Atualizando last_idahoy para: 1823657
[2024-08-05T00:10:12.150+0000] {ingest_api_data.py:95} INFO - Fazendo requisição para a API com idahoy = 1823657
[2024-08-05T00:10:12.805+0000] {ingest_api_data.py:114} INFO - Requisição bem-sucedida
[2024-08-05T00:10:12.809+0000] {ingest_api_data.py:122} INFO - Número de registros recebidos: 1000
[2024-08-05T00:10:12.983+0000] {ingest_api_data.py:131} INFO - Atualizando last_idahoy para: 1824657
[2024-08-05T00:10:12.984+0000] {ingest_api_data.py:95} INFO - Fazendo requisição para a API com idahoy = 1824657
[2024-08-05T00:10:13.537+0000] {ingest_api_data.py:114} INFO - Requisição bem-sucedida
[2024-08-05T00:10:13.541+0000] {ingest_api_data.py:122} INFO - Número de registros recebidos: 1000
[2024-08-05T00:10:13.711+0000] {ingest_api_data.py:131} INFO - Atualizando last_idahoy para: 1825657
[2024-08-05T00:10:13.711+0000] {ingest_api_data.py:95} INFO - Fazendo requisição para a API com idahoy = 1825657
[2024-08-05T00:10:14.219+0000] {ingest_api_data.py:114} INFO - Requisição bem-sucedida
[2024-08-05T00:10:14.222+0000] {ingest_api_data.py:122} INFO - Número de registros recebidos: 1000
[2024-08-05T00:10:14.387+0000] {ingest_api_data.py:131} INFO - Atualizando last_idahoy para: 1826657
[2024-08-05T00:10:14.387+0000] {ingest_api_data.py:95} INFO - Fazendo requisição para a API com idahoy = 1826657
[2024-08-05T00:10:14.853+0000] {ingest_api_data.py:114} INFO - Requisição bem-sucedida
[2024-08-05T00:10:14.857+0000] {ingest_api_data.py:122} INFO - Número de registros recebidos: 1000
[2024-08-05T00:10:15.024+0000] {ingest_api_data.py:131} INFO - Atualizando last_idahoy para: 1827657
[2024-08-05T00:10:15.025+0000] {ingest_api_data.py:95} INFO - Fazendo requisição para a API com idahoy = 1827657
[2024-08-05T00:10:15.530+0000] {ingest_api_data.py:114} INFO - Requisição bem-sucedida
[2024-08-05T00:10:15.534+0000] {ingest_api_data.py:122} INFO - Número de registros recebidos: 1000
[2024-08-05T00:10:15.699+0000] {ingest_api_data.py:131} INFO - Atualizando last_idahoy para: 1828657
[2024-08-05T00:10:15.700+0000] {ingest_api_data.py:95} INFO - Fazendo requisição para a API com idahoy = 1828657
[2024-08-05T00:10:15.851+0000] {ingest_api_data.py:114} INFO - Requisição bem-sucedida
[2024-08-05T00:10:15.852+0000] {ingest_api_data.py:122} INFO - Número de registros recebidos: 99
[2024-08-05T00:10:15.870+0000] {ingest_api_data.py:131} INFO - Atualizando last_idahoy para: 1828756
[2024-08-05T00:10:15.870+0000] {ingest_api_data.py:95} INFO - Fazendo requisição para a API com idahoy = 1828756
[2024-08-05T00:10:15.976+0000] {ingest_api_data.py:108} ERROR - HTTP error occurred: 401 Client Error: Unauthorized for url: https://app.alunos.me/api/ahoy_viewer_ti
[2024-08-05T00:10:15.978+0000] {ingest_api_data.py:136} INFO - Dados inseridos com sucesso e conexão com o banco de dados fechada.
[2024-08-05T00:10:15.978+0000] {python.py:237} INFO - Done. Returned value was: None
[2024-08-05T00:10:15.979+0000] {taskinstance.py:441} INFO - ::group::Post task execution logs
[2024-08-05T00:10:15.987+0000] {taskinstance.py:1206} INFO - Marking task as SUCCESS. dag_id=ingest_api_data, task_id=ingest_data, run_id=scheduled__2024-08-05T00:00:00+00:00, execution_date=20240805T000000, start_date=20240805T001003, end_date=20240805T001015
[2024-08-05T00:10:16.010+0000] {local_task_job_runner.py:243} INFO - Task exited with return code 0
[2024-08-05T00:10:16.027+0000] {taskinstance.py:3503} INFO - 1 downstream tasks scheduled from follow-on schedule check
[2024-08-05T00:10:16.029+0000] {local_task_job_runner.py:222} INFO - ::endgroup::
