[2024-08-04T23:40:02.773+0000] {local_task_job_runner.py:120} INFO - ::group::Pre task execution logs
[2024-08-04T23:40:02.794+0000] {taskinstance.py:2076} INFO - Dependencies all met for dep_context=non-requeueable deps ti=<TaskInstance: ingest_api_data.ingest_data scheduled__2024-08-04T23:30:00+00:00 [queued]>
[2024-08-04T23:40:02.799+0000] {taskinstance.py:2076} INFO - Dependencies all met for dep_context=requeueable deps ti=<TaskInstance: ingest_api_data.ingest_data scheduled__2024-08-04T23:30:00+00:00 [queued]>
[2024-08-04T23:40:02.799+0000] {taskinstance.py:2306} INFO - Starting attempt 1 of 6
[2024-08-04T23:40:02.808+0000] {taskinstance.py:2330} INFO - Executing <Task(PythonOperator): ingest_data> on 2024-08-04 23:30:00+00:00
[2024-08-04T23:40:02.815+0000] {standard_task_runner.py:90} INFO - Running: ['***', 'tasks', 'run', 'ingest_api_data', 'ingest_data', 'scheduled__2024-08-04T23:30:00+00:00', '--job-id', '119', '--raw', '--subdir', 'DAGS_FOLDER/ingest_api_data.py', '--cfg-path', '/tmp/tmp6e7g6n5z']
[2024-08-04T23:40:02.816+0000] {standard_task_runner.py:91} INFO - Job 119: Subtask ingest_data
[2024-08-04T23:40:02.818+0000] {logging_mixin.py:188} WARNING - /home/***/.local/lib/python3.12/site-packages/***/task/task_runner/standard_task_runner.py:62 DeprecationWarning: This process (pid=4820) is multi-threaded, use of fork() may lead to deadlocks in the child.
[2024-08-04T23:40:02.818+0000] {standard_task_runner.py:64} INFO - Started process 4822 to run task
[2024-08-04T23:40:02.848+0000] {task_command.py:426} INFO - Running <TaskInstance: ingest_api_data.ingest_data scheduled__2024-08-04T23:30:00+00:00 [running]> on host 52830206e1a2
[2024-08-04T23:40:02.907+0000] {taskinstance.py:2648} INFO - Exporting env vars: AIRFLOW_CTX_DAG_EMAIL='MS_sIX2Rm@somosyoung.com.br' AIRFLOW_CTX_DAG_OWNER='***' AIRFLOW_CTX_DAG_ID='ingest_api_data' AIRFLOW_CTX_TASK_ID='ingest_data' AIRFLOW_CTX_EXECUTION_DATE='2024-08-04T23:30:00+00:00' AIRFLOW_CTX_TRY_NUMBER='1' AIRFLOW_CTX_DAG_RUN_ID='scheduled__2024-08-04T23:30:00+00:00'
[2024-08-04T23:40:02.909+0000] {taskinstance.py:430} INFO - ::endgroup::
[2024-08-04T23:40:02.918+0000] {base.py:84} INFO - Using connection ID 'postgres' for task execution.
[2024-08-04T23:40:02.922+0000] {ingest_api_data.py:95} INFO - Fazendo requisição para a API com idahoy = 1811657
[2024-08-04T23:40:03.487+0000] {ingest_api_data.py:114} INFO - Requisição bem-sucedida
[2024-08-04T23:40:03.492+0000] {ingest_api_data.py:122} INFO - Número de registros recebidos: 1000
[2024-08-04T23:40:03.644+0000] {ingest_api_data.py:131} INFO - Atualizando last_idahoy para: 1812657
[2024-08-04T23:40:03.644+0000] {ingest_api_data.py:95} INFO - Fazendo requisição para a API com idahoy = 1812657
[2024-08-04T23:40:04.068+0000] {ingest_api_data.py:114} INFO - Requisição bem-sucedida
[2024-08-04T23:40:04.073+0000] {ingest_api_data.py:122} INFO - Número de registros recebidos: 1000
[2024-08-04T23:40:04.225+0000] {ingest_api_data.py:131} INFO - Atualizando last_idahoy para: 1813657
[2024-08-04T23:40:04.226+0000] {ingest_api_data.py:95} INFO - Fazendo requisição para a API com idahoy = 1813657
[2024-08-04T23:40:04.757+0000] {ingest_api_data.py:114} INFO - Requisição bem-sucedida
[2024-08-04T23:40:04.760+0000] {ingest_api_data.py:122} INFO - Número de registros recebidos: 1000
[2024-08-04T23:40:04.910+0000] {ingest_api_data.py:131} INFO - Atualizando last_idahoy para: 1814657
[2024-08-04T23:40:04.910+0000] {ingest_api_data.py:95} INFO - Fazendo requisição para a API com idahoy = 1814657
[2024-08-04T23:40:05.345+0000] {ingest_api_data.py:114} INFO - Requisição bem-sucedida
[2024-08-04T23:40:05.349+0000] {ingest_api_data.py:122} INFO - Número de registros recebidos: 1000
[2024-08-04T23:40:05.499+0000] {ingest_api_data.py:131} INFO - Atualizando last_idahoy para: 1815657
[2024-08-04T23:40:05.500+0000] {ingest_api_data.py:95} INFO - Fazendo requisição para a API com idahoy = 1815657
[2024-08-04T23:40:05.928+0000] {ingest_api_data.py:114} INFO - Requisição bem-sucedida
[2024-08-04T23:40:05.932+0000] {ingest_api_data.py:122} INFO - Número de registros recebidos: 1000
[2024-08-04T23:40:06.084+0000] {ingest_api_data.py:131} INFO - Atualizando last_idahoy para: 1816657
[2024-08-04T23:40:06.084+0000] {ingest_api_data.py:95} INFO - Fazendo requisição para a API com idahoy = 1816657
[2024-08-04T23:40:06.597+0000] {ingest_api_data.py:114} INFO - Requisição bem-sucedida
[2024-08-04T23:40:06.601+0000] {ingest_api_data.py:122} INFO - Número de registros recebidos: 1000
[2024-08-04T23:40:06.751+0000] {ingest_api_data.py:131} INFO - Atualizando last_idahoy para: 1817657
[2024-08-04T23:40:06.752+0000] {ingest_api_data.py:95} INFO - Fazendo requisição para a API com idahoy = 1817657
[2024-08-04T23:40:07.184+0000] {ingest_api_data.py:114} INFO - Requisição bem-sucedida
[2024-08-04T23:40:07.188+0000] {ingest_api_data.py:122} INFO - Número de registros recebidos: 1000
[2024-08-04T23:40:07.337+0000] {ingest_api_data.py:131} INFO - Atualizando last_idahoy para: 1818657
[2024-08-04T23:40:07.337+0000] {ingest_api_data.py:95} INFO - Fazendo requisição para a API com idahoy = 1818657
[2024-08-04T23:40:07.737+0000] {ingest_api_data.py:114} INFO - Requisição bem-sucedida
[2024-08-04T23:40:07.740+0000] {ingest_api_data.py:122} INFO - Número de registros recebidos: 1000
[2024-08-04T23:40:07.894+0000] {ingest_api_data.py:131} INFO - Atualizando last_idahoy para: 1819657
[2024-08-04T23:40:07.894+0000] {ingest_api_data.py:95} INFO - Fazendo requisição para a API com idahoy = 1819657
[2024-08-04T23:40:08.365+0000] {ingest_api_data.py:114} INFO - Requisição bem-sucedida
[2024-08-04T23:40:08.369+0000] {ingest_api_data.py:122} INFO - Número de registros recebidos: 1000
[2024-08-04T23:40:08.520+0000] {ingest_api_data.py:131} INFO - Atualizando last_idahoy para: 1820657
[2024-08-04T23:40:08.521+0000] {ingest_api_data.py:95} INFO - Fazendo requisição para a API com idahoy = 1820657
[2024-08-04T23:40:08.944+0000] {ingest_api_data.py:114} INFO - Requisição bem-sucedida
[2024-08-04T23:40:08.948+0000] {ingest_api_data.py:122} INFO - Número de registros recebidos: 1000
[2024-08-04T23:40:09.111+0000] {ingest_api_data.py:131} INFO - Atualizando last_idahoy para: 1821657
[2024-08-04T23:40:09.112+0000] {ingest_api_data.py:95} INFO - Fazendo requisição para a API com idahoy = 1821657
[2024-08-04T23:40:09.624+0000] {ingest_api_data.py:114} INFO - Requisição bem-sucedida
[2024-08-04T23:40:09.628+0000] {ingest_api_data.py:122} INFO - Número de registros recebidos: 1000
[2024-08-04T23:40:09.778+0000] {ingest_api_data.py:131} INFO - Atualizando last_idahoy para: 1822657
[2024-08-04T23:40:09.779+0000] {ingest_api_data.py:95} INFO - Fazendo requisição para a API com idahoy = 1822657
[2024-08-04T23:40:10.259+0000] {ingest_api_data.py:114} INFO - Requisição bem-sucedida
[2024-08-04T23:40:10.263+0000] {ingest_api_data.py:122} INFO - Número de registros recebidos: 1000
[2024-08-04T23:40:10.422+0000] {ingest_api_data.py:131} INFO - Atualizando last_idahoy para: 1823657
[2024-08-04T23:40:10.422+0000] {ingest_api_data.py:95} INFO - Fazendo requisição para a API com idahoy = 1823657
[2024-08-04T23:40:10.846+0000] {ingest_api_data.py:114} INFO - Requisição bem-sucedida
[2024-08-04T23:40:10.850+0000] {ingest_api_data.py:122} INFO - Número de registros recebidos: 1000
[2024-08-04T23:40:11.003+0000] {ingest_api_data.py:131} INFO - Atualizando last_idahoy para: 1824657
[2024-08-04T23:40:11.003+0000] {ingest_api_data.py:95} INFO - Fazendo requisição para a API com idahoy = 1824657
[2024-08-04T23:40:11.434+0000] {ingest_api_data.py:114} INFO - Requisição bem-sucedida
[2024-08-04T23:40:11.437+0000] {ingest_api_data.py:122} INFO - Número de registros recebidos: 1000
[2024-08-04T23:40:11.598+0000] {ingest_api_data.py:131} INFO - Atualizando last_idahoy para: 1825657
[2024-08-04T23:40:11.598+0000] {ingest_api_data.py:95} INFO - Fazendo requisição para a API com idahoy = 1825657
[2024-08-04T23:40:12.039+0000] {ingest_api_data.py:114} INFO - Requisição bem-sucedida
[2024-08-04T23:40:12.043+0000] {ingest_api_data.py:122} INFO - Número de registros recebidos: 1000
[2024-08-04T23:40:12.211+0000] {ingest_api_data.py:131} INFO - Atualizando last_idahoy para: 1826657
[2024-08-04T23:40:12.211+0000] {ingest_api_data.py:95} INFO - Fazendo requisição para a API com idahoy = 1826657
[2024-08-04T23:40:12.699+0000] {ingest_api_data.py:114} INFO - Requisição bem-sucedida
[2024-08-04T23:40:12.702+0000] {ingest_api_data.py:122} INFO - Número de registros recebidos: 1000
[2024-08-04T23:40:12.850+0000] {ingest_api_data.py:131} INFO - Atualizando last_idahoy para: 1827657
[2024-08-04T23:40:12.850+0000] {ingest_api_data.py:95} INFO - Fazendo requisição para a API com idahoy = 1827657
[2024-08-04T23:40:13.281+0000] {ingest_api_data.py:114} INFO - Requisição bem-sucedida
[2024-08-04T23:40:13.284+0000] {ingest_api_data.py:122} INFO - Número de registros recebidos: 1000
[2024-08-04T23:40:13.435+0000] {ingest_api_data.py:131} INFO - Atualizando last_idahoy para: 1828657
[2024-08-04T23:40:13.436+0000] {ingest_api_data.py:95} INFO - Fazendo requisição para a API com idahoy = 1828657
[2024-08-04T23:40:13.581+0000] {ingest_api_data.py:114} INFO - Requisição bem-sucedida
[2024-08-04T23:40:13.582+0000] {ingest_api_data.py:122} INFO - Número de registros recebidos: 88
[2024-08-04T23:40:13.597+0000] {ingest_api_data.py:131} INFO - Atualizando last_idahoy para: 1828745
[2024-08-04T23:40:13.597+0000] {ingest_api_data.py:95} INFO - Fazendo requisição para a API com idahoy = 1828745
[2024-08-04T23:40:13.701+0000] {ingest_api_data.py:108} ERROR - HTTP error occurred: 401 Client Error: Unauthorized for url: https://app.alunos.me/api/ahoy_viewer_ti
[2024-08-04T23:40:13.703+0000] {ingest_api_data.py:136} INFO - Dados inseridos com sucesso e conexão com o banco de dados fechada.
[2024-08-04T23:40:13.703+0000] {python.py:237} INFO - Done. Returned value was: None
[2024-08-04T23:40:13.704+0000] {taskinstance.py:441} INFO - ::group::Post task execution logs
[2024-08-04T23:40:13.712+0000] {taskinstance.py:1206} INFO - Marking task as SUCCESS. dag_id=ingest_api_data, task_id=ingest_data, run_id=scheduled__2024-08-04T23:30:00+00:00, execution_date=20240804T233000, start_date=20240804T234002, end_date=20240804T234013
[2024-08-04T23:40:13.737+0000] {local_task_job_runner.py:243} INFO - Task exited with return code 0
[2024-08-04T23:40:13.752+0000] {taskinstance.py:3503} INFO - 1 downstream tasks scheduled from follow-on schedule check
[2024-08-04T23:40:13.753+0000] {local_task_job_runner.py:222} INFO - ::endgroup::
