[2024-08-04T23:11:32.965+0000] {local_task_job_runner.py:120} INFO - ::group::Pre task execution logs
[2024-08-04T23:11:32.994+0000] {taskinstance.py:2076} INFO - Dependencies all met for dep_context=non-requeueable deps ti=<TaskInstance: ingest_api_data.ingest_data scheduled__2024-08-04T23:00:00+00:00 [queued]>
[2024-08-04T23:11:32.999+0000] {taskinstance.py:2076} INFO - Dependencies all met for dep_context=requeueable deps ti=<TaskInstance: ingest_api_data.ingest_data scheduled__2024-08-04T23:00:00+00:00 [queued]>
[2024-08-04T23:11:33.000+0000] {taskinstance.py:2306} INFO - Starting attempt 1 of 6
[2024-08-04T23:11:33.010+0000] {taskinstance.py:2330} INFO - Executing <Task(PythonOperator): ingest_data> on 2024-08-04 23:00:00+00:00
[2024-08-04T23:11:33.019+0000] {standard_task_runner.py:90} INFO - Running: ['***', 'tasks', 'run', 'ingest_api_data', 'ingest_data', 'scheduled__2024-08-04T23:00:00+00:00', '--job-id', '108', '--raw', '--subdir', 'DAGS_FOLDER/ingest_api_data.py', '--cfg-path', '/tmp/tmpkd53gk3c']
[2024-08-04T23:11:33.021+0000] {standard_task_runner.py:91} INFO - Job 108: Subtask ingest_data
[2024-08-04T23:11:33.024+0000] {logging_mixin.py:188} WARNING - /home/***/.local/lib/python3.12/site-packages/***/task/task_runner/standard_task_runner.py:62 DeprecationWarning: This process (pid=441) is multi-threaded, use of fork() may lead to deadlocks in the child.
[2024-08-04T23:11:33.024+0000] {standard_task_runner.py:64} INFO - Started process 443 to run task
[2024-08-04T23:11:33.063+0000] {task_command.py:426} INFO - Running <TaskInstance: ingest_api_data.ingest_data scheduled__2024-08-04T23:00:00+00:00 [running]> on host 52830206e1a2
[2024-08-04T23:11:33.140+0000] {taskinstance.py:2648} INFO - Exporting env vars: AIRFLOW_CTX_DAG_EMAIL='MS_sIX2Rm@somosyoung.com.br' AIRFLOW_CTX_DAG_OWNER='***' AIRFLOW_CTX_DAG_ID='ingest_api_data' AIRFLOW_CTX_TASK_ID='ingest_data' AIRFLOW_CTX_EXECUTION_DATE='2024-08-04T23:00:00+00:00' AIRFLOW_CTX_TRY_NUMBER='1' AIRFLOW_CTX_DAG_RUN_ID='scheduled__2024-08-04T23:00:00+00:00'
[2024-08-04T23:11:33.141+0000] {taskinstance.py:430} INFO - ::endgroup::
[2024-08-04T23:11:33.154+0000] {base.py:84} INFO - Using connection ID 'postgres' for task execution.
[2024-08-04T23:11:33.159+0000] {ingest_api_data.py:95} INFO - Fazendo requisição para a API com idahoy = 1811657
[2024-08-04T23:11:33.681+0000] {ingest_api_data.py:114} INFO - Requisição bem-sucedida
[2024-08-04T23:11:33.686+0000] {ingest_api_data.py:122} INFO - Número de registros recebidos: 1000
[2024-08-04T23:11:33.876+0000] {ingest_api_data.py:131} INFO - Atualizando last_idahoy para: 1812657
[2024-08-04T23:11:33.877+0000] {ingest_api_data.py:95} INFO - Fazendo requisição para a API com idahoy = 1812657
[2024-08-04T23:11:34.412+0000] {ingest_api_data.py:114} INFO - Requisição bem-sucedida
[2024-08-04T23:11:34.416+0000] {ingest_api_data.py:122} INFO - Número de registros recebidos: 1000
[2024-08-04T23:11:34.616+0000] {ingest_api_data.py:131} INFO - Atualizando last_idahoy para: 1813657
[2024-08-04T23:11:34.616+0000] {ingest_api_data.py:95} INFO - Fazendo requisição para a API com idahoy = 1813657
[2024-08-04T23:11:35.078+0000] {ingest_api_data.py:114} INFO - Requisição bem-sucedida
[2024-08-04T23:11:35.082+0000] {ingest_api_data.py:122} INFO - Número de registros recebidos: 1000
[2024-08-04T23:11:35.264+0000] {ingest_api_data.py:131} INFO - Atualizando last_idahoy para: 1814657
[2024-08-04T23:11:35.265+0000] {ingest_api_data.py:95} INFO - Fazendo requisição para a API com idahoy = 1814657
[2024-08-04T23:11:35.685+0000] {ingest_api_data.py:114} INFO - Requisição bem-sucedida
[2024-08-04T23:11:35.690+0000] {ingest_api_data.py:122} INFO - Número de registros recebidos: 1000
[2024-08-04T23:11:35.872+0000] {ingest_api_data.py:131} INFO - Atualizando last_idahoy para: 1815657
[2024-08-04T23:11:35.872+0000] {ingest_api_data.py:95} INFO - Fazendo requisição para a API com idahoy = 1815657
[2024-08-04T23:11:36.362+0000] {ingest_api_data.py:114} INFO - Requisição bem-sucedida
[2024-08-04T23:11:36.365+0000] {ingest_api_data.py:122} INFO - Número de registros recebidos: 1000
[2024-08-04T23:11:36.543+0000] {ingest_api_data.py:131} INFO - Atualizando last_idahoy para: 1816657
[2024-08-04T23:11:36.544+0000] {ingest_api_data.py:95} INFO - Fazendo requisição para a API com idahoy = 1816657
[2024-08-04T23:11:36.992+0000] {ingest_api_data.py:114} INFO - Requisição bem-sucedida
[2024-08-04T23:11:36.996+0000] {ingest_api_data.py:122} INFO - Número de registros recebidos: 1000
[2024-08-04T23:11:37.190+0000] {ingest_api_data.py:131} INFO - Atualizando last_idahoy para: 1817657
[2024-08-04T23:11:37.190+0000] {ingest_api_data.py:95} INFO - Fazendo requisição para a API com idahoy = 1817657
[2024-08-04T23:11:37.775+0000] {ingest_api_data.py:114} INFO - Requisição bem-sucedida
[2024-08-04T23:11:37.779+0000] {ingest_api_data.py:122} INFO - Número de registros recebidos: 1000
[2024-08-04T23:11:37.965+0000] {ingest_api_data.py:131} INFO - Atualizando last_idahoy para: 1818657
[2024-08-04T23:11:37.965+0000] {ingest_api_data.py:95} INFO - Fazendo requisição para a API com idahoy = 1818657
[2024-08-04T23:11:38.577+0000] {ingest_api_data.py:114} INFO - Requisição bem-sucedida
[2024-08-04T23:11:38.581+0000] {ingest_api_data.py:122} INFO - Número de registros recebidos: 1000
[2024-08-04T23:11:38.774+0000] {ingest_api_data.py:131} INFO - Atualizando last_idahoy para: 1819657
[2024-08-04T23:11:38.775+0000] {ingest_api_data.py:95} INFO - Fazendo requisição para a API com idahoy = 1819657
[2024-08-04T23:11:39.327+0000] {ingest_api_data.py:114} INFO - Requisição bem-sucedida
[2024-08-04T23:11:39.331+0000] {ingest_api_data.py:122} INFO - Número de registros recebidos: 1000
[2024-08-04T23:11:39.514+0000] {ingest_api_data.py:131} INFO - Atualizando last_idahoy para: 1820657
[2024-08-04T23:11:39.514+0000] {ingest_api_data.py:95} INFO - Fazendo requisição para a API com idahoy = 1820657
[2024-08-04T23:11:40.031+0000] {ingest_api_data.py:114} INFO - Requisição bem-sucedida
[2024-08-04T23:11:40.036+0000] {ingest_api_data.py:122} INFO - Número de registros recebidos: 1000
[2024-08-04T23:11:40.217+0000] {ingest_api_data.py:131} INFO - Atualizando last_idahoy para: 1821657
[2024-08-04T23:11:40.218+0000] {ingest_api_data.py:95} INFO - Fazendo requisição para a API com idahoy = 1821657
[2024-08-04T23:11:40.818+0000] {ingest_api_data.py:114} INFO - Requisição bem-sucedida
[2024-08-04T23:11:40.823+0000] {ingest_api_data.py:122} INFO - Número de registros recebidos: 1000
[2024-08-04T23:11:41.108+0000] {ingest_api_data.py:131} INFO - Atualizando last_idahoy para: 1822657
[2024-08-04T23:11:41.109+0000] {ingest_api_data.py:95} INFO - Fazendo requisição para a API com idahoy = 1822657
[2024-08-04T23:11:41.560+0000] {ingest_api_data.py:114} INFO - Requisição bem-sucedida
[2024-08-04T23:11:41.564+0000] {ingest_api_data.py:122} INFO - Número de registros recebidos: 1000
[2024-08-04T23:11:41.766+0000] {ingest_api_data.py:131} INFO - Atualizando last_idahoy para: 1823657
[2024-08-04T23:11:41.766+0000] {ingest_api_data.py:95} INFO - Fazendo requisição para a API com idahoy = 1823657
[2024-08-04T23:11:42.272+0000] {ingest_api_data.py:114} INFO - Requisição bem-sucedida
[2024-08-04T23:11:42.277+0000] {ingest_api_data.py:122} INFO - Número de registros recebidos: 1000
[2024-08-04T23:11:42.460+0000] {ingest_api_data.py:131} INFO - Atualizando last_idahoy para: 1824657
[2024-08-04T23:11:42.461+0000] {ingest_api_data.py:95} INFO - Fazendo requisição para a API com idahoy = 1824657
[2024-08-04T23:11:42.932+0000] {ingest_api_data.py:114} INFO - Requisição bem-sucedida
[2024-08-04T23:11:42.937+0000] {ingest_api_data.py:122} INFO - Número de registros recebidos: 1000
[2024-08-04T23:11:43.108+0000] {ingest_api_data.py:131} INFO - Atualizando last_idahoy para: 1825657
[2024-08-04T23:11:43.108+0000] {ingest_api_data.py:95} INFO - Fazendo requisição para a API com idahoy = 1825657
[2024-08-04T23:11:43.563+0000] {ingest_api_data.py:114} INFO - Requisição bem-sucedida
[2024-08-04T23:11:43.567+0000] {ingest_api_data.py:122} INFO - Número de registros recebidos: 1000
[2024-08-04T23:11:43.733+0000] {ingest_api_data.py:131} INFO - Atualizando last_idahoy para: 1826657
[2024-08-04T23:11:43.734+0000] {ingest_api_data.py:95} INFO - Fazendo requisição para a API com idahoy = 1826657
[2024-08-04T23:11:44.157+0000] {ingest_api_data.py:114} INFO - Requisição bem-sucedida
[2024-08-04T23:11:44.162+0000] {ingest_api_data.py:122} INFO - Número de registros recebidos: 1000
[2024-08-04T23:11:44.380+0000] {ingest_api_data.py:131} INFO - Atualizando last_idahoy para: 1827657
[2024-08-04T23:11:44.380+0000] {ingest_api_data.py:95} INFO - Fazendo requisição para a API com idahoy = 1827657
[2024-08-04T23:11:44.778+0000] {ingest_api_data.py:114} INFO - Requisição bem-sucedida
[2024-08-04T23:11:44.783+0000] {ingest_api_data.py:122} INFO - Número de registros recebidos: 1000
[2024-08-04T23:11:44.975+0000] {ingest_api_data.py:131} INFO - Atualizando last_idahoy para: 1828657
[2024-08-04T23:11:44.975+0000] {ingest_api_data.py:95} INFO - Fazendo requisição para a API com idahoy = 1828657
[2024-08-04T23:11:45.136+0000] {ingest_api_data.py:114} INFO - Requisição bem-sucedida
[2024-08-04T23:11:45.137+0000] {ingest_api_data.py:122} INFO - Número de registros recebidos: 88
[2024-08-04T23:11:45.154+0000] {ingest_api_data.py:131} INFO - Atualizando last_idahoy para: 1828745
[2024-08-04T23:11:45.155+0000] {ingest_api_data.py:95} INFO - Fazendo requisição para a API com idahoy = 1828745
[2024-08-04T23:11:45.259+0000] {ingest_api_data.py:108} ERROR - HTTP error occurred: 401 Client Error: Unauthorized for url: https://app.alunos.me/api/ahoy_viewer_ti
[2024-08-04T23:11:45.261+0000] {ingest_api_data.py:136} INFO - Dados inseridos com sucesso e conexão com o banco de dados fechada.
[2024-08-04T23:11:45.262+0000] {python.py:237} INFO - Done. Returned value was: None
[2024-08-04T23:11:45.263+0000] {taskinstance.py:441} INFO - ::group::Post task execution logs
[2024-08-04T23:11:45.272+0000] {taskinstance.py:1206} INFO - Marking task as SUCCESS. dag_id=ingest_api_data, task_id=ingest_data, run_id=scheduled__2024-08-04T23:00:00+00:00, execution_date=20240804T230000, start_date=20240804T231132, end_date=20240804T231145
[2024-08-04T23:11:45.296+0000] {local_task_job_runner.py:243} INFO - Task exited with return code 0
[2024-08-04T23:11:45.316+0000] {taskinstance.py:3503} INFO - 1 downstream tasks scheduled from follow-on schedule check
[2024-08-04T23:11:45.318+0000] {local_task_job_runner.py:222} INFO - ::endgroup::
