[2024-08-04T23:31:35.016+0000] {local_task_job_runner.py:120} INFO - ::group::Pre task execution logs
[2024-08-04T23:31:35.053+0000] {taskinstance.py:2076} INFO - Dependencies all met for dep_context=non-requeueable deps ti=<TaskInstance: ingest_api_data.ingest_data scheduled__2024-08-04T23:20:00+00:00 [queued]>
[2024-08-04T23:31:35.063+0000] {taskinstance.py:2076} INFO - Dependencies all met for dep_context=requeueable deps ti=<TaskInstance: ingest_api_data.ingest_data scheduled__2024-08-04T23:20:00+00:00 [queued]>
[2024-08-04T23:31:35.064+0000] {taskinstance.py:2306} INFO - Starting attempt 1 of 6
[2024-08-04T23:31:35.078+0000] {taskinstance.py:2330} INFO - Executing <Task(PythonOperator): ingest_data> on 2024-08-04 23:20:00+00:00
[2024-08-04T23:31:35.088+0000] {standard_task_runner.py:90} INFO - Running: ['***', 'tasks', 'run', 'ingest_api_data', 'ingest_data', 'scheduled__2024-08-04T23:20:00+00:00', '--job-id', '115', '--raw', '--subdir', 'DAGS_FOLDER/ingest_api_data.py', '--cfg-path', '/tmp/tmpck1ex8ct']
[2024-08-04T23:31:35.091+0000] {standard_task_runner.py:91} INFO - Job 115: Subtask ingest_data
[2024-08-04T23:31:35.092+0000] {logging_mixin.py:188} WARNING - /home/***/.local/lib/python3.12/site-packages/***/task/task_runner/standard_task_runner.py:62 DeprecationWarning: This process (pid=278) is multi-threaded, use of fork() may lead to deadlocks in the child.
[2024-08-04T23:31:35.093+0000] {standard_task_runner.py:64} INFO - Started process 332 to run task
[2024-08-04T23:31:35.147+0000] {task_command.py:426} INFO - Running <TaskInstance: ingest_api_data.ingest_data scheduled__2024-08-04T23:20:00+00:00 [running]> on host 52830206e1a2
[2024-08-04T23:31:35.255+0000] {taskinstance.py:2648} INFO - Exporting env vars: AIRFLOW_CTX_DAG_EMAIL='MS_sIX2Rm@somosyoung.com.br' AIRFLOW_CTX_DAG_OWNER='***' AIRFLOW_CTX_DAG_ID='ingest_api_data' AIRFLOW_CTX_TASK_ID='ingest_data' AIRFLOW_CTX_EXECUTION_DATE='2024-08-04T23:20:00+00:00' AIRFLOW_CTX_TRY_NUMBER='1' AIRFLOW_CTX_DAG_RUN_ID='scheduled__2024-08-04T23:20:00+00:00'
[2024-08-04T23:31:35.257+0000] {taskinstance.py:430} INFO - ::endgroup::
[2024-08-04T23:31:35.273+0000] {base.py:84} INFO - Using connection ID 'postgres' for task execution.
[2024-08-04T23:31:35.278+0000] {ingest_api_data.py:95} INFO - Fazendo requisição para a API com idahoy = 1811657
[2024-08-04T23:31:35.871+0000] {ingest_api_data.py:114} INFO - Requisição bem-sucedida
[2024-08-04T23:31:35.878+0000] {ingest_api_data.py:122} INFO - Número de registros recebidos: 1000
[2024-08-04T23:31:36.115+0000] {ingest_api_data.py:131} INFO - Atualizando last_idahoy para: 1812657
[2024-08-04T23:31:36.115+0000] {ingest_api_data.py:95} INFO - Fazendo requisição para a API com idahoy = 1812657
[2024-08-04T23:31:36.836+0000] {ingest_api_data.py:114} INFO - Requisição bem-sucedida
[2024-08-04T23:31:36.845+0000] {ingest_api_data.py:122} INFO - Número de registros recebidos: 1000
[2024-08-04T23:31:37.093+0000] {ingest_api_data.py:131} INFO - Atualizando last_idahoy para: 1813657
[2024-08-04T23:31:37.094+0000] {ingest_api_data.py:95} INFO - Fazendo requisição para a API com idahoy = 1813657
[2024-08-04T23:31:37.706+0000] {ingest_api_data.py:114} INFO - Requisição bem-sucedida
[2024-08-04T23:31:37.714+0000] {ingest_api_data.py:122} INFO - Número de registros recebidos: 1000
[2024-08-04T23:31:37.973+0000] {ingest_api_data.py:131} INFO - Atualizando last_idahoy para: 1814657
[2024-08-04T23:31:37.974+0000] {ingest_api_data.py:95} INFO - Fazendo requisição para a API com idahoy = 1814657
[2024-08-04T23:31:38.541+0000] {ingest_api_data.py:114} INFO - Requisição bem-sucedida
[2024-08-04T23:31:38.545+0000] {ingest_api_data.py:122} INFO - Número de registros recebidos: 1000
[2024-08-04T23:31:38.758+0000] {ingest_api_data.py:131} INFO - Atualizando last_idahoy para: 1815657
[2024-08-04T23:31:38.759+0000] {ingest_api_data.py:95} INFO - Fazendo requisição para a API com idahoy = 1815657
[2024-08-04T23:31:39.272+0000] {ingest_api_data.py:114} INFO - Requisição bem-sucedida
[2024-08-04T23:31:39.276+0000] {ingest_api_data.py:122} INFO - Número de registros recebidos: 1000
[2024-08-04T23:31:39.471+0000] {ingest_api_data.py:131} INFO - Atualizando last_idahoy para: 1816657
[2024-08-04T23:31:39.471+0000] {ingest_api_data.py:95} INFO - Fazendo requisição para a API com idahoy = 1816657
[2024-08-04T23:31:40.053+0000] {ingest_api_data.py:114} INFO - Requisição bem-sucedida
[2024-08-04T23:31:40.058+0000] {ingest_api_data.py:122} INFO - Número de registros recebidos: 1000
[2024-08-04T23:31:40.251+0000] {ingest_api_data.py:131} INFO - Atualizando last_idahoy para: 1817657
[2024-08-04T23:31:40.251+0000] {ingest_api_data.py:95} INFO - Fazendo requisição para a API com idahoy = 1817657
[2024-08-04T23:31:40.740+0000] {ingest_api_data.py:114} INFO - Requisição bem-sucedida
[2024-08-04T23:31:40.744+0000] {ingest_api_data.py:122} INFO - Número de registros recebidos: 1000
[2024-08-04T23:31:40.936+0000] {ingest_api_data.py:131} INFO - Atualizando last_idahoy para: 1818657
[2024-08-04T23:31:40.937+0000] {ingest_api_data.py:95} INFO - Fazendo requisição para a API com idahoy = 1818657
[2024-08-04T23:31:41.393+0000] {ingest_api_data.py:114} INFO - Requisição bem-sucedida
[2024-08-04T23:31:41.399+0000] {ingest_api_data.py:122} INFO - Número de registros recebidos: 1000
[2024-08-04T23:31:41.605+0000] {ingest_api_data.py:131} INFO - Atualizando last_idahoy para: 1819657
[2024-08-04T23:31:41.606+0000] {ingest_api_data.py:95} INFO - Fazendo requisição para a API com idahoy = 1819657
[2024-08-04T23:31:42.021+0000] {ingest_api_data.py:114} INFO - Requisição bem-sucedida
[2024-08-04T23:31:42.026+0000] {ingest_api_data.py:122} INFO - Número de registros recebidos: 1000
[2024-08-04T23:31:42.234+0000] {ingest_api_data.py:131} INFO - Atualizando last_idahoy para: 1820657
[2024-08-04T23:31:42.234+0000] {ingest_api_data.py:95} INFO - Fazendo requisição para a API com idahoy = 1820657
[2024-08-04T23:31:42.672+0000] {ingest_api_data.py:114} INFO - Requisição bem-sucedida
[2024-08-04T23:31:42.676+0000] {ingest_api_data.py:122} INFO - Número de registros recebidos: 1000
[2024-08-04T23:31:42.874+0000] {ingest_api_data.py:131} INFO - Atualizando last_idahoy para: 1821657
[2024-08-04T23:31:42.875+0000] {ingest_api_data.py:95} INFO - Fazendo requisição para a API com idahoy = 1821657
[2024-08-04T23:31:43.373+0000] {ingest_api_data.py:114} INFO - Requisição bem-sucedida
[2024-08-04T23:31:43.377+0000] {ingest_api_data.py:122} INFO - Número de registros recebidos: 1000
[2024-08-04T23:31:43.574+0000] {ingest_api_data.py:131} INFO - Atualizando last_idahoy para: 1822657
[2024-08-04T23:31:43.574+0000] {ingest_api_data.py:95} INFO - Fazendo requisição para a API com idahoy = 1822657
[2024-08-04T23:31:44.004+0000] {ingest_api_data.py:114} INFO - Requisição bem-sucedida
[2024-08-04T23:31:44.007+0000] {ingest_api_data.py:122} INFO - Número de registros recebidos: 1000
[2024-08-04T23:31:44.210+0000] {ingest_api_data.py:131} INFO - Atualizando last_idahoy para: 1823657
[2024-08-04T23:31:44.211+0000] {ingest_api_data.py:95} INFO - Fazendo requisição para a API com idahoy = 1823657
[2024-08-04T23:31:44.715+0000] {ingest_api_data.py:114} INFO - Requisição bem-sucedida
[2024-08-04T23:31:44.720+0000] {ingest_api_data.py:122} INFO - Número de registros recebidos: 1000
[2024-08-04T23:31:44.928+0000] {ingest_api_data.py:131} INFO - Atualizando last_idahoy para: 1824657
[2024-08-04T23:31:44.929+0000] {ingest_api_data.py:95} INFO - Fazendo requisição para a API com idahoy = 1824657
[2024-08-04T23:31:45.327+0000] {ingest_api_data.py:114} INFO - Requisição bem-sucedida
[2024-08-04T23:31:45.331+0000] {ingest_api_data.py:122} INFO - Número de registros recebidos: 1000
[2024-08-04T23:31:45.535+0000] {ingest_api_data.py:131} INFO - Atualizando last_idahoy para: 1825657
[2024-08-04T23:31:45.536+0000] {ingest_api_data.py:95} INFO - Fazendo requisição para a API com idahoy = 1825657
[2024-08-04T23:31:46.016+0000] {ingest_api_data.py:114} INFO - Requisição bem-sucedida
[2024-08-04T23:31:46.020+0000] {ingest_api_data.py:122} INFO - Número de registros recebidos: 1000
[2024-08-04T23:31:46.221+0000] {ingest_api_data.py:131} INFO - Atualizando last_idahoy para: 1826657
[2024-08-04T23:31:46.221+0000] {ingest_api_data.py:95} INFO - Fazendo requisição para a API com idahoy = 1826657
[2024-08-04T23:31:46.645+0000] {ingest_api_data.py:114} INFO - Requisição bem-sucedida
[2024-08-04T23:31:46.650+0000] {ingest_api_data.py:122} INFO - Número de registros recebidos: 1000
[2024-08-04T23:31:46.853+0000] {ingest_api_data.py:131} INFO - Atualizando last_idahoy para: 1827657
[2024-08-04T23:31:46.853+0000] {ingest_api_data.py:95} INFO - Fazendo requisição para a API com idahoy = 1827657
[2024-08-04T23:31:47.297+0000] {ingest_api_data.py:114} INFO - Requisição bem-sucedida
[2024-08-04T23:31:47.301+0000] {ingest_api_data.py:122} INFO - Número de registros recebidos: 1000
[2024-08-04T23:31:47.511+0000] {ingest_api_data.py:131} INFO - Atualizando last_idahoy para: 1828657
[2024-08-04T23:31:47.511+0000] {ingest_api_data.py:95} INFO - Fazendo requisição para a API com idahoy = 1828657
[2024-08-04T23:31:47.658+0000] {ingest_api_data.py:114} INFO - Requisição bem-sucedida
[2024-08-04T23:31:47.660+0000] {ingest_api_data.py:122} INFO - Número de registros recebidos: 88
[2024-08-04T23:31:47.678+0000] {ingest_api_data.py:131} INFO - Atualizando last_idahoy para: 1828745
[2024-08-04T23:31:47.678+0000] {ingest_api_data.py:95} INFO - Fazendo requisição para a API com idahoy = 1828745
[2024-08-04T23:31:47.779+0000] {ingest_api_data.py:108} ERROR - HTTP error occurred: 401 Client Error: Unauthorized for url: https://app.alunos.me/api/ahoy_viewer_ti
[2024-08-04T23:31:47.781+0000] {ingest_api_data.py:136} INFO - Dados inseridos com sucesso e conexão com o banco de dados fechada.
[2024-08-04T23:31:47.782+0000] {python.py:237} INFO - Done. Returned value was: None
[2024-08-04T23:31:47.782+0000] {taskinstance.py:441} INFO - ::group::Post task execution logs
[2024-08-04T23:31:47.792+0000] {taskinstance.py:1206} INFO - Marking task as SUCCESS. dag_id=ingest_api_data, task_id=ingest_data, run_id=scheduled__2024-08-04T23:20:00+00:00, execution_date=20240804T232000, start_date=20240804T233135, end_date=20240804T233147
[2024-08-04T23:31:47.849+0000] {local_task_job_runner.py:243} INFO - Task exited with return code 0
[2024-08-04T23:31:47.869+0000] {taskinstance.py:3503} INFO - 1 downstream tasks scheduled from follow-on schedule check
[2024-08-04T23:31:47.871+0000] {local_task_job_runner.py:222} INFO - ::endgroup::
